[0.024s] Invoking command in '/home/shh/ssafy_gazeboy/ssafy_ws/build/turtlebot3_gazebo': CMAKE_PREFIX_PATH=/home/shh/ssafy_gazeboy/ssafy_ws/install/turtlebot3_description:/home/shh/ssafy_gazeboy/ssafy_ws/install/velodyne_simulator:/home/shh/ssafy_gazeboy/ssafy_ws/install/velodyne_gazebo_plugins:/home/shh/ssafy_gazeboy/ssafy_ws/install/velodyne_description:/home/shh/ssafy_gazeboy/ssafy_ws/install/turtlebot3:/home/shh/ssafy_gazeboy/ssafy_ws/install/turtlebot3_simulations:/home/shh/ssafy_gazeboy/ssafy_ws/install/turtlebot3_bringup:/home/shh/ssafy_gazeboy/ssafy_ws/install/turtlebot3_node:/home/shh/ssafy_gazeboy/ssafy_ws/install/turtlebot3_navigation2:/home/shh/ssafy_gazeboy/ssafy_ws/install/turtlebot3_fake_node:/home/shh/ssafy_gazeboy/ssafy_ws/install/turtlebot3_msgs:/home/shh/ssafy_gazeboy/ssafy_ws/install/turtlebot3_gazebo:/home/shh/ssafy_gazeboy/ssafy_ws/install/turtlebot3_cartographer:/home/shh/ssafy_gazeboy/ssafy_ws/install/teleop_twist_keyboard:/home/shh/ssafy_gazeboy/ssafy_ws/install/turtlebot3_teleop:/home/shh/ssafy_gazeboy/ssafy_ws/install/turtlebot3_example:/home/shh/ssafy_gazeboy/ssafy_ws/install/250114:/opt/ros/foxy /usr/bin/cmake /home/shh/ssafy_gazeboy/ssafy_ws/src/turtlebot3_simulations/turtlebot3_gazebo -DAMENT_CMAKE_SYMLINK_INSTALL=1 -DCMAKE_INSTALL_PREFIX=/home/shh/ssafy_gazeboy/ssafy_ws/install/turtlebot3_gazebo
[0.109s] -- The C compiler identification is GNU 9.4.0
[0.182s] -- The CXX compiler identification is GNU 9.4.0
[0.189s] -- Check for working C compiler: /usr/bin/cc
[0.297s] -- Check for working C compiler: /usr/bin/cc -- works
[0.299s] -- Detecting C compiler ABI info
[0.399s] -- Detecting C compiler ABI info - done
[0.412s] -- Detecting C compile features
[0.412s] -- Detecting C compile features - done
[0.414s] -- Check for working CXX compiler: /usr/bin/c++
[0.513s] -- Check for working CXX compiler: /usr/bin/c++ -- works
[0.515s] -- Detecting CXX compiler ABI info
[0.630s] -- Detecting CXX compiler ABI info - done
[0.639s] -- Detecting CXX compile features
[0.639s] -- Detecting CXX compile features - done
[0.642s] -- Found ament_cmake: 0.9.12 (/opt/ros/foxy/share/ament_cmake/cmake)
[0.677s] -- Found PythonInterp: /usr/bin/python3 (found suitable version "3.8.10", minimum required is "3") 
[0.677s] -- Using PYTHON_EXECUTABLE: /usr/bin/python3
[0.848s] -- Override CMake install command with custom implementation using symlinks instead of copying resources
[0.898s] -- Found PkgConfig: /usr/bin/pkg-config (found version "0.29.1") 
[0.903s] -- Checking for module 'bullet>=2.82'
[0.944s] --   Found bullet, version 2.88
[1.227s] -- Found ccd: /usr/include (found suitable version "2.0", minimum required is "2.0") 
[1.362s] -- Found fcl: /usr/include (found suitable version "0.5.0", minimum required is "0.3.2") 
[1.498s] -- Found assimp: /usr/include (found version "5.0.0") 
[1.527s] -- Found DART: /usr/include (Required is at least version "6.6") found components: dart 
[1.985s] -- Found Boost: /usr/lib/x86_64-linux-gnu/cmake/Boost-1.71.0/BoostConfig.cmake (found suitable version "1.71.0", minimum required is "1.40.0") found components: thread system filesystem program_options regex iostreams date_time 
[2.011s] -- Found Protobuf: /usr/lib/x86_64-linux-gnu/libprotobuf.so;-lpthread (found version "3.6.1") 
[2.020s] -- Looking for ignition-math6 -- found version 6.15.1
[2.027s] -- Searching for dependencies of ignition-math6
[2.029s] -- Looking for OGRE...
[2.029s] -- OGRE_PREFIX_WATCH changed.
[2.037s] -- Checking for module 'OGRE'
[2.077s] --   Found OGRE, version 1.9.0
[2.187s] -- Found Ogre Ghadamon (1.9.0)
[2.198s] -- Found OGRE: optimized;/usr/lib/x86_64-linux-gnu/libOgreMain.so;debug;/usr/lib/x86_64-linux-gnu/libOgreMain.so
[2.207s] -- Looking for OGRE_Paging...
[2.214s] -- Found OGRE_Paging: optimized;/usr/lib/x86_64-linux-gnu/libOgrePaging.so;debug;/usr/lib/x86_64-linux-gnu/libOgrePaging.so
[2.214s] -- Looking for OGRE_Terrain...
[2.222s] -- Found OGRE_Terrain: optimized;/usr/lib/x86_64-linux-gnu/libOgreTerrain.so;debug;/usr/lib/x86_64-linux-gnu/libOgreTerrain.so
[2.222s] -- Looking for OGRE_Property...
[2.229s] -- Found OGRE_Property: optimized;/usr/lib/x86_64-linux-gnu/libOgreProperty.so;debug;/usr/lib/x86_64-linux-gnu/libOgreProperty.so
[2.230s] -- Looking for OGRE_RTShaderSystem...
[2.237s] -- Found OGRE_RTShaderSystem: optimized;/usr/lib/x86_64-linux-gnu/libOgreRTShaderSystem.so;debug;/usr/lib/x86_64-linux-gnu/libOgreRTShaderSystem.so
[2.237s] -- Looking for OGRE_Volume...
[2.245s] -- Found OGRE_Volume: optimized;/usr/lib/x86_64-linux-gnu/libOgreVolume.so;debug;/usr/lib/x86_64-linux-gnu/libOgreVolume.so
[2.245s] -- Looking for OGRE_Overlay...
[2.257s] -- Found OGRE_Overlay: optimized;/usr/lib/x86_64-linux-gnu/libOgreOverlay.so;debug;/usr/lib/x86_64-linux-gnu/libOgreOverlay.so
[2.423s] -- Looking for ignition-math6 -- found version 6.15.1
[2.426s] -- Looking for ignition-transport8 -- found version 8.3.0
[2.426s] -- Searching for dependencies of ignition-transport8
[2.447s] -- Found Protobuf: /usr/lib/x86_64-linux-gnu/libprotobuf.so;-lpthread (found suitable version "3.6.1", minimum required is "3") 
[2.463s] -- Config-file not installed for ZeroMQ -- checking for pkg-config
[2.468s] -- Checking for module 'libzmq >= 4'
[2.509s] --   Found libzmq , version 4.3.2
[2.616s] -- Found ZeroMQ: TRUE (Required is at least version "4") 
[2.626s] -- Checking for module 'uuid'
[2.682s] --   Found uuid, version 2.34.0
[2.777s] -- Found UUID: TRUE  
[2.780s] -- Looking for ignition-msgs5 -- found version 5.10.0
[2.780s] -- Searching for dependencies of ignition-msgs5
[2.808s] -- Looking for ignition-math6 -- found version 6.15.1
[2.817s] -- Checking for module 'tinyxml2'
[2.862s] --   Found tinyxml2, version 6.2.0
[2.967s] -- Looking for ignition-msgs5 -- found version 5.10.0
[2.971s] -- Looking for ignition-common3 -- found version 3.14.2
[2.971s] -- Searching for dependencies of ignition-common3
[2.972s] -- Looking for dlfcn.h - found
[2.973s] -- Looking for libdl - found
[2.974s] -- Found DL: TRUE  
[2.985s] -- Searching for <ignition-common3> component [graphics]
[2.987s] -- Looking for ignition-common3-graphics -- found version 3.14.2
[2.987s] -- Searching for dependencies of ignition-common3-graphics
[2.988s] -- Looking for ignition-math6 -- found version 6.15.1
[2.991s] -- Looking for ignition-fuel_tools4 -- found version 4.6.0
[2.991s] -- Searching for dependencies of ignition-fuel_tools4
[3.194s] -- Found CURL: /usr/lib/x86_64-linux-gnu/libcurl.so (found version "7.68.0")  
[3.206s] -- Checking for module 'jsoncpp'
[3.246s] --   Found jsoncpp, version 1.7.4
[3.340s] -- Found JSONCPP: TRUE  
[3.348s] -- Checking for module 'libzip'
[3.388s] --   Found libzip, version 1.5.1
[3.504s] -- Found ZIP: TRUE  
[3.505s] -- Looking for ignition-common3 -- found version 3.14.2
[3.506s] -- Looking for ignition-math6 -- found version 6.15.1
[3.506s] -- Looking for ignition-msgs5 -- found version 5.10.0
[3.514s] -- Found gazebo_ros_pkgs: 3.5.3 (/opt/ros/foxy/share/gazebo_ros_pkgs/cmake)
[3.515s] -- Found geometry_msgs: 2.0.5 (/opt/ros/foxy/share/geometry_msgs/cmake)
[3.543s] -- Using all available rosidl_typesupport_c: rosidl_typesupport_fastrtps_c;rosidl_typesupport_introspection_c
[3.551s] -- Found rosidl_adapter: 1.3.1 (/opt/ros/foxy/share/rosidl_adapter/cmake)
[3.745s] -- Found OpenSSL: /usr/lib/x86_64-linux-gnu/libcrypto.so (found version "1.1.1f")  
[3.775s] -- Found FastRTPS: /opt/ros/foxy/include  
[3.861s] -- Using all available rosidl_typesupport_cpp: rosidl_typesupport_fastrtps_cpp;rosidl_typesupport_introspection_cpp
[3.934s] -- Found nav_msgs: 2.0.5 (/opt/ros/foxy/share/nav_msgs/cmake)
[3.996s] -- Found rclcpp: 2.4.3 (/opt/ros/foxy/share/rclcpp/cmake)
[4.038s] -- Found rmw_implementation_cmake: 1.0.4 (/opt/ros/foxy/share/rmw_implementation_cmake/cmake)
[4.039s] -- Using RMW implementation 'rmw_fastrtps_cpp' as default
[4.041s] -- Found Threads: TRUE  
[4.169s] -- Found sensor_msgs: 2.0.5 (/opt/ros/foxy/share/sensor_msgs/cmake)
[4.231s] -- Found tf2: 0.13.14 (/opt/ros/foxy/share/tf2/cmake)
[4.316s] -- Configuring done
[4.356s] -- Generating done
[4.359s] -- Build files have been written to: /home/shh/ssafy_gazeboy/ssafy_ws/build/turtlebot3_gazebo
[4.370s] Invoked command in '/home/shh/ssafy_gazeboy/ssafy_ws/build/turtlebot3_gazebo' returned '0': CMAKE_PREFIX_PATH=/home/shh/ssafy_gazeboy/ssafy_ws/install/turtlebot3_description:/home/shh/ssafy_gazeboy/ssafy_ws/install/velodyne_simulator:/home/shh/ssafy_gazeboy/ssafy_ws/install/velodyne_gazebo_plugins:/home/shh/ssafy_gazeboy/ssafy_ws/install/velodyne_description:/home/shh/ssafy_gazeboy/ssafy_ws/install/turtlebot3:/home/shh/ssafy_gazeboy/ssafy_ws/install/turtlebot3_simulations:/home/shh/ssafy_gazeboy/ssafy_ws/install/turtlebot3_bringup:/home/shh/ssafy_gazeboy/ssafy_ws/install/turtlebot3_node:/home/shh/ssafy_gazeboy/ssafy_ws/install/turtlebot3_navigation2:/home/shh/ssafy_gazeboy/ssafy_ws/install/turtlebot3_fake_node:/home/shh/ssafy_gazeboy/ssafy_ws/install/turtlebot3_msgs:/home/shh/ssafy_gazeboy/ssafy_ws/install/turtlebot3_gazebo:/home/shh/ssafy_gazeboy/ssafy_ws/install/turtlebot3_cartographer:/home/shh/ssafy_gazeboy/ssafy_ws/install/teleop_twist_keyboard:/home/shh/ssafy_gazeboy/ssafy_ws/install/turtlebot3_teleop:/home/shh/ssafy_gazeboy/ssafy_ws/install/turtlebot3_example:/home/shh/ssafy_gazeboy/ssafy_ws/install/250114:/opt/ros/foxy /usr/bin/cmake /home/shh/ssafy_gazeboy/ssafy_ws/src/turtlebot3_simulations/turtlebot3_gazebo -DAMENT_CMAKE_SYMLINK_INSTALL=1 -DCMAKE_INSTALL_PREFIX=/home/shh/ssafy_gazeboy/ssafy_ws/install/turtlebot3_gazebo
[4.377s] Invoking command in '/home/shh/ssafy_gazeboy/ssafy_ws/build/turtlebot3_gazebo': CMAKE_PREFIX_PATH=/home/shh/ssafy_gazeboy/ssafy_ws/install/turtlebot3_description:/home/shh/ssafy_gazeboy/ssafy_ws/install/velodyne_simulator:/home/shh/ssafy_gazeboy/ssafy_ws/install/velodyne_gazebo_plugins:/home/shh/ssafy_gazeboy/ssafy_ws/install/velodyne_description:/home/shh/ssafy_gazeboy/ssafy_ws/install/turtlebot3:/home/shh/ssafy_gazeboy/ssafy_ws/install/turtlebot3_simulations:/home/shh/ssafy_gazeboy/ssafy_ws/install/turtlebot3_bringup:/home/shh/ssafy_gazeboy/ssafy_ws/install/turtlebot3_node:/home/shh/ssafy_gazeboy/ssafy_ws/install/turtlebot3_navigation2:/home/shh/ssafy_gazeboy/ssafy_ws/install/turtlebot3_fake_node:/home/shh/ssafy_gazeboy/ssafy_ws/install/turtlebot3_msgs:/home/shh/ssafy_gazeboy/ssafy_ws/install/turtlebot3_gazebo:/home/shh/ssafy_gazeboy/ssafy_ws/install/turtlebot3_cartographer:/home/shh/ssafy_gazeboy/ssafy_ws/install/teleop_twist_keyboard:/home/shh/ssafy_gazeboy/ssafy_ws/install/turtlebot3_teleop:/home/shh/ssafy_gazeboy/ssafy_ws/install/turtlebot3_example:/home/shh/ssafy_gazeboy/ssafy_ws/install/250114:/opt/ros/foxy /usr/bin/cmake --build /home/shh/ssafy_gazeboy/ssafy_ws/build/turtlebot3_gazebo -- -j16 -l16
[4.447s] [35m[1mScanning dependencies of target turtlebot3_drive[0m
[4.448s] [35m[1mScanning dependencies of target obstacle1[0m
[4.448s] [35m[1mScanning dependencies of target obstacle2[0m
[4.450s] [35m[1mScanning dependencies of target obstacles[0m
[4.508s] [ 12%] [32mBuilding CXX object CMakeFiles/turtlebot3_drive.dir/src/turtlebot3_drive.cpp.o[0m
[4.577s] [ 25%] [32mBuilding CXX object CMakeFiles/obstacle2.dir/models/turtlebot3_dqn_world/obstacle_plugin/obstacle2.cc.o[0m
[4.585s] [ 37%] [32mBuilding CXX object CMakeFiles/obstacles.dir/models/turtlebot3_dqn_world/obstacle_plugin/obstacles.cc.o[0m
[4.587s] [ 50%] [32mBuilding CXX object CMakeFiles/obstacle1.dir/models/turtlebot3_dqn_world/obstacle_plugin/obstacle1.cc.o[0m
[11.096s] [ 62%] [32m[1mLinking CXX executable turtlebot3_drive[0m
[11.521s] [ 62%] Built target turtlebot3_drive
[13.250s] [ 75%] [32m[1mLinking CXX shared library libobstacles.so[0m
[13.414s] [ 87%] [32m[1mLinking CXX shared library libobstacle2.so[0m
[13.416s] [100%] [32m[1mLinking CXX shared library libobstacle1.so[0m
[13.622s] [100%] Built target obstacles
[13.736s] [100%] Built target obstacle2
[13.777s] [100%] Built target obstacle1
[13.799s] Invoked command in '/home/shh/ssafy_gazeboy/ssafy_ws/build/turtlebot3_gazebo' returned '0': CMAKE_PREFIX_PATH=/home/shh/ssafy_gazeboy/ssafy_ws/install/turtlebot3_description:/home/shh/ssafy_gazeboy/ssafy_ws/install/velodyne_simulator:/home/shh/ssafy_gazeboy/ssafy_ws/install/velodyne_gazebo_plugins:/home/shh/ssafy_gazeboy/ssafy_ws/install/velodyne_description:/home/shh/ssafy_gazeboy/ssafy_ws/install/turtlebot3:/home/shh/ssafy_gazeboy/ssafy_ws/install/turtlebot3_simulations:/home/shh/ssafy_gazeboy/ssafy_ws/install/turtlebot3_bringup:/home/shh/ssafy_gazeboy/ssafy_ws/install/turtlebot3_node:/home/shh/ssafy_gazeboy/ssafy_ws/install/turtlebot3_navigation2:/home/shh/ssafy_gazeboy/ssafy_ws/install/turtlebot3_fake_node:/home/shh/ssafy_gazeboy/ssafy_ws/install/turtlebot3_msgs:/home/shh/ssafy_gazeboy/ssafy_ws/install/turtlebot3_gazebo:/home/shh/ssafy_gazeboy/ssafy_ws/install/turtlebot3_cartographer:/home/shh/ssafy_gazeboy/ssafy_ws/install/teleop_twist_keyboard:/home/shh/ssafy_gazeboy/ssafy_ws/install/turtlebot3_teleop:/home/shh/ssafy_gazeboy/ssafy_ws/install/turtlebot3_example:/home/shh/ssafy_gazeboy/ssafy_ws/install/250114:/opt/ros/foxy /usr/bin/cmake --build /home/shh/ssafy_gazeboy/ssafy_ws/build/turtlebot3_gazebo -- -j16 -l16
[13.884s] Invoking command in '/home/shh/ssafy_gazeboy/ssafy_ws/build/turtlebot3_gazebo': CMAKE_PREFIX_PATH=/home/shh/ssafy_gazeboy/ssafy_ws/install/turtlebot3_description:/home/shh/ssafy_gazeboy/ssafy_ws/install/velodyne_simulator:/home/shh/ssafy_gazeboy/ssafy_ws/install/velodyne_gazebo_plugins:/home/shh/ssafy_gazeboy/ssafy_ws/install/velodyne_description:/home/shh/ssafy_gazeboy/ssafy_ws/install/turtlebot3:/home/shh/ssafy_gazeboy/ssafy_ws/install/turtlebot3_simulations:/home/shh/ssafy_gazeboy/ssafy_ws/install/turtlebot3_bringup:/home/shh/ssafy_gazeboy/ssafy_ws/install/turtlebot3_node:/home/shh/ssafy_gazeboy/ssafy_ws/install/turtlebot3_navigation2:/home/shh/ssafy_gazeboy/ssafy_ws/install/turtlebot3_fake_node:/home/shh/ssafy_gazeboy/ssafy_ws/install/turtlebot3_msgs:/home/shh/ssafy_gazeboy/ssafy_ws/install/turtlebot3_gazebo:/home/shh/ssafy_gazeboy/ssafy_ws/install/turtlebot3_cartographer:/home/shh/ssafy_gazeboy/ssafy_ws/install/teleop_twist_keyboard:/home/shh/ssafy_gazeboy/ssafy_ws/install/turtlebot3_teleop:/home/shh/ssafy_gazeboy/ssafy_ws/install/turtlebot3_example:/home/shh/ssafy_gazeboy/ssafy_ws/install/250114:/opt/ros/foxy /usr/bin/cmake --install /home/shh/ssafy_gazeboy/ssafy_ws/build/turtlebot3_gazebo
[13.898s] -- Install configuration: ""
[13.898s] -- Execute custom install script
[13.899s] -- Symlinking: /home/shh/ssafy_gazeboy/ssafy_ws/install/turtlebot3_gazebo/lib/turtlebot3_gazebo/turtlebot3_drive
[13.915s] -- Symlinking: /home/shh/ssafy_gazeboy/ssafy_ws/install/turtlebot3_gazebo/share/turtlebot3_gazebo//launch/multi_turtlebot3_velodyne_world.launch.py
[13.932s] -- Symlinking: /home/shh/ssafy_gazeboy/ssafy_ws/install/turtlebot3_gazebo/share/turtlebot3_gazebo//launch/multi_turtlebot3_world.launch.py
[13.946s] -- Symlinking: /home/shh/ssafy_gazeboy/ssafy_ws/install/turtlebot3_gazebo/share/turtlebot3_gazebo//launch/robot_state_publisher.launch.py
[13.958s] -- Symlinking: /home/shh/ssafy_gazeboy/ssafy_ws/install/turtlebot3_gazebo/share/turtlebot3_gazebo//launch/turtlebot3_burger.launch.py
[13.974s] -- Symlinking: /home/shh/ssafy_gazeboy/ssafy_ws/install/turtlebot3_gazebo/share/turtlebot3_gazebo//launch/turtlebot3_velodyne_burger.launch.py
[13.990s] -- Symlinking: /home/shh/ssafy_gazeboy/ssafy_ws/install/turtlebot3_gazebo/share/turtlebot3_gazebo//models/turtlebot3_autorace/course/materials/scripts/course.material
[14.003s] -- Symlinking: /home/shh/ssafy_gazeboy/ssafy_ws/install/turtlebot3_gazebo/share/turtlebot3_gazebo//models/turtlebot3_autorace/course/materials/textures/course.png
[14.016s] -- Symlinking: /home/shh/ssafy_gazeboy/ssafy_ws/install/turtlebot3_gazebo/share/turtlebot3_gazebo//models/turtlebot3_autorace/course/model.config
[14.031s] -- Symlinking: /home/shh/ssafy_gazeboy/ssafy_ws/install/turtlebot3_gazebo/share/turtlebot3_gazebo//models/turtlebot3_autorace/course/model.sdf
[14.046s] -- Symlinking: /home/shh/ssafy_gazeboy/ssafy_ws/install/turtlebot3_gazebo/share/turtlebot3_gazebo//models/turtlebot3_autorace/ground/model.config
[14.067s] -- Symlinking: /home/shh/ssafy_gazeboy/ssafy_ws/install/turtlebot3_gazebo/share/turtlebot3_gazebo//models/turtlebot3_autorace/ground/model.sdf
[14.083s] -- Symlinking: /home/shh/ssafy_gazeboy/ssafy_ws/install/turtlebot3_gazebo/share/turtlebot3_gazebo//models/turtlebot3_autorace/lights/model.config
[14.102s] -- Symlinking: /home/shh/ssafy_gazeboy/ssafy_ws/install/turtlebot3_gazebo/share/turtlebot3_gazebo//models/turtlebot3_autorace/lights/model.sdf
[14.121s] -- Symlinking: /home/shh/ssafy_gazeboy/ssafy_ws/install/turtlebot3_gazebo/share/turtlebot3_gazebo//models/turtlebot3_autorace/model.config
[14.136s] -- Symlinking: /home/shh/ssafy_gazeboy/ssafy_ws/install/turtlebot3_gazebo/share/turtlebot3_gazebo//models/turtlebot3_autorace/traffic_bar_down/materials/scripts/traffic_bar.material
[14.151s] -- Symlinking: /home/shh/ssafy_gazeboy/ssafy_ws/install/turtlebot3_gazebo/share/turtlebot3_gazebo//models/turtlebot3_autorace/traffic_bar_down/materials/textures/traffic_bar.png
[14.161s] -- Symlinking: /home/shh/ssafy_gazeboy/ssafy_ws/install/turtlebot3_gazebo/share/turtlebot3_gazebo//models/turtlebot3_autorace/traffic_bar_down/model.config
[14.170s] -- Symlinking: /home/shh/ssafy_gazeboy/ssafy_ws/install/turtlebot3_gazebo/share/turtlebot3_gazebo//models/turtlebot3_autorace/traffic_bar_down/model.sdf
[14.191s] -- Symlinking: /home/shh/ssafy_gazeboy/ssafy_ws/install/turtlebot3_gazebo/share/turtlebot3_gazebo//models/turtlebot3_autorace/traffic_bar_up/materials/scripts/traffic_bar.material
[14.207s] -- Symlinking: /home/shh/ssafy_gazeboy/ssafy_ws/install/turtlebot3_gazebo/share/turtlebot3_gazebo//models/turtlebot3_autorace/traffic_bar_up/materials/textures/traffic_bar.png
[14.224s] -- Symlinking: /home/shh/ssafy_gazeboy/ssafy_ws/install/turtlebot3_gazebo/share/turtlebot3_gazebo//models/turtlebot3_autorace/traffic_bar_up/model.config
[14.239s] -- Symlinking: /home/shh/ssafy_gazeboy/ssafy_ws/install/turtlebot3_gazebo/share/turtlebot3_gazebo//models/turtlebot3_autorace/traffic_bar_up/model.sdf
[14.249s] -- Symlinking: /home/shh/ssafy_gazeboy/ssafy_ws/install/turtlebot3_gazebo/share/turtlebot3_gazebo//models/turtlebot3_autorace/traffic_light_green/model.config
[14.259s] -- Symlinking: /home/shh/ssafy_gazeboy/ssafy_ws/install/turtlebot3_gazebo/share/turtlebot3_gazebo//models/turtlebot3_autorace/traffic_light_green/model.sdf
[14.275s] -- Symlinking: /home/shh/ssafy_gazeboy/ssafy_ws/install/turtlebot3_gazebo/share/turtlebot3_gazebo//models/turtlebot3_autorace/traffic_light_red/model.config
[14.292s] -- Symlinking: /home/shh/ssafy_gazeboy/ssafy_ws/install/turtlebot3_gazebo/share/turtlebot3_gazebo//models/turtlebot3_autorace/traffic_light_red/model.sdf
[14.303s] -- Symlinking: /home/shh/ssafy_gazeboy/ssafy_ws/install/turtlebot3_gazebo/share/turtlebot3_gazebo//models/turtlebot3_autorace/traffic_light_yellow/model.config
[14.318s] -- Symlinking: /home/shh/ssafy_gazeboy/ssafy_ws/install/turtlebot3_gazebo/share/turtlebot3_gazebo//models/turtlebot3_autorace/traffic_light_yellow/model.sdf
[14.335s] -- Symlinking: /home/shh/ssafy_gazeboy/ssafy_ws/install/turtlebot3_gazebo/share/turtlebot3_gazebo//models/turtlebot3_autorace/traffic_parking/materials/scripts/traffic_parking.material
[14.352s] -- Symlinking: /home/shh/ssafy_gazeboy/ssafy_ws/install/turtlebot3_gazebo/share/turtlebot3_gazebo//models/turtlebot3_autorace/traffic_parking/materials/textures/traffic_parking.png
[14.362s] -- Symlinking: /home/shh/ssafy_gazeboy/ssafy_ws/install/turtlebot3_gazebo/share/turtlebot3_gazebo//models/turtlebot3_autorace/traffic_parking/model.config
[14.379s] -- Symlinking: /home/shh/ssafy_gazeboy/ssafy_ws/install/turtlebot3_gazebo/share/turtlebot3_gazebo//models/turtlebot3_autorace/traffic_parking/model.sdf
[14.399s] -- Symlinking: /home/shh/ssafy_gazeboy/ssafy_ws/install/turtlebot3_gazebo/share/turtlebot3_gazebo//models/turtlebot3_autorace/traffic_stop/materials/scripts/traffic_stop.material
[14.419s] -- Symlinking: /home/shh/ssafy_gazeboy/ssafy_ws/install/turtlebot3_gazebo/share/turtlebot3_gazebo//models/turtlebot3_autorace/traffic_stop/materials/textures/traffic_stop.png
[14.437s] -- Symlinking: /home/shh/ssafy_gazeboy/ssafy_ws/install/turtlebot3_gazebo/share/turtlebot3_gazebo//models/turtlebot3_autorace/traffic_stop/model.config
[14.456s] -- Symlinking: /home/shh/ssafy_gazeboy/ssafy_ws/install/turtlebot3_gazebo/share/turtlebot3_gazebo//models/turtlebot3_autorace/traffic_stop/model.sdf
[14.471s] -- Symlinking: /home/shh/ssafy_gazeboy/ssafy_ws/install/turtlebot3_gazebo/share/turtlebot3_gazebo//models/turtlebot3_autorace/traffic_tunnel/materials/scripts/tunnel.material
[14.487s] -- Symlinking: /home/shh/ssafy_gazeboy/ssafy_ws/install/turtlebot3_gazebo/share/turtlebot3_gazebo//models/turtlebot3_autorace/traffic_tunnel/materials/textures/tunnel.png
[14.503s] -- Symlinking: /home/shh/ssafy_gazeboy/ssafy_ws/install/turtlebot3_gazebo/share/turtlebot3_gazebo//models/turtlebot3_autorace/traffic_tunnel/model.config
[14.519s] -- Symlinking: /home/shh/ssafy_gazeboy/ssafy_ws/install/turtlebot3_gazebo/share/turtlebot3_gazebo//models/turtlebot3_autorace/traffic_tunnel/model.sdf
[14.534s] -- Symlinking: /home/shh/ssafy_gazeboy/ssafy_ws/install/turtlebot3_gazebo/share/turtlebot3_gazebo//models/turtlebot3_autorace/tunnel_obstacles/model.config
[14.551s] -- Symlinking: /home/shh/ssafy_gazeboy/ssafy_ws/install/turtlebot3_gazebo/share/turtlebot3_gazebo//models/turtlebot3_autorace/tunnel_obstacles/model.sdf
[14.563s] -- Symlinking: /home/shh/ssafy_gazeboy/ssafy_ws/install/turtlebot3_gazebo/share/turtlebot3_gazebo//models/turtlebot3_autorace/tunnel_wall/model.config
[14.573s] -- Symlinking: /home/shh/ssafy_gazeboy/ssafy_ws/install/turtlebot3_gazebo/share/turtlebot3_gazebo//models/turtlebot3_autorace/tunnel_wall/model.sdf
[14.584s] -- Symlinking: /home/shh/ssafy_gazeboy/ssafy_ws/install/turtlebot3_gazebo/share/turtlebot3_gazebo//models/turtlebot3_burger/meshes/burger_base.stl
[14.594s] -- Symlinking: /home/shh/ssafy_gazeboy/ssafy_ws/install/turtlebot3_gazebo/share/turtlebot3_gazebo//models/turtlebot3_burger/meshes/lds.stl
[14.604s] -- Symlinking: /home/shh/ssafy_gazeboy/ssafy_ws/install/turtlebot3_gazebo/share/turtlebot3_gazebo//models/turtlebot3_burger/meshes/left_tire.stl
[14.619s] -- Symlinking: /home/shh/ssafy_gazeboy/ssafy_ws/install/turtlebot3_gazebo/share/turtlebot3_gazebo//models/turtlebot3_burger/meshes/right_tire.stl
[14.634s] -- Symlinking: /home/shh/ssafy_gazeboy/ssafy_ws/install/turtlebot3_gazebo/share/turtlebot3_gazebo//models/turtlebot3_burger/meshes_dae/burger_base.dae
[14.644s] -- Symlinking: /home/shh/ssafy_gazeboy/ssafy_ws/install/turtlebot3_gazebo/share/turtlebot3_gazebo//models/turtlebot3_burger/meshes_dae/lds.dae
[14.659s] -- Symlinking: /home/shh/ssafy_gazeboy/ssafy_ws/install/turtlebot3_gazebo/share/turtlebot3_gazebo//models/turtlebot3_burger/meshes_dae/left_tire.dae
[14.675s] -- Symlinking: /home/shh/ssafy_gazeboy/ssafy_ws/install/turtlebot3_gazebo/share/turtlebot3_gazebo//models/turtlebot3_burger/meshes_dae/right_tire.dae
[14.684s] -- Symlinking: /home/shh/ssafy_gazeboy/ssafy_ws/install/turtlebot3_gazebo/share/turtlebot3_gazebo//models/turtlebot3_burger/model-1_4.sdf
[14.700s] -- Symlinking: /home/shh/ssafy_gazeboy/ssafy_ws/install/turtlebot3_gazebo/share/turtlebot3_gazebo//models/turtlebot3_burger/model.config
[14.714s] -- Symlinking: /home/shh/ssafy_gazeboy/ssafy_ws/install/turtlebot3_gazebo/share/turtlebot3_gazebo//models/turtlebot3_burger/model.sdf
[14.728s] -- Symlinking: /home/shh/ssafy_gazeboy/ssafy_ws/install/turtlebot3_gazebo/share/turtlebot3_gazebo//models/turtlebot3_burger_0/meshes/burger_base.stl
[14.743s] -- Symlinking: /home/shh/ssafy_gazeboy/ssafy_ws/install/turtlebot3_gazebo/share/turtlebot3_gazebo//models/turtlebot3_burger_0/meshes/lds.stl
[14.758s] -- Symlinking: /home/shh/ssafy_gazeboy/ssafy_ws/install/turtlebot3_gazebo/share/turtlebot3_gazebo//models/turtlebot3_burger_0/meshes/left_tire.stl
[14.775s] -- Symlinking: /home/shh/ssafy_gazeboy/ssafy_ws/install/turtlebot3_gazebo/share/turtlebot3_gazebo//models/turtlebot3_burger_0/meshes/right_tire.stl
[14.792s] -- Symlinking: /home/shh/ssafy_gazeboy/ssafy_ws/install/turtlebot3_gazebo/share/turtlebot3_gazebo//models/turtlebot3_burger_0/meshes_dae/burger_base.dae
[14.802s] -- Symlinking: /home/shh/ssafy_gazeboy/ssafy_ws/install/turtlebot3_gazebo/share/turtlebot3_gazebo//models/turtlebot3_burger_0/meshes_dae/lds.dae
[14.818s] -- Symlinking: /home/shh/ssafy_gazeboy/ssafy_ws/install/turtlebot3_gazebo/share/turtlebot3_gazebo//models/turtlebot3_burger_0/meshes_dae/left_tire.dae
[14.835s] -- Symlinking: /home/shh/ssafy_gazeboy/ssafy_ws/install/turtlebot3_gazebo/share/turtlebot3_gazebo//models/turtlebot3_burger_0/meshes_dae/right_tire.dae
[14.847s] -- Symlinking: /home/shh/ssafy_gazeboy/ssafy_ws/install/turtlebot3_gazebo/share/turtlebot3_gazebo//models/turtlebot3_burger_0/model-1_4.sdf
[14.863s] -- Symlinking: /home/shh/ssafy_gazeboy/ssafy_ws/install/turtlebot3_gazebo/share/turtlebot3_gazebo//models/turtlebot3_burger_0/model.config
[14.873s] -- Symlinking: /home/shh/ssafy_gazeboy/ssafy_ws/install/turtlebot3_gazebo/share/turtlebot3_gazebo//models/turtlebot3_burger_0/model.sdf
[14.884s] -- Symlinking: /home/shh/ssafy_gazeboy/ssafy_ws/install/turtlebot3_gazebo/share/turtlebot3_gazebo//models/turtlebot3_burger_1/meshes/burger_base.stl
[14.894s] -- Symlinking: /home/shh/ssafy_gazeboy/ssafy_ws/install/turtlebot3_gazebo/share/turtlebot3_gazebo//models/turtlebot3_burger_1/meshes/lds.stl
[14.907s] -- Symlinking: /home/shh/ssafy_gazeboy/ssafy_ws/install/turtlebot3_gazebo/share/turtlebot3_gazebo//models/turtlebot3_burger_1/meshes/left_tire.stl
[14.921s] -- Symlinking: /home/shh/ssafy_gazeboy/ssafy_ws/install/turtlebot3_gazebo/share/turtlebot3_gazebo//models/turtlebot3_burger_1/meshes/right_tire.stl
[14.932s] -- Symlinking: /home/shh/ssafy_gazeboy/ssafy_ws/install/turtlebot3_gazebo/share/turtlebot3_gazebo//models/turtlebot3_burger_1/meshes_dae/burger_base.dae
[14.948s] -- Symlinking: /home/shh/ssafy_gazeboy/ssafy_ws/install/turtlebot3_gazebo/share/turtlebot3_gazebo//models/turtlebot3_burger_1/meshes_dae/lds.dae
[14.958s] -- Symlinking: /home/shh/ssafy_gazeboy/ssafy_ws/install/turtlebot3_gazebo/share/turtlebot3_gazebo//models/turtlebot3_burger_1/meshes_dae/left_tire.dae
[14.968s] -- Symlinking: /home/shh/ssafy_gazeboy/ssafy_ws/install/turtlebot3_gazebo/share/turtlebot3_gazebo//models/turtlebot3_burger_1/meshes_dae/right_tire.dae
[14.978s] -- Symlinking: /home/shh/ssafy_gazeboy/ssafy_ws/install/turtlebot3_gazebo/share/turtlebot3_gazebo//models/turtlebot3_burger_1/model.config
[14.999s] -- Symlinking: /home/shh/ssafy_gazeboy/ssafy_ws/install/turtlebot3_gazebo/share/turtlebot3_gazebo//models/turtlebot3_burger_1/model.sdf
[15.009s] -- Symlinking: /home/shh/ssafy_gazeboy/ssafy_ws/install/turtlebot3_gazebo/share/turtlebot3_gazebo//models/turtlebot3_burger_velodyne/meshes/burger_base.stl
[15.020s] -- Symlinking: /home/shh/ssafy_gazeboy/ssafy_ws/install/turtlebot3_gazebo/share/turtlebot3_gazebo//models/turtlebot3_burger_velodyne/meshes/lds.stl
[15.030s] -- Symlinking: /home/shh/ssafy_gazeboy/ssafy_ws/install/turtlebot3_gazebo/share/turtlebot3_gazebo//models/turtlebot3_burger_velodyne/meshes/left_tire.stl
[15.040s] -- Symlinking: /home/shh/ssafy_gazeboy/ssafy_ws/install/turtlebot3_gazebo/share/turtlebot3_gazebo//models/turtlebot3_burger_velodyne/meshes/right_tire.stl
[15.051s] -- Symlinking: /home/shh/ssafy_gazeboy/ssafy_ws/install/turtlebot3_gazebo/share/turtlebot3_gazebo//models/turtlebot3_burger_velodyne/meshes_dae/burger_base.dae
[15.067s] -- Symlinking: /home/shh/ssafy_gazeboy/ssafy_ws/install/turtlebot3_gazebo/share/turtlebot3_gazebo//models/turtlebot3_burger_velodyne/meshes_dae/lds.dae
[15.077s] -- Symlinking: /home/shh/ssafy_gazeboy/ssafy_ws/install/turtlebot3_gazebo/share/turtlebot3_gazebo//models/turtlebot3_burger_velodyne/meshes_dae/left_tire.dae
[15.087s] -- Symlinking: /home/shh/ssafy_gazeboy/ssafy_ws/install/turtlebot3_gazebo/share/turtlebot3_gazebo//models/turtlebot3_burger_velodyne/meshes_dae/right_tire.dae
[15.108s] -- Symlinking: /home/shh/ssafy_gazeboy/ssafy_ws/install/turtlebot3_gazebo/share/turtlebot3_gazebo//models/turtlebot3_burger_velodyne/model.config
[15.124s] -- Symlinking: /home/shh/ssafy_gazeboy/ssafy_ws/install/turtlebot3_gazebo/share/turtlebot3_gazebo//models/turtlebot3_burger_velodyne/model.sdf
[15.139s] -- Symlinking: /home/shh/ssafy_gazeboy/ssafy_ws/install/turtlebot3_gazebo/share/turtlebot3_gazebo//models/turtlebot3_burger_velodyne_0/meshes/burger_base.stl
[15.160s] -- Symlinking: /home/shh/ssafy_gazeboy/ssafy_ws/install/turtlebot3_gazebo/share/turtlebot3_gazebo//models/turtlebot3_burger_velodyne_0/meshes/lds.stl
[15.176s] -- Symlinking: /home/shh/ssafy_gazeboy/ssafy_ws/install/turtlebot3_gazebo/share/turtlebot3_gazebo//models/turtlebot3_burger_velodyne_0/meshes/left_tire.stl
[15.194s] -- Symlinking: /home/shh/ssafy_gazeboy/ssafy_ws/install/turtlebot3_gazebo/share/turtlebot3_gazebo//models/turtlebot3_burger_velodyne_0/meshes/right_tire.stl
[15.223s] -- Symlinking: /home/shh/ssafy_gazeboy/ssafy_ws/install/turtlebot3_gazebo/share/turtlebot3_gazebo//models/turtlebot3_burger_velodyne_0/meshes_dae/burger_base.dae
[15.229s] -- Symlinking: /home/shh/ssafy_gazeboy/ssafy_ws/install/turtlebot3_gazebo/share/turtlebot3_gazebo//models/turtlebot3_burger_velodyne_0/meshes_dae/lds.dae
[15.244s] -- Symlinking: /home/shh/ssafy_gazeboy/ssafy_ws/install/turtlebot3_gazebo/share/turtlebot3_gazebo//models/turtlebot3_burger_velodyne_0/meshes_dae/left_tire.dae
[15.253s] -- Symlinking: /home/shh/ssafy_gazeboy/ssafy_ws/install/turtlebot3_gazebo/share/turtlebot3_gazebo//models/turtlebot3_burger_velodyne_0/meshes_dae/right_tire.dae
[15.263s] -- Symlinking: /home/shh/ssafy_gazeboy/ssafy_ws/install/turtlebot3_gazebo/share/turtlebot3_gazebo//models/turtlebot3_burger_velodyne_0/model.config
[15.273s] -- Symlinking: /home/shh/ssafy_gazeboy/ssafy_ws/install/turtlebot3_gazebo/share/turtlebot3_gazebo//models/turtlebot3_burger_velodyne_0/model.sdf
[15.292s] -- Symlinking: /home/shh/ssafy_gazeboy/ssafy_ws/install/turtlebot3_gazebo/share/turtlebot3_gazebo//models/turtlebot3_burger_velodyne_1/meshes/burger_base.stl
[15.313s] -- Symlinking: /home/shh/ssafy_gazeboy/ssafy_ws/install/turtlebot3_gazebo/share/turtlebot3_gazebo//models/turtlebot3_burger_velodyne_1/meshes/lds.stl
[15.334s] -- Symlinking: /home/shh/ssafy_gazeboy/ssafy_ws/install/turtlebot3_gazebo/share/turtlebot3_gazebo//models/turtlebot3_burger_velodyne_1/meshes/left_tire.stl
[15.345s] -- Symlinking: /home/shh/ssafy_gazeboy/ssafy_ws/install/turtlebot3_gazebo/share/turtlebot3_gazebo//models/turtlebot3_burger_velodyne_1/meshes/right_tire.stl
[15.354s] -- Symlinking: /home/shh/ssafy_gazeboy/ssafy_ws/install/turtlebot3_gazebo/share/turtlebot3_gazebo//models/turtlebot3_burger_velodyne_1/meshes_dae/burger_base.dae
[15.368s] -- Symlinking: /home/shh/ssafy_gazeboy/ssafy_ws/install/turtlebot3_gazebo/share/turtlebot3_gazebo//models/turtlebot3_burger_velodyne_1/meshes_dae/lds.dae
[15.388s] -- Symlinking: /home/shh/ssafy_gazeboy/ssafy_ws/install/turtlebot3_gazebo/share/turtlebot3_gazebo//models/turtlebot3_burger_velodyne_1/meshes_dae/left_tire.dae
[15.405s] -- Symlinking: /home/shh/ssafy_gazeboy/ssafy_ws/install/turtlebot3_gazebo/share/turtlebot3_gazebo//models/turtlebot3_burger_velodyne_1/meshes_dae/right_tire.dae
[15.419s] -- Symlinking: /home/shh/ssafy_gazeboy/ssafy_ws/install/turtlebot3_gazebo/share/turtlebot3_gazebo//models/turtlebot3_burger_velodyne_1/model.config
[15.435s] -- Symlinking: /home/shh/ssafy_gazeboy/ssafy_ws/install/turtlebot3_gazebo/share/turtlebot3_gazebo//models/turtlebot3_burger_velodyne_1/model.sdf
[15.445s] -- Symlinking: /home/shh/ssafy_gazeboy/ssafy_ws/install/turtlebot3_gazebo/share/turtlebot3_gazebo//models/turtlebot3_dqn_world/goal_box/model.config
[15.457s] -- Symlinking: /home/shh/ssafy_gazeboy/ssafy_ws/install/turtlebot3_gazebo/share/turtlebot3_gazebo//models/turtlebot3_dqn_world/goal_box/model.sdf
[15.471s] -- Symlinking: /home/shh/ssafy_gazeboy/ssafy_ws/install/turtlebot3_gazebo/share/turtlebot3_gazebo//models/turtlebot3_dqn_world/inner_walls/model.config
[15.487s] -- Symlinking: /home/shh/ssafy_gazeboy/ssafy_ws/install/turtlebot3_gazebo/share/turtlebot3_gazebo//models/turtlebot3_dqn_world/inner_walls/model.sdf
[15.497s] -- Symlinking: /home/shh/ssafy_gazeboy/ssafy_ws/install/turtlebot3_gazebo/share/turtlebot3_gazebo//models/turtlebot3_dqn_world/model.config
[15.513s] -- Symlinking: /home/shh/ssafy_gazeboy/ssafy_ws/install/turtlebot3_gazebo/share/turtlebot3_gazebo//models/turtlebot3_dqn_world/model.sdf
[15.525s] -- Symlinking: /home/shh/ssafy_gazeboy/ssafy_ws/install/turtlebot3_gazebo/share/turtlebot3_gazebo//models/turtlebot3_dqn_world/obstacle1/model.config
[15.535s] -- Symlinking: /home/shh/ssafy_gazeboy/ssafy_ws/install/turtlebot3_gazebo/share/turtlebot3_gazebo//models/turtlebot3_dqn_world/obstacle1/model.sdf
[15.546s] -- Symlinking: /home/shh/ssafy_gazeboy/ssafy_ws/install/turtlebot3_gazebo/share/turtlebot3_gazebo//models/turtlebot3_dqn_world/obstacle2/model.config
[15.555s] -- Symlinking: /home/shh/ssafy_gazeboy/ssafy_ws/install/turtlebot3_gazebo/share/turtlebot3_gazebo//models/turtlebot3_dqn_world/obstacle2/model.sdf
[15.566s] -- Symlinking: /home/shh/ssafy_gazeboy/ssafy_ws/install/turtlebot3_gazebo/share/turtlebot3_gazebo//models/turtlebot3_dqn_world/obstacle_plugin/CMakeLists.txt
[15.576s] -- Symlinking: /home/shh/ssafy_gazeboy/ssafy_ws/install/turtlebot3_gazebo/share/turtlebot3_gazebo//models/turtlebot3_dqn_world/obstacle_plugin/obstacle1.cc
[15.586s] -- Symlinking: /home/shh/ssafy_gazeboy/ssafy_ws/install/turtlebot3_gazebo/share/turtlebot3_gazebo//models/turtlebot3_dqn_world/obstacle_plugin/obstacle2.cc
[15.596s] -- Symlinking: /home/shh/ssafy_gazeboy/ssafy_ws/install/turtlebot3_gazebo/share/turtlebot3_gazebo//models/turtlebot3_dqn_world/obstacle_plugin/obstacles.cc
[15.606s] -- Symlinking: /home/shh/ssafy_gazeboy/ssafy_ws/install/turtlebot3_gazebo/share/turtlebot3_gazebo//models/turtlebot3_dqn_world/obstacles/model.config
[15.616s] -- Symlinking: /home/shh/ssafy_gazeboy/ssafy_ws/install/turtlebot3_gazebo/share/turtlebot3_gazebo//models/turtlebot3_dqn_world/obstacles/model.sdf
[15.626s] -- Symlinking: /home/shh/ssafy_gazeboy/ssafy_ws/install/turtlebot3_gazebo/share/turtlebot3_gazebo//models/turtlebot3_house/model.config
[15.636s] -- Symlinking: /home/shh/ssafy_gazeboy/ssafy_ws/install/turtlebot3_gazebo/share/turtlebot3_gazebo//models/turtlebot3_house/model.sdf
[15.645s] -- Symlinking: /home/shh/ssafy_gazeboy/ssafy_ws/install/turtlebot3_gazebo/share/turtlebot3_gazebo//models/turtlebot3_room/meshes/hexagon.dae
[15.655s] -- Symlinking: /home/shh/ssafy_gazeboy/ssafy_ws/install/turtlebot3_gazebo/share/turtlebot3_gazebo//models/turtlebot3_room/meshes/turtleroom.dae
[15.665s] -- Symlinking: /home/shh/ssafy_gazeboy/ssafy_ws/install/turtlebot3_gazebo/share/turtlebot3_gazebo//models/turtlebot3_room/meshes/wall.dae
[15.675s] -- Symlinking: /home/shh/ssafy_gazeboy/ssafy_ws/install/turtlebot3_gazebo/share/turtlebot3_gazebo//models/turtlebot3_room/model.config
[15.693s] -- Symlinking: /home/shh/ssafy_gazeboy/ssafy_ws/install/turtlebot3_gazebo/share/turtlebot3_gazebo//models/turtlebot3_room/model.sdf
[15.711s] -- Symlinking: /home/shh/ssafy_gazeboy/ssafy_ws/install/turtlebot3_gazebo/share/turtlebot3_gazebo//models/turtlebot3_room/troom.blend
[15.727s] -- Symlinking: /home/shh/ssafy_gazeboy/ssafy_ws/install/turtlebot3_gazebo/share/turtlebot3_gazebo//models/turtlebot3_room/troom.blend1
[15.745s] -- Symlinking: /home/shh/ssafy_gazeboy/ssafy_ws/install/turtlebot3_gazebo/share/turtlebot3_gazebo//models/turtlebot3_waffle/meshes/lds.dae
[15.757s] -- Symlinking: /home/shh/ssafy_gazeboy/ssafy_ws/install/turtlebot3_gazebo/share/turtlebot3_gazebo//models/turtlebot3_waffle/meshes/r200.dae
[15.771s] -- Symlinking: /home/shh/ssafy_gazeboy/ssafy_ws/install/turtlebot3_gazebo/share/turtlebot3_gazebo//models/turtlebot3_waffle/meshes/tire.dae
[15.790s] -- Symlinking: /home/shh/ssafy_gazeboy/ssafy_ws/install/turtlebot3_gazebo/share/turtlebot3_gazebo//models/turtlebot3_waffle/meshes/waffle_base.dae
[15.806s] -- Symlinking: /home/shh/ssafy_gazeboy/ssafy_ws/install/turtlebot3_gazebo/share/turtlebot3_gazebo//models/turtlebot3_waffle/model-1_4.sdf
[15.823s] -- Symlinking: /home/shh/ssafy_gazeboy/ssafy_ws/install/turtlebot3_gazebo/share/turtlebot3_gazebo//models/turtlebot3_waffle/model.config
[15.843s] -- Symlinking: /home/shh/ssafy_gazeboy/ssafy_ws/install/turtlebot3_gazebo/share/turtlebot3_gazebo//models/turtlebot3_waffle/model.sdf
[15.863s] -- Symlinking: /home/shh/ssafy_gazeboy/ssafy_ws/install/turtlebot3_gazebo/share/turtlebot3_gazebo//models/turtlebot3_waffle_pi/meshes/lds.dae
[15.878s] -- Symlinking: /home/shh/ssafy_gazeboy/ssafy_ws/install/turtlebot3_gazebo/share/turtlebot3_gazebo//models/turtlebot3_waffle_pi/meshes/tire.dae
[15.896s] -- Symlinking: /home/shh/ssafy_gazeboy/ssafy_ws/install/turtlebot3_gazebo/share/turtlebot3_gazebo//models/turtlebot3_waffle_pi/meshes/waffle_pi_base.dae
[15.912s] -- Symlinking: /home/shh/ssafy_gazeboy/ssafy_ws/install/turtlebot3_gazebo/share/turtlebot3_gazebo//models/turtlebot3_waffle_pi/model-1_4_.sdf
[15.927s] -- Symlinking: /home/shh/ssafy_gazeboy/ssafy_ws/install/turtlebot3_gazebo/share/turtlebot3_gazebo//models/turtlebot3_waffle_pi/model.config
[15.946s] -- Symlinking: /home/shh/ssafy_gazeboy/ssafy_ws/install/turtlebot3_gazebo/share/turtlebot3_gazebo//models/turtlebot3_waffle_pi/model.sdf
[15.965s] -- Symlinking: /home/shh/ssafy_gazeboy/ssafy_ws/install/turtlebot3_gazebo/share/turtlebot3_gazebo//models/turtlebot3_world/meshes/hexagon.dae
[15.978s] -- Symlinking: /home/shh/ssafy_gazeboy/ssafy_ws/install/turtlebot3_gazebo/share/turtlebot3_gazebo//models/turtlebot3_world/meshes/wall.dae
[15.991s] -- Symlinking: /home/shh/ssafy_gazeboy/ssafy_ws/install/turtlebot3_gazebo/share/turtlebot3_gazebo//models/turtlebot3_world/model-1_4.sdf
[16.008s] -- Symlinking: /home/shh/ssafy_gazeboy/ssafy_ws/install/turtlebot3_gazebo/share/turtlebot3_gazebo//models/turtlebot3_world/model.config
[16.025s] -- Symlinking: /home/shh/ssafy_gazeboy/ssafy_ws/install/turtlebot3_gazebo/share/turtlebot3_gazebo//models/turtlebot3_world/model.sdf
[16.042s] -- Symlinking: /home/shh/ssafy_gazeboy/ssafy_ws/install/turtlebot3_gazebo/share/turtlebot3_gazebo//models/velodyne_description/CHANGELOG.rst
[16.061s] -- Symlinking: /home/shh/ssafy_gazeboy/ssafy_ws/install/turtlebot3_gazebo/share/turtlebot3_gazebo//models/velodyne_description/CMakeLists.txt
[16.078s] -- Symlinking: /home/shh/ssafy_gazeboy/ssafy_ws/install/turtlebot3_gazebo/share/turtlebot3_gazebo//models/velodyne_description/env-hooks/velodyne_description.dsv.in
[16.099s] -- Symlinking: /home/shh/ssafy_gazeboy/ssafy_ws/install/turtlebot3_gazebo/share/turtlebot3_gazebo//models/velodyne_description/launch/example.launch.py
[16.116s] -- Symlinking: /home/shh/ssafy_gazeboy/ssafy_ws/install/turtlebot3_gazebo/share/turtlebot3_gazebo//models/velodyne_description/meshes/HDL32E_base.dae
[16.133s] -- Symlinking: /home/shh/ssafy_gazeboy/ssafy_ws/install/turtlebot3_gazebo/share/turtlebot3_gazebo//models/velodyne_description/meshes/HDL32E_base.stl
[16.152s] -- Symlinking: /home/shh/ssafy_gazeboy/ssafy_ws/install/turtlebot3_gazebo/share/turtlebot3_gazebo//models/velodyne_description/meshes/HDL32E_scan.dae
[16.168s] -- Symlinking: /home/shh/ssafy_gazeboy/ssafy_ws/install/turtlebot3_gazebo/share/turtlebot3_gazebo//models/velodyne_description/meshes/HDL32E_scan.stl
[16.183s] -- Symlinking: /home/shh/ssafy_gazeboy/ssafy_ws/install/turtlebot3_gazebo/share/turtlebot3_gazebo//models/velodyne_description/meshes/VLP16_base_1.dae
[16.199s] -- Symlinking: /home/shh/ssafy_gazeboy/ssafy_ws/install/turtlebot3_gazebo/share/turtlebot3_gazebo//models/velodyne_description/meshes/VLP16_base_1.stl
[16.209s] -- Symlinking: /home/shh/ssafy_gazeboy/ssafy_ws/install/turtlebot3_gazebo/share/turtlebot3_gazebo//models/velodyne_description/meshes/VLP16_base_2.dae
[16.220s] -- Symlinking: /home/shh/ssafy_gazeboy/ssafy_ws/install/turtlebot3_gazebo/share/turtlebot3_gazebo//models/velodyne_description/meshes/VLP16_base_2.stl
[16.235s] -- Symlinking: /home/shh/ssafy_gazeboy/ssafy_ws/install/turtlebot3_gazebo/share/turtlebot3_gazebo//models/velodyne_description/meshes/VLP16_scan.dae
[16.251s] -- Symlinking: /home/shh/ssafy_gazeboy/ssafy_ws/install/turtlebot3_gazebo/share/turtlebot3_gazebo//models/velodyne_description/meshes/VLP16_scan.stl
[16.268s] -- Symlinking: /home/shh/ssafy_gazeboy/ssafy_ws/install/turtlebot3_gazebo/share/turtlebot3_gazebo//models/velodyne_description/package.xml
[16.283s] -- Symlinking: /home/shh/ssafy_gazeboy/ssafy_ws/install/turtlebot3_gazebo/share/turtlebot3_gazebo//models/velodyne_description/rviz/example.rviz
[16.304s] -- Symlinking: /home/shh/ssafy_gazeboy/ssafy_ws/install/turtlebot3_gazebo/share/turtlebot3_gazebo//models/velodyne_description/urdf/HDL-32E.urdf.xacro
[16.319s] -- Symlinking: /home/shh/ssafy_gazeboy/ssafy_ws/install/turtlebot3_gazebo/share/turtlebot3_gazebo//models/velodyne_description/urdf/VLP-16.urdf.xacro
[16.329s] -- Symlinking: /home/shh/ssafy_gazeboy/ssafy_ws/install/turtlebot3_gazebo/share/turtlebot3_gazebo//models/velodyne_description/urdf/example.urdf.xacro
[16.340s] -- Symlinking: /home/shh/ssafy_gazeboy/ssafy_ws/install/turtlebot3_gazebo/share/turtlebot3_gazebo//models/velodyne_description/world/example.world
[16.359s] -- Symlinking: /home/shh/ssafy_gazeboy/ssafy_ws/install/turtlebot3_gazebo/share/turtlebot3_gazebo//rviz/tb3_gazebo.rviz
[16.375s] -- Symlinking: /home/shh/ssafy_gazeboy/ssafy_ws/install/turtlebot3_gazebo/share/turtlebot3_gazebo//worlds/empty_worlds/burger.model
[16.384s] -- Symlinking: /home/shh/ssafy_gazeboy/ssafy_ws/install/turtlebot3_gazebo/share/turtlebot3_gazebo//worlds/empty_worlds/waffle.model
[16.402s] -- Symlinking: /home/shh/ssafy_gazeboy/ssafy_ws/install/turtlebot3_gazebo/share/turtlebot3_gazebo//worlds/empty_worlds/waffle_pi.model
[16.409s] -- Symlinking: /home/shh/ssafy_gazeboy/ssafy_ws/install/turtlebot3_gazebo/share/turtlebot3_gazebo//worlds/example.world
[16.425s] -- Symlinking: /home/shh/ssafy_gazeboy/ssafy_ws/install/turtlebot3_gazebo/share/turtlebot3_gazebo//worlds/turtlebot3_autoraces/burger.model
[16.442s] -- Symlinking: /home/shh/ssafy_gazeboy/ssafy_ws/install/turtlebot3_gazebo/share/turtlebot3_gazebo//worlds/turtlebot3_autoraces/waffle.model
[16.459s] -- Symlinking: /home/shh/ssafy_gazeboy/ssafy_ws/install/turtlebot3_gazebo/share/turtlebot3_gazebo//worlds/turtlebot3_autoraces/waffle_pi.model
[16.475s] -- Symlinking: /home/shh/ssafy_gazeboy/ssafy_ws/install/turtlebot3_gazebo/share/turtlebot3_gazebo//worlds/turtlebot3_dqn_stage1/burger.model
[16.495s] -- Symlinking: /home/shh/ssafy_gazeboy/ssafy_ws/install/turtlebot3_gazebo/share/turtlebot3_gazebo//worlds/turtlebot3_dqn_stage1/waffle.model
[16.506s] -- Symlinking: /home/shh/ssafy_gazeboy/ssafy_ws/install/turtlebot3_gazebo/share/turtlebot3_gazebo//worlds/turtlebot3_dqn_stage1/waffle_pi.model
[16.518s] -- Symlinking: /home/shh/ssafy_gazeboy/ssafy_ws/install/turtlebot3_gazebo/share/turtlebot3_gazebo//worlds/turtlebot3_dqn_stage2/burger.model
[16.528s] -- Symlinking: /home/shh/ssafy_gazeboy/ssafy_ws/install/turtlebot3_gazebo/share/turtlebot3_gazebo//worlds/turtlebot3_dqn_stage2/waffle.model
[16.543s] -- Symlinking: /home/shh/ssafy_gazeboy/ssafy_ws/install/turtlebot3_gazebo/share/turtlebot3_gazebo//worlds/turtlebot3_dqn_stage2/waffle_pi.model
[16.558s] -- Symlinking: /home/shh/ssafy_gazeboy/ssafy_ws/install/turtlebot3_gazebo/share/turtlebot3_gazebo//worlds/turtlebot3_dqn_stage3/burger.model
[16.568s] -- Symlinking: /home/shh/ssafy_gazeboy/ssafy_ws/install/turtlebot3_gazebo/share/turtlebot3_gazebo//worlds/turtlebot3_dqn_stage3/waffle.model
[16.578s] -- Symlinking: /home/shh/ssafy_gazeboy/ssafy_ws/install/turtlebot3_gazebo/share/turtlebot3_gazebo//worlds/turtlebot3_dqn_stage3/waffle_pi.model
[16.588s] -- Symlinking: /home/shh/ssafy_gazeboy/ssafy_ws/install/turtlebot3_gazebo/share/turtlebot3_gazebo//worlds/turtlebot3_dqn_stage4/burger.model
[16.598s] -- Symlinking: /home/shh/ssafy_gazeboy/ssafy_ws/install/turtlebot3_gazebo/share/turtlebot3_gazebo//worlds/turtlebot3_dqn_stage4/waffle.model
[16.608s] -- Symlinking: /home/shh/ssafy_gazeboy/ssafy_ws/install/turtlebot3_gazebo/share/turtlebot3_gazebo//worlds/turtlebot3_dqn_stage4/waffle_pi.model
[16.618s] -- Symlinking: /home/shh/ssafy_gazeboy/ssafy_ws/install/turtlebot3_gazebo/share/turtlebot3_gazebo//worlds/turtlebot3_houses/burger.model
[16.634s] -- Symlinking: /home/shh/ssafy_gazeboy/ssafy_ws/install/turtlebot3_gazebo/share/turtlebot3_gazebo//worlds/turtlebot3_houses/waffle.model
[16.644s] -- Symlinking: /home/shh/ssafy_gazeboy/ssafy_ws/install/turtlebot3_gazebo/share/turtlebot3_gazebo//worlds/turtlebot3_houses/waffle_pi.model
[16.661s] -- Symlinking: /home/shh/ssafy_gazeboy/ssafy_ws/install/turtlebot3_gazebo/share/turtlebot3_gazebo//worlds/turtlebot3_tc_robots.world
[16.675s] -- Symlinking: /home/shh/ssafy_gazeboy/ssafy_ws/install/turtlebot3_gazebo/share/turtlebot3_gazebo//worlds/turtlebot3_tc_two_robots.world
[16.693s] -- Symlinking: /home/shh/ssafy_gazeboy/ssafy_ws/install/turtlebot3_gazebo/share/turtlebot3_gazebo//worlds/turtlebot3_tc_two_robots_velodyne.world
[16.711s] -- Symlinking: /home/shh/ssafy_gazeboy/ssafy_ws/install/turtlebot3_gazebo/share/turtlebot3_gazebo//worlds/turtlebot3_velodyne_robots.world
[16.728s] -- Symlinking: /home/shh/ssafy_gazeboy/ssafy_ws/install/turtlebot3_gazebo/share/turtlebot3_gazebo//worlds/turtlebot3_worlds/burger.model
[16.740s] -- Symlinking: /home/shh/ssafy_gazeboy/ssafy_ws/install/turtlebot3_gazebo/share/turtlebot3_gazebo//worlds/turtlebot3_worlds/waffle.model
[16.759s] -- Symlinking: /home/shh/ssafy_gazeboy/ssafy_ws/install/turtlebot3_gazebo/share/turtlebot3_gazebo//worlds/turtlebot3_worlds/waffle_pi.model
[16.773s] -- Symlinking: /home/shh/ssafy_gazeboy/ssafy_ws/install/turtlebot3_gazebo/share/turtlebot3_gazebo//urdf/turtlebot3_burger.urdf
[16.783s] -- Symlinking: /home/shh/ssafy_gazeboy/ssafy_ws/install/turtlebot3_gazebo/share/turtlebot3_gazebo//urdf/turtlebot3_velodyne_burger.urdf
[16.794s] -- Symlinking: /home/shh/ssafy_gazeboy/ssafy_ws/install/turtlebot3_gazebo/include//turtlebot3_gazebo/turtlebot3_drive.hpp
[16.812s] -- Symlinking: /home/shh/ssafy_gazeboy/ssafy_ws/install/turtlebot3_gazebo/share/ament_index/resource_index/package_run_dependencies/turtlebot3_gazebo
[16.823s] -- Symlinking: /home/shh/ssafy_gazeboy/ssafy_ws/install/turtlebot3_gazebo/share/ament_index/resource_index/parent_prefix_path/turtlebot3_gazebo
[16.835s] -- Symlinking: /home/shh/ssafy_gazeboy/ssafy_ws/install/turtlebot3_gazebo/share/turtlebot3_gazebo/environment/ament_prefix_path.sh
[16.856s] -- Symlinking: /home/shh/ssafy_gazeboy/ssafy_ws/install/turtlebot3_gazebo/share/turtlebot3_gazebo/environment/ament_prefix_path.dsv
[16.872s] -- Symlinking: /home/shh/ssafy_gazeboy/ssafy_ws/install/turtlebot3_gazebo/share/turtlebot3_gazebo/environment/path.sh
[16.882s] -- Symlinking: /home/shh/ssafy_gazeboy/ssafy_ws/install/turtlebot3_gazebo/share/turtlebot3_gazebo/environment/path.dsv
[16.902s] -- Symlinking: /home/shh/ssafy_gazeboy/ssafy_ws/install/turtlebot3_gazebo/share/turtlebot3_gazebo/local_setup.bash
[16.919s] -- Symlinking: /home/shh/ssafy_gazeboy/ssafy_ws/install/turtlebot3_gazebo/share/turtlebot3_gazebo/local_setup.sh
[16.930s] -- Symlinking: /home/shh/ssafy_gazeboy/ssafy_ws/install/turtlebot3_gazebo/share/turtlebot3_gazebo/local_setup.zsh
[16.940s] -- Symlinking: /home/shh/ssafy_gazeboy/ssafy_ws/install/turtlebot3_gazebo/share/turtlebot3_gazebo/local_setup.dsv
[16.951s] -- Symlinking: /home/shh/ssafy_gazeboy/ssafy_ws/install/turtlebot3_gazebo/share/turtlebot3_gazebo/package.dsv
[16.962s] -- Symlinking: /home/shh/ssafy_gazeboy/ssafy_ws/install/turtlebot3_gazebo/share/ament_index/resource_index/packages/turtlebot3_gazebo
[16.982s] -- Symlinking: /home/shh/ssafy_gazeboy/ssafy_ws/install/turtlebot3_gazebo/share/turtlebot3_gazebo/cmake/ament_cmake_export_include_directories-extras.cmake
[16.996s] -- Symlinking: /home/shh/ssafy_gazeboy/ssafy_ws/install/turtlebot3_gazebo/share/turtlebot3_gazebo/cmake/ament_cmake_export_dependencies-extras.cmake
[17.013s] -- Symlinking: /home/shh/ssafy_gazeboy/ssafy_ws/install/turtlebot3_gazebo/share/turtlebot3_gazebo/cmake/turtlebot3_gazeboConfig.cmake
[17.023s] -- Symlinking: /home/shh/ssafy_gazeboy/ssafy_ws/install/turtlebot3_gazebo/share/turtlebot3_gazebo/cmake/turtlebot3_gazeboConfig-version.cmake
[17.033s] -- Symlinking: /home/shh/ssafy_gazeboy/ssafy_ws/install/turtlebot3_gazebo/share/turtlebot3_gazebo/package.xml
[17.049s] Invoked command in '/home/shh/ssafy_gazeboy/ssafy_ws/build/turtlebot3_gazebo' returned '0': CMAKE_PREFIX_PATH=/home/shh/ssafy_gazeboy/ssafy_ws/install/turtlebot3_description:/home/shh/ssafy_gazeboy/ssafy_ws/install/velodyne_simulator:/home/shh/ssafy_gazeboy/ssafy_ws/install/velodyne_gazebo_plugins:/home/shh/ssafy_gazeboy/ssafy_ws/install/velodyne_description:/home/shh/ssafy_gazeboy/ssafy_ws/install/turtlebot3:/home/shh/ssafy_gazeboy/ssafy_ws/install/turtlebot3_simulations:/home/shh/ssafy_gazeboy/ssafy_ws/install/turtlebot3_bringup:/home/shh/ssafy_gazeboy/ssafy_ws/install/turtlebot3_node:/home/shh/ssafy_gazeboy/ssafy_ws/install/turtlebot3_navigation2:/home/shh/ssafy_gazeboy/ssafy_ws/install/turtlebot3_fake_node:/home/shh/ssafy_gazeboy/ssafy_ws/install/turtlebot3_msgs:/home/shh/ssafy_gazeboy/ssafy_ws/install/turtlebot3_gazebo:/home/shh/ssafy_gazeboy/ssafy_ws/install/turtlebot3_cartographer:/home/shh/ssafy_gazeboy/ssafy_ws/install/teleop_twist_keyboard:/home/shh/ssafy_gazeboy/ssafy_ws/install/turtlebot3_teleop:/home/shh/ssafy_gazeboy/ssafy_ws/install/turtlebot3_example:/home/shh/ssafy_gazeboy/ssafy_ws/install/250114:/opt/ros/foxy /usr/bin/cmake --install /home/shh/ssafy_gazeboy/ssafy_ws/build/turtlebot3_gazebo
