[0.114s] Invoking command in '/home/shh/ssafy_gazeboy/ssafy_ws/build/turtlebot3_navigation2': CMAKE_PREFIX_PATH=${CMAKE_PREFIX_PATH}:/home/shh/ssafy_gazeboy/ssafy_ws/install/turtlebot3_teleop:/home/shh/ssafy_gazeboy/ssafy_ws/install/turtlebot3_example:/home/shh/ssafy_gazeboy/ssafy_ws/install/250114:/opt/ros/foxy /usr/bin/cmake /home/shh/ssafy_gazeboy/ssafy_ws/src/turtlebot3/turtlebot3_navigation2 -DAMENT_CMAKE_SYMLINK_INSTALL=1 -DCMAKE_INSTALL_PREFIX=/home/shh/ssafy_gazeboy/ssafy_ws/install/turtlebot3_navigation2
[0.445s] -- The C compiler identification is GNU 9.4.0
[0.445s] -- The CXX compiler identification is GNU 9.4.0
[0.445s] -- Check for working C compiler: /usr/bin/cc
[0.445s] -- Check for working C compiler: /usr/bin/cc -- works
[0.445s] -- Detecting C compiler ABI info
[0.499s] -- Detecting C compiler ABI info - done
[0.512s] -- Detecting C compile features
[0.512s] -- Detecting C compile features - done
[0.515s] -- Check for working CXX compiler: /usr/bin/c++
[0.619s] -- Check for working CXX compiler: /usr/bin/c++ -- works
[0.621s] -- Detecting CXX compiler ABI info
[0.735s] -- Detecting CXX compiler ABI info - done
[0.743s] -- Detecting CXX compile features
[0.744s] -- Detecting CXX compile features - done
[0.750s] -- Found ament_cmake: 0.9.12 (/opt/ros/foxy/share/ament_cmake/cmake)
[0.786s] -- Found PythonInterp: /usr/bin/python3 (found suitable version "3.8.10", minimum required is "3") 
[0.786s] -- Using PYTHON_EXECUTABLE: /usr/bin/python3
[1.017s] -- Override CMake install command with custom implementation using symlinks instead of copying resources
[1.136s] -- Configuring done
[1.141s] -- Generating done
[1.142s] -- Build files have been written to: /home/shh/ssafy_gazeboy/ssafy_ws/build/turtlebot3_navigation2
[1.170s] Invoked command in '/home/shh/ssafy_gazeboy/ssafy_ws/build/turtlebot3_navigation2' returned '0': CMAKE_PREFIX_PATH=${CMAKE_PREFIX_PATH}:/home/shh/ssafy_gazeboy/ssafy_ws/install/turtlebot3_teleop:/home/shh/ssafy_gazeboy/ssafy_ws/install/turtlebot3_example:/home/shh/ssafy_gazeboy/ssafy_ws/install/250114:/opt/ros/foxy /usr/bin/cmake /home/shh/ssafy_gazeboy/ssafy_ws/src/turtlebot3/turtlebot3_navigation2 -DAMENT_CMAKE_SYMLINK_INSTALL=1 -DCMAKE_INSTALL_PREFIX=/home/shh/ssafy_gazeboy/ssafy_ws/install/turtlebot3_navigation2
[1.176s] Invoking command in '/home/shh/ssafy_gazeboy/ssafy_ws/build/turtlebot3_navigation2': CMAKE_PREFIX_PATH=${CMAKE_PREFIX_PATH}:/home/shh/ssafy_gazeboy/ssafy_ws/install/turtlebot3_teleop:/home/shh/ssafy_gazeboy/ssafy_ws/install/turtlebot3_example:/home/shh/ssafy_gazeboy/ssafy_ws/install/250114:/opt/ros/foxy /usr/bin/cmake --build /home/shh/ssafy_gazeboy/ssafy_ws/build/turtlebot3_navigation2 -- -j16 -l16
[1.219s] Invoked command in '/home/shh/ssafy_gazeboy/ssafy_ws/build/turtlebot3_navigation2' returned '0': CMAKE_PREFIX_PATH=${CMAKE_PREFIX_PATH}:/home/shh/ssafy_gazeboy/ssafy_ws/install/turtlebot3_teleop:/home/shh/ssafy_gazeboy/ssafy_ws/install/turtlebot3_example:/home/shh/ssafy_gazeboy/ssafy_ws/install/250114:/opt/ros/foxy /usr/bin/cmake --build /home/shh/ssafy_gazeboy/ssafy_ws/build/turtlebot3_navigation2 -- -j16 -l16
[1.257s] Invoking command in '/home/shh/ssafy_gazeboy/ssafy_ws/build/turtlebot3_navigation2': CMAKE_PREFIX_PATH=${CMAKE_PREFIX_PATH}:/home/shh/ssafy_gazeboy/ssafy_ws/install/turtlebot3_teleop:/home/shh/ssafy_gazeboy/ssafy_ws/install/turtlebot3_example:/home/shh/ssafy_gazeboy/ssafy_ws/install/250114:/opt/ros/foxy /usr/bin/cmake --install /home/shh/ssafy_gazeboy/ssafy_ws/build/turtlebot3_navigation2
[1.269s] -- Install configuration: ""
[1.270s] -- Execute custom install script
[1.271s] -- Symlinking: /home/shh/ssafy_gazeboy/ssafy_ws/install/turtlebot3_navigation2/share/turtlebot3_navigation2/launch/navigation2.launch.py
[1.289s] -- Symlinking: /home/shh/ssafy_gazeboy/ssafy_ws/install/turtlebot3_navigation2/share/turtlebot3_navigation2/map/turtlebot3_world.pgm
[1.303s] -- Symlinking: /home/shh/ssafy_gazeboy/ssafy_ws/install/turtlebot3_navigation2/share/turtlebot3_navigation2/map/turtlebot3_world.yaml
[1.319s] -- Symlinking: /home/shh/ssafy_gazeboy/ssafy_ws/install/turtlebot3_navigation2/share/turtlebot3_navigation2/param/burger.yaml
[1.330s] -- Symlinking: /home/shh/ssafy_gazeboy/ssafy_ws/install/turtlebot3_navigation2/share/turtlebot3_navigation2/param/waffle.yaml
[1.340s] -- Symlinking: /home/shh/ssafy_gazeboy/ssafy_ws/install/turtlebot3_navigation2/share/turtlebot3_navigation2/param/waffle_pi.yaml
[1.351s] -- Symlinking: /home/shh/ssafy_gazeboy/ssafy_ws/install/turtlebot3_navigation2/share/turtlebot3_navigation2/rviz/tb3_navigation2.rviz
[1.364s] -- Symlinking: /home/shh/ssafy_gazeboy/ssafy_ws/install/turtlebot3_navigation2/share/ament_index/resource_index/package_run_dependencies/turtlebot3_navigation2
[1.375s] -- Symlinking: /home/shh/ssafy_gazeboy/ssafy_ws/install/turtlebot3_navigation2/share/ament_index/resource_index/parent_prefix_path/turtlebot3_navigation2
[1.386s] -- Symlinking: /home/shh/ssafy_gazeboy/ssafy_ws/install/turtlebot3_navigation2/share/turtlebot3_navigation2/environment/ament_prefix_path.sh
[1.396s] -- Symlinking: /home/shh/ssafy_gazeboy/ssafy_ws/install/turtlebot3_navigation2/share/turtlebot3_navigation2/environment/ament_prefix_path.dsv
[1.407s] -- Symlinking: /home/shh/ssafy_gazeboy/ssafy_ws/install/turtlebot3_navigation2/share/turtlebot3_navigation2/environment/path.sh
[1.419s] -- Symlinking: /home/shh/ssafy_gazeboy/ssafy_ws/install/turtlebot3_navigation2/share/turtlebot3_navigation2/environment/path.dsv
[1.433s] -- Symlinking: /home/shh/ssafy_gazeboy/ssafy_ws/install/turtlebot3_navigation2/share/turtlebot3_navigation2/local_setup.bash
[1.457s] -- Symlinking: /home/shh/ssafy_gazeboy/ssafy_ws/install/turtlebot3_navigation2/share/turtlebot3_navigation2/local_setup.sh
[1.471s] -- Symlinking: /home/shh/ssafy_gazeboy/ssafy_ws/install/turtlebot3_navigation2/share/turtlebot3_navigation2/local_setup.zsh
[1.482s] -- Symlinking: /home/shh/ssafy_gazeboy/ssafy_ws/install/turtlebot3_navigation2/share/turtlebot3_navigation2/local_setup.dsv
[1.497s] -- Symlinking: /home/shh/ssafy_gazeboy/ssafy_ws/install/turtlebot3_navigation2/share/turtlebot3_navigation2/package.dsv
[1.508s] -- Symlinking: /home/shh/ssafy_gazeboy/ssafy_ws/install/turtlebot3_navigation2/share/ament_index/resource_index/packages/turtlebot3_navigation2
[1.527s] -- Symlinking: /home/shh/ssafy_gazeboy/ssafy_ws/install/turtlebot3_navigation2/share/turtlebot3_navigation2/cmake/turtlebot3_navigation2Config.cmake
[1.537s] -- Symlinking: /home/shh/ssafy_gazeboy/ssafy_ws/install/turtlebot3_navigation2/share/turtlebot3_navigation2/cmake/turtlebot3_navigation2Config-version.cmake
[1.548s] -- Symlinking: /home/shh/ssafy_gazeboy/ssafy_ws/install/turtlebot3_navigation2/share/turtlebot3_navigation2/package.xml
[1.564s] Invoked command in '/home/shh/ssafy_gazeboy/ssafy_ws/build/turtlebot3_navigation2' returned '0': CMAKE_PREFIX_PATH=${CMAKE_PREFIX_PATH}:/home/shh/ssafy_gazeboy/ssafy_ws/install/turtlebot3_teleop:/home/shh/ssafy_gazeboy/ssafy_ws/install/turtlebot3_example:/home/shh/ssafy_gazeboy/ssafy_ws/install/250114:/opt/ros/foxy /usr/bin/cmake --install /home/shh/ssafy_gazeboy/ssafy_ws/build/turtlebot3_navigation2
