[0.174s] Invoking command in '/home/shh/ssafy_gazeboy/ssafy_ws/build/turtlebot3_cartographer': CMAKE_PREFIX_PATH=${CMAKE_PREFIX_PATH}:/home/shh/ssafy_gazeboy/ssafy_ws/install/turtlebot3_teleop:/home/shh/ssafy_gazeboy/ssafy_ws/install/turtlebot3_example:/home/shh/ssafy_gazeboy/ssafy_ws/install/250114:/opt/ros/foxy /usr/bin/cmake --build /home/shh/ssafy_gazeboy/ssafy_ws/build/turtlebot3_cartographer -- -j16 -l16
[0.514s] Invoked command in '/home/shh/ssafy_gazeboy/ssafy_ws/build/turtlebot3_cartographer' returned '0': CMAKE_PREFIX_PATH=${CMAKE_PREFIX_PATH}:/home/shh/ssafy_gazeboy/ssafy_ws/install/turtlebot3_teleop:/home/shh/ssafy_gazeboy/ssafy_ws/install/turtlebot3_example:/home/shh/ssafy_gazeboy/ssafy_ws/install/250114:/opt/ros/foxy /usr/bin/cmake --build /home/shh/ssafy_gazeboy/ssafy_ws/build/turtlebot3_cartographer -- -j16 -l16
[0.865s] Invoking command in '/home/shh/ssafy_gazeboy/ssafy_ws/build/turtlebot3_cartographer': CMAKE_PREFIX_PATH=${CMAKE_PREFIX_PATH}:/home/shh/ssafy_gazeboy/ssafy_ws/install/turtlebot3_teleop:/home/shh/ssafy_gazeboy/ssafy_ws/install/turtlebot3_example:/home/shh/ssafy_gazeboy/ssafy_ws/install/250114:/opt/ros/foxy /usr/bin/cmake --install /home/shh/ssafy_gazeboy/ssafy_ws/build/turtlebot3_cartographer
[0.890s] -- Install configuration: ""
[0.890s] -- Execute custom install script
[0.890s] -- Up-to-date symlink: /home/shh/ssafy_gazeboy/ssafy_ws/install/turtlebot3_cartographer/share/turtlebot3_cartographer/config/turtlebot3_lds_2d.lua
[0.890s] -- Up-to-date symlink: /home/shh/ssafy_gazeboy/ssafy_ws/install/turtlebot3_cartographer/share/turtlebot3_cartographer/launch/cartographer.launch.py
[0.890s] -- Up-to-date symlink: /home/shh/ssafy_gazeboy/ssafy_ws/install/turtlebot3_cartographer/share/turtlebot3_cartographer/launch/occupancy_grid.launch.py
[0.891s] -- Up-to-date symlink: /home/shh/ssafy_gazeboy/ssafy_ws/install/turtlebot3_cartographer/share/turtlebot3_cartographer/rviz/tb3_cartographer.rviz
[0.891s] -- Up-to-date symlink: /home/shh/ssafy_gazeboy/ssafy_ws/install/turtlebot3_cartographer/share/ament_index/resource_index/package_run_dependencies/turtlebot3_cartographer
[0.891s] -- Up-to-date symlink: /home/shh/ssafy_gazeboy/ssafy_ws/install/turtlebot3_cartographer/share/ament_index/resource_index/parent_prefix_path/turtlebot3_cartographer
[0.891s] -- Up-to-date symlink: /home/shh/ssafy_gazeboy/ssafy_ws/install/turtlebot3_cartographer/share/turtlebot3_cartographer/environment/ament_prefix_path.sh
[0.891s] -- Up-to-date symlink: /home/shh/ssafy_gazeboy/ssafy_ws/install/turtlebot3_cartographer/share/turtlebot3_cartographer/environment/ament_prefix_path.dsv
[0.891s] -- Up-to-date symlink: /home/shh/ssafy_gazeboy/ssafy_ws/install/turtlebot3_cartographer/share/turtlebot3_cartographer/environment/path.sh
[0.892s] -- Up-to-date symlink: /home/shh/ssafy_gazeboy/ssafy_ws/install/turtlebot3_cartographer/share/turtlebot3_cartographer/environment/path.dsv
[0.892s] -- Up-to-date symlink: /home/shh/ssafy_gazeboy/ssafy_ws/install/turtlebot3_cartographer/share/turtlebot3_cartographer/local_setup.bash
[0.892s] -- Up-to-date symlink: /home/shh/ssafy_gazeboy/ssafy_ws/install/turtlebot3_cartographer/share/turtlebot3_cartographer/local_setup.sh
[0.892s] -- Up-to-date symlink: /home/shh/ssafy_gazeboy/ssafy_ws/install/turtlebot3_cartographer/share/turtlebot3_cartographer/local_setup.zsh
[0.892s] -- Up-to-date symlink: /home/shh/ssafy_gazeboy/ssafy_ws/install/turtlebot3_cartographer/share/turtlebot3_cartographer/local_setup.dsv
[0.893s] -- Symlinking: /home/shh/ssafy_gazeboy/ssafy_ws/install/turtlebot3_cartographer/share/turtlebot3_cartographer/package.dsv
[0.895s] -- Up-to-date symlink: /home/shh/ssafy_gazeboy/ssafy_ws/install/turtlebot3_cartographer/share/ament_index/resource_index/packages/turtlebot3_cartographer
[0.895s] -- Up-to-date symlink: /home/shh/ssafy_gazeboy/ssafy_ws/install/turtlebot3_cartographer/share/turtlebot3_cartographer/cmake/turtlebot3_cartographerConfig.cmake
[0.895s] -- Up-to-date symlink: /home/shh/ssafy_gazeboy/ssafy_ws/install/turtlebot3_cartographer/share/turtlebot3_cartographer/cmake/turtlebot3_cartographerConfig-version.cmake
[0.896s] -- Up-to-date symlink: /home/shh/ssafy_gazeboy/ssafy_ws/install/turtlebot3_cartographer/share/turtlebot3_cartographer/package.xml
[0.900s] Invoked command in '/home/shh/ssafy_gazeboy/ssafy_ws/build/turtlebot3_cartographer' returned '0': CMAKE_PREFIX_PATH=${CMAKE_PREFIX_PATH}:/home/shh/ssafy_gazeboy/ssafy_ws/install/turtlebot3_teleop:/home/shh/ssafy_gazeboy/ssafy_ws/install/turtlebot3_example:/home/shh/ssafy_gazeboy/ssafy_ws/install/250114:/opt/ros/foxy /usr/bin/cmake --install /home/shh/ssafy_gazeboy/ssafy_ws/build/turtlebot3_cartographer
