[0.455s] DEBUG:colcon:Command line arguments: ['/home/shh/.local/bin/colcon', 'build', '--symlink-install']
[0.455s] DEBUG:colcon:Parsed command line arguments: Namespace(allow_overriding=[], ament_cmake_args=None, base_paths=['.'], build_base='build', catkin_cmake_args=None, catkin_skip_building_tests=False, cmake_args=None, cmake_clean_cache=False, cmake_clean_first=False, cmake_force_configure=False, cmake_target=None, cmake_target_skip_unavailable=False, continue_on_error=False, event_handlers=None, executor='parallel', ignore_user_meta=False, install_base='install', log_base=None, log_level=None, main=<bound method BuildVerb.main of <colcon_core.verb.build.BuildVerb object at 0x7f7fec5e6430>>, merge_install=False, metas=['./colcon.meta'], packages_above=None, packages_above_and_dependencies=None, packages_above_depth=None, packages_end=None, packages_ignore=None, packages_ignore_regex=None, packages_select=None, packages_select_build_failed=False, packages_select_by_dep=None, packages_select_regex=None, packages_select_test_failures=False, packages_skip=None, packages_skip_build_finished=False, packages_skip_by_dep=None, packages_skip_regex=None, packages_skip_test_passed=False, packages_skip_up_to=None, packages_start=None, packages_up_to=None, packages_up_to_regex=None, parallel_workers=16, paths=None, symlink_install=True, test_result_base=None, verb_extension=<colcon_core.verb.build.BuildVerb object at 0x7f7fec5e6430>, verb_name='build', verb_parser=<colcon_defaults.argument_parser.defaults.DefaultArgumentsDecorator object at 0x7f7fec5e6970>)
[0.482s] Level 1:colcon.colcon_core.package_discovery:discover_packages(colcon_meta) check parameters
[0.482s] Level 1:colcon.colcon_core.package_discovery:discover_packages(recursive) check parameters
[0.482s] Level 1:colcon.colcon_core.package_discovery:discover_packages(ignore) check parameters
[0.482s] Level 1:colcon.colcon_core.package_discovery:discover_packages(path) check parameters
[0.482s] Level 1:colcon.colcon_core.package_discovery:discover_packages(colcon_meta) discover
[0.482s] Level 1:colcon.colcon_core.package_discovery:discover_packages(recursive) discover
[0.482s] INFO:colcon.colcon_core.package_discovery:Crawling recursively for packages in '/home/shh/ssafy_ws'
[0.482s] Level 1:colcon.colcon_core.package_identification:_identify(.) by extensions ['ignore', 'ignore_ament_install']
[0.482s] Level 1:colcon.colcon_core.package_identification:_identify(.) by extension 'ignore'
[0.482s] Level 1:colcon.colcon_core.package_identification:_identify(.) by extension 'ignore_ament_install'
[0.482s] Level 1:colcon.colcon_core.package_identification:_identify(.) by extensions ['colcon_pkg']
[0.482s] Level 1:colcon.colcon_core.package_identification:_identify(.) by extension 'colcon_pkg'
[0.482s] Level 1:colcon.colcon_core.package_identification:_identify(.) by extensions ['colcon_meta']
[0.482s] Level 1:colcon.colcon_core.package_identification:_identify(.) by extension 'colcon_meta'
[0.482s] Level 1:colcon.colcon_core.package_identification:_identify(.) by extensions ['ros']
[0.482s] Level 1:colcon.colcon_core.package_identification:_identify(.) by extension 'ros'
[0.491s] Level 1:colcon.colcon_core.package_identification:_identify(.) by extensions ['cmake', 'python']
[0.491s] Level 1:colcon.colcon_core.package_identification:_identify(.) by extension 'cmake'
[0.491s] Level 1:colcon.colcon_core.package_identification:_identify(.) by extension 'python'
[0.491s] Level 1:colcon.colcon_core.package_identification:_identify(.) by extensions ['python_setup_py']
[0.491s] Level 1:colcon.colcon_core.package_identification:_identify(.) by extension 'python_setup_py'
[0.492s] Level 1:colcon.colcon_core.package_identification:_identify(build) by extensions ['ignore', 'ignore_ament_install']
[0.492s] Level 1:colcon.colcon_core.package_identification:_identify(build) by extension 'ignore'
[0.492s] Level 1:colcon.colcon_core.package_identification:_identify(build) ignored
[0.492s] Level 1:colcon.colcon_core.package_identification:_identify(install) by extensions ['ignore', 'ignore_ament_install']
[0.492s] Level 1:colcon.colcon_core.package_identification:_identify(install) by extension 'ignore'
[0.492s] Level 1:colcon.colcon_core.package_identification:_identify(install) ignored
[0.492s] Level 1:colcon.colcon_core.package_identification:_identify(log) by extensions ['ignore', 'ignore_ament_install']
[0.492s] Level 1:colcon.colcon_core.package_identification:_identify(log) by extension 'ignore'
[0.492s] Level 1:colcon.colcon_core.package_identification:_identify(log) ignored
[0.492s] Level 1:colcon.colcon_core.package_identification:_identify(src) by extensions ['ignore', 'ignore_ament_install']
[0.492s] Level 1:colcon.colcon_core.package_identification:_identify(src) by extension 'ignore'
[0.492s] Level 1:colcon.colcon_core.package_identification:_identify(src) by extension 'ignore_ament_install'
[0.492s] Level 1:colcon.colcon_core.package_identification:_identify(src) by extensions ['colcon_pkg']
[0.492s] Level 1:colcon.colcon_core.package_identification:_identify(src) by extension 'colcon_pkg'
[0.492s] Level 1:colcon.colcon_core.package_identification:_identify(src) by extensions ['colcon_meta']
[0.492s] Level 1:colcon.colcon_core.package_identification:_identify(src) by extension 'colcon_meta'
[0.492s] Level 1:colcon.colcon_core.package_identification:_identify(src) by extensions ['ros']
[0.492s] Level 1:colcon.colcon_core.package_identification:_identify(src) by extension 'ros'
[0.492s] Level 1:colcon.colcon_core.package_identification:_identify(src) by extensions ['cmake', 'python']
[0.492s] Level 1:colcon.colcon_core.package_identification:_identify(src) by extension 'cmake'
[0.493s] Level 1:colcon.colcon_core.package_identification:_identify(src) by extension 'python'
[0.493s] Level 1:colcon.colcon_core.package_identification:_identify(src) by extensions ['python_setup_py']
[0.493s] Level 1:colcon.colcon_core.package_identification:_identify(src) by extension 'python_setup_py'
[0.493s] Level 1:colcon.colcon_core.package_identification:_identify(src/250114) by extensions ['ignore', 'ignore_ament_install']
[0.493s] Level 1:colcon.colcon_core.package_identification:_identify(src/250114) by extension 'ignore'
[0.493s] Level 1:colcon.colcon_core.package_identification:_identify(src/250114) by extension 'ignore_ament_install'
[0.493s] Level 1:colcon.colcon_core.package_identification:_identify(src/250114) by extensions ['colcon_pkg']
[0.493s] Level 1:colcon.colcon_core.package_identification:_identify(src/250114) by extension 'colcon_pkg'
[0.493s] Level 1:colcon.colcon_core.package_identification:_identify(src/250114) by extensions ['colcon_meta']
[0.493s] Level 1:colcon.colcon_core.package_identification:_identify(src/250114) by extension 'colcon_meta'
[0.493s] Level 1:colcon.colcon_core.package_identification:_identify(src/250114) by extensions ['ros']
[0.493s] Level 1:colcon.colcon_core.package_identification:_identify(src/250114) by extension 'ros'
[0.495s] DEBUG:colcon.colcon_core.package_identification:Package 'src/250114' with type 'ros.ament_python' and name '250114'
[0.495s] Level 1:colcon.colcon_core.package_identification:_identify(src/my_python_pkg) by extensions ['ignore', 'ignore_ament_install']
[0.495s] Level 1:colcon.colcon_core.package_identification:_identify(src/my_python_pkg) by extension 'ignore'
[0.495s] Level 1:colcon.colcon_core.package_identification:_identify(src/my_python_pkg) by extension 'ignore_ament_install'
[0.495s] Level 1:colcon.colcon_core.package_identification:_identify(src/my_python_pkg) by extensions ['colcon_pkg']
[0.495s] Level 1:colcon.colcon_core.package_identification:_identify(src/my_python_pkg) by extension 'colcon_pkg'
[0.495s] Level 1:colcon.colcon_core.package_identification:_identify(src/my_python_pkg) by extensions ['colcon_meta']
[0.495s] Level 1:colcon.colcon_core.package_identification:_identify(src/my_python_pkg) by extension 'colcon_meta'
[0.495s] Level 1:colcon.colcon_core.package_identification:_identify(src/my_python_pkg) by extensions ['ros']
[0.495s] Level 1:colcon.colcon_core.package_identification:_identify(src/my_python_pkg) by extension 'ros'
[0.496s] DEBUG:colcon.colcon_core.package_identification:Package 'src/my_python_pkg' with type 'ros.ament_python' and name 'my_python_pkg'
[0.496s] Level 1:colcon.colcon_core.package_identification:_identify(src/simple_car_tf) by extensions ['ignore', 'ignore_ament_install']
[0.496s] Level 1:colcon.colcon_core.package_identification:_identify(src/simple_car_tf) by extension 'ignore'
[0.496s] Level 1:colcon.colcon_core.package_identification:_identify(src/simple_car_tf) by extension 'ignore_ament_install'
[0.496s] Level 1:colcon.colcon_core.package_identification:_identify(src/simple_car_tf) by extensions ['colcon_pkg']
[0.496s] Level 1:colcon.colcon_core.package_identification:_identify(src/simple_car_tf) by extension 'colcon_pkg'
[0.496s] Level 1:colcon.colcon_core.package_identification:_identify(src/simple_car_tf) by extensions ['colcon_meta']
[0.496s] Level 1:colcon.colcon_core.package_identification:_identify(src/simple_car_tf) by extension 'colcon_meta'
[0.496s] Level 1:colcon.colcon_core.package_identification:_identify(src/simple_car_tf) by extensions ['ros']
[0.496s] Level 1:colcon.colcon_core.package_identification:_identify(src/simple_car_tf) by extension 'ros'
[0.496s] DEBUG:colcon.colcon_core.package_identification:Package 'src/simple_car_tf' with type 'ros.ament_python' and name 'simple_car_tf'
[0.496s] Level 1:colcon.colcon_core.package_identification:_identify(src/simple_publisher) by extensions ['ignore', 'ignore_ament_install']
[0.496s] Level 1:colcon.colcon_core.package_identification:_identify(src/simple_publisher) by extension 'ignore'
[0.496s] Level 1:colcon.colcon_core.package_identification:_identify(src/simple_publisher) by extension 'ignore_ament_install'
[0.497s] Level 1:colcon.colcon_core.package_identification:_identify(src/simple_publisher) by extensions ['colcon_pkg']
[0.497s] Level 1:colcon.colcon_core.package_identification:_identify(src/simple_publisher) by extension 'colcon_pkg'
[0.497s] Level 1:colcon.colcon_core.package_identification:_identify(src/simple_publisher) by extensions ['colcon_meta']
[0.497s] Level 1:colcon.colcon_core.package_identification:_identify(src/simple_publisher) by extension 'colcon_meta'
[0.497s] Level 1:colcon.colcon_core.package_identification:_identify(src/simple_publisher) by extensions ['ros']
[0.497s] Level 1:colcon.colcon_core.package_identification:_identify(src/simple_publisher) by extension 'ros'
[0.497s] DEBUG:colcon.colcon_core.package_identification:Package 'src/simple_publisher' with type 'ros.ament_python' and name 'simple_publisher'
[0.497s] Level 1:colcon.colcon_core.package_identification:_identify(src/simple_subscriber) by extensions ['ignore', 'ignore_ament_install']
[0.497s] Level 1:colcon.colcon_core.package_identification:_identify(src/simple_subscriber) by extension 'ignore'
[0.497s] Level 1:colcon.colcon_core.package_identification:_identify(src/simple_subscriber) by extension 'ignore_ament_install'
[0.497s] Level 1:colcon.colcon_core.package_identification:_identify(src/simple_subscriber) by extensions ['colcon_pkg']
[0.497s] Level 1:colcon.colcon_core.package_identification:_identify(src/simple_subscriber) by extension 'colcon_pkg'
[0.497s] Level 1:colcon.colcon_core.package_identification:_identify(src/simple_subscriber) by extensions ['colcon_meta']
[0.497s] Level 1:colcon.colcon_core.package_identification:_identify(src/simple_subscriber) by extension 'colcon_meta'
[0.497s] Level 1:colcon.colcon_core.package_identification:_identify(src/simple_subscriber) by extensions ['ros']
[0.497s] Level 1:colcon.colcon_core.package_identification:_identify(src/simple_subscriber) by extension 'ros'
[0.498s] DEBUG:colcon.colcon_core.package_identification:Package 'src/simple_subscriber' with type 'ros.ament_python' and name 'simple_subscriber'
[0.498s] Level 1:colcon.colcon_core.package_identification:_identify(src/ssafy_publisher_subscriber) by extensions ['ignore', 'ignore_ament_install']
[0.498s] Level 1:colcon.colcon_core.package_identification:_identify(src/ssafy_publisher_subscriber) by extension 'ignore'
[0.498s] Level 1:colcon.colcon_core.package_identification:_identify(src/ssafy_publisher_subscriber) by extension 'ignore_ament_install'
[0.498s] Level 1:colcon.colcon_core.package_identification:_identify(src/ssafy_publisher_subscriber) by extensions ['colcon_pkg']
[0.498s] Level 1:colcon.colcon_core.package_identification:_identify(src/ssafy_publisher_subscriber) by extension 'colcon_pkg'
[0.498s] Level 1:colcon.colcon_core.package_identification:_identify(src/ssafy_publisher_subscriber) by extensions ['colcon_meta']
[0.498s] Level 1:colcon.colcon_core.package_identification:_identify(src/ssafy_publisher_subscriber) by extension 'colcon_meta'
[0.498s] Level 1:colcon.colcon_core.package_identification:_identify(src/ssafy_publisher_subscriber) by extensions ['ros']
[0.498s] Level 1:colcon.colcon_core.package_identification:_identify(src/ssafy_publisher_subscriber) by extension 'ros'
[0.499s] DEBUG:colcon.colcon_core.package_identification:Package 'src/ssafy_publisher_subscriber' with type 'ros.ament_cmake' and name 'ssafy_publisher_subscriber'
[0.499s] Level 1:colcon.colcon_core.package_identification:_identify(src/tf_broadcaster) by extensions ['ignore', 'ignore_ament_install']
[0.499s] Level 1:colcon.colcon_core.package_identification:_identify(src/tf_broadcaster) by extension 'ignore'
[0.499s] Level 1:colcon.colcon_core.package_identification:_identify(src/tf_broadcaster) by extension 'ignore_ament_install'
[0.499s] Level 1:colcon.colcon_core.package_identification:_identify(src/tf_broadcaster) by extensions ['colcon_pkg']
[0.499s] Level 1:colcon.colcon_core.package_identification:_identify(src/tf_broadcaster) by extension 'colcon_pkg'
[0.499s] Level 1:colcon.colcon_core.package_identification:_identify(src/tf_broadcaster) by extensions ['colcon_meta']
[0.499s] Level 1:colcon.colcon_core.package_identification:_identify(src/tf_broadcaster) by extension 'colcon_meta'
[0.499s] Level 1:colcon.colcon_core.package_identification:_identify(src/tf_broadcaster) by extensions ['ros']
[0.499s] Level 1:colcon.colcon_core.package_identification:_identify(src/tf_broadcaster) by extension 'ros'
[0.499s] DEBUG:colcon.colcon_core.package_identification:Package 'src/tf_broadcaster' with type 'ros.ament_python' and name 'tf_broadcaster'
[0.499s] Level 1:colcon.colcon_core.package_identification:_identify(src/turtle_controller) by extensions ['ignore', 'ignore_ament_install']
[0.499s] Level 1:colcon.colcon_core.package_identification:_identify(src/turtle_controller) by extension 'ignore'
[0.500s] Level 1:colcon.colcon_core.package_identification:_identify(src/turtle_controller) by extension 'ignore_ament_install'
[0.500s] Level 1:colcon.colcon_core.package_identification:_identify(src/turtle_controller) by extensions ['colcon_pkg']
[0.500s] Level 1:colcon.colcon_core.package_identification:_identify(src/turtle_controller) by extension 'colcon_pkg'
[0.500s] Level 1:colcon.colcon_core.package_identification:_identify(src/turtle_controller) by extensions ['colcon_meta']
[0.500s] Level 1:colcon.colcon_core.package_identification:_identify(src/turtle_controller) by extension 'colcon_meta'
[0.500s] Level 1:colcon.colcon_core.package_identification:_identify(src/turtle_controller) by extensions ['ros']
[0.500s] Level 1:colcon.colcon_core.package_identification:_identify(src/turtle_controller) by extension 'ros'
[0.500s] DEBUG:colcon.colcon_core.package_identification:Package 'src/turtle_controller' with type 'ros.ament_python' and name 'turtle_controller'
[0.500s] Level 1:colcon.colcon_core.package_identification:_identify(src/turtle_spawner) by extensions ['ignore', 'ignore_ament_install']
[0.500s] Level 1:colcon.colcon_core.package_identification:_identify(src/turtle_spawner) by extension 'ignore'
[0.500s] Level 1:colcon.colcon_core.package_identification:_identify(src/turtle_spawner) by extension 'ignore_ament_install'
[0.500s] Level 1:colcon.colcon_core.package_identification:_identify(src/turtle_spawner) by extensions ['colcon_pkg']
[0.500s] Level 1:colcon.colcon_core.package_identification:_identify(src/turtle_spawner) by extension 'colcon_pkg'
[0.500s] Level 1:colcon.colcon_core.package_identification:_identify(src/turtle_spawner) by extensions ['colcon_meta']
[0.500s] Level 1:colcon.colcon_core.package_identification:_identify(src/turtle_spawner) by extension 'colcon_meta'
[0.500s] Level 1:colcon.colcon_core.package_identification:_identify(src/turtle_spawner) by extensions ['ros']
[0.500s] Level 1:colcon.colcon_core.package_identification:_identify(src/turtle_spawner) by extension 'ros'
[0.501s] DEBUG:colcon.colcon_core.package_identification:Package 'src/turtle_spawner' with type 'ros.ament_python' and name 'turtle_spawner'
[0.501s] Level 1:colcon.colcon_core.package_identification:_identify(src/yolo_pkg) by extensions ['ignore', 'ignore_ament_install']
[0.501s] Level 1:colcon.colcon_core.package_identification:_identify(src/yolo_pkg) by extension 'ignore'
[0.501s] Level 1:colcon.colcon_core.package_identification:_identify(src/yolo_pkg) by extension 'ignore_ament_install'
[0.501s] Level 1:colcon.colcon_core.package_identification:_identify(src/yolo_pkg) by extensions ['colcon_pkg']
[0.501s] Level 1:colcon.colcon_core.package_identification:_identify(src/yolo_pkg) by extension 'colcon_pkg'
[0.501s] Level 1:colcon.colcon_core.package_identification:_identify(src/yolo_pkg) by extensions ['colcon_meta']
[0.501s] Level 1:colcon.colcon_core.package_identification:_identify(src/yolo_pkg) by extension 'colcon_meta'
[0.501s] Level 1:colcon.colcon_core.package_identification:_identify(src/yolo_pkg) by extensions ['ros']
[0.501s] Level 1:colcon.colcon_core.package_identification:_identify(src/yolo_pkg) by extension 'ros'
[0.501s] DEBUG:colcon.colcon_core.package_identification:Package 'src/yolo_pkg' with type 'ros.ament_python' and name 'yolo_pkg'
[0.501s] Level 1:colcon.colcon_core.package_discovery:discover_packages(recursive) using defaults
[0.501s] Level 1:colcon.colcon_core.package_discovery:discover_packages(ignore) discover
[0.502s] Level 1:colcon.colcon_core.package_discovery:discover_packages(ignore) using defaults
[0.502s] Level 1:colcon.colcon_core.package_discovery:discover_packages(path) discover
[0.502s] Level 1:colcon.colcon_core.package_discovery:discover_packages(path) using defaults
[0.530s] Level 1:colcon.colcon_core.package_discovery:discover_packages(prefix_path) check parameters
[0.530s] Level 1:colcon.colcon_core.package_discovery:discover_packages(prefix_path) discover
[0.538s] DEBUG:colcon.colcon_installed_package_information.package_discovery:Found 10 installed packages in /home/shh/ssafy_ws/install
[0.542s] DEBUG:colcon.colcon_installed_package_information.package_discovery:Found 365 installed packages in /opt/ros/foxy
[0.544s] Level 1:colcon.colcon_core.package_discovery:discover_packages(prefix_path) using defaults
[0.605s] Level 5:colcon.colcon_core.verb:set package '250114' build argument 'cmake_args' from command line to 'None'
[0.605s] Level 5:colcon.colcon_core.verb:set package '250114' build argument 'cmake_target' from command line to 'None'
[0.605s] Level 5:colcon.colcon_core.verb:set package '250114' build argument 'cmake_target_skip_unavailable' from command line to 'False'
[0.605s] Level 5:colcon.colcon_core.verb:set package '250114' build argument 'cmake_clean_cache' from command line to 'False'
[0.605s] Level 5:colcon.colcon_core.verb:set package '250114' build argument 'cmake_clean_first' from command line to 'False'
[0.605s] Level 5:colcon.colcon_core.verb:set package '250114' build argument 'cmake_force_configure' from command line to 'False'
[0.605s] Level 5:colcon.colcon_core.verb:set package '250114' build argument 'ament_cmake_args' from command line to 'None'
[0.605s] Level 5:colcon.colcon_core.verb:set package '250114' build argument 'catkin_cmake_args' from command line to 'None'
[0.605s] Level 5:colcon.colcon_core.verb:set package '250114' build argument 'catkin_skip_building_tests' from command line to 'False'
[0.605s] DEBUG:colcon.colcon_core.verb:Building package '250114' with the following arguments: {'ament_cmake_args': None, 'build_base': '/home/shh/ssafy_ws/build/250114', 'catkin_cmake_args': None, 'catkin_skip_building_tests': False, 'cmake_args': None, 'cmake_clean_cache': False, 'cmake_clean_first': False, 'cmake_force_configure': False, 'cmake_target': None, 'cmake_target_skip_unavailable': False, 'install_base': '/home/shh/ssafy_ws/install/250114', 'merge_install': False, 'path': '/home/shh/ssafy_ws/src/250114', 'symlink_install': True, 'test_result_base': None}
[0.611s] Level 5:colcon.colcon_core.verb:set package 'my_python_pkg' build argument 'cmake_args' from command line to 'None'
[0.611s] Level 5:colcon.colcon_core.verb:set package 'my_python_pkg' build argument 'cmake_target' from command line to 'None'
[0.611s] Level 5:colcon.colcon_core.verb:set package 'my_python_pkg' build argument 'cmake_target_skip_unavailable' from command line to 'False'
[0.611s] Level 5:colcon.colcon_core.verb:set package 'my_python_pkg' build argument 'cmake_clean_cache' from command line to 'False'
[0.611s] Level 5:colcon.colcon_core.verb:set package 'my_python_pkg' build argument 'cmake_clean_first' from command line to 'False'
[0.611s] Level 5:colcon.colcon_core.verb:set package 'my_python_pkg' build argument 'cmake_force_configure' from command line to 'False'
[0.611s] Level 5:colcon.colcon_core.verb:set package 'my_python_pkg' build argument 'ament_cmake_args' from command line to 'None'
[0.611s] Level 5:colcon.colcon_core.verb:set package 'my_python_pkg' build argument 'catkin_cmake_args' from command line to 'None'
[0.612s] Level 5:colcon.colcon_core.verb:set package 'my_python_pkg' build argument 'catkin_skip_building_tests' from command line to 'False'
[0.612s] DEBUG:colcon.colcon_core.verb:Building package 'my_python_pkg' with the following arguments: {'ament_cmake_args': None, 'build_base': '/home/shh/ssafy_ws/build/my_python_pkg', 'catkin_cmake_args': None, 'catkin_skip_building_tests': False, 'cmake_args': None, 'cmake_clean_cache': False, 'cmake_clean_first': False, 'cmake_force_configure': False, 'cmake_target': None, 'cmake_target_skip_unavailable': False, 'install_base': '/home/shh/ssafy_ws/install/my_python_pkg', 'merge_install': False, 'path': '/home/shh/ssafy_ws/src/my_python_pkg', 'symlink_install': True, 'test_result_base': None}
[0.618s] Level 5:colcon.colcon_core.verb:set package 'simple_car_tf' build argument 'cmake_args' from command line to 'None'
[0.618s] Level 5:colcon.colcon_core.verb:set package 'simple_car_tf' build argument 'cmake_target' from command line to 'None'
[0.618s] Level 5:colcon.colcon_core.verb:set package 'simple_car_tf' build argument 'cmake_target_skip_unavailable' from command line to 'False'
[0.618s] Level 5:colcon.colcon_core.verb:set package 'simple_car_tf' build argument 'cmake_clean_cache' from command line to 'False'
[0.618s] Level 5:colcon.colcon_core.verb:set package 'simple_car_tf' build argument 'cmake_clean_first' from command line to 'False'
[0.618s] Level 5:colcon.colcon_core.verb:set package 'simple_car_tf' build argument 'cmake_force_configure' from command line to 'False'
[0.618s] Level 5:colcon.colcon_core.verb:set package 'simple_car_tf' build argument 'ament_cmake_args' from command line to 'None'
[0.618s] Level 5:colcon.colcon_core.verb:set package 'simple_car_tf' build argument 'catkin_cmake_args' from command line to 'None'
[0.618s] Level 5:colcon.colcon_core.verb:set package 'simple_car_tf' build argument 'catkin_skip_building_tests' from command line to 'False'
[0.618s] DEBUG:colcon.colcon_core.verb:Building package 'simple_car_tf' with the following arguments: {'ament_cmake_args': None, 'build_base': '/home/shh/ssafy_ws/build/simple_car_tf', 'catkin_cmake_args': None, 'catkin_skip_building_tests': False, 'cmake_args': None, 'cmake_clean_cache': False, 'cmake_clean_first': False, 'cmake_force_configure': False, 'cmake_target': None, 'cmake_target_skip_unavailable': False, 'install_base': '/home/shh/ssafy_ws/install/simple_car_tf', 'merge_install': False, 'path': '/home/shh/ssafy_ws/src/simple_car_tf', 'symlink_install': True, 'test_result_base': None}
[0.624s] Level 5:colcon.colcon_core.verb:set package 'simple_publisher' build argument 'cmake_args' from command line to 'None'
[0.624s] Level 5:colcon.colcon_core.verb:set package 'simple_publisher' build argument 'cmake_target' from command line to 'None'
[0.624s] Level 5:colcon.colcon_core.verb:set package 'simple_publisher' build argument 'cmake_target_skip_unavailable' from command line to 'False'
[0.624s] Level 5:colcon.colcon_core.verb:set package 'simple_publisher' build argument 'cmake_clean_cache' from command line to 'False'
[0.624s] Level 5:colcon.colcon_core.verb:set package 'simple_publisher' build argument 'cmake_clean_first' from command line to 'False'
[0.624s] Level 5:colcon.colcon_core.verb:set package 'simple_publisher' build argument 'cmake_force_configure' from command line to 'False'
[0.624s] Level 5:colcon.colcon_core.verb:set package 'simple_publisher' build argument 'ament_cmake_args' from command line to 'None'
[0.625s] Level 5:colcon.colcon_core.verb:set package 'simple_publisher' build argument 'catkin_cmake_args' from command line to 'None'
[0.625s] Level 5:colcon.colcon_core.verb:set package 'simple_publisher' build argument 'catkin_skip_building_tests' from command line to 'False'
[0.625s] DEBUG:colcon.colcon_core.verb:Building package 'simple_publisher' with the following arguments: {'ament_cmake_args': None, 'build_base': '/home/shh/ssafy_ws/build/simple_publisher', 'catkin_cmake_args': None, 'catkin_skip_building_tests': False, 'cmake_args': None, 'cmake_clean_cache': False, 'cmake_clean_first': False, 'cmake_force_configure': False, 'cmake_target': None, 'cmake_target_skip_unavailable': False, 'install_base': '/home/shh/ssafy_ws/install/simple_publisher', 'merge_install': False, 'path': '/home/shh/ssafy_ws/src/simple_publisher', 'symlink_install': True, 'test_result_base': None}
[0.631s] Level 5:colcon.colcon_core.verb:set package 'simple_subscriber' build argument 'cmake_args' from command line to 'None'
[0.631s] Level 5:colcon.colcon_core.verb:set package 'simple_subscriber' build argument 'cmake_target' from command line to 'None'
[0.631s] Level 5:colcon.colcon_core.verb:set package 'simple_subscriber' build argument 'cmake_target_skip_unavailable' from command line to 'False'
[0.631s] Level 5:colcon.colcon_core.verb:set package 'simple_subscriber' build argument 'cmake_clean_cache' from command line to 'False'
[0.631s] Level 5:colcon.colcon_core.verb:set package 'simple_subscriber' build argument 'cmake_clean_first' from command line to 'False'
[0.631s] Level 5:colcon.colcon_core.verb:set package 'simple_subscriber' build argument 'cmake_force_configure' from command line to 'False'
[0.631s] Level 5:colcon.colcon_core.verb:set package 'simple_subscriber' build argument 'ament_cmake_args' from command line to 'None'
[0.631s] Level 5:colcon.colcon_core.verb:set package 'simple_subscriber' build argument 'catkin_cmake_args' from command line to 'None'
[0.631s] Level 5:colcon.colcon_core.verb:set package 'simple_subscriber' build argument 'catkin_skip_building_tests' from command line to 'False'
[0.631s] DEBUG:colcon.colcon_core.verb:Building package 'simple_subscriber' with the following arguments: {'ament_cmake_args': None, 'build_base': '/home/shh/ssafy_ws/build/simple_subscriber', 'catkin_cmake_args': None, 'catkin_skip_building_tests': False, 'cmake_args': None, 'cmake_clean_cache': False, 'cmake_clean_first': False, 'cmake_force_configure': False, 'cmake_target': None, 'cmake_target_skip_unavailable': False, 'install_base': '/home/shh/ssafy_ws/install/simple_subscriber', 'merge_install': False, 'path': '/home/shh/ssafy_ws/src/simple_subscriber', 'symlink_install': True, 'test_result_base': None}
[0.637s] Level 5:colcon.colcon_core.verb:set package 'ssafy_publisher_subscriber' build argument 'cmake_args' from command line to 'None'
[0.637s] Level 5:colcon.colcon_core.verb:set package 'ssafy_publisher_subscriber' build argument 'cmake_target' from command line to 'None'
[0.637s] Level 5:colcon.colcon_core.verb:set package 'ssafy_publisher_subscriber' build argument 'cmake_target_skip_unavailable' from command line to 'False'
[0.637s] Level 5:colcon.colcon_core.verb:set package 'ssafy_publisher_subscriber' build argument 'cmake_clean_cache' from command line to 'False'
[0.637s] Level 5:colcon.colcon_core.verb:set package 'ssafy_publisher_subscriber' build argument 'cmake_clean_first' from command line to 'False'
[0.637s] Level 5:colcon.colcon_core.verb:set package 'ssafy_publisher_subscriber' build argument 'cmake_force_configure' from command line to 'False'
[0.637s] Level 5:colcon.colcon_core.verb:set package 'ssafy_publisher_subscriber' build argument 'ament_cmake_args' from command line to 'None'
[0.637s] Level 5:colcon.colcon_core.verb:set package 'ssafy_publisher_subscriber' build argument 'catkin_cmake_args' from command line to 'None'
[0.637s] Level 5:colcon.colcon_core.verb:set package 'ssafy_publisher_subscriber' build argument 'catkin_skip_building_tests' from command line to 'False'
[0.637s] DEBUG:colcon.colcon_core.verb:Building package 'ssafy_publisher_subscriber' with the following arguments: {'ament_cmake_args': None, 'build_base': '/home/shh/ssafy_ws/build/ssafy_publisher_subscriber', 'catkin_cmake_args': None, 'catkin_skip_building_tests': False, 'cmake_args': None, 'cmake_clean_cache': False, 'cmake_clean_first': False, 'cmake_force_configure': False, 'cmake_target': None, 'cmake_target_skip_unavailable': False, 'install_base': '/home/shh/ssafy_ws/install/ssafy_publisher_subscriber', 'merge_install': False, 'path': '/home/shh/ssafy_ws/src/ssafy_publisher_subscriber', 'symlink_install': True, 'test_result_base': None}
[0.644s] Level 5:colcon.colcon_core.verb:set package 'tf_broadcaster' build argument 'cmake_args' from command line to 'None'
[0.644s] Level 5:colcon.colcon_core.verb:set package 'tf_broadcaster' build argument 'cmake_target' from command line to 'None'
[0.644s] Level 5:colcon.colcon_core.verb:set package 'tf_broadcaster' build argument 'cmake_target_skip_unavailable' from command line to 'False'
[0.644s] Level 5:colcon.colcon_core.verb:set package 'tf_broadcaster' build argument 'cmake_clean_cache' from command line to 'False'
[0.644s] Level 5:colcon.colcon_core.verb:set package 'tf_broadcaster' build argument 'cmake_clean_first' from command line to 'False'
[0.644s] Level 5:colcon.colcon_core.verb:set package 'tf_broadcaster' build argument 'cmake_force_configure' from command line to 'False'
[0.644s] Level 5:colcon.colcon_core.verb:set package 'tf_broadcaster' build argument 'ament_cmake_args' from command line to 'None'
[0.644s] Level 5:colcon.colcon_core.verb:set package 'tf_broadcaster' build argument 'catkin_cmake_args' from command line to 'None'
[0.644s] Level 5:colcon.colcon_core.verb:set package 'tf_broadcaster' build argument 'catkin_skip_building_tests' from command line to 'False'
[0.644s] DEBUG:colcon.colcon_core.verb:Building package 'tf_broadcaster' with the following arguments: {'ament_cmake_args': None, 'build_base': '/home/shh/ssafy_ws/build/tf_broadcaster', 'catkin_cmake_args': None, 'catkin_skip_building_tests': False, 'cmake_args': None, 'cmake_clean_cache': False, 'cmake_clean_first': False, 'cmake_force_configure': False, 'cmake_target': None, 'cmake_target_skip_unavailable': False, 'install_base': '/home/shh/ssafy_ws/install/tf_broadcaster', 'merge_install': False, 'path': '/home/shh/ssafy_ws/src/tf_broadcaster', 'symlink_install': True, 'test_result_base': None}
[0.651s] Level 5:colcon.colcon_core.verb:set package 'turtle_controller' build argument 'cmake_args' from command line to 'None'
[0.651s] Level 5:colcon.colcon_core.verb:set package 'turtle_controller' build argument 'cmake_target' from command line to 'None'
[0.651s] Level 5:colcon.colcon_core.verb:set package 'turtle_controller' build argument 'cmake_target_skip_unavailable' from command line to 'False'
[0.651s] Level 5:colcon.colcon_core.verb:set package 'turtle_controller' build argument 'cmake_clean_cache' from command line to 'False'
[0.651s] Level 5:colcon.colcon_core.verb:set package 'turtle_controller' build argument 'cmake_clean_first' from command line to 'False'
[0.651s] Level 5:colcon.colcon_core.verb:set package 'turtle_controller' build argument 'cmake_force_configure' from command line to 'False'
[0.651s] Level 5:colcon.colcon_core.verb:set package 'turtle_controller' build argument 'ament_cmake_args' from command line to 'None'
[0.651s] Level 5:colcon.colcon_core.verb:set package 'turtle_controller' build argument 'catkin_cmake_args' from command line to 'None'
[0.651s] Level 5:colcon.colcon_core.verb:set package 'turtle_controller' build argument 'catkin_skip_building_tests' from command line to 'False'
[0.651s] DEBUG:colcon.colcon_core.verb:Building package 'turtle_controller' with the following arguments: {'ament_cmake_args': None, 'build_base': '/home/shh/ssafy_ws/build/turtle_controller', 'catkin_cmake_args': None, 'catkin_skip_building_tests': False, 'cmake_args': None, 'cmake_clean_cache': False, 'cmake_clean_first': False, 'cmake_force_configure': False, 'cmake_target': None, 'cmake_target_skip_unavailable': False, 'install_base': '/home/shh/ssafy_ws/install/turtle_controller', 'merge_install': False, 'path': '/home/shh/ssafy_ws/src/turtle_controller', 'symlink_install': True, 'test_result_base': None}
[0.658s] Level 5:colcon.colcon_core.verb:set package 'turtle_spawner' build argument 'cmake_args' from command line to 'None'
[0.658s] Level 5:colcon.colcon_core.verb:set package 'turtle_spawner' build argument 'cmake_target' from command line to 'None'
[0.658s] Level 5:colcon.colcon_core.verb:set package 'turtle_spawner' build argument 'cmake_target_skip_unavailable' from command line to 'False'
[0.658s] Level 5:colcon.colcon_core.verb:set package 'turtle_spawner' build argument 'cmake_clean_cache' from command line to 'False'
[0.658s] Level 5:colcon.colcon_core.verb:set package 'turtle_spawner' build argument 'cmake_clean_first' from command line to 'False'
[0.658s] Level 5:colcon.colcon_core.verb:set package 'turtle_spawner' build argument 'cmake_force_configure' from command line to 'False'
[0.658s] Level 5:colcon.colcon_core.verb:set package 'turtle_spawner' build argument 'ament_cmake_args' from command line to 'None'
[0.658s] Level 5:colcon.colcon_core.verb:set package 'turtle_spawner' build argument 'catkin_cmake_args' from command line to 'None'
[0.658s] Level 5:colcon.colcon_core.verb:set package 'turtle_spawner' build argument 'catkin_skip_building_tests' from command line to 'False'
[0.658s] DEBUG:colcon.colcon_core.verb:Building package 'turtle_spawner' with the following arguments: {'ament_cmake_args': None, 'build_base': '/home/shh/ssafy_ws/build/turtle_spawner', 'catkin_cmake_args': None, 'catkin_skip_building_tests': False, 'cmake_args': None, 'cmake_clean_cache': False, 'cmake_clean_first': False, 'cmake_force_configure': False, 'cmake_target': None, 'cmake_target_skip_unavailable': False, 'install_base': '/home/shh/ssafy_ws/install/turtle_spawner', 'merge_install': False, 'path': '/home/shh/ssafy_ws/src/turtle_spawner', 'symlink_install': True, 'test_result_base': None}
[0.664s] Level 5:colcon.colcon_core.verb:set package 'yolo_pkg' build argument 'cmake_args' from command line to 'None'
[0.664s] Level 5:colcon.colcon_core.verb:set package 'yolo_pkg' build argument 'cmake_target' from command line to 'None'
[0.664s] Level 5:colcon.colcon_core.verb:set package 'yolo_pkg' build argument 'cmake_target_skip_unavailable' from command line to 'False'
[0.665s] Level 5:colcon.colcon_core.verb:set package 'yolo_pkg' build argument 'cmake_clean_cache' from command line to 'False'
[0.665s] Level 5:colcon.colcon_core.verb:set package 'yolo_pkg' build argument 'cmake_clean_first' from command line to 'False'
[0.665s] Level 5:colcon.colcon_core.verb:set package 'yolo_pkg' build argument 'cmake_force_configure' from command line to 'False'
[0.665s] Level 5:colcon.colcon_core.verb:set package 'yolo_pkg' build argument 'ament_cmake_args' from command line to 'None'
[0.665s] Level 5:colcon.colcon_core.verb:set package 'yolo_pkg' build argument 'catkin_cmake_args' from command line to 'None'
[0.665s] Level 5:colcon.colcon_core.verb:set package 'yolo_pkg' build argument 'catkin_skip_building_tests' from command line to 'False'
[0.665s] DEBUG:colcon.colcon_core.verb:Building package 'yolo_pkg' with the following arguments: {'ament_cmake_args': None, 'build_base': '/home/shh/ssafy_ws/build/yolo_pkg', 'catkin_cmake_args': None, 'catkin_skip_building_tests': False, 'cmake_args': None, 'cmake_clean_cache': False, 'cmake_clean_first': False, 'cmake_force_configure': False, 'cmake_target': None, 'cmake_target_skip_unavailable': False, 'install_base': '/home/shh/ssafy_ws/install/yolo_pkg', 'merge_install': False, 'path': '/home/shh/ssafy_ws/src/yolo_pkg', 'symlink_install': True, 'test_result_base': None}
[0.666s] INFO:colcon.colcon_core.executor:Executing jobs using 'parallel' executor
[0.677s] DEBUG:colcon.colcon_parallel_executor.executor.parallel:run_until_complete
[0.678s] INFO:colcon.colcon_ros.task.ament_python.build:Building ROS package in '/home/shh/ssafy_ws/src/250114' with build type 'ament_python'
[0.678s] Level 1:colcon.colcon_core.shell:create_environment_hook('250114', 'ament_prefix_path')
[0.686s] INFO:colcon.colcon_core.plugin_system:Skipping extension 'colcon_core.shell.bat': Not used on non-Windows systems
[0.686s] INFO:colcon.colcon_core.shell:Creating environment hook '/home/shh/ssafy_ws/install/250114/share/250114/hook/ament_prefix_path.ps1'
[0.687s] INFO:colcon.colcon_core.shell:Creating environment descriptor '/home/shh/ssafy_ws/install/250114/share/250114/hook/ament_prefix_path.dsv'
[0.687s] INFO:colcon.colcon_core.shell:Creating environment hook '/home/shh/ssafy_ws/install/250114/share/250114/hook/ament_prefix_path.sh'
[0.692s] INFO:colcon.colcon_core.shell:Skip shell extension 'powershell' for command environment: Not usable outside of PowerShell
[0.692s] DEBUG:colcon.colcon_core.shell:Skip shell extension 'dsv' for command environment
[0.709s] INFO:colcon.colcon_ros.task.ament_python.build:Building ROS package in '/home/shh/ssafy_ws/src/my_python_pkg' with build type 'ament_python'
[0.709s] Level 1:colcon.colcon_core.shell:create_environment_hook('my_python_pkg', 'ament_prefix_path')
[0.721s] INFO:colcon.colcon_core.shell:Creating environment hook '/home/shh/ssafy_ws/install/my_python_pkg/share/my_python_pkg/hook/ament_prefix_path.ps1'
[0.721s] INFO:colcon.colcon_core.shell:Creating environment descriptor '/home/shh/ssafy_ws/install/my_python_pkg/share/my_python_pkg/hook/ament_prefix_path.dsv'
[0.722s] INFO:colcon.colcon_core.shell:Creating environment hook '/home/shh/ssafy_ws/install/my_python_pkg/share/my_python_pkg/hook/ament_prefix_path.sh'
[0.726s] INFO:colcon.colcon_core.shell:Skip shell extension 'powershell' for command environment: Not usable outside of PowerShell
[0.726s] DEBUG:colcon.colcon_core.shell:Skip shell extension 'dsv' for command environment
[0.741s] INFO:colcon.colcon_ros.task.ament_python.build:Building ROS package in '/home/shh/ssafy_ws/src/simple_car_tf' with build type 'ament_python'
[0.742s] Level 1:colcon.colcon_core.shell:create_environment_hook('simple_car_tf', 'ament_prefix_path')
[0.748s] INFO:colcon.colcon_core.shell:Creating environment hook '/home/shh/ssafy_ws/install/simple_car_tf/share/simple_car_tf/hook/ament_prefix_path.ps1'
[0.749s] INFO:colcon.colcon_core.shell:Creating environment descriptor '/home/shh/ssafy_ws/install/simple_car_tf/share/simple_car_tf/hook/ament_prefix_path.dsv'
[0.749s] INFO:colcon.colcon_core.shell:Creating environment hook '/home/shh/ssafy_ws/install/simple_car_tf/share/simple_car_tf/hook/ament_prefix_path.sh'
[0.753s] INFO:colcon.colcon_core.shell:Skip shell extension 'powershell' for command environment: Not usable outside of PowerShell
[0.753s] DEBUG:colcon.colcon_core.shell:Skip shell extension 'dsv' for command environment
[0.770s] INFO:colcon.colcon_ros.task.ament_python.build:Building ROS package in '/home/shh/ssafy_ws/src/simple_publisher' with build type 'ament_python'
[0.771s] Level 1:colcon.colcon_core.shell:create_environment_hook('simple_publisher', 'ament_prefix_path')
[0.779s] INFO:colcon.colcon_core.shell:Creating environment hook '/home/shh/ssafy_ws/install/simple_publisher/share/simple_publisher/hook/ament_prefix_path.ps1'
[0.780s] INFO:colcon.colcon_core.shell:Creating environment descriptor '/home/shh/ssafy_ws/install/simple_publisher/share/simple_publisher/hook/ament_prefix_path.dsv'
[0.780s] INFO:colcon.colcon_core.shell:Creating environment hook '/home/shh/ssafy_ws/install/simple_publisher/share/simple_publisher/hook/ament_prefix_path.sh'
[0.784s] INFO:colcon.colcon_core.shell:Skip shell extension 'powershell' for command environment: Not usable outside of PowerShell
[0.785s] DEBUG:colcon.colcon_core.shell:Skip shell extension 'dsv' for command environment
[0.800s] INFO:colcon.colcon_ros.task.ament_python.build:Building ROS package in '/home/shh/ssafy_ws/src/simple_subscriber' with build type 'ament_python'
[0.800s] Level 1:colcon.colcon_core.shell:create_environment_hook('simple_subscriber', 'ament_prefix_path')
[0.806s] INFO:colcon.colcon_core.shell:Creating environment hook '/home/shh/ssafy_ws/install/simple_subscriber/share/simple_subscriber/hook/ament_prefix_path.ps1'
[0.808s] INFO:colcon.colcon_core.shell:Creating environment descriptor '/home/shh/ssafy_ws/install/simple_subscriber/share/simple_subscriber/hook/ament_prefix_path.dsv'
[0.809s] INFO:colcon.colcon_core.shell:Creating environment hook '/home/shh/ssafy_ws/install/simple_subscriber/share/simple_subscriber/hook/ament_prefix_path.sh'
[0.814s] INFO:colcon.colcon_core.shell:Skip shell extension 'powershell' for command environment: Not usable outside of PowerShell
[0.815s] DEBUG:colcon.colcon_core.shell:Skip shell extension 'dsv' for command environment
[0.831s] INFO:colcon.colcon_ros.task.ament_cmake.build:Building ROS package in '/home/shh/ssafy_ws/src/ssafy_publisher_subscriber' with build type 'ament_cmake'
[0.831s] INFO:colcon.colcon_cmake.task.cmake.build:Building CMake package in '/home/shh/ssafy_ws/src/ssafy_publisher_subscriber'
[0.836s] INFO:colcon.colcon_core.shell:Skip shell extension 'powershell' for command environment: Not usable outside of PowerShell
[0.836s] DEBUG:colcon.colcon_core.shell:Skip shell extension 'dsv' for command environment
[0.862s] INFO:colcon.colcon_ros.task.ament_python.build:Building ROS package in '/home/shh/ssafy_ws/src/tf_broadcaster' with build type 'ament_python'
[0.863s] Level 1:colcon.colcon_core.shell:create_environment_hook('tf_broadcaster', 'ament_prefix_path')
[0.873s] INFO:colcon.colcon_core.shell:Creating environment hook '/home/shh/ssafy_ws/install/tf_broadcaster/share/tf_broadcaster/hook/ament_prefix_path.ps1'
[0.874s] INFO:colcon.colcon_core.shell:Creating environment descriptor '/home/shh/ssafy_ws/install/tf_broadcaster/share/tf_broadcaster/hook/ament_prefix_path.dsv'
[0.874s] INFO:colcon.colcon_core.shell:Creating environment hook '/home/shh/ssafy_ws/install/tf_broadcaster/share/tf_broadcaster/hook/ament_prefix_path.sh'
[0.878s] INFO:colcon.colcon_core.shell:Skip shell extension 'powershell' for command environment: Not usable outside of PowerShell
[0.878s] DEBUG:colcon.colcon_core.shell:Skip shell extension 'dsv' for command environment
[0.895s] INFO:colcon.colcon_ros.task.ament_python.build:Building ROS package in '/home/shh/ssafy_ws/src/turtle_controller' with build type 'ament_python'
[0.895s] Level 1:colcon.colcon_core.shell:create_environment_hook('turtle_controller', 'ament_prefix_path')
[0.903s] INFO:colcon.colcon_core.shell:Creating environment hook '/home/shh/ssafy_ws/install/turtle_controller/share/turtle_controller/hook/ament_prefix_path.ps1'
[0.905s] INFO:colcon.colcon_core.shell:Creating environment descriptor '/home/shh/ssafy_ws/install/turtle_controller/share/turtle_controller/hook/ament_prefix_path.dsv'
[0.905s] INFO:colcon.colcon_core.shell:Creating environment hook '/home/shh/ssafy_ws/install/turtle_controller/share/turtle_controller/hook/ament_prefix_path.sh'
[0.911s] INFO:colcon.colcon_core.shell:Skip shell extension 'powershell' for command environment: Not usable outside of PowerShell
[0.911s] DEBUG:colcon.colcon_core.shell:Skip shell extension 'dsv' for command environment
[0.929s] INFO:colcon.colcon_ros.task.ament_python.build:Building ROS package in '/home/shh/ssafy_ws/src/turtle_spawner' with build type 'ament_python'
[0.930s] Level 1:colcon.colcon_core.shell:create_environment_hook('turtle_spawner', 'ament_prefix_path')
[0.935s] INFO:colcon.colcon_core.shell:Creating environment hook '/home/shh/ssafy_ws/install/turtle_spawner/share/turtle_spawner/hook/ament_prefix_path.ps1'
[0.936s] INFO:colcon.colcon_core.shell:Creating environment descriptor '/home/shh/ssafy_ws/install/turtle_spawner/share/turtle_spawner/hook/ament_prefix_path.dsv'
[0.937s] INFO:colcon.colcon_core.shell:Creating environment hook '/home/shh/ssafy_ws/install/turtle_spawner/share/turtle_spawner/hook/ament_prefix_path.sh'
[0.947s] INFO:colcon.colcon_core.shell:Skip shell extension 'powershell' for command environment: Not usable outside of PowerShell
[0.947s] DEBUG:colcon.colcon_core.shell:Skip shell extension 'dsv' for command environment
[0.966s] INFO:colcon.colcon_ros.task.ament_python.build:Building ROS package in '/home/shh/ssafy_ws/src/yolo_pkg' with build type 'ament_python'
[0.966s] Level 1:colcon.colcon_core.shell:create_environment_hook('yolo_pkg', 'ament_prefix_path')
[0.971s] INFO:colcon.colcon_core.shell:Creating environment hook '/home/shh/ssafy_ws/install/yolo_pkg/share/yolo_pkg/hook/ament_prefix_path.ps1'
[0.972s] INFO:colcon.colcon_core.shell:Creating environment descriptor '/home/shh/ssafy_ws/install/yolo_pkg/share/yolo_pkg/hook/ament_prefix_path.dsv'
[0.972s] INFO:colcon.colcon_core.shell:Creating environment hook '/home/shh/ssafy_ws/install/yolo_pkg/share/yolo_pkg/hook/ament_prefix_path.sh'
[0.983s] INFO:colcon.colcon_core.shell:Skip shell extension 'powershell' for command environment: Not usable outside of PowerShell
[0.983s] DEBUG:colcon.colcon_core.shell:Skip shell extension 'dsv' for command environment
[1.268s] INFO:colcon.colcon_core.task.python.build:Building Python package in '/home/shh/ssafy_ws/src/250114'
[1.273s] INFO:colcon.colcon_core.shell:Skip shell extension 'powershell' for command environment: Not usable outside of PowerShell
[1.273s] DEBUG:colcon.colcon_core.shell:Skip shell extension 'dsv' for command environment
[1.538s] INFO:colcon.colcon_core.task.python.build:Building Python package in '/home/shh/ssafy_ws/src/my_python_pkg'
[1.543s] INFO:colcon.colcon_core.shell:Skip shell extension 'powershell' for command environment: Not usable outside of PowerShell
[1.543s] DEBUG:colcon.colcon_core.shell:Skip shell extension 'dsv' for command environment
[1.813s] INFO:colcon.colcon_core.task.python.build:Building Python package in '/home/shh/ssafy_ws/src/simple_car_tf'
[1.823s] INFO:colcon.colcon_core.shell:Skip shell extension 'powershell' for command environment: Not usable outside of PowerShell
[1.823s] DEBUG:colcon.colcon_core.shell:Skip shell extension 'dsv' for command environment
[2.080s] INFO:colcon.colcon_core.task.python.build:Building Python package in '/home/shh/ssafy_ws/src/simple_publisher'
[2.089s] INFO:colcon.colcon_core.shell:Skip shell extension 'powershell' for command environment: Not usable outside of PowerShell
[2.089s] DEBUG:colcon.colcon_core.shell:Skip shell extension 'dsv' for command environment
[2.356s] INFO:colcon.colcon_core.task.python.build:Building Python package in '/home/shh/ssafy_ws/src/simple_subscriber'
[2.367s] INFO:colcon.colcon_core.shell:Skip shell extension 'powershell' for command environment: Not usable outside of PowerShell
[2.368s] DEBUG:colcon.colcon_core.shell:Skip shell extension 'dsv' for command environment
[2.390s] DEBUG:colcon.colcon_core.event_handler.log_command:Invoking command in '/home/shh/ssafy_ws/build/ssafy_publisher_subscriber': CMAKE_PREFIX_PATH=${CMAKE_PREFIX_PATH}:/home/shh/ssafy_ws/install/yolo_pkg:/home/shh/ssafy_ws/install/turtle_spawner:/home/shh/ssafy_ws/install/turtle_controller:/home/shh/ssafy_ws/install/tf_broadcaster:/home/shh/ssafy_ws/install/simple_subscriber:/home/shh/ssafy_ws/install/simple_publisher:/home/shh/ssafy_ws/install/simple_car_tf:/home/shh/ssafy_ws/install/my_python_pkg:/home/shh/ssafy_ws/install/250114:/opt/ros/foxy /usr/bin/cmake --build /home/shh/ssafy_ws/build/ssafy_publisher_subscriber -- -j16 -l16
[2.649s] INFO:colcon.colcon_core.task.python.build:Building Python package in '/home/shh/ssafy_ws/src/tf_broadcaster'
[2.658s] INFO:colcon.colcon_core.shell:Skip shell extension 'powershell' for command environment: Not usable outside of PowerShell
[2.658s] DEBUG:colcon.colcon_core.shell:Skip shell extension 'dsv' for command environment
[2.940s] INFO:colcon.colcon_core.task.python.build:Building Python package in '/home/shh/ssafy_ws/src/turtle_controller'
[2.945s] INFO:colcon.colcon_core.shell:Skip shell extension 'powershell' for command environment: Not usable outside of PowerShell
[2.945s] DEBUG:colcon.colcon_core.shell:Skip shell extension 'dsv' for command environment
[3.216s] INFO:colcon.colcon_core.task.python.build:Building Python package in '/home/shh/ssafy_ws/src/turtle_spawner'
[3.226s] INFO:colcon.colcon_core.shell:Skip shell extension 'powershell' for command environment: Not usable outside of PowerShell
[3.226s] DEBUG:colcon.colcon_core.shell:Skip shell extension 'dsv' for command environment
[3.488s] INFO:colcon.colcon_core.task.python.build:Building Python package in '/home/shh/ssafy_ws/src/yolo_pkg'
[3.497s] INFO:colcon.colcon_core.shell:Skip shell extension 'powershell' for command environment: Not usable outside of PowerShell
[3.497s] DEBUG:colcon.colcon_core.shell:Skip shell extension 'dsv' for command environment
[3.524s] DEBUG:colcon.colcon_core.event_handler.log_command:Invoked command in '/home/shh/ssafy_ws/build/ssafy_publisher_subscriber' returned '0': CMAKE_PREFIX_PATH=${CMAKE_PREFIX_PATH}:/home/shh/ssafy_ws/install/yolo_pkg:/home/shh/ssafy_ws/install/turtle_spawner:/home/shh/ssafy_ws/install/turtle_controller:/home/shh/ssafy_ws/install/tf_broadcaster:/home/shh/ssafy_ws/install/simple_subscriber:/home/shh/ssafy_ws/install/simple_publisher:/home/shh/ssafy_ws/install/simple_car_tf:/home/shh/ssafy_ws/install/my_python_pkg:/home/shh/ssafy_ws/install/250114:/opt/ros/foxy /usr/bin/cmake --build /home/shh/ssafy_ws/build/ssafy_publisher_subscriber -- -j16 -l16
[3.612s] DEBUG:colcon.colcon_core.event_handler.log_command:Invoking command in '/home/shh/ssafy_ws/build/ssafy_publisher_subscriber': CMAKE_PREFIX_PATH=${CMAKE_PREFIX_PATH}:/home/shh/ssafy_ws/install/yolo_pkg:/home/shh/ssafy_ws/install/turtle_spawner:/home/shh/ssafy_ws/install/turtle_controller:/home/shh/ssafy_ws/install/tf_broadcaster:/home/shh/ssafy_ws/install/simple_subscriber:/home/shh/ssafy_ws/install/simple_publisher:/home/shh/ssafy_ws/install/simple_car_tf:/home/shh/ssafy_ws/install/my_python_pkg:/home/shh/ssafy_ws/install/250114:/opt/ros/foxy /usr/bin/cmake --install /home/shh/ssafy_ws/build/ssafy_publisher_subscriber
[3.651s] Level 1:colcon.colcon_core.environment:create_environment_scripts_only(ssafy_publisher_subscriber)
[3.654s] DEBUG:colcon.colcon_core.event_handler.log_command:Invoked command in '/home/shh/ssafy_ws/build/ssafy_publisher_subscriber' returned '0': CMAKE_PREFIX_PATH=${CMAKE_PREFIX_PATH}:/home/shh/ssafy_ws/install/yolo_pkg:/home/shh/ssafy_ws/install/turtle_spawner:/home/shh/ssafy_ws/install/turtle_controller:/home/shh/ssafy_ws/install/tf_broadcaster:/home/shh/ssafy_ws/install/simple_subscriber:/home/shh/ssafy_ws/install/simple_publisher:/home/shh/ssafy_ws/install/simple_car_tf:/home/shh/ssafy_ws/install/my_python_pkg:/home/shh/ssafy_ws/install/250114:/opt/ros/foxy /usr/bin/cmake --install /home/shh/ssafy_ws/build/ssafy_publisher_subscriber
[3.666s] Level 1:colcon.colcon_core.environment:checking '/home/shh/ssafy_ws/install/ssafy_publisher_subscriber' for CMake module files
[3.666s] Level 1:colcon.colcon_core.environment:checking '/home/shh/ssafy_ws/install/ssafy_publisher_subscriber' for CMake config files
[3.667s] Level 1:colcon.colcon_core.shell:create_environment_hook('ssafy_publisher_subscriber', 'cmake_prefix_path')
[3.675s] INFO:colcon.colcon_core.shell:Creating environment hook '/home/shh/ssafy_ws/install/ssafy_publisher_subscriber/share/ssafy_publisher_subscriber/hook/cmake_prefix_path.ps1'
[3.676s] INFO:colcon.colcon_core.shell:Creating environment descriptor '/home/shh/ssafy_ws/install/ssafy_publisher_subscriber/share/ssafy_publisher_subscriber/hook/cmake_prefix_path.dsv'
[3.677s] INFO:colcon.colcon_core.shell:Creating environment hook '/home/shh/ssafy_ws/install/ssafy_publisher_subscriber/share/ssafy_publisher_subscriber/hook/cmake_prefix_path.sh'
[3.678s] Level 1:colcon.colcon_core.environment:checking '/home/shh/ssafy_ws/install/ssafy_publisher_subscriber/lib'
[3.678s] Level 1:colcon.colcon_core.environment:checking '/home/shh/ssafy_ws/install/ssafy_publisher_subscriber/bin'
[3.678s] Level 1:colcon.colcon_core.environment:checking '/home/shh/ssafy_ws/install/ssafy_publisher_subscriber/lib/pkgconfig/ssafy_publisher_subscriber.pc'
[3.678s] Level 1:colcon.colcon_core.environment:checking '/home/shh/ssafy_ws/install/ssafy_publisher_subscriber/lib/python3.8/site-packages'
[3.679s] Level 1:colcon.colcon_core.environment:checking '/home/shh/ssafy_ws/install/ssafy_publisher_subscriber/bin'
[3.687s] INFO:colcon.colcon_core.shell:Creating package script '/home/shh/ssafy_ws/install/ssafy_publisher_subscriber/share/ssafy_publisher_subscriber/package.ps1'
[3.688s] INFO:colcon.colcon_core.shell:Creating package descriptor '/home/shh/ssafy_ws/install/ssafy_publisher_subscriber/share/ssafy_publisher_subscriber/package.dsv'
[3.689s] INFO:colcon.colcon_core.shell:Creating package script '/home/shh/ssafy_ws/install/ssafy_publisher_subscriber/share/ssafy_publisher_subscriber/package.sh'
[3.690s] INFO:colcon.colcon_core.shell:Creating package script '/home/shh/ssafy_ws/install/ssafy_publisher_subscriber/share/ssafy_publisher_subscriber/package.bash'
[3.692s] INFO:colcon.colcon_core.shell:Creating package script '/home/shh/ssafy_ws/install/ssafy_publisher_subscriber/share/ssafy_publisher_subscriber/package.zsh'
[3.693s] Level 1:colcon.colcon_core.environment:create_file_with_runtime_dependencies(/home/shh/ssafy_ws/install/ssafy_publisher_subscriber/share/colcon-core/packages/ssafy_publisher_subscriber)
[3.746s] Level 1:colcon.colcon_core.environment:create_environment_scripts_only(ssafy_publisher_subscriber)
[3.756s] Level 1:colcon.colcon_core.environment:checking '/home/shh/ssafy_ws/install/ssafy_publisher_subscriber' for CMake module files
[3.757s] Level 1:colcon.colcon_core.environment:checking '/home/shh/ssafy_ws/install/ssafy_publisher_subscriber' for CMake config files
[3.758s] Level 1:colcon.colcon_core.shell:create_environment_hook('ssafy_publisher_subscriber', 'cmake_prefix_path')
[3.766s] INFO:colcon.colcon_core.shell:Creating environment hook '/home/shh/ssafy_ws/install/ssafy_publisher_subscriber/share/ssafy_publisher_subscriber/hook/cmake_prefix_path.ps1'
[3.767s] INFO:colcon.colcon_core.shell:Creating environment descriptor '/home/shh/ssafy_ws/install/ssafy_publisher_subscriber/share/ssafy_publisher_subscriber/hook/cmake_prefix_path.dsv'
[3.768s] INFO:colcon.colcon_core.shell:Creating environment hook '/home/shh/ssafy_ws/install/ssafy_publisher_subscriber/share/ssafy_publisher_subscriber/hook/cmake_prefix_path.sh'
[3.769s] Level 1:colcon.colcon_core.environment:checking '/home/shh/ssafy_ws/install/ssafy_publisher_subscriber/lib'
[3.769s] Level 1:colcon.colcon_core.environment:checking '/home/shh/ssafy_ws/install/ssafy_publisher_subscriber/bin'
[3.769s] Level 1:colcon.colcon_core.environment:checking '/home/shh/ssafy_ws/install/ssafy_publisher_subscriber/lib/pkgconfig/ssafy_publisher_subscriber.pc'
[3.769s] Level 1:colcon.colcon_core.environment:checking '/home/shh/ssafy_ws/install/ssafy_publisher_subscriber/lib/python3.8/site-packages'
[3.770s] Level 1:colcon.colcon_core.environment:checking '/home/shh/ssafy_ws/install/ssafy_publisher_subscriber/bin'
[3.778s] INFO:colcon.colcon_core.shell:Creating package script '/home/shh/ssafy_ws/install/ssafy_publisher_subscriber/share/ssafy_publisher_subscriber/package.ps1'
[3.779s] INFO:colcon.colcon_core.shell:Creating package descriptor '/home/shh/ssafy_ws/install/ssafy_publisher_subscriber/share/ssafy_publisher_subscriber/package.dsv'
[3.780s] INFO:colcon.colcon_core.shell:Creating package script '/home/shh/ssafy_ws/install/ssafy_publisher_subscriber/share/ssafy_publisher_subscriber/package.sh'
[3.781s] INFO:colcon.colcon_core.shell:Creating package script '/home/shh/ssafy_ws/install/ssafy_publisher_subscriber/share/ssafy_publisher_subscriber/package.bash'
[3.781s] INFO:colcon.colcon_core.shell:Creating package script '/home/shh/ssafy_ws/install/ssafy_publisher_subscriber/share/ssafy_publisher_subscriber/package.zsh'
[3.782s] Level 1:colcon.colcon_core.environment:create_file_with_runtime_dependencies(/home/shh/ssafy_ws/install/ssafy_publisher_subscriber/share/colcon-core/packages/ssafy_publisher_subscriber)
[4.108s] DEBUG:colcon.colcon_core.event_handler.log_command:Invoking command in '/home/shh/ssafy_ws/build/simple_publisher': PYTHONPATH=/home/shh/ssafy_ws/build/simple_publisher/prefix_override:/home/shh/ssafy_ws/install/simple_publisher/lib/python3.8/site-packages:${PYTHONPATH} /usr/bin/python3 setup.py develop --editable --build-directory /home/shh/ssafy_ws/build/simple_publisher/build --no-deps install_data
[4.115s] DEBUG:colcon.colcon_core.event_handler.log_command:Invoking command in '/home/shh/ssafy_ws/build/simple_subscriber': PYTHONPATH=/home/shh/ssafy_ws/build/simple_subscriber/prefix_override:/home/shh/ssafy_ws/install/simple_subscriber/lib/python3.8/site-packages:${PYTHONPATH} /usr/bin/python3 setup.py develop --editable --build-directory /home/shh/ssafy_ws/build/simple_subscriber/build --no-deps install_data
[4.149s] DEBUG:colcon.colcon_core.event_handler.log_command:Invoking command in '/home/shh/ssafy_ws/build/my_python_pkg': PYTHONPATH=/home/shh/ssafy_ws/build/my_python_pkg/prefix_override:/home/shh/ssafy_ws/install/my_python_pkg/lib/python3.8/site-packages:${PYTHONPATH} /usr/bin/python3 setup.py develop --editable --build-directory /home/shh/ssafy_ws/build/my_python_pkg/build --no-deps install_data
[4.156s] DEBUG:colcon.colcon_core.event_handler.log_command:Invoking command in '/home/shh/ssafy_ws/build/turtle_spawner': PYTHONPATH=/home/shh/ssafy_ws/build/turtle_spawner/prefix_override:/home/shh/ssafy_ws/install/turtle_spawner/lib/python3.8/site-packages:${PYTHONPATH} /usr/bin/python3 setup.py develop --editable --build-directory /home/shh/ssafy_ws/build/turtle_spawner/build --no-deps install_data
[4.166s] DEBUG:colcon.colcon_core.event_handler.log_command:Invoking command in '/home/shh/ssafy_ws/build/250114': PYTHONPATH=/home/shh/ssafy_ws/build/250114/prefix_override:/home/shh/ssafy_ws/install/250114/lib/python3.8/site-packages:${PYTHONPATH} /usr/bin/python3 setup.py develop --editable --build-directory /home/shh/ssafy_ws/build/250114/build --no-deps install_data
[4.220s] DEBUG:colcon.colcon_core.event_handler.log_command:Invoking command in '/home/shh/ssafy_ws/build/simple_car_tf': PYTHONPATH=/home/shh/ssafy_ws/build/simple_car_tf/prefix_override:/home/shh/ssafy_ws/install/simple_car_tf/lib/python3.8/site-packages:${PYTHONPATH} /usr/bin/python3 setup.py develop --editable --build-directory /home/shh/ssafy_ws/build/simple_car_tf/build --no-deps install_data
[4.237s] DEBUG:colcon.colcon_core.event_handler.log_command:Invoking command in '/home/shh/ssafy_ws/build/yolo_pkg': PYTHONPATH=/home/shh/ssafy_ws/build/yolo_pkg/prefix_override:/home/shh/ssafy_ws/install/yolo_pkg/lib/python3.8/site-packages:${PYTHONPATH} /usr/bin/python3 setup.py develop --editable --build-directory /home/shh/ssafy_ws/build/yolo_pkg/build --no-deps install_data
[4.255s] DEBUG:colcon.colcon_core.event_handler.log_command:Invoking command in '/home/shh/ssafy_ws/build/tf_broadcaster': PYTHONPATH=/home/shh/ssafy_ws/build/tf_broadcaster/prefix_override:/home/shh/ssafy_ws/install/tf_broadcaster/lib/python3.8/site-packages:${PYTHONPATH} /usr/bin/python3 setup.py develop --editable --build-directory /home/shh/ssafy_ws/build/tf_broadcaster/build --no-deps install_data
[4.286s] DEBUG:colcon.colcon_core.event_handler.log_command:Invoking command in '/home/shh/ssafy_ws/build/turtle_controller': PYTHONPATH=/home/shh/ssafy_ws/build/turtle_controller/prefix_override:/home/shh/ssafy_ws/install/turtle_controller/lib/python3.8/site-packages:${PYTHONPATH} /usr/bin/python3 setup.py develop --editable --build-directory /home/shh/ssafy_ws/build/turtle_controller/build --no-deps install_data
[4.752s] Level 1:colcon.colcon_core.shell:create_environment_hook('simple_publisher', 'pythonpath_develop')
[4.760s] INFO:colcon.colcon_core.shell:Creating environment hook '/home/shh/ssafy_ws/build/simple_publisher/share/simple_publisher/hook/pythonpath_develop.ps1'
[4.761s] INFO:colcon.colcon_core.shell:Creating environment descriptor '/home/shh/ssafy_ws/build/simple_publisher/share/simple_publisher/hook/pythonpath_develop.dsv'
[4.762s] DEBUG:colcon.colcon_core.event_handler.log_command:Invoked command in '/home/shh/ssafy_ws/build/simple_publisher' returned '0': PYTHONPATH=/home/shh/ssafy_ws/build/simple_publisher/prefix_override:/home/shh/ssafy_ws/install/simple_publisher/lib/python3.8/site-packages:${PYTHONPATH} /usr/bin/python3 setup.py develop --editable --build-directory /home/shh/ssafy_ws/build/simple_publisher/build --no-deps install_data
[4.763s] INFO:colcon.colcon_core.shell:Creating environment hook '/home/shh/ssafy_ws/build/simple_publisher/share/simple_publisher/hook/pythonpath_develop.sh'
[4.770s] Level 1:colcon.colcon_core.environment:checking '/home/shh/ssafy_ws/install/simple_publisher' for CMake module files
[4.771s] Level 1:colcon.colcon_core.environment:checking '/home/shh/ssafy_ws/install/simple_publisher' for CMake config files
[4.772s] Level 1:colcon.colcon_core.environment:checking '/home/shh/ssafy_ws/install/simple_publisher/lib'
[4.772s] Level 1:colcon.colcon_core.environment:checking '/home/shh/ssafy_ws/install/simple_publisher/bin'
[4.773s] Level 1:colcon.colcon_core.environment:checking '/home/shh/ssafy_ws/install/simple_publisher/lib/pkgconfig/simple_publisher.pc'
[4.773s] Level 1:colcon.colcon_core.environment:checking '/home/shh/ssafy_ws/install/simple_publisher/lib/python3.8/site-packages'
[4.773s] Level 1:colcon.colcon_core.shell:create_environment_hook('simple_publisher', 'pythonpath')
[4.778s] INFO:colcon.colcon_core.shell:Creating environment hook '/home/shh/ssafy_ws/install/simple_publisher/share/simple_publisher/hook/pythonpath.ps1'
[4.778s] INFO:colcon.colcon_core.shell:Creating environment descriptor '/home/shh/ssafy_ws/install/simple_publisher/share/simple_publisher/hook/pythonpath.dsv'
[4.779s] INFO:colcon.colcon_core.shell:Creating environment hook '/home/shh/ssafy_ws/install/simple_publisher/share/simple_publisher/hook/pythonpath.sh'
[4.779s] Level 1:colcon.colcon_core.environment:checking '/home/shh/ssafy_ws/install/simple_publisher/bin'
[4.780s] Level 1:colcon.colcon_core.environment:create_environment_scripts_only(simple_publisher)
[4.785s] INFO:colcon.colcon_core.shell:Creating package script '/home/shh/ssafy_ws/install/simple_publisher/share/simple_publisher/package.ps1'
[4.788s] INFO:colcon.colcon_core.shell:Creating package descriptor '/home/shh/ssafy_ws/install/simple_publisher/share/simple_publisher/package.dsv'
[4.790s] INFO:colcon.colcon_core.shell:Creating package script '/home/shh/ssafy_ws/install/simple_publisher/share/simple_publisher/package.sh'
[4.791s] INFO:colcon.colcon_core.shell:Creating package script '/home/shh/ssafy_ws/install/simple_publisher/share/simple_publisher/package.bash'
[4.791s] INFO:colcon.colcon_core.shell:Creating package script '/home/shh/ssafy_ws/install/simple_publisher/share/simple_publisher/package.zsh'
[4.792s] Level 1:colcon.colcon_core.environment:create_file_with_runtime_dependencies(/home/shh/ssafy_ws/install/simple_publisher/share/colcon-core/packages/simple_publisher)
[4.793s] Level 1:colcon.colcon_core.shell:create_environment_hook('simple_subscriber', 'pythonpath_develop')
[4.799s] INFO:colcon.colcon_core.shell:Creating environment hook '/home/shh/ssafy_ws/build/simple_subscriber/share/simple_subscriber/hook/pythonpath_develop.ps1'
[4.799s] DEBUG:colcon.colcon_core.event_handler.log_command:Invoked command in '/home/shh/ssafy_ws/build/simple_subscriber' returned '0': PYTHONPATH=/home/shh/ssafy_ws/build/simple_subscriber/prefix_override:/home/shh/ssafy_ws/install/simple_subscriber/lib/python3.8/site-packages:${PYTHONPATH} /usr/bin/python3 setup.py develop --editable --build-directory /home/shh/ssafy_ws/build/simple_subscriber/build --no-deps install_data
[4.800s] INFO:colcon.colcon_core.shell:Creating environment descriptor '/home/shh/ssafy_ws/build/simple_subscriber/share/simple_subscriber/hook/pythonpath_develop.dsv'
[4.800s] INFO:colcon.colcon_core.shell:Creating environment hook '/home/shh/ssafy_ws/build/simple_subscriber/share/simple_subscriber/hook/pythonpath_develop.sh'
[4.807s] Level 1:colcon.colcon_core.environment:checking '/home/shh/ssafy_ws/install/simple_subscriber' for CMake module files
[4.808s] Level 1:colcon.colcon_core.environment:checking '/home/shh/ssafy_ws/install/simple_subscriber' for CMake config files
[4.808s] Level 1:colcon.colcon_core.environment:checking '/home/shh/ssafy_ws/install/simple_subscriber/lib'
[4.808s] Level 1:colcon.colcon_core.environment:checking '/home/shh/ssafy_ws/install/simple_subscriber/bin'
[4.808s] Level 1:colcon.colcon_core.environment:checking '/home/shh/ssafy_ws/install/simple_subscriber/lib/pkgconfig/simple_subscriber.pc'
[4.808s] Level 1:colcon.colcon_core.environment:checking '/home/shh/ssafy_ws/install/simple_subscriber/lib/python3.8/site-packages'
[4.808s] Level 1:colcon.colcon_core.shell:create_environment_hook('simple_subscriber', 'pythonpath')
[4.814s] INFO:colcon.colcon_core.shell:Creating environment hook '/home/shh/ssafy_ws/install/simple_subscriber/share/simple_subscriber/hook/pythonpath.ps1'
[4.814s] INFO:colcon.colcon_core.shell:Creating environment descriptor '/home/shh/ssafy_ws/install/simple_subscriber/share/simple_subscriber/hook/pythonpath.dsv'
[4.815s] INFO:colcon.colcon_core.shell:Creating environment hook '/home/shh/ssafy_ws/install/simple_subscriber/share/simple_subscriber/hook/pythonpath.sh'
[4.815s] Level 1:colcon.colcon_core.environment:checking '/home/shh/ssafy_ws/install/simple_subscriber/bin'
[4.815s] Level 1:colcon.colcon_core.environment:create_environment_scripts_only(simple_subscriber)
[4.821s] INFO:colcon.colcon_core.shell:Creating package script '/home/shh/ssafy_ws/install/simple_subscriber/share/simple_subscriber/package.ps1'
[4.822s] INFO:colcon.colcon_core.shell:Creating package descriptor '/home/shh/ssafy_ws/install/simple_subscriber/share/simple_subscriber/package.dsv'
[4.823s] INFO:colcon.colcon_core.shell:Creating package script '/home/shh/ssafy_ws/install/simple_subscriber/share/simple_subscriber/package.sh'
[4.823s] INFO:colcon.colcon_core.shell:Creating package script '/home/shh/ssafy_ws/install/simple_subscriber/share/simple_subscriber/package.bash'
[4.824s] INFO:colcon.colcon_core.shell:Creating package script '/home/shh/ssafy_ws/install/simple_subscriber/share/simple_subscriber/package.zsh'
[4.825s] Level 1:colcon.colcon_core.environment:create_file_with_runtime_dependencies(/home/shh/ssafy_ws/install/simple_subscriber/share/colcon-core/packages/simple_subscriber)
[4.826s] Level 1:colcon.colcon_core.shell:create_environment_hook('my_python_pkg', 'pythonpath_develop')
[4.837s] INFO:colcon.colcon_core.shell:Creating environment hook '/home/shh/ssafy_ws/build/my_python_pkg/share/my_python_pkg/hook/pythonpath_develop.ps1'
[4.838s] DEBUG:colcon.colcon_core.event_handler.log_command:Invoked command in '/home/shh/ssafy_ws/build/my_python_pkg' returned '0': PYTHONPATH=/home/shh/ssafy_ws/build/my_python_pkg/prefix_override:/home/shh/ssafy_ws/install/my_python_pkg/lib/python3.8/site-packages:${PYTHONPATH} /usr/bin/python3 setup.py develop --editable --build-directory /home/shh/ssafy_ws/build/my_python_pkg/build --no-deps install_data
[4.838s] INFO:colcon.colcon_core.shell:Creating environment descriptor '/home/shh/ssafy_ws/build/my_python_pkg/share/my_python_pkg/hook/pythonpath_develop.dsv'
[4.840s] INFO:colcon.colcon_core.shell:Creating environment hook '/home/shh/ssafy_ws/build/my_python_pkg/share/my_python_pkg/hook/pythonpath_develop.sh'
[4.852s] Level 1:colcon.colcon_core.environment:checking '/home/shh/ssafy_ws/install/my_python_pkg' for CMake module files
[4.853s] Level 1:colcon.colcon_core.environment:checking '/home/shh/ssafy_ws/install/my_python_pkg' for CMake config files
[4.853s] Level 1:colcon.colcon_core.environment:checking '/home/shh/ssafy_ws/install/my_python_pkg/lib'
[4.854s] Level 1:colcon.colcon_core.environment:checking '/home/shh/ssafy_ws/install/my_python_pkg/bin'
[4.854s] Level 1:colcon.colcon_core.environment:checking '/home/shh/ssafy_ws/install/my_python_pkg/lib/pkgconfig/my_python_pkg.pc'
[4.854s] Level 1:colcon.colcon_core.environment:checking '/home/shh/ssafy_ws/install/my_python_pkg/lib/python3.8/site-packages'
[4.854s] Level 1:colcon.colcon_core.shell:create_environment_hook('my_python_pkg', 'pythonpath')
[4.859s] INFO:colcon.colcon_core.shell:Creating environment hook '/home/shh/ssafy_ws/install/my_python_pkg/share/my_python_pkg/hook/pythonpath.ps1'
[4.860s] INFO:colcon.colcon_core.shell:Creating environment descriptor '/home/shh/ssafy_ws/install/my_python_pkg/share/my_python_pkg/hook/pythonpath.dsv'
[4.861s] INFO:colcon.colcon_core.shell:Creating environment hook '/home/shh/ssafy_ws/install/my_python_pkg/share/my_python_pkg/hook/pythonpath.sh'
[4.862s] Level 1:colcon.colcon_core.environment:checking '/home/shh/ssafy_ws/install/my_python_pkg/bin'
[4.862s] Level 1:colcon.colcon_core.environment:create_environment_scripts_only(my_python_pkg)
[4.872s] INFO:colcon.colcon_core.shell:Creating package script '/home/shh/ssafy_ws/install/my_python_pkg/share/my_python_pkg/package.ps1'
[4.873s] INFO:colcon.colcon_core.shell:Creating package descriptor '/home/shh/ssafy_ws/install/my_python_pkg/share/my_python_pkg/package.dsv'
[4.873s] INFO:colcon.colcon_core.shell:Creating package script '/home/shh/ssafy_ws/install/my_python_pkg/share/my_python_pkg/package.sh'
[4.874s] INFO:colcon.colcon_core.shell:Creating package script '/home/shh/ssafy_ws/install/my_python_pkg/share/my_python_pkg/package.bash'
[4.875s] INFO:colcon.colcon_core.shell:Creating package script '/home/shh/ssafy_ws/install/my_python_pkg/share/my_python_pkg/package.zsh'
[4.875s] Level 1:colcon.colcon_core.environment:create_file_with_runtime_dependencies(/home/shh/ssafy_ws/install/my_python_pkg/share/colcon-core/packages/my_python_pkg)
[4.876s] Level 1:colcon.colcon_core.shell:create_environment_hook('250114', 'pythonpath_develop')
[4.880s] INFO:colcon.colcon_core.shell:Creating environment hook '/home/shh/ssafy_ws/build/250114/share/250114/hook/pythonpath_develop.ps1'
[4.881s] INFO:colcon.colcon_core.shell:Creating environment descriptor '/home/shh/ssafy_ws/build/250114/share/250114/hook/pythonpath_develop.dsv'
[4.881s] DEBUG:colcon.colcon_core.event_handler.log_command:Invoked command in '/home/shh/ssafy_ws/build/250114' returned '0': PYTHONPATH=/home/shh/ssafy_ws/build/250114/prefix_override:/home/shh/ssafy_ws/install/250114/lib/python3.8/site-packages:${PYTHONPATH} /usr/bin/python3 setup.py develop --editable --build-directory /home/shh/ssafy_ws/build/250114/build --no-deps install_data
[4.882s] INFO:colcon.colcon_core.shell:Creating environment hook '/home/shh/ssafy_ws/build/250114/share/250114/hook/pythonpath_develop.sh'
[4.887s] Level 1:colcon.colcon_core.environment:checking '/home/shh/ssafy_ws/install/250114' for CMake module files
[4.888s] Level 1:colcon.colcon_core.environment:checking '/home/shh/ssafy_ws/install/250114' for CMake config files
[4.889s] Level 1:colcon.colcon_core.environment:checking '/home/shh/ssafy_ws/install/250114/lib'
[4.889s] Level 1:colcon.colcon_core.environment:checking '/home/shh/ssafy_ws/install/250114/bin'
[4.889s] Level 1:colcon.colcon_core.environment:checking '/home/shh/ssafy_ws/install/250114/lib/pkgconfig/250114.pc'
[4.889s] Level 1:colcon.colcon_core.environment:checking '/home/shh/ssafy_ws/install/250114/lib/python3.8/site-packages'
[4.889s] Level 1:colcon.colcon_core.shell:create_environment_hook('250114', 'pythonpath')
[4.894s] INFO:colcon.colcon_core.shell:Creating environment hook '/home/shh/ssafy_ws/install/250114/share/250114/hook/pythonpath.ps1'
[4.895s] INFO:colcon.colcon_core.shell:Creating environment descriptor '/home/shh/ssafy_ws/install/250114/share/250114/hook/pythonpath.dsv'
[4.895s] INFO:colcon.colcon_core.shell:Creating environment hook '/home/shh/ssafy_ws/install/250114/share/250114/hook/pythonpath.sh'
[4.896s] Level 1:colcon.colcon_core.environment:checking '/home/shh/ssafy_ws/install/250114/bin'
[4.896s] Level 1:colcon.colcon_core.environment:create_environment_scripts_only(250114)
[4.900s] INFO:colcon.colcon_core.shell:Creating package script '/home/shh/ssafy_ws/install/250114/share/250114/package.ps1'
[4.901s] INFO:colcon.colcon_core.shell:Creating package descriptor '/home/shh/ssafy_ws/install/250114/share/250114/package.dsv'
[4.901s] INFO:colcon.colcon_core.shell:Creating package script '/home/shh/ssafy_ws/install/250114/share/250114/package.sh'
[4.902s] INFO:colcon.colcon_core.shell:Creating package script '/home/shh/ssafy_ws/install/250114/share/250114/package.bash'
[4.902s] INFO:colcon.colcon_core.shell:Creating package script '/home/shh/ssafy_ws/install/250114/share/250114/package.zsh'
[4.902s] Level 1:colcon.colcon_core.environment:create_file_with_runtime_dependencies(/home/shh/ssafy_ws/install/250114/share/colcon-core/packages/250114)
[4.904s] Level 1:colcon.colcon_core.shell:create_environment_hook('tf_broadcaster', 'pythonpath_develop')
[4.909s] INFO:colcon.colcon_core.shell:Creating environment hook '/home/shh/ssafy_ws/build/tf_broadcaster/share/tf_broadcaster/hook/pythonpath_develop.ps1'
[4.910s] DEBUG:colcon.colcon_core.event_handler.log_command:Invoked command in '/home/shh/ssafy_ws/build/tf_broadcaster' returned '0': PYTHONPATH=/home/shh/ssafy_ws/build/tf_broadcaster/prefix_override:/home/shh/ssafy_ws/install/tf_broadcaster/lib/python3.8/site-packages:${PYTHONPATH} /usr/bin/python3 setup.py develop --editable --build-directory /home/shh/ssafy_ws/build/tf_broadcaster/build --no-deps install_data
[4.910s] INFO:colcon.colcon_core.shell:Creating environment descriptor '/home/shh/ssafy_ws/build/tf_broadcaster/share/tf_broadcaster/hook/pythonpath_develop.dsv'
[4.910s] INFO:colcon.colcon_core.shell:Creating environment hook '/home/shh/ssafy_ws/build/tf_broadcaster/share/tf_broadcaster/hook/pythonpath_develop.sh'
[4.917s] Level 1:colcon.colcon_core.environment:checking '/home/shh/ssafy_ws/install/tf_broadcaster' for CMake module files
[4.918s] Level 1:colcon.colcon_core.environment:checking '/home/shh/ssafy_ws/install/tf_broadcaster' for CMake config files
[4.919s] Level 1:colcon.colcon_core.environment:checking '/home/shh/ssafy_ws/install/tf_broadcaster/lib'
[4.919s] Level 1:colcon.colcon_core.environment:checking '/home/shh/ssafy_ws/install/tf_broadcaster/bin'
[4.919s] Level 1:colcon.colcon_core.environment:checking '/home/shh/ssafy_ws/install/tf_broadcaster/lib/pkgconfig/tf_broadcaster.pc'
[4.919s] Level 1:colcon.colcon_core.environment:checking '/home/shh/ssafy_ws/install/tf_broadcaster/lib/python3.8/site-packages'
[4.919s] Level 1:colcon.colcon_core.shell:create_environment_hook('tf_broadcaster', 'pythonpath')
[4.924s] INFO:colcon.colcon_core.shell:Creating environment hook '/home/shh/ssafy_ws/install/tf_broadcaster/share/tf_broadcaster/hook/pythonpath.ps1'
[4.924s] INFO:colcon.colcon_core.shell:Creating environment descriptor '/home/shh/ssafy_ws/install/tf_broadcaster/share/tf_broadcaster/hook/pythonpath.dsv'
[4.925s] INFO:colcon.colcon_core.shell:Creating environment hook '/home/shh/ssafy_ws/install/tf_broadcaster/share/tf_broadcaster/hook/pythonpath.sh'
[4.925s] Level 1:colcon.colcon_core.environment:checking '/home/shh/ssafy_ws/install/tf_broadcaster/bin'
[4.925s] Level 1:colcon.colcon_core.environment:create_environment_scripts_only(tf_broadcaster)
[4.930s] INFO:colcon.colcon_core.shell:Creating package script '/home/shh/ssafy_ws/install/tf_broadcaster/share/tf_broadcaster/package.ps1'
[4.930s] INFO:colcon.colcon_core.shell:Creating package descriptor '/home/shh/ssafy_ws/install/tf_broadcaster/share/tf_broadcaster/package.dsv'
[4.931s] INFO:colcon.colcon_core.shell:Creating package script '/home/shh/ssafy_ws/install/tf_broadcaster/share/tf_broadcaster/package.sh'
[4.931s] INFO:colcon.colcon_core.shell:Creating package script '/home/shh/ssafy_ws/install/tf_broadcaster/share/tf_broadcaster/package.bash'
[4.931s] INFO:colcon.colcon_core.shell:Creating package script '/home/shh/ssafy_ws/install/tf_broadcaster/share/tf_broadcaster/package.zsh'
[4.932s] Level 1:colcon.colcon_core.environment:create_file_with_runtime_dependencies(/home/shh/ssafy_ws/install/tf_broadcaster/share/colcon-core/packages/tf_broadcaster)
[4.932s] Level 1:colcon.colcon_core.shell:create_environment_hook('turtle_spawner', 'pythonpath_develop')
[4.937s] INFO:colcon.colcon_core.shell:Creating environment hook '/home/shh/ssafy_ws/build/turtle_spawner/share/turtle_spawner/hook/pythonpath_develop.ps1'
[4.937s] INFO:colcon.colcon_core.shell:Creating environment descriptor '/home/shh/ssafy_ws/build/turtle_spawner/share/turtle_spawner/hook/pythonpath_develop.dsv'
[4.938s] INFO:colcon.colcon_core.shell:Creating environment hook '/home/shh/ssafy_ws/build/turtle_spawner/share/turtle_spawner/hook/pythonpath_develop.sh'
[4.939s] DEBUG:colcon.colcon_core.event_handler.log_command:Invoked command in '/home/shh/ssafy_ws/build/turtle_spawner' returned '0': PYTHONPATH=/home/shh/ssafy_ws/build/turtle_spawner/prefix_override:/home/shh/ssafy_ws/install/turtle_spawner/lib/python3.8/site-packages:${PYTHONPATH} /usr/bin/python3 setup.py develop --editable --build-directory /home/shh/ssafy_ws/build/turtle_spawner/build --no-deps install_data
[4.946s] Level 1:colcon.colcon_core.environment:checking '/home/shh/ssafy_ws/install/turtle_spawner' for CMake module files
[4.946s] Level 1:colcon.colcon_core.environment:checking '/home/shh/ssafy_ws/install/turtle_spawner' for CMake config files
[4.947s] Level 1:colcon.colcon_core.environment:checking '/home/shh/ssafy_ws/install/turtle_spawner/lib'
[4.948s] Level 1:colcon.colcon_core.environment:checking '/home/shh/ssafy_ws/install/turtle_spawner/bin'
[4.948s] Level 1:colcon.colcon_core.environment:checking '/home/shh/ssafy_ws/install/turtle_spawner/lib/pkgconfig/turtle_spawner.pc'
[4.948s] Level 1:colcon.colcon_core.environment:checking '/home/shh/ssafy_ws/install/turtle_spawner/lib/python3.8/site-packages'
[4.948s] Level 1:colcon.colcon_core.shell:create_environment_hook('turtle_spawner', 'pythonpath')
[4.955s] INFO:colcon.colcon_core.shell:Creating environment hook '/home/shh/ssafy_ws/install/turtle_spawner/share/turtle_spawner/hook/pythonpath.ps1'
[4.956s] INFO:colcon.colcon_core.shell:Creating environment descriptor '/home/shh/ssafy_ws/install/turtle_spawner/share/turtle_spawner/hook/pythonpath.dsv'
[4.956s] INFO:colcon.colcon_core.shell:Creating environment hook '/home/shh/ssafy_ws/install/turtle_spawner/share/turtle_spawner/hook/pythonpath.sh'
[4.956s] Level 1:colcon.colcon_core.environment:checking '/home/shh/ssafy_ws/install/turtle_spawner/bin'
[4.956s] Level 1:colcon.colcon_core.environment:create_environment_scripts_only(turtle_spawner)
[4.961s] INFO:colcon.colcon_core.shell:Creating package script '/home/shh/ssafy_ws/install/turtle_spawner/share/turtle_spawner/package.ps1'
[4.962s] INFO:colcon.colcon_core.shell:Creating package descriptor '/home/shh/ssafy_ws/install/turtle_spawner/share/turtle_spawner/package.dsv'
[4.962s] INFO:colcon.colcon_core.shell:Creating package script '/home/shh/ssafy_ws/install/turtle_spawner/share/turtle_spawner/package.sh'
[4.962s] INFO:colcon.colcon_core.shell:Creating package script '/home/shh/ssafy_ws/install/turtle_spawner/share/turtle_spawner/package.bash'
[4.963s] INFO:colcon.colcon_core.shell:Creating package script '/home/shh/ssafy_ws/install/turtle_spawner/share/turtle_spawner/package.zsh'
[4.963s] Level 1:colcon.colcon_core.environment:create_file_with_runtime_dependencies(/home/shh/ssafy_ws/install/turtle_spawner/share/colcon-core/packages/turtle_spawner)
[4.964s] Level 1:colcon.colcon_core.shell:create_environment_hook('simple_car_tf', 'pythonpath_develop')
[4.969s] INFO:colcon.colcon_core.shell:Creating environment hook '/home/shh/ssafy_ws/build/simple_car_tf/share/simple_car_tf/hook/pythonpath_develop.ps1'
[4.971s] DEBUG:colcon.colcon_core.event_handler.log_command:Invoked command in '/home/shh/ssafy_ws/build/simple_car_tf' returned '0': PYTHONPATH=/home/shh/ssafy_ws/build/simple_car_tf/prefix_override:/home/shh/ssafy_ws/install/simple_car_tf/lib/python3.8/site-packages:${PYTHONPATH} /usr/bin/python3 setup.py develop --editable --build-directory /home/shh/ssafy_ws/build/simple_car_tf/build --no-deps install_data
[4.971s] INFO:colcon.colcon_core.shell:Creating environment descriptor '/home/shh/ssafy_ws/build/simple_car_tf/share/simple_car_tf/hook/pythonpath_develop.dsv'
[4.972s] INFO:colcon.colcon_core.shell:Creating environment hook '/home/shh/ssafy_ws/build/simple_car_tf/share/simple_car_tf/hook/pythonpath_develop.sh'
[4.979s] Level 1:colcon.colcon_core.environment:checking '/home/shh/ssafy_ws/install/simple_car_tf' for CMake module files
[4.980s] Level 1:colcon.colcon_core.environment:checking '/home/shh/ssafy_ws/install/simple_car_tf' for CMake config files
[4.980s] Level 1:colcon.colcon_core.environment:checking '/home/shh/ssafy_ws/install/simple_car_tf/lib'
[4.980s] Level 1:colcon.colcon_core.environment:checking '/home/shh/ssafy_ws/install/simple_car_tf/bin'
[4.980s] Level 1:colcon.colcon_core.environment:checking '/home/shh/ssafy_ws/install/simple_car_tf/lib/pkgconfig/simple_car_tf.pc'
[4.980s] Level 1:colcon.colcon_core.environment:checking '/home/shh/ssafy_ws/install/simple_car_tf/lib/python3.8/site-packages'
[4.980s] Level 1:colcon.colcon_core.shell:create_environment_hook('simple_car_tf', 'pythonpath')
[4.985s] INFO:colcon.colcon_core.shell:Creating environment hook '/home/shh/ssafy_ws/install/simple_car_tf/share/simple_car_tf/hook/pythonpath.ps1'
[4.985s] INFO:colcon.colcon_core.shell:Creating environment descriptor '/home/shh/ssafy_ws/install/simple_car_tf/share/simple_car_tf/hook/pythonpath.dsv'
[4.985s] INFO:colcon.colcon_core.shell:Creating environment hook '/home/shh/ssafy_ws/install/simple_car_tf/share/simple_car_tf/hook/pythonpath.sh'
[4.986s] Level 1:colcon.colcon_core.environment:checking '/home/shh/ssafy_ws/install/simple_car_tf/bin'
[4.986s] Level 1:colcon.colcon_core.environment:create_environment_scripts_only(simple_car_tf)
[4.990s] INFO:colcon.colcon_core.shell:Creating package script '/home/shh/ssafy_ws/install/simple_car_tf/share/simple_car_tf/package.ps1'
[4.991s] INFO:colcon.colcon_core.shell:Creating package descriptor '/home/shh/ssafy_ws/install/simple_car_tf/share/simple_car_tf/package.dsv'
[4.991s] INFO:colcon.colcon_core.shell:Creating package script '/home/shh/ssafy_ws/install/simple_car_tf/share/simple_car_tf/package.sh'
[4.991s] INFO:colcon.colcon_core.shell:Creating package script '/home/shh/ssafy_ws/install/simple_car_tf/share/simple_car_tf/package.bash'
[4.992s] INFO:colcon.colcon_core.shell:Creating package script '/home/shh/ssafy_ws/install/simple_car_tf/share/simple_car_tf/package.zsh'
[4.992s] Level 1:colcon.colcon_core.environment:create_file_with_runtime_dependencies(/home/shh/ssafy_ws/install/simple_car_tf/share/colcon-core/packages/simple_car_tf)
[4.993s] Level 1:colcon.colcon_core.shell:create_environment_hook('turtle_controller', 'pythonpath_develop')
[4.997s] INFO:colcon.colcon_core.shell:Creating environment hook '/home/shh/ssafy_ws/build/turtle_controller/share/turtle_controller/hook/pythonpath_develop.ps1'
[4.998s] DEBUG:colcon.colcon_core.event_handler.log_command:Invoked command in '/home/shh/ssafy_ws/build/turtle_controller' returned '0': PYTHONPATH=/home/shh/ssafy_ws/build/turtle_controller/prefix_override:/home/shh/ssafy_ws/install/turtle_controller/lib/python3.8/site-packages:${PYTHONPATH} /usr/bin/python3 setup.py develop --editable --build-directory /home/shh/ssafy_ws/build/turtle_controller/build --no-deps install_data
[4.998s] INFO:colcon.colcon_core.shell:Creating environment descriptor '/home/shh/ssafy_ws/build/turtle_controller/share/turtle_controller/hook/pythonpath_develop.dsv'
[4.998s] INFO:colcon.colcon_core.shell:Creating environment hook '/home/shh/ssafy_ws/build/turtle_controller/share/turtle_controller/hook/pythonpath_develop.sh'
[5.003s] Level 1:colcon.colcon_core.environment:checking '/home/shh/ssafy_ws/install/turtle_controller' for CMake module files
[5.004s] Level 1:colcon.colcon_core.environment:checking '/home/shh/ssafy_ws/install/turtle_controller' for CMake config files
[5.004s] Level 1:colcon.colcon_core.environment:checking '/home/shh/ssafy_ws/install/turtle_controller/lib'
[5.004s] Level 1:colcon.colcon_core.environment:checking '/home/shh/ssafy_ws/install/turtle_controller/bin'
[5.004s] Level 1:colcon.colcon_core.environment:checking '/home/shh/ssafy_ws/install/turtle_controller/lib/pkgconfig/turtle_controller.pc'
[5.004s] Level 1:colcon.colcon_core.environment:checking '/home/shh/ssafy_ws/install/turtle_controller/lib/python3.8/site-packages'
[5.005s] Level 1:colcon.colcon_core.shell:create_environment_hook('turtle_controller', 'pythonpath')
[5.009s] INFO:colcon.colcon_core.shell:Creating environment hook '/home/shh/ssafy_ws/install/turtle_controller/share/turtle_controller/hook/pythonpath.ps1'
[5.009s] INFO:colcon.colcon_core.shell:Creating environment descriptor '/home/shh/ssafy_ws/install/turtle_controller/share/turtle_controller/hook/pythonpath.dsv'
[5.010s] INFO:colcon.colcon_core.shell:Creating environment hook '/home/shh/ssafy_ws/install/turtle_controller/share/turtle_controller/hook/pythonpath.sh'
[5.010s] Level 1:colcon.colcon_core.environment:checking '/home/shh/ssafy_ws/install/turtle_controller/bin'
[5.010s] Level 1:colcon.colcon_core.environment:create_environment_scripts_only(turtle_controller)
[5.015s] INFO:colcon.colcon_core.shell:Creating package script '/home/shh/ssafy_ws/install/turtle_controller/share/turtle_controller/package.ps1'
[5.016s] INFO:colcon.colcon_core.shell:Creating package descriptor '/home/shh/ssafy_ws/install/turtle_controller/share/turtle_controller/package.dsv'
[5.016s] INFO:colcon.colcon_core.shell:Creating package script '/home/shh/ssafy_ws/install/turtle_controller/share/turtle_controller/package.sh'
[5.016s] INFO:colcon.colcon_core.shell:Creating package script '/home/shh/ssafy_ws/install/turtle_controller/share/turtle_controller/package.bash'
[5.016s] INFO:colcon.colcon_core.shell:Creating package script '/home/shh/ssafy_ws/install/turtle_controller/share/turtle_controller/package.zsh'
[5.017s] Level 1:colcon.colcon_core.environment:create_file_with_runtime_dependencies(/home/shh/ssafy_ws/install/turtle_controller/share/colcon-core/packages/turtle_controller)
[5.017s] Level 1:colcon.colcon_core.shell:create_environment_hook('yolo_pkg', 'pythonpath_develop')
[5.022s] INFO:colcon.colcon_core.shell:Creating environment hook '/home/shh/ssafy_ws/build/yolo_pkg/share/yolo_pkg/hook/pythonpath_develop.ps1'
[5.022s] INFO:colcon.colcon_core.shell:Creating environment descriptor '/home/shh/ssafy_ws/build/yolo_pkg/share/yolo_pkg/hook/pythonpath_develop.dsv'
[5.023s] DEBUG:colcon.colcon_core.event_handler.log_command:Invoked command in '/home/shh/ssafy_ws/build/yolo_pkg' returned '0': PYTHONPATH=/home/shh/ssafy_ws/build/yolo_pkg/prefix_override:/home/shh/ssafy_ws/install/yolo_pkg/lib/python3.8/site-packages:${PYTHONPATH} /usr/bin/python3 setup.py develop --editable --build-directory /home/shh/ssafy_ws/build/yolo_pkg/build --no-deps install_data
[5.023s] INFO:colcon.colcon_core.shell:Creating environment hook '/home/shh/ssafy_ws/build/yolo_pkg/share/yolo_pkg/hook/pythonpath_develop.sh'
[5.028s] Level 1:colcon.colcon_core.environment:checking '/home/shh/ssafy_ws/install/yolo_pkg' for CMake module files
[5.029s] Level 1:colcon.colcon_core.environment:checking '/home/shh/ssafy_ws/install/yolo_pkg' for CMake config files
[5.029s] Level 1:colcon.colcon_core.environment:checking '/home/shh/ssafy_ws/install/yolo_pkg/lib'
[5.029s] Level 1:colcon.colcon_core.environment:checking '/home/shh/ssafy_ws/install/yolo_pkg/bin'
[5.029s] Level 1:colcon.colcon_core.environment:checking '/home/shh/ssafy_ws/install/yolo_pkg/lib/pkgconfig/yolo_pkg.pc'
[5.029s] Level 1:colcon.colcon_core.environment:checking '/home/shh/ssafy_ws/install/yolo_pkg/lib/python3.8/site-packages'
[5.029s] Level 1:colcon.colcon_core.shell:create_environment_hook('yolo_pkg', 'pythonpath')
[5.034s] INFO:colcon.colcon_core.shell:Creating environment hook '/home/shh/ssafy_ws/install/yolo_pkg/share/yolo_pkg/hook/pythonpath.ps1'
[5.034s] INFO:colcon.colcon_core.shell:Creating environment descriptor '/home/shh/ssafy_ws/install/yolo_pkg/share/yolo_pkg/hook/pythonpath.dsv'
[5.034s] INFO:colcon.colcon_core.shell:Creating environment hook '/home/shh/ssafy_ws/install/yolo_pkg/share/yolo_pkg/hook/pythonpath.sh'
[5.035s] Level 1:colcon.colcon_core.environment:checking '/home/shh/ssafy_ws/install/yolo_pkg/bin'
[5.035s] Level 1:colcon.colcon_core.environment:create_environment_scripts_only(yolo_pkg)
[5.039s] INFO:colcon.colcon_core.shell:Creating package script '/home/shh/ssafy_ws/install/yolo_pkg/share/yolo_pkg/package.ps1'
[5.039s] INFO:colcon.colcon_core.shell:Creating package descriptor '/home/shh/ssafy_ws/install/yolo_pkg/share/yolo_pkg/package.dsv'
[5.040s] INFO:colcon.colcon_core.shell:Creating package script '/home/shh/ssafy_ws/install/yolo_pkg/share/yolo_pkg/package.sh'
[5.040s] INFO:colcon.colcon_core.shell:Creating package script '/home/shh/ssafy_ws/install/yolo_pkg/share/yolo_pkg/package.bash'
[5.040s] INFO:colcon.colcon_core.shell:Creating package script '/home/shh/ssafy_ws/install/yolo_pkg/share/yolo_pkg/package.zsh'
[5.041s] Level 1:colcon.colcon_core.environment:create_file_with_runtime_dependencies(/home/shh/ssafy_ws/install/yolo_pkg/share/colcon-core/packages/yolo_pkg)
[5.041s] DEBUG:colcon.colcon_parallel_executor.executor.parallel:closing loop
[5.041s] DEBUG:colcon.colcon_parallel_executor.executor.parallel:loop closed
[5.041s] DEBUG:colcon.colcon_parallel_executor.executor.parallel:run_until_complete finished with '0'
[5.041s] DEBUG:colcon.colcon_core.event_reactor:joining thread
[5.050s] INFO:colcon.colcon_core.plugin_system:Skipping extension 'colcon_notification.desktop_notification.terminal_notifier': Not used on non-Darwin systems
[5.050s] INFO:colcon.colcon_core.plugin_system:Skipping extension 'colcon_notification.desktop_notification.win32': Not used on non-Windows systems
[5.050s] INFO:colcon.colcon_notification.desktop_notification:Sending desktop notification using 'notify2'
[5.069s] DEBUG:colcon.colcon_core.event_reactor:joined thread
[5.078s] INFO:colcon.colcon_core.shell:Creating prefix script '/home/shh/ssafy_ws/install/local_setup.ps1'
[5.080s] INFO:colcon.colcon_core.shell:Creating prefix util module '/home/shh/ssafy_ws/install/_local_setup_util_ps1.py'
[5.081s] INFO:colcon.colcon_core.shell:Creating prefix chain script '/home/shh/ssafy_ws/install/setup.ps1'
[5.085s] INFO:colcon.colcon_core.shell:Creating prefix script '/home/shh/ssafy_ws/install/local_setup.sh'
[5.086s] INFO:colcon.colcon_core.shell:Creating prefix util module '/home/shh/ssafy_ws/install/_local_setup_util_sh.py'
[5.086s] INFO:colcon.colcon_core.shell:Creating prefix chain script '/home/shh/ssafy_ws/install/setup.sh'
[5.091s] INFO:colcon.colcon_core.shell:Creating prefix script '/home/shh/ssafy_ws/install/local_setup.bash'
[5.091s] INFO:colcon.colcon_core.shell:Creating prefix chain script '/home/shh/ssafy_ws/install/setup.bash'
[5.096s] INFO:colcon.colcon_core.shell:Creating prefix script '/home/shh/ssafy_ws/install/local_setup.zsh'
[5.096s] INFO:colcon.colcon_core.shell:Creating prefix chain script '/home/shh/ssafy_ws/install/setup.zsh'
