running develop
running egg_info
creating simple_publisher.egg-info
writing simple_publisher.egg-info/PKG-INFO
writing dependency_links to simple_publisher.egg-info/dependency_links.txt
writing entry points to simple_publisher.egg-info/entry_points.txt
writing requirements to simple_publisher.egg-info/requires.txt
writing top-level names to simple_publisher.egg-info/top_level.txt
writing manifest file 'simple_publisher.egg-info/SOURCES.txt'
reading manifest file 'simple_publisher.egg-info/SOURCES.txt'
writing manifest file 'simple_publisher.egg-info/SOURCES.txt'
running build_ext
Creating /home/shh/ssafy_gazeboy/ssafy_ws/install/simple_publisher/lib/python3.8/site-packages/site.py
Creating /home/shh/ssafy_gazeboy/ssafy_ws/install/simple_publisher/lib/python3.8/site-packages/simple-publisher.egg-link (link to .)
Installing simple_publisher script to /home/shh/ssafy_gazeboy/ssafy_ws/install/simple_publisher/lib/simple_publisher

Installed /home/shh/ssafy_gazeboy/ssafy_ws/build/simple_publisher
running install_data
creating /home/shh/ssafy_gazeboy/ssafy_ws/install/simple_publisher/share/ament_index
creating /home/shh/ssafy_gazeboy/ssafy_ws/install/simple_publisher/share/ament_index/resource_index
creating /home/shh/ssafy_gazeboy/ssafy_ws/install/simple_publisher/share/ament_index/resource_index/packages
copying resource/simple_publisher -> /home/shh/ssafy_gazeboy/ssafy_ws/install/simple_publisher/share/ament_index/resource_index/packages
copying package.xml -> /home/shh/ssafy_gazeboy/ssafy_ws/install/simple_publisher/share/simple_publisher
