[3.072s] Invoking command in '/home/shh/ssafy_gazeboy/ssafy_ws/build/simple_publisher': PYTHONPATH=/home/shh/ssafy_gazeboy/ssafy_ws/build/simple_publisher/prefix_override:/home/shh/ssafy_gazeboy/ssafy_ws/install/simple_publisher/lib/python3.8/site-packages:${PYTHONPATH} /usr/bin/python3 setup.py develop --editable --build-directory /home/shh/ssafy_gazeboy/ssafy_ws/build/simple_publisher/build --no-deps install_data
[3.422s] running develop
[3.678s] running egg_info
[3.678s] creating simple_publisher.egg-info
[3.678s] writing simple_publisher.egg-info/PKG-INFO
[3.679s] writing dependency_links to simple_publisher.egg-info/dependency_links.txt
[3.679s] writing entry points to simple_publisher.egg-info/entry_points.txt
[3.679s] writing requirements to simple_publisher.egg-info/requires.txt
[3.679s] writing top-level names to simple_publisher.egg-info/top_level.txt
[3.679s] writing manifest file 'simple_publisher.egg-info/SOURCES.txt'
[3.723s] reading manifest file 'simple_publisher.egg-info/SOURCES.txt'
[3.724s] writing manifest file 'simple_publisher.egg-info/SOURCES.txt'
[3.770s] running build_ext
[3.770s] Creating /home/shh/ssafy_gazeboy/ssafy_ws/install/simple_publisher/lib/python3.8/site-packages/site.py
[3.770s] Creating /home/shh/ssafy_gazeboy/ssafy_ws/install/simple_publisher/lib/python3.8/site-packages/simple-publisher.egg-link (link to .)
[3.771s] Installing simple_publisher script to /home/shh/ssafy_gazeboy/ssafy_ws/install/simple_publisher/lib/simple_publisher
[3.771s] 
[3.778s] Installed /home/shh/ssafy_gazeboy/ssafy_ws/build/simple_publisher
[3.778s] running install_data
[3.778s] creating /home/shh/ssafy_gazeboy/ssafy_ws/install/simple_publisher/share/ament_index
[3.778s] creating /home/shh/ssafy_gazeboy/ssafy_ws/install/simple_publisher/share/ament_index/resource_index
[3.779s] creating /home/shh/ssafy_gazeboy/ssafy_ws/install/simple_publisher/share/ament_index/resource_index/packages
[3.779s] copying resource/simple_publisher -> /home/shh/ssafy_gazeboy/ssafy_ws/install/simple_publisher/share/ament_index/resource_index/packages
[3.779s] copying package.xml -> /home/shh/ssafy_gazeboy/ssafy_ws/install/simple_publisher/share/simple_publisher
[3.837s] Invoked command in '/home/shh/ssafy_gazeboy/ssafy_ws/build/simple_publisher' returned '0': PYTHONPATH=/home/shh/ssafy_gazeboy/ssafy_ws/build/simple_publisher/prefix_override:/home/shh/ssafy_gazeboy/ssafy_ws/install/simple_publisher/lib/python3.8/site-packages:${PYTHONPATH} /usr/bin/python3 setup.py develop --editable --build-directory /home/shh/ssafy_gazeboy/ssafy_ws/build/simple_publisher/build --no-deps install_data
