running develop
running egg_info
creating simple_car_tf.egg-info
writing simple_car_tf.egg-info/PKG-INFO
writing dependency_links to simple_car_tf.egg-info/dependency_links.txt
writing entry points to simple_car_tf.egg-info/entry_points.txt
writing requirements to simple_car_tf.egg-info/requires.txt
writing top-level names to simple_car_tf.egg-info/top_level.txt
writing manifest file 'simple_car_tf.egg-info/SOURCES.txt'
reading manifest file 'simple_car_tf.egg-info/SOURCES.txt'
writing manifest file 'simple_car_tf.egg-info/SOURCES.txt'
running build_ext
Creating /home/shh/ssafy_gazeboy/ssafy_ws/install/simple_car_tf/lib/python3.8/site-packages/site.py
Creating /home/shh/ssafy_gazeboy/ssafy_ws/install/simple_car_tf/lib/python3.8/site-packages/simple-car-tf.egg-link (link to .)
Installing move_car script to /home/shh/ssafy_gazeboy/ssafy_ws/install/simple_car_tf/lib/simple_car_tf

Installed /home/shh/ssafy_gazeboy/ssafy_ws/build/simple_car_tf
running install_data
creating /home/shh/ssafy_gazeboy/ssafy_ws/install/simple_car_tf/share/ament_index
creating /home/shh/ssafy_gazeboy/ssafy_ws/install/simple_car_tf/share/ament_index/resource_index
creating /home/shh/ssafy_gazeboy/ssafy_ws/install/simple_car_tf/share/ament_index/resource_index/packages
copying resource/simple_car_tf -> /home/shh/ssafy_gazeboy/ssafy_ws/install/simple_car_tf/share/ament_index/resource_index/packages
copying package.xml -> /home/shh/ssafy_gazeboy/ssafy_ws/install/simple_car_tf/share/simple_car_tf
