[3.122s] Invoking command in '/home/shh/ssafy_gazeboy/ssafy_ws/build/simple_car_tf': PYTHONPATH=/home/shh/ssafy_gazeboy/ssafy_ws/build/simple_car_tf/prefix_override:/home/shh/ssafy_gazeboy/ssafy_ws/install/simple_car_tf/lib/python3.8/site-packages:${PYTHONPATH} /usr/bin/python3 setup.py develop --editable --build-directory /home/shh/ssafy_gazeboy/ssafy_ws/build/simple_car_tf/build --no-deps install_data
[3.396s] running develop
[3.566s] running egg_info
[3.566s] creating simple_car_tf.egg-info
[3.567s] writing simple_car_tf.egg-info/PKG-INFO
[3.567s] writing dependency_links to simple_car_tf.egg-info/dependency_links.txt
[3.567s] writing entry points to simple_car_tf.egg-info/entry_points.txt
[3.567s] writing requirements to simple_car_tf.egg-info/requires.txt
[3.567s] writing top-level names to simple_car_tf.egg-info/top_level.txt
[3.568s] writing manifest file 'simple_car_tf.egg-info/SOURCES.txt'
[3.599s] reading manifest file 'simple_car_tf.egg-info/SOURCES.txt'
[3.599s] writing manifest file 'simple_car_tf.egg-info/SOURCES.txt'
[3.638s] running build_ext
[3.638s] Creating /home/shh/ssafy_gazeboy/ssafy_ws/install/simple_car_tf/lib/python3.8/site-packages/site.py
[3.640s] Creating /home/shh/ssafy_gazeboy/ssafy_ws/install/simple_car_tf/lib/python3.8/site-packages/simple-car-tf.egg-link (link to .)
[3.640s] Installing move_car script to /home/shh/ssafy_gazeboy/ssafy_ws/install/simple_car_tf/lib/simple_car_tf
[3.641s] 
[3.641s] Installed /home/shh/ssafy_gazeboy/ssafy_ws/build/simple_car_tf
[3.641s] running install_data
[3.641s] creating /home/shh/ssafy_gazeboy/ssafy_ws/install/simple_car_tf/share/ament_index
[3.641s] creating /home/shh/ssafy_gazeboy/ssafy_ws/install/simple_car_tf/share/ament_index/resource_index
[3.641s] creating /home/shh/ssafy_gazeboy/ssafy_ws/install/simple_car_tf/share/ament_index/resource_index/packages
[3.641s] copying resource/simple_car_tf -> /home/shh/ssafy_gazeboy/ssafy_ws/install/simple_car_tf/share/ament_index/resource_index/packages
[3.641s] copying package.xml -> /home/shh/ssafy_gazeboy/ssafy_ws/install/simple_car_tf/share/simple_car_tf
[3.774s] Invoked command in '/home/shh/ssafy_gazeboy/ssafy_ws/build/simple_car_tf' returned '0': PYTHONPATH=/home/shh/ssafy_gazeboy/ssafy_ws/build/simple_car_tf/prefix_override:/home/shh/ssafy_gazeboy/ssafy_ws/install/simple_car_tf/lib/python3.8/site-packages:${PYTHONPATH} /usr/bin/python3 setup.py develop --editable --build-directory /home/shh/ssafy_gazeboy/ssafy_ws/build/simple_car_tf/build --no-deps install_data
