[0.574s] Invoking command in '/home/ubuntu/GAZEBO_SIM/ssafy_ws/src/teleop_twist_keyboard': CONDA_PROMPT_MODIFIER=(isaaclab) PYTHONPATH=/home/ubuntu/GAZEBO_SIM/ssafy_ws/build/teleop_twist_keyboard/prefix_override:/usr/lib/python3/dist-packages/colcon_core/task/python/colcon_distutils_commands:/home/ubuntu/GAZEBO_SIM/ssafy_ws/install/teleop_twist_keyboard/lib/python3.10/site-packages:${PYTHONPATH} /usr/bin/python3 -W ignore:setup.py install is deprecated -W ignore:easy_install command is deprecated setup.py egg_info --egg-base ../../build/teleop_twist_keyboard build --build-base /home/ubuntu/GAZEBO_SIM/ssafy_ws/build/teleop_twist_keyboard/build install --record /home/ubuntu/GAZEBO_SIM/ssafy_ws/build/teleop_twist_keyboard/install.log --single-version-externally-managed install_data
[0.755s] running egg_info
[0.755s] creating ../../build/teleop_twist_keyboard/teleop_twist_keyboard.egg-info
[0.755s] writing ../../build/teleop_twist_keyboard/teleop_twist_keyboard.egg-info/PKG-INFO
[0.755s] writing dependency_links to ../../build/teleop_twist_keyboard/teleop_twist_keyboard.egg-info/dependency_links.txt
[0.756s] writing entry points to ../../build/teleop_twist_keyboard/teleop_twist_keyboard.egg-info/entry_points.txt
[0.756s] writing requirements to ../../build/teleop_twist_keyboard/teleop_twist_keyboard.egg-info/requires.txt
[0.756s] writing top-level names to ../../build/teleop_twist_keyboard/teleop_twist_keyboard.egg-info/top_level.txt
[0.756s] writing manifest file '../../build/teleop_twist_keyboard/teleop_twist_keyboard.egg-info/SOURCES.txt'
[0.757s] reading manifest file '../../build/teleop_twist_keyboard/teleop_twist_keyboard.egg-info/SOURCES.txt'
[0.757s] adding license file 'LICENSE'
[0.758s] writing manifest file '../../build/teleop_twist_keyboard/teleop_twist_keyboard.egg-info/SOURCES.txt'
[0.758s] running build
[0.758s] running build_py
[0.758s] creating /home/ubuntu/GAZEBO_SIM/ssafy_ws/build/teleop_twist_keyboard/build
[0.758s] creating /home/ubuntu/GAZEBO_SIM/ssafy_ws/build/teleop_twist_keyboard/build/lib
[0.758s] copying teleop_twist_keyboard.py -> /home/ubuntu/GAZEBO_SIM/ssafy_ws/build/teleop_twist_keyboard/build/lib
[0.758s] running install
[0.758s] running install_lib
[0.759s] copying /home/ubuntu/GAZEBO_SIM/ssafy_ws/build/teleop_twist_keyboard/build/lib/teleop_twist_keyboard.py -> /home/ubuntu/GAZEBO_SIM/ssafy_ws/install/teleop_twist_keyboard/lib/python3.10/site-packages
[0.759s] byte-compiling /home/ubuntu/GAZEBO_SIM/ssafy_ws/install/teleop_twist_keyboard/lib/python3.10/site-packages/teleop_twist_keyboard.py to teleop_twist_keyboard.cpython-310.pyc
[0.760s] running install_data
[0.760s] creating /home/ubuntu/GAZEBO_SIM/ssafy_ws/install/teleop_twist_keyboard/share/ament_index
[0.760s] creating /home/ubuntu/GAZEBO_SIM/ssafy_ws/install/teleop_twist_keyboard/share/ament_index/resource_index
[0.760s] creating /home/ubuntu/GAZEBO_SIM/ssafy_ws/install/teleop_twist_keyboard/share/ament_index/resource_index/packages
[0.760s] copying resource/teleop_twist_keyboard -> /home/ubuntu/GAZEBO_SIM/ssafy_ws/install/teleop_twist_keyboard/share/ament_index/resource_index/packages
[0.760s] copying package.xml -> /home/ubuntu/GAZEBO_SIM/ssafy_ws/install/teleop_twist_keyboard/share/teleop_twist_keyboard
[0.761s] running install_egg_info
[0.762s] Copying ../../build/teleop_twist_keyboard/teleop_twist_keyboard.egg-info to /home/ubuntu/GAZEBO_SIM/ssafy_ws/install/teleop_twist_keyboard/lib/python3.10/site-packages/teleop_twist_keyboard-2.3.2-py3.10.egg-info
[0.763s] running install_scripts
[0.779s] Installing teleop_twist_keyboard script to /home/ubuntu/GAZEBO_SIM/ssafy_ws/install/teleop_twist_keyboard/lib/teleop_twist_keyboard
[0.779s] writing list of installed files to '/home/ubuntu/GAZEBO_SIM/ssafy_ws/build/teleop_twist_keyboard/install.log'
