[0.019s] Invoking command in '/home/shh/ssafy_gazeboy/ssafy_ws/build/turtlebot3_bringup': AMENT_PREFIX_PATH=/home/shh/ssafy_gazeboy/ssafy_ws/install/turtlebot3_node:/home/shh/ssafy_gazeboy/ssafy_ws/install/turtlebot3_msgs:/home/shh/ssafy_gazeboy/ssafy_ws/install/turtlebot3_description:${AMENT_PREFIX_PATH} CMAKE_PREFIX_PATH=/home/shh/ssafy_gazeboy/ssafy_ws/install/turtlebot3_node:/home/shh/ssafy_gazeboy/ssafy_ws/install/turtlebot3_msgs:/home/shh/ssafy_gazeboy/ssafy_ws/install/turtlebot3_description:/opt/ros/foxy LD_LIBRARY_PATH=/home/shh/ssafy_gazeboy/ssafy_ws/install/turtlebot3_msgs/lib:${LD_LIBRARY_PATH} PYTHONPATH=/home/shh/ssafy_gazeboy/ssafy_ws/install/turtlebot3_msgs/lib/python3.8/site-packages:${PYTHONPATH} /usr/bin/cmake /home/shh/ssafy_gazeboy/ssafy_ws/src/turtlebot3/turtlebot3_bringup -DAMENT_CMAKE_SYMLINK_INSTALL=1 -DCMAKE_INSTALL_PREFIX=/home/shh/ssafy_gazeboy/ssafy_ws/install/turtlebot3_bringup
[0.105s] -- The C compiler identification is GNU 9.4.0
[0.190s] -- The CXX compiler identification is GNU 9.4.0
[0.198s] -- Check for working C compiler: /usr/bin/cc
[0.315s] -- Check for working C compiler: /usr/bin/cc -- works
[0.316s] -- Detecting C compiler ABI info
[0.437s] -- Detecting C compiler ABI info - done
[0.449s] -- Detecting C compile features
[0.449s] -- Detecting C compile features - done
[0.452s] -- Check for working CXX compiler: /usr/bin/c++
[0.578s] -- Check for working CXX compiler: /usr/bin/c++ -- works
[0.581s] -- Detecting CXX compiler ABI info
[0.691s] -- Detecting CXX compiler ABI info - done
[0.708s] -- Detecting CXX compile features
[0.708s] -- Detecting CXX compile features - done
[0.711s] -- Found ament_cmake: 0.9.12 (/opt/ros/foxy/share/ament_cmake/cmake)
[0.739s] -- Found PythonInterp: /usr/bin/python3 (found suitable version "3.8.10", minimum required is "3") 
[0.740s] -- Using PYTHON_EXECUTABLE: /usr/bin/python3
[0.917s] -- Override CMake install command with custom implementation using symlinks instead of copying resources
[1.014s] -- Configuring done
[1.015s] -- Generating done
[1.016s] -- Build files have been written to: /home/shh/ssafy_gazeboy/ssafy_ws/build/turtlebot3_bringup
[1.020s] Invoked command in '/home/shh/ssafy_gazeboy/ssafy_ws/build/turtlebot3_bringup' returned '0': AMENT_PREFIX_PATH=/home/shh/ssafy_gazeboy/ssafy_ws/install/turtlebot3_node:/home/shh/ssafy_gazeboy/ssafy_ws/install/turtlebot3_msgs:/home/shh/ssafy_gazeboy/ssafy_ws/install/turtlebot3_description:${AMENT_PREFIX_PATH} CMAKE_PREFIX_PATH=/home/shh/ssafy_gazeboy/ssafy_ws/install/turtlebot3_node:/home/shh/ssafy_gazeboy/ssafy_ws/install/turtlebot3_msgs:/home/shh/ssafy_gazeboy/ssafy_ws/install/turtlebot3_description:/opt/ros/foxy LD_LIBRARY_PATH=/home/shh/ssafy_gazeboy/ssafy_ws/install/turtlebot3_msgs/lib:${LD_LIBRARY_PATH} PYTHONPATH=/home/shh/ssafy_gazeboy/ssafy_ws/install/turtlebot3_msgs/lib/python3.8/site-packages:${PYTHONPATH} /usr/bin/cmake /home/shh/ssafy_gazeboy/ssafy_ws/src/turtlebot3/turtlebot3_bringup -DAMENT_CMAKE_SYMLINK_INSTALL=1 -DCMAKE_INSTALL_PREFIX=/home/shh/ssafy_gazeboy/ssafy_ws/install/turtlebot3_bringup
[1.028s] Invoking command in '/home/shh/ssafy_gazeboy/ssafy_ws/build/turtlebot3_bringup': AMENT_PREFIX_PATH=/home/shh/ssafy_gazeboy/ssafy_ws/install/turtlebot3_node:/home/shh/ssafy_gazeboy/ssafy_ws/install/turtlebot3_msgs:/home/shh/ssafy_gazeboy/ssafy_ws/install/turtlebot3_description:${AMENT_PREFIX_PATH} CMAKE_PREFIX_PATH=/home/shh/ssafy_gazeboy/ssafy_ws/install/turtlebot3_node:/home/shh/ssafy_gazeboy/ssafy_ws/install/turtlebot3_msgs:/home/shh/ssafy_gazeboy/ssafy_ws/install/turtlebot3_description:/opt/ros/foxy LD_LIBRARY_PATH=/home/shh/ssafy_gazeboy/ssafy_ws/install/turtlebot3_msgs/lib:${LD_LIBRARY_PATH} PYTHONPATH=/home/shh/ssafy_gazeboy/ssafy_ws/install/turtlebot3_msgs/lib/python3.8/site-packages:${PYTHONPATH} /usr/bin/cmake --build /home/shh/ssafy_gazeboy/ssafy_ws/build/turtlebot3_bringup -- -j16 -l16
[1.077s] Invoked command in '/home/shh/ssafy_gazeboy/ssafy_ws/build/turtlebot3_bringup' returned '0': AMENT_PREFIX_PATH=/home/shh/ssafy_gazeboy/ssafy_ws/install/turtlebot3_node:/home/shh/ssafy_gazeboy/ssafy_ws/install/turtlebot3_msgs:/home/shh/ssafy_gazeboy/ssafy_ws/install/turtlebot3_description:${AMENT_PREFIX_PATH} CMAKE_PREFIX_PATH=/home/shh/ssafy_gazeboy/ssafy_ws/install/turtlebot3_node:/home/shh/ssafy_gazeboy/ssafy_ws/install/turtlebot3_msgs:/home/shh/ssafy_gazeboy/ssafy_ws/install/turtlebot3_description:/opt/ros/foxy LD_LIBRARY_PATH=/home/shh/ssafy_gazeboy/ssafy_ws/install/turtlebot3_msgs/lib:${LD_LIBRARY_PATH} PYTHONPATH=/home/shh/ssafy_gazeboy/ssafy_ws/install/turtlebot3_msgs/lib/python3.8/site-packages:${PYTHONPATH} /usr/bin/cmake --build /home/shh/ssafy_gazeboy/ssafy_ws/build/turtlebot3_bringup -- -j16 -l16
[1.127s] Invoking command in '/home/shh/ssafy_gazeboy/ssafy_ws/build/turtlebot3_bringup': AMENT_PREFIX_PATH=/home/shh/ssafy_gazeboy/ssafy_ws/install/turtlebot3_node:/home/shh/ssafy_gazeboy/ssafy_ws/install/turtlebot3_msgs:/home/shh/ssafy_gazeboy/ssafy_ws/install/turtlebot3_description:${AMENT_PREFIX_PATH} CMAKE_PREFIX_PATH=/home/shh/ssafy_gazeboy/ssafy_ws/install/turtlebot3_node:/home/shh/ssafy_gazeboy/ssafy_ws/install/turtlebot3_msgs:/home/shh/ssafy_gazeboy/ssafy_ws/install/turtlebot3_description:/opt/ros/foxy LD_LIBRARY_PATH=/home/shh/ssafy_gazeboy/ssafy_ws/install/turtlebot3_msgs/lib:${LD_LIBRARY_PATH} PYTHONPATH=/home/shh/ssafy_gazeboy/ssafy_ws/install/turtlebot3_msgs/lib/python3.8/site-packages:${PYTHONPATH} /usr/bin/cmake --install /home/shh/ssafy_gazeboy/ssafy_ws/build/turtlebot3_bringup
[1.140s] -- Install configuration: ""
[1.140s] -- Execute custom install script
[1.141s] -- Symlinking: /home/shh/ssafy_gazeboy/ssafy_ws/install/turtlebot3_bringup/share/turtlebot3_bringup/launch/robot.launch.py
[1.156s] -- Symlinking: /home/shh/ssafy_gazeboy/ssafy_ws/install/turtlebot3_bringup/share/turtlebot3_bringup/launch/rviz2.launch.py
[1.174s] -- Symlinking: /home/shh/ssafy_gazeboy/ssafy_ws/install/turtlebot3_bringup/share/turtlebot3_bringup/launch/turtlebot3_state_publisher.launch.py
[1.191s] -- Symlinking: /home/shh/ssafy_gazeboy/ssafy_ws/install/turtlebot3_bringup/share/turtlebot3_bringup/param/burger.yaml
[1.200s] -- Symlinking: /home/shh/ssafy_gazeboy/ssafy_ws/install/turtlebot3_bringup/share/turtlebot3_bringup/param/waffle.yaml
[1.216s] -- Symlinking: /home/shh/ssafy_gazeboy/ssafy_ws/install/turtlebot3_bringup/share/turtlebot3_bringup/param/waffle_pi.yaml
[1.232s] -- Symlinking: /home/shh/ssafy_gazeboy/ssafy_ws/install/turtlebot3_bringup/share/turtlebot3_bringup/script/99-turtlebot3-cdc.rules
[1.248s] -- Symlinking: /home/shh/ssafy_gazeboy/ssafy_ws/install/turtlebot3_bringup/share/turtlebot3_bringup/script/create_udev_rules
[1.268s] -- Symlinking: /home/shh/ssafy_gazeboy/ssafy_ws/install/turtlebot3_bringup/share/ament_index/resource_index/package_run_dependencies/turtlebot3_bringup
[1.287s] -- Symlinking: /home/shh/ssafy_gazeboy/ssafy_ws/install/turtlebot3_bringup/share/ament_index/resource_index/parent_prefix_path/turtlebot3_bringup
[1.305s] -- Symlinking: /home/shh/ssafy_gazeboy/ssafy_ws/install/turtlebot3_bringup/share/turtlebot3_bringup/environment/ament_prefix_path.sh
[1.320s] -- Symlinking: /home/shh/ssafy_gazeboy/ssafy_ws/install/turtlebot3_bringup/share/turtlebot3_bringup/environment/ament_prefix_path.dsv
[1.340s] -- Symlinking: /home/shh/ssafy_gazeboy/ssafy_ws/install/turtlebot3_bringup/share/turtlebot3_bringup/environment/path.sh
[1.357s] -- Symlinking: /home/shh/ssafy_gazeboy/ssafy_ws/install/turtlebot3_bringup/share/turtlebot3_bringup/environment/path.dsv
[1.371s] -- Symlinking: /home/shh/ssafy_gazeboy/ssafy_ws/install/turtlebot3_bringup/share/turtlebot3_bringup/local_setup.bash
[1.392s] -- Symlinking: /home/shh/ssafy_gazeboy/ssafy_ws/install/turtlebot3_bringup/share/turtlebot3_bringup/local_setup.sh
[1.408s] -- Symlinking: /home/shh/ssafy_gazeboy/ssafy_ws/install/turtlebot3_bringup/share/turtlebot3_bringup/local_setup.zsh
[1.424s] -- Symlinking: /home/shh/ssafy_gazeboy/ssafy_ws/install/turtlebot3_bringup/share/turtlebot3_bringup/local_setup.dsv
[1.444s] -- Symlinking: /home/shh/ssafy_gazeboy/ssafy_ws/install/turtlebot3_bringup/share/turtlebot3_bringup/package.dsv
[1.460s] -- Symlinking: /home/shh/ssafy_gazeboy/ssafy_ws/install/turtlebot3_bringup/share/ament_index/resource_index/packages/turtlebot3_bringup
[1.476s] -- Symlinking: /home/shh/ssafy_gazeboy/ssafy_ws/install/turtlebot3_bringup/share/turtlebot3_bringup/cmake/turtlebot3_bringupConfig.cmake
[1.494s] -- Symlinking: /home/shh/ssafy_gazeboy/ssafy_ws/install/turtlebot3_bringup/share/turtlebot3_bringup/cmake/turtlebot3_bringupConfig-version.cmake
[1.505s] -- Symlinking: /home/shh/ssafy_gazeboy/ssafy_ws/install/turtlebot3_bringup/share/turtlebot3_bringup/package.xml
[1.528s] Invoked command in '/home/shh/ssafy_gazeboy/ssafy_ws/build/turtlebot3_bringup' returned '0': AMENT_PREFIX_PATH=/home/shh/ssafy_gazeboy/ssafy_ws/install/turtlebot3_node:/home/shh/ssafy_gazeboy/ssafy_ws/install/turtlebot3_msgs:/home/shh/ssafy_gazeboy/ssafy_ws/install/turtlebot3_description:${AMENT_PREFIX_PATH} CMAKE_PREFIX_PATH=/home/shh/ssafy_gazeboy/ssafy_ws/install/turtlebot3_node:/home/shh/ssafy_gazeboy/ssafy_ws/install/turtlebot3_msgs:/home/shh/ssafy_gazeboy/ssafy_ws/install/turtlebot3_description:/opt/ros/foxy LD_LIBRARY_PATH=/home/shh/ssafy_gazeboy/ssafy_ws/install/turtlebot3_msgs/lib:${LD_LIBRARY_PATH} PYTHONPATH=/home/shh/ssafy_gazeboy/ssafy_ws/install/turtlebot3_msgs/lib/python3.8/site-packages:${PYTHONPATH} /usr/bin/cmake --install /home/shh/ssafy_gazeboy/ssafy_ws/build/turtlebot3_bringup
