[0.062s] DEBUG:colcon:Command line arguments: ['/usr/bin/colcon', 'build']
[0.062s] DEBUG:colcon:Parsed command line arguments: Namespace(log_base=None, log_level=None, verb_name='build', build_base='build', install_base='install', merge_install=False, symlink_install=False, test_result_base=None, continue_on_error=False, executor='parallel', parallel_workers=12, event_handlers=None, ignore_user_meta=False, metas=['./colcon.meta'], base_paths=['.'], packages_ignore=None, packages_ignore_regex=None, paths=None, packages_up_to=None, packages_up_to_regex=None, packages_above=None, packages_above_and_dependencies=None, packages_above_depth=None, packages_select_by_dep=None, packages_skip_by_dep=None, packages_skip_up_to=None, packages_select_build_failed=False, packages_skip_build_finished=False, packages_select_test_failures=False, packages_skip_test_passed=False, packages_select=None, packages_skip=None, packages_select_regex=None, packages_skip_regex=None, packages_start=None, packages_end=None, allow_overriding=[], cmake_args=None, cmake_target=None, cmake_target_skip_unavailable=False, cmake_clean_cache=False, cmake_clean_first=False, cmake_force_configure=False, ament_cmake_args=None, catkin_cmake_args=None, catkin_skip_building_tests=False, mixin_files=None, mixin=None, verb_parser=<colcon_mixin.mixin.mixin_argument.MixinArgumentDecorator object at 0x732513c3e8f0>, verb_extension=<colcon_core.verb.build.BuildVerb object at 0x732513d37880>, main=<bound method BuildVerb.main of <colcon_core.verb.build.BuildVerb object at 0x732513d37880>>, mixin_verb=('build',))
[0.158s] Level 1:colcon.colcon_core.package_discovery:discover_packages(colcon_meta) check parameters
[0.159s] Level 1:colcon.colcon_core.package_discovery:discover_packages(recursive) check parameters
[0.159s] Level 1:colcon.colcon_core.package_discovery:discover_packages(ignore) check parameters
[0.159s] Level 1:colcon.colcon_core.package_discovery:discover_packages(path) check parameters
[0.159s] Level 1:colcon.colcon_core.package_discovery:discover_packages(colcon_meta) discover
[0.159s] Level 1:colcon.colcon_core.package_discovery:discover_packages(recursive) discover
[0.159s] INFO:colcon.colcon_core.package_discovery:Crawling recursively for packages in '/home/ubuntu/GAZEBO_SIM/ssafy_ws'
[0.159s] Level 1:colcon.colcon_core.package_identification:_identify(.) by extensions ['ignore', 'ignore_ament_install']
[0.159s] Level 1:colcon.colcon_core.package_identification:_identify(.) by extension 'ignore'
[0.159s] Level 1:colcon.colcon_core.package_identification:_identify(.) by extension 'ignore_ament_install'
[0.159s] Level 1:colcon.colcon_core.package_identification:_identify(.) by extensions ['colcon_pkg']
[0.159s] Level 1:colcon.colcon_core.package_identification:_identify(.) by extension 'colcon_pkg'
[0.159s] Level 1:colcon.colcon_core.package_identification:_identify(.) by extensions ['colcon_meta']
[0.159s] Level 1:colcon.colcon_core.package_identification:_identify(.) by extension 'colcon_meta'
[0.159s] Level 1:colcon.colcon_core.package_identification:_identify(.) by extensions ['ros']
[0.159s] Level 1:colcon.colcon_core.package_identification:_identify(.) by extension 'ros'
[0.166s] Level 1:colcon.colcon_core.package_identification:_identify(.) by extensions ['cmake', 'python']
[0.166s] Level 1:colcon.colcon_core.package_identification:_identify(.) by extension 'cmake'
[0.166s] Level 1:colcon.colcon_core.package_identification:_identify(.) by extension 'python'
[0.166s] Level 1:colcon.colcon_core.package_identification:_identify(.) by extensions ['python_setup_py']
[0.166s] Level 1:colcon.colcon_core.package_identification:_identify(.) by extension 'python_setup_py'
[0.166s] Level 1:colcon.colcon_core.package_identification:_identify(build) by extensions ['ignore', 'ignore_ament_install']
[0.166s] Level 1:colcon.colcon_core.package_identification:_identify(build) by extension 'ignore'
[0.166s] Level 1:colcon.colcon_core.package_identification:_identify(build) ignored
[0.166s] Level 1:colcon.colcon_core.package_identification:_identify(install) by extensions ['ignore', 'ignore_ament_install']
[0.166s] Level 1:colcon.colcon_core.package_identification:_identify(install) by extension 'ignore'
[0.166s] Level 1:colcon.colcon_core.package_identification:_identify(install) ignored
[0.166s] Level 1:colcon.colcon_core.package_identification:_identify(log) by extensions ['ignore', 'ignore_ament_install']
[0.166s] Level 1:colcon.colcon_core.package_identification:_identify(log) by extension 'ignore'
[0.166s] Level 1:colcon.colcon_core.package_identification:_identify(log) ignored
[0.166s] Level 1:colcon.colcon_core.package_identification:_identify(src) by extensions ['ignore', 'ignore_ament_install']
[0.166s] Level 1:colcon.colcon_core.package_identification:_identify(src) by extension 'ignore'
[0.166s] Level 1:colcon.colcon_core.package_identification:_identify(src) by extension 'ignore_ament_install'
[0.166s] Level 1:colcon.colcon_core.package_identification:_identify(src) by extensions ['colcon_pkg']
[0.166s] Level 1:colcon.colcon_core.package_identification:_identify(src) by extension 'colcon_pkg'
[0.166s] Level 1:colcon.colcon_core.package_identification:_identify(src) by extensions ['colcon_meta']
[0.166s] Level 1:colcon.colcon_core.package_identification:_identify(src) by extension 'colcon_meta'
[0.166s] Level 1:colcon.colcon_core.package_identification:_identify(src) by extensions ['ros']
[0.166s] Level 1:colcon.colcon_core.package_identification:_identify(src) by extension 'ros'
[0.166s] Level 1:colcon.colcon_core.package_identification:_identify(src) by extensions ['cmake', 'python']
[0.166s] Level 1:colcon.colcon_core.package_identification:_identify(src) by extension 'cmake'
[0.166s] Level 1:colcon.colcon_core.package_identification:_identify(src) by extension 'python'
[0.166s] Level 1:colcon.colcon_core.package_identification:_identify(src) by extensions ['python_setup_py']
[0.166s] Level 1:colcon.colcon_core.package_identification:_identify(src) by extension 'python_setup_py'
[0.167s] Level 1:colcon.colcon_core.package_identification:_identify(src/teleop_twist_keyboard) by extensions ['ignore', 'ignore_ament_install']
[0.167s] Level 1:colcon.colcon_core.package_identification:_identify(src/teleop_twist_keyboard) by extension 'ignore'
[0.167s] Level 1:colcon.colcon_core.package_identification:_identify(src/teleop_twist_keyboard) by extension 'ignore_ament_install'
[0.167s] Level 1:colcon.colcon_core.package_identification:_identify(src/teleop_twist_keyboard) by extensions ['colcon_pkg']
[0.167s] Level 1:colcon.colcon_core.package_identification:_identify(src/teleop_twist_keyboard) by extension 'colcon_pkg'
[0.167s] Level 1:colcon.colcon_core.package_identification:_identify(src/teleop_twist_keyboard) by extensions ['colcon_meta']
[0.167s] Level 1:colcon.colcon_core.package_identification:_identify(src/teleop_twist_keyboard) by extension 'colcon_meta'
[0.167s] Level 1:colcon.colcon_core.package_identification:_identify(src/teleop_twist_keyboard) by extensions ['ros']
[0.167s] Level 1:colcon.colcon_core.package_identification:_identify(src/teleop_twist_keyboard) by extension 'ros'
[0.168s] DEBUG:colcon.colcon_core.package_identification:Package 'src/teleop_twist_keyboard' with type 'ros.ament_python' and name 'teleop_twist_keyboard'
[0.168s] Level 1:colcon.colcon_core.package_identification:_identify(src/turtlebot3_description) by extensions ['ignore', 'ignore_ament_install']
[0.168s] Level 1:colcon.colcon_core.package_identification:_identify(src/turtlebot3_description) by extension 'ignore'
[0.168s] Level 1:colcon.colcon_core.package_identification:_identify(src/turtlebot3_description) by extension 'ignore_ament_install'
[0.168s] Level 1:colcon.colcon_core.package_identification:_identify(src/turtlebot3_description) by extensions ['colcon_pkg']
[0.168s] Level 1:colcon.colcon_core.package_identification:_identify(src/turtlebot3_description) by extension 'colcon_pkg'
[0.168s] Level 1:colcon.colcon_core.package_identification:_identify(src/turtlebot3_description) by extensions ['colcon_meta']
[0.168s] Level 1:colcon.colcon_core.package_identification:_identify(src/turtlebot3_description) by extension 'colcon_meta'
[0.168s] Level 1:colcon.colcon_core.package_identification:_identify(src/turtlebot3_description) by extensions ['ros']
[0.168s] Level 1:colcon.colcon_core.package_identification:_identify(src/turtlebot3_description) by extension 'ros'
[0.169s] DEBUG:colcon.colcon_core.package_identification:Package 'src/turtlebot3_description' with type 'ros.ament_cmake' and name 'turtlebot3_description'
[0.169s] Level 1:colcon.colcon_core.package_identification:_identify(src/turtlebot3_simulations) by extensions ['ignore', 'ignore_ament_install']
[0.169s] Level 1:colcon.colcon_core.package_identification:_identify(src/turtlebot3_simulations) by extension 'ignore'
[0.169s] Level 1:colcon.colcon_core.package_identification:_identify(src/turtlebot3_simulations) by extension 'ignore_ament_install'
[0.169s] Level 1:colcon.colcon_core.package_identification:_identify(src/turtlebot3_simulations) by extensions ['colcon_pkg']
[0.169s] Level 1:colcon.colcon_core.package_identification:_identify(src/turtlebot3_simulations) by extension 'colcon_pkg'
[0.169s] Level 1:colcon.colcon_core.package_identification:_identify(src/turtlebot3_simulations) by extensions ['colcon_meta']
[0.169s] Level 1:colcon.colcon_core.package_identification:_identify(src/turtlebot3_simulations) by extension 'colcon_meta'
[0.169s] Level 1:colcon.colcon_core.package_identification:_identify(src/turtlebot3_simulations) by extensions ['ros']
[0.169s] Level 1:colcon.colcon_core.package_identification:_identify(src/turtlebot3_simulations) by extension 'ros'
[0.169s] Level 1:colcon.colcon_core.package_identification:_identify(src/turtlebot3_simulations) by extensions ['cmake', 'python']
[0.169s] Level 1:colcon.colcon_core.package_identification:_identify(src/turtlebot3_simulations) by extension 'cmake'
[0.169s] Level 1:colcon.colcon_core.package_identification:_identify(src/turtlebot3_simulations) by extension 'python'
[0.169s] Level 1:colcon.colcon_core.package_identification:_identify(src/turtlebot3_simulations) by extensions ['python_setup_py']
[0.169s] Level 1:colcon.colcon_core.package_identification:_identify(src/turtlebot3_simulations) by extension 'python_setup_py'
[0.169s] Level 1:colcon.colcon_core.package_identification:_identify(src/velodyne_simulator) by extensions ['ignore', 'ignore_ament_install']
[0.169s] Level 1:colcon.colcon_core.package_identification:_identify(src/velodyne_simulator) by extension 'ignore'
[0.169s] Level 1:colcon.colcon_core.package_identification:_identify(src/velodyne_simulator) by extension 'ignore_ament_install'
[0.169s] Level 1:colcon.colcon_core.package_identification:_identify(src/velodyne_simulator) by extensions ['colcon_pkg']
[0.169s] Level 1:colcon.colcon_core.package_identification:_identify(src/velodyne_simulator) by extension 'colcon_pkg'
[0.169s] Level 1:colcon.colcon_core.package_identification:_identify(src/velodyne_simulator) by extensions ['colcon_meta']
[0.170s] Level 1:colcon.colcon_core.package_identification:_identify(src/velodyne_simulator) by extension 'colcon_meta'
[0.170s] Level 1:colcon.colcon_core.package_identification:_identify(src/velodyne_simulator) by extensions ['ros']
[0.170s] Level 1:colcon.colcon_core.package_identification:_identify(src/velodyne_simulator) by extension 'ros'
[0.170s] Level 1:colcon.colcon_core.package_identification:_identify(src/velodyne_simulator) by extensions ['cmake', 'python']
[0.170s] Level 1:colcon.colcon_core.package_identification:_identify(src/velodyne_simulator) by extension 'cmake'
[0.170s] Level 1:colcon.colcon_core.package_identification:_identify(src/velodyne_simulator) by extension 'python'
[0.170s] Level 1:colcon.colcon_core.package_identification:_identify(src/velodyne_simulator) by extensions ['python_setup_py']
[0.170s] Level 1:colcon.colcon_core.package_identification:_identify(src/velodyne_simulator) by extension 'python_setup_py'
[0.170s] Level 1:colcon.colcon_core.package_identification:_identify(src/velodyne_simulator/img) by extensions ['ignore', 'ignore_ament_install']
[0.170s] Level 1:colcon.colcon_core.package_identification:_identify(src/velodyne_simulator/img) by extension 'ignore'
[0.170s] Level 1:colcon.colcon_core.package_identification:_identify(src/velodyne_simulator/img) by extension 'ignore_ament_install'
[0.170s] Level 1:colcon.colcon_core.package_identification:_identify(src/velodyne_simulator/img) by extensions ['colcon_pkg']
[0.170s] Level 1:colcon.colcon_core.package_identification:_identify(src/velodyne_simulator/img) by extension 'colcon_pkg'
[0.170s] Level 1:colcon.colcon_core.package_identification:_identify(src/velodyne_simulator/img) by extensions ['colcon_meta']
[0.170s] Level 1:colcon.colcon_core.package_identification:_identify(src/velodyne_simulator/img) by extension 'colcon_meta'
[0.170s] Level 1:colcon.colcon_core.package_identification:_identify(src/velodyne_simulator/img) by extensions ['ros']
[0.170s] Level 1:colcon.colcon_core.package_identification:_identify(src/velodyne_simulator/img) by extension 'ros'
[0.170s] Level 1:colcon.colcon_core.package_identification:_identify(src/velodyne_simulator/img) by extensions ['cmake', 'python']
[0.170s] Level 1:colcon.colcon_core.package_identification:_identify(src/velodyne_simulator/img) by extension 'cmake'
[0.170s] Level 1:colcon.colcon_core.package_identification:_identify(src/velodyne_simulator/img) by extension 'python'
[0.170s] Level 1:colcon.colcon_core.package_identification:_identify(src/velodyne_simulator/img) by extensions ['python_setup_py']
[0.170s] Level 1:colcon.colcon_core.package_identification:_identify(src/velodyne_simulator/img) by extension 'python_setup_py'
[0.170s] Level 1:colcon.colcon_core.package_identification:_identify(src/velodyne_simulator/velodyne_description) by extensions ['ignore', 'ignore_ament_install']
[0.170s] Level 1:colcon.colcon_core.package_identification:_identify(src/velodyne_simulator/velodyne_description) by extension 'ignore'
[0.170s] Level 1:colcon.colcon_core.package_identification:_identify(src/velodyne_simulator/velodyne_description) by extension 'ignore_ament_install'
[0.170s] Level 1:colcon.colcon_core.package_identification:_identify(src/velodyne_simulator/velodyne_description) by extensions ['colcon_pkg']
[0.170s] Level 1:colcon.colcon_core.package_identification:_identify(src/velodyne_simulator/velodyne_description) by extension 'colcon_pkg'
[0.170s] Level 1:colcon.colcon_core.package_identification:_identify(src/velodyne_simulator/velodyne_description) by extensions ['colcon_meta']
[0.170s] Level 1:colcon.colcon_core.package_identification:_identify(src/velodyne_simulator/velodyne_description) by extension 'colcon_meta'
[0.170s] Level 1:colcon.colcon_core.package_identification:_identify(src/velodyne_simulator/velodyne_description) by extensions ['ros']
[0.170s] Level 1:colcon.colcon_core.package_identification:_identify(src/velodyne_simulator/velodyne_description) by extension 'ros'
[0.171s] DEBUG:colcon.colcon_core.package_identification:Package 'src/velodyne_simulator/velodyne_description' with type 'ros.ament_cmake' and name 'velodyne_description'
[0.171s] Level 1:colcon.colcon_core.package_identification:_identify(src/velodyne_simulator/velodyne_gazebo_plugins) by extensions ['ignore', 'ignore_ament_install']
[0.171s] Level 1:colcon.colcon_core.package_identification:_identify(src/velodyne_simulator/velodyne_gazebo_plugins) by extension 'ignore'
[0.171s] Level 1:colcon.colcon_core.package_identification:_identify(src/velodyne_simulator/velodyne_gazebo_plugins) by extension 'ignore_ament_install'
[0.171s] Level 1:colcon.colcon_core.package_identification:_identify(src/velodyne_simulator/velodyne_gazebo_plugins) by extensions ['colcon_pkg']
[0.171s] Level 1:colcon.colcon_core.package_identification:_identify(src/velodyne_simulator/velodyne_gazebo_plugins) by extension 'colcon_pkg'
[0.171s] Level 1:colcon.colcon_core.package_identification:_identify(src/velodyne_simulator/velodyne_gazebo_plugins) by extensions ['colcon_meta']
[0.171s] Level 1:colcon.colcon_core.package_identification:_identify(src/velodyne_simulator/velodyne_gazebo_plugins) by extension 'colcon_meta'
[0.171s] Level 1:colcon.colcon_core.package_identification:_identify(src/velodyne_simulator/velodyne_gazebo_plugins) by extensions ['ros']
[0.171s] Level 1:colcon.colcon_core.package_identification:_identify(src/velodyne_simulator/velodyne_gazebo_plugins) by extension 'ros'
[0.171s] DEBUG:colcon.colcon_core.package_identification:Package 'src/velodyne_simulator/velodyne_gazebo_plugins' with type 'ros.ament_cmake' and name 'velodyne_gazebo_plugins'
[0.171s] Level 1:colcon.colcon_core.package_identification:_identify(src/velodyne_simulator/velodyne_simulator) by extensions ['ignore', 'ignore_ament_install']
[0.171s] Level 1:colcon.colcon_core.package_identification:_identify(src/velodyne_simulator/velodyne_simulator) by extension 'ignore'
[0.171s] Level 1:colcon.colcon_core.package_identification:_identify(src/velodyne_simulator/velodyne_simulator) by extension 'ignore_ament_install'
[0.171s] Level 1:colcon.colcon_core.package_identification:_identify(src/velodyne_simulator/velodyne_simulator) by extensions ['colcon_pkg']
[0.172s] Level 1:colcon.colcon_core.package_identification:_identify(src/velodyne_simulator/velodyne_simulator) by extension 'colcon_pkg'
[0.172s] Level 1:colcon.colcon_core.package_identification:_identify(src/velodyne_simulator/velodyne_simulator) by extensions ['colcon_meta']
[0.172s] Level 1:colcon.colcon_core.package_identification:_identify(src/velodyne_simulator/velodyne_simulator) by extension 'colcon_meta'
[0.172s] Level 1:colcon.colcon_core.package_identification:_identify(src/velodyne_simulator/velodyne_simulator) by extensions ['ros']
[0.172s] Level 1:colcon.colcon_core.package_identification:_identify(src/velodyne_simulator/velodyne_simulator) by extension 'ros'
[0.172s] DEBUG:colcon.colcon_core.package_identification:Package 'src/velodyne_simulator/velodyne_simulator' with type 'ros.ament_cmake' and name 'velodyne_simulator'
[0.172s] Level 1:colcon.colcon_core.package_discovery:discover_packages(recursive) using defaults
[0.172s] Level 1:colcon.colcon_core.package_discovery:discover_packages(ignore) discover
[0.172s] Level 1:colcon.colcon_core.package_discovery:discover_packages(ignore) using defaults
[0.172s] Level 1:colcon.colcon_core.package_discovery:discover_packages(path) discover
[0.172s] Level 1:colcon.colcon_core.package_discovery:discover_packages(path) using defaults
[0.190s] Level 1:colcon.colcon_core.package_discovery:discover_packages(prefix_path) check parameters
[0.190s] Level 1:colcon.colcon_core.package_discovery:discover_packages(prefix_path) discover
[0.191s] DEBUG:colcon.colcon_installed_package_information.package_discovery:Found 326 installed packages in /opt/ros/humble
[0.192s] Level 1:colcon.colcon_core.package_discovery:discover_packages(prefix_path) using defaults
[0.215s] WARNING:colcon.colcon_core.package_selection:Some selected packages are already built in one or more underlay workspaces:
	'teleop_twist_keyboard' is in: /opt/ros/humble
If a package in a merged underlay workspace is overridden and it installs headers, then all packages in the overlay must sort their include directories by workspace order. Failure to do so may result in build failures or undefined behavior at run time.
If the overridden package is used by another package in any underlay, then the overriding package in the overlay must be API and ABI compatible or undefined behavior at run time may occur.

If you understand the risks and want to override a package anyways, add the following to the command line:
	--allow-overriding teleop_twist_keyboard

This may be promoted to an error in a future release of colcon-override-check.
[0.216s] Level 5:colcon.colcon_core.verb:set package 'teleop_twist_keyboard' build argument 'cmake_args' from command line to 'None'
[0.216s] Level 5:colcon.colcon_core.verb:set package 'teleop_twist_keyboard' build argument 'cmake_target' from command line to 'None'
[0.216s] Level 5:colcon.colcon_core.verb:set package 'teleop_twist_keyboard' build argument 'cmake_target_skip_unavailable' from command line to 'False'
[0.216s] Level 5:colcon.colcon_core.verb:set package 'teleop_twist_keyboard' build argument 'cmake_clean_cache' from command line to 'False'
[0.216s] Level 5:colcon.colcon_core.verb:set package 'teleop_twist_keyboard' build argument 'cmake_clean_first' from command line to 'False'
[0.216s] Level 5:colcon.colcon_core.verb:set package 'teleop_twist_keyboard' build argument 'cmake_force_configure' from command line to 'False'
[0.216s] Level 5:colcon.colcon_core.verb:set package 'teleop_twist_keyboard' build argument 'ament_cmake_args' from command line to 'None'
[0.216s] Level 5:colcon.colcon_core.verb:set package 'teleop_twist_keyboard' build argument 'catkin_cmake_args' from command line to 'None'
[0.216s] Level 5:colcon.colcon_core.verb:set package 'teleop_twist_keyboard' build argument 'catkin_skip_building_tests' from command line to 'False'
[0.216s] DEBUG:colcon.colcon_core.verb:Building package 'teleop_twist_keyboard' with the following arguments: {'ament_cmake_args': None, 'build_base': '/home/ubuntu/GAZEBO_SIM/ssafy_ws/build/teleop_twist_keyboard', 'catkin_cmake_args': None, 'catkin_skip_building_tests': False, 'cmake_args': None, 'cmake_clean_cache': False, 'cmake_clean_first': False, 'cmake_force_configure': False, 'cmake_target': None, 'cmake_target_skip_unavailable': False, 'install_base': '/home/ubuntu/GAZEBO_SIM/ssafy_ws/install/teleop_twist_keyboard', 'merge_install': False, 'path': '/home/ubuntu/GAZEBO_SIM/ssafy_ws/src/teleop_twist_keyboard', 'symlink_install': False, 'test_result_base': None}
[0.216s] Level 5:colcon.colcon_core.verb:set package 'turtlebot3_description' build argument 'cmake_args' from command line to 'None'
[0.216s] Level 5:colcon.colcon_core.verb:set package 'turtlebot3_description' build argument 'cmake_target' from command line to 'None'
[0.216s] Level 5:colcon.colcon_core.verb:set package 'turtlebot3_description' build argument 'cmake_target_skip_unavailable' from command line to 'False'
[0.216s] Level 5:colcon.colcon_core.verb:set package 'turtlebot3_description' build argument 'cmake_clean_cache' from command line to 'False'
[0.216s] Level 5:colcon.colcon_core.verb:set package 'turtlebot3_description' build argument 'cmake_clean_first' from command line to 'False'
[0.216s] Level 5:colcon.colcon_core.verb:set package 'turtlebot3_description' build argument 'cmake_force_configure' from command line to 'False'
[0.216s] Level 5:colcon.colcon_core.verb:set package 'turtlebot3_description' build argument 'ament_cmake_args' from command line to 'None'
[0.216s] Level 5:colcon.colcon_core.verb:set package 'turtlebot3_description' build argument 'catkin_cmake_args' from command line to 'None'
[0.216s] Level 5:colcon.colcon_core.verb:set package 'turtlebot3_description' build argument 'catkin_skip_building_tests' from command line to 'False'
[0.216s] DEBUG:colcon.colcon_core.verb:Building package 'turtlebot3_description' with the following arguments: {'ament_cmake_args': None, 'build_base': '/home/ubuntu/GAZEBO_SIM/ssafy_ws/build/turtlebot3_description', 'catkin_cmake_args': None, 'catkin_skip_building_tests': False, 'cmake_args': None, 'cmake_clean_cache': False, 'cmake_clean_first': False, 'cmake_force_configure': False, 'cmake_target': None, 'cmake_target_skip_unavailable': False, 'install_base': '/home/ubuntu/GAZEBO_SIM/ssafy_ws/install/turtlebot3_description', 'merge_install': False, 'path': '/home/ubuntu/GAZEBO_SIM/ssafy_ws/src/turtlebot3_description', 'symlink_install': False, 'test_result_base': None}
[0.216s] Level 5:colcon.colcon_core.verb:set package 'velodyne_description' build argument 'cmake_args' from command line to 'None'
[0.216s] Level 5:colcon.colcon_core.verb:set package 'velodyne_description' build argument 'cmake_target' from command line to 'None'
[0.216s] Level 5:colcon.colcon_core.verb:set package 'velodyne_description' build argument 'cmake_target_skip_unavailable' from command line to 'False'
[0.216s] Level 5:colcon.colcon_core.verb:set package 'velodyne_description' build argument 'cmake_clean_cache' from command line to 'False'
[0.216s] Level 5:colcon.colcon_core.verb:set package 'velodyne_description' build argument 'cmake_clean_first' from command line to 'False'
[0.216s] Level 5:colcon.colcon_core.verb:set package 'velodyne_description' build argument 'cmake_force_configure' from command line to 'False'
[0.216s] Level 5:colcon.colcon_core.verb:set package 'velodyne_description' build argument 'ament_cmake_args' from command line to 'None'
[0.216s] Level 5:colcon.colcon_core.verb:set package 'velodyne_description' build argument 'catkin_cmake_args' from command line to 'None'
[0.216s] Level 5:colcon.colcon_core.verb:set package 'velodyne_description' build argument 'catkin_skip_building_tests' from command line to 'False'
[0.216s] DEBUG:colcon.colcon_core.verb:Building package 'velodyne_description' with the following arguments: {'ament_cmake_args': None, 'build_base': '/home/ubuntu/GAZEBO_SIM/ssafy_ws/build/velodyne_description', 'catkin_cmake_args': None, 'catkin_skip_building_tests': False, 'cmake_args': None, 'cmake_clean_cache': False, 'cmake_clean_first': False, 'cmake_force_configure': False, 'cmake_target': None, 'cmake_target_skip_unavailable': False, 'install_base': '/home/ubuntu/GAZEBO_SIM/ssafy_ws/install/velodyne_description', 'merge_install': False, 'path': '/home/ubuntu/GAZEBO_SIM/ssafy_ws/src/velodyne_simulator/velodyne_description', 'symlink_install': False, 'test_result_base': None}
[0.217s] Level 5:colcon.colcon_core.verb:set package 'velodyne_gazebo_plugins' build argument 'cmake_args' from command line to 'None'
[0.217s] Level 5:colcon.colcon_core.verb:set package 'velodyne_gazebo_plugins' build argument 'cmake_target' from command line to 'None'
[0.217s] Level 5:colcon.colcon_core.verb:set package 'velodyne_gazebo_plugins' build argument 'cmake_target_skip_unavailable' from command line to 'False'
[0.217s] Level 5:colcon.colcon_core.verb:set package 'velodyne_gazebo_plugins' build argument 'cmake_clean_cache' from command line to 'False'
[0.217s] Level 5:colcon.colcon_core.verb:set package 'velodyne_gazebo_plugins' build argument 'cmake_clean_first' from command line to 'False'
[0.217s] Level 5:colcon.colcon_core.verb:set package 'velodyne_gazebo_plugins' build argument 'cmake_force_configure' from command line to 'False'
[0.217s] Level 5:colcon.colcon_core.verb:set package 'velodyne_gazebo_plugins' build argument 'ament_cmake_args' from command line to 'None'
[0.217s] Level 5:colcon.colcon_core.verb:set package 'velodyne_gazebo_plugins' build argument 'catkin_cmake_args' from command line to 'None'
[0.217s] Level 5:colcon.colcon_core.verb:set package 'velodyne_gazebo_plugins' build argument 'catkin_skip_building_tests' from command line to 'False'
[0.217s] DEBUG:colcon.colcon_core.verb:Building package 'velodyne_gazebo_plugins' with the following arguments: {'ament_cmake_args': None, 'build_base': '/home/ubuntu/GAZEBO_SIM/ssafy_ws/build/velodyne_gazebo_plugins', 'catkin_cmake_args': None, 'catkin_skip_building_tests': False, 'cmake_args': None, 'cmake_clean_cache': False, 'cmake_clean_first': False, 'cmake_force_configure': False, 'cmake_target': None, 'cmake_target_skip_unavailable': False, 'install_base': '/home/ubuntu/GAZEBO_SIM/ssafy_ws/install/velodyne_gazebo_plugins', 'merge_install': False, 'path': '/home/ubuntu/GAZEBO_SIM/ssafy_ws/src/velodyne_simulator/velodyne_gazebo_plugins', 'symlink_install': False, 'test_result_base': None}
[0.217s] Level 5:colcon.colcon_core.verb:set package 'velodyne_simulator' build argument 'cmake_args' from command line to 'None'
[0.217s] Level 5:colcon.colcon_core.verb:set package 'velodyne_simulator' build argument 'cmake_target' from command line to 'None'
[0.217s] Level 5:colcon.colcon_core.verb:set package 'velodyne_simulator' build argument 'cmake_target_skip_unavailable' from command line to 'False'
[0.217s] Level 5:colcon.colcon_core.verb:set package 'velodyne_simulator' build argument 'cmake_clean_cache' from command line to 'False'
[0.217s] Level 5:colcon.colcon_core.verb:set package 'velodyne_simulator' build argument 'cmake_clean_first' from command line to 'False'
[0.217s] Level 5:colcon.colcon_core.verb:set package 'velodyne_simulator' build argument 'cmake_force_configure' from command line to 'False'
[0.217s] Level 5:colcon.colcon_core.verb:set package 'velodyne_simulator' build argument 'ament_cmake_args' from command line to 'None'
[0.217s] Level 5:colcon.colcon_core.verb:set package 'velodyne_simulator' build argument 'catkin_cmake_args' from command line to 'None'
[0.217s] Level 5:colcon.colcon_core.verb:set package 'velodyne_simulator' build argument 'catkin_skip_building_tests' from command line to 'False'
[0.217s] DEBUG:colcon.colcon_core.verb:Building package 'velodyne_simulator' with the following arguments: {'ament_cmake_args': None, 'build_base': '/home/ubuntu/GAZEBO_SIM/ssafy_ws/build/velodyne_simulator', 'catkin_cmake_args': None, 'catkin_skip_building_tests': False, 'cmake_args': None, 'cmake_clean_cache': False, 'cmake_clean_first': False, 'cmake_force_configure': False, 'cmake_target': None, 'cmake_target_skip_unavailable': False, 'install_base': '/home/ubuntu/GAZEBO_SIM/ssafy_ws/install/velodyne_simulator', 'merge_install': False, 'path': '/home/ubuntu/GAZEBO_SIM/ssafy_ws/src/velodyne_simulator/velodyne_simulator', 'symlink_install': False, 'test_result_base': None}
[0.217s] INFO:colcon.colcon_core.executor:Executing jobs using 'parallel' executor
[0.218s] DEBUG:colcon.colcon_parallel_executor.executor.parallel:run_until_complete
[0.218s] INFO:colcon.colcon_ros.task.ament_cmake.build:Building ROS package in '/home/ubuntu/GAZEBO_SIM/ssafy_ws/src/velodyne_simulator/velodyne_description' with build type 'ament_cmake'
[0.218s] INFO:colcon.colcon_cmake.task.cmake.build:Building CMake package in '/home/ubuntu/GAZEBO_SIM/ssafy_ws/src/velodyne_simulator/velodyne_description'
[0.219s] INFO:colcon.colcon_core.plugin_system:Skipping extension 'colcon_core.shell.bat': Not used on non-Windows systems
[0.219s] INFO:colcon.colcon_core.shell:Skip shell extension 'powershell' for command environment: Not usable outside of PowerShell
[0.219s] DEBUG:colcon.colcon_core.shell:Skip shell extension 'dsv' for command environment
[0.221s] INFO:colcon.colcon_ros.task.ament_cmake.build:Building ROS package in '/home/ubuntu/GAZEBO_SIM/ssafy_ws/src/velodyne_simulator/velodyne_gazebo_plugins' with build type 'ament_cmake'
[0.221s] INFO:colcon.colcon_cmake.task.cmake.build:Building CMake package in '/home/ubuntu/GAZEBO_SIM/ssafy_ws/src/velodyne_simulator/velodyne_gazebo_plugins'
[0.221s] INFO:colcon.colcon_core.shell:Skip shell extension 'powershell' for command environment: Not usable outside of PowerShell
[0.221s] DEBUG:colcon.colcon_core.shell:Skip shell extension 'dsv' for command environment
[0.223s] INFO:colcon.colcon_ros.task.ament_python.build:Building ROS package in '/home/ubuntu/GAZEBO_SIM/ssafy_ws/src/teleop_twist_keyboard' with build type 'ament_python'
[0.223s] Level 1:colcon.colcon_core.shell:create_environment_hook('teleop_twist_keyboard', 'ament_prefix_path')
[0.223s] INFO:colcon.colcon_core.shell:Creating environment hook '/home/ubuntu/GAZEBO_SIM/ssafy_ws/install/teleop_twist_keyboard/share/teleop_twist_keyboard/hook/ament_prefix_path.ps1'
[0.223s] INFO:colcon.colcon_core.shell:Creating environment descriptor '/home/ubuntu/GAZEBO_SIM/ssafy_ws/install/teleop_twist_keyboard/share/teleop_twist_keyboard/hook/ament_prefix_path.dsv'
[0.223s] INFO:colcon.colcon_core.shell:Creating environment hook '/home/ubuntu/GAZEBO_SIM/ssafy_ws/install/teleop_twist_keyboard/share/teleop_twist_keyboard/hook/ament_prefix_path.sh'
[0.224s] INFO:colcon.colcon_core.shell:Skip shell extension 'powershell' for command environment: Not usable outside of PowerShell
[0.224s] DEBUG:colcon.colcon_core.shell:Skip shell extension 'dsv' for command environment
[0.225s] INFO:colcon.colcon_ros.task.ament_cmake.build:Building ROS package in '/home/ubuntu/GAZEBO_SIM/ssafy_ws/src/turtlebot3_description' with build type 'ament_cmake'
[0.225s] INFO:colcon.colcon_cmake.task.cmake.build:Building CMake package in '/home/ubuntu/GAZEBO_SIM/ssafy_ws/src/turtlebot3_description'
[0.225s] INFO:colcon.colcon_core.shell:Skip shell extension 'powershell' for command environment: Not usable outside of PowerShell
[0.225s] DEBUG:colcon.colcon_core.shell:Skip shell extension 'dsv' for command environment
[0.230s] DEBUG:colcon.colcon_core.event_handler.log_command:Invoking command in '/home/ubuntu/GAZEBO_SIM/ssafy_ws/build/velodyne_description': CMAKE_PREFIX_PATH=/opt/ros/humble CONDA_PROMPT_MODIFIER=(isaaclab) /usr/bin/cmake /home/ubuntu/GAZEBO_SIM/ssafy_ws/src/velodyne_simulator/velodyne_description -DCMAKE_INSTALL_PREFIX=/home/ubuntu/GAZEBO_SIM/ssafy_ws/install/velodyne_description
[0.232s] DEBUG:colcon.colcon_core.event_handler.log_command:Invoking command in '/home/ubuntu/GAZEBO_SIM/ssafy_ws/build/velodyne_gazebo_plugins': CMAKE_PREFIX_PATH=/opt/ros/humble CONDA_PROMPT_MODIFIER=(isaaclab) /usr/bin/cmake /home/ubuntu/GAZEBO_SIM/ssafy_ws/src/velodyne_simulator/velodyne_gazebo_plugins -DCMAKE_INSTALL_PREFIX=/home/ubuntu/GAZEBO_SIM/ssafy_ws/install/velodyne_gazebo_plugins
[0.413s] INFO:colcon.colcon_core.task.python.build:Building Python package in '/home/ubuntu/GAZEBO_SIM/ssafy_ws/src/teleop_twist_keyboard'
[0.414s] INFO:colcon.colcon_core.shell:Skip shell extension 'powershell' for command environment: Not usable outside of PowerShell
[0.414s] DEBUG:colcon.colcon_core.shell:Skip shell extension 'dsv' for command environment
[0.421s] DEBUG:colcon.colcon_core.event_handler.log_command:Invoking command in '/home/ubuntu/GAZEBO_SIM/ssafy_ws/build/turtlebot3_description': CMAKE_PREFIX_PATH=/opt/ros/humble CONDA_PROMPT_MODIFIER=(isaaclab) /usr/bin/cmake /home/ubuntu/GAZEBO_SIM/ssafy_ws/src/turtlebot3_description -DCMAKE_INSTALL_PREFIX=/home/ubuntu/GAZEBO_SIM/ssafy_ws/install/turtlebot3_description
[0.700s] DEBUG:colcon.colcon_core.event_handler.log_command:Invoking command in '/home/ubuntu/GAZEBO_SIM/ssafy_ws/src/teleop_twist_keyboard': CONDA_PROMPT_MODIFIER=(isaaclab) PYTHONPATH=/home/ubuntu/GAZEBO_SIM/ssafy_ws/build/teleop_twist_keyboard/prefix_override:/usr/lib/python3/dist-packages/colcon_core/task/python/colcon_distutils_commands:/home/ubuntu/GAZEBO_SIM/ssafy_ws/install/teleop_twist_keyboard/lib/python3.10/site-packages:${PYTHONPATH} /usr/bin/python3 -W ignore:setup.py install is deprecated -W ignore:easy_install command is deprecated setup.py egg_info --egg-base ../../build/teleop_twist_keyboard build --build-base /home/ubuntu/GAZEBO_SIM/ssafy_ws/build/teleop_twist_keyboard/build install --record /home/ubuntu/GAZEBO_SIM/ssafy_ws/build/teleop_twist_keyboard/install.log --single-version-externally-managed install_data
[0.898s] DEBUG:colcon.colcon_core.event_handler.log_command:Invoked command in '/home/ubuntu/GAZEBO_SIM/ssafy_ws/build/velodyne_description' returned '0': CMAKE_PREFIX_PATH=/opt/ros/humble CONDA_PROMPT_MODIFIER=(isaaclab) /usr/bin/cmake /home/ubuntu/GAZEBO_SIM/ssafy_ws/src/velodyne_simulator/velodyne_description -DCMAKE_INSTALL_PREFIX=/home/ubuntu/GAZEBO_SIM/ssafy_ws/install/velodyne_description
[0.900s] DEBUG:colcon.colcon_core.event_handler.log_command:Invoking command in '/home/ubuntu/GAZEBO_SIM/ssafy_ws/build/velodyne_description': CMAKE_PREFIX_PATH=/opt/ros/humble CONDA_PROMPT_MODIFIER=(isaaclab) /usr/bin/cmake --build /home/ubuntu/GAZEBO_SIM/ssafy_ws/build/velodyne_description -- -j12 -l12
[0.928s] DEBUG:colcon.colcon_core.event_handler.log_command:Invoked command in '/home/ubuntu/GAZEBO_SIM/ssafy_ws/build/velodyne_description' returned '0': CMAKE_PREFIX_PATH=/opt/ros/humble CONDA_PROMPT_MODIFIER=(isaaclab) /usr/bin/cmake --build /home/ubuntu/GAZEBO_SIM/ssafy_ws/build/velodyne_description -- -j12 -l12
[0.936s] DEBUG:colcon.colcon_core.event_handler.log_command:Invoking command in '/home/ubuntu/GAZEBO_SIM/ssafy_ws/build/velodyne_description': CMAKE_PREFIX_PATH=/opt/ros/humble CONDA_PROMPT_MODIFIER=(isaaclab) /usr/bin/cmake --install /home/ubuntu/GAZEBO_SIM/ssafy_ws/build/velodyne_description
[0.937s] DEBUG:colcon.colcon_core.event_handler.log_command:Invoked command in '/home/ubuntu/GAZEBO_SIM/ssafy_ws/src/teleop_twist_keyboard' returned '0': CONDA_PROMPT_MODIFIER=(isaaclab) PYTHONPATH=/home/ubuntu/GAZEBO_SIM/ssafy_ws/build/teleop_twist_keyboard/prefix_override:/usr/lib/python3/dist-packages/colcon_core/task/python/colcon_distutils_commands:/home/ubuntu/GAZEBO_SIM/ssafy_ws/install/teleop_twist_keyboard/lib/python3.10/site-packages:${PYTHONPATH} /usr/bin/python3 -W ignore:setup.py install is deprecated -W ignore:easy_install command is deprecated setup.py egg_info --egg-base ../../build/teleop_twist_keyboard build --build-base /home/ubuntu/GAZEBO_SIM/ssafy_ws/build/teleop_twist_keyboard/build install --record /home/ubuntu/GAZEBO_SIM/ssafy_ws/build/teleop_twist_keyboard/install.log --single-version-externally-managed install_data
[0.938s] Level 1:colcon.colcon_core.environment:checking '/home/ubuntu/GAZEBO_SIM/ssafy_ws/install/teleop_twist_keyboard' for CMake module files
[0.939s] Level 1:colcon.colcon_core.environment:checking '/home/ubuntu/GAZEBO_SIM/ssafy_ws/install/teleop_twist_keyboard' for CMake config files
[0.939s] Level 1:colcon.colcon_core.environment:checking '/home/ubuntu/GAZEBO_SIM/ssafy_ws/install/teleop_twist_keyboard/lib'
[0.939s] Level 1:colcon.colcon_core.environment:checking '/home/ubuntu/GAZEBO_SIM/ssafy_ws/install/teleop_twist_keyboard/bin'
[0.939s] Level 1:colcon.colcon_core.environment:checking '/home/ubuntu/GAZEBO_SIM/ssafy_ws/install/teleop_twist_keyboard/lib/pkgconfig/teleop_twist_keyboard.pc'
[0.940s] Level 1:colcon.colcon_core.environment:checking '/home/ubuntu/GAZEBO_SIM/ssafy_ws/install/teleop_twist_keyboard/lib/python3.10/site-packages'
[0.940s] Level 1:colcon.colcon_core.shell:create_environment_hook('teleop_twist_keyboard', 'pythonpath')
[0.940s] INFO:colcon.colcon_core.shell:Creating environment hook '/home/ubuntu/GAZEBO_SIM/ssafy_ws/install/teleop_twist_keyboard/share/teleop_twist_keyboard/hook/pythonpath.ps1'
[0.940s] INFO:colcon.colcon_core.shell:Creating environment descriptor '/home/ubuntu/GAZEBO_SIM/ssafy_ws/install/teleop_twist_keyboard/share/teleop_twist_keyboard/hook/pythonpath.dsv'
[0.940s] INFO:colcon.colcon_core.shell:Creating environment hook '/home/ubuntu/GAZEBO_SIM/ssafy_ws/install/teleop_twist_keyboard/share/teleop_twist_keyboard/hook/pythonpath.sh'
[0.941s] Level 1:colcon.colcon_core.environment:checking '/home/ubuntu/GAZEBO_SIM/ssafy_ws/install/teleop_twist_keyboard/bin'
[0.941s] Level 1:colcon.colcon_core.environment:create_environment_scripts_only(teleop_twist_keyboard)
[0.941s] INFO:colcon.colcon_core.shell:Creating package script '/home/ubuntu/GAZEBO_SIM/ssafy_ws/install/teleop_twist_keyboard/share/teleop_twist_keyboard/package.ps1'
[0.942s] INFO:colcon.colcon_core.shell:Creating package descriptor '/home/ubuntu/GAZEBO_SIM/ssafy_ws/install/teleop_twist_keyboard/share/teleop_twist_keyboard/package.dsv'
[0.944s] INFO:colcon.colcon_core.shell:Creating package script '/home/ubuntu/GAZEBO_SIM/ssafy_ws/install/teleop_twist_keyboard/share/teleop_twist_keyboard/package.sh'
[0.945s] INFO:colcon.colcon_core.shell:Creating package script '/home/ubuntu/GAZEBO_SIM/ssafy_ws/install/teleop_twist_keyboard/share/teleop_twist_keyboard/package.bash'
[0.946s] INFO:colcon.colcon_core.shell:Creating package script '/home/ubuntu/GAZEBO_SIM/ssafy_ws/install/teleop_twist_keyboard/share/teleop_twist_keyboard/package.zsh'
[0.947s] Level 1:colcon.colcon_core.environment:create_file_with_runtime_dependencies(/home/ubuntu/GAZEBO_SIM/ssafy_ws/install/teleop_twist_keyboard/share/colcon-core/packages/teleop_twist_keyboard)
[0.948s] Level 1:colcon.colcon_core.environment:create_environment_scripts_only(velodyne_description)
[0.948s] Level 1:colcon.colcon_core.environment:checking '/home/ubuntu/GAZEBO_SIM/ssafy_ws/install/velodyne_description' for CMake module files
[0.948s] DEBUG:colcon.colcon_core.event_handler.log_command:Invoked command in '/home/ubuntu/GAZEBO_SIM/ssafy_ws/build/velodyne_description' returned '0': CMAKE_PREFIX_PATH=/opt/ros/humble CONDA_PROMPT_MODIFIER=(isaaclab) /usr/bin/cmake --install /home/ubuntu/GAZEBO_SIM/ssafy_ws/build/velodyne_description
[0.948s] Level 1:colcon.colcon_core.environment:checking '/home/ubuntu/GAZEBO_SIM/ssafy_ws/install/velodyne_description' for CMake config files
[0.948s] Level 1:colcon.colcon_core.shell:create_environment_hook('velodyne_description', 'cmake_prefix_path')
[0.949s] INFO:colcon.colcon_core.shell:Creating environment hook '/home/ubuntu/GAZEBO_SIM/ssafy_ws/install/velodyne_description/share/velodyne_description/hook/cmake_prefix_path.ps1'
[0.949s] INFO:colcon.colcon_core.shell:Creating environment descriptor '/home/ubuntu/GAZEBO_SIM/ssafy_ws/install/velodyne_description/share/velodyne_description/hook/cmake_prefix_path.dsv'
[0.949s] INFO:colcon.colcon_core.shell:Creating environment hook '/home/ubuntu/GAZEBO_SIM/ssafy_ws/install/velodyne_description/share/velodyne_description/hook/cmake_prefix_path.sh'
[0.950s] Level 1:colcon.colcon_core.environment:checking '/home/ubuntu/GAZEBO_SIM/ssafy_ws/install/velodyne_description/bin'
[0.950s] Level 1:colcon.colcon_core.environment:checking '/home/ubuntu/GAZEBO_SIM/ssafy_ws/install/velodyne_description/lib/pkgconfig/velodyne_description.pc'
[0.950s] Level 1:colcon.colcon_core.environment:checking '/home/ubuntu/GAZEBO_SIM/ssafy_ws/install/velodyne_description/lib/python3.10/site-packages'
[0.950s] Level 1:colcon.colcon_core.environment:checking '/home/ubuntu/GAZEBO_SIM/ssafy_ws/install/velodyne_description/bin'
[0.950s] INFO:colcon.colcon_core.shell:Creating package script '/home/ubuntu/GAZEBO_SIM/ssafy_ws/install/velodyne_description/share/velodyne_description/package.ps1'
[0.951s] INFO:colcon.colcon_core.shell:Creating package descriptor '/home/ubuntu/GAZEBO_SIM/ssafy_ws/install/velodyne_description/share/velodyne_description/package.dsv'
[0.951s] INFO:colcon.colcon_core.shell:Creating package script '/home/ubuntu/GAZEBO_SIM/ssafy_ws/install/velodyne_description/share/velodyne_description/package.sh'
[0.951s] INFO:colcon.colcon_core.shell:Creating package script '/home/ubuntu/GAZEBO_SIM/ssafy_ws/install/velodyne_description/share/velodyne_description/package.bash'
[0.951s] INFO:colcon.colcon_core.shell:Creating package script '/home/ubuntu/GAZEBO_SIM/ssafy_ws/install/velodyne_description/share/velodyne_description/package.zsh'
[0.951s] Level 1:colcon.colcon_core.environment:create_file_with_runtime_dependencies(/home/ubuntu/GAZEBO_SIM/ssafy_ws/install/velodyne_description/share/colcon-core/packages/velodyne_description)
[0.952s] Level 1:colcon.colcon_core.environment:create_environment_scripts_only(velodyne_description)
[0.952s] Level 1:colcon.colcon_core.environment:checking '/home/ubuntu/GAZEBO_SIM/ssafy_ws/install/velodyne_description' for CMake module files
[0.952s] Level 1:colcon.colcon_core.environment:checking '/home/ubuntu/GAZEBO_SIM/ssafy_ws/install/velodyne_description' for CMake config files
[0.952s] Level 1:colcon.colcon_core.shell:create_environment_hook('velodyne_description', 'cmake_prefix_path')
[0.952s] INFO:colcon.colcon_core.shell:Creating environment hook '/home/ubuntu/GAZEBO_SIM/ssafy_ws/install/velodyne_description/share/velodyne_description/hook/cmake_prefix_path.ps1'
[0.953s] INFO:colcon.colcon_core.shell:Creating environment descriptor '/home/ubuntu/GAZEBO_SIM/ssafy_ws/install/velodyne_description/share/velodyne_description/hook/cmake_prefix_path.dsv'
[0.953s] INFO:colcon.colcon_core.shell:Creating environment hook '/home/ubuntu/GAZEBO_SIM/ssafy_ws/install/velodyne_description/share/velodyne_description/hook/cmake_prefix_path.sh'
[0.953s] Level 1:colcon.colcon_core.environment:checking '/home/ubuntu/GAZEBO_SIM/ssafy_ws/install/velodyne_description/bin'
[0.953s] Level 1:colcon.colcon_core.environment:checking '/home/ubuntu/GAZEBO_SIM/ssafy_ws/install/velodyne_description/lib/pkgconfig/velodyne_description.pc'
[0.954s] Level 1:colcon.colcon_core.environment:checking '/home/ubuntu/GAZEBO_SIM/ssafy_ws/install/velodyne_description/lib/python3.10/site-packages'
[0.954s] Level 1:colcon.colcon_core.environment:checking '/home/ubuntu/GAZEBO_SIM/ssafy_ws/install/velodyne_description/bin'
[0.954s] INFO:colcon.colcon_core.shell:Creating package script '/home/ubuntu/GAZEBO_SIM/ssafy_ws/install/velodyne_description/share/velodyne_description/package.ps1'
[0.955s] INFO:colcon.colcon_core.shell:Creating package descriptor '/home/ubuntu/GAZEBO_SIM/ssafy_ws/install/velodyne_description/share/velodyne_description/package.dsv'
[0.955s] INFO:colcon.colcon_core.shell:Creating package script '/home/ubuntu/GAZEBO_SIM/ssafy_ws/install/velodyne_description/share/velodyne_description/package.sh'
[0.955s] INFO:colcon.colcon_core.shell:Creating package script '/home/ubuntu/GAZEBO_SIM/ssafy_ws/install/velodyne_description/share/velodyne_description/package.bash'
[0.955s] INFO:colcon.colcon_core.shell:Creating package script '/home/ubuntu/GAZEBO_SIM/ssafy_ws/install/velodyne_description/share/velodyne_description/package.zsh'
[0.956s] Level 1:colcon.colcon_core.environment:create_file_with_runtime_dependencies(/home/ubuntu/GAZEBO_SIM/ssafy_ws/install/velodyne_description/share/colcon-core/packages/velodyne_description)
[1.107s] DEBUG:colcon.colcon_core.event_handler.log_command:Invoked command in '/home/ubuntu/GAZEBO_SIM/ssafy_ws/build/turtlebot3_description' returned '0': CMAKE_PREFIX_PATH=/opt/ros/humble CONDA_PROMPT_MODIFIER=(isaaclab) /usr/bin/cmake /home/ubuntu/GAZEBO_SIM/ssafy_ws/src/turtlebot3_description -DCMAKE_INSTALL_PREFIX=/home/ubuntu/GAZEBO_SIM/ssafy_ws/install/turtlebot3_description
[1.107s] DEBUG:colcon.colcon_core.event_handler.log_command:Invoking command in '/home/ubuntu/GAZEBO_SIM/ssafy_ws/build/turtlebot3_description': CMAKE_PREFIX_PATH=/opt/ros/humble CONDA_PROMPT_MODIFIER=(isaaclab) /usr/bin/cmake --build /home/ubuntu/GAZEBO_SIM/ssafy_ws/build/turtlebot3_description -- -j12 -l12
[1.129s] DEBUG:colcon.colcon_core.event_handler.log_command:Invoked command in '/home/ubuntu/GAZEBO_SIM/ssafy_ws/build/turtlebot3_description' returned '0': CMAKE_PREFIX_PATH=/opt/ros/humble CONDA_PROMPT_MODIFIER=(isaaclab) /usr/bin/cmake --build /home/ubuntu/GAZEBO_SIM/ssafy_ws/build/turtlebot3_description -- -j12 -l12
[1.130s] DEBUG:colcon.colcon_core.event_handler.log_command:Invoking command in '/home/ubuntu/GAZEBO_SIM/ssafy_ws/build/turtlebot3_description': CMAKE_PREFIX_PATH=/opt/ros/humble CONDA_PROMPT_MODIFIER=(isaaclab) /usr/bin/cmake --install /home/ubuntu/GAZEBO_SIM/ssafy_ws/build/turtlebot3_description
[1.159s] Level 1:colcon.colcon_core.environment:create_environment_scripts_only(turtlebot3_description)
[1.159s] Level 1:colcon.colcon_core.environment:checking '/home/ubuntu/GAZEBO_SIM/ssafy_ws/install/turtlebot3_description' for CMake module files
[1.160s] DEBUG:colcon.colcon_core.event_handler.log_command:Invoked command in '/home/ubuntu/GAZEBO_SIM/ssafy_ws/build/turtlebot3_description' returned '0': CMAKE_PREFIX_PATH=/opt/ros/humble CONDA_PROMPT_MODIFIER=(isaaclab) /usr/bin/cmake --install /home/ubuntu/GAZEBO_SIM/ssafy_ws/build/turtlebot3_description
[1.160s] Level 1:colcon.colcon_core.environment:checking '/home/ubuntu/GAZEBO_SIM/ssafy_ws/install/turtlebot3_description' for CMake config files
[1.160s] Level 1:colcon.colcon_core.shell:create_environment_hook('turtlebot3_description', 'cmake_prefix_path')
[1.160s] INFO:colcon.colcon_core.shell:Creating environment hook '/home/ubuntu/GAZEBO_SIM/ssafy_ws/install/turtlebot3_description/share/turtlebot3_description/hook/cmake_prefix_path.ps1'
[1.161s] INFO:colcon.colcon_core.shell:Creating environment descriptor '/home/ubuntu/GAZEBO_SIM/ssafy_ws/install/turtlebot3_description/share/turtlebot3_description/hook/cmake_prefix_path.dsv'
[1.161s] INFO:colcon.colcon_core.shell:Creating environment hook '/home/ubuntu/GAZEBO_SIM/ssafy_ws/install/turtlebot3_description/share/turtlebot3_description/hook/cmake_prefix_path.sh'
[1.161s] Level 1:colcon.colcon_core.environment:checking '/home/ubuntu/GAZEBO_SIM/ssafy_ws/install/turtlebot3_description/bin'
[1.161s] Level 1:colcon.colcon_core.environment:checking '/home/ubuntu/GAZEBO_SIM/ssafy_ws/install/turtlebot3_description/lib/pkgconfig/turtlebot3_description.pc'
[1.161s] Level 1:colcon.colcon_core.environment:checking '/home/ubuntu/GAZEBO_SIM/ssafy_ws/install/turtlebot3_description/lib/python3.10/site-packages'
[1.162s] Level 1:colcon.colcon_core.environment:checking '/home/ubuntu/GAZEBO_SIM/ssafy_ws/install/turtlebot3_description/bin'
[1.162s] INFO:colcon.colcon_core.shell:Creating package script '/home/ubuntu/GAZEBO_SIM/ssafy_ws/install/turtlebot3_description/share/turtlebot3_description/package.ps1'
[1.162s] INFO:colcon.colcon_core.shell:Creating package descriptor '/home/ubuntu/GAZEBO_SIM/ssafy_ws/install/turtlebot3_description/share/turtlebot3_description/package.dsv'
[1.162s] INFO:colcon.colcon_core.shell:Creating package script '/home/ubuntu/GAZEBO_SIM/ssafy_ws/install/turtlebot3_description/share/turtlebot3_description/package.sh'
[1.162s] INFO:colcon.colcon_core.shell:Creating package script '/home/ubuntu/GAZEBO_SIM/ssafy_ws/install/turtlebot3_description/share/turtlebot3_description/package.bash'
[1.163s] INFO:colcon.colcon_core.shell:Creating package script '/home/ubuntu/GAZEBO_SIM/ssafy_ws/install/turtlebot3_description/share/turtlebot3_description/package.zsh'
[1.163s] Level 1:colcon.colcon_core.environment:create_file_with_runtime_dependencies(/home/ubuntu/GAZEBO_SIM/ssafy_ws/install/turtlebot3_description/share/colcon-core/packages/turtlebot3_description)
[1.163s] Level 1:colcon.colcon_core.environment:create_environment_scripts_only(turtlebot3_description)
[1.163s] Level 1:colcon.colcon_core.environment:checking '/home/ubuntu/GAZEBO_SIM/ssafy_ws/install/turtlebot3_description' for CMake module files
[1.164s] Level 1:colcon.colcon_core.environment:checking '/home/ubuntu/GAZEBO_SIM/ssafy_ws/install/turtlebot3_description' for CMake config files
[1.164s] Level 1:colcon.colcon_core.shell:create_environment_hook('turtlebot3_description', 'cmake_prefix_path')
[1.164s] INFO:colcon.colcon_core.shell:Creating environment hook '/home/ubuntu/GAZEBO_SIM/ssafy_ws/install/turtlebot3_description/share/turtlebot3_description/hook/cmake_prefix_path.ps1'
[1.164s] INFO:colcon.colcon_core.shell:Creating environment descriptor '/home/ubuntu/GAZEBO_SIM/ssafy_ws/install/turtlebot3_description/share/turtlebot3_description/hook/cmake_prefix_path.dsv'
[1.164s] INFO:colcon.colcon_core.shell:Creating environment hook '/home/ubuntu/GAZEBO_SIM/ssafy_ws/install/turtlebot3_description/share/turtlebot3_description/hook/cmake_prefix_path.sh'
[1.165s] Level 1:colcon.colcon_core.environment:checking '/home/ubuntu/GAZEBO_SIM/ssafy_ws/install/turtlebot3_description/bin'
[1.165s] Level 1:colcon.colcon_core.environment:checking '/home/ubuntu/GAZEBO_SIM/ssafy_ws/install/turtlebot3_description/lib/pkgconfig/turtlebot3_description.pc'
[1.165s] Level 1:colcon.colcon_core.environment:checking '/home/ubuntu/GAZEBO_SIM/ssafy_ws/install/turtlebot3_description/lib/python3.10/site-packages'
[1.165s] Level 1:colcon.colcon_core.environment:checking '/home/ubuntu/GAZEBO_SIM/ssafy_ws/install/turtlebot3_description/bin'
[1.165s] INFO:colcon.colcon_core.shell:Creating package script '/home/ubuntu/GAZEBO_SIM/ssafy_ws/install/turtlebot3_description/share/turtlebot3_description/package.ps1'
[1.165s] INFO:colcon.colcon_core.shell:Creating package descriptor '/home/ubuntu/GAZEBO_SIM/ssafy_ws/install/turtlebot3_description/share/turtlebot3_description/package.dsv'
[1.166s] INFO:colcon.colcon_core.shell:Creating package script '/home/ubuntu/GAZEBO_SIM/ssafy_ws/install/turtlebot3_description/share/turtlebot3_description/package.sh'
[1.166s] INFO:colcon.colcon_core.shell:Creating package script '/home/ubuntu/GAZEBO_SIM/ssafy_ws/install/turtlebot3_description/share/turtlebot3_description/package.bash'
[1.166s] INFO:colcon.colcon_core.shell:Creating package script '/home/ubuntu/GAZEBO_SIM/ssafy_ws/install/turtlebot3_description/share/turtlebot3_description/package.zsh'
[1.166s] Level 1:colcon.colcon_core.environment:create_file_with_runtime_dependencies(/home/ubuntu/GAZEBO_SIM/ssafy_ws/install/turtlebot3_description/share/colcon-core/packages/turtlebot3_description)
[1.692s] DEBUG:colcon.colcon_core.event_handler.log_command:Invoked command in '/home/ubuntu/GAZEBO_SIM/ssafy_ws/build/velodyne_gazebo_plugins' returned '0': CMAKE_PREFIX_PATH=/opt/ros/humble CONDA_PROMPT_MODIFIER=(isaaclab) /usr/bin/cmake /home/ubuntu/GAZEBO_SIM/ssafy_ws/src/velodyne_simulator/velodyne_gazebo_plugins -DCMAKE_INSTALL_PREFIX=/home/ubuntu/GAZEBO_SIM/ssafy_ws/install/velodyne_gazebo_plugins
[1.693s] DEBUG:colcon.colcon_core.event_handler.log_command:Invoking command in '/home/ubuntu/GAZEBO_SIM/ssafy_ws/build/velodyne_gazebo_plugins': CMAKE_PREFIX_PATH=/opt/ros/humble CONDA_PROMPT_MODIFIER=(isaaclab) /usr/bin/cmake --build /home/ubuntu/GAZEBO_SIM/ssafy_ws/build/velodyne_gazebo_plugins -- -j12 -l12
[30.374s] DEBUG:colcon.colcon_core.event_handler.log_command:Invoked command in '/home/ubuntu/GAZEBO_SIM/ssafy_ws/build/velodyne_gazebo_plugins' returned '2': CMAKE_PREFIX_PATH=/opt/ros/humble CONDA_PROMPT_MODIFIER=(isaaclab) /usr/bin/cmake --build /home/ubuntu/GAZEBO_SIM/ssafy_ws/build/velodyne_gazebo_plugins -- -j12 -l12
[30.374s] Level 1:colcon.colcon_core.environment:create_environment_scripts_only(velodyne_gazebo_plugins)
[30.374s] Level 1:colcon.colcon_core.environment:checking '/home/ubuntu/GAZEBO_SIM/ssafy_ws/install/velodyne_gazebo_plugins' for CMake module files
[30.374s] Level 1:colcon.colcon_core.environment:checking '/home/ubuntu/GAZEBO_SIM/ssafy_ws/install/velodyne_gazebo_plugins' for CMake config files
[30.374s] Level 1:colcon.colcon_core.environment:checking '/home/ubuntu/GAZEBO_SIM/ssafy_ws/install/velodyne_gazebo_plugins/bin'
[30.374s] Level 1:colcon.colcon_core.environment:checking '/home/ubuntu/GAZEBO_SIM/ssafy_ws/install/velodyne_gazebo_plugins/lib/pkgconfig/velodyne_gazebo_plugins.pc'
[30.375s] Level 1:colcon.colcon_core.environment:checking '/home/ubuntu/GAZEBO_SIM/ssafy_ws/install/velodyne_gazebo_plugins/lib/python3.10/site-packages'
[30.375s] Level 1:colcon.colcon_core.environment:checking '/home/ubuntu/GAZEBO_SIM/ssafy_ws/install/velodyne_gazebo_plugins/bin'
[30.375s] INFO:colcon.colcon_core.shell:Creating package script '/home/ubuntu/GAZEBO_SIM/ssafy_ws/install/velodyne_gazebo_plugins/share/velodyne_gazebo_plugins/package.ps1'
[30.375s] INFO:colcon.colcon_core.shell:Creating package descriptor '/home/ubuntu/GAZEBO_SIM/ssafy_ws/install/velodyne_gazebo_plugins/share/velodyne_gazebo_plugins/package.dsv'
[30.375s] INFO:colcon.colcon_core.shell:Creating package script '/home/ubuntu/GAZEBO_SIM/ssafy_ws/install/velodyne_gazebo_plugins/share/velodyne_gazebo_plugins/package.sh'
[30.376s] INFO:colcon.colcon_core.shell:Creating package script '/home/ubuntu/GAZEBO_SIM/ssafy_ws/install/velodyne_gazebo_plugins/share/velodyne_gazebo_plugins/package.bash'
[30.376s] INFO:colcon.colcon_core.shell:Creating package script '/home/ubuntu/GAZEBO_SIM/ssafy_ws/install/velodyne_gazebo_plugins/share/velodyne_gazebo_plugins/package.zsh'
[30.376s] Level 1:colcon.colcon_core.environment:create_file_with_runtime_dependencies(/home/ubuntu/GAZEBO_SIM/ssafy_ws/install/velodyne_gazebo_plugins/share/colcon-core/packages/velodyne_gazebo_plugins)
[30.386s] DEBUG:colcon.colcon_parallel_executor.executor.parallel:closing loop
[30.386s] DEBUG:colcon.colcon_parallel_executor.executor.parallel:loop closed
[30.386s] DEBUG:colcon.colcon_parallel_executor.executor.parallel:run_until_complete finished with '2'
[30.387s] DEBUG:colcon.colcon_core.event_reactor:joining thread
[30.464s] INFO:colcon.colcon_core.plugin_system:Skipping extension 'colcon_notification.desktop_notification.terminal_notifier': Not used on non-Darwin systems
[30.465s] INFO:colcon.colcon_core.plugin_system:Skipping extension 'colcon_notification.desktop_notification.win32': Not used on non-Windows systems
[30.465s] INFO:colcon.colcon_notification.desktop_notification:Sending desktop notification using 'notify2'
[30.471s] DEBUG:colcon.colcon_core.event_reactor:joined thread
[30.472s] INFO:colcon.colcon_core.shell:Creating prefix script '/home/ubuntu/GAZEBO_SIM/ssafy_ws/install/local_setup.ps1'
[30.472s] INFO:colcon.colcon_core.shell:Creating prefix util module '/home/ubuntu/GAZEBO_SIM/ssafy_ws/install/_local_setup_util_ps1.py'
[30.473s] INFO:colcon.colcon_core.shell:Creating prefix chain script '/home/ubuntu/GAZEBO_SIM/ssafy_ws/install/setup.ps1'
[30.474s] INFO:colcon.colcon_core.shell:Creating prefix script '/home/ubuntu/GAZEBO_SIM/ssafy_ws/install/local_setup.sh'
[30.474s] INFO:colcon.colcon_core.shell:Creating prefix util module '/home/ubuntu/GAZEBO_SIM/ssafy_ws/install/_local_setup_util_sh.py'
[30.474s] INFO:colcon.colcon_core.shell:Creating prefix chain script '/home/ubuntu/GAZEBO_SIM/ssafy_ws/install/setup.sh'
[30.475s] INFO:colcon.colcon_core.shell:Creating prefix script '/home/ubuntu/GAZEBO_SIM/ssafy_ws/install/local_setup.bash'
[30.475s] INFO:colcon.colcon_core.shell:Creating prefix chain script '/home/ubuntu/GAZEBO_SIM/ssafy_ws/install/setup.bash'
[30.475s] INFO:colcon.colcon_core.shell:Creating prefix script '/home/ubuntu/GAZEBO_SIM/ssafy_ws/install/local_setup.zsh'
[30.476s] INFO:colcon.colcon_core.shell:Creating prefix chain script '/home/ubuntu/GAZEBO_SIM/ssafy_ws/install/setup.zsh'
