[0.120s] Invoking command in '/home/shh/ssafy_gazeboy/ssafy_ws/build/turtlebot3_description': CMAKE_PREFIX_PATH=/opt/ros/foxy /usr/bin/cmake /home/shh/ssafy_gazeboy/ssafy_ws/src/turtlebot3/turtlebot3_description -DAMENT_CMAKE_SYMLINK_INSTALL=1 -DCMAKE_INSTALL_PREFIX=/home/shh/ssafy_gazeboy/ssafy_ws/install/turtlebot3_description
[0.441s] -- The C compiler identification is GNU 9.4.0
[0.457s] -- The CXX compiler identification is GNU 9.4.0
[0.464s] -- Check for working C compiler: /usr/bin/cc
[0.551s] -- Check for working C compiler: /usr/bin/cc -- works
[0.552s] -- Detecting C compiler ABI info
[0.648s] -- Detecting C compiler ABI info - done
[0.667s] -- Detecting C compile features
[0.667s] -- Detecting C compile features - done
[0.669s] -- Check for working CXX compiler: /usr/bin/c++
[0.772s] -- Check for working CXX compiler: /usr/bin/c++ -- works
[0.774s] -- Detecting CXX compiler ABI info
[0.868s] -- Detecting CXX compiler ABI info - done
[0.881s] -- Detecting CXX compile features
[0.882s] -- Detecting CXX compile features - done
[0.892s] -- Found ament_cmake: 0.9.12 (/opt/ros/foxy/share/ament_cmake/cmake)
[0.920s] -- Found PythonInterp: /usr/bin/python3 (found suitable version "3.8.10", minimum required is "3") 
[0.920s] -- Using PYTHON_EXECUTABLE: /usr/bin/python3
[1.116s] -- Override CMake install command with custom implementation using symlinks instead of copying resources
[1.163s] -- Found urdf: 2.4.0 (/opt/ros/foxy/share/urdf/cmake)
[1.277s] -- Configuring done
[1.280s] -- Generating done
[1.282s] -- Build files have been written to: /home/shh/ssafy_gazeboy/ssafy_ws/build/turtlebot3_description
[1.299s] Invoked command in '/home/shh/ssafy_gazeboy/ssafy_ws/build/turtlebot3_description' returned '0': CMAKE_PREFIX_PATH=/opt/ros/foxy /usr/bin/cmake /home/shh/ssafy_gazeboy/ssafy_ws/src/turtlebot3/turtlebot3_description -DAMENT_CMAKE_SYMLINK_INSTALL=1 -DCMAKE_INSTALL_PREFIX=/home/shh/ssafy_gazeboy/ssafy_ws/install/turtlebot3_description
[1.305s] Invoking command in '/home/shh/ssafy_gazeboy/ssafy_ws/build/turtlebot3_description': CMAKE_PREFIX_PATH=/opt/ros/foxy /usr/bin/cmake --build /home/shh/ssafy_gazeboy/ssafy_ws/build/turtlebot3_description -- -j16 -l16
[1.352s] Invoked command in '/home/shh/ssafy_gazeboy/ssafy_ws/build/turtlebot3_description' returned '0': CMAKE_PREFIX_PATH=/opt/ros/foxy /usr/bin/cmake --build /home/shh/ssafy_gazeboy/ssafy_ws/build/turtlebot3_description -- -j16 -l16
[1.384s] Invoking command in '/home/shh/ssafy_gazeboy/ssafy_ws/build/turtlebot3_description': CMAKE_PREFIX_PATH=/opt/ros/foxy /usr/bin/cmake --install /home/shh/ssafy_gazeboy/ssafy_ws/build/turtlebot3_description
[1.393s] -- Install configuration: ""
[1.394s] -- Execute custom install script
[1.395s] -- Symlinking: /home/shh/ssafy_gazeboy/ssafy_ws/install/turtlebot3_description/share/turtlebot3_description/meshes/bases/burger_base.stl
[1.404s] -- Symlinking: /home/shh/ssafy_gazeboy/ssafy_ws/install/turtlebot3_description/share/turtlebot3_description/meshes/bases/waffle_base.stl
[1.414s] -- Symlinking: /home/shh/ssafy_gazeboy/ssafy_ws/install/turtlebot3_description/share/turtlebot3_description/meshes/bases/waffle_pi_base.stl
[1.427s] -- Symlinking: /home/shh/ssafy_gazeboy/ssafy_ws/install/turtlebot3_description/share/turtlebot3_description/meshes/sensors/astra.dae
[1.438s] -- Symlinking: /home/shh/ssafy_gazeboy/ssafy_ws/install/turtlebot3_description/share/turtlebot3_description/meshes/sensors/astra.jpg
[1.453s] -- Symlinking: /home/shh/ssafy_gazeboy/ssafy_ws/install/turtlebot3_description/share/turtlebot3_description/meshes/sensors/lds.stl
[1.463s] -- Symlinking: /home/shh/ssafy_gazeboy/ssafy_ws/install/turtlebot3_description/share/turtlebot3_description/meshes/sensors/r200.dae
[1.473s] -- Symlinking: /home/shh/ssafy_gazeboy/ssafy_ws/install/turtlebot3_description/share/turtlebot3_description/meshes/sensors/r200.jpg
[1.483s] -- Symlinking: /home/shh/ssafy_gazeboy/ssafy_ws/install/turtlebot3_description/share/turtlebot3_description/meshes/wheels/left_tire.stl
[1.492s] -- Symlinking: /home/shh/ssafy_gazeboy/ssafy_ws/install/turtlebot3_description/share/turtlebot3_description/meshes/wheels/right_tire.stl
[1.503s] -- Symlinking: /home/shh/ssafy_gazeboy/ssafy_ws/install/turtlebot3_description/share/turtlebot3_description/rviz/model.rviz
[1.513s] -- Symlinking: /home/shh/ssafy_gazeboy/ssafy_ws/install/turtlebot3_description/share/turtlebot3_description/urdf/common_properties.urdf
[1.522s] -- Symlinking: /home/shh/ssafy_gazeboy/ssafy_ws/install/turtlebot3_description/share/turtlebot3_description/urdf/turtlebot3_burger.urdf
[1.532s] -- Symlinking: /home/shh/ssafy_gazeboy/ssafy_ws/install/turtlebot3_description/share/turtlebot3_description/urdf/turtlebot3_waffle.urdf
[1.542s] -- Symlinking: /home/shh/ssafy_gazeboy/ssafy_ws/install/turtlebot3_description/share/turtlebot3_description/urdf/turtlebot3_waffle_pi.urdf
[1.553s] -- Symlinking: /home/shh/ssafy_gazeboy/ssafy_ws/install/turtlebot3_description/share/ament_index/resource_index/package_run_dependencies/turtlebot3_description
[1.565s] -- Symlinking: /home/shh/ssafy_gazeboy/ssafy_ws/install/turtlebot3_description/share/ament_index/resource_index/parent_prefix_path/turtlebot3_description
[1.577s] -- Symlinking: /home/shh/ssafy_gazeboy/ssafy_ws/install/turtlebot3_description/share/turtlebot3_description/environment/ament_prefix_path.sh
[1.591s] -- Symlinking: /home/shh/ssafy_gazeboy/ssafy_ws/install/turtlebot3_description/share/turtlebot3_description/environment/ament_prefix_path.dsv
[1.602s] -- Symlinking: /home/shh/ssafy_gazeboy/ssafy_ws/install/turtlebot3_description/share/turtlebot3_description/environment/path.sh
[1.618s] -- Symlinking: /home/shh/ssafy_gazeboy/ssafy_ws/install/turtlebot3_description/share/turtlebot3_description/environment/path.dsv
[1.632s] -- Symlinking: /home/shh/ssafy_gazeboy/ssafy_ws/install/turtlebot3_description/share/turtlebot3_description/local_setup.bash
[1.642s] -- Symlinking: /home/shh/ssafy_gazeboy/ssafy_ws/install/turtlebot3_description/share/turtlebot3_description/local_setup.sh
[1.654s] -- Symlinking: /home/shh/ssafy_gazeboy/ssafy_ws/install/turtlebot3_description/share/turtlebot3_description/local_setup.zsh
[1.674s] -- Symlinking: /home/shh/ssafy_gazeboy/ssafy_ws/install/turtlebot3_description/share/turtlebot3_description/local_setup.dsv
[1.687s] -- Symlinking: /home/shh/ssafy_gazeboy/ssafy_ws/install/turtlebot3_description/share/turtlebot3_description/package.dsv
[1.709s] -- Symlinking: /home/shh/ssafy_gazeboy/ssafy_ws/install/turtlebot3_description/share/ament_index/resource_index/packages/turtlebot3_description
[1.723s] -- Symlinking: /home/shh/ssafy_gazeboy/ssafy_ws/install/turtlebot3_description/share/turtlebot3_description/cmake/turtlebot3_descriptionConfig.cmake
[1.739s] -- Symlinking: /home/shh/ssafy_gazeboy/ssafy_ws/install/turtlebot3_description/share/turtlebot3_description/cmake/turtlebot3_descriptionConfig-version.cmake
[1.751s] -- Symlinking: /home/shh/ssafy_gazeboy/ssafy_ws/install/turtlebot3_description/share/turtlebot3_description/package.xml
[1.813s] Invoked command in '/home/shh/ssafy_gazeboy/ssafy_ws/build/turtlebot3_description' returned '0': CMAKE_PREFIX_PATH=/opt/ros/foxy /usr/bin/cmake --install /home/shh/ssafy_gazeboy/ssafy_ws/build/turtlebot3_description
