[0.033s] Invoking command in '/home/shh/ssafy_gazeboy/ssafy_ws/build/turtlebot3_simulations': CMAKE_PREFIX_PATH=/home/shh/ssafy_gazeboy/ssafy_ws/install/turtlebot3_gazebo:/home/shh/ssafy_gazeboy/ssafy_ws/install/turtlebot3_fake_node:/home/shh/ssafy_gazeboy/ssafy_ws/install/turtlebot3_msgs:/home/shh/ssafy_gazeboy/ssafy_ws/install/turtlebot3_description:/home/shh/ssafy_gazeboy/ssafy_ws/install/turtlebot3:/home/shh/ssafy_gazeboy/ssafy_ws/install/turtlebot3_simulations:/home/shh/ssafy_gazeboy/ssafy_ws/install/turtlebot3_bringup:/home/shh/ssafy_gazeboy/ssafy_ws/install/turtlebot3_node:/home/shh/ssafy_gazeboy/ssafy_ws/install/turtlebot3_navigation2:/home/shh/ssafy_gazeboy/ssafy_ws/install/turtlebot3_cartographer:/home/shh/ssafy_gazeboy/ssafy_ws/install/turtlebot3_teleop:/home/shh/ssafy_gazeboy/ssafy_ws/install/turtlebot3_example:/home/shh/ssafy_gazeboy/ssafy_ws/install/250114:/opt/ros/foxy PYTHONPATH=/home/shh/ssafy_gazeboy/ssafy_ws/install/turtlebot3_msgs/lib/python3.8/site-packages:/home/shh/ssafy_gazeboy/ssafy_ws/build/turtlebot3_teleop:/home/shh/ssafy_gazeboy/ssafy_ws/install/turtlebot3_teleop/lib/python3.8/site-packages:/home/shh/ssafy_gazeboy/ssafy_ws/build/turtlebot3_example:/home/shh/ssafy_gazeboy/ssafy_ws/install/turtlebot3_example/lib/python3.8/site-packages:/home/shh/ssafy_gazeboy/ssafy_ws/build/250114:/home/shh/ssafy_gazeboy/ssafy_ws/install/250114/lib/python3.8/site-packages:/opt/ros/foxy/lib/python3.8/site-packages /usr/bin/cmake /home/shh/ssafy_gazeboy/ssafy_ws/src/turtlebot3_simulations/turtlebot3_simulations -DAMENT_CMAKE_SYMLINK_INSTALL=1 -DCMAKE_INSTALL_PREFIX=/home/shh/ssafy_gazeboy/ssafy_ws/install/turtlebot3_simulations
[0.118s] -- The C compiler identification is GNU 9.4.0
[0.201s] -- The CXX compiler identification is GNU 9.4.0
[0.211s] -- Check for working C compiler: /usr/bin/cc
[0.322s] -- Check for working C compiler: /usr/bin/cc -- works
[0.324s] -- Detecting C compiler ABI info
[0.435s] -- Detecting C compiler ABI info - done
[0.450s] -- Detecting C compile features
[0.450s] -- Detecting C compile features - done
[0.453s] -- Check for working CXX compiler: /usr/bin/c++
[0.577s] -- Check for working CXX compiler: /usr/bin/c++ -- works
[0.579s] -- Detecting CXX compiler ABI info
[0.698s] -- Detecting CXX compiler ABI info - done
[0.711s] -- Detecting CXX compile features
[0.712s] -- Detecting CXX compile features - done
[0.716s] -- Found ament_cmake: 0.9.12 (/opt/ros/foxy/share/ament_cmake/cmake)
[0.754s] -- Found PythonInterp: /usr/bin/python3 (found suitable version "3.8.10", minimum required is "3") 
[0.755s] -- Using PYTHON_EXECUTABLE: /usr/bin/python3
[0.939s] -- Override CMake install command with custom implementation using symlinks instead of copying resources
[1.045s] -- Configuring done
[1.047s] -- Generating done
[1.048s] -- Build files have been written to: /home/shh/ssafy_gazeboy/ssafy_ws/build/turtlebot3_simulations
[1.056s] Invoked command in '/home/shh/ssafy_gazeboy/ssafy_ws/build/turtlebot3_simulations' returned '0': CMAKE_PREFIX_PATH=/home/shh/ssafy_gazeboy/ssafy_ws/install/turtlebot3_gazebo:/home/shh/ssafy_gazeboy/ssafy_ws/install/turtlebot3_fake_node:/home/shh/ssafy_gazeboy/ssafy_ws/install/turtlebot3_msgs:/home/shh/ssafy_gazeboy/ssafy_ws/install/turtlebot3_description:/home/shh/ssafy_gazeboy/ssafy_ws/install/turtlebot3:/home/shh/ssafy_gazeboy/ssafy_ws/install/turtlebot3_simulations:/home/shh/ssafy_gazeboy/ssafy_ws/install/turtlebot3_bringup:/home/shh/ssafy_gazeboy/ssafy_ws/install/turtlebot3_node:/home/shh/ssafy_gazeboy/ssafy_ws/install/turtlebot3_navigation2:/home/shh/ssafy_gazeboy/ssafy_ws/install/turtlebot3_cartographer:/home/shh/ssafy_gazeboy/ssafy_ws/install/turtlebot3_teleop:/home/shh/ssafy_gazeboy/ssafy_ws/install/turtlebot3_example:/home/shh/ssafy_gazeboy/ssafy_ws/install/250114:/opt/ros/foxy PYTHONPATH=/home/shh/ssafy_gazeboy/ssafy_ws/install/turtlebot3_msgs/lib/python3.8/site-packages:/home/shh/ssafy_gazeboy/ssafy_ws/build/turtlebot3_teleop:/home/shh/ssafy_gazeboy/ssafy_ws/install/turtlebot3_teleop/lib/python3.8/site-packages:/home/shh/ssafy_gazeboy/ssafy_ws/build/turtlebot3_example:/home/shh/ssafy_gazeboy/ssafy_ws/install/turtlebot3_example/lib/python3.8/site-packages:/home/shh/ssafy_gazeboy/ssafy_ws/build/250114:/home/shh/ssafy_gazeboy/ssafy_ws/install/250114/lib/python3.8/site-packages:/opt/ros/foxy/lib/python3.8/site-packages /usr/bin/cmake /home/shh/ssafy_gazeboy/ssafy_ws/src/turtlebot3_simulations/turtlebot3_simulations -DAMENT_CMAKE_SYMLINK_INSTALL=1 -DCMAKE_INSTALL_PREFIX=/home/shh/ssafy_gazeboy/ssafy_ws/install/turtlebot3_simulations
[1.058s] Invoking command in '/home/shh/ssafy_gazeboy/ssafy_ws/build/turtlebot3_simulations': CMAKE_PREFIX_PATH=/home/shh/ssafy_gazeboy/ssafy_ws/install/turtlebot3_gazebo:/home/shh/ssafy_gazeboy/ssafy_ws/install/turtlebot3_fake_node:/home/shh/ssafy_gazeboy/ssafy_ws/install/turtlebot3_msgs:/home/shh/ssafy_gazeboy/ssafy_ws/install/turtlebot3_description:/home/shh/ssafy_gazeboy/ssafy_ws/install/turtlebot3:/home/shh/ssafy_gazeboy/ssafy_ws/install/turtlebot3_simulations:/home/shh/ssafy_gazeboy/ssafy_ws/install/turtlebot3_bringup:/home/shh/ssafy_gazeboy/ssafy_ws/install/turtlebot3_node:/home/shh/ssafy_gazeboy/ssafy_ws/install/turtlebot3_navigation2:/home/shh/ssafy_gazeboy/ssafy_ws/install/turtlebot3_cartographer:/home/shh/ssafy_gazeboy/ssafy_ws/install/turtlebot3_teleop:/home/shh/ssafy_gazeboy/ssafy_ws/install/turtlebot3_example:/home/shh/ssafy_gazeboy/ssafy_ws/install/250114:/opt/ros/foxy PYTHONPATH=/home/shh/ssafy_gazeboy/ssafy_ws/install/turtlebot3_msgs/lib/python3.8/site-packages:/home/shh/ssafy_gazeboy/ssafy_ws/build/turtlebot3_teleop:/home/shh/ssafy_gazeboy/ssafy_ws/install/turtlebot3_teleop/lib/python3.8/site-packages:/home/shh/ssafy_gazeboy/ssafy_ws/build/turtlebot3_example:/home/shh/ssafy_gazeboy/ssafy_ws/install/turtlebot3_example/lib/python3.8/site-packages:/home/shh/ssafy_gazeboy/ssafy_ws/build/250114:/home/shh/ssafy_gazeboy/ssafy_ws/install/250114/lib/python3.8/site-packages:/opt/ros/foxy/lib/python3.8/site-packages /usr/bin/cmake --build /home/shh/ssafy_gazeboy/ssafy_ws/build/turtlebot3_simulations -- -j16 -l16
[1.121s] Invoked command in '/home/shh/ssafy_gazeboy/ssafy_ws/build/turtlebot3_simulations' returned '0': CMAKE_PREFIX_PATH=/home/shh/ssafy_gazeboy/ssafy_ws/install/turtlebot3_gazebo:/home/shh/ssafy_gazeboy/ssafy_ws/install/turtlebot3_fake_node:/home/shh/ssafy_gazeboy/ssafy_ws/install/turtlebot3_msgs:/home/shh/ssafy_gazeboy/ssafy_ws/install/turtlebot3_description:/home/shh/ssafy_gazeboy/ssafy_ws/install/turtlebot3:/home/shh/ssafy_gazeboy/ssafy_ws/install/turtlebot3_simulations:/home/shh/ssafy_gazeboy/ssafy_ws/install/turtlebot3_bringup:/home/shh/ssafy_gazeboy/ssafy_ws/install/turtlebot3_node:/home/shh/ssafy_gazeboy/ssafy_ws/install/turtlebot3_navigation2:/home/shh/ssafy_gazeboy/ssafy_ws/install/turtlebot3_cartographer:/home/shh/ssafy_gazeboy/ssafy_ws/install/turtlebot3_teleop:/home/shh/ssafy_gazeboy/ssafy_ws/install/turtlebot3_example:/home/shh/ssafy_gazeboy/ssafy_ws/install/250114:/opt/ros/foxy PYTHONPATH=/home/shh/ssafy_gazeboy/ssafy_ws/install/turtlebot3_msgs/lib/python3.8/site-packages:/home/shh/ssafy_gazeboy/ssafy_ws/build/turtlebot3_teleop:/home/shh/ssafy_gazeboy/ssafy_ws/install/turtlebot3_teleop/lib/python3.8/site-packages:/home/shh/ssafy_gazeboy/ssafy_ws/build/turtlebot3_example:/home/shh/ssafy_gazeboy/ssafy_ws/install/turtlebot3_example/lib/python3.8/site-packages:/home/shh/ssafy_gazeboy/ssafy_ws/build/250114:/home/shh/ssafy_gazeboy/ssafy_ws/install/250114/lib/python3.8/site-packages:/opt/ros/foxy/lib/python3.8/site-packages /usr/bin/cmake --build /home/shh/ssafy_gazeboy/ssafy_ws/build/turtlebot3_simulations -- -j16 -l16
[1.163s] Invoking command in '/home/shh/ssafy_gazeboy/ssafy_ws/build/turtlebot3_simulations': CMAKE_PREFIX_PATH=/home/shh/ssafy_gazeboy/ssafy_ws/install/turtlebot3_gazebo:/home/shh/ssafy_gazeboy/ssafy_ws/install/turtlebot3_fake_node:/home/shh/ssafy_gazeboy/ssafy_ws/install/turtlebot3_msgs:/home/shh/ssafy_gazeboy/ssafy_ws/install/turtlebot3_description:/home/shh/ssafy_gazeboy/ssafy_ws/install/turtlebot3:/home/shh/ssafy_gazeboy/ssafy_ws/install/turtlebot3_simulations:/home/shh/ssafy_gazeboy/ssafy_ws/install/turtlebot3_bringup:/home/shh/ssafy_gazeboy/ssafy_ws/install/turtlebot3_node:/home/shh/ssafy_gazeboy/ssafy_ws/install/turtlebot3_navigation2:/home/shh/ssafy_gazeboy/ssafy_ws/install/turtlebot3_cartographer:/home/shh/ssafy_gazeboy/ssafy_ws/install/turtlebot3_teleop:/home/shh/ssafy_gazeboy/ssafy_ws/install/turtlebot3_example:/home/shh/ssafy_gazeboy/ssafy_ws/install/250114:/opt/ros/foxy PYTHONPATH=/home/shh/ssafy_gazeboy/ssafy_ws/install/turtlebot3_msgs/lib/python3.8/site-packages:/home/shh/ssafy_gazeboy/ssafy_ws/build/turtlebot3_teleop:/home/shh/ssafy_gazeboy/ssafy_ws/install/turtlebot3_teleop/lib/python3.8/site-packages:/home/shh/ssafy_gazeboy/ssafy_ws/build/turtlebot3_example:/home/shh/ssafy_gazeboy/ssafy_ws/install/turtlebot3_example/lib/python3.8/site-packages:/home/shh/ssafy_gazeboy/ssafy_ws/build/250114:/home/shh/ssafy_gazeboy/ssafy_ws/install/250114/lib/python3.8/site-packages:/opt/ros/foxy/lib/python3.8/site-packages /usr/bin/cmake --install /home/shh/ssafy_gazeboy/ssafy_ws/build/turtlebot3_simulations
[1.175s] -- Install configuration: ""
[1.175s] -- Execute custom install script
[1.175s] -- Symlinking: /home/shh/ssafy_gazeboy/ssafy_ws/install/turtlebot3_simulations/share/ament_index/resource_index/package_run_dependencies/turtlebot3_simulations
[1.186s] -- Symlinking: /home/shh/ssafy_gazeboy/ssafy_ws/install/turtlebot3_simulations/share/ament_index/resource_index/parent_prefix_path/turtlebot3_simulations
[1.202s] -- Symlinking: /home/shh/ssafy_gazeboy/ssafy_ws/install/turtlebot3_simulations/share/turtlebot3_simulations/environment/ament_prefix_path.sh
[1.212s] -- Symlinking: /home/shh/ssafy_gazeboy/ssafy_ws/install/turtlebot3_simulations/share/turtlebot3_simulations/environment/ament_prefix_path.dsv
[1.223s] -- Symlinking: /home/shh/ssafy_gazeboy/ssafy_ws/install/turtlebot3_simulations/share/turtlebot3_simulations/environment/path.sh
[1.233s] -- Symlinking: /home/shh/ssafy_gazeboy/ssafy_ws/install/turtlebot3_simulations/share/turtlebot3_simulations/environment/path.dsv
[1.247s] -- Symlinking: /home/shh/ssafy_gazeboy/ssafy_ws/install/turtlebot3_simulations/share/turtlebot3_simulations/local_setup.bash
[1.265s] -- Symlinking: /home/shh/ssafy_gazeboy/ssafy_ws/install/turtlebot3_simulations/share/turtlebot3_simulations/local_setup.sh
[1.275s] -- Symlinking: /home/shh/ssafy_gazeboy/ssafy_ws/install/turtlebot3_simulations/share/turtlebot3_simulations/local_setup.zsh
[1.295s] -- Symlinking: /home/shh/ssafy_gazeboy/ssafy_ws/install/turtlebot3_simulations/share/turtlebot3_simulations/local_setup.dsv
[1.311s] -- Symlinking: /home/shh/ssafy_gazeboy/ssafy_ws/install/turtlebot3_simulations/share/turtlebot3_simulations/package.dsv
[1.327s] -- Symlinking: /home/shh/ssafy_gazeboy/ssafy_ws/install/turtlebot3_simulations/share/ament_index/resource_index/packages/turtlebot3_simulations
[1.342s] -- Symlinking: /home/shh/ssafy_gazeboy/ssafy_ws/install/turtlebot3_simulations/share/turtlebot3_simulations/cmake/turtlebot3_simulationsConfig.cmake
[1.355s] -- Symlinking: /home/shh/ssafy_gazeboy/ssafy_ws/install/turtlebot3_simulations/share/turtlebot3_simulations/cmake/turtlebot3_simulationsConfig-version.cmake
[1.366s] -- Symlinking: /home/shh/ssafy_gazeboy/ssafy_ws/install/turtlebot3_simulations/share/turtlebot3_simulations/package.xml
[1.383s] Invoked command in '/home/shh/ssafy_gazeboy/ssafy_ws/build/turtlebot3_simulations' returned '0': CMAKE_PREFIX_PATH=/home/shh/ssafy_gazeboy/ssafy_ws/install/turtlebot3_gazebo:/home/shh/ssafy_gazeboy/ssafy_ws/install/turtlebot3_fake_node:/home/shh/ssafy_gazeboy/ssafy_ws/install/turtlebot3_msgs:/home/shh/ssafy_gazeboy/ssafy_ws/install/turtlebot3_description:/home/shh/ssafy_gazeboy/ssafy_ws/install/turtlebot3:/home/shh/ssafy_gazeboy/ssafy_ws/install/turtlebot3_simulations:/home/shh/ssafy_gazeboy/ssafy_ws/install/turtlebot3_bringup:/home/shh/ssafy_gazeboy/ssafy_ws/install/turtlebot3_node:/home/shh/ssafy_gazeboy/ssafy_ws/install/turtlebot3_navigation2:/home/shh/ssafy_gazeboy/ssafy_ws/install/turtlebot3_cartographer:/home/shh/ssafy_gazeboy/ssafy_ws/install/turtlebot3_teleop:/home/shh/ssafy_gazeboy/ssafy_ws/install/turtlebot3_example:/home/shh/ssafy_gazeboy/ssafy_ws/install/250114:/opt/ros/foxy PYTHONPATH=/home/shh/ssafy_gazeboy/ssafy_ws/install/turtlebot3_msgs/lib/python3.8/site-packages:/home/shh/ssafy_gazeboy/ssafy_ws/build/turtlebot3_teleop:/home/shh/ssafy_gazeboy/ssafy_ws/install/turtlebot3_teleop/lib/python3.8/site-packages:/home/shh/ssafy_gazeboy/ssafy_ws/build/turtlebot3_example:/home/shh/ssafy_gazeboy/ssafy_ws/install/turtlebot3_example/lib/python3.8/site-packages:/home/shh/ssafy_gazeboy/ssafy_ws/build/250114:/home/shh/ssafy_gazeboy/ssafy_ws/install/250114/lib/python3.8/site-packages:/opt/ros/foxy/lib/python3.8/site-packages /usr/bin/cmake --install /home/shh/ssafy_gazeboy/ssafy_ws/build/turtlebot3_simulations
