[0.028s] Invoking command in '/home/shh/ssafy_gazeboy/ssafy_ws/build/turtlebot3_simulations': AMENT_PREFIX_PATH=/home/shh/ssafy_gazeboy/ssafy_ws/install/turtlebot3_gazebo:/home/shh/ssafy_gazeboy/ssafy_ws/install/turtlebot3_fake_node:/home/shh/ssafy_gazeboy/ssafy_ws/install/turtlebot3_msgs:/home/shh/ssafy_gazeboy/ssafy_ws/install/turtlebot3_description:${AMENT_PREFIX_PATH} CMAKE_PREFIX_PATH=/home/shh/ssafy_gazeboy/ssafy_ws/install/turtlebot3_gazebo:/home/shh/ssafy_gazeboy/ssafy_ws/install/turtlebot3_fake_node:/home/shh/ssafy_gazeboy/ssafy_ws/install/turtlebot3_msgs:/home/shh/ssafy_gazeboy/ssafy_ws/install/turtlebot3_description:/opt/ros/foxy LD_LIBRARY_PATH=/home/shh/ssafy_gazeboy/ssafy_ws/install/turtlebot3_msgs/lib:${LD_LIBRARY_PATH} PYTHONPATH=/home/shh/ssafy_gazeboy/ssafy_ws/install/turtlebot3_msgs/lib/python3.8/site-packages:${PYTHONPATH} /usr/bin/cmake /home/shh/ssafy_gazeboy/ssafy_ws/src/turtlebot3_simulations/turtlebot3_simulations -DAMENT_CMAKE_SYMLINK_INSTALL=1 -DCMAKE_INSTALL_PREFIX=/home/shh/ssafy_gazeboy/ssafy_ws/install/turtlebot3_simulations
[0.119s] -- The C compiler identification is GNU 9.4.0
[0.185s] -- The CXX compiler identification is GNU 9.4.0
[0.189s] -- Check for working C compiler: /usr/bin/cc
[0.287s] -- Check for working C compiler: /usr/bin/cc -- works
[0.288s] -- Detecting C compiler ABI info
[0.390s] -- Detecting C compiler ABI info - done
[0.400s] -- Detecting C compile features
[0.401s] -- Detecting C compile features - done
[0.402s] -- Check for working CXX compiler: /usr/bin/c++
[0.524s] -- Check for working CXX compiler: /usr/bin/c++ -- works
[0.527s] -- Detecting CXX compiler ABI info
[0.649s] -- Detecting CXX compiler ABI info - done
[0.666s] -- Detecting CXX compile features
[0.667s] -- Detecting CXX compile features - done
[0.670s] -- Found ament_cmake: 0.9.12 (/opt/ros/foxy/share/ament_cmake/cmake)
[0.704s] -- Found PythonInterp: /usr/bin/python3 (found suitable version "3.8.10", minimum required is "3") 
[0.704s] -- Using PYTHON_EXECUTABLE: /usr/bin/python3
[0.872s] -- Override CMake install command with custom implementation using symlinks instead of copying resources
[0.976s] -- Configuring done
[0.980s] -- Generating done
[0.981s] -- Build files have been written to: /home/shh/ssafy_gazeboy/ssafy_ws/build/turtlebot3_simulations
[0.985s] Invoked command in '/home/shh/ssafy_gazeboy/ssafy_ws/build/turtlebot3_simulations' returned '0': AMENT_PREFIX_PATH=/home/shh/ssafy_gazeboy/ssafy_ws/install/turtlebot3_gazebo:/home/shh/ssafy_gazeboy/ssafy_ws/install/turtlebot3_fake_node:/home/shh/ssafy_gazeboy/ssafy_ws/install/turtlebot3_msgs:/home/shh/ssafy_gazeboy/ssafy_ws/install/turtlebot3_description:${AMENT_PREFIX_PATH} CMAKE_PREFIX_PATH=/home/shh/ssafy_gazeboy/ssafy_ws/install/turtlebot3_gazebo:/home/shh/ssafy_gazeboy/ssafy_ws/install/turtlebot3_fake_node:/home/shh/ssafy_gazeboy/ssafy_ws/install/turtlebot3_msgs:/home/shh/ssafy_gazeboy/ssafy_ws/install/turtlebot3_description:/opt/ros/foxy LD_LIBRARY_PATH=/home/shh/ssafy_gazeboy/ssafy_ws/install/turtlebot3_msgs/lib:${LD_LIBRARY_PATH} PYTHONPATH=/home/shh/ssafy_gazeboy/ssafy_ws/install/turtlebot3_msgs/lib/python3.8/site-packages:${PYTHONPATH} /usr/bin/cmake /home/shh/ssafy_gazeboy/ssafy_ws/src/turtlebot3_simulations/turtlebot3_simulations -DAMENT_CMAKE_SYMLINK_INSTALL=1 -DCMAKE_INSTALL_PREFIX=/home/shh/ssafy_gazeboy/ssafy_ws/install/turtlebot3_simulations
[0.991s] Invoking command in '/home/shh/ssafy_gazeboy/ssafy_ws/build/turtlebot3_simulations': AMENT_PREFIX_PATH=/home/shh/ssafy_gazeboy/ssafy_ws/install/turtlebot3_gazebo:/home/shh/ssafy_gazeboy/ssafy_ws/install/turtlebot3_fake_node:/home/shh/ssafy_gazeboy/ssafy_ws/install/turtlebot3_msgs:/home/shh/ssafy_gazeboy/ssafy_ws/install/turtlebot3_description:${AMENT_PREFIX_PATH} CMAKE_PREFIX_PATH=/home/shh/ssafy_gazeboy/ssafy_ws/install/turtlebot3_gazebo:/home/shh/ssafy_gazeboy/ssafy_ws/install/turtlebot3_fake_node:/home/shh/ssafy_gazeboy/ssafy_ws/install/turtlebot3_msgs:/home/shh/ssafy_gazeboy/ssafy_ws/install/turtlebot3_description:/opt/ros/foxy LD_LIBRARY_PATH=/home/shh/ssafy_gazeboy/ssafy_ws/install/turtlebot3_msgs/lib:${LD_LIBRARY_PATH} PYTHONPATH=/home/shh/ssafy_gazeboy/ssafy_ws/install/turtlebot3_msgs/lib/python3.8/site-packages:${PYTHONPATH} /usr/bin/cmake --build /home/shh/ssafy_gazeboy/ssafy_ws/build/turtlebot3_simulations -- -j16 -l16
[1.060s] Invoked command in '/home/shh/ssafy_gazeboy/ssafy_ws/build/turtlebot3_simulations' returned '0': AMENT_PREFIX_PATH=/home/shh/ssafy_gazeboy/ssafy_ws/install/turtlebot3_gazebo:/home/shh/ssafy_gazeboy/ssafy_ws/install/turtlebot3_fake_node:/home/shh/ssafy_gazeboy/ssafy_ws/install/turtlebot3_msgs:/home/shh/ssafy_gazeboy/ssafy_ws/install/turtlebot3_description:${AMENT_PREFIX_PATH} CMAKE_PREFIX_PATH=/home/shh/ssafy_gazeboy/ssafy_ws/install/turtlebot3_gazebo:/home/shh/ssafy_gazeboy/ssafy_ws/install/turtlebot3_fake_node:/home/shh/ssafy_gazeboy/ssafy_ws/install/turtlebot3_msgs:/home/shh/ssafy_gazeboy/ssafy_ws/install/turtlebot3_description:/opt/ros/foxy LD_LIBRARY_PATH=/home/shh/ssafy_gazeboy/ssafy_ws/install/turtlebot3_msgs/lib:${LD_LIBRARY_PATH} PYTHONPATH=/home/shh/ssafy_gazeboy/ssafy_ws/install/turtlebot3_msgs/lib/python3.8/site-packages:${PYTHONPATH} /usr/bin/cmake --build /home/shh/ssafy_gazeboy/ssafy_ws/build/turtlebot3_simulations -- -j16 -l16
[1.113s] Invoking command in '/home/shh/ssafy_gazeboy/ssafy_ws/build/turtlebot3_simulations': AMENT_PREFIX_PATH=/home/shh/ssafy_gazeboy/ssafy_ws/install/turtlebot3_gazebo:/home/shh/ssafy_gazeboy/ssafy_ws/install/turtlebot3_fake_node:/home/shh/ssafy_gazeboy/ssafy_ws/install/turtlebot3_msgs:/home/shh/ssafy_gazeboy/ssafy_ws/install/turtlebot3_description:${AMENT_PREFIX_PATH} CMAKE_PREFIX_PATH=/home/shh/ssafy_gazeboy/ssafy_ws/install/turtlebot3_gazebo:/home/shh/ssafy_gazeboy/ssafy_ws/install/turtlebot3_fake_node:/home/shh/ssafy_gazeboy/ssafy_ws/install/turtlebot3_msgs:/home/shh/ssafy_gazeboy/ssafy_ws/install/turtlebot3_description:/opt/ros/foxy LD_LIBRARY_PATH=/home/shh/ssafy_gazeboy/ssafy_ws/install/turtlebot3_msgs/lib:${LD_LIBRARY_PATH} PYTHONPATH=/home/shh/ssafy_gazeboy/ssafy_ws/install/turtlebot3_msgs/lib/python3.8/site-packages:${PYTHONPATH} /usr/bin/cmake --install /home/shh/ssafy_gazeboy/ssafy_ws/build/turtlebot3_simulations
[1.130s] -- Install configuration: ""
[1.131s] -- Execute custom install script
[1.132s] -- Symlinking: /home/shh/ssafy_gazeboy/ssafy_ws/install/turtlebot3_simulations/share/ament_index/resource_index/package_run_dependencies/turtlebot3_simulations
[1.151s] -- Symlinking: /home/shh/ssafy_gazeboy/ssafy_ws/install/turtlebot3_simulations/share/ament_index/resource_index/parent_prefix_path/turtlebot3_simulations
[1.164s] -- Symlinking: /home/shh/ssafy_gazeboy/ssafy_ws/install/turtlebot3_simulations/share/turtlebot3_simulations/environment/ament_prefix_path.sh
[1.179s] -- Symlinking: /home/shh/ssafy_gazeboy/ssafy_ws/install/turtlebot3_simulations/share/turtlebot3_simulations/environment/ament_prefix_path.dsv
[1.189s] -- Symlinking: /home/shh/ssafy_gazeboy/ssafy_ws/install/turtlebot3_simulations/share/turtlebot3_simulations/environment/path.sh
[1.206s] -- Symlinking: /home/shh/ssafy_gazeboy/ssafy_ws/install/turtlebot3_simulations/share/turtlebot3_simulations/environment/path.dsv
[1.222s] -- Symlinking: /home/shh/ssafy_gazeboy/ssafy_ws/install/turtlebot3_simulations/share/turtlebot3_simulations/local_setup.bash
[1.236s] -- Symlinking: /home/shh/ssafy_gazeboy/ssafy_ws/install/turtlebot3_simulations/share/turtlebot3_simulations/local_setup.sh
[1.254s] -- Symlinking: /home/shh/ssafy_gazeboy/ssafy_ws/install/turtlebot3_simulations/share/turtlebot3_simulations/local_setup.zsh
[1.265s] -- Symlinking: /home/shh/ssafy_gazeboy/ssafy_ws/install/turtlebot3_simulations/share/turtlebot3_simulations/local_setup.dsv
[1.283s] -- Symlinking: /home/shh/ssafy_gazeboy/ssafy_ws/install/turtlebot3_simulations/share/turtlebot3_simulations/package.dsv
[1.301s] -- Symlinking: /home/shh/ssafy_gazeboy/ssafy_ws/install/turtlebot3_simulations/share/ament_index/resource_index/packages/turtlebot3_simulations
[1.318s] -- Symlinking: /home/shh/ssafy_gazeboy/ssafy_ws/install/turtlebot3_simulations/share/turtlebot3_simulations/cmake/turtlebot3_simulationsConfig.cmake
[1.328s] -- Symlinking: /home/shh/ssafy_gazeboy/ssafy_ws/install/turtlebot3_simulations/share/turtlebot3_simulations/cmake/turtlebot3_simulationsConfig-version.cmake
[1.339s] -- Symlinking: /home/shh/ssafy_gazeboy/ssafy_ws/install/turtlebot3_simulations/share/turtlebot3_simulations/package.xml
[1.364s] Invoked command in '/home/shh/ssafy_gazeboy/ssafy_ws/build/turtlebot3_simulations' returned '0': AMENT_PREFIX_PATH=/home/shh/ssafy_gazeboy/ssafy_ws/install/turtlebot3_gazebo:/home/shh/ssafy_gazeboy/ssafy_ws/install/turtlebot3_fake_node:/home/shh/ssafy_gazeboy/ssafy_ws/install/turtlebot3_msgs:/home/shh/ssafy_gazeboy/ssafy_ws/install/turtlebot3_description:${AMENT_PREFIX_PATH} CMAKE_PREFIX_PATH=/home/shh/ssafy_gazeboy/ssafy_ws/install/turtlebot3_gazebo:/home/shh/ssafy_gazeboy/ssafy_ws/install/turtlebot3_fake_node:/home/shh/ssafy_gazeboy/ssafy_ws/install/turtlebot3_msgs:/home/shh/ssafy_gazeboy/ssafy_ws/install/turtlebot3_description:/opt/ros/foxy LD_LIBRARY_PATH=/home/shh/ssafy_gazeboy/ssafy_ws/install/turtlebot3_msgs/lib:${LD_LIBRARY_PATH} PYTHONPATH=/home/shh/ssafy_gazeboy/ssafy_ws/install/turtlebot3_msgs/lib/python3.8/site-packages:${PYTHONPATH} /usr/bin/cmake --install /home/shh/ssafy_gazeboy/ssafy_ws/build/turtlebot3_simulations
