[0.063s] Invoking command in '/home/shh/ssafy_gazeboy/ssafy_ws/build/turtlebot3_node': AMENT_PREFIX_PATH=/home/shh/ssafy_gazeboy/ssafy_ws/install/turtlebot3_msgs:${AMENT_PREFIX_PATH} CMAKE_PREFIX_PATH=/home/shh/ssafy_gazeboy/ssafy_ws/install/turtlebot3_msgs:/opt/ros/foxy LD_LIBRARY_PATH=/home/shh/ssafy_gazeboy/ssafy_ws/install/turtlebot3_msgs/lib:${LD_LIBRARY_PATH} PYTHONPATH=/home/shh/ssafy_gazeboy/ssafy_ws/install/turtlebot3_msgs/lib/python3.8/site-packages:${PYTHONPATH} /usr/bin/cmake /home/shh/ssafy_gazeboy/ssafy_ws/src/turtlebot3/turtlebot3_node -DAMENT_CMAKE_SYMLINK_INSTALL=1 -DCMAKE_INSTALL_PREFIX=/home/shh/ssafy_gazeboy/ssafy_ws/install/turtlebot3_node
[0.350s] -- The C compiler identification is GNU 9.4.0
[0.350s] -- The CXX compiler identification is GNU 9.4.0
[0.350s] -- Check for working C compiler: /usr/bin/cc
[0.350s] -- Check for working C compiler: /usr/bin/cc -- works
[0.354s] -- Detecting C compiler ABI info
[0.417s] -- Detecting C compiler ABI info - done
[0.432s] -- Detecting C compile features
[0.432s] -- Detecting C compile features - done
[0.435s] -- Check for working CXX compiler: /usr/bin/c++
[0.544s] -- Check for working CXX compiler: /usr/bin/c++ -- works
[0.545s] -- Detecting CXX compiler ABI info
[0.661s] -- Detecting CXX compiler ABI info - done
[0.670s] -- Detecting CXX compile features
[0.671s] -- Detecting CXX compile features - done
[0.674s] -- Found ament_cmake: 0.9.12 (/opt/ros/foxy/share/ament_cmake/cmake)
[0.705s] -- Found PythonInterp: /usr/bin/python3 (found suitable version "3.8.10", minimum required is "3") 
[0.705s] -- Using PYTHON_EXECUTABLE: /usr/bin/python3
[0.906s] -- Override CMake install command with custom implementation using symlinks instead of copying resources
[0.952s] -- Found dynamixel_sdk: 3.7.40 (/opt/ros/foxy/share/dynamixel_sdk/cmake)
[0.957s] -- Found geometry_msgs: 2.0.5 (/opt/ros/foxy/share/geometry_msgs/cmake)
[0.997s] -- Using all available rosidl_typesupport_c: rosidl_typesupport_fastrtps_c;rosidl_typesupport_introspection_c
[1.005s] -- Found rosidl_adapter: 1.3.1 (/opt/ros/foxy/share/rosidl_adapter/cmake)
[1.148s] -- Found OpenSSL: /usr/lib/x86_64-linux-gnu/libcrypto.so (found version "1.1.1f")  
[1.197s] -- Found FastRTPS: /opt/ros/foxy/include  
[1.299s] -- Using all available rosidl_typesupport_cpp: rosidl_typesupport_fastrtps_cpp;rosidl_typesupport_introspection_cpp
[1.378s] -- Found message_filters: 3.2.7 (/opt/ros/foxy/share/message_filters/cmake)
[1.383s] -- Found nav_msgs: 2.0.5 (/opt/ros/foxy/share/nav_msgs/cmake)
[1.464s] -- Found rclcpp: 2.4.3 (/opt/ros/foxy/share/rclcpp/cmake)
[1.509s] -- Found rmw_implementation_cmake: 1.0.4 (/opt/ros/foxy/share/rmw_implementation_cmake/cmake)
[1.511s] -- Using RMW implementation 'rmw_fastrtps_cpp' as default
[1.511s] -- Looking for pthread.h
[1.613s] -- Looking for pthread.h - found
[1.613s] -- Performing Test CMAKE_HAVE_LIBC_PTHREAD
[1.722s] -- Performing Test CMAKE_HAVE_LIBC_PTHREAD - Failed
[1.723s] -- Looking for pthread_create in pthreads
[1.809s] -- Looking for pthread_create in pthreads - not found
[1.809s] -- Looking for pthread_create in pthread
[1.906s] -- Looking for pthread_create in pthread - found
[1.909s] -- Found Threads: TRUE  
[2.088s] -- Found sensor_msgs: 2.0.5 (/opt/ros/foxy/share/sensor_msgs/cmake)
[2.166s] -- Found std_srvs: 2.0.5 (/opt/ros/foxy/share/std_srvs/cmake)
[2.185s] -- Found tf2: 0.13.14 (/opt/ros/foxy/share/tf2/cmake)
[2.200s] -- Found tf2_ros: 0.13.14 (/opt/ros/foxy/share/tf2_ros/cmake)
[2.521s] -- Found turtlebot3_msgs: 2.2.1 (/home/shh/ssafy_gazeboy/ssafy_ws/install/turtlebot3_msgs/share/turtlebot3_msgs/cmake)
[2.676s] -- Configuring done
[2.700s] -- Generating done
[2.702s] -- Build files have been written to: /home/shh/ssafy_gazeboy/ssafy_ws/build/turtlebot3_node
[2.714s] Invoked command in '/home/shh/ssafy_gazeboy/ssafy_ws/build/turtlebot3_node' returned '0': AMENT_PREFIX_PATH=/home/shh/ssafy_gazeboy/ssafy_ws/install/turtlebot3_msgs:${AMENT_PREFIX_PATH} CMAKE_PREFIX_PATH=/home/shh/ssafy_gazeboy/ssafy_ws/install/turtlebot3_msgs:/opt/ros/foxy LD_LIBRARY_PATH=/home/shh/ssafy_gazeboy/ssafy_ws/install/turtlebot3_msgs/lib:${LD_LIBRARY_PATH} PYTHONPATH=/home/shh/ssafy_gazeboy/ssafy_ws/install/turtlebot3_msgs/lib/python3.8/site-packages:${PYTHONPATH} /usr/bin/cmake /home/shh/ssafy_gazeboy/ssafy_ws/src/turtlebot3/turtlebot3_node -DAMENT_CMAKE_SYMLINK_INSTALL=1 -DCMAKE_INSTALL_PREFIX=/home/shh/ssafy_gazeboy/ssafy_ws/install/turtlebot3_node
[2.715s] Invoking command in '/home/shh/ssafy_gazeboy/ssafy_ws/build/turtlebot3_node': AMENT_PREFIX_PATH=/home/shh/ssafy_gazeboy/ssafy_ws/install/turtlebot3_msgs:${AMENT_PREFIX_PATH} CMAKE_PREFIX_PATH=/home/shh/ssafy_gazeboy/ssafy_ws/install/turtlebot3_msgs:/opt/ros/foxy LD_LIBRARY_PATH=/home/shh/ssafy_gazeboy/ssafy_ws/install/turtlebot3_msgs/lib:${LD_LIBRARY_PATH} PYTHONPATH=/home/shh/ssafy_gazeboy/ssafy_ws/install/turtlebot3_msgs/lib/python3.8/site-packages:${PYTHONPATH} /usr/bin/cmake --build /home/shh/ssafy_gazeboy/ssafy_ws/build/turtlebot3_node -- -j16 -l16
[2.782s] [35m[1mScanning dependencies of target turtlebot3_node_lib[0m
[2.907s] [  7%] [32mBuilding CXX object CMakeFiles/turtlebot3_node_lib.dir/src/devices/reset.cpp.o[0m
[2.910s] [ 35%] [32mBuilding CXX object CMakeFiles/turtlebot3_node_lib.dir/src/devices/sound.cpp.o[0m
[2.911s] [ 35%] [32mBuilding CXX object CMakeFiles/turtlebot3_node_lib.dir/src/devices/motor_power.cpp.o[0m
[2.911s] [ 35%] [32mBuilding CXX object CMakeFiles/turtlebot3_node_lib.dir/src/diff_drive_controller.cpp.o[0m
[2.912s] [ 35%] [32mBuilding CXX object CMakeFiles/turtlebot3_node_lib.dir/src/dynamixel_sdk_wrapper.cpp.o[0m
[2.914s] [ 50%] [32mBuilding CXX object CMakeFiles/turtlebot3_node_lib.dir/src/turtlebot3.cpp.o[0m
[2.914s] [ 50%] [32mBuilding CXX object CMakeFiles/turtlebot3_node_lib.dir/src/odometry.cpp.o[0m
[2.917s] [ 57%] [32mBuilding CXX object CMakeFiles/turtlebot3_node_lib.dir/src/sensors/battery_state.cpp.o[0m
[2.918s] [ 64%] [32mBuilding CXX object CMakeFiles/turtlebot3_node_lib.dir/src/sensors/joint_state.cpp.o[0m
[2.919s] [ 71%] [32mBuilding CXX object CMakeFiles/turtlebot3_node_lib.dir/src/sensors/sensor_state.cpp.o[0m
[2.922s] [ 78%] [32mBuilding CXX object CMakeFiles/turtlebot3_node_lib.dir/src/sensors/imu.cpp.o[0m
[13.020s] [ 85%] [32m[1mLinking CXX static library libturtlebot3_node_lib.a[0m
[13.387s] [ 85%] Built target turtlebot3_node_lib
[13.407s] [35m[1mScanning dependencies of target turtlebot3_ros[0m
[13.472s] [ 92%] [32mBuilding CXX object CMakeFiles/turtlebot3_ros.dir/src/node_main.cpp.o[0m
[15.398s] [100%] [32m[1mLinking CXX executable turtlebot3_ros[0m
[16.428s] [100%] Built target turtlebot3_ros
[16.451s] Invoked command in '/home/shh/ssafy_gazeboy/ssafy_ws/build/turtlebot3_node' returned '0': AMENT_PREFIX_PATH=/home/shh/ssafy_gazeboy/ssafy_ws/install/turtlebot3_msgs:${AMENT_PREFIX_PATH} CMAKE_PREFIX_PATH=/home/shh/ssafy_gazeboy/ssafy_ws/install/turtlebot3_msgs:/opt/ros/foxy LD_LIBRARY_PATH=/home/shh/ssafy_gazeboy/ssafy_ws/install/turtlebot3_msgs/lib:${LD_LIBRARY_PATH} PYTHONPATH=/home/shh/ssafy_gazeboy/ssafy_ws/install/turtlebot3_msgs/lib/python3.8/site-packages:${PYTHONPATH} /usr/bin/cmake --build /home/shh/ssafy_gazeboy/ssafy_ws/build/turtlebot3_node -- -j16 -l16
[16.527s] Invoking command in '/home/shh/ssafy_gazeboy/ssafy_ws/build/turtlebot3_node': AMENT_PREFIX_PATH=/home/shh/ssafy_gazeboy/ssafy_ws/install/turtlebot3_msgs:${AMENT_PREFIX_PATH} CMAKE_PREFIX_PATH=/home/shh/ssafy_gazeboy/ssafy_ws/install/turtlebot3_msgs:/opt/ros/foxy LD_LIBRARY_PATH=/home/shh/ssafy_gazeboy/ssafy_ws/install/turtlebot3_msgs/lib:${LD_LIBRARY_PATH} PYTHONPATH=/home/shh/ssafy_gazeboy/ssafy_ws/install/turtlebot3_msgs/lib/python3.8/site-packages:${PYTHONPATH} /usr/bin/cmake --install /home/shh/ssafy_gazeboy/ssafy_ws/build/turtlebot3_node
[16.539s] -- Install configuration: ""
[16.539s] -- Execute custom install script
[16.540s] -- Symlinking: /home/shh/ssafy_gazeboy/ssafy_ws/install/turtlebot3_node/share/turtlebot3_node/param/burger.yaml
[16.555s] -- Symlinking: /home/shh/ssafy_gazeboy/ssafy_ws/install/turtlebot3_node/share/turtlebot3_node/param/waffle.yaml
[16.569s] -- Symlinking: /home/shh/ssafy_gazeboy/ssafy_ws/install/turtlebot3_node/share/turtlebot3_node/param/waffle_pi.yaml
[16.580s] -- Symlinking: /home/shh/ssafy_gazeboy/ssafy_ws/install/turtlebot3_node/lib/turtlebot3_node/turtlebot3_ros
[16.591s] -- Symlinking: /home/shh/ssafy_gazeboy/ssafy_ws/install/turtlebot3_node/share/ament_index/resource_index/package_run_dependencies/turtlebot3_node
[16.602s] -- Symlinking: /home/shh/ssafy_gazeboy/ssafy_ws/install/turtlebot3_node/share/ament_index/resource_index/parent_prefix_path/turtlebot3_node
[16.615s] -- Symlinking: /home/shh/ssafy_gazeboy/ssafy_ws/install/turtlebot3_node/share/turtlebot3_node/environment/ament_prefix_path.sh
[16.625s] -- Symlinking: /home/shh/ssafy_gazeboy/ssafy_ws/install/turtlebot3_node/share/turtlebot3_node/environment/ament_prefix_path.dsv
[16.644s] -- Symlinking: /home/shh/ssafy_gazeboy/ssafy_ws/install/turtlebot3_node/share/turtlebot3_node/environment/path.sh
[16.660s] -- Symlinking: /home/shh/ssafy_gazeboy/ssafy_ws/install/turtlebot3_node/share/turtlebot3_node/environment/path.dsv
[16.676s] -- Symlinking: /home/shh/ssafy_gazeboy/ssafy_ws/install/turtlebot3_node/share/turtlebot3_node/local_setup.bash
[16.696s] -- Symlinking: /home/shh/ssafy_gazeboy/ssafy_ws/install/turtlebot3_node/share/turtlebot3_node/local_setup.sh
[16.706s] -- Symlinking: /home/shh/ssafy_gazeboy/ssafy_ws/install/turtlebot3_node/share/turtlebot3_node/local_setup.zsh
[16.717s] -- Symlinking: /home/shh/ssafy_gazeboy/ssafy_ws/install/turtlebot3_node/share/turtlebot3_node/local_setup.dsv
[16.728s] -- Symlinking: /home/shh/ssafy_gazeboy/ssafy_ws/install/turtlebot3_node/share/turtlebot3_node/package.dsv
[16.738s] -- Symlinking: /home/shh/ssafy_gazeboy/ssafy_ws/install/turtlebot3_node/share/ament_index/resource_index/packages/turtlebot3_node
[16.757s] -- Symlinking: /home/shh/ssafy_gazeboy/ssafy_ws/install/turtlebot3_node/share/turtlebot3_node/cmake/ament_cmake_export_include_directories-extras.cmake
[16.766s] -- Symlinking: /home/shh/ssafy_gazeboy/ssafy_ws/install/turtlebot3_node/share/turtlebot3_node/cmake/turtlebot3_nodeConfig.cmake
[16.783s] -- Symlinking: /home/shh/ssafy_gazeboy/ssafy_ws/install/turtlebot3_node/share/turtlebot3_node/cmake/turtlebot3_nodeConfig-version.cmake
[16.801s] -- Symlinking: /home/shh/ssafy_gazeboy/ssafy_ws/install/turtlebot3_node/share/turtlebot3_node/package.xml
[16.819s] Invoked command in '/home/shh/ssafy_gazeboy/ssafy_ws/build/turtlebot3_node' returned '0': AMENT_PREFIX_PATH=/home/shh/ssafy_gazeboy/ssafy_ws/install/turtlebot3_msgs:${AMENT_PREFIX_PATH} CMAKE_PREFIX_PATH=/home/shh/ssafy_gazeboy/ssafy_ws/install/turtlebot3_msgs:/opt/ros/foxy LD_LIBRARY_PATH=/home/shh/ssafy_gazeboy/ssafy_ws/install/turtlebot3_msgs/lib:${LD_LIBRARY_PATH} PYTHONPATH=/home/shh/ssafy_gazeboy/ssafy_ws/install/turtlebot3_msgs/lib/python3.8/site-packages:${PYTHONPATH} /usr/bin/cmake --install /home/shh/ssafy_gazeboy/ssafy_ws/build/turtlebot3_node
