[0.067s] Invoking command in '/home/shh/ssafy_gazeboy/ssafy_ws/build/velodyne_gazebo_plugins': CMAKE_PREFIX_PATH=${CMAKE_PREFIX_PATH}:/home/shh/ssafy_gazeboy/ssafy_ws/install/teleop_twist_keyboard:/opt/ros/foxy /usr/bin/cmake --build /home/shh/ssafy_gazeboy/ssafy_ws/build/velodyne_gazebo_plugins -- -j16 -l16
[0.189s] [100%] Built target gazebo_ros_velodyne_laser
[0.349s] Invoked command in '/home/shh/ssafy_gazeboy/ssafy_ws/build/velodyne_gazebo_plugins' returned '0': CMAKE_PREFIX_PATH=${CMAKE_PREFIX_PATH}:/home/shh/ssafy_gazeboy/ssafy_ws/install/teleop_twist_keyboard:/opt/ros/foxy /usr/bin/cmake --build /home/shh/ssafy_gazeboy/ssafy_ws/build/velodyne_gazebo_plugins -- -j16 -l16
[0.425s] Invoking command in '/home/shh/ssafy_gazeboy/ssafy_ws/build/velodyne_gazebo_plugins': CMAKE_PREFIX_PATH=${CMAKE_PREFIX_PATH}:/home/shh/ssafy_gazeboy/ssafy_ws/install/teleop_twist_keyboard:/opt/ros/foxy /usr/bin/cmake --install /home/shh/ssafy_gazeboy/ssafy_ws/build/velodyne_gazebo_plugins
[0.436s] -- Install configuration: ""
[0.437s] -- Execute custom install script
[0.438s] -- Up-to-date symlink: /home/shh/ssafy_gazeboy/ssafy_ws/install/velodyne_gazebo_plugins/lib/libgazebo_ros_velodyne_laser.so
[0.439s] -- Up-to-date symlink: /home/shh/ssafy_gazeboy/ssafy_ws/install/velodyne_gazebo_plugins/include/velodyne_gazebo_plugins/GazeboRosVelodyneLaser.hpp
[0.440s] -- Up-to-date symlink: /home/shh/ssafy_gazeboy/ssafy_ws/install/velodyne_gazebo_plugins/share/velodyne_gazebo_plugins/environment/library_path.sh
[0.441s] -- Up-to-date symlink: /home/shh/ssafy_gazeboy/ssafy_ws/install/velodyne_gazebo_plugins/share/velodyne_gazebo_plugins/environment/library_path.dsv
[0.441s] -- Up-to-date symlink: /home/shh/ssafy_gazeboy/ssafy_ws/install/velodyne_gazebo_plugins/share/ament_index/resource_index/package_run_dependencies/velodyne_gazebo_plugins
[0.441s] -- Up-to-date symlink: /home/shh/ssafy_gazeboy/ssafy_ws/install/velodyne_gazebo_plugins/share/ament_index/resource_index/parent_prefix_path/velodyne_gazebo_plugins
[0.442s] -- Up-to-date symlink: /home/shh/ssafy_gazeboy/ssafy_ws/install/velodyne_gazebo_plugins/share/velodyne_gazebo_plugins/environment/ament_prefix_path.sh
[0.442s] -- Up-to-date symlink: /home/shh/ssafy_gazeboy/ssafy_ws/install/velodyne_gazebo_plugins/share/velodyne_gazebo_plugins/environment/ament_prefix_path.dsv
[0.443s] -- Up-to-date symlink: /home/shh/ssafy_gazeboy/ssafy_ws/install/velodyne_gazebo_plugins/share/velodyne_gazebo_plugins/environment/path.sh
[0.443s] -- Up-to-date symlink: /home/shh/ssafy_gazeboy/ssafy_ws/install/velodyne_gazebo_plugins/share/velodyne_gazebo_plugins/environment/path.dsv
[0.444s] -- Up-to-date symlink: /home/shh/ssafy_gazeboy/ssafy_ws/install/velodyne_gazebo_plugins/share/velodyne_gazebo_plugins/local_setup.bash
[0.444s] -- Up-to-date symlink: /home/shh/ssafy_gazeboy/ssafy_ws/install/velodyne_gazebo_plugins/share/velodyne_gazebo_plugins/local_setup.sh
[0.444s] -- Up-to-date symlink: /home/shh/ssafy_gazeboy/ssafy_ws/install/velodyne_gazebo_plugins/share/velodyne_gazebo_plugins/local_setup.zsh
[0.444s] -- Up-to-date symlink: /home/shh/ssafy_gazeboy/ssafy_ws/install/velodyne_gazebo_plugins/share/velodyne_gazebo_plugins/local_setup.dsv
[0.445s] -- Symlinking: /home/shh/ssafy_gazeboy/ssafy_ws/install/velodyne_gazebo_plugins/share/velodyne_gazebo_plugins/package.dsv
[0.453s] -- Up-to-date symlink: /home/shh/ssafy_gazeboy/ssafy_ws/install/velodyne_gazebo_plugins/share/ament_index/resource_index/packages/velodyne_gazebo_plugins
[0.454s] -- Up-to-date symlink: /home/shh/ssafy_gazeboy/ssafy_ws/install/velodyne_gazebo_plugins/share/velodyne_gazebo_plugins/cmake/ament_cmake_export_include_directories-extras.cmake
[0.454s] -- Up-to-date symlink: /home/shh/ssafy_gazeboy/ssafy_ws/install/velodyne_gazebo_plugins/share/velodyne_gazebo_plugins/cmake/ament_cmake_export_libraries-extras.cmake
[0.454s] -- Up-to-date symlink: /home/shh/ssafy_gazeboy/ssafy_ws/install/velodyne_gazebo_plugins/share/velodyne_gazebo_plugins/cmake/ament_cmake_export_dependencies-extras.cmake
[0.456s] -- Up-to-date symlink: /home/shh/ssafy_gazeboy/ssafy_ws/install/velodyne_gazebo_plugins/share/velodyne_gazebo_plugins/cmake/velodyne_gazebo_pluginsConfig.cmake
[0.457s] -- Up-to-date symlink: /home/shh/ssafy_gazeboy/ssafy_ws/install/velodyne_gazebo_plugins/share/velodyne_gazebo_plugins/cmake/velodyne_gazebo_pluginsConfig-version.cmake
[0.460s] -- Up-to-date symlink: /home/shh/ssafy_gazeboy/ssafy_ws/install/velodyne_gazebo_plugins/share/velodyne_gazebo_plugins/package.xml
[0.490s] Invoked command in '/home/shh/ssafy_gazeboy/ssafy_ws/build/velodyne_gazebo_plugins' returned '0': CMAKE_PREFIX_PATH=${CMAKE_PREFIX_PATH}:/home/shh/ssafy_gazeboy/ssafy_ws/install/teleop_twist_keyboard:/opt/ros/foxy /usr/bin/cmake --install /home/shh/ssafy_gazeboy/ssafy_ws/build/velodyne_gazebo_plugins
