[0.471s] DEBUG:colcon:Command line arguments: ['/home/shh/.local/bin/colcon', 'build', '--symlink-install']
[0.471s] DEBUG:colcon:Parsed command line arguments: Namespace(allow_overriding=[], ament_cmake_args=None, base_paths=['.'], build_base='build', catkin_cmake_args=None, catkin_skip_building_tests=False, cmake_args=None, cmake_clean_cache=False, cmake_clean_first=False, cmake_force_configure=False, cmake_target=None, cmake_target_skip_unavailable=False, continue_on_error=False, event_handlers=None, executor='parallel', ignore_user_meta=False, install_base='install', log_base=None, log_level=None, main=<bound method BuildVerb.main of <colcon_core.verb.build.BuildVerb object at 0x7f9a966f4160>>, merge_install=False, metas=['./colcon.meta'], packages_above=None, packages_above_and_dependencies=None, packages_above_depth=None, packages_end=None, packages_ignore=None, packages_ignore_regex=None, packages_select=None, packages_select_build_failed=False, packages_select_by_dep=None, packages_select_regex=None, packages_select_test_failures=False, packages_skip=None, packages_skip_build_finished=False, packages_skip_by_dep=None, packages_skip_regex=None, packages_skip_test_passed=False, packages_skip_up_to=None, packages_start=None, packages_up_to=None, packages_up_to_regex=None, parallel_workers=16, paths=None, symlink_install=True, test_result_base=None, verb_extension=<colcon_core.verb.build.BuildVerb object at 0x7f9a966f4160>, verb_name='build', verb_parser=<colcon_defaults.argument_parser.defaults.DefaultArgumentsDecorator object at 0x7f9a966f46a0>)
[0.498s] Level 1:colcon.colcon_core.package_discovery:discover_packages(colcon_meta) check parameters
[0.498s] Level 1:colcon.colcon_core.package_discovery:discover_packages(recursive) check parameters
[0.498s] Level 1:colcon.colcon_core.package_discovery:discover_packages(ignore) check parameters
[0.498s] Level 1:colcon.colcon_core.package_discovery:discover_packages(path) check parameters
[0.498s] Level 1:colcon.colcon_core.package_discovery:discover_packages(colcon_meta) discover
[0.498s] Level 1:colcon.colcon_core.package_discovery:discover_packages(recursive) discover
[0.498s] INFO:colcon.colcon_core.package_discovery:Crawling recursively for packages in '/home/shh/ssafy_ws'
[0.498s] Level 1:colcon.colcon_core.package_identification:_identify(.) by extensions ['ignore', 'ignore_ament_install']
[0.498s] Level 1:colcon.colcon_core.package_identification:_identify(.) by extension 'ignore'
[0.498s] Level 1:colcon.colcon_core.package_identification:_identify(.) by extension 'ignore_ament_install'
[0.498s] Level 1:colcon.colcon_core.package_identification:_identify(.) by extensions ['colcon_pkg']
[0.498s] Level 1:colcon.colcon_core.package_identification:_identify(.) by extension 'colcon_pkg'
[0.498s] Level 1:colcon.colcon_core.package_identification:_identify(.) by extensions ['colcon_meta']
[0.498s] Level 1:colcon.colcon_core.package_identification:_identify(.) by extension 'colcon_meta'
[0.498s] Level 1:colcon.colcon_core.package_identification:_identify(.) by extensions ['ros']
[0.498s] Level 1:colcon.colcon_core.package_identification:_identify(.) by extension 'ros'
[0.508s] Level 1:colcon.colcon_core.package_identification:_identify(.) by extensions ['cmake', 'python']
[0.508s] Level 1:colcon.colcon_core.package_identification:_identify(.) by extension 'cmake'
[0.508s] Level 1:colcon.colcon_core.package_identification:_identify(.) by extension 'python'
[0.508s] Level 1:colcon.colcon_core.package_identification:_identify(.) by extensions ['python_setup_py']
[0.508s] Level 1:colcon.colcon_core.package_identification:_identify(.) by extension 'python_setup_py'
[0.508s] Level 1:colcon.colcon_core.package_identification:_identify(build) by extensions ['ignore', 'ignore_ament_install']
[0.508s] Level 1:colcon.colcon_core.package_identification:_identify(build) by extension 'ignore'
[0.508s] Level 1:colcon.colcon_core.package_identification:_identify(build) ignored
[0.508s] Level 1:colcon.colcon_core.package_identification:_identify(install) by extensions ['ignore', 'ignore_ament_install']
[0.508s] Level 1:colcon.colcon_core.package_identification:_identify(install) by extension 'ignore'
[0.508s] Level 1:colcon.colcon_core.package_identification:_identify(install) ignored
[0.508s] Level 1:colcon.colcon_core.package_identification:_identify(log) by extensions ['ignore', 'ignore_ament_install']
[0.508s] Level 1:colcon.colcon_core.package_identification:_identify(log) by extension 'ignore'
[0.508s] Level 1:colcon.colcon_core.package_identification:_identify(log) ignored
[0.508s] Level 1:colcon.colcon_core.package_identification:_identify(src) by extensions ['ignore', 'ignore_ament_install']
[0.509s] Level 1:colcon.colcon_core.package_identification:_identify(src) by extension 'ignore'
[0.509s] Level 1:colcon.colcon_core.package_identification:_identify(src) by extension 'ignore_ament_install'
[0.509s] Level 1:colcon.colcon_core.package_identification:_identify(src) by extensions ['colcon_pkg']
[0.509s] Level 1:colcon.colcon_core.package_identification:_identify(src) by extension 'colcon_pkg'
[0.509s] Level 1:colcon.colcon_core.package_identification:_identify(src) by extensions ['colcon_meta']
[0.509s] Level 1:colcon.colcon_core.package_identification:_identify(src) by extension 'colcon_meta'
[0.509s] Level 1:colcon.colcon_core.package_identification:_identify(src) by extensions ['ros']
[0.509s] Level 1:colcon.colcon_core.package_identification:_identify(src) by extension 'ros'
[0.509s] Level 1:colcon.colcon_core.package_identification:_identify(src) by extensions ['cmake', 'python']
[0.509s] Level 1:colcon.colcon_core.package_identification:_identify(src) by extension 'cmake'
[0.509s] Level 1:colcon.colcon_core.package_identification:_identify(src) by extension 'python'
[0.509s] Level 1:colcon.colcon_core.package_identification:_identify(src) by extensions ['python_setup_py']
[0.509s] Level 1:colcon.colcon_core.package_identification:_identify(src) by extension 'python_setup_py'
[0.509s] Level 1:colcon.colcon_core.package_identification:_identify(src/250114) by extensions ['ignore', 'ignore_ament_install']
[0.509s] Level 1:colcon.colcon_core.package_identification:_identify(src/250114) by extension 'ignore'
[0.509s] Level 1:colcon.colcon_core.package_identification:_identify(src/250114) by extension 'ignore_ament_install'
[0.509s] Level 1:colcon.colcon_core.package_identification:_identify(src/250114) by extensions ['colcon_pkg']
[0.509s] Level 1:colcon.colcon_core.package_identification:_identify(src/250114) by extension 'colcon_pkg'
[0.509s] Level 1:colcon.colcon_core.package_identification:_identify(src/250114) by extensions ['colcon_meta']
[0.509s] Level 1:colcon.colcon_core.package_identification:_identify(src/250114) by extension 'colcon_meta'
[0.509s] Level 1:colcon.colcon_core.package_identification:_identify(src/250114) by extensions ['ros']
[0.509s] Level 1:colcon.colcon_core.package_identification:_identify(src/250114) by extension 'ros'
[0.511s] DEBUG:colcon.colcon_core.package_identification:Package 'src/250114' with type 'ros.ament_python' and name '250114'
[0.511s] Level 1:colcon.colcon_core.package_identification:_identify(src/my_python_pkg) by extensions ['ignore', 'ignore_ament_install']
[0.511s] Level 1:colcon.colcon_core.package_identification:_identify(src/my_python_pkg) by extension 'ignore'
[0.511s] Level 1:colcon.colcon_core.package_identification:_identify(src/my_python_pkg) by extension 'ignore_ament_install'
[0.511s] Level 1:colcon.colcon_core.package_identification:_identify(src/my_python_pkg) by extensions ['colcon_pkg']
[0.511s] Level 1:colcon.colcon_core.package_identification:_identify(src/my_python_pkg) by extension 'colcon_pkg'
[0.511s] Level 1:colcon.colcon_core.package_identification:_identify(src/my_python_pkg) by extensions ['colcon_meta']
[0.512s] Level 1:colcon.colcon_core.package_identification:_identify(src/my_python_pkg) by extension 'colcon_meta'
[0.512s] Level 1:colcon.colcon_core.package_identification:_identify(src/my_python_pkg) by extensions ['ros']
[0.512s] Level 1:colcon.colcon_core.package_identification:_identify(src/my_python_pkg) by extension 'ros'
[0.512s] DEBUG:colcon.colcon_core.package_identification:Package 'src/my_python_pkg' with type 'ros.ament_python' and name 'my_python_pkg'
[0.512s] Level 1:colcon.colcon_core.package_identification:_identify(src/simple_car_tf) by extensions ['ignore', 'ignore_ament_install']
[0.512s] Level 1:colcon.colcon_core.package_identification:_identify(src/simple_car_tf) by extension 'ignore'
[0.512s] Level 1:colcon.colcon_core.package_identification:_identify(src/simple_car_tf) by extension 'ignore_ament_install'
[0.512s] Level 1:colcon.colcon_core.package_identification:_identify(src/simple_car_tf) by extensions ['colcon_pkg']
[0.512s] Level 1:colcon.colcon_core.package_identification:_identify(src/simple_car_tf) by extension 'colcon_pkg'
[0.512s] Level 1:colcon.colcon_core.package_identification:_identify(src/simple_car_tf) by extensions ['colcon_meta']
[0.512s] Level 1:colcon.colcon_core.package_identification:_identify(src/simple_car_tf) by extension 'colcon_meta'
[0.512s] Level 1:colcon.colcon_core.package_identification:_identify(src/simple_car_tf) by extensions ['ros']
[0.512s] Level 1:colcon.colcon_core.package_identification:_identify(src/simple_car_tf) by extension 'ros'
[0.513s] DEBUG:colcon.colcon_core.package_identification:Package 'src/simple_car_tf' with type 'ros.ament_python' and name 'simple_car_tf'
[0.513s] Level 1:colcon.colcon_core.package_identification:_identify(src/simple_publisher) by extensions ['ignore', 'ignore_ament_install']
[0.513s] Level 1:colcon.colcon_core.package_identification:_identify(src/simple_publisher) by extension 'ignore'
[0.513s] Level 1:colcon.colcon_core.package_identification:_identify(src/simple_publisher) by extension 'ignore_ament_install'
[0.513s] Level 1:colcon.colcon_core.package_identification:_identify(src/simple_publisher) by extensions ['colcon_pkg']
[0.513s] Level 1:colcon.colcon_core.package_identification:_identify(src/simple_publisher) by extension 'colcon_pkg'
[0.513s] Level 1:colcon.colcon_core.package_identification:_identify(src/simple_publisher) by extensions ['colcon_meta']
[0.513s] Level 1:colcon.colcon_core.package_identification:_identify(src/simple_publisher) by extension 'colcon_meta'
[0.513s] Level 1:colcon.colcon_core.package_identification:_identify(src/simple_publisher) by extensions ['ros']
[0.513s] Level 1:colcon.colcon_core.package_identification:_identify(src/simple_publisher) by extension 'ros'
[0.514s] DEBUG:colcon.colcon_core.package_identification:Package 'src/simple_publisher' with type 'ros.ament_python' and name 'simple_publisher'
[0.514s] Level 1:colcon.colcon_core.package_identification:_identify(src/simple_subscriber) by extensions ['ignore', 'ignore_ament_install']
[0.514s] Level 1:colcon.colcon_core.package_identification:_identify(src/simple_subscriber) by extension 'ignore'
[0.514s] Level 1:colcon.colcon_core.package_identification:_identify(src/simple_subscriber) by extension 'ignore_ament_install'
[0.514s] Level 1:colcon.colcon_core.package_identification:_identify(src/simple_subscriber) by extensions ['colcon_pkg']
[0.514s] Level 1:colcon.colcon_core.package_identification:_identify(src/simple_subscriber) by extension 'colcon_pkg'
[0.514s] Level 1:colcon.colcon_core.package_identification:_identify(src/simple_subscriber) by extensions ['colcon_meta']
[0.514s] Level 1:colcon.colcon_core.package_identification:_identify(src/simple_subscriber) by extension 'colcon_meta'
[0.514s] Level 1:colcon.colcon_core.package_identification:_identify(src/simple_subscriber) by extensions ['ros']
[0.514s] Level 1:colcon.colcon_core.package_identification:_identify(src/simple_subscriber) by extension 'ros'
[0.514s] DEBUG:colcon.colcon_core.package_identification:Package 'src/simple_subscriber' with type 'ros.ament_python' and name 'simple_subscriber'
[0.514s] Level 1:colcon.colcon_core.package_identification:_identify(src/ssafy_publisher_subscriber) by extensions ['ignore', 'ignore_ament_install']
[0.514s] Level 1:colcon.colcon_core.package_identification:_identify(src/ssafy_publisher_subscriber) by extension 'ignore'
[0.514s] Level 1:colcon.colcon_core.package_identification:_identify(src/ssafy_publisher_subscriber) by extension 'ignore_ament_install'
[0.514s] Level 1:colcon.colcon_core.package_identification:_identify(src/ssafy_publisher_subscriber) by extensions ['colcon_pkg']
[0.514s] Level 1:colcon.colcon_core.package_identification:_identify(src/ssafy_publisher_subscriber) by extension 'colcon_pkg'
[0.515s] Level 1:colcon.colcon_core.package_identification:_identify(src/ssafy_publisher_subscriber) by extensions ['colcon_meta']
[0.515s] Level 1:colcon.colcon_core.package_identification:_identify(src/ssafy_publisher_subscriber) by extension 'colcon_meta'
[0.515s] Level 1:colcon.colcon_core.package_identification:_identify(src/ssafy_publisher_subscriber) by extensions ['ros']
[0.515s] Level 1:colcon.colcon_core.package_identification:_identify(src/ssafy_publisher_subscriber) by extension 'ros'
[0.515s] DEBUG:colcon.colcon_core.package_identification:Package 'src/ssafy_publisher_subscriber' with type 'ros.ament_cmake' and name 'ssafy_publisher_subscriber'
[0.515s] Level 1:colcon.colcon_core.package_identification:_identify(src/tf_broadcaster) by extensions ['ignore', 'ignore_ament_install']
[0.515s] Level 1:colcon.colcon_core.package_identification:_identify(src/tf_broadcaster) by extension 'ignore'
[0.515s] Level 1:colcon.colcon_core.package_identification:_identify(src/tf_broadcaster) by extension 'ignore_ament_install'
[0.515s] Level 1:colcon.colcon_core.package_identification:_identify(src/tf_broadcaster) by extensions ['colcon_pkg']
[0.515s] Level 1:colcon.colcon_core.package_identification:_identify(src/tf_broadcaster) by extension 'colcon_pkg'
[0.515s] Level 1:colcon.colcon_core.package_identification:_identify(src/tf_broadcaster) by extensions ['colcon_meta']
[0.515s] Level 1:colcon.colcon_core.package_identification:_identify(src/tf_broadcaster) by extension 'colcon_meta'
[0.515s] Level 1:colcon.colcon_core.package_identification:_identify(src/tf_broadcaster) by extensions ['ros']
[0.515s] Level 1:colcon.colcon_core.package_identification:_identify(src/tf_broadcaster) by extension 'ros'
[0.516s] DEBUG:colcon.colcon_core.package_identification:Package 'src/tf_broadcaster' with type 'ros.ament_python' and name 'tf_broadcaster'
[0.516s] Level 1:colcon.colcon_core.package_identification:_identify(src/turtle_controller) by extensions ['ignore', 'ignore_ament_install']
[0.516s] Level 1:colcon.colcon_core.package_identification:_identify(src/turtle_controller) by extension 'ignore'
[0.516s] Level 1:colcon.colcon_core.package_identification:_identify(src/turtle_controller) by extension 'ignore_ament_install'
[0.516s] Level 1:colcon.colcon_core.package_identification:_identify(src/turtle_controller) by extensions ['colcon_pkg']
[0.516s] Level 1:colcon.colcon_core.package_identification:_identify(src/turtle_controller) by extension 'colcon_pkg'
[0.516s] Level 1:colcon.colcon_core.package_identification:_identify(src/turtle_controller) by extensions ['colcon_meta']
[0.516s] Level 1:colcon.colcon_core.package_identification:_identify(src/turtle_controller) by extension 'colcon_meta'
[0.516s] Level 1:colcon.colcon_core.package_identification:_identify(src/turtle_controller) by extensions ['ros']
[0.516s] Level 1:colcon.colcon_core.package_identification:_identify(src/turtle_controller) by extension 'ros'
[0.517s] DEBUG:colcon.colcon_core.package_identification:Package 'src/turtle_controller' with type 'ros.ament_python' and name 'turtle_controller'
[0.517s] Level 1:colcon.colcon_core.package_identification:_identify(src/turtle_spawner) by extensions ['ignore', 'ignore_ament_install']
[0.517s] Level 1:colcon.colcon_core.package_identification:_identify(src/turtle_spawner) by extension 'ignore'
[0.517s] Level 1:colcon.colcon_core.package_identification:_identify(src/turtle_spawner) by extension 'ignore_ament_install'
[0.517s] Level 1:colcon.colcon_core.package_identification:_identify(src/turtle_spawner) by extensions ['colcon_pkg']
[0.517s] Level 1:colcon.colcon_core.package_identification:_identify(src/turtle_spawner) by extension 'colcon_pkg'
[0.517s] Level 1:colcon.colcon_core.package_identification:_identify(src/turtle_spawner) by extensions ['colcon_meta']
[0.517s] Level 1:colcon.colcon_core.package_identification:_identify(src/turtle_spawner) by extension 'colcon_meta'
[0.517s] Level 1:colcon.colcon_core.package_identification:_identify(src/turtle_spawner) by extensions ['ros']
[0.517s] Level 1:colcon.colcon_core.package_identification:_identify(src/turtle_spawner) by extension 'ros'
[0.517s] DEBUG:colcon.colcon_core.package_identification:Package 'src/turtle_spawner' with type 'ros.ament_python' and name 'turtle_spawner'
[0.517s] Level 1:colcon.colcon_core.package_identification:_identify(src/yolo_pkg) by extensions ['ignore', 'ignore_ament_install']
[0.517s] Level 1:colcon.colcon_core.package_identification:_identify(src/yolo_pkg) by extension 'ignore'
[0.517s] Level 1:colcon.colcon_core.package_identification:_identify(src/yolo_pkg) by extension 'ignore_ament_install'
[0.518s] Level 1:colcon.colcon_core.package_identification:_identify(src/yolo_pkg) by extensions ['colcon_pkg']
[0.518s] Level 1:colcon.colcon_core.package_identification:_identify(src/yolo_pkg) by extension 'colcon_pkg'
[0.518s] Level 1:colcon.colcon_core.package_identification:_identify(src/yolo_pkg) by extensions ['colcon_meta']
[0.518s] Level 1:colcon.colcon_core.package_identification:_identify(src/yolo_pkg) by extension 'colcon_meta'
[0.518s] Level 1:colcon.colcon_core.package_identification:_identify(src/yolo_pkg) by extensions ['ros']
[0.518s] Level 1:colcon.colcon_core.package_identification:_identify(src/yolo_pkg) by extension 'ros'
[0.518s] DEBUG:colcon.colcon_core.package_identification:Package 'src/yolo_pkg' with type 'ros.ament_python' and name 'yolo_pkg'
[0.518s] Level 1:colcon.colcon_core.package_discovery:discover_packages(recursive) using defaults
[0.518s] Level 1:colcon.colcon_core.package_discovery:discover_packages(ignore) discover
[0.518s] Level 1:colcon.colcon_core.package_discovery:discover_packages(ignore) using defaults
[0.518s] Level 1:colcon.colcon_core.package_discovery:discover_packages(path) discover
[0.518s] Level 1:colcon.colcon_core.package_discovery:discover_packages(path) using defaults
[0.549s] Level 1:colcon.colcon_core.package_discovery:discover_packages(prefix_path) check parameters
[0.549s] Level 1:colcon.colcon_core.package_discovery:discover_packages(prefix_path) discover
[0.557s] DEBUG:colcon.colcon_installed_package_information.package_discovery:Found 10 installed packages in /home/shh/ssafy_ws/install
[0.561s] DEBUG:colcon.colcon_installed_package_information.package_discovery:Found 365 installed packages in /opt/ros/foxy
[0.563s] Level 1:colcon.colcon_core.package_discovery:discover_packages(prefix_path) using defaults
[0.626s] Level 5:colcon.colcon_core.verb:set package '250114' build argument 'cmake_args' from command line to 'None'
[0.626s] Level 5:colcon.colcon_core.verb:set package '250114' build argument 'cmake_target' from command line to 'None'
[0.626s] Level 5:colcon.colcon_core.verb:set package '250114' build argument 'cmake_target_skip_unavailable' from command line to 'False'
[0.626s] Level 5:colcon.colcon_core.verb:set package '250114' build argument 'cmake_clean_cache' from command line to 'False'
[0.626s] Level 5:colcon.colcon_core.verb:set package '250114' build argument 'cmake_clean_first' from command line to 'False'
[0.626s] Level 5:colcon.colcon_core.verb:set package '250114' build argument 'cmake_force_configure' from command line to 'False'
[0.626s] Level 5:colcon.colcon_core.verb:set package '250114' build argument 'ament_cmake_args' from command line to 'None'
[0.626s] Level 5:colcon.colcon_core.verb:set package '250114' build argument 'catkin_cmake_args' from command line to 'None'
[0.626s] Level 5:colcon.colcon_core.verb:set package '250114' build argument 'catkin_skip_building_tests' from command line to 'False'
[0.626s] DEBUG:colcon.colcon_core.verb:Building package '250114' with the following arguments: {'ament_cmake_args': None, 'build_base': '/home/shh/ssafy_ws/build/250114', 'catkin_cmake_args': None, 'catkin_skip_building_tests': False, 'cmake_args': None, 'cmake_clean_cache': False, 'cmake_clean_first': False, 'cmake_force_configure': False, 'cmake_target': None, 'cmake_target_skip_unavailable': False, 'install_base': '/home/shh/ssafy_ws/install/250114', 'merge_install': False, 'path': '/home/shh/ssafy_ws/src/250114', 'symlink_install': True, 'test_result_base': None}
[0.635s] Level 5:colcon.colcon_core.verb:set package 'my_python_pkg' build argument 'cmake_args' from command line to 'None'
[0.635s] Level 5:colcon.colcon_core.verb:set package 'my_python_pkg' build argument 'cmake_target' from command line to 'None'
[0.635s] Level 5:colcon.colcon_core.verb:set package 'my_python_pkg' build argument 'cmake_target_skip_unavailable' from command line to 'False'
[0.635s] Level 5:colcon.colcon_core.verb:set package 'my_python_pkg' build argument 'cmake_clean_cache' from command line to 'False'
[0.635s] Level 5:colcon.colcon_core.verb:set package 'my_python_pkg' build argument 'cmake_clean_first' from command line to 'False'
[0.635s] Level 5:colcon.colcon_core.verb:set package 'my_python_pkg' build argument 'cmake_force_configure' from command line to 'False'
[0.635s] Level 5:colcon.colcon_core.verb:set package 'my_python_pkg' build argument 'ament_cmake_args' from command line to 'None'
[0.635s] Level 5:colcon.colcon_core.verb:set package 'my_python_pkg' build argument 'catkin_cmake_args' from command line to 'None'
[0.635s] Level 5:colcon.colcon_core.verb:set package 'my_python_pkg' build argument 'catkin_skip_building_tests' from command line to 'False'
[0.635s] DEBUG:colcon.colcon_core.verb:Building package 'my_python_pkg' with the following arguments: {'ament_cmake_args': None, 'build_base': '/home/shh/ssafy_ws/build/my_python_pkg', 'catkin_cmake_args': None, 'catkin_skip_building_tests': False, 'cmake_args': None, 'cmake_clean_cache': False, 'cmake_clean_first': False, 'cmake_force_configure': False, 'cmake_target': None, 'cmake_target_skip_unavailable': False, 'install_base': '/home/shh/ssafy_ws/install/my_python_pkg', 'merge_install': False, 'path': '/home/shh/ssafy_ws/src/my_python_pkg', 'symlink_install': True, 'test_result_base': None}
[0.641s] Level 5:colcon.colcon_core.verb:set package 'simple_car_tf' build argument 'cmake_args' from command line to 'None'
[0.641s] Level 5:colcon.colcon_core.verb:set package 'simple_car_tf' build argument 'cmake_target' from command line to 'None'
[0.641s] Level 5:colcon.colcon_core.verb:set package 'simple_car_tf' build argument 'cmake_target_skip_unavailable' from command line to 'False'
[0.641s] Level 5:colcon.colcon_core.verb:set package 'simple_car_tf' build argument 'cmake_clean_cache' from command line to 'False'
[0.641s] Level 5:colcon.colcon_core.verb:set package 'simple_car_tf' build argument 'cmake_clean_first' from command line to 'False'
[0.641s] Level 5:colcon.colcon_core.verb:set package 'simple_car_tf' build argument 'cmake_force_configure' from command line to 'False'
[0.641s] Level 5:colcon.colcon_core.verb:set package 'simple_car_tf' build argument 'ament_cmake_args' from command line to 'None'
[0.641s] Level 5:colcon.colcon_core.verb:set package 'simple_car_tf' build argument 'catkin_cmake_args' from command line to 'None'
[0.641s] Level 5:colcon.colcon_core.verb:set package 'simple_car_tf' build argument 'catkin_skip_building_tests' from command line to 'False'
[0.641s] DEBUG:colcon.colcon_core.verb:Building package 'simple_car_tf' with the following arguments: {'ament_cmake_args': None, 'build_base': '/home/shh/ssafy_ws/build/simple_car_tf', 'catkin_cmake_args': None, 'catkin_skip_building_tests': False, 'cmake_args': None, 'cmake_clean_cache': False, 'cmake_clean_first': False, 'cmake_force_configure': False, 'cmake_target': None, 'cmake_target_skip_unavailable': False, 'install_base': '/home/shh/ssafy_ws/install/simple_car_tf', 'merge_install': False, 'path': '/home/shh/ssafy_ws/src/simple_car_tf', 'symlink_install': True, 'test_result_base': None}
[0.648s] Level 5:colcon.colcon_core.verb:set package 'simple_publisher' build argument 'cmake_args' from command line to 'None'
[0.648s] Level 5:colcon.colcon_core.verb:set package 'simple_publisher' build argument 'cmake_target' from command line to 'None'
[0.648s] Level 5:colcon.colcon_core.verb:set package 'simple_publisher' build argument 'cmake_target_skip_unavailable' from command line to 'False'
[0.648s] Level 5:colcon.colcon_core.verb:set package 'simple_publisher' build argument 'cmake_clean_cache' from command line to 'False'
[0.648s] Level 5:colcon.colcon_core.verb:set package 'simple_publisher' build argument 'cmake_clean_first' from command line to 'False'
[0.648s] Level 5:colcon.colcon_core.verb:set package 'simple_publisher' build argument 'cmake_force_configure' from command line to 'False'
[0.648s] Level 5:colcon.colcon_core.verb:set package 'simple_publisher' build argument 'ament_cmake_args' from command line to 'None'
[0.648s] Level 5:colcon.colcon_core.verb:set package 'simple_publisher' build argument 'catkin_cmake_args' from command line to 'None'
[0.648s] Level 5:colcon.colcon_core.verb:set package 'simple_publisher' build argument 'catkin_skip_building_tests' from command line to 'False'
[0.648s] DEBUG:colcon.colcon_core.verb:Building package 'simple_publisher' with the following arguments: {'ament_cmake_args': None, 'build_base': '/home/shh/ssafy_ws/build/simple_publisher', 'catkin_cmake_args': None, 'catkin_skip_building_tests': False, 'cmake_args': None, 'cmake_clean_cache': False, 'cmake_clean_first': False, 'cmake_force_configure': False, 'cmake_target': None, 'cmake_target_skip_unavailable': False, 'install_base': '/home/shh/ssafy_ws/install/simple_publisher', 'merge_install': False, 'path': '/home/shh/ssafy_ws/src/simple_publisher', 'symlink_install': True, 'test_result_base': None}
[0.654s] Level 5:colcon.colcon_core.verb:set package 'simple_subscriber' build argument 'cmake_args' from command line to 'None'
[0.654s] Level 5:colcon.colcon_core.verb:set package 'simple_subscriber' build argument 'cmake_target' from command line to 'None'
[0.654s] Level 5:colcon.colcon_core.verb:set package 'simple_subscriber' build argument 'cmake_target_skip_unavailable' from command line to 'False'
[0.654s] Level 5:colcon.colcon_core.verb:set package 'simple_subscriber' build argument 'cmake_clean_cache' from command line to 'False'
[0.654s] Level 5:colcon.colcon_core.verb:set package 'simple_subscriber' build argument 'cmake_clean_first' from command line to 'False'
[0.654s] Level 5:colcon.colcon_core.verb:set package 'simple_subscriber' build argument 'cmake_force_configure' from command line to 'False'
[0.654s] Level 5:colcon.colcon_core.verb:set package 'simple_subscriber' build argument 'ament_cmake_args' from command line to 'None'
[0.654s] Level 5:colcon.colcon_core.verb:set package 'simple_subscriber' build argument 'catkin_cmake_args' from command line to 'None'
[0.654s] Level 5:colcon.colcon_core.verb:set package 'simple_subscriber' build argument 'catkin_skip_building_tests' from command line to 'False'
[0.654s] DEBUG:colcon.colcon_core.verb:Building package 'simple_subscriber' with the following arguments: {'ament_cmake_args': None, 'build_base': '/home/shh/ssafy_ws/build/simple_subscriber', 'catkin_cmake_args': None, 'catkin_skip_building_tests': False, 'cmake_args': None, 'cmake_clean_cache': False, 'cmake_clean_first': False, 'cmake_force_configure': False, 'cmake_target': None, 'cmake_target_skip_unavailable': False, 'install_base': '/home/shh/ssafy_ws/install/simple_subscriber', 'merge_install': False, 'path': '/home/shh/ssafy_ws/src/simple_subscriber', 'symlink_install': True, 'test_result_base': None}
[0.660s] Level 5:colcon.colcon_core.verb:set package 'ssafy_publisher_subscriber' build argument 'cmake_args' from command line to 'None'
[0.661s] Level 5:colcon.colcon_core.verb:set package 'ssafy_publisher_subscriber' build argument 'cmake_target' from command line to 'None'
[0.661s] Level 5:colcon.colcon_core.verb:set package 'ssafy_publisher_subscriber' build argument 'cmake_target_skip_unavailable' from command line to 'False'
[0.661s] Level 5:colcon.colcon_core.verb:set package 'ssafy_publisher_subscriber' build argument 'cmake_clean_cache' from command line to 'False'
[0.661s] Level 5:colcon.colcon_core.verb:set package 'ssafy_publisher_subscriber' build argument 'cmake_clean_first' from command line to 'False'
[0.661s] Level 5:colcon.colcon_core.verb:set package 'ssafy_publisher_subscriber' build argument 'cmake_force_configure' from command line to 'False'
[0.661s] Level 5:colcon.colcon_core.verb:set package 'ssafy_publisher_subscriber' build argument 'ament_cmake_args' from command line to 'None'
[0.661s] Level 5:colcon.colcon_core.verb:set package 'ssafy_publisher_subscriber' build argument 'catkin_cmake_args' from command line to 'None'
[0.661s] Level 5:colcon.colcon_core.verb:set package 'ssafy_publisher_subscriber' build argument 'catkin_skip_building_tests' from command line to 'False'
[0.661s] DEBUG:colcon.colcon_core.verb:Building package 'ssafy_publisher_subscriber' with the following arguments: {'ament_cmake_args': None, 'build_base': '/home/shh/ssafy_ws/build/ssafy_publisher_subscriber', 'catkin_cmake_args': None, 'catkin_skip_building_tests': False, 'cmake_args': None, 'cmake_clean_cache': False, 'cmake_clean_first': False, 'cmake_force_configure': False, 'cmake_target': None, 'cmake_target_skip_unavailable': False, 'install_base': '/home/shh/ssafy_ws/install/ssafy_publisher_subscriber', 'merge_install': False, 'path': '/home/shh/ssafy_ws/src/ssafy_publisher_subscriber', 'symlink_install': True, 'test_result_base': None}
[0.667s] Level 5:colcon.colcon_core.verb:set package 'tf_broadcaster' build argument 'cmake_args' from command line to 'None'
[0.667s] Level 5:colcon.colcon_core.verb:set package 'tf_broadcaster' build argument 'cmake_target' from command line to 'None'
[0.667s] Level 5:colcon.colcon_core.verb:set package 'tf_broadcaster' build argument 'cmake_target_skip_unavailable' from command line to 'False'
[0.667s] Level 5:colcon.colcon_core.verb:set package 'tf_broadcaster' build argument 'cmake_clean_cache' from command line to 'False'
[0.667s] Level 5:colcon.colcon_core.verb:set package 'tf_broadcaster' build argument 'cmake_clean_first' from command line to 'False'
[0.667s] Level 5:colcon.colcon_core.verb:set package 'tf_broadcaster' build argument 'cmake_force_configure' from command line to 'False'
[0.667s] Level 5:colcon.colcon_core.verb:set package 'tf_broadcaster' build argument 'ament_cmake_args' from command line to 'None'
[0.667s] Level 5:colcon.colcon_core.verb:set package 'tf_broadcaster' build argument 'catkin_cmake_args' from command line to 'None'
[0.667s] Level 5:colcon.colcon_core.verb:set package 'tf_broadcaster' build argument 'catkin_skip_building_tests' from command line to 'False'
[0.667s] DEBUG:colcon.colcon_core.verb:Building package 'tf_broadcaster' with the following arguments: {'ament_cmake_args': None, 'build_base': '/home/shh/ssafy_ws/build/tf_broadcaster', 'catkin_cmake_args': None, 'catkin_skip_building_tests': False, 'cmake_args': None, 'cmake_clean_cache': False, 'cmake_clean_first': False, 'cmake_force_configure': False, 'cmake_target': None, 'cmake_target_skip_unavailable': False, 'install_base': '/home/shh/ssafy_ws/install/tf_broadcaster', 'merge_install': False, 'path': '/home/shh/ssafy_ws/src/tf_broadcaster', 'symlink_install': True, 'test_result_base': None}
[0.673s] Level 5:colcon.colcon_core.verb:set package 'turtle_controller' build argument 'cmake_args' from command line to 'None'
[0.673s] Level 5:colcon.colcon_core.verb:set package 'turtle_controller' build argument 'cmake_target' from command line to 'None'
[0.673s] Level 5:colcon.colcon_core.verb:set package 'turtle_controller' build argument 'cmake_target_skip_unavailable' from command line to 'False'
[0.673s] Level 5:colcon.colcon_core.verb:set package 'turtle_controller' build argument 'cmake_clean_cache' from command line to 'False'
[0.673s] Level 5:colcon.colcon_core.verb:set package 'turtle_controller' build argument 'cmake_clean_first' from command line to 'False'
[0.673s] Level 5:colcon.colcon_core.verb:set package 'turtle_controller' build argument 'cmake_force_configure' from command line to 'False'
[0.673s] Level 5:colcon.colcon_core.verb:set package 'turtle_controller' build argument 'ament_cmake_args' from command line to 'None'
[0.673s] Level 5:colcon.colcon_core.verb:set package 'turtle_controller' build argument 'catkin_cmake_args' from command line to 'None'
[0.673s] Level 5:colcon.colcon_core.verb:set package 'turtle_controller' build argument 'catkin_skip_building_tests' from command line to 'False'
[0.673s] DEBUG:colcon.colcon_core.verb:Building package 'turtle_controller' with the following arguments: {'ament_cmake_args': None, 'build_base': '/home/shh/ssafy_ws/build/turtle_controller', 'catkin_cmake_args': None, 'catkin_skip_building_tests': False, 'cmake_args': None, 'cmake_clean_cache': False, 'cmake_clean_first': False, 'cmake_force_configure': False, 'cmake_target': None, 'cmake_target_skip_unavailable': False, 'install_base': '/home/shh/ssafy_ws/install/turtle_controller', 'merge_install': False, 'path': '/home/shh/ssafy_ws/src/turtle_controller', 'symlink_install': True, 'test_result_base': None}
[0.679s] Level 5:colcon.colcon_core.verb:set package 'turtle_spawner' build argument 'cmake_args' from command line to 'None'
[0.679s] Level 5:colcon.colcon_core.verb:set package 'turtle_spawner' build argument 'cmake_target' from command line to 'None'
[0.679s] Level 5:colcon.colcon_core.verb:set package 'turtle_spawner' build argument 'cmake_target_skip_unavailable' from command line to 'False'
[0.679s] Level 5:colcon.colcon_core.verb:set package 'turtle_spawner' build argument 'cmake_clean_cache' from command line to 'False'
[0.679s] Level 5:colcon.colcon_core.verb:set package 'turtle_spawner' build argument 'cmake_clean_first' from command line to 'False'
[0.680s] Level 5:colcon.colcon_core.verb:set package 'turtle_spawner' build argument 'cmake_force_configure' from command line to 'False'
[0.680s] Level 5:colcon.colcon_core.verb:set package 'turtle_spawner' build argument 'ament_cmake_args' from command line to 'None'
[0.680s] Level 5:colcon.colcon_core.verb:set package 'turtle_spawner' build argument 'catkin_cmake_args' from command line to 'None'
[0.680s] Level 5:colcon.colcon_core.verb:set package 'turtle_spawner' build argument 'catkin_skip_building_tests' from command line to 'False'
[0.680s] DEBUG:colcon.colcon_core.verb:Building package 'turtle_spawner' with the following arguments: {'ament_cmake_args': None, 'build_base': '/home/shh/ssafy_ws/build/turtle_spawner', 'catkin_cmake_args': None, 'catkin_skip_building_tests': False, 'cmake_args': None, 'cmake_clean_cache': False, 'cmake_clean_first': False, 'cmake_force_configure': False, 'cmake_target': None, 'cmake_target_skip_unavailable': False, 'install_base': '/home/shh/ssafy_ws/install/turtle_spawner', 'merge_install': False, 'path': '/home/shh/ssafy_ws/src/turtle_spawner', 'symlink_install': True, 'test_result_base': None}
[0.686s] Level 5:colcon.colcon_core.verb:set package 'yolo_pkg' build argument 'cmake_args' from command line to 'None'
[0.686s] Level 5:colcon.colcon_core.verb:set package 'yolo_pkg' build argument 'cmake_target' from command line to 'None'
[0.686s] Level 5:colcon.colcon_core.verb:set package 'yolo_pkg' build argument 'cmake_target_skip_unavailable' from command line to 'False'
[0.686s] Level 5:colcon.colcon_core.verb:set package 'yolo_pkg' build argument 'cmake_clean_cache' from command line to 'False'
[0.686s] Level 5:colcon.colcon_core.verb:set package 'yolo_pkg' build argument 'cmake_clean_first' from command line to 'False'
[0.686s] Level 5:colcon.colcon_core.verb:set package 'yolo_pkg' build argument 'cmake_force_configure' from command line to 'False'
[0.686s] Level 5:colcon.colcon_core.verb:set package 'yolo_pkg' build argument 'ament_cmake_args' from command line to 'None'
[0.686s] Level 5:colcon.colcon_core.verb:set package 'yolo_pkg' build argument 'catkin_cmake_args' from command line to 'None'
[0.686s] Level 5:colcon.colcon_core.verb:set package 'yolo_pkg' build argument 'catkin_skip_building_tests' from command line to 'False'
[0.686s] DEBUG:colcon.colcon_core.verb:Building package 'yolo_pkg' with the following arguments: {'ament_cmake_args': None, 'build_base': '/home/shh/ssafy_ws/build/yolo_pkg', 'catkin_cmake_args': None, 'catkin_skip_building_tests': False, 'cmake_args': None, 'cmake_clean_cache': False, 'cmake_clean_first': False, 'cmake_force_configure': False, 'cmake_target': None, 'cmake_target_skip_unavailable': False, 'install_base': '/home/shh/ssafy_ws/install/yolo_pkg', 'merge_install': False, 'path': '/home/shh/ssafy_ws/src/yolo_pkg', 'symlink_install': True, 'test_result_base': None}
[0.687s] INFO:colcon.colcon_core.executor:Executing jobs using 'parallel' executor
[0.697s] DEBUG:colcon.colcon_parallel_executor.executor.parallel:run_until_complete
[0.698s] INFO:colcon.colcon_ros.task.ament_python.build:Building ROS package in '/home/shh/ssafy_ws/src/250114' with build type 'ament_python'
[0.698s] Level 1:colcon.colcon_core.shell:create_environment_hook('250114', 'ament_prefix_path')
[0.705s] INFO:colcon.colcon_core.plugin_system:Skipping extension 'colcon_core.shell.bat': Not used on non-Windows systems
[0.705s] INFO:colcon.colcon_core.shell:Creating environment hook '/home/shh/ssafy_ws/install/250114/share/250114/hook/ament_prefix_path.ps1'
[0.706s] INFO:colcon.colcon_core.shell:Creating environment descriptor '/home/shh/ssafy_ws/install/250114/share/250114/hook/ament_prefix_path.dsv'
[0.706s] INFO:colcon.colcon_core.shell:Creating environment hook '/home/shh/ssafy_ws/install/250114/share/250114/hook/ament_prefix_path.sh'
[0.711s] INFO:colcon.colcon_core.shell:Skip shell extension 'powershell' for command environment: Not usable outside of PowerShell
[0.711s] DEBUG:colcon.colcon_core.shell:Skip shell extension 'dsv' for command environment
[0.725s] INFO:colcon.colcon_ros.task.ament_python.build:Building ROS package in '/home/shh/ssafy_ws/src/my_python_pkg' with build type 'ament_python'
[0.726s] Level 1:colcon.colcon_core.shell:create_environment_hook('my_python_pkg', 'ament_prefix_path')
[0.738s] INFO:colcon.colcon_core.shell:Creating environment hook '/home/shh/ssafy_ws/install/my_python_pkg/share/my_python_pkg/hook/ament_prefix_path.ps1'
[0.738s] INFO:colcon.colcon_core.shell:Creating environment descriptor '/home/shh/ssafy_ws/install/my_python_pkg/share/my_python_pkg/hook/ament_prefix_path.dsv'
[0.738s] INFO:colcon.colcon_core.shell:Creating environment hook '/home/shh/ssafy_ws/install/my_python_pkg/share/my_python_pkg/hook/ament_prefix_path.sh'
[0.743s] INFO:colcon.colcon_core.shell:Skip shell extension 'powershell' for command environment: Not usable outside of PowerShell
[0.743s] DEBUG:colcon.colcon_core.shell:Skip shell extension 'dsv' for command environment
[0.759s] INFO:colcon.colcon_ros.task.ament_python.build:Building ROS package in '/home/shh/ssafy_ws/src/simple_car_tf' with build type 'ament_python'
[0.760s] Level 1:colcon.colcon_core.shell:create_environment_hook('simple_car_tf', 'ament_prefix_path')
[0.764s] INFO:colcon.colcon_core.shell:Creating environment hook '/home/shh/ssafy_ws/install/simple_car_tf/share/simple_car_tf/hook/ament_prefix_path.ps1'
[0.766s] INFO:colcon.colcon_core.shell:Creating environment descriptor '/home/shh/ssafy_ws/install/simple_car_tf/share/simple_car_tf/hook/ament_prefix_path.dsv'
[0.766s] INFO:colcon.colcon_core.shell:Creating environment hook '/home/shh/ssafy_ws/install/simple_car_tf/share/simple_car_tf/hook/ament_prefix_path.sh'
[0.777s] INFO:colcon.colcon_core.shell:Skip shell extension 'powershell' for command environment: Not usable outside of PowerShell
[0.777s] DEBUG:colcon.colcon_core.shell:Skip shell extension 'dsv' for command environment
[0.792s] INFO:colcon.colcon_ros.task.ament_python.build:Building ROS package in '/home/shh/ssafy_ws/src/simple_publisher' with build type 'ament_python'
[0.793s] Level 1:colcon.colcon_core.shell:create_environment_hook('simple_publisher', 'ament_prefix_path')
[0.797s] INFO:colcon.colcon_core.shell:Creating environment hook '/home/shh/ssafy_ws/install/simple_publisher/share/simple_publisher/hook/ament_prefix_path.ps1'
[0.798s] INFO:colcon.colcon_core.shell:Creating environment descriptor '/home/shh/ssafy_ws/install/simple_publisher/share/simple_publisher/hook/ament_prefix_path.dsv'
[0.799s] INFO:colcon.colcon_core.shell:Creating environment hook '/home/shh/ssafy_ws/install/simple_publisher/share/simple_publisher/hook/ament_prefix_path.sh'
[0.803s] INFO:colcon.colcon_core.shell:Skip shell extension 'powershell' for command environment: Not usable outside of PowerShell
[0.803s] DEBUG:colcon.colcon_core.shell:Skip shell extension 'dsv' for command environment
[0.820s] INFO:colcon.colcon_ros.task.ament_python.build:Building ROS package in '/home/shh/ssafy_ws/src/simple_subscriber' with build type 'ament_python'
[0.820s] Level 1:colcon.colcon_core.shell:create_environment_hook('simple_subscriber', 'ament_prefix_path')
[0.829s] INFO:colcon.colcon_core.shell:Creating environment hook '/home/shh/ssafy_ws/install/simple_subscriber/share/simple_subscriber/hook/ament_prefix_path.ps1'
[0.830s] INFO:colcon.colcon_core.shell:Creating environment descriptor '/home/shh/ssafy_ws/install/simple_subscriber/share/simple_subscriber/hook/ament_prefix_path.dsv'
[0.830s] INFO:colcon.colcon_core.shell:Creating environment hook '/home/shh/ssafy_ws/install/simple_subscriber/share/simple_subscriber/hook/ament_prefix_path.sh'
[0.834s] INFO:colcon.colcon_core.shell:Skip shell extension 'powershell' for command environment: Not usable outside of PowerShell
[0.835s] DEBUG:colcon.colcon_core.shell:Skip shell extension 'dsv' for command environment
[0.850s] INFO:colcon.colcon_ros.task.ament_cmake.build:Building ROS package in '/home/shh/ssafy_ws/src/ssafy_publisher_subscriber' with build type 'ament_cmake'
[0.850s] INFO:colcon.colcon_cmake.task.cmake.build:Building CMake package in '/home/shh/ssafy_ws/src/ssafy_publisher_subscriber'
[0.855s] INFO:colcon.colcon_core.shell:Skip shell extension 'powershell' for command environment: Not usable outside of PowerShell
[0.855s] DEBUG:colcon.colcon_core.shell:Skip shell extension 'dsv' for command environment
[0.870s] INFO:colcon.colcon_ros.task.ament_python.build:Building ROS package in '/home/shh/ssafy_ws/src/tf_broadcaster' with build type 'ament_python'
[0.870s] Level 1:colcon.colcon_core.shell:create_environment_hook('tf_broadcaster', 'ament_prefix_path')
[0.875s] INFO:colcon.colcon_core.shell:Creating environment hook '/home/shh/ssafy_ws/install/tf_broadcaster/share/tf_broadcaster/hook/ament_prefix_path.ps1'
[0.875s] INFO:colcon.colcon_core.shell:Creating environment descriptor '/home/shh/ssafy_ws/install/tf_broadcaster/share/tf_broadcaster/hook/ament_prefix_path.dsv'
[0.876s] INFO:colcon.colcon_core.shell:Creating environment hook '/home/shh/ssafy_ws/install/tf_broadcaster/share/tf_broadcaster/hook/ament_prefix_path.sh'
[0.880s] INFO:colcon.colcon_core.shell:Skip shell extension 'powershell' for command environment: Not usable outside of PowerShell
[0.880s] DEBUG:colcon.colcon_core.shell:Skip shell extension 'dsv' for command environment
[0.894s] INFO:colcon.colcon_ros.task.ament_python.build:Building ROS package in '/home/shh/ssafy_ws/src/turtle_controller' with build type 'ament_python'
[0.895s] Level 1:colcon.colcon_core.shell:create_environment_hook('turtle_controller', 'ament_prefix_path')
[0.900s] INFO:colcon.colcon_core.shell:Creating environment hook '/home/shh/ssafy_ws/install/turtle_controller/share/turtle_controller/hook/ament_prefix_path.ps1'
[0.901s] INFO:colcon.colcon_core.shell:Creating environment descriptor '/home/shh/ssafy_ws/install/turtle_controller/share/turtle_controller/hook/ament_prefix_path.dsv'
[0.901s] INFO:colcon.colcon_core.shell:Creating environment hook '/home/shh/ssafy_ws/install/turtle_controller/share/turtle_controller/hook/ament_prefix_path.sh'
[0.906s] INFO:colcon.colcon_core.shell:Skip shell extension 'powershell' for command environment: Not usable outside of PowerShell
[0.906s] DEBUG:colcon.colcon_core.shell:Skip shell extension 'dsv' for command environment
[0.920s] INFO:colcon.colcon_ros.task.ament_python.build:Building ROS package in '/home/shh/ssafy_ws/src/turtle_spawner' with build type 'ament_python'
[0.921s] Level 1:colcon.colcon_core.shell:create_environment_hook('turtle_spawner', 'ament_prefix_path')
[0.926s] INFO:colcon.colcon_core.shell:Creating environment hook '/home/shh/ssafy_ws/install/turtle_spawner/share/turtle_spawner/hook/ament_prefix_path.ps1'
[0.926s] INFO:colcon.colcon_core.shell:Creating environment descriptor '/home/shh/ssafy_ws/install/turtle_spawner/share/turtle_spawner/hook/ament_prefix_path.dsv'
[0.927s] INFO:colcon.colcon_core.shell:Creating environment hook '/home/shh/ssafy_ws/install/turtle_spawner/share/turtle_spawner/hook/ament_prefix_path.sh'
[0.931s] INFO:colcon.colcon_core.shell:Skip shell extension 'powershell' for command environment: Not usable outside of PowerShell
[0.931s] DEBUG:colcon.colcon_core.shell:Skip shell extension 'dsv' for command environment
[0.945s] INFO:colcon.colcon_ros.task.ament_python.build:Building ROS package in '/home/shh/ssafy_ws/src/yolo_pkg' with build type 'ament_python'
[0.946s] Level 1:colcon.colcon_core.shell:create_environment_hook('yolo_pkg', 'ament_prefix_path')
[0.957s] INFO:colcon.colcon_core.shell:Creating environment hook '/home/shh/ssafy_ws/install/yolo_pkg/share/yolo_pkg/hook/ament_prefix_path.ps1'
[0.958s] INFO:colcon.colcon_core.shell:Creating environment descriptor '/home/shh/ssafy_ws/install/yolo_pkg/share/yolo_pkg/hook/ament_prefix_path.dsv'
[0.958s] INFO:colcon.colcon_core.shell:Creating environment hook '/home/shh/ssafy_ws/install/yolo_pkg/share/yolo_pkg/hook/ament_prefix_path.sh'
[0.962s] INFO:colcon.colcon_core.shell:Skip shell extension 'powershell' for command environment: Not usable outside of PowerShell
[0.962s] DEBUG:colcon.colcon_core.shell:Skip shell extension 'dsv' for command environment
[1.233s] INFO:colcon.colcon_core.task.python.build:Building Python package in '/home/shh/ssafy_ws/src/250114'
[1.245s] INFO:colcon.colcon_core.shell:Skip shell extension 'powershell' for command environment: Not usable outside of PowerShell
[1.245s] DEBUG:colcon.colcon_core.shell:Skip shell extension 'dsv' for command environment
[1.500s] INFO:colcon.colcon_core.task.python.build:Building Python package in '/home/shh/ssafy_ws/src/my_python_pkg'
[1.510s] INFO:colcon.colcon_core.shell:Skip shell extension 'powershell' for command environment: Not usable outside of PowerShell
[1.510s] DEBUG:colcon.colcon_core.shell:Skip shell extension 'dsv' for command environment
[1.770s] INFO:colcon.colcon_core.task.python.build:Building Python package in '/home/shh/ssafy_ws/src/simple_car_tf'
[1.781s] INFO:colcon.colcon_core.shell:Skip shell extension 'powershell' for command environment: Not usable outside of PowerShell
[1.781s] DEBUG:colcon.colcon_core.shell:Skip shell extension 'dsv' for command environment
[2.055s] INFO:colcon.colcon_core.task.python.build:Building Python package in '/home/shh/ssafy_ws/src/simple_publisher'
[2.065s] INFO:colcon.colcon_core.shell:Skip shell extension 'powershell' for command environment: Not usable outside of PowerShell
[2.065s] DEBUG:colcon.colcon_core.shell:Skip shell extension 'dsv' for command environment
[2.335s] INFO:colcon.colcon_core.task.python.build:Building Python package in '/home/shh/ssafy_ws/src/simple_subscriber'
[2.346s] INFO:colcon.colcon_core.shell:Skip shell extension 'powershell' for command environment: Not usable outside of PowerShell
[2.346s] DEBUG:colcon.colcon_core.shell:Skip shell extension 'dsv' for command environment
[2.367s] DEBUG:colcon.colcon_core.event_handler.log_command:Invoking command in '/home/shh/ssafy_ws/build/ssafy_publisher_subscriber': CMAKE_PREFIX_PATH=${CMAKE_PREFIX_PATH}:/home/shh/ssafy_ws/install/yolo_pkg:/home/shh/ssafy_ws/install/turtle_spawner:/home/shh/ssafy_ws/install/turtle_controller:/home/shh/ssafy_ws/install/tf_broadcaster:/home/shh/ssafy_ws/install/simple_subscriber:/home/shh/ssafy_ws/install/simple_publisher:/home/shh/ssafy_ws/install/simple_car_tf:/home/shh/ssafy_ws/install/my_python_pkg:/home/shh/ssafy_ws/install/250114:/opt/ros/foxy /usr/bin/cmake --build /home/shh/ssafy_ws/build/ssafy_publisher_subscriber -- -j16 -l16
[2.632s] INFO:colcon.colcon_core.task.python.build:Building Python package in '/home/shh/ssafy_ws/src/tf_broadcaster'
[2.641s] INFO:colcon.colcon_core.shell:Skip shell extension 'powershell' for command environment: Not usable outside of PowerShell
[2.642s] DEBUG:colcon.colcon_core.shell:Skip shell extension 'dsv' for command environment
[2.921s] INFO:colcon.colcon_core.task.python.build:Building Python package in '/home/shh/ssafy_ws/src/turtle_controller'
[2.930s] INFO:colcon.colcon_core.shell:Skip shell extension 'powershell' for command environment: Not usable outside of PowerShell
[2.930s] DEBUG:colcon.colcon_core.shell:Skip shell extension 'dsv' for command environment
[3.195s] INFO:colcon.colcon_core.task.python.build:Building Python package in '/home/shh/ssafy_ws/src/turtle_spawner'
[3.206s] INFO:colcon.colcon_core.shell:Skip shell extension 'powershell' for command environment: Not usable outside of PowerShell
[3.206s] DEBUG:colcon.colcon_core.shell:Skip shell extension 'dsv' for command environment
[3.228s] DEBUG:colcon.colcon_core.event_handler.log_command:Invoked command in '/home/shh/ssafy_ws/build/ssafy_publisher_subscriber' returned '0': CMAKE_PREFIX_PATH=${CMAKE_PREFIX_PATH}:/home/shh/ssafy_ws/install/yolo_pkg:/home/shh/ssafy_ws/install/turtle_spawner:/home/shh/ssafy_ws/install/turtle_controller:/home/shh/ssafy_ws/install/tf_broadcaster:/home/shh/ssafy_ws/install/simple_subscriber:/home/shh/ssafy_ws/install/simple_publisher:/home/shh/ssafy_ws/install/simple_car_tf:/home/shh/ssafy_ws/install/my_python_pkg:/home/shh/ssafy_ws/install/250114:/opt/ros/foxy /usr/bin/cmake --build /home/shh/ssafy_ws/build/ssafy_publisher_subscriber -- -j16 -l16
[3.504s] INFO:colcon.colcon_core.task.python.build:Building Python package in '/home/shh/ssafy_ws/src/yolo_pkg'
[3.511s] INFO:colcon.colcon_core.shell:Skip shell extension 'powershell' for command environment: Not usable outside of PowerShell
[3.511s] DEBUG:colcon.colcon_core.shell:Skip shell extension 'dsv' for command environment
[3.609s] DEBUG:colcon.colcon_core.event_handler.log_command:Invoking command in '/home/shh/ssafy_ws/build/ssafy_publisher_subscriber': CMAKE_PREFIX_PATH=${CMAKE_PREFIX_PATH}:/home/shh/ssafy_ws/install/yolo_pkg:/home/shh/ssafy_ws/install/turtle_spawner:/home/shh/ssafy_ws/install/turtle_controller:/home/shh/ssafy_ws/install/tf_broadcaster:/home/shh/ssafy_ws/install/simple_subscriber:/home/shh/ssafy_ws/install/simple_publisher:/home/shh/ssafy_ws/install/simple_car_tf:/home/shh/ssafy_ws/install/my_python_pkg:/home/shh/ssafy_ws/install/250114:/opt/ros/foxy /usr/bin/cmake --install /home/shh/ssafy_ws/build/ssafy_publisher_subscriber
[3.646s] Level 1:colcon.colcon_core.environment:create_environment_scripts_only(ssafy_publisher_subscriber)
[3.650s] DEBUG:colcon.colcon_core.event_handler.log_command:Invoked command in '/home/shh/ssafy_ws/build/ssafy_publisher_subscriber' returned '0': CMAKE_PREFIX_PATH=${CMAKE_PREFIX_PATH}:/home/shh/ssafy_ws/install/yolo_pkg:/home/shh/ssafy_ws/install/turtle_spawner:/home/shh/ssafy_ws/install/turtle_controller:/home/shh/ssafy_ws/install/tf_broadcaster:/home/shh/ssafy_ws/install/simple_subscriber:/home/shh/ssafy_ws/install/simple_publisher:/home/shh/ssafy_ws/install/simple_car_tf:/home/shh/ssafy_ws/install/my_python_pkg:/home/shh/ssafy_ws/install/250114:/opt/ros/foxy /usr/bin/cmake --install /home/shh/ssafy_ws/build/ssafy_publisher_subscriber
[3.661s] Level 1:colcon.colcon_core.environment:checking '/home/shh/ssafy_ws/install/ssafy_publisher_subscriber' for CMake module files
[3.662s] Level 1:colcon.colcon_core.environment:checking '/home/shh/ssafy_ws/install/ssafy_publisher_subscriber' for CMake config files
[3.662s] Level 1:colcon.colcon_core.shell:create_environment_hook('ssafy_publisher_subscriber', 'cmake_prefix_path')
[3.670s] INFO:colcon.colcon_core.shell:Creating environment hook '/home/shh/ssafy_ws/install/ssafy_publisher_subscriber/share/ssafy_publisher_subscriber/hook/cmake_prefix_path.ps1'
[3.671s] INFO:colcon.colcon_core.shell:Creating environment descriptor '/home/shh/ssafy_ws/install/ssafy_publisher_subscriber/share/ssafy_publisher_subscriber/hook/cmake_prefix_path.dsv'
[3.672s] INFO:colcon.colcon_core.shell:Creating environment hook '/home/shh/ssafy_ws/install/ssafy_publisher_subscriber/share/ssafy_publisher_subscriber/hook/cmake_prefix_path.sh'
[3.673s] Level 1:colcon.colcon_core.environment:checking '/home/shh/ssafy_ws/install/ssafy_publisher_subscriber/lib'
[3.673s] Level 1:colcon.colcon_core.environment:checking '/home/shh/ssafy_ws/install/ssafy_publisher_subscriber/bin'
[3.673s] Level 1:colcon.colcon_core.environment:checking '/home/shh/ssafy_ws/install/ssafy_publisher_subscriber/lib/pkgconfig/ssafy_publisher_subscriber.pc'
[3.674s] Level 1:colcon.colcon_core.environment:checking '/home/shh/ssafy_ws/install/ssafy_publisher_subscriber/lib/python3.8/site-packages'
[3.674s] Level 1:colcon.colcon_core.environment:checking '/home/shh/ssafy_ws/install/ssafy_publisher_subscriber/bin'
[3.682s] INFO:colcon.colcon_core.shell:Creating package script '/home/shh/ssafy_ws/install/ssafy_publisher_subscriber/share/ssafy_publisher_subscriber/package.ps1'
[3.683s] INFO:colcon.colcon_core.shell:Creating package descriptor '/home/shh/ssafy_ws/install/ssafy_publisher_subscriber/share/ssafy_publisher_subscriber/package.dsv'
[3.684s] INFO:colcon.colcon_core.shell:Creating package script '/home/shh/ssafy_ws/install/ssafy_publisher_subscriber/share/ssafy_publisher_subscriber/package.sh'
[3.685s] INFO:colcon.colcon_core.shell:Creating package script '/home/shh/ssafy_ws/install/ssafy_publisher_subscriber/share/ssafy_publisher_subscriber/package.bash'
[3.686s] INFO:colcon.colcon_core.shell:Creating package script '/home/shh/ssafy_ws/install/ssafy_publisher_subscriber/share/ssafy_publisher_subscriber/package.zsh'
[3.687s] Level 1:colcon.colcon_core.environment:create_file_with_runtime_dependencies(/home/shh/ssafy_ws/install/ssafy_publisher_subscriber/share/colcon-core/packages/ssafy_publisher_subscriber)
[3.741s] Level 1:colcon.colcon_core.environment:create_environment_scripts_only(ssafy_publisher_subscriber)
[3.752s] Level 1:colcon.colcon_core.environment:checking '/home/shh/ssafy_ws/install/ssafy_publisher_subscriber' for CMake module files
[3.752s] Level 1:colcon.colcon_core.environment:checking '/home/shh/ssafy_ws/install/ssafy_publisher_subscriber' for CMake config files
[3.753s] Level 1:colcon.colcon_core.shell:create_environment_hook('ssafy_publisher_subscriber', 'cmake_prefix_path')
[3.761s] INFO:colcon.colcon_core.shell:Creating environment hook '/home/shh/ssafy_ws/install/ssafy_publisher_subscriber/share/ssafy_publisher_subscriber/hook/cmake_prefix_path.ps1'
[3.762s] INFO:colcon.colcon_core.shell:Creating environment descriptor '/home/shh/ssafy_ws/install/ssafy_publisher_subscriber/share/ssafy_publisher_subscriber/hook/cmake_prefix_path.dsv'
[3.763s] INFO:colcon.colcon_core.shell:Creating environment hook '/home/shh/ssafy_ws/install/ssafy_publisher_subscriber/share/ssafy_publisher_subscriber/hook/cmake_prefix_path.sh'
[3.763s] Level 1:colcon.colcon_core.environment:checking '/home/shh/ssafy_ws/install/ssafy_publisher_subscriber/lib'
[3.764s] Level 1:colcon.colcon_core.environment:checking '/home/shh/ssafy_ws/install/ssafy_publisher_subscriber/bin'
[3.764s] Level 1:colcon.colcon_core.environment:checking '/home/shh/ssafy_ws/install/ssafy_publisher_subscriber/lib/pkgconfig/ssafy_publisher_subscriber.pc'
[3.764s] Level 1:colcon.colcon_core.environment:checking '/home/shh/ssafy_ws/install/ssafy_publisher_subscriber/lib/python3.8/site-packages'
[3.764s] Level 1:colcon.colcon_core.environment:checking '/home/shh/ssafy_ws/install/ssafy_publisher_subscriber/bin'
[3.773s] INFO:colcon.colcon_core.shell:Creating package script '/home/shh/ssafy_ws/install/ssafy_publisher_subscriber/share/ssafy_publisher_subscriber/package.ps1'
[3.774s] INFO:colcon.colcon_core.shell:Creating package descriptor '/home/shh/ssafy_ws/install/ssafy_publisher_subscriber/share/ssafy_publisher_subscriber/package.dsv'
[3.774s] INFO:colcon.colcon_core.shell:Creating package script '/home/shh/ssafy_ws/install/ssafy_publisher_subscriber/share/ssafy_publisher_subscriber/package.sh'
[3.775s] INFO:colcon.colcon_core.shell:Creating package script '/home/shh/ssafy_ws/install/ssafy_publisher_subscriber/share/ssafy_publisher_subscriber/package.bash'
[3.776s] INFO:colcon.colcon_core.shell:Creating package script '/home/shh/ssafy_ws/install/ssafy_publisher_subscriber/share/ssafy_publisher_subscriber/package.zsh'
[3.777s] Level 1:colcon.colcon_core.environment:create_file_with_runtime_dependencies(/home/shh/ssafy_ws/install/ssafy_publisher_subscriber/share/colcon-core/packages/ssafy_publisher_subscriber)
[4.073s] DEBUG:colcon.colcon_core.event_handler.log_command:Invoking command in '/home/shh/ssafy_ws/build/250114': PYTHONPATH=/home/shh/ssafy_ws/build/250114/prefix_override:/home/shh/ssafy_ws/install/250114/lib/python3.8/site-packages:${PYTHONPATH} /usr/bin/python3 setup.py develop --editable --build-directory /home/shh/ssafy_ws/build/250114/build --no-deps install_data
[4.132s] DEBUG:colcon.colcon_core.event_handler.log_command:Invoking command in '/home/shh/ssafy_ws/build/simple_car_tf': PYTHONPATH=/home/shh/ssafy_ws/build/simple_car_tf/prefix_override:/home/shh/ssafy_ws/install/simple_car_tf/lib/python3.8/site-packages:${PYTHONPATH} /usr/bin/python3 setup.py develop --editable --build-directory /home/shh/ssafy_ws/build/simple_car_tf/build --no-deps install_data
[4.141s] DEBUG:colcon.colcon_core.event_handler.log_command:Invoking command in '/home/shh/ssafy_ws/build/turtle_controller': PYTHONPATH=/home/shh/ssafy_ws/build/turtle_controller/prefix_override:/home/shh/ssafy_ws/install/turtle_controller/lib/python3.8/site-packages:${PYTHONPATH} /usr/bin/python3 setup.py develop --editable --build-directory /home/shh/ssafy_ws/build/turtle_controller/build --no-deps install_data
[4.149s] DEBUG:colcon.colcon_core.event_handler.log_command:Invoking command in '/home/shh/ssafy_ws/build/turtle_spawner': PYTHONPATH=/home/shh/ssafy_ws/build/turtle_spawner/prefix_override:/home/shh/ssafy_ws/install/turtle_spawner/lib/python3.8/site-packages:${PYTHONPATH} /usr/bin/python3 setup.py develop --editable --build-directory /home/shh/ssafy_ws/build/turtle_spawner/build --no-deps install_data
[4.197s] DEBUG:colcon.colcon_core.event_handler.log_command:Invoking command in '/home/shh/ssafy_ws/build/my_python_pkg': PYTHONPATH=/home/shh/ssafy_ws/build/my_python_pkg/prefix_override:/home/shh/ssafy_ws/install/my_python_pkg/lib/python3.8/site-packages:${PYTHONPATH} /usr/bin/python3 setup.py develop --editable --build-directory /home/shh/ssafy_ws/build/my_python_pkg/build --no-deps install_data
[4.204s] DEBUG:colcon.colcon_core.event_handler.log_command:Invoking command in '/home/shh/ssafy_ws/build/simple_publisher': PYTHONPATH=/home/shh/ssafy_ws/build/simple_publisher/prefix_override:/home/shh/ssafy_ws/install/simple_publisher/lib/python3.8/site-packages:${PYTHONPATH} /usr/bin/python3 setup.py develop --editable --build-directory /home/shh/ssafy_ws/build/simple_publisher/build --no-deps install_data
[4.216s] DEBUG:colcon.colcon_core.event_handler.log_command:Invoking command in '/home/shh/ssafy_ws/build/simple_subscriber': PYTHONPATH=/home/shh/ssafy_ws/build/simple_subscriber/prefix_override:/home/shh/ssafy_ws/install/simple_subscriber/lib/python3.8/site-packages:${PYTHONPATH} /usr/bin/python3 setup.py develop --editable --build-directory /home/shh/ssafy_ws/build/simple_subscriber/build --no-deps install_data
[4.256s] DEBUG:colcon.colcon_core.event_handler.log_command:Invoking command in '/home/shh/ssafy_ws/build/yolo_pkg': PYTHONPATH=/home/shh/ssafy_ws/build/yolo_pkg/prefix_override:/home/shh/ssafy_ws/install/yolo_pkg/lib/python3.8/site-packages:${PYTHONPATH} /usr/bin/python3 setup.py develop --editable --build-directory /home/shh/ssafy_ws/build/yolo_pkg/build --no-deps install_data
[4.287s] DEBUG:colcon.colcon_core.event_handler.log_command:Invoking command in '/home/shh/ssafy_ws/build/tf_broadcaster': PYTHONPATH=/home/shh/ssafy_ws/build/tf_broadcaster/prefix_override:/home/shh/ssafy_ws/install/tf_broadcaster/lib/python3.8/site-packages:${PYTHONPATH} /usr/bin/python3 setup.py develop --editable --build-directory /home/shh/ssafy_ws/build/tf_broadcaster/build --no-deps install_data
[4.658s] Level 1:colcon.colcon_core.shell:create_environment_hook('250114', 'pythonpath_develop')
[4.667s] INFO:colcon.colcon_core.shell:Creating environment hook '/home/shh/ssafy_ws/build/250114/share/250114/hook/pythonpath_develop.ps1'
[4.668s] DEBUG:colcon.colcon_core.event_handler.log_command:Invoked command in '/home/shh/ssafy_ws/build/250114' returned '0': PYTHONPATH=/home/shh/ssafy_ws/build/250114/prefix_override:/home/shh/ssafy_ws/install/250114/lib/python3.8/site-packages:${PYTHONPATH} /usr/bin/python3 setup.py develop --editable --build-directory /home/shh/ssafy_ws/build/250114/build --no-deps install_data
[4.669s] INFO:colcon.colcon_core.shell:Creating environment descriptor '/home/shh/ssafy_ws/build/250114/share/250114/hook/pythonpath_develop.dsv'
[4.670s] INFO:colcon.colcon_core.shell:Creating environment hook '/home/shh/ssafy_ws/build/250114/share/250114/hook/pythonpath_develop.sh'
[4.682s] Level 1:colcon.colcon_core.environment:checking '/home/shh/ssafy_ws/install/250114' for CMake module files
[4.683s] Level 1:colcon.colcon_core.environment:checking '/home/shh/ssafy_ws/install/250114' for CMake config files
[4.685s] Level 1:colcon.colcon_core.environment:checking '/home/shh/ssafy_ws/install/250114/lib'
[4.685s] Level 1:colcon.colcon_core.environment:checking '/home/shh/ssafy_ws/install/250114/bin'
[4.685s] Level 1:colcon.colcon_core.environment:checking '/home/shh/ssafy_ws/install/250114/lib/pkgconfig/250114.pc'
[4.685s] Level 1:colcon.colcon_core.environment:checking '/home/shh/ssafy_ws/install/250114/lib/python3.8/site-packages'
[4.686s] Level 1:colcon.colcon_core.shell:create_environment_hook('250114', 'pythonpath')
[4.694s] INFO:colcon.colcon_core.shell:Creating environment hook '/home/shh/ssafy_ws/install/250114/share/250114/hook/pythonpath.ps1'
[4.697s] INFO:colcon.colcon_core.shell:Creating environment descriptor '/home/shh/ssafy_ws/install/250114/share/250114/hook/pythonpath.dsv'
[4.698s] INFO:colcon.colcon_core.shell:Creating environment hook '/home/shh/ssafy_ws/install/250114/share/250114/hook/pythonpath.sh'
[4.699s] Level 1:colcon.colcon_core.environment:checking '/home/shh/ssafy_ws/install/250114/bin'
[4.699s] Level 1:colcon.colcon_core.environment:create_environment_scripts_only(250114)
[4.706s] INFO:colcon.colcon_core.shell:Creating package script '/home/shh/ssafy_ws/install/250114/share/250114/package.ps1'
[4.708s] INFO:colcon.colcon_core.shell:Creating package descriptor '/home/shh/ssafy_ws/install/250114/share/250114/package.dsv'
[4.710s] INFO:colcon.colcon_core.shell:Creating package script '/home/shh/ssafy_ws/install/250114/share/250114/package.sh'
[4.712s] INFO:colcon.colcon_core.shell:Creating package script '/home/shh/ssafy_ws/install/250114/share/250114/package.bash'
[4.713s] INFO:colcon.colcon_core.shell:Creating package script '/home/shh/ssafy_ws/install/250114/share/250114/package.zsh'
[4.714s] Level 1:colcon.colcon_core.environment:create_file_with_runtime_dependencies(/home/shh/ssafy_ws/install/250114/share/colcon-core/packages/250114)
[4.732s] Level 1:colcon.colcon_core.shell:create_environment_hook('turtle_spawner', 'pythonpath_develop')
[4.738s] INFO:colcon.colcon_core.shell:Creating environment hook '/home/shh/ssafy_ws/build/turtle_spawner/share/turtle_spawner/hook/pythonpath_develop.ps1'
[4.738s] DEBUG:colcon.colcon_core.event_handler.log_command:Invoked command in '/home/shh/ssafy_ws/build/turtle_spawner' returned '0': PYTHONPATH=/home/shh/ssafy_ws/build/turtle_spawner/prefix_override:/home/shh/ssafy_ws/install/turtle_spawner/lib/python3.8/site-packages:${PYTHONPATH} /usr/bin/python3 setup.py develop --editable --build-directory /home/shh/ssafy_ws/build/turtle_spawner/build --no-deps install_data
[4.739s] INFO:colcon.colcon_core.shell:Creating environment descriptor '/home/shh/ssafy_ws/build/turtle_spawner/share/turtle_spawner/hook/pythonpath_develop.dsv'
[4.740s] INFO:colcon.colcon_core.shell:Creating environment hook '/home/shh/ssafy_ws/build/turtle_spawner/share/turtle_spawner/hook/pythonpath_develop.sh'
[4.748s] Level 1:colcon.colcon_core.environment:checking '/home/shh/ssafy_ws/install/turtle_spawner' for CMake module files
[4.750s] Level 1:colcon.colcon_core.environment:checking '/home/shh/ssafy_ws/install/turtle_spawner' for CMake config files
[4.750s] Level 1:colcon.colcon_core.environment:checking '/home/shh/ssafy_ws/install/turtle_spawner/lib'
[4.751s] Level 1:colcon.colcon_core.environment:checking '/home/shh/ssafy_ws/install/turtle_spawner/bin'
[4.751s] Level 1:colcon.colcon_core.environment:checking '/home/shh/ssafy_ws/install/turtle_spawner/lib/pkgconfig/turtle_spawner.pc'
[4.751s] Level 1:colcon.colcon_core.environment:checking '/home/shh/ssafy_ws/install/turtle_spawner/lib/python3.8/site-packages'
[4.751s] Level 1:colcon.colcon_core.shell:create_environment_hook('turtle_spawner', 'pythonpath')
[4.759s] INFO:colcon.colcon_core.shell:Creating environment hook '/home/shh/ssafy_ws/install/turtle_spawner/share/turtle_spawner/hook/pythonpath.ps1'
[4.760s] INFO:colcon.colcon_core.shell:Creating environment descriptor '/home/shh/ssafy_ws/install/turtle_spawner/share/turtle_spawner/hook/pythonpath.dsv'
[4.761s] INFO:colcon.colcon_core.shell:Creating environment hook '/home/shh/ssafy_ws/install/turtle_spawner/share/turtle_spawner/hook/pythonpath.sh'
[4.762s] Level 1:colcon.colcon_core.environment:checking '/home/shh/ssafy_ws/install/turtle_spawner/bin'
[4.762s] Level 1:colcon.colcon_core.environment:create_environment_scripts_only(turtle_spawner)
[4.771s] INFO:colcon.colcon_core.shell:Creating package script '/home/shh/ssafy_ws/install/turtle_spawner/share/turtle_spawner/package.ps1'
[4.773s] INFO:colcon.colcon_core.shell:Creating package descriptor '/home/shh/ssafy_ws/install/turtle_spawner/share/turtle_spawner/package.dsv'
[4.775s] INFO:colcon.colcon_core.shell:Creating package script '/home/shh/ssafy_ws/install/turtle_spawner/share/turtle_spawner/package.sh'
[4.776s] INFO:colcon.colcon_core.shell:Creating package script '/home/shh/ssafy_ws/install/turtle_spawner/share/turtle_spawner/package.bash'
[4.777s] INFO:colcon.colcon_core.shell:Creating package script '/home/shh/ssafy_ws/install/turtle_spawner/share/turtle_spawner/package.zsh'
[4.778s] Level 1:colcon.colcon_core.environment:create_file_with_runtime_dependencies(/home/shh/ssafy_ws/install/turtle_spawner/share/colcon-core/packages/turtle_spawner)
[4.787s] Level 1:colcon.colcon_core.shell:create_environment_hook('my_python_pkg', 'pythonpath_develop')
[4.796s] INFO:colcon.colcon_core.shell:Creating environment hook '/home/shh/ssafy_ws/build/my_python_pkg/share/my_python_pkg/hook/pythonpath_develop.ps1'
[4.796s] DEBUG:colcon.colcon_core.event_handler.log_command:Invoked command in '/home/shh/ssafy_ws/build/my_python_pkg' returned '0': PYTHONPATH=/home/shh/ssafy_ws/build/my_python_pkg/prefix_override:/home/shh/ssafy_ws/install/my_python_pkg/lib/python3.8/site-packages:${PYTHONPATH} /usr/bin/python3 setup.py develop --editable --build-directory /home/shh/ssafy_ws/build/my_python_pkg/build --no-deps install_data
[4.797s] INFO:colcon.colcon_core.shell:Creating environment descriptor '/home/shh/ssafy_ws/build/my_python_pkg/share/my_python_pkg/hook/pythonpath_develop.dsv'
[4.798s] INFO:colcon.colcon_core.shell:Creating environment hook '/home/shh/ssafy_ws/build/my_python_pkg/share/my_python_pkg/hook/pythonpath_develop.sh'
[4.810s] Level 1:colcon.colcon_core.environment:checking '/home/shh/ssafy_ws/install/my_python_pkg' for CMake module files
[4.811s] Level 1:colcon.colcon_core.environment:checking '/home/shh/ssafy_ws/install/my_python_pkg' for CMake config files
[4.812s] Level 1:colcon.colcon_core.environment:checking '/home/shh/ssafy_ws/install/my_python_pkg/lib'
[4.812s] Level 1:colcon.colcon_core.environment:checking '/home/shh/ssafy_ws/install/my_python_pkg/bin'
[4.812s] Level 1:colcon.colcon_core.environment:checking '/home/shh/ssafy_ws/install/my_python_pkg/lib/pkgconfig/my_python_pkg.pc'
[4.812s] Level 1:colcon.colcon_core.environment:checking '/home/shh/ssafy_ws/install/my_python_pkg/lib/python3.8/site-packages'
[4.813s] Level 1:colcon.colcon_core.shell:create_environment_hook('my_python_pkg', 'pythonpath')
[4.818s] INFO:colcon.colcon_core.shell:Creating environment hook '/home/shh/ssafy_ws/install/my_python_pkg/share/my_python_pkg/hook/pythonpath.ps1'
[4.818s] INFO:colcon.colcon_core.shell:Creating environment descriptor '/home/shh/ssafy_ws/install/my_python_pkg/share/my_python_pkg/hook/pythonpath.dsv'
[4.819s] INFO:colcon.colcon_core.shell:Creating environment hook '/home/shh/ssafy_ws/install/my_python_pkg/share/my_python_pkg/hook/pythonpath.sh'
[4.820s] Level 1:colcon.colcon_core.environment:checking '/home/shh/ssafy_ws/install/my_python_pkg/bin'
[4.820s] Level 1:colcon.colcon_core.environment:create_environment_scripts_only(my_python_pkg)
[4.825s] INFO:colcon.colcon_core.shell:Creating package script '/home/shh/ssafy_ws/install/my_python_pkg/share/my_python_pkg/package.ps1'
[4.825s] INFO:colcon.colcon_core.shell:Creating package descriptor '/home/shh/ssafy_ws/install/my_python_pkg/share/my_python_pkg/package.dsv'
[4.826s] INFO:colcon.colcon_core.shell:Creating package script '/home/shh/ssafy_ws/install/my_python_pkg/share/my_python_pkg/package.sh'
[4.827s] INFO:colcon.colcon_core.shell:Creating package script '/home/shh/ssafy_ws/install/my_python_pkg/share/my_python_pkg/package.bash'
[4.827s] INFO:colcon.colcon_core.shell:Creating package script '/home/shh/ssafy_ws/install/my_python_pkg/share/my_python_pkg/package.zsh'
[4.828s] Level 1:colcon.colcon_core.environment:create_file_with_runtime_dependencies(/home/shh/ssafy_ws/install/my_python_pkg/share/colcon-core/packages/my_python_pkg)
[4.830s] Level 1:colcon.colcon_core.shell:create_environment_hook('simple_car_tf', 'pythonpath_develop')
[4.835s] INFO:colcon.colcon_core.shell:Creating environment hook '/home/shh/ssafy_ws/build/simple_car_tf/share/simple_car_tf/hook/pythonpath_develop.ps1'
[4.836s] DEBUG:colcon.colcon_core.event_handler.log_command:Invoked command in '/home/shh/ssafy_ws/build/simple_car_tf' returned '0': PYTHONPATH=/home/shh/ssafy_ws/build/simple_car_tf/prefix_override:/home/shh/ssafy_ws/install/simple_car_tf/lib/python3.8/site-packages:${PYTHONPATH} /usr/bin/python3 setup.py develop --editable --build-directory /home/shh/ssafy_ws/build/simple_car_tf/build --no-deps install_data
[4.836s] INFO:colcon.colcon_core.shell:Creating environment descriptor '/home/shh/ssafy_ws/build/simple_car_tf/share/simple_car_tf/hook/pythonpath_develop.dsv'
[4.837s] INFO:colcon.colcon_core.shell:Creating environment hook '/home/shh/ssafy_ws/build/simple_car_tf/share/simple_car_tf/hook/pythonpath_develop.sh'
[4.843s] Level 1:colcon.colcon_core.environment:checking '/home/shh/ssafy_ws/install/simple_car_tf' for CMake module files
[4.843s] Level 1:colcon.colcon_core.environment:checking '/home/shh/ssafy_ws/install/simple_car_tf' for CMake config files
[4.844s] Level 1:colcon.colcon_core.environment:checking '/home/shh/ssafy_ws/install/simple_car_tf/lib'
[4.844s] Level 1:colcon.colcon_core.environment:checking '/home/shh/ssafy_ws/install/simple_car_tf/bin'
[4.844s] Level 1:colcon.colcon_core.environment:checking '/home/shh/ssafy_ws/install/simple_car_tf/lib/pkgconfig/simple_car_tf.pc'
[4.844s] Level 1:colcon.colcon_core.environment:checking '/home/shh/ssafy_ws/install/simple_car_tf/lib/python3.8/site-packages'
[4.844s] Level 1:colcon.colcon_core.shell:create_environment_hook('simple_car_tf', 'pythonpath')
[4.848s] INFO:colcon.colcon_core.shell:Creating environment hook '/home/shh/ssafy_ws/install/simple_car_tf/share/simple_car_tf/hook/pythonpath.ps1'
[4.849s] INFO:colcon.colcon_core.shell:Creating environment descriptor '/home/shh/ssafy_ws/install/simple_car_tf/share/simple_car_tf/hook/pythonpath.dsv'
[4.850s] INFO:colcon.colcon_core.shell:Creating environment hook '/home/shh/ssafy_ws/install/simple_car_tf/share/simple_car_tf/hook/pythonpath.sh'
[4.851s] Level 1:colcon.colcon_core.environment:checking '/home/shh/ssafy_ws/install/simple_car_tf/bin'
[4.851s] Level 1:colcon.colcon_core.environment:create_environment_scripts_only(simple_car_tf)
[4.856s] INFO:colcon.colcon_core.shell:Creating package script '/home/shh/ssafy_ws/install/simple_car_tf/share/simple_car_tf/package.ps1'
[4.857s] INFO:colcon.colcon_core.shell:Creating package descriptor '/home/shh/ssafy_ws/install/simple_car_tf/share/simple_car_tf/package.dsv'
[4.858s] INFO:colcon.colcon_core.shell:Creating package script '/home/shh/ssafy_ws/install/simple_car_tf/share/simple_car_tf/package.sh'
[4.859s] INFO:colcon.colcon_core.shell:Creating package script '/home/shh/ssafy_ws/install/simple_car_tf/share/simple_car_tf/package.bash'
[4.859s] INFO:colcon.colcon_core.shell:Creating package script '/home/shh/ssafy_ws/install/simple_car_tf/share/simple_car_tf/package.zsh'
[4.860s] Level 1:colcon.colcon_core.environment:create_file_with_runtime_dependencies(/home/shh/ssafy_ws/install/simple_car_tf/share/colcon-core/packages/simple_car_tf)
[4.860s] Level 1:colcon.colcon_core.shell:create_environment_hook('turtle_controller', 'pythonpath_develop')
[4.865s] INFO:colcon.colcon_core.shell:Creating environment hook '/home/shh/ssafy_ws/build/turtle_controller/share/turtle_controller/hook/pythonpath_develop.ps1'
[4.866s] INFO:colcon.colcon_core.shell:Creating environment descriptor '/home/shh/ssafy_ws/build/turtle_controller/share/turtle_controller/hook/pythonpath_develop.dsv'
[4.867s] INFO:colcon.colcon_core.shell:Creating environment hook '/home/shh/ssafy_ws/build/turtle_controller/share/turtle_controller/hook/pythonpath_develop.sh'
[4.867s] DEBUG:colcon.colcon_core.event_handler.log_command:Invoked command in '/home/shh/ssafy_ws/build/turtle_controller' returned '0': PYTHONPATH=/home/shh/ssafy_ws/build/turtle_controller/prefix_override:/home/shh/ssafy_ws/install/turtle_controller/lib/python3.8/site-packages:${PYTHONPATH} /usr/bin/python3 setup.py develop --editable --build-directory /home/shh/ssafy_ws/build/turtle_controller/build --no-deps install_data
[4.874s] Level 1:colcon.colcon_core.environment:checking '/home/shh/ssafy_ws/install/turtle_controller' for CMake module files
[4.874s] Level 1:colcon.colcon_core.environment:checking '/home/shh/ssafy_ws/install/turtle_controller' for CMake config files
[4.875s] Level 1:colcon.colcon_core.environment:checking '/home/shh/ssafy_ws/install/turtle_controller/lib'
[4.875s] Level 1:colcon.colcon_core.environment:checking '/home/shh/ssafy_ws/install/turtle_controller/bin'
[4.875s] Level 1:colcon.colcon_core.environment:checking '/home/shh/ssafy_ws/install/turtle_controller/lib/pkgconfig/turtle_controller.pc'
[4.875s] Level 1:colcon.colcon_core.environment:checking '/home/shh/ssafy_ws/install/turtle_controller/lib/python3.8/site-packages'
[4.875s] Level 1:colcon.colcon_core.shell:create_environment_hook('turtle_controller', 'pythonpath')
[4.880s] INFO:colcon.colcon_core.shell:Creating environment hook '/home/shh/ssafy_ws/install/turtle_controller/share/turtle_controller/hook/pythonpath.ps1'
[4.882s] INFO:colcon.colcon_core.shell:Creating environment descriptor '/home/shh/ssafy_ws/install/turtle_controller/share/turtle_controller/hook/pythonpath.dsv'
[4.882s] INFO:colcon.colcon_core.shell:Creating environment hook '/home/shh/ssafy_ws/install/turtle_controller/share/turtle_controller/hook/pythonpath.sh'
[4.883s] Level 1:colcon.colcon_core.environment:checking '/home/shh/ssafy_ws/install/turtle_controller/bin'
[4.883s] Level 1:colcon.colcon_core.environment:create_environment_scripts_only(turtle_controller)
[4.888s] INFO:colcon.colcon_core.shell:Creating package script '/home/shh/ssafy_ws/install/turtle_controller/share/turtle_controller/package.ps1'
[4.889s] INFO:colcon.colcon_core.shell:Creating package descriptor '/home/shh/ssafy_ws/install/turtle_controller/share/turtle_controller/package.dsv'
[4.890s] INFO:colcon.colcon_core.shell:Creating package script '/home/shh/ssafy_ws/install/turtle_controller/share/turtle_controller/package.sh'
[4.890s] INFO:colcon.colcon_core.shell:Creating package script '/home/shh/ssafy_ws/install/turtle_controller/share/turtle_controller/package.bash'
[4.890s] INFO:colcon.colcon_core.shell:Creating package script '/home/shh/ssafy_ws/install/turtle_controller/share/turtle_controller/package.zsh'
[4.891s] Level 1:colcon.colcon_core.environment:create_file_with_runtime_dependencies(/home/shh/ssafy_ws/install/turtle_controller/share/colcon-core/packages/turtle_controller)
[4.891s] Level 1:colcon.colcon_core.shell:create_environment_hook('simple_subscriber', 'pythonpath_develop')
[4.895s] INFO:colcon.colcon_core.shell:Creating environment hook '/home/shh/ssafy_ws/build/simple_subscriber/share/simple_subscriber/hook/pythonpath_develop.ps1'
[4.896s] INFO:colcon.colcon_core.shell:Creating environment descriptor '/home/shh/ssafy_ws/build/simple_subscriber/share/simple_subscriber/hook/pythonpath_develop.dsv'
[4.897s] INFO:colcon.colcon_core.shell:Creating environment hook '/home/shh/ssafy_ws/build/simple_subscriber/share/simple_subscriber/hook/pythonpath_develop.sh'
[4.898s] DEBUG:colcon.colcon_core.event_handler.log_command:Invoked command in '/home/shh/ssafy_ws/build/simple_subscriber' returned '0': PYTHONPATH=/home/shh/ssafy_ws/build/simple_subscriber/prefix_override:/home/shh/ssafy_ws/install/simple_subscriber/lib/python3.8/site-packages:${PYTHONPATH} /usr/bin/python3 setup.py develop --editable --build-directory /home/shh/ssafy_ws/build/simple_subscriber/build --no-deps install_data
[4.903s] Level 1:colcon.colcon_core.environment:checking '/home/shh/ssafy_ws/install/simple_subscriber' for CMake module files
[4.904s] Level 1:colcon.colcon_core.environment:checking '/home/shh/ssafy_ws/install/simple_subscriber' for CMake config files
[4.904s] Level 1:colcon.colcon_core.environment:checking '/home/shh/ssafy_ws/install/simple_subscriber/lib'
[4.904s] Level 1:colcon.colcon_core.environment:checking '/home/shh/ssafy_ws/install/simple_subscriber/bin'
[4.904s] Level 1:colcon.colcon_core.environment:checking '/home/shh/ssafy_ws/install/simple_subscriber/lib/pkgconfig/simple_subscriber.pc'
[4.904s] Level 1:colcon.colcon_core.environment:checking '/home/shh/ssafy_ws/install/simple_subscriber/lib/python3.8/site-packages'
[4.904s] Level 1:colcon.colcon_core.shell:create_environment_hook('simple_subscriber', 'pythonpath')
[4.909s] INFO:colcon.colcon_core.shell:Creating environment hook '/home/shh/ssafy_ws/install/simple_subscriber/share/simple_subscriber/hook/pythonpath.ps1'
[4.910s] INFO:colcon.colcon_core.shell:Creating environment descriptor '/home/shh/ssafy_ws/install/simple_subscriber/share/simple_subscriber/hook/pythonpath.dsv'
[4.910s] INFO:colcon.colcon_core.shell:Creating environment hook '/home/shh/ssafy_ws/install/simple_subscriber/share/simple_subscriber/hook/pythonpath.sh'
[4.911s] Level 1:colcon.colcon_core.environment:checking '/home/shh/ssafy_ws/install/simple_subscriber/bin'
[4.911s] Level 1:colcon.colcon_core.environment:create_environment_scripts_only(simple_subscriber)
[4.915s] INFO:colcon.colcon_core.shell:Creating package script '/home/shh/ssafy_ws/install/simple_subscriber/share/simple_subscriber/package.ps1'
[4.916s] INFO:colcon.colcon_core.shell:Creating package descriptor '/home/shh/ssafy_ws/install/simple_subscriber/share/simple_subscriber/package.dsv'
[4.916s] INFO:colcon.colcon_core.shell:Creating package script '/home/shh/ssafy_ws/install/simple_subscriber/share/simple_subscriber/package.sh'
[4.917s] INFO:colcon.colcon_core.shell:Creating package script '/home/shh/ssafy_ws/install/simple_subscriber/share/simple_subscriber/package.bash'
[4.917s] INFO:colcon.colcon_core.shell:Creating package script '/home/shh/ssafy_ws/install/simple_subscriber/share/simple_subscriber/package.zsh'
[4.917s] Level 1:colcon.colcon_core.environment:create_file_with_runtime_dependencies(/home/shh/ssafy_ws/install/simple_subscriber/share/colcon-core/packages/simple_subscriber)
[4.919s] Level 1:colcon.colcon_core.shell:create_environment_hook('tf_broadcaster', 'pythonpath_develop')
[4.923s] INFO:colcon.colcon_core.shell:Creating environment hook '/home/shh/ssafy_ws/build/tf_broadcaster/share/tf_broadcaster/hook/pythonpath_develop.ps1'
[4.924s] DEBUG:colcon.colcon_core.event_handler.log_command:Invoked command in '/home/shh/ssafy_ws/build/tf_broadcaster' returned '0': PYTHONPATH=/home/shh/ssafy_ws/build/tf_broadcaster/prefix_override:/home/shh/ssafy_ws/install/tf_broadcaster/lib/python3.8/site-packages:${PYTHONPATH} /usr/bin/python3 setup.py develop --editable --build-directory /home/shh/ssafy_ws/build/tf_broadcaster/build --no-deps install_data
[4.925s] INFO:colcon.colcon_core.shell:Creating environment descriptor '/home/shh/ssafy_ws/build/tf_broadcaster/share/tf_broadcaster/hook/pythonpath_develop.dsv'
[4.925s] INFO:colcon.colcon_core.shell:Creating environment hook '/home/shh/ssafy_ws/build/tf_broadcaster/share/tf_broadcaster/hook/pythonpath_develop.sh'
[4.931s] Level 1:colcon.colcon_core.environment:checking '/home/shh/ssafy_ws/install/tf_broadcaster' for CMake module files
[4.931s] Level 1:colcon.colcon_core.environment:checking '/home/shh/ssafy_ws/install/tf_broadcaster' for CMake config files
[4.931s] Level 1:colcon.colcon_core.environment:checking '/home/shh/ssafy_ws/install/tf_broadcaster/lib'
[4.932s] Level 1:colcon.colcon_core.environment:checking '/home/shh/ssafy_ws/install/tf_broadcaster/bin'
[4.932s] Level 1:colcon.colcon_core.environment:checking '/home/shh/ssafy_ws/install/tf_broadcaster/lib/pkgconfig/tf_broadcaster.pc'
[4.932s] Level 1:colcon.colcon_core.environment:checking '/home/shh/ssafy_ws/install/tf_broadcaster/lib/python3.8/site-packages'
[4.932s] Level 1:colcon.colcon_core.shell:create_environment_hook('tf_broadcaster', 'pythonpath')
[4.936s] INFO:colcon.colcon_core.shell:Creating environment hook '/home/shh/ssafy_ws/install/tf_broadcaster/share/tf_broadcaster/hook/pythonpath.ps1'
[4.937s] INFO:colcon.colcon_core.shell:Creating environment descriptor '/home/shh/ssafy_ws/install/tf_broadcaster/share/tf_broadcaster/hook/pythonpath.dsv'
[4.937s] INFO:colcon.colcon_core.shell:Creating environment hook '/home/shh/ssafy_ws/install/tf_broadcaster/share/tf_broadcaster/hook/pythonpath.sh'
[4.938s] Level 1:colcon.colcon_core.environment:checking '/home/shh/ssafy_ws/install/tf_broadcaster/bin'
[4.938s] Level 1:colcon.colcon_core.environment:create_environment_scripts_only(tf_broadcaster)
[4.942s] INFO:colcon.colcon_core.shell:Creating package script '/home/shh/ssafy_ws/install/tf_broadcaster/share/tf_broadcaster/package.ps1'
[4.943s] INFO:colcon.colcon_core.shell:Creating package descriptor '/home/shh/ssafy_ws/install/tf_broadcaster/share/tf_broadcaster/package.dsv'
[4.944s] INFO:colcon.colcon_core.shell:Creating package script '/home/shh/ssafy_ws/install/tf_broadcaster/share/tf_broadcaster/package.sh'
[4.945s] INFO:colcon.colcon_core.shell:Creating package script '/home/shh/ssafy_ws/install/tf_broadcaster/share/tf_broadcaster/package.bash'
[4.945s] INFO:colcon.colcon_core.shell:Creating package script '/home/shh/ssafy_ws/install/tf_broadcaster/share/tf_broadcaster/package.zsh'
[4.946s] Level 1:colcon.colcon_core.environment:create_file_with_runtime_dependencies(/home/shh/ssafy_ws/install/tf_broadcaster/share/colcon-core/packages/tf_broadcaster)
[4.946s] Level 1:colcon.colcon_core.shell:create_environment_hook('simple_publisher', 'pythonpath_develop')
[4.951s] INFO:colcon.colcon_core.shell:Creating environment hook '/home/shh/ssafy_ws/build/simple_publisher/share/simple_publisher/hook/pythonpath_develop.ps1'
[4.952s] INFO:colcon.colcon_core.shell:Creating environment descriptor '/home/shh/ssafy_ws/build/simple_publisher/share/simple_publisher/hook/pythonpath_develop.dsv'
[4.952s] INFO:colcon.colcon_core.shell:Creating environment hook '/home/shh/ssafy_ws/build/simple_publisher/share/simple_publisher/hook/pythonpath_develop.sh'
[4.959s] Level 1:colcon.colcon_core.environment:checking '/home/shh/ssafy_ws/install/simple_publisher' for CMake module files
[4.959s] DEBUG:colcon.colcon_core.event_handler.log_command:Invoked command in '/home/shh/ssafy_ws/build/simple_publisher' returned '0': PYTHONPATH=/home/shh/ssafy_ws/build/simple_publisher/prefix_override:/home/shh/ssafy_ws/install/simple_publisher/lib/python3.8/site-packages:${PYTHONPATH} /usr/bin/python3 setup.py develop --editable --build-directory /home/shh/ssafy_ws/build/simple_publisher/build --no-deps install_data
[4.959s] Level 1:colcon.colcon_core.environment:checking '/home/shh/ssafy_ws/install/simple_publisher' for CMake config files
[4.960s] Level 1:colcon.colcon_core.environment:checking '/home/shh/ssafy_ws/install/simple_publisher/lib'
[4.960s] Level 1:colcon.colcon_core.environment:checking '/home/shh/ssafy_ws/install/simple_publisher/bin'
[4.960s] Level 1:colcon.colcon_core.environment:checking '/home/shh/ssafy_ws/install/simple_publisher/lib/pkgconfig/simple_publisher.pc'
[4.960s] Level 1:colcon.colcon_core.environment:checking '/home/shh/ssafy_ws/install/simple_publisher/lib/python3.8/site-packages'
[4.960s] Level 1:colcon.colcon_core.shell:create_environment_hook('simple_publisher', 'pythonpath')
[4.965s] INFO:colcon.colcon_core.shell:Creating environment hook '/home/shh/ssafy_ws/install/simple_publisher/share/simple_publisher/hook/pythonpath.ps1'
[4.965s] INFO:colcon.colcon_core.shell:Creating environment descriptor '/home/shh/ssafy_ws/install/simple_publisher/share/simple_publisher/hook/pythonpath.dsv'
[4.966s] INFO:colcon.colcon_core.shell:Creating environment hook '/home/shh/ssafy_ws/install/simple_publisher/share/simple_publisher/hook/pythonpath.sh'
[4.966s] Level 1:colcon.colcon_core.environment:checking '/home/shh/ssafy_ws/install/simple_publisher/bin'
[4.966s] Level 1:colcon.colcon_core.environment:create_environment_scripts_only(simple_publisher)
[4.971s] INFO:colcon.colcon_core.shell:Creating package script '/home/shh/ssafy_ws/install/simple_publisher/share/simple_publisher/package.ps1'
[4.972s] INFO:colcon.colcon_core.shell:Creating package descriptor '/home/shh/ssafy_ws/install/simple_publisher/share/simple_publisher/package.dsv'
[4.972s] INFO:colcon.colcon_core.shell:Creating package script '/home/shh/ssafy_ws/install/simple_publisher/share/simple_publisher/package.sh'
[4.973s] INFO:colcon.colcon_core.shell:Creating package script '/home/shh/ssafy_ws/install/simple_publisher/share/simple_publisher/package.bash'
[4.973s] INFO:colcon.colcon_core.shell:Creating package script '/home/shh/ssafy_ws/install/simple_publisher/share/simple_publisher/package.zsh'
[4.973s] Level 1:colcon.colcon_core.environment:create_file_with_runtime_dependencies(/home/shh/ssafy_ws/install/simple_publisher/share/colcon-core/packages/simple_publisher)
[4.979s] Level 1:colcon.colcon_core.shell:create_environment_hook('yolo_pkg', 'pythonpath_develop')
[4.984s] INFO:colcon.colcon_core.shell:Creating environment hook '/home/shh/ssafy_ws/build/yolo_pkg/share/yolo_pkg/hook/pythonpath_develop.ps1'
[4.985s] DEBUG:colcon.colcon_core.event_handler.log_command:Invoked command in '/home/shh/ssafy_ws/build/yolo_pkg' returned '0': PYTHONPATH=/home/shh/ssafy_ws/build/yolo_pkg/prefix_override:/home/shh/ssafy_ws/install/yolo_pkg/lib/python3.8/site-packages:${PYTHONPATH} /usr/bin/python3 setup.py develop --editable --build-directory /home/shh/ssafy_ws/build/yolo_pkg/build --no-deps install_data
[4.985s] INFO:colcon.colcon_core.shell:Creating environment descriptor '/home/shh/ssafy_ws/build/yolo_pkg/share/yolo_pkg/hook/pythonpath_develop.dsv'
[4.986s] INFO:colcon.colcon_core.shell:Creating environment hook '/home/shh/ssafy_ws/build/yolo_pkg/share/yolo_pkg/hook/pythonpath_develop.sh'
[4.996s] Level 1:colcon.colcon_core.environment:checking '/home/shh/ssafy_ws/install/yolo_pkg' for CMake module files
[4.996s] Level 1:colcon.colcon_core.environment:checking '/home/shh/ssafy_ws/install/yolo_pkg' for CMake config files
[4.997s] Level 1:colcon.colcon_core.environment:checking '/home/shh/ssafy_ws/install/yolo_pkg/lib'
[4.997s] Level 1:colcon.colcon_core.environment:checking '/home/shh/ssafy_ws/install/yolo_pkg/bin'
[4.997s] Level 1:colcon.colcon_core.environment:checking '/home/shh/ssafy_ws/install/yolo_pkg/lib/pkgconfig/yolo_pkg.pc'
[4.997s] Level 1:colcon.colcon_core.environment:checking '/home/shh/ssafy_ws/install/yolo_pkg/lib/python3.8/site-packages'
[4.997s] Level 1:colcon.colcon_core.shell:create_environment_hook('yolo_pkg', 'pythonpath')
[5.002s] INFO:colcon.colcon_core.shell:Creating environment hook '/home/shh/ssafy_ws/install/yolo_pkg/share/yolo_pkg/hook/pythonpath.ps1'
[5.002s] INFO:colcon.colcon_core.shell:Creating environment descriptor '/home/shh/ssafy_ws/install/yolo_pkg/share/yolo_pkg/hook/pythonpath.dsv'
[5.003s] INFO:colcon.colcon_core.shell:Creating environment hook '/home/shh/ssafy_ws/install/yolo_pkg/share/yolo_pkg/hook/pythonpath.sh'
[5.003s] Level 1:colcon.colcon_core.environment:checking '/home/shh/ssafy_ws/install/yolo_pkg/bin'
[5.003s] Level 1:colcon.colcon_core.environment:create_environment_scripts_only(yolo_pkg)
[5.008s] INFO:colcon.colcon_core.shell:Creating package script '/home/shh/ssafy_ws/install/yolo_pkg/share/yolo_pkg/package.ps1'
[5.009s] INFO:colcon.colcon_core.shell:Creating package descriptor '/home/shh/ssafy_ws/install/yolo_pkg/share/yolo_pkg/package.dsv'
[5.009s] INFO:colcon.colcon_core.shell:Creating package script '/home/shh/ssafy_ws/install/yolo_pkg/share/yolo_pkg/package.sh'
[5.010s] INFO:colcon.colcon_core.shell:Creating package script '/home/shh/ssafy_ws/install/yolo_pkg/share/yolo_pkg/package.bash'
[5.010s] INFO:colcon.colcon_core.shell:Creating package script '/home/shh/ssafy_ws/install/yolo_pkg/share/yolo_pkg/package.zsh'
[5.011s] Level 1:colcon.colcon_core.environment:create_file_with_runtime_dependencies(/home/shh/ssafy_ws/install/yolo_pkg/share/colcon-core/packages/yolo_pkg)
[5.011s] DEBUG:colcon.colcon_parallel_executor.executor.parallel:closing loop
[5.011s] DEBUG:colcon.colcon_parallel_executor.executor.parallel:loop closed
[5.011s] DEBUG:colcon.colcon_parallel_executor.executor.parallel:run_until_complete finished with '0'
[5.011s] DEBUG:colcon.colcon_core.event_reactor:joining thread
[5.021s] INFO:colcon.colcon_core.plugin_system:Skipping extension 'colcon_notification.desktop_notification.terminal_notifier': Not used on non-Darwin systems
[5.021s] INFO:colcon.colcon_core.plugin_system:Skipping extension 'colcon_notification.desktop_notification.win32': Not used on non-Windows systems
[5.021s] INFO:colcon.colcon_notification.desktop_notification:Sending desktop notification using 'notify2'
[5.043s] DEBUG:colcon.colcon_core.event_reactor:joined thread
[5.048s] INFO:colcon.colcon_core.shell:Creating prefix script '/home/shh/ssafy_ws/install/local_setup.ps1'
[5.049s] INFO:colcon.colcon_core.shell:Creating prefix util module '/home/shh/ssafy_ws/install/_local_setup_util_ps1.py'
[5.050s] INFO:colcon.colcon_core.shell:Creating prefix chain script '/home/shh/ssafy_ws/install/setup.ps1'
[5.055s] INFO:colcon.colcon_core.shell:Creating prefix script '/home/shh/ssafy_ws/install/local_setup.sh'
[5.056s] INFO:colcon.colcon_core.shell:Creating prefix util module '/home/shh/ssafy_ws/install/_local_setup_util_sh.py'
[5.056s] INFO:colcon.colcon_core.shell:Creating prefix chain script '/home/shh/ssafy_ws/install/setup.sh'
[5.060s] INFO:colcon.colcon_core.shell:Creating prefix script '/home/shh/ssafy_ws/install/local_setup.bash'
[5.061s] INFO:colcon.colcon_core.shell:Creating prefix chain script '/home/shh/ssafy_ws/install/setup.bash'
[5.065s] INFO:colcon.colcon_core.shell:Creating prefix script '/home/shh/ssafy_ws/install/local_setup.zsh'
[5.066s] INFO:colcon.colcon_core.shell:Creating prefix chain script '/home/shh/ssafy_ws/install/setup.zsh'
