running develop
running egg_info
creating turtle_spawner.egg-info
writing turtle_spawner.egg-info/PKG-INFO
writing dependency_links to turtle_spawner.egg-info/dependency_links.txt
writing entry points to turtle_spawner.egg-info/entry_points.txt
writing requirements to turtle_spawner.egg-info/requires.txt
writing top-level names to turtle_spawner.egg-info/top_level.txt
writing manifest file 'turtle_spawner.egg-info/SOURCES.txt'
reading manifest file 'turtle_spawner.egg-info/SOURCES.txt'
writing manifest file 'turtle_spawner.egg-info/SOURCES.txt'
running build_ext
Creating /home/shh/ssafy_gazeboy/ssafy_ws/install/turtle_spawner/lib/python3.8/site-packages/site.py
Creating /home/shh/ssafy_gazeboy/ssafy_ws/install/turtle_spawner/lib/python3.8/site-packages/turtle-spawner.egg-link (link to .)
Installing spawn_turtle script to /home/shh/ssafy_gazeboy/ssafy_ws/install/turtle_spawner/lib/turtle_spawner

Installed /home/shh/ssafy_gazeboy/ssafy_ws/build/turtle_spawner
running install_data
creating /home/shh/ssafy_gazeboy/ssafy_ws/install/turtle_spawner/share/ament_index
creating /home/shh/ssafy_gazeboy/ssafy_ws/install/turtle_spawner/share/ament_index/resource_index
creating /home/shh/ssafy_gazeboy/ssafy_ws/install/turtle_spawner/share/ament_index/resource_index/packages
copying resource/turtle_spawner -> /home/shh/ssafy_gazeboy/ssafy_ws/install/turtle_spawner/share/ament_index/resource_index/packages
copying package.xml -> /home/shh/ssafy_gazeboy/ssafy_ws/install/turtle_spawner/share/turtle_spawner
