[3.146s] Invoking command in '/home/shh/ssafy_gazeboy/ssafy_ws/build/turtle_spawner': PYTHONPATH=/home/shh/ssafy_gazeboy/ssafy_ws/build/turtle_spawner/prefix_override:/home/shh/ssafy_gazeboy/ssafy_ws/install/turtle_spawner/lib/python3.8/site-packages:${PYTHONPATH} /usr/bin/python3 setup.py develop --editable --build-directory /home/shh/ssafy_gazeboy/ssafy_ws/build/turtle_spawner/build --no-deps install_data
[3.512s] running develop
[3.706s] running egg_info
[3.707s] creating turtle_spawner.egg-info
[3.707s] writing turtle_spawner.egg-info/PKG-INFO
[3.707s] writing dependency_links to turtle_spawner.egg-info/dependency_links.txt
[3.707s] writing entry points to turtle_spawner.egg-info/entry_points.txt
[3.707s] writing requirements to turtle_spawner.egg-info/requires.txt
[3.708s] writing top-level names to turtle_spawner.egg-info/top_level.txt
[3.708s] writing manifest file 'turtle_spawner.egg-info/SOURCES.txt'
[3.742s] reading manifest file 'turtle_spawner.egg-info/SOURCES.txt'
[3.743s] writing manifest file 'turtle_spawner.egg-info/SOURCES.txt'
[3.780s] running build_ext
[3.780s] Creating /home/shh/ssafy_gazeboy/ssafy_ws/install/turtle_spawner/lib/python3.8/site-packages/site.py
[3.782s] Creating /home/shh/ssafy_gazeboy/ssafy_ws/install/turtle_spawner/lib/python3.8/site-packages/turtle-spawner.egg-link (link to .)
[3.782s] Installing spawn_turtle script to /home/shh/ssafy_gazeboy/ssafy_ws/install/turtle_spawner/lib/turtle_spawner
[3.783s] 
[3.783s] Installed /home/shh/ssafy_gazeboy/ssafy_ws/build/turtle_spawner
[3.783s] running install_data
[3.783s] creating /home/shh/ssafy_gazeboy/ssafy_ws/install/turtle_spawner/share/ament_index
[3.783s] creating /home/shh/ssafy_gazeboy/ssafy_ws/install/turtle_spawner/share/ament_index/resource_index
[3.783s] creating /home/shh/ssafy_gazeboy/ssafy_ws/install/turtle_spawner/share/ament_index/resource_index/packages
[3.783s] copying resource/turtle_spawner -> /home/shh/ssafy_gazeboy/ssafy_ws/install/turtle_spawner/share/ament_index/resource_index/packages
[3.784s] copying package.xml -> /home/shh/ssafy_gazeboy/ssafy_ws/install/turtle_spawner/share/turtle_spawner
[3.840s] Invoked command in '/home/shh/ssafy_gazeboy/ssafy_ws/build/turtle_spawner' returned '0': PYTHONPATH=/home/shh/ssafy_gazeboy/ssafy_ws/build/turtle_spawner/prefix_override:/home/shh/ssafy_gazeboy/ssafy_ws/install/turtle_spawner/lib/python3.8/site-packages:${PYTHONPATH} /usr/bin/python3 setup.py develop --editable --build-directory /home/shh/ssafy_gazeboy/ssafy_ws/build/turtle_spawner/build --no-deps install_data
