[3.130s] Invoking command in '/home/shh/ssafy_gazeboy/ssafy_ws/build/250114': PYTHONPATH=/home/shh/ssafy_gazeboy/ssafy_ws/build/250114/prefix_override:/home/shh/ssafy_gazeboy/ssafy_ws/install/250114/lib/python3.8/site-packages:${PYTHONPATH} /usr/bin/python3 setup.py develop --editable --build-directory /home/shh/ssafy_gazeboy/ssafy_ws/build/250114/build --no-deps install_data
[3.410s] running develop
[3.584s] running egg_info
[3.584s] creating 250114.egg-info
[3.584s] writing 250114.egg-info/PKG-INFO
[3.585s] writing dependency_links to 250114.egg-info/dependency_links.txt
[3.585s] writing entry points to 250114.egg-info/entry_points.txt
[3.585s] writing requirements to 250114.egg-info/requires.txt
[3.585s] writing top-level names to 250114.egg-info/top_level.txt
[3.586s] writing manifest file '250114.egg-info/SOURCES.txt'
[3.614s] reading manifest file '250114.egg-info/SOURCES.txt'
[3.615s] writing manifest file '250114.egg-info/SOURCES.txt'
[3.649s] running build_ext
[3.649s] Creating /home/shh/ssafy_gazeboy/ssafy_ws/install/250114/lib/python3.8/site-packages/site.py
[3.651s] Creating /home/shh/ssafy_gazeboy/ssafy_ws/install/250114/lib/python3.8/site-packages/250114.egg-link (link to .)
[3.652s] 
[3.652s] Installed /home/shh/ssafy_gazeboy/ssafy_ws/build/250114
[3.653s] running install_data
[3.653s] creating /home/shh/ssafy_gazeboy/ssafy_ws/install/250114/share/ament_index
[3.653s] creating /home/shh/ssafy_gazeboy/ssafy_ws/install/250114/share/ament_index/resource_index
[3.653s] creating /home/shh/ssafy_gazeboy/ssafy_ws/install/250114/share/ament_index/resource_index/packages
[3.653s] copying resource/250114 -> /home/shh/ssafy_gazeboy/ssafy_ws/install/250114/share/ament_index/resource_index/packages
[3.653s] copying package.xml -> /home/shh/ssafy_gazeboy/ssafy_ws/install/250114/share/250114
[3.653s] creating /home/shh/ssafy_gazeboy/ssafy_ws/install/250114/share/250114/launch
[3.653s] copying launch/spawn_velodyne.launch.py -> /home/shh/ssafy_gazeboy/ssafy_ws/install/250114/share/250114/launch
[3.653s] creating /home/shh/ssafy_gazeboy/ssafy_ws/install/250114/share/250114/models
[3.653s] copying models/test.urdf -> /home/shh/ssafy_gazeboy/ssafy_ws/install/250114/share/250114/models
[3.708s] Invoked command in '/home/shh/ssafy_gazeboy/ssafy_ws/build/250114' returned '0': PYTHONPATH=/home/shh/ssafy_gazeboy/ssafy_ws/build/250114/prefix_override:/home/shh/ssafy_gazeboy/ssafy_ws/install/250114/lib/python3.8/site-packages:${PYTHONPATH} /usr/bin/python3 setup.py develop --editable --build-directory /home/shh/ssafy_gazeboy/ssafy_ws/build/250114/build --no-deps install_data
