[1.156s] Invoking command in '/home/shh/ssafy_gazeboy/ssafy_ws/build/250114': PYTHONPATH=/home/shh/ssafy_gazeboy/ssafy_ws/build/250114/prefix_override:/home/shh/ssafy_gazeboy/ssafy_ws/install/250114/lib/python3.8/site-packages:${PYTHONPATH} /usr/bin/python3 setup.py develop --editable --build-directory /home/shh/ssafy_gazeboy/ssafy_ws/build/250114/build --no-deps install_data
[1.378s] running develop
[1.539s] running egg_info
[1.540s] creating 250114.egg-info
[1.540s] writing 250114.egg-info/PKG-INFO
[1.540s] writing dependency_links to 250114.egg-info/dependency_links.txt
[1.540s] writing entry points to 250114.egg-info/entry_points.txt
[1.540s] writing requirements to 250114.egg-info/requires.txt
[1.541s] writing top-level names to 250114.egg-info/top_level.txt
[1.542s] writing manifest file '250114.egg-info/SOURCES.txt'
[1.571s] reading manifest file '250114.egg-info/SOURCES.txt'
[1.572s] writing manifest file '250114.egg-info/SOURCES.txt'
[1.603s] running build_ext
[1.604s] Creating /home/shh/ssafy_gazeboy/ssafy_ws/install/250114/lib/python3.8/site-packages/site.py
[1.605s] Creating /home/shh/ssafy_gazeboy/ssafy_ws/install/250114/lib/python3.8/site-packages/250114.egg-link (link to .)
[1.606s] 
[1.606s] Installed /home/shh/ssafy_gazeboy/ssafy_ws/build/250114
[1.606s] running install_data
[1.607s] creating /home/shh/ssafy_gazeboy/ssafy_ws/install/250114/share/ament_index
[1.607s] creating /home/shh/ssafy_gazeboy/ssafy_ws/install/250114/share/ament_index/resource_index
[1.607s] creating /home/shh/ssafy_gazeboy/ssafy_ws/install/250114/share/ament_index/resource_index/packages
[1.607s] copying resource/250114 -> /home/shh/ssafy_gazeboy/ssafy_ws/install/250114/share/ament_index/resource_index/packages
[1.607s] copying package.xml -> /home/shh/ssafy_gazeboy/ssafy_ws/install/250114/share/250114
[1.607s] creating /home/shh/ssafy_gazeboy/ssafy_ws/install/250114/share/250114/launch
[1.608s] copying launch/spawn_entity.launch.py -> /home/shh/ssafy_gazeboy/ssafy_ws/install/250114/share/250114/launch
[1.608s] copying launch/spawn_velodyne.launch.py -> /home/shh/ssafy_gazeboy/ssafy_ws/install/250114/share/250114/launch
[1.608s] creating /home/shh/ssafy_gazeboy/ssafy_ws/install/250114/share/250114/models
[1.608s] copying models/simple.urdf -> /home/shh/ssafy_gazeboy/ssafy_ws/install/250114/share/250114/models
[1.608s] copying models/test.urdf -> /home/shh/ssafy_gazeboy/ssafy_ws/install/250114/share/250114/models
[1.652s] Invoked command in '/home/shh/ssafy_gazeboy/ssafy_ws/build/250114' returned '0': PYTHONPATH=/home/shh/ssafy_gazeboy/ssafy_ws/build/250114/prefix_override:/home/shh/ssafy_gazeboy/ssafy_ws/install/250114/lib/python3.8/site-packages:${PYTHONPATH} /usr/bin/python3 setup.py develop --editable --build-directory /home/shh/ssafy_gazeboy/ssafy_ws/build/250114/build --no-deps install_data
