[0.398s] Invoking command in '/home/shh/ssafy_gazeboy/ssafy_ws/build/velodyne_gazebo_plugins': CMAKE_PREFIX_PATH=${CMAKE_PREFIX_PATH}:/home/shh/ssafy_gazeboy/ssafy_ws/install/turtlebot3_teleop:/home/shh/ssafy_gazeboy/ssafy_ws/install/turtlebot3_example:/home/shh/ssafy_gazeboy/ssafy_ws/install/250114:/opt/ros/foxy /usr/bin/cmake /home/shh/ssafy_gazeboy/ssafy_ws/src/velodyne_simulator/velodyne_gazebo_plugins -DAMENT_CMAKE_SYMLINK_INSTALL=1 -DCMAKE_INSTALL_PREFIX=/home/shh/ssafy_gazeboy/ssafy_ws/install/velodyne_gazebo_plugins
[0.465s] -- The C compiler identification is GNU 9.4.0
[0.542s] -- The CXX compiler identification is GNU 9.4.0
[0.548s] -- Check for working C compiler: /usr/bin/cc
[0.639s] -- Check for working C compiler: /usr/bin/cc -- works
[0.640s] -- Detecting C compiler ABI info
[0.748s] -- Detecting C compiler ABI info - done
[0.767s] -- Detecting C compile features
[0.767s] -- Detecting C compile features - done
[0.769s] -- Check for working CXX compiler: /usr/bin/c++
[0.903s] -- Check for working CXX compiler: /usr/bin/c++ -- works
[0.903s] -- Detecting CXX compiler ABI info
[1.016s] -- Detecting CXX compiler ABI info - done
[1.029s] -- Detecting CXX compile features
[1.029s] -- Detecting CXX compile features - done
[1.040s] -- Found ament_cmake: 0.9.12 (/opt/ros/foxy/share/ament_cmake/cmake)
[1.076s] -- Found PythonInterp: /usr/bin/python3 (found suitable version "3.8.10", minimum required is "3") 
[1.077s] -- Using PYTHON_EXECUTABLE: /usr/bin/python3
[1.326s] -- Override CMake install command with custom implementation using symlinks instead of copying resources
[1.387s] -- Found gazebo_dev: 3.5.3 (/opt/ros/foxy/share/gazebo_dev/cmake)
[1.397s] -- Found PkgConfig: /usr/bin/pkg-config (found version "0.29.1") 
[1.405s] -- Checking for module 'bullet>=2.82'
[1.433s] --   Found bullet, version 2.88
[1.670s] -- Found ccd: /usr/include (found suitable version "2.0", minimum required is "2.0") 
[1.791s] -- Found fcl: /usr/include (found suitable version "0.5.0", minimum required is "0.3.2") 
[1.933s] -- Found assimp: /usr/include (found version "5.0.0") 
[1.980s] -- Found DART: /usr/include (Required is at least version "6.6") found components: dart 
[2.384s] -- Found Boost: /usr/lib/x86_64-linux-gnu/cmake/Boost-1.71.0/BoostConfig.cmake (found suitable version "1.71.0", minimum required is "1.40.0") found components: thread system filesystem program_options regex iostreams date_time 
[2.419s] -- Found Protobuf: /usr/lib/x86_64-linux-gnu/libprotobuf.so;-lpthread (found version "3.6.1") 
[2.428s] -- Looking for ignition-math6 -- found version 6.15.1
[2.441s] -- Searching for dependencies of ignition-math6
[2.441s] -- Looking for OGRE...
[2.441s] -- OGRE_PREFIX_WATCH changed.
[2.449s] -- Checking for module 'OGRE'
[2.483s] --   Found OGRE, version 1.9.0
[2.579s] -- Found Ogre Ghadamon (1.9.0)
[2.597s] -- Found OGRE: optimized;/usr/lib/x86_64-linux-gnu/libOgreMain.so;debug;/usr/lib/x86_64-linux-gnu/libOgreMain.so
[2.609s] -- Looking for OGRE_Paging...
[2.621s] -- Found OGRE_Paging: optimized;/usr/lib/x86_64-linux-gnu/libOgrePaging.so;debug;/usr/lib/x86_64-linux-gnu/libOgrePaging.so
[2.621s] -- Looking for OGRE_Terrain...
[2.639s] -- Found OGRE_Terrain: optimized;/usr/lib/x86_64-linux-gnu/libOgreTerrain.so;debug;/usr/lib/x86_64-linux-gnu/libOgreTerrain.so
[2.639s] -- Looking for OGRE_Property...
[2.639s] -- Found OGRE_Property: optimized;/usr/lib/x86_64-linux-gnu/libOgreProperty.so;debug;/usr/lib/x86_64-linux-gnu/libOgreProperty.so
[2.640s] -- Looking for OGRE_RTShaderSystem...
[2.651s] -- Found OGRE_RTShaderSystem: optimized;/usr/lib/x86_64-linux-gnu/libOgreRTShaderSystem.so;debug;/usr/lib/x86_64-linux-gnu/libOgreRTShaderSystem.so
[2.651s] -- Looking for OGRE_Volume...
[2.662s] -- Found OGRE_Volume: optimized;/usr/lib/x86_64-linux-gnu/libOgreVolume.so;debug;/usr/lib/x86_64-linux-gnu/libOgreVolume.so
[2.662s] -- Looking for OGRE_Overlay...
[2.672s] -- Found OGRE_Overlay: optimized;/usr/lib/x86_64-linux-gnu/libOgreOverlay.so;debug;/usr/lib/x86_64-linux-gnu/libOgreOverlay.so
[2.895s] -- Looking for ignition-math6 -- found version 6.15.1
[2.899s] -- Looking for ignition-transport8 -- found version 8.3.0
[2.899s] -- Searching for dependencies of ignition-transport8
[2.925s] -- Found Protobuf: /usr/lib/x86_64-linux-gnu/libprotobuf.so;-lpthread (found suitable version "3.6.1", minimum required is "3") 
[2.944s] -- Config-file not installed for ZeroMQ -- checking for pkg-config
[2.951s] -- Checking for module 'libzmq >= 4'
[2.992s] --   Found libzmq , version 4.3.2
[3.090s] -- Found ZeroMQ: TRUE (Required is at least version "4") 
[3.101s] -- Checking for module 'uuid'
[3.144s] --   Found uuid, version 2.34.0
[3.233s] -- Found UUID: TRUE  
[3.242s] -- Looking for ignition-msgs5 -- found version 5.10.0
[3.243s] -- Searching for dependencies of ignition-msgs5
[3.273s] -- Looking for ignition-math6 -- found version 6.15.1
[3.284s] -- Checking for module 'tinyxml2'
[3.324s] --   Found tinyxml2, version 6.2.0
[3.436s] -- Looking for ignition-msgs5 -- found version 5.10.0
[3.437s] -- Looking for ignition-common3 -- found version 3.14.2
[3.437s] -- Searching for dependencies of ignition-common3
[3.437s] -- Looking for dlfcn.h - found
[3.443s] -- Looking for libdl - found
[3.443s] -- Found DL: TRUE  
[3.452s] -- Searching for <ignition-common3> component [graphics]
[3.456s] -- Looking for ignition-common3-graphics -- found version 3.14.2
[3.456s] -- Searching for dependencies of ignition-common3-graphics
[3.456s] -- Looking for ignition-math6 -- found version 6.15.1
[3.461s] -- Looking for ignition-fuel_tools4 -- found version 4.6.0
[3.461s] -- Searching for dependencies of ignition-fuel_tools4
[3.673s] -- Found CURL: /usr/lib/x86_64-linux-gnu/libcurl.so (found version "7.68.0")  
[3.692s] -- Checking for module 'jsoncpp'
[3.732s] --   Found jsoncpp, version 1.7.4
[3.832s] -- Found JSONCPP: TRUE  
[3.843s] -- Checking for module 'libzip'
[3.884s] --   Found libzip, version 1.5.1
[3.996s] -- Found ZIP: TRUE  
[3.996s] -- Looking for ignition-common3 -- found version 3.14.2
[3.997s] -- Looking for ignition-math6 -- found version 6.15.1
[3.998s] -- Looking for ignition-msgs5 -- found version 5.10.0
[4.001s] -- Gazebo version: 11.11
[4.011s] -- Found gazebo_ros: 3.5.3 (/opt/ros/foxy/share/gazebo_ros/cmake)
[4.077s] -- Using all available rosidl_typesupport_c: rosidl_typesupport_fastrtps_c;rosidl_typesupport_introspection_c
[4.092s] -- Found rosidl_adapter: 1.3.1 (/opt/ros/foxy/share/rosidl_adapter/cmake)
[4.292s] -- Found OpenSSL: /usr/lib/x86_64-linux-gnu/libcrypto.so (found version "1.1.1f")  
[4.325s] -- Found FastRTPS: /opt/ros/foxy/include  
[4.432s] -- Using all available rosidl_typesupport_cpp: rosidl_typesupport_fastrtps_cpp;rosidl_typesupport_introspection_cpp
[4.494s] -- Found rmw_implementation_cmake: 1.0.4 (/opt/ros/foxy/share/rmw_implementation_cmake/cmake)
[4.496s] -- Using RMW implementation 'rmw_fastrtps_cpp' as default
[4.497s] -- Found Threads: TRUE  
[4.669s] -- Found gazebo_msgs: 3.5.3 (/opt/ros/foxy/share/gazebo_msgs/cmake)
[4.900s] -- Found sensor_msgs: 2.0.5 (/opt/ros/foxy/share/sensor_msgs/cmake)
[5.066s] -- Configuring done
[5.106s] -- Generating done
[5.108s] -- Build files have been written to: /home/shh/ssafy_gazeboy/ssafy_ws/build/velodyne_gazebo_plugins
[5.120s] Invoked command in '/home/shh/ssafy_gazeboy/ssafy_ws/build/velodyne_gazebo_plugins' returned '0': CMAKE_PREFIX_PATH=${CMAKE_PREFIX_PATH}:/home/shh/ssafy_gazeboy/ssafy_ws/install/turtlebot3_teleop:/home/shh/ssafy_gazeboy/ssafy_ws/install/turtlebot3_example:/home/shh/ssafy_gazeboy/ssafy_ws/install/250114:/opt/ros/foxy /usr/bin/cmake /home/shh/ssafy_gazeboy/ssafy_ws/src/velodyne_simulator/velodyne_gazebo_plugins -DAMENT_CMAKE_SYMLINK_INSTALL=1 -DCMAKE_INSTALL_PREFIX=/home/shh/ssafy_gazeboy/ssafy_ws/install/velodyne_gazebo_plugins
[5.125s] Invoking command in '/home/shh/ssafy_gazeboy/ssafy_ws/build/velodyne_gazebo_plugins': CMAKE_PREFIX_PATH=${CMAKE_PREFIX_PATH}:/home/shh/ssafy_gazeboy/ssafy_ws/install/turtlebot3_teleop:/home/shh/ssafy_gazeboy/ssafy_ws/install/turtlebot3_example:/home/shh/ssafy_gazeboy/ssafy_ws/install/250114:/opt/ros/foxy /usr/bin/cmake --build /home/shh/ssafy_gazeboy/ssafy_ws/build/velodyne_gazebo_plugins -- -j16 -l16
[5.191s] [35m[1mScanning dependencies of target gazebo_ros_velodyne_laser[0m
[5.343s] [ 50%] [32mBuilding CXX object CMakeFiles/gazebo_ros_velodyne_laser.dir/src/GazeboRosVelodyneLaser.cpp.o[0m
[15.251s] [100%] [32m[1mLinking CXX shared library libgazebo_ros_velodyne_laser.so[0m
[15.981s] [100%] Built target gazebo_ros_velodyne_laser
[16.001s] Invoked command in '/home/shh/ssafy_gazeboy/ssafy_ws/build/velodyne_gazebo_plugins' returned '0': CMAKE_PREFIX_PATH=${CMAKE_PREFIX_PATH}:/home/shh/ssafy_gazeboy/ssafy_ws/install/turtlebot3_teleop:/home/shh/ssafy_gazeboy/ssafy_ws/install/turtlebot3_example:/home/shh/ssafy_gazeboy/ssafy_ws/install/250114:/opt/ros/foxy /usr/bin/cmake --build /home/shh/ssafy_gazeboy/ssafy_ws/build/velodyne_gazebo_plugins -- -j16 -l16
[16.062s] Invoking command in '/home/shh/ssafy_gazeboy/ssafy_ws/build/velodyne_gazebo_plugins': CMAKE_PREFIX_PATH=${CMAKE_PREFIX_PATH}:/home/shh/ssafy_gazeboy/ssafy_ws/install/turtlebot3_teleop:/home/shh/ssafy_gazeboy/ssafy_ws/install/turtlebot3_example:/home/shh/ssafy_gazeboy/ssafy_ws/install/250114:/opt/ros/foxy /usr/bin/cmake --install /home/shh/ssafy_gazeboy/ssafy_ws/build/velodyne_gazebo_plugins
[16.076s] -- Install configuration: ""
[16.076s] -- Execute custom install script
[16.076s] -- Symlinking: /home/shh/ssafy_gazeboy/ssafy_ws/install/velodyne_gazebo_plugins/lib/libgazebo_ros_velodyne_laser.so
[16.093s] -- Symlinking: /home/shh/ssafy_gazeboy/ssafy_ws/install/velodyne_gazebo_plugins/include/velodyne_gazebo_plugins/GazeboRosVelodyneLaser.hpp
[16.113s] -- Symlinking: /home/shh/ssafy_gazeboy/ssafy_ws/install/velodyne_gazebo_plugins/share/velodyne_gazebo_plugins/environment/library_path.sh
[16.129s] -- Symlinking: /home/shh/ssafy_gazeboy/ssafy_ws/install/velodyne_gazebo_plugins/share/velodyne_gazebo_plugins/environment/library_path.dsv
[16.149s] -- Symlinking: /home/shh/ssafy_gazeboy/ssafy_ws/install/velodyne_gazebo_plugins/share/ament_index/resource_index/package_run_dependencies/velodyne_gazebo_plugins
[16.165s] -- Symlinking: /home/shh/ssafy_gazeboy/ssafy_ws/install/velodyne_gazebo_plugins/share/ament_index/resource_index/parent_prefix_path/velodyne_gazebo_plugins
[16.185s] -- Symlinking: /home/shh/ssafy_gazeboy/ssafy_ws/install/velodyne_gazebo_plugins/share/velodyne_gazebo_plugins/environment/ament_prefix_path.sh
[16.204s] -- Symlinking: /home/shh/ssafy_gazeboy/ssafy_ws/install/velodyne_gazebo_plugins/share/velodyne_gazebo_plugins/environment/ament_prefix_path.dsv
[16.217s] -- Symlinking: /home/shh/ssafy_gazeboy/ssafy_ws/install/velodyne_gazebo_plugins/share/velodyne_gazebo_plugins/environment/path.sh
[16.233s] -- Symlinking: /home/shh/ssafy_gazeboy/ssafy_ws/install/velodyne_gazebo_plugins/share/velodyne_gazebo_plugins/environment/path.dsv
[16.243s] -- Symlinking: /home/shh/ssafy_gazeboy/ssafy_ws/install/velodyne_gazebo_plugins/share/velodyne_gazebo_plugins/local_setup.bash
[16.254s] -- Symlinking: /home/shh/ssafy_gazeboy/ssafy_ws/install/velodyne_gazebo_plugins/share/velodyne_gazebo_plugins/local_setup.sh
[16.265s] -- Symlinking: /home/shh/ssafy_gazeboy/ssafy_ws/install/velodyne_gazebo_plugins/share/velodyne_gazebo_plugins/local_setup.zsh
[16.276s] -- Symlinking: /home/shh/ssafy_gazeboy/ssafy_ws/install/velodyne_gazebo_plugins/share/velodyne_gazebo_plugins/local_setup.dsv
[16.292s] -- Symlinking: /home/shh/ssafy_gazeboy/ssafy_ws/install/velodyne_gazebo_plugins/share/velodyne_gazebo_plugins/package.dsv
[16.304s] -- Symlinking: /home/shh/ssafy_gazeboy/ssafy_ws/install/velodyne_gazebo_plugins/share/ament_index/resource_index/packages/velodyne_gazebo_plugins
[16.321s] -- Symlinking: /home/shh/ssafy_gazeboy/ssafy_ws/install/velodyne_gazebo_plugins/share/velodyne_gazebo_plugins/cmake/ament_cmake_export_include_directories-extras.cmake
[16.332s] -- Symlinking: /home/shh/ssafy_gazeboy/ssafy_ws/install/velodyne_gazebo_plugins/share/velodyne_gazebo_plugins/cmake/ament_cmake_export_libraries-extras.cmake
[16.343s] -- Symlinking: /home/shh/ssafy_gazeboy/ssafy_ws/install/velodyne_gazebo_plugins/share/velodyne_gazebo_plugins/cmake/ament_cmake_export_dependencies-extras.cmake
[16.361s] -- Symlinking: /home/shh/ssafy_gazeboy/ssafy_ws/install/velodyne_gazebo_plugins/share/velodyne_gazebo_plugins/cmake/velodyne_gazebo_pluginsConfig.cmake
[16.372s] -- Symlinking: /home/shh/ssafy_gazeboy/ssafy_ws/install/velodyne_gazebo_plugins/share/velodyne_gazebo_plugins/cmake/velodyne_gazebo_pluginsConfig-version.cmake
[16.386s] -- Symlinking: /home/shh/ssafy_gazeboy/ssafy_ws/install/velodyne_gazebo_plugins/share/velodyne_gazebo_plugins/package.xml
[16.417s] Invoked command in '/home/shh/ssafy_gazeboy/ssafy_ws/build/velodyne_gazebo_plugins' returned '0': CMAKE_PREFIX_PATH=${CMAKE_PREFIX_PATH}:/home/shh/ssafy_gazeboy/ssafy_ws/install/turtlebot3_teleop:/home/shh/ssafy_gazeboy/ssafy_ws/install/turtlebot3_example:/home/shh/ssafy_gazeboy/ssafy_ws/install/250114:/opt/ros/foxy /usr/bin/cmake --install /home/shh/ssafy_gazeboy/ssafy_ws/build/velodyne_gazebo_plugins
