[0.418s] Invoking command in '/home/shh/ssafy_gazeboy/ssafy_ws/build/velodyne_description': CMAKE_PREFIX_PATH=${CMAKE_PREFIX_PATH}:/home/shh/ssafy_gazeboy/ssafy_ws/install/turtlebot3_teleop:/home/shh/ssafy_gazeboy/ssafy_ws/install/turtlebot3_example:/home/shh/ssafy_gazeboy/ssafy_ws/install/250114:/opt/ros/foxy /usr/bin/cmake /home/shh/ssafy_gazeboy/ssafy_ws/src/velodyne_simulator/velodyne_description -DAMENT_CMAKE_SYMLINK_INSTALL=1 -DCMAKE_INSTALL_PREFIX=/home/shh/ssafy_gazeboy/ssafy_ws/install/velodyne_description
[0.471s] -- The C compiler identification is GNU 9.4.0
[0.534s] -- The CXX compiler identification is GNU 9.4.0
[0.539s] -- Check for working C compiler: /usr/bin/cc
[0.639s] -- Check for working C compiler: /usr/bin/cc -- works
[0.639s] -- Detecting C compiler ABI info
[0.738s] -- Detecting C compiler ABI info - done
[0.750s] -- Detecting C compile features
[0.750s] -- Detecting C compile features - done
[0.751s] -- Check for working CXX compiler: /usr/bin/c++
[0.871s] -- Check for working CXX compiler: /usr/bin/c++ -- works
[0.871s] -- Detecting CXX compiler ABI info
[1.013s] -- Detecting CXX compiler ABI info - done
[1.013s] -- Detecting CXX compile features
[1.013s] -- Detecting CXX compile features - done
[1.013s] -- Found ament_cmake: 0.9.12 (/opt/ros/foxy/share/ament_cmake/cmake)
[1.054s] -- Found PythonInterp: /usr/bin/python3 (found suitable version "3.8.10", minimum required is "3") 
[1.054s] -- Using PYTHON_EXECUTABLE: /usr/bin/python3
[1.272s] -- Override CMake install command with custom implementation using symlinks instead of copying resources
[1.419s] -- Configuring done
[1.421s] -- Generating done
[1.422s] -- Build files have been written to: /home/shh/ssafy_gazeboy/ssafy_ws/build/velodyne_description
[1.431s] Invoked command in '/home/shh/ssafy_gazeboy/ssafy_ws/build/velodyne_description' returned '0': CMAKE_PREFIX_PATH=${CMAKE_PREFIX_PATH}:/home/shh/ssafy_gazeboy/ssafy_ws/install/turtlebot3_teleop:/home/shh/ssafy_gazeboy/ssafy_ws/install/turtlebot3_example:/home/shh/ssafy_gazeboy/ssafy_ws/install/250114:/opt/ros/foxy /usr/bin/cmake /home/shh/ssafy_gazeboy/ssafy_ws/src/velodyne_simulator/velodyne_description -DAMENT_CMAKE_SYMLINK_INSTALL=1 -DCMAKE_INSTALL_PREFIX=/home/shh/ssafy_gazeboy/ssafy_ws/install/velodyne_description
[1.434s] Invoking command in '/home/shh/ssafy_gazeboy/ssafy_ws/build/velodyne_description': CMAKE_PREFIX_PATH=${CMAKE_PREFIX_PATH}:/home/shh/ssafy_gazeboy/ssafy_ws/install/turtlebot3_teleop:/home/shh/ssafy_gazeboy/ssafy_ws/install/turtlebot3_example:/home/shh/ssafy_gazeboy/ssafy_ws/install/250114:/opt/ros/foxy /usr/bin/cmake --build /home/shh/ssafy_gazeboy/ssafy_ws/build/velodyne_description -- -j16 -l16
[1.599s] Invoked command in '/home/shh/ssafy_gazeboy/ssafy_ws/build/velodyne_description' returned '0': CMAKE_PREFIX_PATH=${CMAKE_PREFIX_PATH}:/home/shh/ssafy_gazeboy/ssafy_ws/install/turtlebot3_teleop:/home/shh/ssafy_gazeboy/ssafy_ws/install/turtlebot3_example:/home/shh/ssafy_gazeboy/ssafy_ws/install/250114:/opt/ros/foxy /usr/bin/cmake --build /home/shh/ssafy_gazeboy/ssafy_ws/build/velodyne_description -- -j16 -l16
[1.992s] Invoking command in '/home/shh/ssafy_gazeboy/ssafy_ws/build/velodyne_description': CMAKE_PREFIX_PATH=${CMAKE_PREFIX_PATH}:/home/shh/ssafy_gazeboy/ssafy_ws/install/turtlebot3_teleop:/home/shh/ssafy_gazeboy/ssafy_ws/install/turtlebot3_example:/home/shh/ssafy_gazeboy/ssafy_ws/install/250114:/opt/ros/foxy /usr/bin/cmake --install /home/shh/ssafy_gazeboy/ssafy_ws/build/velodyne_description
[2.005s] -- Install configuration: ""
[2.005s] -- Execute custom install script
[2.005s] -- Symlinking: /home/shh/ssafy_gazeboy/ssafy_ws/install/velodyne_description/share/velodyne_description/launch/example.launch.py
[2.014s] -- Symlinking: /home/shh/ssafy_gazeboy/ssafy_ws/install/velodyne_description/share/velodyne_description/meshes/HDL32E_base.dae
[2.028s] -- Symlinking: /home/shh/ssafy_gazeboy/ssafy_ws/install/velodyne_description/share/velodyne_description/meshes/HDL32E_base.stl
[2.035s] -- Symlinking: /home/shh/ssafy_gazeboy/ssafy_ws/install/velodyne_description/share/velodyne_description/meshes/HDL32E_scan.dae
[2.050s] -- Symlinking: /home/shh/ssafy_gazeboy/ssafy_ws/install/velodyne_description/share/velodyne_description/meshes/HDL32E_scan.stl
[2.065s] -- Symlinking: /home/shh/ssafy_gazeboy/ssafy_ws/install/velodyne_description/share/velodyne_description/meshes/VLP16_base_1.dae
[2.080s] -- Symlinking: /home/shh/ssafy_gazeboy/ssafy_ws/install/velodyne_description/share/velodyne_description/meshes/VLP16_base_1.stl
[2.095s] -- Symlinking: /home/shh/ssafy_gazeboy/ssafy_ws/install/velodyne_description/share/velodyne_description/meshes/VLP16_base_2.dae
[2.109s] -- Symlinking: /home/shh/ssafy_gazeboy/ssafy_ws/install/velodyne_description/share/velodyne_description/meshes/VLP16_base_2.stl
[2.125s] -- Symlinking: /home/shh/ssafy_gazeboy/ssafy_ws/install/velodyne_description/share/velodyne_description/meshes/VLP16_scan.dae
[2.139s] -- Symlinking: /home/shh/ssafy_gazeboy/ssafy_ws/install/velodyne_description/share/velodyne_description/meshes/VLP16_scan.stl
[2.153s] -- Symlinking: /home/shh/ssafy_gazeboy/ssafy_ws/install/velodyne_description/share/velodyne_description/rviz/example.rviz
[2.167s] -- Symlinking: /home/shh/ssafy_gazeboy/ssafy_ws/install/velodyne_description/share/velodyne_description/urdf/HDL-32E.urdf.xacro
[2.187s] -- Symlinking: /home/shh/ssafy_gazeboy/ssafy_ws/install/velodyne_description/share/velodyne_description/urdf/VLP-16.urdf.xacro
[2.196s] -- Symlinking: /home/shh/ssafy_gazeboy/ssafy_ws/install/velodyne_description/share/velodyne_description/urdf/example.urdf.xacro
[2.214s] -- Symlinking: /home/shh/ssafy_gazeboy/ssafy_ws/install/velodyne_description/share/velodyne_description/world/example.world
[2.228s] -- Symlinking: /home/shh/ssafy_gazeboy/ssafy_ws/install/velodyne_description/share/velodyne_description/environment/velodyne_description.dsv
[2.250s] -- Symlinking: /home/shh/ssafy_gazeboy/ssafy_ws/install/velodyne_description/share/ament_index/resource_index/package_run_dependencies/velodyne_description
[2.258s] -- Symlinking: /home/shh/ssafy_gazeboy/ssafy_ws/install/velodyne_description/share/ament_index/resource_index/parent_prefix_path/velodyne_description
[2.268s] -- Symlinking: /home/shh/ssafy_gazeboy/ssafy_ws/install/velodyne_description/share/velodyne_description/environment/ament_prefix_path.sh
[2.284s] -- Symlinking: /home/shh/ssafy_gazeboy/ssafy_ws/install/velodyne_description/share/velodyne_description/environment/ament_prefix_path.dsv
[2.298s] -- Symlinking: /home/shh/ssafy_gazeboy/ssafy_ws/install/velodyne_description/share/velodyne_description/environment/path.sh
[2.317s] -- Symlinking: /home/shh/ssafy_gazeboy/ssafy_ws/install/velodyne_description/share/velodyne_description/environment/path.dsv
[2.325s] -- Symlinking: /home/shh/ssafy_gazeboy/ssafy_ws/install/velodyne_description/share/velodyne_description/local_setup.bash
[2.335s] -- Symlinking: /home/shh/ssafy_gazeboy/ssafy_ws/install/velodyne_description/share/velodyne_description/local_setup.sh
[2.353s] -- Symlinking: /home/shh/ssafy_gazeboy/ssafy_ws/install/velodyne_description/share/velodyne_description/local_setup.zsh
[2.364s] -- Symlinking: /home/shh/ssafy_gazeboy/ssafy_ws/install/velodyne_description/share/velodyne_description/local_setup.dsv
[2.383s] -- Symlinking: /home/shh/ssafy_gazeboy/ssafy_ws/install/velodyne_description/share/velodyne_description/package.dsv
[2.392s] -- Symlinking: /home/shh/ssafy_gazeboy/ssafy_ws/install/velodyne_description/share/ament_index/resource_index/packages/velodyne_description
[2.404s] -- Symlinking: /home/shh/ssafy_gazeboy/ssafy_ws/install/velodyne_description/share/velodyne_description/cmake/velodyne_descriptionConfig.cmake
[2.424s] -- Symlinking: /home/shh/ssafy_gazeboy/ssafy_ws/install/velodyne_description/share/velodyne_description/cmake/velodyne_descriptionConfig-version.cmake
[2.442s] -- Symlinking: /home/shh/ssafy_gazeboy/ssafy_ws/install/velodyne_description/share/velodyne_description/package.xml
[2.464s] Invoked command in '/home/shh/ssafy_gazeboy/ssafy_ws/build/velodyne_description' returned '0': CMAKE_PREFIX_PATH=${CMAKE_PREFIX_PATH}:/home/shh/ssafy_gazeboy/ssafy_ws/install/turtlebot3_teleop:/home/shh/ssafy_gazeboy/ssafy_ws/install/turtlebot3_example:/home/shh/ssafy_gazeboy/ssafy_ws/install/250114:/opt/ros/foxy /usr/bin/cmake --install /home/shh/ssafy_gazeboy/ssafy_ws/build/velodyne_description
