[0.070s] Invoking command in '/home/shh/ssafy_gazeboy/ssafy_ws/build/turtlebot3_gazebo': CMAKE_PREFIX_PATH=/home/shh/ssafy_gazeboy/ssafy_ws/install/velodyne_description:/home/shh/ssafy_gazeboy/ssafy_ws/install/turtlebot3_description:/home/shh/ssafy_gazeboy/ssafy_ws/install/velodyne_simulator:/home/shh/ssafy_gazeboy/ssafy_ws/install/velodyne_gazebo_plugins:/home/shh/ssafy_gazeboy/ssafy_ws/install/turtlebot3_simulations:/home/shh/ssafy_gazeboy/ssafy_ws/install/turtlebot3_gazebo:/home/shh/ssafy_gazeboy/ssafy_ws/install/teleop_twist_keyboard:/opt/ros/foxy /usr/bin/cmake --build /home/shh/ssafy_gazeboy/ssafy_ws/build/turtlebot3_gazebo -- -j16 -l16
[0.149s] [ 25%] Built target obstacle1
[0.154s] [ 50%] Built target obstacles
[0.161s] [ 75%] Built target obstacle2
[0.163s] [100%] Built target turtlebot3_drive
[0.192s] Invoked command in '/home/shh/ssafy_gazeboy/ssafy_ws/build/turtlebot3_gazebo' returned '0': CMAKE_PREFIX_PATH=/home/shh/ssafy_gazeboy/ssafy_ws/install/velodyne_description:/home/shh/ssafy_gazeboy/ssafy_ws/install/turtlebot3_description:/home/shh/ssafy_gazeboy/ssafy_ws/install/velodyne_simulator:/home/shh/ssafy_gazeboy/ssafy_ws/install/velodyne_gazebo_plugins:/home/shh/ssafy_gazeboy/ssafy_ws/install/turtlebot3_simulations:/home/shh/ssafy_gazeboy/ssafy_ws/install/turtlebot3_gazebo:/home/shh/ssafy_gazeboy/ssafy_ws/install/teleop_twist_keyboard:/opt/ros/foxy /usr/bin/cmake --build /home/shh/ssafy_gazeboy/ssafy_ws/build/turtlebot3_gazebo -- -j16 -l16
[0.261s] Invoking command in '/home/shh/ssafy_gazeboy/ssafy_ws/build/turtlebot3_gazebo': CMAKE_PREFIX_PATH=/home/shh/ssafy_gazeboy/ssafy_ws/install/velodyne_description:/home/shh/ssafy_gazeboy/ssafy_ws/install/turtlebot3_description:/home/shh/ssafy_gazeboy/ssafy_ws/install/velodyne_simulator:/home/shh/ssafy_gazeboy/ssafy_ws/install/velodyne_gazebo_plugins:/home/shh/ssafy_gazeboy/ssafy_ws/install/turtlebot3_simulations:/home/shh/ssafy_gazeboy/ssafy_ws/install/turtlebot3_gazebo:/home/shh/ssafy_gazeboy/ssafy_ws/install/teleop_twist_keyboard:/opt/ros/foxy /usr/bin/cmake --install /home/shh/ssafy_gazeboy/ssafy_ws/build/turtlebot3_gazebo
[0.292s] -- Install configuration: ""
[0.292s] -- Execute custom install script
[0.293s] -- Up-to-date symlink: /home/shh/ssafy_gazeboy/ssafy_ws/install/turtlebot3_gazebo/lib/turtlebot3_gazebo/turtlebot3_drive
[0.293s] -- Up-to-date symlink: /home/shh/ssafy_gazeboy/ssafy_ws/install/turtlebot3_gazebo/share/turtlebot3_gazebo//launch/multi_turtlebot3_velodyne_world.launch.py
[0.293s] -- Up-to-date symlink: /home/shh/ssafy_gazeboy/ssafy_ws/install/turtlebot3_gazebo/share/turtlebot3_gazebo//launch/multi_turtlebot3_world.launch.py
[0.294s] -- Up-to-date symlink: /home/shh/ssafy_gazeboy/ssafy_ws/install/turtlebot3_gazebo/share/turtlebot3_gazebo//launch/robot_state_publisher.launch.py
[0.294s] -- Up-to-date symlink: /home/shh/ssafy_gazeboy/ssafy_ws/install/turtlebot3_gazebo/share/turtlebot3_gazebo//launch/turtlebot3_burger.launch.py
[0.294s] -- Up-to-date symlink: /home/shh/ssafy_gazeboy/ssafy_ws/install/turtlebot3_gazebo/share/turtlebot3_gazebo//launch/turtlebot3_velodyne_burger.launch.py
[0.294s] -- Symlinking: /home/shh/ssafy_gazeboy/ssafy_ws/install/turtlebot3_gazebo/share/turtlebot3_gazebo//models/aws_robomaker_warehouse_Bucket_01/.DS_Store
[0.302s] -- Symlinking: /home/shh/ssafy_gazeboy/ssafy_ws/install/turtlebot3_gazebo/share/turtlebot3_gazebo//models/aws_robomaker_warehouse_Bucket_01/materials/.DS_Store
[0.316s] -- Symlinking: /home/shh/ssafy_gazeboy/ssafy_ws/install/turtlebot3_gazebo/share/turtlebot3_gazebo//models/aws_robomaker_warehouse_Bucket_01/materials/textures/aws_robomaker_warehouse_Bucket_01.png
[0.328s] -- Symlinking: /home/shh/ssafy_gazeboy/ssafy_ws/install/turtlebot3_gazebo/share/turtlebot3_gazebo//models/aws_robomaker_warehouse_Bucket_01/meshes/aws_robomaker_warehouse_Bucket_01_collision.DAE
[0.340s] -- Symlinking: /home/shh/ssafy_gazeboy/ssafy_ws/install/turtlebot3_gazebo/share/turtlebot3_gazebo//models/aws_robomaker_warehouse_Bucket_01/meshes/aws_robomaker_warehouse_Bucket_01_visual.DAE
[0.354s] -- Symlinking: /home/shh/ssafy_gazeboy/ssafy_ws/install/turtlebot3_gazebo/share/turtlebot3_gazebo//models/aws_robomaker_warehouse_Bucket_01/model.config
[0.370s] -- Symlinking: /home/shh/ssafy_gazeboy/ssafy_ws/install/turtlebot3_gazebo/share/turtlebot3_gazebo//models/aws_robomaker_warehouse_Bucket_01/model.sdf
[0.388s] -- Symlinking: /home/shh/ssafy_gazeboy/ssafy_ws/install/turtlebot3_gazebo/share/turtlebot3_gazebo//models/aws_robomaker_warehouse_ClutteringA_01/.DS_Store
[0.404s] -- Symlinking: /home/shh/ssafy_gazeboy/ssafy_ws/install/turtlebot3_gazebo/share/turtlebot3_gazebo//models/aws_robomaker_warehouse_ClutteringA_01/materials/.DS_Store
[0.423s] -- Symlinking: /home/shh/ssafy_gazeboy/ssafy_ws/install/turtlebot3_gazebo/share/turtlebot3_gazebo//models/aws_robomaker_warehouse_ClutteringA_01/materials/textures/.DS_Store
[0.435s] -- Symlinking: /home/shh/ssafy_gazeboy/ssafy_ws/install/turtlebot3_gazebo/share/turtlebot3_gazebo//models/aws_robomaker_warehouse_ClutteringA_01/materials/textures/aws_robomaker_warehouse_ClutteringA_01.png
[0.449s] -- Symlinking: /home/shh/ssafy_gazeboy/ssafy_ws/install/turtlebot3_gazebo/share/turtlebot3_gazebo//models/aws_robomaker_warehouse_ClutteringA_01/materials/textures/aws_robomaker_warehouse_ClutteringA_02.png
[0.459s] -- Symlinking: /home/shh/ssafy_gazeboy/ssafy_ws/install/turtlebot3_gazebo/share/turtlebot3_gazebo//models/aws_robomaker_warehouse_ClutteringA_01/materials/textures/aws_robomaker_warehouse_ClutteringA_03.png
[0.477s] -- Symlinking: /home/shh/ssafy_gazeboy/ssafy_ws/install/turtlebot3_gazebo/share/turtlebot3_gazebo//models/aws_robomaker_warehouse_ClutteringA_01/meshes/aws_robomaker_warehouse_ClutteringA_01_collision.DAE
[0.500s] -- Symlinking: /home/shh/ssafy_gazeboy/ssafy_ws/install/turtlebot3_gazebo/share/turtlebot3_gazebo//models/aws_robomaker_warehouse_ClutteringA_01/meshes/aws_robomaker_warehouse_ClutteringA_01_visual.DAE
[0.515s] -- Symlinking: /home/shh/ssafy_gazeboy/ssafy_ws/install/turtlebot3_gazebo/share/turtlebot3_gazebo//models/aws_robomaker_warehouse_ClutteringA_01/model.config
[0.531s] -- Symlinking: /home/shh/ssafy_gazeboy/ssafy_ws/install/turtlebot3_gazebo/share/turtlebot3_gazebo//models/aws_robomaker_warehouse_ClutteringA_01/model.sdf
[0.549s] -- Symlinking: /home/shh/ssafy_gazeboy/ssafy_ws/install/turtlebot3_gazebo/share/turtlebot3_gazebo//models/aws_robomaker_warehouse_ClutteringC_01/materials/textures/aws_robomaker_warehouse_ClutteringC_01.png
[0.563s] -- Symlinking: /home/shh/ssafy_gazeboy/ssafy_ws/install/turtlebot3_gazebo/share/turtlebot3_gazebo//models/aws_robomaker_warehouse_ClutteringC_01/materials/textures/aws_robomaker_warehouse_ClutteringC_02.png
[0.575s] -- Symlinking: /home/shh/ssafy_gazeboy/ssafy_ws/install/turtlebot3_gazebo/share/turtlebot3_gazebo//models/aws_robomaker_warehouse_ClutteringC_01/meshes/aws_robomaker_warehouse_ClutteringC_01_collision.DAE
[0.586s] -- Symlinking: /home/shh/ssafy_gazeboy/ssafy_ws/install/turtlebot3_gazebo/share/turtlebot3_gazebo//models/aws_robomaker_warehouse_ClutteringC_01/meshes/aws_robomaker_warehouse_ClutteringC_01_visual.DAE
[0.604s] -- Symlinking: /home/shh/ssafy_gazeboy/ssafy_ws/install/turtlebot3_gazebo/share/turtlebot3_gazebo//models/aws_robomaker_warehouse_ClutteringC_01/model.config
[0.616s] -- Symlinking: /home/shh/ssafy_gazeboy/ssafy_ws/install/turtlebot3_gazebo/share/turtlebot3_gazebo//models/aws_robomaker_warehouse_ClutteringC_01/model.sdf
[0.631s] -- Symlinking: /home/shh/ssafy_gazeboy/ssafy_ws/install/turtlebot3_gazebo/share/turtlebot3_gazebo//models/aws_robomaker_warehouse_ClutteringD_01/materials/textures/aws_robomaker_warehouse_ClutteringD_01.png
[0.648s] -- Symlinking: /home/shh/ssafy_gazeboy/ssafy_ws/install/turtlebot3_gazebo/share/turtlebot3_gazebo//models/aws_robomaker_warehouse_ClutteringD_01/materials/textures/aws_robomaker_warehouse_ClutteringD_02.png
[0.665s] -- Symlinking: /home/shh/ssafy_gazeboy/ssafy_ws/install/turtlebot3_gazebo/share/turtlebot3_gazebo//models/aws_robomaker_warehouse_ClutteringD_01/meshes/aws_robomaker_warehouse_ClutteringD_01_collision.DAE
[0.681s] -- Symlinking: /home/shh/ssafy_gazeboy/ssafy_ws/install/turtlebot3_gazebo/share/turtlebot3_gazebo//models/aws_robomaker_warehouse_ClutteringD_01/meshes/aws_robomaker_warehouse_ClutteringD_01_visual.DAE
[0.693s] -- Symlinking: /home/shh/ssafy_gazeboy/ssafy_ws/install/turtlebot3_gazebo/share/turtlebot3_gazebo//models/aws_robomaker_warehouse_ClutteringD_01/model.config
[0.705s] -- Symlinking: /home/shh/ssafy_gazeboy/ssafy_ws/install/turtlebot3_gazebo/share/turtlebot3_gazebo//models/aws_robomaker_warehouse_ClutteringD_01/model.sdf
[0.721s] -- Symlinking: /home/shh/ssafy_gazeboy/ssafy_ws/install/turtlebot3_gazebo/share/turtlebot3_gazebo//models/aws_robomaker_warehouse_DeskC_01/materials/.DS_Store
[0.736s] -- Symlinking: /home/shh/ssafy_gazeboy/ssafy_ws/install/turtlebot3_gazebo/share/turtlebot3_gazebo//models/aws_robomaker_warehouse_DeskC_01/materials/textures/aws_robomaker_warehouse_DeskC_01.png
[0.756s] -- Symlinking: /home/shh/ssafy_gazeboy/ssafy_ws/install/turtlebot3_gazebo/share/turtlebot3_gazebo//models/aws_robomaker_warehouse_DeskC_01/materials/textures/aws_robomaker_warehouse_DeskC_02.png
[0.780s] -- Symlinking: /home/shh/ssafy_gazeboy/ssafy_ws/install/turtlebot3_gazebo/share/turtlebot3_gazebo//models/aws_robomaker_warehouse_DeskC_01/materials/textures/aws_robomaker_warehouse_DeskC_03.png
[0.786s] -- Symlinking: /home/shh/ssafy_gazeboy/ssafy_ws/install/turtlebot3_gazebo/share/turtlebot3_gazebo//models/aws_robomaker_warehouse_DeskC_01/materials/textures/aws_robomaker_warehouse_DeskC_03.psd
[0.799s] -- Symlinking: /home/shh/ssafy_gazeboy/ssafy_ws/install/turtlebot3_gazebo/share/turtlebot3_gazebo//models/aws_robomaker_warehouse_DeskC_01/materials/textures/aws_robomaker_warehouse_DeskC_04.png
[0.817s] -- Symlinking: /home/shh/ssafy_gazeboy/ssafy_ws/install/turtlebot3_gazebo/share/turtlebot3_gazebo//models/aws_robomaker_warehouse_DeskC_01/meshes/aws_robomaker_warehouse_DeskC_01_collision.DAE
[0.834s] -- Symlinking: /home/shh/ssafy_gazeboy/ssafy_ws/install/turtlebot3_gazebo/share/turtlebot3_gazebo//models/aws_robomaker_warehouse_DeskC_01/meshes/aws_robomaker_warehouse_DeskC_01_visual.DAE
[0.850s] -- Symlinking: /home/shh/ssafy_gazeboy/ssafy_ws/install/turtlebot3_gazebo/share/turtlebot3_gazebo//models/aws_robomaker_warehouse_DeskC_01/model.config
[0.869s] -- Symlinking: /home/shh/ssafy_gazeboy/ssafy_ws/install/turtlebot3_gazebo/share/turtlebot3_gazebo//models/aws_robomaker_warehouse_DeskC_01/model.sdf
[0.881s] -- Symlinking: /home/shh/ssafy_gazeboy/ssafy_ws/install/turtlebot3_gazebo/share/turtlebot3_gazebo//models/aws_robomaker_warehouse_GroundB_01/materials/textures/aws_robomaker_warehouse_GroundB_01.png
[0.902s] -- Symlinking: /home/shh/ssafy_gazeboy/ssafy_ws/install/turtlebot3_gazebo/share/turtlebot3_gazebo//models/aws_robomaker_warehouse_GroundB_01/materials/textures/aws_robomaker_warehouse_GroundB_02.png
[0.923s] -- Symlinking: /home/shh/ssafy_gazeboy/ssafy_ws/install/turtlebot3_gazebo/share/turtlebot3_gazebo//models/aws_robomaker_warehouse_GroundB_01/meshes/aws_robomaker_warehouse_GroundB_01_collision.DAE
[0.939s] -- Symlinking: /home/shh/ssafy_gazeboy/ssafy_ws/install/turtlebot3_gazebo/share/turtlebot3_gazebo//models/aws_robomaker_warehouse_GroundB_01/meshes/aws_robomaker_warehouse_GroundB_01_visual.DAE
[0.955s] -- Symlinking: /home/shh/ssafy_gazeboy/ssafy_ws/install/turtlebot3_gazebo/share/turtlebot3_gazebo//models/aws_robomaker_warehouse_GroundB_01/model.config
[0.965s] -- Symlinking: /home/shh/ssafy_gazeboy/ssafy_ws/install/turtlebot3_gazebo/share/turtlebot3_gazebo//models/aws_robomaker_warehouse_GroundB_01/model.sdf
[0.987s] -- Symlinking: /home/shh/ssafy_gazeboy/ssafy_ws/install/turtlebot3_gazebo/share/turtlebot3_gazebo//models/aws_robomaker_warehouse_Lamp_01/materials/textures/aws_robomaker_warehouse_Lamp_01.png
[1.003s] -- Symlinking: /home/shh/ssafy_gazeboy/ssafy_ws/install/turtlebot3_gazebo/share/turtlebot3_gazebo//models/aws_robomaker_warehouse_Lamp_01/meshes/aws_robomaker_warehouse_Lamp_01_collision.DAE
[1.019s] -- Symlinking: /home/shh/ssafy_gazeboy/ssafy_ws/install/turtlebot3_gazebo/share/turtlebot3_gazebo//models/aws_robomaker_warehouse_Lamp_01/meshes/aws_robomaker_warehouse_Lamp_01_visual.DAE
[1.030s] -- Symlinking: /home/shh/ssafy_gazeboy/ssafy_ws/install/turtlebot3_gazebo/share/turtlebot3_gazebo//models/aws_robomaker_warehouse_Lamp_01/model.config
[1.040s] -- Symlinking: /home/shh/ssafy_gazeboy/ssafy_ws/install/turtlebot3_gazebo/share/turtlebot3_gazebo//models/aws_robomaker_warehouse_Lamp_01/model.sdf
[1.051s] -- Symlinking: /home/shh/ssafy_gazeboy/ssafy_ws/install/turtlebot3_gazebo/share/turtlebot3_gazebo//models/aws_robomaker_warehouse_PalletJackB_01/.DS_Store
[1.061s] -- Symlinking: /home/shh/ssafy_gazeboy/ssafy_ws/install/turtlebot3_gazebo/share/turtlebot3_gazebo//models/aws_robomaker_warehouse_PalletJackB_01/materials/.DS_Store
[1.076s] -- Symlinking: /home/shh/ssafy_gazeboy/ssafy_ws/install/turtlebot3_gazebo/share/turtlebot3_gazebo//models/aws_robomaker_warehouse_PalletJackB_01/materials/textures/aws_robomaker_warehouse_PalletJackB_01.png
[1.096s] -- Symlinking: /home/shh/ssafy_gazeboy/ssafy_ws/install/turtlebot3_gazebo/share/turtlebot3_gazebo//models/aws_robomaker_warehouse_PalletJackB_01/materials/textures/aws_robomaker_warehouse_PalletJackB_02.png
[1.110s] -- Symlinking: /home/shh/ssafy_gazeboy/ssafy_ws/install/turtlebot3_gazebo/share/turtlebot3_gazebo//models/aws_robomaker_warehouse_PalletJackB_01/meshes/aws_robomaker_warehouse_PalletJackB_01_collision.DAE
[1.126s] -- Symlinking: /home/shh/ssafy_gazeboy/ssafy_ws/install/turtlebot3_gazebo/share/turtlebot3_gazebo//models/aws_robomaker_warehouse_PalletJackB_01/meshes/aws_robomaker_warehouse_PalletJackB_01_visual.DAE
[1.143s] -- Symlinking: /home/shh/ssafy_gazeboy/ssafy_ws/install/turtlebot3_gazebo/share/turtlebot3_gazebo//models/aws_robomaker_warehouse_PalletJackB_01/model.config
[1.159s] -- Symlinking: /home/shh/ssafy_gazeboy/ssafy_ws/install/turtlebot3_gazebo/share/turtlebot3_gazebo//models/aws_robomaker_warehouse_PalletJackB_01/model.sdf
[1.178s] -- Symlinking: /home/shh/ssafy_gazeboy/ssafy_ws/install/turtlebot3_gazebo/share/turtlebot3_gazebo//models/aws_robomaker_warehouse_RoofB_01/materials/textures/aws_robomaker_warehouse_RoofB_01.png
[1.194s] -- Symlinking: /home/shh/ssafy_gazeboy/ssafy_ws/install/turtlebot3_gazebo/share/turtlebot3_gazebo//models/aws_robomaker_warehouse_RoofB_01/meshes/aws_robomaker_warehouse_RoofB_01_collision.DAE
[1.214s] -- Symlinking: /home/shh/ssafy_gazeboy/ssafy_ws/install/turtlebot3_gazebo/share/turtlebot3_gazebo//models/aws_robomaker_warehouse_RoofB_01/meshes/aws_robomaker_warehouse_RoofB_01_visual.DAE
[1.230s] -- Symlinking: /home/shh/ssafy_gazeboy/ssafy_ws/install/turtlebot3_gazebo/share/turtlebot3_gazebo//models/aws_robomaker_warehouse_RoofB_01/model.config
[1.240s] -- Symlinking: /home/shh/ssafy_gazeboy/ssafy_ws/install/turtlebot3_gazebo/share/turtlebot3_gazebo//models/aws_robomaker_warehouse_RoofB_01/model.sdf
[1.259s] -- Symlinking: /home/shh/ssafy_gazeboy/ssafy_ws/install/turtlebot3_gazebo/share/turtlebot3_gazebo//models/aws_robomaker_warehouse_ShelfD_01/materials/textures/aws_robomaker_warehouse_ShelfD_01.png
[1.274s] -- Symlinking: /home/shh/ssafy_gazeboy/ssafy_ws/install/turtlebot3_gazebo/share/turtlebot3_gazebo//models/aws_robomaker_warehouse_ShelfD_01/materials/textures/aws_robomaker_warehouse_ShelfD_02.png
[1.284s] -- Symlinking: /home/shh/ssafy_gazeboy/ssafy_ws/install/turtlebot3_gazebo/share/turtlebot3_gazebo//models/aws_robomaker_warehouse_ShelfD_01/materials/textures/aws_robomaker_warehouse_ShelfD_03.png
[1.301s] -- Symlinking: /home/shh/ssafy_gazeboy/ssafy_ws/install/turtlebot3_gazebo/share/turtlebot3_gazebo//models/aws_robomaker_warehouse_ShelfD_01/materials/textures/aws_robomaker_warehouse_ShelfD_04.png
[1.315s] -- Symlinking: /home/shh/ssafy_gazeboy/ssafy_ws/install/turtlebot3_gazebo/share/turtlebot3_gazebo//models/aws_robomaker_warehouse_ShelfD_01/meshes/aws_robomaker_warehouse_ShelfD_01_collision.DAE
[1.325s] -- Symlinking: /home/shh/ssafy_gazeboy/ssafy_ws/install/turtlebot3_gazebo/share/turtlebot3_gazebo//models/aws_robomaker_warehouse_ShelfD_01/meshes/aws_robomaker_warehouse_ShelfD_01_visual.DAE
[1.337s] -- Symlinking: /home/shh/ssafy_gazeboy/ssafy_ws/install/turtlebot3_gazebo/share/turtlebot3_gazebo//models/aws_robomaker_warehouse_ShelfD_01/model.config
[1.349s] -- Symlinking: /home/shh/ssafy_gazeboy/ssafy_ws/install/turtlebot3_gazebo/share/turtlebot3_gazebo//models/aws_robomaker_warehouse_ShelfD_01/model.sdf
[1.366s] -- Symlinking: /home/shh/ssafy_gazeboy/ssafy_ws/install/turtlebot3_gazebo/share/turtlebot3_gazebo//models/aws_robomaker_warehouse_ShelfE_01/.DS_Store
[1.382s] -- Symlinking: /home/shh/ssafy_gazeboy/ssafy_ws/install/turtlebot3_gazebo/share/turtlebot3_gazebo//models/aws_robomaker_warehouse_ShelfE_01/materials/.DS_Store
[1.400s] -- Symlinking: /home/shh/ssafy_gazeboy/ssafy_ws/install/turtlebot3_gazebo/share/turtlebot3_gazebo//models/aws_robomaker_warehouse_ShelfE_01/materials/textures/aws_robomaker_warehouse_ShelfE_01.png
[1.419s] -- Symlinking: /home/shh/ssafy_gazeboy/ssafy_ws/install/turtlebot3_gazebo/share/turtlebot3_gazebo//models/aws_robomaker_warehouse_ShelfE_01/materials/textures/aws_robomaker_warehouse_ShelfE_02.png
[1.429s] -- Symlinking: /home/shh/ssafy_gazeboy/ssafy_ws/install/turtlebot3_gazebo/share/turtlebot3_gazebo//models/aws_robomaker_warehouse_ShelfE_01/materials/textures/aws_robomaker_warehouse_ShelfE_03.png
[1.439s] -- Symlinking: /home/shh/ssafy_gazeboy/ssafy_ws/install/turtlebot3_gazebo/share/turtlebot3_gazebo//models/aws_robomaker_warehouse_ShelfE_01/materials/textures/aws_robomaker_warehouse_ShelfE_04.png
[1.454s] -- Symlinking: /home/shh/ssafy_gazeboy/ssafy_ws/install/turtlebot3_gazebo/share/turtlebot3_gazebo//models/aws_robomaker_warehouse_ShelfE_01/meshes/aws_robomaker_warehouse_ShelfE_01_collision.DAE
[1.471s] -- Symlinking: /home/shh/ssafy_gazeboy/ssafy_ws/install/turtlebot3_gazebo/share/turtlebot3_gazebo//models/aws_robomaker_warehouse_ShelfE_01/meshes/aws_robomaker_warehouse_ShelfE_01_visual.DAE
[1.491s] -- Symlinking: /home/shh/ssafy_gazeboy/ssafy_ws/install/turtlebot3_gazebo/share/turtlebot3_gazebo//models/aws_robomaker_warehouse_ShelfE_01/model.config
[1.501s] -- Symlinking: /home/shh/ssafy_gazeboy/ssafy_ws/install/turtlebot3_gazebo/share/turtlebot3_gazebo//models/aws_robomaker_warehouse_ShelfE_01/model.sdf
[1.523s] -- Symlinking: /home/shh/ssafy_gazeboy/ssafy_ws/install/turtlebot3_gazebo/share/turtlebot3_gazebo//models/aws_robomaker_warehouse_ShelfF_01/materials/textures/aws_robomaker_warehouse_ShelfF_01.png
[1.534s] -- Symlinking: /home/shh/ssafy_gazeboy/ssafy_ws/install/turtlebot3_gazebo/share/turtlebot3_gazebo//models/aws_robomaker_warehouse_ShelfF_01/materials/textures/aws_robomaker_warehouse_ShelfF_02.png
[1.545s] -- Symlinking: /home/shh/ssafy_gazeboy/ssafy_ws/install/turtlebot3_gazebo/share/turtlebot3_gazebo//models/aws_robomaker_warehouse_ShelfF_01/materials/textures/aws_robomaker_warehouse_ShelfF_03.png
[1.557s] -- Symlinking: /home/shh/ssafy_gazeboy/ssafy_ws/install/turtlebot3_gazebo/share/turtlebot3_gazebo//models/aws_robomaker_warehouse_ShelfF_01/meshes/aws_robomaker_warehouse_ShelfF_01_collision.DAE
[1.571s] -- Symlinking: /home/shh/ssafy_gazeboy/ssafy_ws/install/turtlebot3_gazebo/share/turtlebot3_gazebo//models/aws_robomaker_warehouse_ShelfF_01/meshes/aws_robomaker_warehouse_ShelfF_01_visual.DAE
[1.581s] -- Symlinking: /home/shh/ssafy_gazeboy/ssafy_ws/install/turtlebot3_gazebo/share/turtlebot3_gazebo//models/aws_robomaker_warehouse_ShelfF_01/model.config
[1.600s] -- Symlinking: /home/shh/ssafy_gazeboy/ssafy_ws/install/turtlebot3_gazebo/share/turtlebot3_gazebo//models/aws_robomaker_warehouse_ShelfF_01/model.sdf
[1.616s] -- Symlinking: /home/shh/ssafy_gazeboy/ssafy_ws/install/turtlebot3_gazebo/share/turtlebot3_gazebo//models/aws_robomaker_warehouse_TrashCanC_01/materials/textures/aws_robomaker_warehouse_TrashCanC_01.png
[1.627s] -- Symlinking: /home/shh/ssafy_gazeboy/ssafy_ws/install/turtlebot3_gazebo/share/turtlebot3_gazebo//models/aws_robomaker_warehouse_TrashCanC_01/meshes/aws_robomaker_warehouse_TrashCanC_01_collision.DAE
[1.638s] -- Symlinking: /home/shh/ssafy_gazeboy/ssafy_ws/install/turtlebot3_gazebo/share/turtlebot3_gazebo//models/aws_robomaker_warehouse_TrashCanC_01/meshes/aws_robomaker_warehouse_TrashCanC_01_visual.DAE
[1.649s] -- Symlinking: /home/shh/ssafy_gazeboy/ssafy_ws/install/turtlebot3_gazebo/share/turtlebot3_gazebo//models/aws_robomaker_warehouse_TrashCanC_01/model.config
[1.659s] -- Symlinking: /home/shh/ssafy_gazeboy/ssafy_ws/install/turtlebot3_gazebo/share/turtlebot3_gazebo//models/aws_robomaker_warehouse_TrashCanC_01/model.sdf
[1.670s] -- Symlinking: /home/shh/ssafy_gazeboy/ssafy_ws/install/turtlebot3_gazebo/share/turtlebot3_gazebo//models/aws_robomaker_warehouse_WallB_01/materials/textures/aws_robomaker_warehouse_WallB_01.png
[1.680s] -- Symlinking: /home/shh/ssafy_gazeboy/ssafy_ws/install/turtlebot3_gazebo/share/turtlebot3_gazebo//models/aws_robomaker_warehouse_WallB_01/meshes/aws_robomaker_warehouse_WallB_01_collision.DAE
[1.691s] -- Symlinking: /home/shh/ssafy_gazeboy/ssafy_ws/install/turtlebot3_gazebo/share/turtlebot3_gazebo//models/aws_robomaker_warehouse_WallB_01/meshes/aws_robomaker_warehouse_WallB_01_visual.DAE
[1.701s] -- Symlinking: /home/shh/ssafy_gazeboy/ssafy_ws/install/turtlebot3_gazebo/share/turtlebot3_gazebo//models/aws_robomaker_warehouse_WallB_01/model.config
[1.712s] -- Symlinking: /home/shh/ssafy_gazeboy/ssafy_ws/install/turtlebot3_gazebo/share/turtlebot3_gazebo//models/aws_robomaker_warehouse_WallB_01/model.sdf
[1.722s] -- Up-to-date symlink: /home/shh/ssafy_gazeboy/ssafy_ws/install/turtlebot3_gazebo/share/turtlebot3_gazebo//models/turtlebot3_autorace/course/materials/scripts/course.material
[1.722s] -- Up-to-date symlink: /home/shh/ssafy_gazeboy/ssafy_ws/install/turtlebot3_gazebo/share/turtlebot3_gazebo//models/turtlebot3_autorace/course/materials/textures/course.png
[1.722s] -- Up-to-date symlink: /home/shh/ssafy_gazeboy/ssafy_ws/install/turtlebot3_gazebo/share/turtlebot3_gazebo//models/turtlebot3_autorace/course/model.config
[1.723s] -- Up-to-date symlink: /home/shh/ssafy_gazeboy/ssafy_ws/install/turtlebot3_gazebo/share/turtlebot3_gazebo//models/turtlebot3_autorace/course/model.sdf
[1.723s] -- Up-to-date symlink: /home/shh/ssafy_gazeboy/ssafy_ws/install/turtlebot3_gazebo/share/turtlebot3_gazebo//models/turtlebot3_autorace/ground/model.config
[1.724s] -- Up-to-date symlink: /home/shh/ssafy_gazeboy/ssafy_ws/install/turtlebot3_gazebo/share/turtlebot3_gazebo//models/turtlebot3_autorace/ground/model.sdf
[1.724s] -- Up-to-date symlink: /home/shh/ssafy_gazeboy/ssafy_ws/install/turtlebot3_gazebo/share/turtlebot3_gazebo//models/turtlebot3_autorace/lights/model.config
[1.724s] -- Up-to-date symlink: /home/shh/ssafy_gazeboy/ssafy_ws/install/turtlebot3_gazebo/share/turtlebot3_gazebo//models/turtlebot3_autorace/lights/model.sdf
[1.725s] -- Up-to-date symlink: /home/shh/ssafy_gazeboy/ssafy_ws/install/turtlebot3_gazebo/share/turtlebot3_gazebo//models/turtlebot3_autorace/model.config
[1.725s] -- Up-to-date symlink: /home/shh/ssafy_gazeboy/ssafy_ws/install/turtlebot3_gazebo/share/turtlebot3_gazebo//models/turtlebot3_autorace/traffic_bar_down/materials/scripts/traffic_bar.material
[1.726s] -- Up-to-date symlink: /home/shh/ssafy_gazeboy/ssafy_ws/install/turtlebot3_gazebo/share/turtlebot3_gazebo//models/turtlebot3_autorace/traffic_bar_down/materials/textures/traffic_bar.png
[1.726s] -- Up-to-date symlink: /home/shh/ssafy_gazeboy/ssafy_ws/install/turtlebot3_gazebo/share/turtlebot3_gazebo//models/turtlebot3_autorace/traffic_bar_down/model.config
[1.727s] -- Up-to-date symlink: /home/shh/ssafy_gazeboy/ssafy_ws/install/turtlebot3_gazebo/share/turtlebot3_gazebo//models/turtlebot3_autorace/traffic_bar_down/model.sdf
[1.727s] -- Up-to-date symlink: /home/shh/ssafy_gazeboy/ssafy_ws/install/turtlebot3_gazebo/share/turtlebot3_gazebo//models/turtlebot3_autorace/traffic_bar_up/materials/scripts/traffic_bar.material
[1.727s] -- Up-to-date symlink: /home/shh/ssafy_gazeboy/ssafy_ws/install/turtlebot3_gazebo/share/turtlebot3_gazebo//models/turtlebot3_autorace/traffic_bar_up/materials/textures/traffic_bar.png
[1.728s] -- Up-to-date symlink: /home/shh/ssafy_gazeboy/ssafy_ws/install/turtlebot3_gazebo/share/turtlebot3_gazebo//models/turtlebot3_autorace/traffic_bar_up/model.config
[1.728s] -- Up-to-date symlink: /home/shh/ssafy_gazeboy/ssafy_ws/install/turtlebot3_gazebo/share/turtlebot3_gazebo//models/turtlebot3_autorace/traffic_bar_up/model.sdf
[1.729s] -- Up-to-date symlink: /home/shh/ssafy_gazeboy/ssafy_ws/install/turtlebot3_gazebo/share/turtlebot3_gazebo//models/turtlebot3_autorace/traffic_light_green/model.config
[1.729s] -- Up-to-date symlink: /home/shh/ssafy_gazeboy/ssafy_ws/install/turtlebot3_gazebo/share/turtlebot3_gazebo//models/turtlebot3_autorace/traffic_light_green/model.sdf
[1.729s] -- Up-to-date symlink: /home/shh/ssafy_gazeboy/ssafy_ws/install/turtlebot3_gazebo/share/turtlebot3_gazebo//models/turtlebot3_autorace/traffic_light_red/model.config
[1.730s] -- Up-to-date symlink: /home/shh/ssafy_gazeboy/ssafy_ws/install/turtlebot3_gazebo/share/turtlebot3_gazebo//models/turtlebot3_autorace/traffic_light_red/model.sdf
[1.730s] -- Up-to-date symlink: /home/shh/ssafy_gazeboy/ssafy_ws/install/turtlebot3_gazebo/share/turtlebot3_gazebo//models/turtlebot3_autorace/traffic_light_yellow/model.config
[1.730s] -- Up-to-date symlink: /home/shh/ssafy_gazeboy/ssafy_ws/install/turtlebot3_gazebo/share/turtlebot3_gazebo//models/turtlebot3_autorace/traffic_light_yellow/model.sdf
[1.731s] -- Up-to-date symlink: /home/shh/ssafy_gazeboy/ssafy_ws/install/turtlebot3_gazebo/share/turtlebot3_gazebo//models/turtlebot3_autorace/traffic_parking/materials/scripts/traffic_parking.material
[1.731s] -- Up-to-date symlink: /home/shh/ssafy_gazeboy/ssafy_ws/install/turtlebot3_gazebo/share/turtlebot3_gazebo//models/turtlebot3_autorace/traffic_parking/materials/textures/traffic_parking.png
[1.731s] -- Up-to-date symlink: /home/shh/ssafy_gazeboy/ssafy_ws/install/turtlebot3_gazebo/share/turtlebot3_gazebo//models/turtlebot3_autorace/traffic_parking/model.config
[1.732s] -- Up-to-date symlink: /home/shh/ssafy_gazeboy/ssafy_ws/install/turtlebot3_gazebo/share/turtlebot3_gazebo//models/turtlebot3_autorace/traffic_parking/model.sdf
[1.732s] -- Up-to-date symlink: /home/shh/ssafy_gazeboy/ssafy_ws/install/turtlebot3_gazebo/share/turtlebot3_gazebo//models/turtlebot3_autorace/traffic_stop/materials/scripts/traffic_stop.material
[1.732s] -- Up-to-date symlink: /home/shh/ssafy_gazeboy/ssafy_ws/install/turtlebot3_gazebo/share/turtlebot3_gazebo//models/turtlebot3_autorace/traffic_stop/materials/textures/traffic_stop.png
[1.732s] -- Up-to-date symlink: /home/shh/ssafy_gazeboy/ssafy_ws/install/turtlebot3_gazebo/share/turtlebot3_gazebo//models/turtlebot3_autorace/traffic_stop/model.config
[1.733s] -- Up-to-date symlink: /home/shh/ssafy_gazeboy/ssafy_ws/install/turtlebot3_gazebo/share/turtlebot3_gazebo//models/turtlebot3_autorace/traffic_stop/model.sdf
[1.733s] -- Up-to-date symlink: /home/shh/ssafy_gazeboy/ssafy_ws/install/turtlebot3_gazebo/share/turtlebot3_gazebo//models/turtlebot3_autorace/traffic_tunnel/materials/scripts/tunnel.material
[1.733s] -- Up-to-date symlink: /home/shh/ssafy_gazeboy/ssafy_ws/install/turtlebot3_gazebo/share/turtlebot3_gazebo//models/turtlebot3_autorace/traffic_tunnel/materials/textures/tunnel.png
[1.733s] -- Up-to-date symlink: /home/shh/ssafy_gazeboy/ssafy_ws/install/turtlebot3_gazebo/share/turtlebot3_gazebo//models/turtlebot3_autorace/traffic_tunnel/model.config
[1.733s] -- Up-to-date symlink: /home/shh/ssafy_gazeboy/ssafy_ws/install/turtlebot3_gazebo/share/turtlebot3_gazebo//models/turtlebot3_autorace/traffic_tunnel/model.sdf
[1.733s] -- Up-to-date symlink: /home/shh/ssafy_gazeboy/ssafy_ws/install/turtlebot3_gazebo/share/turtlebot3_gazebo//models/turtlebot3_autorace/tunnel_obstacles/model.config
[1.734s] -- Up-to-date symlink: /home/shh/ssafy_gazeboy/ssafy_ws/install/turtlebot3_gazebo/share/turtlebot3_gazebo//models/turtlebot3_autorace/tunnel_obstacles/model.sdf
[1.734s] -- Up-to-date symlink: /home/shh/ssafy_gazeboy/ssafy_ws/install/turtlebot3_gazebo/share/turtlebot3_gazebo//models/turtlebot3_autorace/tunnel_wall/model.config
[1.734s] -- Up-to-date symlink: /home/shh/ssafy_gazeboy/ssafy_ws/install/turtlebot3_gazebo/share/turtlebot3_gazebo//models/turtlebot3_autorace/tunnel_wall/model.sdf
[1.734s] -- Up-to-date symlink: /home/shh/ssafy_gazeboy/ssafy_ws/install/turtlebot3_gazebo/share/turtlebot3_gazebo//models/turtlebot3_burger/meshes/burger_base.stl
[1.734s] -- Up-to-date symlink: /home/shh/ssafy_gazeboy/ssafy_ws/install/turtlebot3_gazebo/share/turtlebot3_gazebo//models/turtlebot3_burger/meshes/lds.stl
[1.734s] -- Up-to-date symlink: /home/shh/ssafy_gazeboy/ssafy_ws/install/turtlebot3_gazebo/share/turtlebot3_gazebo//models/turtlebot3_burger/meshes/left_tire.stl
[1.735s] -- Up-to-date symlink: /home/shh/ssafy_gazeboy/ssafy_ws/install/turtlebot3_gazebo/share/turtlebot3_gazebo//models/turtlebot3_burger/meshes/right_tire.stl
[1.735s] -- Up-to-date symlink: /home/shh/ssafy_gazeboy/ssafy_ws/install/turtlebot3_gazebo/share/turtlebot3_gazebo//models/turtlebot3_burger/meshes_dae/burger_base.dae
[1.735s] -- Up-to-date symlink: /home/shh/ssafy_gazeboy/ssafy_ws/install/turtlebot3_gazebo/share/turtlebot3_gazebo//models/turtlebot3_burger/meshes_dae/lds.dae
[1.735s] -- Up-to-date symlink: /home/shh/ssafy_gazeboy/ssafy_ws/install/turtlebot3_gazebo/share/turtlebot3_gazebo//models/turtlebot3_burger/meshes_dae/left_tire.dae
[1.735s] -- Up-to-date symlink: /home/shh/ssafy_gazeboy/ssafy_ws/install/turtlebot3_gazebo/share/turtlebot3_gazebo//models/turtlebot3_burger/meshes_dae/right_tire.dae
[1.735s] -- Up-to-date symlink: /home/shh/ssafy_gazeboy/ssafy_ws/install/turtlebot3_gazebo/share/turtlebot3_gazebo//models/turtlebot3_burger/model-1_4.sdf
[1.735s] -- Up-to-date symlink: /home/shh/ssafy_gazeboy/ssafy_ws/install/turtlebot3_gazebo/share/turtlebot3_gazebo//models/turtlebot3_burger/model.config
[1.736s] -- Up-to-date symlink: /home/shh/ssafy_gazeboy/ssafy_ws/install/turtlebot3_gazebo/share/turtlebot3_gazebo//models/turtlebot3_burger/model.sdf
[1.736s] -- Up-to-date symlink: /home/shh/ssafy_gazeboy/ssafy_ws/install/turtlebot3_gazebo/share/turtlebot3_gazebo//models/turtlebot3_burger_0/meshes/burger_base.stl
[1.736s] -- Up-to-date symlink: /home/shh/ssafy_gazeboy/ssafy_ws/install/turtlebot3_gazebo/share/turtlebot3_gazebo//models/turtlebot3_burger_0/meshes/lds.stl
[1.736s] -- Up-to-date symlink: /home/shh/ssafy_gazeboy/ssafy_ws/install/turtlebot3_gazebo/share/turtlebot3_gazebo//models/turtlebot3_burger_0/meshes/left_tire.stl
[1.736s] -- Up-to-date symlink: /home/shh/ssafy_gazeboy/ssafy_ws/install/turtlebot3_gazebo/share/turtlebot3_gazebo//models/turtlebot3_burger_0/meshes/right_tire.stl
[1.736s] -- Up-to-date symlink: /home/shh/ssafy_gazeboy/ssafy_ws/install/turtlebot3_gazebo/share/turtlebot3_gazebo//models/turtlebot3_burger_0/meshes_dae/burger_base.dae
[1.737s] -- Up-to-date symlink: /home/shh/ssafy_gazeboy/ssafy_ws/install/turtlebot3_gazebo/share/turtlebot3_gazebo//models/turtlebot3_burger_0/meshes_dae/lds.dae
[1.737s] -- Up-to-date symlink: /home/shh/ssafy_gazeboy/ssafy_ws/install/turtlebot3_gazebo/share/turtlebot3_gazebo//models/turtlebot3_burger_0/meshes_dae/left_tire.dae
[1.737s] -- Up-to-date symlink: /home/shh/ssafy_gazeboy/ssafy_ws/install/turtlebot3_gazebo/share/turtlebot3_gazebo//models/turtlebot3_burger_0/meshes_dae/right_tire.dae
[1.737s] -- Up-to-date symlink: /home/shh/ssafy_gazeboy/ssafy_ws/install/turtlebot3_gazebo/share/turtlebot3_gazebo//models/turtlebot3_burger_0/model-1_4.sdf
[1.737s] -- Up-to-date symlink: /home/shh/ssafy_gazeboy/ssafy_ws/install/turtlebot3_gazebo/share/turtlebot3_gazebo//models/turtlebot3_burger_0/model.config
[1.737s] -- Up-to-date symlink: /home/shh/ssafy_gazeboy/ssafy_ws/install/turtlebot3_gazebo/share/turtlebot3_gazebo//models/turtlebot3_burger_0/model.sdf
[1.738s] -- Up-to-date symlink: /home/shh/ssafy_gazeboy/ssafy_ws/install/turtlebot3_gazebo/share/turtlebot3_gazebo//models/turtlebot3_burger_1/meshes/burger_base.stl
[1.738s] -- Up-to-date symlink: /home/shh/ssafy_gazeboy/ssafy_ws/install/turtlebot3_gazebo/share/turtlebot3_gazebo//models/turtlebot3_burger_1/meshes/lds.stl
[1.738s] -- Up-to-date symlink: /home/shh/ssafy_gazeboy/ssafy_ws/install/turtlebot3_gazebo/share/turtlebot3_gazebo//models/turtlebot3_burger_1/meshes/left_tire.stl
[1.738s] -- Up-to-date symlink: /home/shh/ssafy_gazeboy/ssafy_ws/install/turtlebot3_gazebo/share/turtlebot3_gazebo//models/turtlebot3_burger_1/meshes/right_tire.stl
[1.738s] -- Up-to-date symlink: /home/shh/ssafy_gazeboy/ssafy_ws/install/turtlebot3_gazebo/share/turtlebot3_gazebo//models/turtlebot3_burger_1/meshes_dae/burger_base.dae
[1.738s] -- Up-to-date symlink: /home/shh/ssafy_gazeboy/ssafy_ws/install/turtlebot3_gazebo/share/turtlebot3_gazebo//models/turtlebot3_burger_1/meshes_dae/lds.dae
[1.738s] -- Up-to-date symlink: /home/shh/ssafy_gazeboy/ssafy_ws/install/turtlebot3_gazebo/share/turtlebot3_gazebo//models/turtlebot3_burger_1/meshes_dae/left_tire.dae
[1.739s] -- Up-to-date symlink: /home/shh/ssafy_gazeboy/ssafy_ws/install/turtlebot3_gazebo/share/turtlebot3_gazebo//models/turtlebot3_burger_1/meshes_dae/right_tire.dae
[1.739s] -- Up-to-date symlink: /home/shh/ssafy_gazeboy/ssafy_ws/install/turtlebot3_gazebo/share/turtlebot3_gazebo//models/turtlebot3_burger_1/model.config
[1.739s] -- Up-to-date symlink: /home/shh/ssafy_gazeboy/ssafy_ws/install/turtlebot3_gazebo/share/turtlebot3_gazebo//models/turtlebot3_burger_1/model.sdf
[1.739s] -- Up-to-date symlink: /home/shh/ssafy_gazeboy/ssafy_ws/install/turtlebot3_gazebo/share/turtlebot3_gazebo//models/turtlebot3_burger_velodyne/meshes/burger_base.stl
[1.739s] -- Up-to-date symlink: /home/shh/ssafy_gazeboy/ssafy_ws/install/turtlebot3_gazebo/share/turtlebot3_gazebo//models/turtlebot3_burger_velodyne/meshes/lds.stl
[1.739s] -- Up-to-date symlink: /home/shh/ssafy_gazeboy/ssafy_ws/install/turtlebot3_gazebo/share/turtlebot3_gazebo//models/turtlebot3_burger_velodyne/meshes/left_tire.stl
[1.740s] -- Up-to-date symlink: /home/shh/ssafy_gazeboy/ssafy_ws/install/turtlebot3_gazebo/share/turtlebot3_gazebo//models/turtlebot3_burger_velodyne/meshes/right_tire.stl
[1.740s] -- Up-to-date symlink: /home/shh/ssafy_gazeboy/ssafy_ws/install/turtlebot3_gazebo/share/turtlebot3_gazebo//models/turtlebot3_burger_velodyne/meshes_dae/burger_base.dae
[1.740s] -- Up-to-date symlink: /home/shh/ssafy_gazeboy/ssafy_ws/install/turtlebot3_gazebo/share/turtlebot3_gazebo//models/turtlebot3_burger_velodyne/meshes_dae/lds.dae
[1.740s] -- Up-to-date symlink: /home/shh/ssafy_gazeboy/ssafy_ws/install/turtlebot3_gazebo/share/turtlebot3_gazebo//models/turtlebot3_burger_velodyne/meshes_dae/left_tire.dae
[1.740s] -- Up-to-date symlink: /home/shh/ssafy_gazeboy/ssafy_ws/install/turtlebot3_gazebo/share/turtlebot3_gazebo//models/turtlebot3_burger_velodyne/meshes_dae/right_tire.dae
[1.740s] -- Up-to-date symlink: /home/shh/ssafy_gazeboy/ssafy_ws/install/turtlebot3_gazebo/share/turtlebot3_gazebo//models/turtlebot3_burger_velodyne/model.config
[1.741s] -- Up-to-date symlink: /home/shh/ssafy_gazeboy/ssafy_ws/install/turtlebot3_gazebo/share/turtlebot3_gazebo//models/turtlebot3_burger_velodyne/model.sdf
[1.741s] -- Up-to-date symlink: /home/shh/ssafy_gazeboy/ssafy_ws/install/turtlebot3_gazebo/share/turtlebot3_gazebo//models/turtlebot3_burger_velodyne_0/meshes/burger_base.stl
[1.741s] -- Up-to-date symlink: /home/shh/ssafy_gazeboy/ssafy_ws/install/turtlebot3_gazebo/share/turtlebot3_gazebo//models/turtlebot3_burger_velodyne_0/meshes/lds.stl
[1.741s] -- Up-to-date symlink: /home/shh/ssafy_gazeboy/ssafy_ws/install/turtlebot3_gazebo/share/turtlebot3_gazebo//models/turtlebot3_burger_velodyne_0/meshes/left_tire.stl
[1.741s] -- Up-to-date symlink: /home/shh/ssafy_gazeboy/ssafy_ws/install/turtlebot3_gazebo/share/turtlebot3_gazebo//models/turtlebot3_burger_velodyne_0/meshes/right_tire.stl
[1.741s] -- Up-to-date symlink: /home/shh/ssafy_gazeboy/ssafy_ws/install/turtlebot3_gazebo/share/turtlebot3_gazebo//models/turtlebot3_burger_velodyne_0/meshes_dae/burger_base.dae
[1.742s] -- Up-to-date symlink: /home/shh/ssafy_gazeboy/ssafy_ws/install/turtlebot3_gazebo/share/turtlebot3_gazebo//models/turtlebot3_burger_velodyne_0/meshes_dae/lds.dae
[1.742s] -- Up-to-date symlink: /home/shh/ssafy_gazeboy/ssafy_ws/install/turtlebot3_gazebo/share/turtlebot3_gazebo//models/turtlebot3_burger_velodyne_0/meshes_dae/left_tire.dae
[1.742s] -- Up-to-date symlink: /home/shh/ssafy_gazeboy/ssafy_ws/install/turtlebot3_gazebo/share/turtlebot3_gazebo//models/turtlebot3_burger_velodyne_0/meshes_dae/right_tire.dae
[1.742s] -- Up-to-date symlink: /home/shh/ssafy_gazeboy/ssafy_ws/install/turtlebot3_gazebo/share/turtlebot3_gazebo//models/turtlebot3_burger_velodyne_0/model.config
[1.742s] -- Up-to-date symlink: /home/shh/ssafy_gazeboy/ssafy_ws/install/turtlebot3_gazebo/share/turtlebot3_gazebo//models/turtlebot3_burger_velodyne_0/model.sdf
[1.742s] -- Up-to-date symlink: /home/shh/ssafy_gazeboy/ssafy_ws/install/turtlebot3_gazebo/share/turtlebot3_gazebo//models/turtlebot3_burger_velodyne_1/meshes/burger_base.stl
[1.743s] -- Up-to-date symlink: /home/shh/ssafy_gazeboy/ssafy_ws/install/turtlebot3_gazebo/share/turtlebot3_gazebo//models/turtlebot3_burger_velodyne_1/meshes/lds.stl
[1.743s] -- Up-to-date symlink: /home/shh/ssafy_gazeboy/ssafy_ws/install/turtlebot3_gazebo/share/turtlebot3_gazebo//models/turtlebot3_burger_velodyne_1/meshes/left_tire.stl
[1.743s] -- Up-to-date symlink: /home/shh/ssafy_gazeboy/ssafy_ws/install/turtlebot3_gazebo/share/turtlebot3_gazebo//models/turtlebot3_burger_velodyne_1/meshes/right_tire.stl
[1.743s] -- Up-to-date symlink: /home/shh/ssafy_gazeboy/ssafy_ws/install/turtlebot3_gazebo/share/turtlebot3_gazebo//models/turtlebot3_burger_velodyne_1/meshes_dae/burger_base.dae
[1.743s] -- Up-to-date symlink: /home/shh/ssafy_gazeboy/ssafy_ws/install/turtlebot3_gazebo/share/turtlebot3_gazebo//models/turtlebot3_burger_velodyne_1/meshes_dae/lds.dae
[1.743s] -- Up-to-date symlink: /home/shh/ssafy_gazeboy/ssafy_ws/install/turtlebot3_gazebo/share/turtlebot3_gazebo//models/turtlebot3_burger_velodyne_1/meshes_dae/left_tire.dae
[1.743s] -- Up-to-date symlink: /home/shh/ssafy_gazeboy/ssafy_ws/install/turtlebot3_gazebo/share/turtlebot3_gazebo//models/turtlebot3_burger_velodyne_1/meshes_dae/right_tire.dae
[1.744s] -- Up-to-date symlink: /home/shh/ssafy_gazeboy/ssafy_ws/install/turtlebot3_gazebo/share/turtlebot3_gazebo//models/turtlebot3_burger_velodyne_1/model.config
[1.744s] -- Up-to-date symlink: /home/shh/ssafy_gazeboy/ssafy_ws/install/turtlebot3_gazebo/share/turtlebot3_gazebo//models/turtlebot3_burger_velodyne_1/model.sdf
[1.744s] -- Up-to-date symlink: /home/shh/ssafy_gazeboy/ssafy_ws/install/turtlebot3_gazebo/share/turtlebot3_gazebo//models/turtlebot3_dqn_world/goal_box/model.config
[1.744s] -- Up-to-date symlink: /home/shh/ssafy_gazeboy/ssafy_ws/install/turtlebot3_gazebo/share/turtlebot3_gazebo//models/turtlebot3_dqn_world/goal_box/model.sdf
[1.744s] -- Up-to-date symlink: /home/shh/ssafy_gazeboy/ssafy_ws/install/turtlebot3_gazebo/share/turtlebot3_gazebo//models/turtlebot3_dqn_world/inner_walls/model.config
[1.745s] -- Up-to-date symlink: /home/shh/ssafy_gazeboy/ssafy_ws/install/turtlebot3_gazebo/share/turtlebot3_gazebo//models/turtlebot3_dqn_world/inner_walls/model.sdf
[1.745s] -- Up-to-date symlink: /home/shh/ssafy_gazeboy/ssafy_ws/install/turtlebot3_gazebo/share/turtlebot3_gazebo//models/turtlebot3_dqn_world/model.config
[1.745s] -- Up-to-date symlink: /home/shh/ssafy_gazeboy/ssafy_ws/install/turtlebot3_gazebo/share/turtlebot3_gazebo//models/turtlebot3_dqn_world/model.sdf
[1.745s] -- Up-to-date symlink: /home/shh/ssafy_gazeboy/ssafy_ws/install/turtlebot3_gazebo/share/turtlebot3_gazebo//models/turtlebot3_dqn_world/obstacle1/model.config
[1.745s] -- Up-to-date symlink: /home/shh/ssafy_gazeboy/ssafy_ws/install/turtlebot3_gazebo/share/turtlebot3_gazebo//models/turtlebot3_dqn_world/obstacle1/model.sdf
[1.745s] -- Up-to-date symlink: /home/shh/ssafy_gazeboy/ssafy_ws/install/turtlebot3_gazebo/share/turtlebot3_gazebo//models/turtlebot3_dqn_world/obstacle2/model.config
[1.746s] -- Up-to-date symlink: /home/shh/ssafy_gazeboy/ssafy_ws/install/turtlebot3_gazebo/share/turtlebot3_gazebo//models/turtlebot3_dqn_world/obstacle2/model.sdf
[1.746s] -- Up-to-date symlink: /home/shh/ssafy_gazeboy/ssafy_ws/install/turtlebot3_gazebo/share/turtlebot3_gazebo//models/turtlebot3_dqn_world/obstacle_plugin/CMakeLists.txt
[1.746s] -- Up-to-date symlink: /home/shh/ssafy_gazeboy/ssafy_ws/install/turtlebot3_gazebo/share/turtlebot3_gazebo//models/turtlebot3_dqn_world/obstacle_plugin/obstacle1.cc
[1.746s] -- Up-to-date symlink: /home/shh/ssafy_gazeboy/ssafy_ws/install/turtlebot3_gazebo/share/turtlebot3_gazebo//models/turtlebot3_dqn_world/obstacle_plugin/obstacle2.cc
[1.746s] -- Up-to-date symlink: /home/shh/ssafy_gazeboy/ssafy_ws/install/turtlebot3_gazebo/share/turtlebot3_gazebo//models/turtlebot3_dqn_world/obstacle_plugin/obstacles.cc
[1.746s] -- Up-to-date symlink: /home/shh/ssafy_gazeboy/ssafy_ws/install/turtlebot3_gazebo/share/turtlebot3_gazebo//models/turtlebot3_dqn_world/obstacles/model.config
[1.746s] -- Up-to-date symlink: /home/shh/ssafy_gazeboy/ssafy_ws/install/turtlebot3_gazebo/share/turtlebot3_gazebo//models/turtlebot3_dqn_world/obstacles/model.sdf
[1.747s] -- Up-to-date symlink: /home/shh/ssafy_gazeboy/ssafy_ws/install/turtlebot3_gazebo/share/turtlebot3_gazebo//models/turtlebot3_house/model.config
[1.747s] -- Up-to-date symlink: /home/shh/ssafy_gazeboy/ssafy_ws/install/turtlebot3_gazebo/share/turtlebot3_gazebo//models/turtlebot3_house/model.sdf
[1.747s] -- Up-to-date symlink: /home/shh/ssafy_gazeboy/ssafy_ws/install/turtlebot3_gazebo/share/turtlebot3_gazebo//models/turtlebot3_room/meshes/hexagon.dae
[1.747s] -- Up-to-date symlink: /home/shh/ssafy_gazeboy/ssafy_ws/install/turtlebot3_gazebo/share/turtlebot3_gazebo//models/turtlebot3_room/meshes/turtleroom.dae
[1.747s] -- Up-to-date symlink: /home/shh/ssafy_gazeboy/ssafy_ws/install/turtlebot3_gazebo/share/turtlebot3_gazebo//models/turtlebot3_room/meshes/wall.dae
[1.747s] -- Up-to-date symlink: /home/shh/ssafy_gazeboy/ssafy_ws/install/turtlebot3_gazebo/share/turtlebot3_gazebo//models/turtlebot3_room/model.config
[1.747s] -- Up-to-date symlink: /home/shh/ssafy_gazeboy/ssafy_ws/install/turtlebot3_gazebo/share/turtlebot3_gazebo//models/turtlebot3_room/model.sdf
[1.748s] -- Up-to-date symlink: /home/shh/ssafy_gazeboy/ssafy_ws/install/turtlebot3_gazebo/share/turtlebot3_gazebo//models/turtlebot3_room/troom.blend
[1.748s] -- Up-to-date symlink: /home/shh/ssafy_gazeboy/ssafy_ws/install/turtlebot3_gazebo/share/turtlebot3_gazebo//models/turtlebot3_room/troom.blend1
[1.748s] -- Up-to-date symlink: /home/shh/ssafy_gazeboy/ssafy_ws/install/turtlebot3_gazebo/share/turtlebot3_gazebo//models/turtlebot3_waffle/meshes/lds.dae
[1.748s] -- Up-to-date symlink: /home/shh/ssafy_gazeboy/ssafy_ws/install/turtlebot3_gazebo/share/turtlebot3_gazebo//models/turtlebot3_waffle/meshes/r200.dae
[1.748s] -- Up-to-date symlink: /home/shh/ssafy_gazeboy/ssafy_ws/install/turtlebot3_gazebo/share/turtlebot3_gazebo//models/turtlebot3_waffle/meshes/tire.dae
[1.748s] -- Up-to-date symlink: /home/shh/ssafy_gazeboy/ssafy_ws/install/turtlebot3_gazebo/share/turtlebot3_gazebo//models/turtlebot3_waffle/meshes/waffle_base.dae
[1.748s] -- Up-to-date symlink: /home/shh/ssafy_gazeboy/ssafy_ws/install/turtlebot3_gazebo/share/turtlebot3_gazebo//models/turtlebot3_waffle/model-1_4.sdf
[1.749s] -- Up-to-date symlink: /home/shh/ssafy_gazeboy/ssafy_ws/install/turtlebot3_gazebo/share/turtlebot3_gazebo//models/turtlebot3_waffle/model.config
[1.749s] -- Up-to-date symlink: /home/shh/ssafy_gazeboy/ssafy_ws/install/turtlebot3_gazebo/share/turtlebot3_gazebo//models/turtlebot3_waffle/model.sdf
[1.749s] -- Up-to-date symlink: /home/shh/ssafy_gazeboy/ssafy_ws/install/turtlebot3_gazebo/share/turtlebot3_gazebo//models/turtlebot3_waffle_pi/meshes/lds.dae
[1.749s] -- Up-to-date symlink: /home/shh/ssafy_gazeboy/ssafy_ws/install/turtlebot3_gazebo/share/turtlebot3_gazebo//models/turtlebot3_waffle_pi/meshes/tire.dae
[1.749s] -- Up-to-date symlink: /home/shh/ssafy_gazeboy/ssafy_ws/install/turtlebot3_gazebo/share/turtlebot3_gazebo//models/turtlebot3_waffle_pi/meshes/waffle_pi_base.dae
[1.749s] -- Up-to-date symlink: /home/shh/ssafy_gazeboy/ssafy_ws/install/turtlebot3_gazebo/share/turtlebot3_gazebo//models/turtlebot3_waffle_pi/model-1_4_.sdf
[1.750s] -- Up-to-date symlink: /home/shh/ssafy_gazeboy/ssafy_ws/install/turtlebot3_gazebo/share/turtlebot3_gazebo//models/turtlebot3_waffle_pi/model.config
[1.750s] -- Up-to-date symlink: /home/shh/ssafy_gazeboy/ssafy_ws/install/turtlebot3_gazebo/share/turtlebot3_gazebo//models/turtlebot3_waffle_pi/model.sdf
[1.750s] -- Up-to-date symlink: /home/shh/ssafy_gazeboy/ssafy_ws/install/turtlebot3_gazebo/share/turtlebot3_gazebo//models/turtlebot3_world/meshes/hexagon.dae
[1.750s] -- Up-to-date symlink: /home/shh/ssafy_gazeboy/ssafy_ws/install/turtlebot3_gazebo/share/turtlebot3_gazebo//models/turtlebot3_world/meshes/wall.dae
[1.750s] -- Up-to-date symlink: /home/shh/ssafy_gazeboy/ssafy_ws/install/turtlebot3_gazebo/share/turtlebot3_gazebo//models/turtlebot3_world/model-1_4.sdf
[1.750s] -- Up-to-date symlink: /home/shh/ssafy_gazeboy/ssafy_ws/install/turtlebot3_gazebo/share/turtlebot3_gazebo//models/turtlebot3_world/model.config
[1.751s] -- Up-to-date symlink: /home/shh/ssafy_gazeboy/ssafy_ws/install/turtlebot3_gazebo/share/turtlebot3_gazebo//models/turtlebot3_world/model.sdf
[1.751s] -- Up-to-date symlink: /home/shh/ssafy_gazeboy/ssafy_ws/install/turtlebot3_gazebo/share/turtlebot3_gazebo//models/velodyne_description/CHANGELOG.rst
[1.751s] -- Up-to-date symlink: /home/shh/ssafy_gazeboy/ssafy_ws/install/turtlebot3_gazebo/share/turtlebot3_gazebo//models/velodyne_description/CMakeLists.txt
[1.751s] -- Up-to-date symlink: /home/shh/ssafy_gazeboy/ssafy_ws/install/turtlebot3_gazebo/share/turtlebot3_gazebo//models/velodyne_description/env-hooks/velodyne_description.dsv.in
[1.751s] -- Up-to-date symlink: /home/shh/ssafy_gazeboy/ssafy_ws/install/turtlebot3_gazebo/share/turtlebot3_gazebo//models/velodyne_description/launch/example.launch.py
[1.751s] -- Up-to-date symlink: /home/shh/ssafy_gazeboy/ssafy_ws/install/turtlebot3_gazebo/share/turtlebot3_gazebo//models/velodyne_description/meshes/HDL32E_base.dae
[1.752s] -- Up-to-date symlink: /home/shh/ssafy_gazeboy/ssafy_ws/install/turtlebot3_gazebo/share/turtlebot3_gazebo//models/velodyne_description/meshes/HDL32E_base.stl
[1.752s] -- Up-to-date symlink: /home/shh/ssafy_gazeboy/ssafy_ws/install/turtlebot3_gazebo/share/turtlebot3_gazebo//models/velodyne_description/meshes/HDL32E_scan.dae
[1.752s] -- Up-to-date symlink: /home/shh/ssafy_gazeboy/ssafy_ws/install/turtlebot3_gazebo/share/turtlebot3_gazebo//models/velodyne_description/meshes/HDL32E_scan.stl
[1.752s] -- Up-to-date symlink: /home/shh/ssafy_gazeboy/ssafy_ws/install/turtlebot3_gazebo/share/turtlebot3_gazebo//models/velodyne_description/meshes/VLP16_base_1.dae
[1.752s] -- Up-to-date symlink: /home/shh/ssafy_gazeboy/ssafy_ws/install/turtlebot3_gazebo/share/turtlebot3_gazebo//models/velodyne_description/meshes/VLP16_base_1.stl
[1.752s] -- Up-to-date symlink: /home/shh/ssafy_gazeboy/ssafy_ws/install/turtlebot3_gazebo/share/turtlebot3_gazebo//models/velodyne_description/meshes/VLP16_base_2.dae
[1.753s] -- Up-to-date symlink: /home/shh/ssafy_gazeboy/ssafy_ws/install/turtlebot3_gazebo/share/turtlebot3_gazebo//models/velodyne_description/meshes/VLP16_base_2.stl
[1.753s] -- Up-to-date symlink: /home/shh/ssafy_gazeboy/ssafy_ws/install/turtlebot3_gazebo/share/turtlebot3_gazebo//models/velodyne_description/meshes/VLP16_scan.dae
[1.753s] -- Up-to-date symlink: /home/shh/ssafy_gazeboy/ssafy_ws/install/turtlebot3_gazebo/share/turtlebot3_gazebo//models/velodyne_description/meshes/VLP16_scan.stl
[1.753s] -- Up-to-date symlink: /home/shh/ssafy_gazeboy/ssafy_ws/install/turtlebot3_gazebo/share/turtlebot3_gazebo//models/velodyne_description/package.xml
[1.753s] -- Up-to-date symlink: /home/shh/ssafy_gazeboy/ssafy_ws/install/turtlebot3_gazebo/share/turtlebot3_gazebo//models/velodyne_description/rviz/example.rviz
[1.753s] -- Up-to-date symlink: /home/shh/ssafy_gazeboy/ssafy_ws/install/turtlebot3_gazebo/share/turtlebot3_gazebo//models/velodyne_description/urdf/HDL-32E.urdf.xacro
[1.754s] -- Up-to-date symlink: /home/shh/ssafy_gazeboy/ssafy_ws/install/turtlebot3_gazebo/share/turtlebot3_gazebo//models/velodyne_description/urdf/VLP-16.urdf.xacro
[1.754s] -- Up-to-date symlink: /home/shh/ssafy_gazeboy/ssafy_ws/install/turtlebot3_gazebo/share/turtlebot3_gazebo//models/velodyne_description/urdf/example.urdf.xacro
[1.754s] -- Up-to-date symlink: /home/shh/ssafy_gazeboy/ssafy_ws/install/turtlebot3_gazebo/share/turtlebot3_gazebo//models/velodyne_description/world/example.world
[1.754s] -- Up-to-date symlink: /home/shh/ssafy_gazeboy/ssafy_ws/install/turtlebot3_gazebo/share/turtlebot3_gazebo//rviz/tb3_gazebo.rviz
[1.755s] -- Up-to-date symlink: /home/shh/ssafy_gazeboy/ssafy_ws/install/turtlebot3_gazebo/share/turtlebot3_gazebo//worlds/empty_worlds/burger.model
[1.755s] -- Up-to-date symlink: /home/shh/ssafy_gazeboy/ssafy_ws/install/turtlebot3_gazebo/share/turtlebot3_gazebo//worlds/empty_worlds/waffle.model
[1.755s] -- Up-to-date symlink: /home/shh/ssafy_gazeboy/ssafy_ws/install/turtlebot3_gazebo/share/turtlebot3_gazebo//worlds/empty_worlds/waffle_pi.model
[1.756s] -- Up-to-date symlink: /home/shh/ssafy_gazeboy/ssafy_ws/install/turtlebot3_gazebo/share/turtlebot3_gazebo//worlds/example.world
[1.756s] -- Symlinking: /home/shh/ssafy_gazeboy/ssafy_ws/install/turtlebot3_gazebo/share/turtlebot3_gazebo//worlds/small_warehouse.world
[1.772s] -- Symlinking: /home/shh/ssafy_gazeboy/ssafy_ws/install/turtlebot3_gazebo/share/turtlebot3_gazebo//worlds/small_warehouse/small_warehouse.world
[1.783s] -- Up-to-date symlink: /home/shh/ssafy_gazeboy/ssafy_ws/install/turtlebot3_gazebo/share/turtlebot3_gazebo//worlds/turtlebot3_autoraces/burger.model
[1.783s] -- Up-to-date symlink: /home/shh/ssafy_gazeboy/ssafy_ws/install/turtlebot3_gazebo/share/turtlebot3_gazebo//worlds/turtlebot3_autoraces/waffle.model
[1.783s] -- Up-to-date symlink: /home/shh/ssafy_gazeboy/ssafy_ws/install/turtlebot3_gazebo/share/turtlebot3_gazebo//worlds/turtlebot3_autoraces/waffle_pi.model
[1.784s] -- Up-to-date symlink: /home/shh/ssafy_gazeboy/ssafy_ws/install/turtlebot3_gazebo/share/turtlebot3_gazebo//worlds/turtlebot3_dqn_stage1/burger.model
[1.784s] -- Up-to-date symlink: /home/shh/ssafy_gazeboy/ssafy_ws/install/turtlebot3_gazebo/share/turtlebot3_gazebo//worlds/turtlebot3_dqn_stage1/waffle.model
[1.785s] -- Up-to-date symlink: /home/shh/ssafy_gazeboy/ssafy_ws/install/turtlebot3_gazebo/share/turtlebot3_gazebo//worlds/turtlebot3_dqn_stage1/waffle_pi.model
[1.785s] -- Up-to-date symlink: /home/shh/ssafy_gazeboy/ssafy_ws/install/turtlebot3_gazebo/share/turtlebot3_gazebo//worlds/turtlebot3_dqn_stage2/burger.model
[1.785s] -- Up-to-date symlink: /home/shh/ssafy_gazeboy/ssafy_ws/install/turtlebot3_gazebo/share/turtlebot3_gazebo//worlds/turtlebot3_dqn_stage2/waffle.model
[1.786s] -- Up-to-date symlink: /home/shh/ssafy_gazeboy/ssafy_ws/install/turtlebot3_gazebo/share/turtlebot3_gazebo//worlds/turtlebot3_dqn_stage2/waffle_pi.model
[1.786s] -- Up-to-date symlink: /home/shh/ssafy_gazeboy/ssafy_ws/install/turtlebot3_gazebo/share/turtlebot3_gazebo//worlds/turtlebot3_dqn_stage3/burger.model
[1.787s] -- Up-to-date symlink: /home/shh/ssafy_gazeboy/ssafy_ws/install/turtlebot3_gazebo/share/turtlebot3_gazebo//worlds/turtlebot3_dqn_stage3/waffle.model
[1.787s] -- Up-to-date symlink: /home/shh/ssafy_gazeboy/ssafy_ws/install/turtlebot3_gazebo/share/turtlebot3_gazebo//worlds/turtlebot3_dqn_stage3/waffle_pi.model
[1.787s] -- Up-to-date symlink: /home/shh/ssafy_gazeboy/ssafy_ws/install/turtlebot3_gazebo/share/turtlebot3_gazebo//worlds/turtlebot3_dqn_stage4/burger.model
[1.788s] -- Up-to-date symlink: /home/shh/ssafy_gazeboy/ssafy_ws/install/turtlebot3_gazebo/share/turtlebot3_gazebo//worlds/turtlebot3_dqn_stage4/waffle.model
[1.788s] -- Up-to-date symlink: /home/shh/ssafy_gazeboy/ssafy_ws/install/turtlebot3_gazebo/share/turtlebot3_gazebo//worlds/turtlebot3_dqn_stage4/waffle_pi.model
[1.789s] -- Up-to-date symlink: /home/shh/ssafy_gazeboy/ssafy_ws/install/turtlebot3_gazebo/share/turtlebot3_gazebo//worlds/turtlebot3_houses/burger.model
[1.789s] -- Up-to-date symlink: /home/shh/ssafy_gazeboy/ssafy_ws/install/turtlebot3_gazebo/share/turtlebot3_gazebo//worlds/turtlebot3_houses/waffle.model
[1.789s] -- Up-to-date symlink: /home/shh/ssafy_gazeboy/ssafy_ws/install/turtlebot3_gazebo/share/turtlebot3_gazebo//worlds/turtlebot3_houses/waffle_pi.model
[1.790s] -- Up-to-date symlink: /home/shh/ssafy_gazeboy/ssafy_ws/install/turtlebot3_gazebo/share/turtlebot3_gazebo//worlds/turtlebot3_tc_robots.world
[1.790s] -- Up-to-date symlink: /home/shh/ssafy_gazeboy/ssafy_ws/install/turtlebot3_gazebo/share/turtlebot3_gazebo//worlds/turtlebot3_tc_two_robots.world
[1.790s] -- Up-to-date symlink: /home/shh/ssafy_gazeboy/ssafy_ws/install/turtlebot3_gazebo/share/turtlebot3_gazebo//worlds/turtlebot3_tc_two_robots_velodyne.world
[1.791s] -- Up-to-date symlink: /home/shh/ssafy_gazeboy/ssafy_ws/install/turtlebot3_gazebo/share/turtlebot3_gazebo//worlds/turtlebot3_velodyne_robots.world
[1.791s] -- Up-to-date symlink: /home/shh/ssafy_gazeboy/ssafy_ws/install/turtlebot3_gazebo/share/turtlebot3_gazebo//worlds/turtlebot3_worlds/burger.model
[1.791s] -- Up-to-date symlink: /home/shh/ssafy_gazeboy/ssafy_ws/install/turtlebot3_gazebo/share/turtlebot3_gazebo//worlds/turtlebot3_worlds/waffle.model
[1.792s] -- Up-to-date symlink: /home/shh/ssafy_gazeboy/ssafy_ws/install/turtlebot3_gazebo/share/turtlebot3_gazebo//worlds/turtlebot3_worlds/waffle_pi.model
[1.792s] -- Up-to-date symlink: /home/shh/ssafy_gazeboy/ssafy_ws/install/turtlebot3_gazebo/share/turtlebot3_gazebo//urdf/turtlebot3_burger.urdf
[1.793s] -- Up-to-date symlink: /home/shh/ssafy_gazeboy/ssafy_ws/install/turtlebot3_gazebo/share/turtlebot3_gazebo//urdf/turtlebot3_velodyne_burger.urdf
[1.793s] -- Up-to-date symlink: /home/shh/ssafy_gazeboy/ssafy_ws/install/turtlebot3_gazebo/include//turtlebot3_gazebo/turtlebot3_drive.hpp
[1.793s] -- Up-to-date symlink: /home/shh/ssafy_gazeboy/ssafy_ws/install/turtlebot3_gazebo/share/ament_index/resource_index/package_run_dependencies/turtlebot3_gazebo
[1.794s] -- Up-to-date symlink: /home/shh/ssafy_gazeboy/ssafy_ws/install/turtlebot3_gazebo/share/ament_index/resource_index/parent_prefix_path/turtlebot3_gazebo
[1.794s] -- Up-to-date symlink: /home/shh/ssafy_gazeboy/ssafy_ws/install/turtlebot3_gazebo/share/turtlebot3_gazebo/environment/ament_prefix_path.sh
[1.794s] -- Up-to-date symlink: /home/shh/ssafy_gazeboy/ssafy_ws/install/turtlebot3_gazebo/share/turtlebot3_gazebo/environment/ament_prefix_path.dsv
[1.794s] -- Up-to-date symlink: /home/shh/ssafy_gazeboy/ssafy_ws/install/turtlebot3_gazebo/share/turtlebot3_gazebo/environment/path.sh
[1.794s] -- Up-to-date symlink: /home/shh/ssafy_gazeboy/ssafy_ws/install/turtlebot3_gazebo/share/turtlebot3_gazebo/environment/path.dsv
[1.795s] -- Up-to-date symlink: /home/shh/ssafy_gazeboy/ssafy_ws/install/turtlebot3_gazebo/share/turtlebot3_gazebo/local_setup.bash
[1.795s] -- Up-to-date symlink: /home/shh/ssafy_gazeboy/ssafy_ws/install/turtlebot3_gazebo/share/turtlebot3_gazebo/local_setup.sh
[1.795s] -- Up-to-date symlink: /home/shh/ssafy_gazeboy/ssafy_ws/install/turtlebot3_gazebo/share/turtlebot3_gazebo/local_setup.zsh
[1.795s] -- Up-to-date symlink: /home/shh/ssafy_gazeboy/ssafy_ws/install/turtlebot3_gazebo/share/turtlebot3_gazebo/local_setup.dsv
[1.795s] -- Symlinking: /home/shh/ssafy_gazeboy/ssafy_ws/install/turtlebot3_gazebo/share/turtlebot3_gazebo/package.dsv
[1.815s] -- Up-to-date symlink: /home/shh/ssafy_gazeboy/ssafy_ws/install/turtlebot3_gazebo/share/ament_index/resource_index/packages/turtlebot3_gazebo
[1.816s] -- Up-to-date symlink: /home/shh/ssafy_gazeboy/ssafy_ws/install/turtlebot3_gazebo/share/turtlebot3_gazebo/cmake/ament_cmake_export_include_directories-extras.cmake
[1.817s] -- Up-to-date symlink: /home/shh/ssafy_gazeboy/ssafy_ws/install/turtlebot3_gazebo/share/turtlebot3_gazebo/cmake/ament_cmake_export_dependencies-extras.cmake
[1.817s] -- Up-to-date symlink: /home/shh/ssafy_gazeboy/ssafy_ws/install/turtlebot3_gazebo/share/turtlebot3_gazebo/cmake/turtlebot3_gazeboConfig.cmake
[1.818s] -- Up-to-date symlink: /home/shh/ssafy_gazeboy/ssafy_ws/install/turtlebot3_gazebo/share/turtlebot3_gazebo/cmake/turtlebot3_gazeboConfig-version.cmake
[1.819s] -- Up-to-date symlink: /home/shh/ssafy_gazeboy/ssafy_ws/install/turtlebot3_gazebo/share/turtlebot3_gazebo/package.xml
[1.832s] Invoked command in '/home/shh/ssafy_gazeboy/ssafy_ws/build/turtlebot3_gazebo' returned '0': CMAKE_PREFIX_PATH=/home/shh/ssafy_gazeboy/ssafy_ws/install/velodyne_description:/home/shh/ssafy_gazeboy/ssafy_ws/install/turtlebot3_description:/home/shh/ssafy_gazeboy/ssafy_ws/install/velodyne_simulator:/home/shh/ssafy_gazeboy/ssafy_ws/install/velodyne_gazebo_plugins:/home/shh/ssafy_gazeboy/ssafy_ws/install/turtlebot3_simulations:/home/shh/ssafy_gazeboy/ssafy_ws/install/turtlebot3_gazebo:/home/shh/ssafy_gazeboy/ssafy_ws/install/teleop_twist_keyboard:/opt/ros/foxy /usr/bin/cmake --install /home/shh/ssafy_gazeboy/ssafy_ws/build/turtlebot3_gazebo
