[0.025s] Invoking command in '/home/shh/ssafy_gazeboy/ssafy_ws/build/turtlebot3_gazebo': CMAKE_PREFIX_PATH=/home/shh/ssafy_gazeboy/ssafy_ws/install/velodyne_description:/home/shh/ssafy_gazeboy/ssafy_ws/install/turtlebot3_description:/home/shh/ssafy_gazeboy/ssafy_ws/install/velodyne_simulator:/home/shh/ssafy_gazeboy/ssafy_ws/install/velodyne_gazebo_plugins:/home/shh/ssafy_gazeboy/ssafy_ws/install/turtlebot3:/home/shh/ssafy_gazeboy/ssafy_ws/install/turtlebot3_simulations:/home/shh/ssafy_gazeboy/ssafy_ws/install/turtlebot3_bringup:/home/shh/ssafy_gazeboy/ssafy_ws/install/turtlebot3_node:/home/shh/ssafy_gazeboy/ssafy_ws/install/turtlebot3_navigation2:/home/shh/ssafy_gazeboy/ssafy_ws/install/turtlebot3_fake_node:/home/shh/ssafy_gazeboy/ssafy_ws/install/turtlebot3_msgs:/home/shh/ssafy_gazeboy/ssafy_ws/install/turtlebot3_gazebo:/home/shh/ssafy_gazeboy/ssafy_ws/install/turtlebot3_cartographer:/home/shh/ssafy_gazeboy/ssafy_ws/install/teleop_twist_keyboard:/home/shh/ssafy_gazeboy/ssafy_ws/install/turtlebot3_teleop:/home/shh/ssafy_gazeboy/ssafy_ws/install/turtlebot3_example:/home/shh/ssafy_gazeboy/ssafy_ws/install/250114:/opt/ros/foxy /usr/bin/cmake /home/shh/ssafy_gazeboy/ssafy_ws/src/turtlebot3_simulations/turtlebot3_gazebo -DAMENT_CMAKE_SYMLINK_INSTALL=1 -DCMAKE_INSTALL_PREFIX=/home/shh/ssafy_gazeboy/ssafy_ws/install/turtlebot3_gazebo
[0.108s] -- The C compiler identification is GNU 9.4.0
[0.188s] -- The CXX compiler identification is GNU 9.4.0
[0.193s] -- Check for working C compiler: /usr/bin/cc
[0.303s] -- Check for working C compiler: /usr/bin/cc -- works
[0.304s] -- Detecting C compiler ABI info
[0.414s] -- Detecting C compiler ABI info - done
[0.431s] -- Detecting C compile features
[0.431s] -- Detecting C compile features - done
[0.433s] -- Check for working CXX compiler: /usr/bin/c++
[0.561s] -- Check for working CXX compiler: /usr/bin/c++ -- works
[0.562s] -- Detecting CXX compiler ABI info
[0.695s] -- Detecting CXX compiler ABI info - done
[0.707s] -- Detecting CXX compile features
[0.708s] -- Detecting CXX compile features - done
[0.710s] -- Found ament_cmake: 0.9.12 (/opt/ros/foxy/share/ament_cmake/cmake)
[0.745s] -- Found PythonInterp: /usr/bin/python3 (found suitable version "3.8.10", minimum required is "3") 
[0.745s] -- Using PYTHON_EXECUTABLE: /usr/bin/python3
[0.930s] -- Override CMake install command with custom implementation using symlinks instead of copying resources
[0.977s] -- Found PkgConfig: /usr/bin/pkg-config (found version "0.29.1") 
[0.982s] -- Checking for module 'bullet>=2.82'
[1.019s] --   Found bullet, version 2.88
[1.302s] -- Found ccd: /usr/include (found suitable version "2.0", minimum required is "2.0") 
[1.473s] -- Found fcl: /usr/include (found suitable version "0.5.0", minimum required is "0.3.2") 
[1.632s] -- Found assimp: /usr/include (found version "5.0.0") 
[1.658s] -- Found DART: /usr/include (Required is at least version "6.6") found components: dart 
[2.146s] -- Found Boost: /usr/lib/x86_64-linux-gnu/cmake/Boost-1.71.0/BoostConfig.cmake (found suitable version "1.71.0", minimum required is "1.40.0") found components: thread system filesystem program_options regex iostreams date_time 
[2.171s] -- Found Protobuf: /usr/lib/x86_64-linux-gnu/libprotobuf.so;-lpthread (found version "3.6.1") 
[2.183s] -- Looking for ignition-math6 -- found version 6.15.1
[2.190s] -- Searching for dependencies of ignition-math6
[2.191s] -- Looking for OGRE...
[2.192s] -- OGRE_PREFIX_WATCH changed.
[2.199s] -- Checking for module 'OGRE'
[2.242s] --   Found OGRE, version 1.9.0
[2.350s] -- Found Ogre Ghadamon (1.9.0)
[2.360s] -- Found OGRE: optimized;/usr/lib/x86_64-linux-gnu/libOgreMain.so;debug;/usr/lib/x86_64-linux-gnu/libOgreMain.so
[2.371s] -- Looking for OGRE_Paging...
[2.378s] -- Found OGRE_Paging: optimized;/usr/lib/x86_64-linux-gnu/libOgrePaging.so;debug;/usr/lib/x86_64-linux-gnu/libOgrePaging.so
[2.378s] -- Looking for OGRE_Terrain...
[2.386s] -- Found OGRE_Terrain: optimized;/usr/lib/x86_64-linux-gnu/libOgreTerrain.so;debug;/usr/lib/x86_64-linux-gnu/libOgreTerrain.so
[2.386s] -- Looking for OGRE_Property...
[2.396s] -- Found OGRE_Property: optimized;/usr/lib/x86_64-linux-gnu/libOgreProperty.so;debug;/usr/lib/x86_64-linux-gnu/libOgreProperty.so
[2.396s] -- Looking for OGRE_RTShaderSystem...
[2.406s] -- Found OGRE_RTShaderSystem: optimized;/usr/lib/x86_64-linux-gnu/libOgreRTShaderSystem.so;debug;/usr/lib/x86_64-linux-gnu/libOgreRTShaderSystem.so
[2.407s] -- Looking for OGRE_Volume...
[2.414s] -- Found OGRE_Volume: optimized;/usr/lib/x86_64-linux-gnu/libOgreVolume.so;debug;/usr/lib/x86_64-linux-gnu/libOgreVolume.so
[2.414s] -- Looking for OGRE_Overlay...
[2.421s] -- Found OGRE_Overlay: optimized;/usr/lib/x86_64-linux-gnu/libOgreOverlay.so;debug;/usr/lib/x86_64-linux-gnu/libOgreOverlay.so
[2.576s] -- Looking for ignition-math6 -- found version 6.15.1
[2.579s] -- Looking for ignition-transport8 -- found version 8.3.0
[2.579s] -- Searching for dependencies of ignition-transport8
[2.605s] -- Found Protobuf: /usr/lib/x86_64-linux-gnu/libprotobuf.so;-lpthread (found suitable version "3.6.1", minimum required is "3") 
[2.623s] -- Config-file not installed for ZeroMQ -- checking for pkg-config
[2.630s] -- Checking for module 'libzmq >= 4'
[2.672s] --   Found libzmq , version 4.3.2
[2.796s] -- Found ZeroMQ: TRUE (Required is at least version "4") 
[2.803s] -- Checking for module 'uuid'
[2.842s] --   Found uuid, version 2.34.0
[2.936s] -- Found UUID: TRUE  
[2.940s] -- Looking for ignition-msgs5 -- found version 5.10.0
[2.941s] -- Searching for dependencies of ignition-msgs5
[2.966s] -- Looking for ignition-math6 -- found version 6.15.1
[2.975s] -- Checking for module 'tinyxml2'
[3.016s] --   Found tinyxml2, version 6.2.0
[3.122s] -- Looking for ignition-msgs5 -- found version 5.10.0
[3.124s] -- Looking for ignition-common3 -- found version 3.14.2
[3.124s] -- Searching for dependencies of ignition-common3
[3.125s] -- Looking for dlfcn.h - found
[3.126s] -- Looking for libdl - found
[3.127s] -- Found DL: TRUE  
[3.137s] -- Searching for <ignition-common3> component [graphics]
[3.140s] -- Looking for ignition-common3-graphics -- found version 3.14.2
[3.140s] -- Searching for dependencies of ignition-common3-graphics
[3.140s] -- Looking for ignition-math6 -- found version 6.15.1
[3.144s] -- Looking for ignition-fuel_tools4 -- found version 4.6.0
[3.144s] -- Searching for dependencies of ignition-fuel_tools4
[3.345s] -- Found CURL: /usr/lib/x86_64-linux-gnu/libcurl.so (found version "7.68.0")  
[3.357s] -- Checking for module 'jsoncpp'
[3.405s] --   Found jsoncpp, version 1.7.4
[3.525s] -- Found JSONCPP: TRUE  
[3.535s] -- Checking for module 'libzip'
[3.582s] --   Found libzip, version 1.5.1
[3.703s] -- Found ZIP: TRUE  
[3.704s] -- Looking for ignition-common3 -- found version 3.14.2
[3.704s] -- Looking for ignition-math6 -- found version 6.15.1
[3.705s] -- Looking for ignition-msgs5 -- found version 5.10.0
[3.712s] -- Found gazebo_ros_pkgs: 3.5.3 (/opt/ros/foxy/share/gazebo_ros_pkgs/cmake)
[3.715s] -- Found geometry_msgs: 2.0.5 (/opt/ros/foxy/share/geometry_msgs/cmake)
[3.741s] -- Using all available rosidl_typesupport_c: rosidl_typesupport_fastrtps_c;rosidl_typesupport_introspection_c
[3.749s] -- Found rosidl_adapter: 1.3.1 (/opt/ros/foxy/share/rosidl_adapter/cmake)
[3.919s] -- Found OpenSSL: /usr/lib/x86_64-linux-gnu/libcrypto.so (found version "1.1.1f")  
[3.961s] -- Found FastRTPS: /opt/ros/foxy/include  
[4.052s] -- Using all available rosidl_typesupport_cpp: rosidl_typesupport_fastrtps_cpp;rosidl_typesupport_introspection_cpp
[4.137s] -- Found nav_msgs: 2.0.5 (/opt/ros/foxy/share/nav_msgs/cmake)
[4.199s] -- Found rclcpp: 2.4.3 (/opt/ros/foxy/share/rclcpp/cmake)
[4.244s] -- Found rmw_implementation_cmake: 1.0.4 (/opt/ros/foxy/share/rmw_implementation_cmake/cmake)
[4.245s] -- Using RMW implementation 'rmw_fastrtps_cpp' as default
[4.246s] -- Found Threads: TRUE  
[4.371s] -- Found sensor_msgs: 2.0.5 (/opt/ros/foxy/share/sensor_msgs/cmake)
[4.433s] -- Found tf2: 0.13.14 (/opt/ros/foxy/share/tf2/cmake)
[4.522s] -- Configuring done
[4.557s] -- Generating done
[4.560s] -- Build files have been written to: /home/shh/ssafy_gazeboy/ssafy_ws/build/turtlebot3_gazebo
[4.571s] Invoked command in '/home/shh/ssafy_gazeboy/ssafy_ws/build/turtlebot3_gazebo' returned '0': CMAKE_PREFIX_PATH=/home/shh/ssafy_gazeboy/ssafy_ws/install/velodyne_description:/home/shh/ssafy_gazeboy/ssafy_ws/install/turtlebot3_description:/home/shh/ssafy_gazeboy/ssafy_ws/install/velodyne_simulator:/home/shh/ssafy_gazeboy/ssafy_ws/install/velodyne_gazebo_plugins:/home/shh/ssafy_gazeboy/ssafy_ws/install/turtlebot3:/home/shh/ssafy_gazeboy/ssafy_ws/install/turtlebot3_simulations:/home/shh/ssafy_gazeboy/ssafy_ws/install/turtlebot3_bringup:/home/shh/ssafy_gazeboy/ssafy_ws/install/turtlebot3_node:/home/shh/ssafy_gazeboy/ssafy_ws/install/turtlebot3_navigation2:/home/shh/ssafy_gazeboy/ssafy_ws/install/turtlebot3_fake_node:/home/shh/ssafy_gazeboy/ssafy_ws/install/turtlebot3_msgs:/home/shh/ssafy_gazeboy/ssafy_ws/install/turtlebot3_gazebo:/home/shh/ssafy_gazeboy/ssafy_ws/install/turtlebot3_cartographer:/home/shh/ssafy_gazeboy/ssafy_ws/install/teleop_twist_keyboard:/home/shh/ssafy_gazeboy/ssafy_ws/install/turtlebot3_teleop:/home/shh/ssafy_gazeboy/ssafy_ws/install/turtlebot3_example:/home/shh/ssafy_gazeboy/ssafy_ws/install/250114:/opt/ros/foxy /usr/bin/cmake /home/shh/ssafy_gazeboy/ssafy_ws/src/turtlebot3_simulations/turtlebot3_gazebo -DAMENT_CMAKE_SYMLINK_INSTALL=1 -DCMAKE_INSTALL_PREFIX=/home/shh/ssafy_gazeboy/ssafy_ws/install/turtlebot3_gazebo
[4.576s] Invoking command in '/home/shh/ssafy_gazeboy/ssafy_ws/build/turtlebot3_gazebo': CMAKE_PREFIX_PATH=/home/shh/ssafy_gazeboy/ssafy_ws/install/velodyne_description:/home/shh/ssafy_gazeboy/ssafy_ws/install/turtlebot3_description:/home/shh/ssafy_gazeboy/ssafy_ws/install/velodyne_simulator:/home/shh/ssafy_gazeboy/ssafy_ws/install/velodyne_gazebo_plugins:/home/shh/ssafy_gazeboy/ssafy_ws/install/turtlebot3:/home/shh/ssafy_gazeboy/ssafy_ws/install/turtlebot3_simulations:/home/shh/ssafy_gazeboy/ssafy_ws/install/turtlebot3_bringup:/home/shh/ssafy_gazeboy/ssafy_ws/install/turtlebot3_node:/home/shh/ssafy_gazeboy/ssafy_ws/install/turtlebot3_navigation2:/home/shh/ssafy_gazeboy/ssafy_ws/install/turtlebot3_fake_node:/home/shh/ssafy_gazeboy/ssafy_ws/install/turtlebot3_msgs:/home/shh/ssafy_gazeboy/ssafy_ws/install/turtlebot3_gazebo:/home/shh/ssafy_gazeboy/ssafy_ws/install/turtlebot3_cartographer:/home/shh/ssafy_gazeboy/ssafy_ws/install/teleop_twist_keyboard:/home/shh/ssafy_gazeboy/ssafy_ws/install/turtlebot3_teleop:/home/shh/ssafy_gazeboy/ssafy_ws/install/turtlebot3_example:/home/shh/ssafy_gazeboy/ssafy_ws/install/250114:/opt/ros/foxy /usr/bin/cmake --build /home/shh/ssafy_gazeboy/ssafy_ws/build/turtlebot3_gazebo -- -j16 -l16
[4.646s] [35m[1mScanning dependencies of target obstacle2[0m
[4.646s] [35m[1mScanning dependencies of target obstacle1[0m
[4.646s] [35m[1mScanning dependencies of target obstacles[0m
[4.647s] [35m[1mScanning dependencies of target turtlebot3_drive[0m
[4.710s] [ 12%] [32mBuilding CXX object CMakeFiles/turtlebot3_drive.dir/src/turtlebot3_drive.cpp.o[0m
[4.786s] [ 25%] [32mBuilding CXX object CMakeFiles/obstacles.dir/models/turtlebot3_dqn_world/obstacle_plugin/obstacles.cc.o[0m
[4.788s] [ 37%] [32mBuilding CXX object CMakeFiles/obstacle1.dir/models/turtlebot3_dqn_world/obstacle_plugin/obstacle1.cc.o[0m
[4.794s] [ 50%] [32mBuilding CXX object CMakeFiles/obstacle2.dir/models/turtlebot3_dqn_world/obstacle_plugin/obstacle2.cc.o[0m
[11.278s] [ 62%] [32m[1mLinking CXX executable turtlebot3_drive[0m
[11.698s] [ 62%] Built target turtlebot3_drive
[13.251s] [ 75%] [32m[1mLinking CXX shared library libobstacle1.so[0m
[13.318s] [ 87%] [32m[1mLinking CXX shared library libobstacle2.so[0m
[13.606s] [ 87%] Built target obstacle1
[13.668s] [100%] [32m[1mLinking CXX shared library libobstacles.so[0m
[13.676s] [100%] Built target obstacle2
[13.971s] [100%] Built target obstacles
[13.994s] Invoked command in '/home/shh/ssafy_gazeboy/ssafy_ws/build/turtlebot3_gazebo' returned '0': CMAKE_PREFIX_PATH=/home/shh/ssafy_gazeboy/ssafy_ws/install/velodyne_description:/home/shh/ssafy_gazeboy/ssafy_ws/install/turtlebot3_description:/home/shh/ssafy_gazeboy/ssafy_ws/install/velodyne_simulator:/home/shh/ssafy_gazeboy/ssafy_ws/install/velodyne_gazebo_plugins:/home/shh/ssafy_gazeboy/ssafy_ws/install/turtlebot3:/home/shh/ssafy_gazeboy/ssafy_ws/install/turtlebot3_simulations:/home/shh/ssafy_gazeboy/ssafy_ws/install/turtlebot3_bringup:/home/shh/ssafy_gazeboy/ssafy_ws/install/turtlebot3_node:/home/shh/ssafy_gazeboy/ssafy_ws/install/turtlebot3_navigation2:/home/shh/ssafy_gazeboy/ssafy_ws/install/turtlebot3_fake_node:/home/shh/ssafy_gazeboy/ssafy_ws/install/turtlebot3_msgs:/home/shh/ssafy_gazeboy/ssafy_ws/install/turtlebot3_gazebo:/home/shh/ssafy_gazeboy/ssafy_ws/install/turtlebot3_cartographer:/home/shh/ssafy_gazeboy/ssafy_ws/install/teleop_twist_keyboard:/home/shh/ssafy_gazeboy/ssafy_ws/install/turtlebot3_teleop:/home/shh/ssafy_gazeboy/ssafy_ws/install/turtlebot3_example:/home/shh/ssafy_gazeboy/ssafy_ws/install/250114:/opt/ros/foxy /usr/bin/cmake --build /home/shh/ssafy_gazeboy/ssafy_ws/build/turtlebot3_gazebo -- -j16 -l16
[14.075s] Invoking command in '/home/shh/ssafy_gazeboy/ssafy_ws/build/turtlebot3_gazebo': CMAKE_PREFIX_PATH=/home/shh/ssafy_gazeboy/ssafy_ws/install/velodyne_description:/home/shh/ssafy_gazeboy/ssafy_ws/install/turtlebot3_description:/home/shh/ssafy_gazeboy/ssafy_ws/install/velodyne_simulator:/home/shh/ssafy_gazeboy/ssafy_ws/install/velodyne_gazebo_plugins:/home/shh/ssafy_gazeboy/ssafy_ws/install/turtlebot3:/home/shh/ssafy_gazeboy/ssafy_ws/install/turtlebot3_simulations:/home/shh/ssafy_gazeboy/ssafy_ws/install/turtlebot3_bringup:/home/shh/ssafy_gazeboy/ssafy_ws/install/turtlebot3_node:/home/shh/ssafy_gazeboy/ssafy_ws/install/turtlebot3_navigation2:/home/shh/ssafy_gazeboy/ssafy_ws/install/turtlebot3_fake_node:/home/shh/ssafy_gazeboy/ssafy_ws/install/turtlebot3_msgs:/home/shh/ssafy_gazeboy/ssafy_ws/install/turtlebot3_gazebo:/home/shh/ssafy_gazeboy/ssafy_ws/install/turtlebot3_cartographer:/home/shh/ssafy_gazeboy/ssafy_ws/install/teleop_twist_keyboard:/home/shh/ssafy_gazeboy/ssafy_ws/install/turtlebot3_teleop:/home/shh/ssafy_gazeboy/ssafy_ws/install/turtlebot3_example:/home/shh/ssafy_gazeboy/ssafy_ws/install/250114:/opt/ros/foxy /usr/bin/cmake --install /home/shh/ssafy_gazeboy/ssafy_ws/build/turtlebot3_gazebo
[14.089s] -- Install configuration: ""
[14.089s] -- Execute custom install script
[14.089s] -- Symlinking: /home/shh/ssafy_gazeboy/ssafy_ws/install/turtlebot3_gazebo/lib/turtlebot3_gazebo/turtlebot3_drive
[14.105s] -- Symlinking: /home/shh/ssafy_gazeboy/ssafy_ws/install/turtlebot3_gazebo/share/turtlebot3_gazebo//launch/multi_turtlebot3_velodyne_world.launch.py
[14.115s] -- Symlinking: /home/shh/ssafy_gazeboy/ssafy_ws/install/turtlebot3_gazebo/share/turtlebot3_gazebo//launch/multi_turtlebot3_world.launch.py
[14.125s] -- Symlinking: /home/shh/ssafy_gazeboy/ssafy_ws/install/turtlebot3_gazebo/share/turtlebot3_gazebo//launch/robot_state_publisher.launch.py
[14.134s] -- Symlinking: /home/shh/ssafy_gazeboy/ssafy_ws/install/turtlebot3_gazebo/share/turtlebot3_gazebo//launch/turtlebot3_burger.launch.py
[14.149s] -- Symlinking: /home/shh/ssafy_gazeboy/ssafy_ws/install/turtlebot3_gazebo/share/turtlebot3_gazebo//launch/turtlebot3_velodyne_burger.launch.py
[14.174s] -- Symlinking: /home/shh/ssafy_gazeboy/ssafy_ws/install/turtlebot3_gazebo/share/turtlebot3_gazebo//models/turtlebot3_autorace/course/materials/scripts/course.material
[14.191s] -- Symlinking: /home/shh/ssafy_gazeboy/ssafy_ws/install/turtlebot3_gazebo/share/turtlebot3_gazebo//models/turtlebot3_autorace/course/materials/textures/course.png
[14.201s] -- Symlinking: /home/shh/ssafy_gazeboy/ssafy_ws/install/turtlebot3_gazebo/share/turtlebot3_gazebo//models/turtlebot3_autorace/course/model.config
[14.217s] -- Symlinking: /home/shh/ssafy_gazeboy/ssafy_ws/install/turtlebot3_gazebo/share/turtlebot3_gazebo//models/turtlebot3_autorace/course/model.sdf
[14.227s] -- Symlinking: /home/shh/ssafy_gazeboy/ssafy_ws/install/turtlebot3_gazebo/share/turtlebot3_gazebo//models/turtlebot3_autorace/ground/model.config
[14.244s] -- Symlinking: /home/shh/ssafy_gazeboy/ssafy_ws/install/turtlebot3_gazebo/share/turtlebot3_gazebo//models/turtlebot3_autorace/ground/model.sdf
[14.254s] -- Symlinking: /home/shh/ssafy_gazeboy/ssafy_ws/install/turtlebot3_gazebo/share/turtlebot3_gazebo//models/turtlebot3_autorace/lights/model.config
[14.270s] -- Symlinking: /home/shh/ssafy_gazeboy/ssafy_ws/install/turtlebot3_gazebo/share/turtlebot3_gazebo//models/turtlebot3_autorace/lights/model.sdf
[14.288s] -- Symlinking: /home/shh/ssafy_gazeboy/ssafy_ws/install/turtlebot3_gazebo/share/turtlebot3_gazebo//models/turtlebot3_autorace/model.config
[14.298s] -- Symlinking: /home/shh/ssafy_gazeboy/ssafy_ws/install/turtlebot3_gazebo/share/turtlebot3_gazebo//models/turtlebot3_autorace/traffic_bar_down/materials/scripts/traffic_bar.material
[14.314s] -- Symlinking: /home/shh/ssafy_gazeboy/ssafy_ws/install/turtlebot3_gazebo/share/turtlebot3_gazebo//models/turtlebot3_autorace/traffic_bar_down/materials/textures/traffic_bar.png
[14.334s] -- Symlinking: /home/shh/ssafy_gazeboy/ssafy_ws/install/turtlebot3_gazebo/share/turtlebot3_gazebo//models/turtlebot3_autorace/traffic_bar_down/model.config
[14.349s] -- Symlinking: /home/shh/ssafy_gazeboy/ssafy_ws/install/turtlebot3_gazebo/share/turtlebot3_gazebo//models/turtlebot3_autorace/traffic_bar_down/model.sdf
[14.366s] -- Symlinking: /home/shh/ssafy_gazeboy/ssafy_ws/install/turtlebot3_gazebo/share/turtlebot3_gazebo//models/turtlebot3_autorace/traffic_bar_up/materials/scripts/traffic_bar.material
[14.381s] -- Symlinking: /home/shh/ssafy_gazeboy/ssafy_ws/install/turtlebot3_gazebo/share/turtlebot3_gazebo//models/turtlebot3_autorace/traffic_bar_up/materials/textures/traffic_bar.png
[14.397s] -- Symlinking: /home/shh/ssafy_gazeboy/ssafy_ws/install/turtlebot3_gazebo/share/turtlebot3_gazebo//models/turtlebot3_autorace/traffic_bar_up/model.config
[14.413s] -- Symlinking: /home/shh/ssafy_gazeboy/ssafy_ws/install/turtlebot3_gazebo/share/turtlebot3_gazebo//models/turtlebot3_autorace/traffic_bar_up/model.sdf
[14.425s] -- Symlinking: /home/shh/ssafy_gazeboy/ssafy_ws/install/turtlebot3_gazebo/share/turtlebot3_gazebo//models/turtlebot3_autorace/traffic_light_green/model.config
[14.435s] -- Symlinking: /home/shh/ssafy_gazeboy/ssafy_ws/install/turtlebot3_gazebo/share/turtlebot3_gazebo//models/turtlebot3_autorace/traffic_light_green/model.sdf
[14.446s] -- Symlinking: /home/shh/ssafy_gazeboy/ssafy_ws/install/turtlebot3_gazebo/share/turtlebot3_gazebo//models/turtlebot3_autorace/traffic_light_red/model.config
[14.456s] -- Symlinking: /home/shh/ssafy_gazeboy/ssafy_ws/install/turtlebot3_gazebo/share/turtlebot3_gazebo//models/turtlebot3_autorace/traffic_light_red/model.sdf
[14.469s] -- Symlinking: /home/shh/ssafy_gazeboy/ssafy_ws/install/turtlebot3_gazebo/share/turtlebot3_gazebo//models/turtlebot3_autorace/traffic_light_yellow/model.config
[14.486s] -- Symlinking: /home/shh/ssafy_gazeboy/ssafy_ws/install/turtlebot3_gazebo/share/turtlebot3_gazebo//models/turtlebot3_autorace/traffic_light_yellow/model.sdf
[14.506s] -- Symlinking: /home/shh/ssafy_gazeboy/ssafy_ws/install/turtlebot3_gazebo/share/turtlebot3_gazebo//models/turtlebot3_autorace/traffic_parking/materials/scripts/traffic_parking.material
[14.522s] -- Symlinking: /home/shh/ssafy_gazeboy/ssafy_ws/install/turtlebot3_gazebo/share/turtlebot3_gazebo//models/turtlebot3_autorace/traffic_parking/materials/textures/traffic_parking.png
[14.538s] -- Symlinking: /home/shh/ssafy_gazeboy/ssafy_ws/install/turtlebot3_gazebo/share/turtlebot3_gazebo//models/turtlebot3_autorace/traffic_parking/model.config
[14.549s] -- Symlinking: /home/shh/ssafy_gazeboy/ssafy_ws/install/turtlebot3_gazebo/share/turtlebot3_gazebo//models/turtlebot3_autorace/traffic_parking/model.sdf
[14.559s] -- Symlinking: /home/shh/ssafy_gazeboy/ssafy_ws/install/turtlebot3_gazebo/share/turtlebot3_gazebo//models/turtlebot3_autorace/traffic_stop/materials/scripts/traffic_stop.material
[14.570s] -- Symlinking: /home/shh/ssafy_gazeboy/ssafy_ws/install/turtlebot3_gazebo/share/turtlebot3_gazebo//models/turtlebot3_autorace/traffic_stop/materials/textures/traffic_stop.png
[14.580s] -- Symlinking: /home/shh/ssafy_gazeboy/ssafy_ws/install/turtlebot3_gazebo/share/turtlebot3_gazebo//models/turtlebot3_autorace/traffic_stop/model.config
[14.589s] -- Symlinking: /home/shh/ssafy_gazeboy/ssafy_ws/install/turtlebot3_gazebo/share/turtlebot3_gazebo//models/turtlebot3_autorace/traffic_stop/model.sdf
[14.605s] -- Symlinking: /home/shh/ssafy_gazeboy/ssafy_ws/install/turtlebot3_gazebo/share/turtlebot3_gazebo//models/turtlebot3_autorace/traffic_tunnel/materials/scripts/tunnel.material
[14.621s] -- Symlinking: /home/shh/ssafy_gazeboy/ssafy_ws/install/turtlebot3_gazebo/share/turtlebot3_gazebo//models/turtlebot3_autorace/traffic_tunnel/materials/textures/tunnel.png
[14.634s] -- Symlinking: /home/shh/ssafy_gazeboy/ssafy_ws/install/turtlebot3_gazebo/share/turtlebot3_gazebo//models/turtlebot3_autorace/traffic_tunnel/model.config
[14.651s] -- Symlinking: /home/shh/ssafy_gazeboy/ssafy_ws/install/turtlebot3_gazebo/share/turtlebot3_gazebo//models/turtlebot3_autorace/traffic_tunnel/model.sdf
[14.665s] -- Symlinking: /home/shh/ssafy_gazeboy/ssafy_ws/install/turtlebot3_gazebo/share/turtlebot3_gazebo//models/turtlebot3_autorace/tunnel_obstacles/model.config
[14.684s] -- Symlinking: /home/shh/ssafy_gazeboy/ssafy_ws/install/turtlebot3_gazebo/share/turtlebot3_gazebo//models/turtlebot3_autorace/tunnel_obstacles/model.sdf
[14.700s] -- Symlinking: /home/shh/ssafy_gazeboy/ssafy_ws/install/turtlebot3_gazebo/share/turtlebot3_gazebo//models/turtlebot3_autorace/tunnel_wall/model.config
[14.717s] -- Symlinking: /home/shh/ssafy_gazeboy/ssafy_ws/install/turtlebot3_gazebo/share/turtlebot3_gazebo//models/turtlebot3_autorace/tunnel_wall/model.sdf
[14.733s] -- Symlinking: /home/shh/ssafy_gazeboy/ssafy_ws/install/turtlebot3_gazebo/share/turtlebot3_gazebo//models/turtlebot3_burger/meshes/burger_base.stl
[14.749s] -- Symlinking: /home/shh/ssafy_gazeboy/ssafy_ws/install/turtlebot3_gazebo/share/turtlebot3_gazebo//models/turtlebot3_burger/meshes/lds.stl
[14.764s] -- Symlinking: /home/shh/ssafy_gazeboy/ssafy_ws/install/turtlebot3_gazebo/share/turtlebot3_gazebo//models/turtlebot3_burger/meshes/left_tire.stl
[14.780s] -- Symlinking: /home/shh/ssafy_gazeboy/ssafy_ws/install/turtlebot3_gazebo/share/turtlebot3_gazebo//models/turtlebot3_burger/meshes/right_tire.stl
[14.793s] -- Symlinking: /home/shh/ssafy_gazeboy/ssafy_ws/install/turtlebot3_gazebo/share/turtlebot3_gazebo//models/turtlebot3_burger/meshes_dae/burger_base.dae
[14.809s] -- Symlinking: /home/shh/ssafy_gazeboy/ssafy_ws/install/turtlebot3_gazebo/share/turtlebot3_gazebo//models/turtlebot3_burger/meshes_dae/lds.dae
[14.819s] -- Symlinking: /home/shh/ssafy_gazeboy/ssafy_ws/install/turtlebot3_gazebo/share/turtlebot3_gazebo//models/turtlebot3_burger/meshes_dae/left_tire.dae
[14.833s] -- Symlinking: /home/shh/ssafy_gazeboy/ssafy_ws/install/turtlebot3_gazebo/share/turtlebot3_gazebo//models/turtlebot3_burger/meshes_dae/right_tire.dae
[14.848s] -- Symlinking: /home/shh/ssafy_gazeboy/ssafy_ws/install/turtlebot3_gazebo/share/turtlebot3_gazebo//models/turtlebot3_burger/model-1_4.sdf
[14.859s] -- Symlinking: /home/shh/ssafy_gazeboy/ssafy_ws/install/turtlebot3_gazebo/share/turtlebot3_gazebo//models/turtlebot3_burger/model.config
[14.873s] -- Symlinking: /home/shh/ssafy_gazeboy/ssafy_ws/install/turtlebot3_gazebo/share/turtlebot3_gazebo//models/turtlebot3_burger/model.sdf
[14.893s] -- Symlinking: /home/shh/ssafy_gazeboy/ssafy_ws/install/turtlebot3_gazebo/share/turtlebot3_gazebo//models/turtlebot3_burger_0/meshes/burger_base.stl
[14.903s] -- Symlinking: /home/shh/ssafy_gazeboy/ssafy_ws/install/turtlebot3_gazebo/share/turtlebot3_gazebo//models/turtlebot3_burger_0/meshes/lds.stl
[14.918s] -- Symlinking: /home/shh/ssafy_gazeboy/ssafy_ws/install/turtlebot3_gazebo/share/turtlebot3_gazebo//models/turtlebot3_burger_0/meshes/left_tire.stl
[14.934s] -- Symlinking: /home/shh/ssafy_gazeboy/ssafy_ws/install/turtlebot3_gazebo/share/turtlebot3_gazebo//models/turtlebot3_burger_0/meshes/right_tire.stl
[14.949s] -- Symlinking: /home/shh/ssafy_gazeboy/ssafy_ws/install/turtlebot3_gazebo/share/turtlebot3_gazebo//models/turtlebot3_burger_0/meshes_dae/burger_base.dae
[14.969s] -- Symlinking: /home/shh/ssafy_gazeboy/ssafy_ws/install/turtlebot3_gazebo/share/turtlebot3_gazebo//models/turtlebot3_burger_0/meshes_dae/lds.dae
[14.987s] -- Symlinking: /home/shh/ssafy_gazeboy/ssafy_ws/install/turtlebot3_gazebo/share/turtlebot3_gazebo//models/turtlebot3_burger_0/meshes_dae/left_tire.dae
[15.009s] -- Symlinking: /home/shh/ssafy_gazeboy/ssafy_ws/install/turtlebot3_gazebo/share/turtlebot3_gazebo//models/turtlebot3_burger_0/meshes_dae/right_tire.dae
[15.025s] -- Symlinking: /home/shh/ssafy_gazeboy/ssafy_ws/install/turtlebot3_gazebo/share/turtlebot3_gazebo//models/turtlebot3_burger_0/model-1_4.sdf
[15.041s] -- Symlinking: /home/shh/ssafy_gazeboy/ssafy_ws/install/turtlebot3_gazebo/share/turtlebot3_gazebo//models/turtlebot3_burger_0/model.config
[15.054s] -- Symlinking: /home/shh/ssafy_gazeboy/ssafy_ws/install/turtlebot3_gazebo/share/turtlebot3_gazebo//models/turtlebot3_burger_0/model.sdf
[15.074s] -- Symlinking: /home/shh/ssafy_gazeboy/ssafy_ws/install/turtlebot3_gazebo/share/turtlebot3_gazebo//models/turtlebot3_burger_1/meshes/burger_base.stl
[15.089s] -- Symlinking: /home/shh/ssafy_gazeboy/ssafy_ws/install/turtlebot3_gazebo/share/turtlebot3_gazebo//models/turtlebot3_burger_1/meshes/lds.stl
[15.109s] -- Symlinking: /home/shh/ssafy_gazeboy/ssafy_ws/install/turtlebot3_gazebo/share/turtlebot3_gazebo//models/turtlebot3_burger_1/meshes/left_tire.stl
[15.125s] -- Symlinking: /home/shh/ssafy_gazeboy/ssafy_ws/install/turtlebot3_gazebo/share/turtlebot3_gazebo//models/turtlebot3_burger_1/meshes/right_tire.stl
[15.146s] -- Symlinking: /home/shh/ssafy_gazeboy/ssafy_ws/install/turtlebot3_gazebo/share/turtlebot3_gazebo//models/turtlebot3_burger_1/meshes_dae/burger_base.dae
[15.166s] -- Symlinking: /home/shh/ssafy_gazeboy/ssafy_ws/install/turtlebot3_gazebo/share/turtlebot3_gazebo//models/turtlebot3_burger_1/meshes_dae/lds.dae
[15.182s] -- Symlinking: /home/shh/ssafy_gazeboy/ssafy_ws/install/turtlebot3_gazebo/share/turtlebot3_gazebo//models/turtlebot3_burger_1/meshes_dae/left_tire.dae
[15.193s] -- Symlinking: /home/shh/ssafy_gazeboy/ssafy_ws/install/turtlebot3_gazebo/share/turtlebot3_gazebo//models/turtlebot3_burger_1/meshes_dae/right_tire.dae
[15.216s] -- Symlinking: /home/shh/ssafy_gazeboy/ssafy_ws/install/turtlebot3_gazebo/share/turtlebot3_gazebo//models/turtlebot3_burger_1/model.config
[15.234s] -- Symlinking: /home/shh/ssafy_gazeboy/ssafy_ws/install/turtlebot3_gazebo/share/turtlebot3_gazebo//models/turtlebot3_burger_1/model.sdf
[15.254s] -- Symlinking: /home/shh/ssafy_gazeboy/ssafy_ws/install/turtlebot3_gazebo/share/turtlebot3_gazebo//models/turtlebot3_burger_velodyne/meshes/burger_base.stl
[15.268s] -- Symlinking: /home/shh/ssafy_gazeboy/ssafy_ws/install/turtlebot3_gazebo/share/turtlebot3_gazebo//models/turtlebot3_burger_velodyne/meshes/lds.stl
[15.277s] -- Symlinking: /home/shh/ssafy_gazeboy/ssafy_ws/install/turtlebot3_gazebo/share/turtlebot3_gazebo//models/turtlebot3_burger_velodyne/meshes/left_tire.stl
[15.290s] -- Symlinking: /home/shh/ssafy_gazeboy/ssafy_ws/install/turtlebot3_gazebo/share/turtlebot3_gazebo//models/turtlebot3_burger_velodyne/meshes/right_tire.stl
[15.309s] -- Symlinking: /home/shh/ssafy_gazeboy/ssafy_ws/install/turtlebot3_gazebo/share/turtlebot3_gazebo//models/turtlebot3_burger_velodyne/meshes_dae/burger_base.dae
[15.320s] -- Symlinking: /home/shh/ssafy_gazeboy/ssafy_ws/install/turtlebot3_gazebo/share/turtlebot3_gazebo//models/turtlebot3_burger_velodyne/meshes_dae/lds.dae
[15.323s] -- Symlinking: /home/shh/ssafy_gazeboy/ssafy_ws/install/turtlebot3_gazebo/share/turtlebot3_gazebo//models/turtlebot3_burger_velodyne/meshes_dae/left_tire.dae
[15.334s] -- Symlinking: /home/shh/ssafy_gazeboy/ssafy_ws/install/turtlebot3_gazebo/share/turtlebot3_gazebo//models/turtlebot3_burger_velodyne/meshes_dae/right_tire.dae
[15.351s] -- Symlinking: /home/shh/ssafy_gazeboy/ssafy_ws/install/turtlebot3_gazebo/share/turtlebot3_gazebo//models/turtlebot3_burger_velodyne/model.config
[15.360s] -- Symlinking: /home/shh/ssafy_gazeboy/ssafy_ws/install/turtlebot3_gazebo/share/turtlebot3_gazebo//models/turtlebot3_burger_velodyne/model.sdf
[15.377s] -- Symlinking: /home/shh/ssafy_gazeboy/ssafy_ws/install/turtlebot3_gazebo/share/turtlebot3_gazebo//models/turtlebot3_burger_velodyne_0/meshes/burger_base.stl
[15.397s] -- Symlinking: /home/shh/ssafy_gazeboy/ssafy_ws/install/turtlebot3_gazebo/share/turtlebot3_gazebo//models/turtlebot3_burger_velodyne_0/meshes/lds.stl
[15.414s] -- Symlinking: /home/shh/ssafy_gazeboy/ssafy_ws/install/turtlebot3_gazebo/share/turtlebot3_gazebo//models/turtlebot3_burger_velodyne_0/meshes/left_tire.stl
[15.429s] -- Symlinking: /home/shh/ssafy_gazeboy/ssafy_ws/install/turtlebot3_gazebo/share/turtlebot3_gazebo//models/turtlebot3_burger_velodyne_0/meshes/right_tire.stl
[15.447s] -- Symlinking: /home/shh/ssafy_gazeboy/ssafy_ws/install/turtlebot3_gazebo/share/turtlebot3_gazebo//models/turtlebot3_burger_velodyne_0/meshes_dae/burger_base.dae
[15.459s] -- Symlinking: /home/shh/ssafy_gazeboy/ssafy_ws/install/turtlebot3_gazebo/share/turtlebot3_gazebo//models/turtlebot3_burger_velodyne_0/meshes_dae/lds.dae
[15.469s] -- Symlinking: /home/shh/ssafy_gazeboy/ssafy_ws/install/turtlebot3_gazebo/share/turtlebot3_gazebo//models/turtlebot3_burger_velodyne_0/meshes_dae/left_tire.dae
[15.479s] -- Symlinking: /home/shh/ssafy_gazeboy/ssafy_ws/install/turtlebot3_gazebo/share/turtlebot3_gazebo//models/turtlebot3_burger_velodyne_0/meshes_dae/right_tire.dae
[15.494s] -- Symlinking: /home/shh/ssafy_gazeboy/ssafy_ws/install/turtlebot3_gazebo/share/turtlebot3_gazebo//models/turtlebot3_burger_velodyne_0/model.config
[15.509s] -- Symlinking: /home/shh/ssafy_gazeboy/ssafy_ws/install/turtlebot3_gazebo/share/turtlebot3_gazebo//models/turtlebot3_burger_velodyne_0/model.sdf
[15.525s] -- Symlinking: /home/shh/ssafy_gazeboy/ssafy_ws/install/turtlebot3_gazebo/share/turtlebot3_gazebo//models/turtlebot3_burger_velodyne_1/meshes/burger_base.stl
[15.538s] -- Symlinking: /home/shh/ssafy_gazeboy/ssafy_ws/install/turtlebot3_gazebo/share/turtlebot3_gazebo//models/turtlebot3_burger_velodyne_1/meshes/lds.stl
[15.555s] -- Symlinking: /home/shh/ssafy_gazeboy/ssafy_ws/install/turtlebot3_gazebo/share/turtlebot3_gazebo//models/turtlebot3_burger_velodyne_1/meshes/left_tire.stl
[15.568s] -- Symlinking: /home/shh/ssafy_gazeboy/ssafy_ws/install/turtlebot3_gazebo/share/turtlebot3_gazebo//models/turtlebot3_burger_velodyne_1/meshes/right_tire.stl
[15.580s] -- Symlinking: /home/shh/ssafy_gazeboy/ssafy_ws/install/turtlebot3_gazebo/share/turtlebot3_gazebo//models/turtlebot3_burger_velodyne_1/meshes_dae/burger_base.dae
[15.591s] -- Symlinking: /home/shh/ssafy_gazeboy/ssafy_ws/install/turtlebot3_gazebo/share/turtlebot3_gazebo//models/turtlebot3_burger_velodyne_1/meshes_dae/lds.dae
[15.601s] -- Symlinking: /home/shh/ssafy_gazeboy/ssafy_ws/install/turtlebot3_gazebo/share/turtlebot3_gazebo//models/turtlebot3_burger_velodyne_1/meshes_dae/left_tire.dae
[15.617s] -- Symlinking: /home/shh/ssafy_gazeboy/ssafy_ws/install/turtlebot3_gazebo/share/turtlebot3_gazebo//models/turtlebot3_burger_velodyne_1/meshes_dae/right_tire.dae
[15.633s] -- Symlinking: /home/shh/ssafy_gazeboy/ssafy_ws/install/turtlebot3_gazebo/share/turtlebot3_gazebo//models/turtlebot3_burger_velodyne_1/model.config
[15.647s] -- Symlinking: /home/shh/ssafy_gazeboy/ssafy_ws/install/turtlebot3_gazebo/share/turtlebot3_gazebo//models/turtlebot3_burger_velodyne_1/model.sdf
[15.663s] -- Symlinking: /home/shh/ssafy_gazeboy/ssafy_ws/install/turtlebot3_gazebo/share/turtlebot3_gazebo//models/turtlebot3_dqn_world/goal_box/model.config
[15.676s] -- Symlinking: /home/shh/ssafy_gazeboy/ssafy_ws/install/turtlebot3_gazebo/share/turtlebot3_gazebo//models/turtlebot3_dqn_world/goal_box/model.sdf
[15.685s] -- Symlinking: /home/shh/ssafy_gazeboy/ssafy_ws/install/turtlebot3_gazebo/share/turtlebot3_gazebo//models/turtlebot3_dqn_world/inner_walls/model.config
[15.701s] -- Symlinking: /home/shh/ssafy_gazeboy/ssafy_ws/install/turtlebot3_gazebo/share/turtlebot3_gazebo//models/turtlebot3_dqn_world/inner_walls/model.sdf
[15.711s] -- Symlinking: /home/shh/ssafy_gazeboy/ssafy_ws/install/turtlebot3_gazebo/share/turtlebot3_gazebo//models/turtlebot3_dqn_world/model.config
[15.720s] -- Symlinking: /home/shh/ssafy_gazeboy/ssafy_ws/install/turtlebot3_gazebo/share/turtlebot3_gazebo//models/turtlebot3_dqn_world/model.sdf
[15.730s] -- Symlinking: /home/shh/ssafy_gazeboy/ssafy_ws/install/turtlebot3_gazebo/share/turtlebot3_gazebo//models/turtlebot3_dqn_world/obstacle1/model.config
[15.746s] -- Symlinking: /home/shh/ssafy_gazeboy/ssafy_ws/install/turtlebot3_gazebo/share/turtlebot3_gazebo//models/turtlebot3_dqn_world/obstacle1/model.sdf
[15.766s] -- Symlinking: /home/shh/ssafy_gazeboy/ssafy_ws/install/turtlebot3_gazebo/share/turtlebot3_gazebo//models/turtlebot3_dqn_world/obstacle2/model.config
[15.782s] -- Symlinking: /home/shh/ssafy_gazeboy/ssafy_ws/install/turtlebot3_gazebo/share/turtlebot3_gazebo//models/turtlebot3_dqn_world/obstacle2/model.sdf
[15.792s] -- Symlinking: /home/shh/ssafy_gazeboy/ssafy_ws/install/turtlebot3_gazebo/share/turtlebot3_gazebo//models/turtlebot3_dqn_world/obstacle_plugin/CMakeLists.txt
[15.809s] -- Symlinking: /home/shh/ssafy_gazeboy/ssafy_ws/install/turtlebot3_gazebo/share/turtlebot3_gazebo//models/turtlebot3_dqn_world/obstacle_plugin/obstacle1.cc
[15.820s] -- Symlinking: /home/shh/ssafy_gazeboy/ssafy_ws/install/turtlebot3_gazebo/share/turtlebot3_gazebo//models/turtlebot3_dqn_world/obstacle_plugin/obstacle2.cc
[15.837s] -- Symlinking: /home/shh/ssafy_gazeboy/ssafy_ws/install/turtlebot3_gazebo/share/turtlebot3_gazebo//models/turtlebot3_dqn_world/obstacle_plugin/obstacles.cc
[15.853s] -- Symlinking: /home/shh/ssafy_gazeboy/ssafy_ws/install/turtlebot3_gazebo/share/turtlebot3_gazebo//models/turtlebot3_dqn_world/obstacles/model.config
[15.869s] -- Symlinking: /home/shh/ssafy_gazeboy/ssafy_ws/install/turtlebot3_gazebo/share/turtlebot3_gazebo//models/turtlebot3_dqn_world/obstacles/model.sdf
[15.879s] -- Symlinking: /home/shh/ssafy_gazeboy/ssafy_ws/install/turtlebot3_gazebo/share/turtlebot3_gazebo//models/turtlebot3_house/model.config
[15.896s] -- Symlinking: /home/shh/ssafy_gazeboy/ssafy_ws/install/turtlebot3_gazebo/share/turtlebot3_gazebo//models/turtlebot3_house/model.sdf
[15.912s] -- Symlinking: /home/shh/ssafy_gazeboy/ssafy_ws/install/turtlebot3_gazebo/share/turtlebot3_gazebo//models/turtlebot3_room/meshes/hexagon.dae
[15.923s] -- Symlinking: /home/shh/ssafy_gazeboy/ssafy_ws/install/turtlebot3_gazebo/share/turtlebot3_gazebo//models/turtlebot3_room/meshes/turtleroom.dae
[15.938s] -- Symlinking: /home/shh/ssafy_gazeboy/ssafy_ws/install/turtlebot3_gazebo/share/turtlebot3_gazebo//models/turtlebot3_room/meshes/wall.dae
[15.949s] -- Symlinking: /home/shh/ssafy_gazeboy/ssafy_ws/install/turtlebot3_gazebo/share/turtlebot3_gazebo//models/turtlebot3_room/model.config
[15.965s] -- Symlinking: /home/shh/ssafy_gazeboy/ssafy_ws/install/turtlebot3_gazebo/share/turtlebot3_gazebo//models/turtlebot3_room/model.sdf
[15.983s] -- Symlinking: /home/shh/ssafy_gazeboy/ssafy_ws/install/turtlebot3_gazebo/share/turtlebot3_gazebo//models/turtlebot3_room/troom.blend
[16.001s] -- Symlinking: /home/shh/ssafy_gazeboy/ssafy_ws/install/turtlebot3_gazebo/share/turtlebot3_gazebo//models/turtlebot3_room/troom.blend1
[16.017s] -- Symlinking: /home/shh/ssafy_gazeboy/ssafy_ws/install/turtlebot3_gazebo/share/turtlebot3_gazebo//models/turtlebot3_waffle/meshes/lds.dae
[16.036s] -- Symlinking: /home/shh/ssafy_gazeboy/ssafy_ws/install/turtlebot3_gazebo/share/turtlebot3_gazebo//models/turtlebot3_waffle/meshes/r200.dae
[16.059s] -- Symlinking: /home/shh/ssafy_gazeboy/ssafy_ws/install/turtlebot3_gazebo/share/turtlebot3_gazebo//models/turtlebot3_waffle/meshes/tire.dae
[16.075s] -- Symlinking: /home/shh/ssafy_gazeboy/ssafy_ws/install/turtlebot3_gazebo/share/turtlebot3_gazebo//models/turtlebot3_waffle/meshes/waffle_base.dae
[16.085s] -- Symlinking: /home/shh/ssafy_gazeboy/ssafy_ws/install/turtlebot3_gazebo/share/turtlebot3_gazebo//models/turtlebot3_waffle/model-1_4.sdf
[16.105s] -- Symlinking: /home/shh/ssafy_gazeboy/ssafy_ws/install/turtlebot3_gazebo/share/turtlebot3_gazebo//models/turtlebot3_waffle/model.config
[16.125s] -- Symlinking: /home/shh/ssafy_gazeboy/ssafy_ws/install/turtlebot3_gazebo/share/turtlebot3_gazebo//models/turtlebot3_waffle/model.sdf
[16.136s] -- Symlinking: /home/shh/ssafy_gazeboy/ssafy_ws/install/turtlebot3_gazebo/share/turtlebot3_gazebo//models/turtlebot3_waffle_pi/meshes/lds.dae
[16.146s] -- Symlinking: /home/shh/ssafy_gazeboy/ssafy_ws/install/turtlebot3_gazebo/share/turtlebot3_gazebo//models/turtlebot3_waffle_pi/meshes/tire.dae
[16.161s] -- Symlinking: /home/shh/ssafy_gazeboy/ssafy_ws/install/turtlebot3_gazebo/share/turtlebot3_gazebo//models/turtlebot3_waffle_pi/meshes/waffle_pi_base.dae
[16.177s] -- Symlinking: /home/shh/ssafy_gazeboy/ssafy_ws/install/turtlebot3_gazebo/share/turtlebot3_gazebo//models/turtlebot3_waffle_pi/model-1_4_.sdf
[16.187s] -- Symlinking: /home/shh/ssafy_gazeboy/ssafy_ws/install/turtlebot3_gazebo/share/turtlebot3_gazebo//models/turtlebot3_waffle_pi/model.config
[16.201s] -- Symlinking: /home/shh/ssafy_gazeboy/ssafy_ws/install/turtlebot3_gazebo/share/turtlebot3_gazebo//models/turtlebot3_waffle_pi/model.sdf
[16.217s] -- Symlinking: /home/shh/ssafy_gazeboy/ssafy_ws/install/turtlebot3_gazebo/share/turtlebot3_gazebo//models/turtlebot3_world/meshes/hexagon.dae
[16.233s] -- Symlinking: /home/shh/ssafy_gazeboy/ssafy_ws/install/turtlebot3_gazebo/share/turtlebot3_gazebo//models/turtlebot3_world/meshes/wall.dae
[16.251s] -- Symlinking: /home/shh/ssafy_gazeboy/ssafy_ws/install/turtlebot3_gazebo/share/turtlebot3_gazebo//models/turtlebot3_world/model-1_4.sdf
[16.268s] -- Symlinking: /home/shh/ssafy_gazeboy/ssafy_ws/install/turtlebot3_gazebo/share/turtlebot3_gazebo//models/turtlebot3_world/model.config
[16.279s] -- Symlinking: /home/shh/ssafy_gazeboy/ssafy_ws/install/turtlebot3_gazebo/share/turtlebot3_gazebo//models/turtlebot3_world/model.sdf
[16.293s] -- Symlinking: /home/shh/ssafy_gazeboy/ssafy_ws/install/turtlebot3_gazebo/share/turtlebot3_gazebo//models/velodyne_description/CHANGELOG.rst
[16.308s] -- Symlinking: /home/shh/ssafy_gazeboy/ssafy_ws/install/turtlebot3_gazebo/share/turtlebot3_gazebo//models/velodyne_description/CMakeLists.txt
[16.327s] -- Symlinking: /home/shh/ssafy_gazeboy/ssafy_ws/install/turtlebot3_gazebo/share/turtlebot3_gazebo//models/velodyne_description/env-hooks/velodyne_description.dsv.in
[16.344s] -- Symlinking: /home/shh/ssafy_gazeboy/ssafy_ws/install/turtlebot3_gazebo/share/turtlebot3_gazebo//models/velodyne_description/launch/example.launch.py
[16.360s] -- Symlinking: /home/shh/ssafy_gazeboy/ssafy_ws/install/turtlebot3_gazebo/share/turtlebot3_gazebo//models/velodyne_description/meshes/HDL32E_base.dae
[16.377s] -- Symlinking: /home/shh/ssafy_gazeboy/ssafy_ws/install/turtlebot3_gazebo/share/turtlebot3_gazebo//models/velodyne_description/meshes/HDL32E_base.stl
[16.392s] -- Symlinking: /home/shh/ssafy_gazeboy/ssafy_ws/install/turtlebot3_gazebo/share/turtlebot3_gazebo//models/velodyne_description/meshes/HDL32E_scan.dae
[16.409s] -- Symlinking: /home/shh/ssafy_gazeboy/ssafy_ws/install/turtlebot3_gazebo/share/turtlebot3_gazebo//models/velodyne_description/meshes/HDL32E_scan.stl
[16.418s] -- Symlinking: /home/shh/ssafy_gazeboy/ssafy_ws/install/turtlebot3_gazebo/share/turtlebot3_gazebo//models/velodyne_description/meshes/VLP16_base_1.dae
[16.438s] -- Symlinking: /home/shh/ssafy_gazeboy/ssafy_ws/install/turtlebot3_gazebo/share/turtlebot3_gazebo//models/velodyne_description/meshes/VLP16_base_1.stl
[16.450s] -- Symlinking: /home/shh/ssafy_gazeboy/ssafy_ws/install/turtlebot3_gazebo/share/turtlebot3_gazebo//models/velodyne_description/meshes/VLP16_base_2.dae
[16.463s] -- Symlinking: /home/shh/ssafy_gazeboy/ssafy_ws/install/turtlebot3_gazebo/share/turtlebot3_gazebo//models/velodyne_description/meshes/VLP16_base_2.stl
[16.474s] -- Symlinking: /home/shh/ssafy_gazeboy/ssafy_ws/install/turtlebot3_gazebo/share/turtlebot3_gazebo//models/velodyne_description/meshes/VLP16_scan.dae
[16.489s] -- Symlinking: /home/shh/ssafy_gazeboy/ssafy_ws/install/turtlebot3_gazebo/share/turtlebot3_gazebo//models/velodyne_description/meshes/VLP16_scan.stl
[16.507s] -- Symlinking: /home/shh/ssafy_gazeboy/ssafy_ws/install/turtlebot3_gazebo/share/turtlebot3_gazebo//models/velodyne_description/package.xml
[16.528s] -- Symlinking: /home/shh/ssafy_gazeboy/ssafy_ws/install/turtlebot3_gazebo/share/turtlebot3_gazebo//models/velodyne_description/rviz/example.rviz
[16.540s] -- Symlinking: /home/shh/ssafy_gazeboy/ssafy_ws/install/turtlebot3_gazebo/share/turtlebot3_gazebo//models/velodyne_description/urdf/HDL-32E.urdf.xacro
[16.551s] -- Symlinking: /home/shh/ssafy_gazeboy/ssafy_ws/install/turtlebot3_gazebo/share/turtlebot3_gazebo//models/velodyne_description/urdf/VLP-16.urdf.xacro
[16.566s] -- Symlinking: /home/shh/ssafy_gazeboy/ssafy_ws/install/turtlebot3_gazebo/share/turtlebot3_gazebo//models/velodyne_description/urdf/example.urdf.xacro
[16.582s] -- Symlinking: /home/shh/ssafy_gazeboy/ssafy_ws/install/turtlebot3_gazebo/share/turtlebot3_gazebo//models/velodyne_description/world/example.world
[16.600s] -- Symlinking: /home/shh/ssafy_gazeboy/ssafy_ws/install/turtlebot3_gazebo/share/turtlebot3_gazebo//rviz/tb3_gazebo.rviz
[16.619s] -- Symlinking: /home/shh/ssafy_gazeboy/ssafy_ws/install/turtlebot3_gazebo/share/turtlebot3_gazebo//worlds/empty_worlds/burger.model
[16.636s] -- Symlinking: /home/shh/ssafy_gazeboy/ssafy_ws/install/turtlebot3_gazebo/share/turtlebot3_gazebo//worlds/empty_worlds/waffle.model
[16.652s] -- Symlinking: /home/shh/ssafy_gazeboy/ssafy_ws/install/turtlebot3_gazebo/share/turtlebot3_gazebo//worlds/empty_worlds/waffle_pi.model
[16.678s] -- Symlinking: /home/shh/ssafy_gazeboy/ssafy_ws/install/turtlebot3_gazebo/share/turtlebot3_gazebo//worlds/example.world
[16.689s] -- Symlinking: /home/shh/ssafy_gazeboy/ssafy_ws/install/turtlebot3_gazebo/share/turtlebot3_gazebo//worlds/turtlebot3_autoraces/burger.model
[16.696s] -- Symlinking: /home/shh/ssafy_gazeboy/ssafy_ws/install/turtlebot3_gazebo/share/turtlebot3_gazebo//worlds/turtlebot3_autoraces/waffle.model
[16.704s] -- Symlinking: /home/shh/ssafy_gazeboy/ssafy_ws/install/turtlebot3_gazebo/share/turtlebot3_gazebo//worlds/turtlebot3_autoraces/waffle_pi.model
[16.714s] -- Symlinking: /home/shh/ssafy_gazeboy/ssafy_ws/install/turtlebot3_gazebo/share/turtlebot3_gazebo//worlds/turtlebot3_dqn_stage1/burger.model
[16.727s] -- Symlinking: /home/shh/ssafy_gazeboy/ssafy_ws/install/turtlebot3_gazebo/share/turtlebot3_gazebo//worlds/turtlebot3_dqn_stage1/waffle.model
[16.753s] -- Symlinking: /home/shh/ssafy_gazeboy/ssafy_ws/install/turtlebot3_gazebo/share/turtlebot3_gazebo//worlds/turtlebot3_dqn_stage1/waffle_pi.model
[16.758s] -- Symlinking: /home/shh/ssafy_gazeboy/ssafy_ws/install/turtlebot3_gazebo/share/turtlebot3_gazebo//worlds/turtlebot3_dqn_stage2/burger.model
[16.775s] -- Symlinking: /home/shh/ssafy_gazeboy/ssafy_ws/install/turtlebot3_gazebo/share/turtlebot3_gazebo//worlds/turtlebot3_dqn_stage2/waffle.model
[16.793s] -- Symlinking: /home/shh/ssafy_gazeboy/ssafy_ws/install/turtlebot3_gazebo/share/turtlebot3_gazebo//worlds/turtlebot3_dqn_stage2/waffle_pi.model
[16.809s] -- Symlinking: /home/shh/ssafy_gazeboy/ssafy_ws/install/turtlebot3_gazebo/share/turtlebot3_gazebo//worlds/turtlebot3_dqn_stage3/burger.model
[16.829s] -- Symlinking: /home/shh/ssafy_gazeboy/ssafy_ws/install/turtlebot3_gazebo/share/turtlebot3_gazebo//worlds/turtlebot3_dqn_stage3/waffle.model
[16.847s] -- Symlinking: /home/shh/ssafy_gazeboy/ssafy_ws/install/turtlebot3_gazebo/share/turtlebot3_gazebo//worlds/turtlebot3_dqn_stage3/waffle_pi.model
[16.860s] -- Symlinking: /home/shh/ssafy_gazeboy/ssafy_ws/install/turtlebot3_gazebo/share/turtlebot3_gazebo//worlds/turtlebot3_dqn_stage4/burger.model
[16.877s] -- Symlinking: /home/shh/ssafy_gazeboy/ssafy_ws/install/turtlebot3_gazebo/share/turtlebot3_gazebo//worlds/turtlebot3_dqn_stage4/waffle.model
[16.897s] -- Symlinking: /home/shh/ssafy_gazeboy/ssafy_ws/install/turtlebot3_gazebo/share/turtlebot3_gazebo//worlds/turtlebot3_dqn_stage4/waffle_pi.model
[16.913s] -- Symlinking: /home/shh/ssafy_gazeboy/ssafy_ws/install/turtlebot3_gazebo/share/turtlebot3_gazebo//worlds/turtlebot3_houses/burger.model
[16.924s] -- Symlinking: /home/shh/ssafy_gazeboy/ssafy_ws/install/turtlebot3_gazebo/share/turtlebot3_gazebo//worlds/turtlebot3_houses/waffle.model
[16.935s] -- Symlinking: /home/shh/ssafy_gazeboy/ssafy_ws/install/turtlebot3_gazebo/share/turtlebot3_gazebo//worlds/turtlebot3_houses/waffle_pi.model
[16.946s] -- Symlinking: /home/shh/ssafy_gazeboy/ssafy_ws/install/turtlebot3_gazebo/share/turtlebot3_gazebo//worlds/turtlebot3_tc_robots.world
[16.956s] -- Symlinking: /home/shh/ssafy_gazeboy/ssafy_ws/install/turtlebot3_gazebo/share/turtlebot3_gazebo//worlds/turtlebot3_tc_two_robots.world
[16.972s] -- Symlinking: /home/shh/ssafy_gazeboy/ssafy_ws/install/turtlebot3_gazebo/share/turtlebot3_gazebo//worlds/turtlebot3_tc_two_robots_velodyne.world
[16.988s] -- Symlinking: /home/shh/ssafy_gazeboy/ssafy_ws/install/turtlebot3_gazebo/share/turtlebot3_gazebo//worlds/turtlebot3_velodyne_robots.world
[17.004s] -- Symlinking: /home/shh/ssafy_gazeboy/ssafy_ws/install/turtlebot3_gazebo/share/turtlebot3_gazebo//worlds/turtlebot3_worlds/burger.model
[17.014s] -- Symlinking: /home/shh/ssafy_gazeboy/ssafy_ws/install/turtlebot3_gazebo/share/turtlebot3_gazebo//worlds/turtlebot3_worlds/waffle.model
[17.026s] -- Symlinking: /home/shh/ssafy_gazeboy/ssafy_ws/install/turtlebot3_gazebo/share/turtlebot3_gazebo//worlds/turtlebot3_worlds/waffle_pi.model
[17.037s] -- Symlinking: /home/shh/ssafy_gazeboy/ssafy_ws/install/turtlebot3_gazebo/share/turtlebot3_gazebo//urdf/turtlebot3_burger.urdf
[17.048s] -- Symlinking: /home/shh/ssafy_gazeboy/ssafy_ws/install/turtlebot3_gazebo/share/turtlebot3_gazebo//urdf/turtlebot3_velodyne_burger.urdf
[17.060s] -- Symlinking: /home/shh/ssafy_gazeboy/ssafy_ws/install/turtlebot3_gazebo/include//turtlebot3_gazebo/turtlebot3_drive.hpp
[17.071s] -- Symlinking: /home/shh/ssafy_gazeboy/ssafy_ws/install/turtlebot3_gazebo/share/ament_index/resource_index/package_run_dependencies/turtlebot3_gazebo
[17.086s] -- Symlinking: /home/shh/ssafy_gazeboy/ssafy_ws/install/turtlebot3_gazebo/share/ament_index/resource_index/parent_prefix_path/turtlebot3_gazebo
[17.097s] -- Symlinking: /home/shh/ssafy_gazeboy/ssafy_ws/install/turtlebot3_gazebo/share/turtlebot3_gazebo/environment/ament_prefix_path.sh
[17.108s] -- Symlinking: /home/shh/ssafy_gazeboy/ssafy_ws/install/turtlebot3_gazebo/share/turtlebot3_gazebo/environment/ament_prefix_path.dsv
[17.125s] -- Symlinking: /home/shh/ssafy_gazeboy/ssafy_ws/install/turtlebot3_gazebo/share/turtlebot3_gazebo/environment/path.sh
[17.145s] -- Symlinking: /home/shh/ssafy_gazeboy/ssafy_ws/install/turtlebot3_gazebo/share/turtlebot3_gazebo/environment/path.dsv
[17.161s] -- Symlinking: /home/shh/ssafy_gazeboy/ssafy_ws/install/turtlebot3_gazebo/share/turtlebot3_gazebo/local_setup.bash
[17.177s] -- Symlinking: /home/shh/ssafy_gazeboy/ssafy_ws/install/turtlebot3_gazebo/share/turtlebot3_gazebo/local_setup.sh
[17.187s] -- Symlinking: /home/shh/ssafy_gazeboy/ssafy_ws/install/turtlebot3_gazebo/share/turtlebot3_gazebo/local_setup.zsh
[17.206s] -- Symlinking: /home/shh/ssafy_gazeboy/ssafy_ws/install/turtlebot3_gazebo/share/turtlebot3_gazebo/local_setup.dsv
[17.222s] -- Symlinking: /home/shh/ssafy_gazeboy/ssafy_ws/install/turtlebot3_gazebo/share/turtlebot3_gazebo/package.dsv
[17.239s] -- Symlinking: /home/shh/ssafy_gazeboy/ssafy_ws/install/turtlebot3_gazebo/share/ament_index/resource_index/packages/turtlebot3_gazebo
[17.258s] -- Symlinking: /home/shh/ssafy_gazeboy/ssafy_ws/install/turtlebot3_gazebo/share/turtlebot3_gazebo/cmake/ament_cmake_export_include_directories-extras.cmake
[17.268s] -- Symlinking: /home/shh/ssafy_gazeboy/ssafy_ws/install/turtlebot3_gazebo/share/turtlebot3_gazebo/cmake/ament_cmake_export_dependencies-extras.cmake
[17.279s] -- Symlinking: /home/shh/ssafy_gazeboy/ssafy_ws/install/turtlebot3_gazebo/share/turtlebot3_gazebo/cmake/turtlebot3_gazeboConfig.cmake
[17.289s] -- Symlinking: /home/shh/ssafy_gazeboy/ssafy_ws/install/turtlebot3_gazebo/share/turtlebot3_gazebo/cmake/turtlebot3_gazeboConfig-version.cmake
[17.299s] -- Symlinking: /home/shh/ssafy_gazeboy/ssafy_ws/install/turtlebot3_gazebo/share/turtlebot3_gazebo/package.xml
[17.320s] Invoked command in '/home/shh/ssafy_gazeboy/ssafy_ws/build/turtlebot3_gazebo' returned '0': CMAKE_PREFIX_PATH=/home/shh/ssafy_gazeboy/ssafy_ws/install/velodyne_description:/home/shh/ssafy_gazeboy/ssafy_ws/install/turtlebot3_description:/home/shh/ssafy_gazeboy/ssafy_ws/install/velodyne_simulator:/home/shh/ssafy_gazeboy/ssafy_ws/install/velodyne_gazebo_plugins:/home/shh/ssafy_gazeboy/ssafy_ws/install/turtlebot3:/home/shh/ssafy_gazeboy/ssafy_ws/install/turtlebot3_simulations:/home/shh/ssafy_gazeboy/ssafy_ws/install/turtlebot3_bringup:/home/shh/ssafy_gazeboy/ssafy_ws/install/turtlebot3_node:/home/shh/ssafy_gazeboy/ssafy_ws/install/turtlebot3_navigation2:/home/shh/ssafy_gazeboy/ssafy_ws/install/turtlebot3_fake_node:/home/shh/ssafy_gazeboy/ssafy_ws/install/turtlebot3_msgs:/home/shh/ssafy_gazeboy/ssafy_ws/install/turtlebot3_gazebo:/home/shh/ssafy_gazeboy/ssafy_ws/install/turtlebot3_cartographer:/home/shh/ssafy_gazeboy/ssafy_ws/install/teleop_twist_keyboard:/home/shh/ssafy_gazeboy/ssafy_ws/install/turtlebot3_teleop:/home/shh/ssafy_gazeboy/ssafy_ws/install/turtlebot3_example:/home/shh/ssafy_gazeboy/ssafy_ws/install/250114:/opt/ros/foxy /usr/bin/cmake --install /home/shh/ssafy_gazeboy/ssafy_ws/build/turtlebot3_gazebo
