[0.017s] Invoking command in '/home/shh/ssafy_gazeboy/ssafy_ws/build/turtlebot3_simulations': CMAKE_PREFIX_PATH=/home/shh/ssafy_gazeboy/ssafy_ws/install/turtlebot3_gazebo:/home/shh/ssafy_gazeboy/ssafy_ws/install/velodyne_description:/home/shh/ssafy_gazeboy/ssafy_ws/install/turtlebot3_description:/home/shh/ssafy_gazeboy/ssafy_ws/install/velodyne_simulator:/home/shh/ssafy_gazeboy/ssafy_ws/install/velodyne_gazebo_plugins:/home/shh/ssafy_gazeboy/ssafy_ws/install/turtlebot3:/home/shh/ssafy_gazeboy/ssafy_ws/install/turtlebot3_simulations:/home/shh/ssafy_gazeboy/ssafy_ws/install/turtlebot3_bringup:/home/shh/ssafy_gazeboy/ssafy_ws/install/turtlebot3_node:/home/shh/ssafy_gazeboy/ssafy_ws/install/turtlebot3_navigation2:/home/shh/ssafy_gazeboy/ssafy_ws/install/turtlebot3_fake_node:/home/shh/ssafy_gazeboy/ssafy_ws/install/turtlebot3_msgs:/home/shh/ssafy_gazeboy/ssafy_ws/install/turtlebot3_cartographer:/home/shh/ssafy_gazeboy/ssafy_ws/install/teleop_twist_keyboard:/home/shh/ssafy_gazeboy/ssafy_ws/install/turtlebot3_teleop:/home/shh/ssafy_gazeboy/ssafy_ws/install/turtlebot3_example:/home/shh/ssafy_gazeboy/ssafy_ws/install/250114:/opt/ros/foxy /usr/bin/cmake /home/shh/ssafy_gazeboy/ssafy_ws/src/turtlebot3_simulations/turtlebot3_simulations -DAMENT_CMAKE_SYMLINK_INSTALL=1 -DCMAKE_INSTALL_PREFIX=/home/shh/ssafy_gazeboy/ssafy_ws/install/turtlebot3_simulations
[0.098s] -- The C compiler identification is GNU 9.4.0
[0.167s] -- The CXX compiler identification is GNU 9.4.0
[0.174s] -- Check for working C compiler: /usr/bin/cc
[0.288s] -- Check for working C compiler: /usr/bin/cc -- works
[0.289s] -- Detecting C compiler ABI info
[0.402s] -- Detecting C compiler ABI info - done
[0.417s] -- Detecting C compile features
[0.417s] -- Detecting C compile features - done
[0.419s] -- Check for working CXX compiler: /usr/bin/c++
[0.557s] -- Check for working CXX compiler: /usr/bin/c++ -- works
[0.559s] -- Detecting CXX compiler ABI info
[0.674s] -- Detecting CXX compiler ABI info - done
[0.689s] -- Detecting CXX compile features
[0.689s] -- Detecting CXX compile features - done
[0.693s] -- Found ament_cmake: 0.9.12 (/opt/ros/foxy/share/ament_cmake/cmake)
[0.726s] -- Found PythonInterp: /usr/bin/python3 (found suitable version "3.8.10", minimum required is "3") 
[0.726s] -- Using PYTHON_EXECUTABLE: /usr/bin/python3
[0.898s] -- Override CMake install command with custom implementation using symlinks instead of copying resources
[0.998s] -- Configuring done
[1.000s] -- Generating done
[1.000s] -- Build files have been written to: /home/shh/ssafy_gazeboy/ssafy_ws/build/turtlebot3_simulations
[1.004s] Invoked command in '/home/shh/ssafy_gazeboy/ssafy_ws/build/turtlebot3_simulations' returned '0': CMAKE_PREFIX_PATH=/home/shh/ssafy_gazeboy/ssafy_ws/install/turtlebot3_gazebo:/home/shh/ssafy_gazeboy/ssafy_ws/install/velodyne_description:/home/shh/ssafy_gazeboy/ssafy_ws/install/turtlebot3_description:/home/shh/ssafy_gazeboy/ssafy_ws/install/velodyne_simulator:/home/shh/ssafy_gazeboy/ssafy_ws/install/velodyne_gazebo_plugins:/home/shh/ssafy_gazeboy/ssafy_ws/install/turtlebot3:/home/shh/ssafy_gazeboy/ssafy_ws/install/turtlebot3_simulations:/home/shh/ssafy_gazeboy/ssafy_ws/install/turtlebot3_bringup:/home/shh/ssafy_gazeboy/ssafy_ws/install/turtlebot3_node:/home/shh/ssafy_gazeboy/ssafy_ws/install/turtlebot3_navigation2:/home/shh/ssafy_gazeboy/ssafy_ws/install/turtlebot3_fake_node:/home/shh/ssafy_gazeboy/ssafy_ws/install/turtlebot3_msgs:/home/shh/ssafy_gazeboy/ssafy_ws/install/turtlebot3_cartographer:/home/shh/ssafy_gazeboy/ssafy_ws/install/teleop_twist_keyboard:/home/shh/ssafy_gazeboy/ssafy_ws/install/turtlebot3_teleop:/home/shh/ssafy_gazeboy/ssafy_ws/install/turtlebot3_example:/home/shh/ssafy_gazeboy/ssafy_ws/install/250114:/opt/ros/foxy /usr/bin/cmake /home/shh/ssafy_gazeboy/ssafy_ws/src/turtlebot3_simulations/turtlebot3_simulations -DAMENT_CMAKE_SYMLINK_INSTALL=1 -DCMAKE_INSTALL_PREFIX=/home/shh/ssafy_gazeboy/ssafy_ws/install/turtlebot3_simulations
[1.009s] Invoking command in '/home/shh/ssafy_gazeboy/ssafy_ws/build/turtlebot3_simulations': CMAKE_PREFIX_PATH=/home/shh/ssafy_gazeboy/ssafy_ws/install/turtlebot3_gazebo:/home/shh/ssafy_gazeboy/ssafy_ws/install/velodyne_description:/home/shh/ssafy_gazeboy/ssafy_ws/install/turtlebot3_description:/home/shh/ssafy_gazeboy/ssafy_ws/install/velodyne_simulator:/home/shh/ssafy_gazeboy/ssafy_ws/install/velodyne_gazebo_plugins:/home/shh/ssafy_gazeboy/ssafy_ws/install/turtlebot3:/home/shh/ssafy_gazeboy/ssafy_ws/install/turtlebot3_simulations:/home/shh/ssafy_gazeboy/ssafy_ws/install/turtlebot3_bringup:/home/shh/ssafy_gazeboy/ssafy_ws/install/turtlebot3_node:/home/shh/ssafy_gazeboy/ssafy_ws/install/turtlebot3_navigation2:/home/shh/ssafy_gazeboy/ssafy_ws/install/turtlebot3_fake_node:/home/shh/ssafy_gazeboy/ssafy_ws/install/turtlebot3_msgs:/home/shh/ssafy_gazeboy/ssafy_ws/install/turtlebot3_cartographer:/home/shh/ssafy_gazeboy/ssafy_ws/install/teleop_twist_keyboard:/home/shh/ssafy_gazeboy/ssafy_ws/install/turtlebot3_teleop:/home/shh/ssafy_gazeboy/ssafy_ws/install/turtlebot3_example:/home/shh/ssafy_gazeboy/ssafy_ws/install/250114:/opt/ros/foxy /usr/bin/cmake --build /home/shh/ssafy_gazeboy/ssafy_ws/build/turtlebot3_simulations -- -j16 -l16
[1.074s] Invoked command in '/home/shh/ssafy_gazeboy/ssafy_ws/build/turtlebot3_simulations' returned '0': CMAKE_PREFIX_PATH=/home/shh/ssafy_gazeboy/ssafy_ws/install/turtlebot3_gazebo:/home/shh/ssafy_gazeboy/ssafy_ws/install/velodyne_description:/home/shh/ssafy_gazeboy/ssafy_ws/install/turtlebot3_description:/home/shh/ssafy_gazeboy/ssafy_ws/install/velodyne_simulator:/home/shh/ssafy_gazeboy/ssafy_ws/install/velodyne_gazebo_plugins:/home/shh/ssafy_gazeboy/ssafy_ws/install/turtlebot3:/home/shh/ssafy_gazeboy/ssafy_ws/install/turtlebot3_simulations:/home/shh/ssafy_gazeboy/ssafy_ws/install/turtlebot3_bringup:/home/shh/ssafy_gazeboy/ssafy_ws/install/turtlebot3_node:/home/shh/ssafy_gazeboy/ssafy_ws/install/turtlebot3_navigation2:/home/shh/ssafy_gazeboy/ssafy_ws/install/turtlebot3_fake_node:/home/shh/ssafy_gazeboy/ssafy_ws/install/turtlebot3_msgs:/home/shh/ssafy_gazeboy/ssafy_ws/install/turtlebot3_cartographer:/home/shh/ssafy_gazeboy/ssafy_ws/install/teleop_twist_keyboard:/home/shh/ssafy_gazeboy/ssafy_ws/install/turtlebot3_teleop:/home/shh/ssafy_gazeboy/ssafy_ws/install/turtlebot3_example:/home/shh/ssafy_gazeboy/ssafy_ws/install/250114:/opt/ros/foxy /usr/bin/cmake --build /home/shh/ssafy_gazeboy/ssafy_ws/build/turtlebot3_simulations -- -j16 -l16
[1.112s] Invoking command in '/home/shh/ssafy_gazeboy/ssafy_ws/build/turtlebot3_simulations': CMAKE_PREFIX_PATH=/home/shh/ssafy_gazeboy/ssafy_ws/install/turtlebot3_gazebo:/home/shh/ssafy_gazeboy/ssafy_ws/install/velodyne_description:/home/shh/ssafy_gazeboy/ssafy_ws/install/turtlebot3_description:/home/shh/ssafy_gazeboy/ssafy_ws/install/velodyne_simulator:/home/shh/ssafy_gazeboy/ssafy_ws/install/velodyne_gazebo_plugins:/home/shh/ssafy_gazeboy/ssafy_ws/install/turtlebot3:/home/shh/ssafy_gazeboy/ssafy_ws/install/turtlebot3_simulations:/home/shh/ssafy_gazeboy/ssafy_ws/install/turtlebot3_bringup:/home/shh/ssafy_gazeboy/ssafy_ws/install/turtlebot3_node:/home/shh/ssafy_gazeboy/ssafy_ws/install/turtlebot3_navigation2:/home/shh/ssafy_gazeboy/ssafy_ws/install/turtlebot3_fake_node:/home/shh/ssafy_gazeboy/ssafy_ws/install/turtlebot3_msgs:/home/shh/ssafy_gazeboy/ssafy_ws/install/turtlebot3_cartographer:/home/shh/ssafy_gazeboy/ssafy_ws/install/teleop_twist_keyboard:/home/shh/ssafy_gazeboy/ssafy_ws/install/turtlebot3_teleop:/home/shh/ssafy_gazeboy/ssafy_ws/install/turtlebot3_example:/home/shh/ssafy_gazeboy/ssafy_ws/install/250114:/opt/ros/foxy /usr/bin/cmake --install /home/shh/ssafy_gazeboy/ssafy_ws/build/turtlebot3_simulations
[1.129s] -- Install configuration: ""
[1.129s] -- Execute custom install script
[1.129s] -- Symlinking: /home/shh/ssafy_gazeboy/ssafy_ws/install/turtlebot3_simulations/share/ament_index/resource_index/package_run_dependencies/turtlebot3_simulations
[1.144s] -- Symlinking: /home/shh/ssafy_gazeboy/ssafy_ws/install/turtlebot3_simulations/share/ament_index/resource_index/parent_prefix_path/turtlebot3_simulations
[1.163s] -- Symlinking: /home/shh/ssafy_gazeboy/ssafy_ws/install/turtlebot3_simulations/share/turtlebot3_simulations/environment/ament_prefix_path.sh
[1.180s] -- Symlinking: /home/shh/ssafy_gazeboy/ssafy_ws/install/turtlebot3_simulations/share/turtlebot3_simulations/environment/ament_prefix_path.dsv
[1.194s] -- Symlinking: /home/shh/ssafy_gazeboy/ssafy_ws/install/turtlebot3_simulations/share/turtlebot3_simulations/environment/path.sh
[1.210s] -- Symlinking: /home/shh/ssafy_gazeboy/ssafy_ws/install/turtlebot3_simulations/share/turtlebot3_simulations/environment/path.dsv
[1.225s] -- Symlinking: /home/shh/ssafy_gazeboy/ssafy_ws/install/turtlebot3_simulations/share/turtlebot3_simulations/local_setup.bash
[1.241s] -- Symlinking: /home/shh/ssafy_gazeboy/ssafy_ws/install/turtlebot3_simulations/share/turtlebot3_simulations/local_setup.sh
[1.252s] -- Symlinking: /home/shh/ssafy_gazeboy/ssafy_ws/install/turtlebot3_simulations/share/turtlebot3_simulations/local_setup.zsh
[1.262s] -- Symlinking: /home/shh/ssafy_gazeboy/ssafy_ws/install/turtlebot3_simulations/share/turtlebot3_simulations/local_setup.dsv
[1.273s] -- Symlinking: /home/shh/ssafy_gazeboy/ssafy_ws/install/turtlebot3_simulations/share/turtlebot3_simulations/package.dsv
[1.293s] -- Symlinking: /home/shh/ssafy_gazeboy/ssafy_ws/install/turtlebot3_simulations/share/ament_index/resource_index/packages/turtlebot3_simulations
[1.304s] -- Symlinking: /home/shh/ssafy_gazeboy/ssafy_ws/install/turtlebot3_simulations/share/turtlebot3_simulations/cmake/turtlebot3_simulationsConfig.cmake
[1.317s] -- Symlinking: /home/shh/ssafy_gazeboy/ssafy_ws/install/turtlebot3_simulations/share/turtlebot3_simulations/cmake/turtlebot3_simulationsConfig-version.cmake
[1.337s] -- Symlinking: /home/shh/ssafy_gazeboy/ssafy_ws/install/turtlebot3_simulations/share/turtlebot3_simulations/package.xml
[1.364s] Invoked command in '/home/shh/ssafy_gazeboy/ssafy_ws/build/turtlebot3_simulations' returned '0': CMAKE_PREFIX_PATH=/home/shh/ssafy_gazeboy/ssafy_ws/install/turtlebot3_gazebo:/home/shh/ssafy_gazeboy/ssafy_ws/install/velodyne_description:/home/shh/ssafy_gazeboy/ssafy_ws/install/turtlebot3_description:/home/shh/ssafy_gazeboy/ssafy_ws/install/velodyne_simulator:/home/shh/ssafy_gazeboy/ssafy_ws/install/velodyne_gazebo_plugins:/home/shh/ssafy_gazeboy/ssafy_ws/install/turtlebot3:/home/shh/ssafy_gazeboy/ssafy_ws/install/turtlebot3_simulations:/home/shh/ssafy_gazeboy/ssafy_ws/install/turtlebot3_bringup:/home/shh/ssafy_gazeboy/ssafy_ws/install/turtlebot3_node:/home/shh/ssafy_gazeboy/ssafy_ws/install/turtlebot3_navigation2:/home/shh/ssafy_gazeboy/ssafy_ws/install/turtlebot3_fake_node:/home/shh/ssafy_gazeboy/ssafy_ws/install/turtlebot3_msgs:/home/shh/ssafy_gazeboy/ssafy_ws/install/turtlebot3_cartographer:/home/shh/ssafy_gazeboy/ssafy_ws/install/teleop_twist_keyboard:/home/shh/ssafy_gazeboy/ssafy_ws/install/turtlebot3_teleop:/home/shh/ssafy_gazeboy/ssafy_ws/install/turtlebot3_example:/home/shh/ssafy_gazeboy/ssafy_ws/install/250114:/opt/ros/foxy /usr/bin/cmake --install /home/shh/ssafy_gazeboy/ssafy_ws/build/turtlebot3_simulations
