[0.466s] DEBUG:colcon:Command line arguments: ['/home/shh/.local/bin/colcon', 'build', '--symlink-install']
[0.466s] DEBUG:colcon:Parsed command line arguments: Namespace(allow_overriding=[], ament_cmake_args=None, base_paths=['.'], build_base='build', catkin_cmake_args=None, catkin_skip_building_tests=False, cmake_args=None, cmake_clean_cache=False, cmake_clean_first=False, cmake_force_configure=False, cmake_target=None, cmake_target_skip_unavailable=False, continue_on_error=False, event_handlers=None, executor='parallel', ignore_user_meta=False, install_base='install', log_base=None, log_level=None, main=<bound method BuildVerb.main of <colcon_core.verb.build.BuildVerb object at 0x7ff0f9f8c850>>, merge_install=False, metas=['./colcon.meta'], packages_above=None, packages_above_and_dependencies=None, packages_above_depth=None, packages_end=None, packages_ignore=None, packages_ignore_regex=None, packages_select=None, packages_select_build_failed=False, packages_select_by_dep=None, packages_select_regex=None, packages_select_test_failures=False, packages_skip=None, packages_skip_build_finished=False, packages_skip_by_dep=None, packages_skip_regex=None, packages_skip_test_passed=False, packages_skip_up_to=None, packages_start=None, packages_up_to=None, packages_up_to_regex=None, parallel_workers=16, paths=None, symlink_install=True, test_result_base=None, verb_extension=<colcon_core.verb.build.BuildVerb object at 0x7ff0f9f8c850>, verb_name='build', verb_parser=<colcon_defaults.argument_parser.defaults.DefaultArgumentsDecorator object at 0x7ff0f9f8cdc0>)
[0.497s] Level 1:colcon.colcon_core.package_discovery:discover_packages(colcon_meta) check parameters
[0.497s] Level 1:colcon.colcon_core.package_discovery:discover_packages(recursive) check parameters
[0.497s] Level 1:colcon.colcon_core.package_discovery:discover_packages(ignore) check parameters
[0.497s] Level 1:colcon.colcon_core.package_discovery:discover_packages(path) check parameters
[0.497s] Level 1:colcon.colcon_core.package_discovery:discover_packages(colcon_meta) discover
[0.498s] Level 1:colcon.colcon_core.package_discovery:discover_packages(recursive) discover
[0.498s] INFO:colcon.colcon_core.package_discovery:Crawling recursively for packages in '/home/shh/ssafy_ws'
[0.498s] Level 1:colcon.colcon_core.package_identification:_identify(.) by extensions ['ignore', 'ignore_ament_install']
[0.498s] Level 1:colcon.colcon_core.package_identification:_identify(.) by extension 'ignore'
[0.498s] Level 1:colcon.colcon_core.package_identification:_identify(.) by extension 'ignore_ament_install'
[0.498s] Level 1:colcon.colcon_core.package_identification:_identify(.) by extensions ['colcon_pkg']
[0.498s] Level 1:colcon.colcon_core.package_identification:_identify(.) by extension 'colcon_pkg'
[0.498s] Level 1:colcon.colcon_core.package_identification:_identify(.) by extensions ['colcon_meta']
[0.498s] Level 1:colcon.colcon_core.package_identification:_identify(.) by extension 'colcon_meta'
[0.498s] Level 1:colcon.colcon_core.package_identification:_identify(.) by extensions ['ros']
[0.498s] Level 1:colcon.colcon_core.package_identification:_identify(.) by extension 'ros'
[0.507s] Level 1:colcon.colcon_core.package_identification:_identify(.) by extensions ['cmake', 'python']
[0.507s] Level 1:colcon.colcon_core.package_identification:_identify(.) by extension 'cmake'
[0.507s] Level 1:colcon.colcon_core.package_identification:_identify(.) by extension 'python'
[0.508s] Level 1:colcon.colcon_core.package_identification:_identify(.) by extensions ['python_setup_py']
[0.508s] Level 1:colcon.colcon_core.package_identification:_identify(.) by extension 'python_setup_py'
[0.508s] Level 1:colcon.colcon_core.package_identification:_identify(build) by extensions ['ignore', 'ignore_ament_install']
[0.508s] Level 1:colcon.colcon_core.package_identification:_identify(build) by extension 'ignore'
[0.508s] Level 1:colcon.colcon_core.package_identification:_identify(build) ignored
[0.508s] Level 1:colcon.colcon_core.package_identification:_identify(install) by extensions ['ignore', 'ignore_ament_install']
[0.508s] Level 1:colcon.colcon_core.package_identification:_identify(install) by extension 'ignore'
[0.508s] Level 1:colcon.colcon_core.package_identification:_identify(install) ignored
[0.508s] Level 1:colcon.colcon_core.package_identification:_identify(log) by extensions ['ignore', 'ignore_ament_install']
[0.508s] Level 1:colcon.colcon_core.package_identification:_identify(log) by extension 'ignore'
[0.508s] Level 1:colcon.colcon_core.package_identification:_identify(log) ignored
[0.508s] Level 1:colcon.colcon_core.package_identification:_identify(src) by extensions ['ignore', 'ignore_ament_install']
[0.508s] Level 1:colcon.colcon_core.package_identification:_identify(src) by extension 'ignore'
[0.508s] Level 1:colcon.colcon_core.package_identification:_identify(src) by extension 'ignore_ament_install'
[0.508s] Level 1:colcon.colcon_core.package_identification:_identify(src) by extensions ['colcon_pkg']
[0.508s] Level 1:colcon.colcon_core.package_identification:_identify(src) by extension 'colcon_pkg'
[0.508s] Level 1:colcon.colcon_core.package_identification:_identify(src) by extensions ['colcon_meta']
[0.508s] Level 1:colcon.colcon_core.package_identification:_identify(src) by extension 'colcon_meta'
[0.509s] Level 1:colcon.colcon_core.package_identification:_identify(src) by extensions ['ros']
[0.509s] Level 1:colcon.colcon_core.package_identification:_identify(src) by extension 'ros'
[0.509s] Level 1:colcon.colcon_core.package_identification:_identify(src) by extensions ['cmake', 'python']
[0.509s] Level 1:colcon.colcon_core.package_identification:_identify(src) by extension 'cmake'
[0.509s] Level 1:colcon.colcon_core.package_identification:_identify(src) by extension 'python'
[0.509s] Level 1:colcon.colcon_core.package_identification:_identify(src) by extensions ['python_setup_py']
[0.509s] Level 1:colcon.colcon_core.package_identification:_identify(src) by extension 'python_setup_py'
[0.509s] Level 1:colcon.colcon_core.package_identification:_identify(src/250114) by extensions ['ignore', 'ignore_ament_install']
[0.509s] Level 1:colcon.colcon_core.package_identification:_identify(src/250114) by extension 'ignore'
[0.509s] Level 1:colcon.colcon_core.package_identification:_identify(src/250114) by extension 'ignore_ament_install'
[0.509s] Level 1:colcon.colcon_core.package_identification:_identify(src/250114) by extensions ['colcon_pkg']
[0.509s] Level 1:colcon.colcon_core.package_identification:_identify(src/250114) by extension 'colcon_pkg'
[0.509s] Level 1:colcon.colcon_core.package_identification:_identify(src/250114) by extensions ['colcon_meta']
[0.509s] Level 1:colcon.colcon_core.package_identification:_identify(src/250114) by extension 'colcon_meta'
[0.509s] Level 1:colcon.colcon_core.package_identification:_identify(src/250114) by extensions ['ros']
[0.509s] Level 1:colcon.colcon_core.package_identification:_identify(src/250114) by extension 'ros'
[0.511s] DEBUG:colcon.colcon_core.package_identification:Package 'src/250114' with type 'ros.ament_python' and name '250114'
[0.511s] Level 1:colcon.colcon_core.package_identification:_identify(src/my_python_pkg) by extensions ['ignore', 'ignore_ament_install']
[0.511s] Level 1:colcon.colcon_core.package_identification:_identify(src/my_python_pkg) by extension 'ignore'
[0.511s] Level 1:colcon.colcon_core.package_identification:_identify(src/my_python_pkg) by extension 'ignore_ament_install'
[0.512s] Level 1:colcon.colcon_core.package_identification:_identify(src/my_python_pkg) by extensions ['colcon_pkg']
[0.512s] Level 1:colcon.colcon_core.package_identification:_identify(src/my_python_pkg) by extension 'colcon_pkg'
[0.512s] Level 1:colcon.colcon_core.package_identification:_identify(src/my_python_pkg) by extensions ['colcon_meta']
[0.512s] Level 1:colcon.colcon_core.package_identification:_identify(src/my_python_pkg) by extension 'colcon_meta'
[0.512s] Level 1:colcon.colcon_core.package_identification:_identify(src/my_python_pkg) by extensions ['ros']
[0.512s] Level 1:colcon.colcon_core.package_identification:_identify(src/my_python_pkg) by extension 'ros'
[0.512s] DEBUG:colcon.colcon_core.package_identification:Package 'src/my_python_pkg' with type 'ros.ament_python' and name 'my_python_pkg'
[0.513s] Level 1:colcon.colcon_core.package_identification:_identify(src/simple_car_tf) by extensions ['ignore', 'ignore_ament_install']
[0.513s] Level 1:colcon.colcon_core.package_identification:_identify(src/simple_car_tf) by extension 'ignore'
[0.513s] Level 1:colcon.colcon_core.package_identification:_identify(src/simple_car_tf) by extension 'ignore_ament_install'
[0.513s] Level 1:colcon.colcon_core.package_identification:_identify(src/simple_car_tf) by extensions ['colcon_pkg']
[0.513s] Level 1:colcon.colcon_core.package_identification:_identify(src/simple_car_tf) by extension 'colcon_pkg'
[0.513s] Level 1:colcon.colcon_core.package_identification:_identify(src/simple_car_tf) by extensions ['colcon_meta']
[0.513s] Level 1:colcon.colcon_core.package_identification:_identify(src/simple_car_tf) by extension 'colcon_meta'
[0.513s] Level 1:colcon.colcon_core.package_identification:_identify(src/simple_car_tf) by extensions ['ros']
[0.513s] Level 1:colcon.colcon_core.package_identification:_identify(src/simple_car_tf) by extension 'ros'
[0.513s] DEBUG:colcon.colcon_core.package_identification:Package 'src/simple_car_tf' with type 'ros.ament_python' and name 'simple_car_tf'
[0.514s] Level 1:colcon.colcon_core.package_identification:_identify(src/simple_publisher) by extensions ['ignore', 'ignore_ament_install']
[0.514s] Level 1:colcon.colcon_core.package_identification:_identify(src/simple_publisher) by extension 'ignore'
[0.514s] Level 1:colcon.colcon_core.package_identification:_identify(src/simple_publisher) by extension 'ignore_ament_install'
[0.514s] Level 1:colcon.colcon_core.package_identification:_identify(src/simple_publisher) by extensions ['colcon_pkg']
[0.514s] Level 1:colcon.colcon_core.package_identification:_identify(src/simple_publisher) by extension 'colcon_pkg'
[0.514s] Level 1:colcon.colcon_core.package_identification:_identify(src/simple_publisher) by extensions ['colcon_meta']
[0.514s] Level 1:colcon.colcon_core.package_identification:_identify(src/simple_publisher) by extension 'colcon_meta'
[0.514s] Level 1:colcon.colcon_core.package_identification:_identify(src/simple_publisher) by extensions ['ros']
[0.514s] Level 1:colcon.colcon_core.package_identification:_identify(src/simple_publisher) by extension 'ros'
[0.515s] DEBUG:colcon.colcon_core.package_identification:Package 'src/simple_publisher' with type 'ros.ament_python' and name 'simple_publisher'
[0.515s] Level 1:colcon.colcon_core.package_identification:_identify(src/simple_subscriber) by extensions ['ignore', 'ignore_ament_install']
[0.515s] Level 1:colcon.colcon_core.package_identification:_identify(src/simple_subscriber) by extension 'ignore'
[0.515s] Level 1:colcon.colcon_core.package_identification:_identify(src/simple_subscriber) by extension 'ignore_ament_install'
[0.515s] Level 1:colcon.colcon_core.package_identification:_identify(src/simple_subscriber) by extensions ['colcon_pkg']
[0.515s] Level 1:colcon.colcon_core.package_identification:_identify(src/simple_subscriber) by extension 'colcon_pkg'
[0.515s] Level 1:colcon.colcon_core.package_identification:_identify(src/simple_subscriber) by extensions ['colcon_meta']
[0.515s] Level 1:colcon.colcon_core.package_identification:_identify(src/simple_subscriber) by extension 'colcon_meta'
[0.515s] Level 1:colcon.colcon_core.package_identification:_identify(src/simple_subscriber) by extensions ['ros']
[0.515s] Level 1:colcon.colcon_core.package_identification:_identify(src/simple_subscriber) by extension 'ros'
[0.516s] DEBUG:colcon.colcon_core.package_identification:Package 'src/simple_subscriber' with type 'ros.ament_python' and name 'simple_subscriber'
[0.516s] Level 1:colcon.colcon_core.package_identification:_identify(src/ssafy_publisher_subscriber) by extensions ['ignore', 'ignore_ament_install']
[0.516s] Level 1:colcon.colcon_core.package_identification:_identify(src/ssafy_publisher_subscriber) by extension 'ignore'
[0.516s] Level 1:colcon.colcon_core.package_identification:_identify(src/ssafy_publisher_subscriber) by extension 'ignore_ament_install'
[0.517s] Level 1:colcon.colcon_core.package_identification:_identify(src/ssafy_publisher_subscriber) by extensions ['colcon_pkg']
[0.517s] Level 1:colcon.colcon_core.package_identification:_identify(src/ssafy_publisher_subscriber) by extension 'colcon_pkg'
[0.517s] Level 1:colcon.colcon_core.package_identification:_identify(src/ssafy_publisher_subscriber) by extensions ['colcon_meta']
[0.517s] Level 1:colcon.colcon_core.package_identification:_identify(src/ssafy_publisher_subscriber) by extension 'colcon_meta'
[0.517s] Level 1:colcon.colcon_core.package_identification:_identify(src/ssafy_publisher_subscriber) by extensions ['ros']
[0.517s] Level 1:colcon.colcon_core.package_identification:_identify(src/ssafy_publisher_subscriber) by extension 'ros'
[0.517s] DEBUG:colcon.colcon_core.package_identification:Package 'src/ssafy_publisher_subscriber' with type 'ros.ament_cmake' and name 'ssafy_publisher_subscriber'
[0.518s] Level 1:colcon.colcon_core.package_identification:_identify(src/tf_broadcaster) by extensions ['ignore', 'ignore_ament_install']
[0.518s] Level 1:colcon.colcon_core.package_identification:_identify(src/tf_broadcaster) by extension 'ignore'
[0.518s] Level 1:colcon.colcon_core.package_identification:_identify(src/tf_broadcaster) by extension 'ignore_ament_install'
[0.518s] Level 1:colcon.colcon_core.package_identification:_identify(src/tf_broadcaster) by extensions ['colcon_pkg']
[0.518s] Level 1:colcon.colcon_core.package_identification:_identify(src/tf_broadcaster) by extension 'colcon_pkg'
[0.518s] Level 1:colcon.colcon_core.package_identification:_identify(src/tf_broadcaster) by extensions ['colcon_meta']
[0.518s] Level 1:colcon.colcon_core.package_identification:_identify(src/tf_broadcaster) by extension 'colcon_meta'
[0.518s] Level 1:colcon.colcon_core.package_identification:_identify(src/tf_broadcaster) by extensions ['ros']
[0.518s] Level 1:colcon.colcon_core.package_identification:_identify(src/tf_broadcaster) by extension 'ros'
[0.518s] DEBUG:colcon.colcon_core.package_identification:Package 'src/tf_broadcaster' with type 'ros.ament_python' and name 'tf_broadcaster'
[0.519s] Level 1:colcon.colcon_core.package_identification:_identify(src/turtle_controller) by extensions ['ignore', 'ignore_ament_install']
[0.519s] Level 1:colcon.colcon_core.package_identification:_identify(src/turtle_controller) by extension 'ignore'
[0.519s] Level 1:colcon.colcon_core.package_identification:_identify(src/turtle_controller) by extension 'ignore_ament_install'
[0.519s] Level 1:colcon.colcon_core.package_identification:_identify(src/turtle_controller) by extensions ['colcon_pkg']
[0.519s] Level 1:colcon.colcon_core.package_identification:_identify(src/turtle_controller) by extension 'colcon_pkg'
[0.519s] Level 1:colcon.colcon_core.package_identification:_identify(src/turtle_controller) by extensions ['colcon_meta']
[0.519s] Level 1:colcon.colcon_core.package_identification:_identify(src/turtle_controller) by extension 'colcon_meta'
[0.519s] Level 1:colcon.colcon_core.package_identification:_identify(src/turtle_controller) by extensions ['ros']
[0.519s] Level 1:colcon.colcon_core.package_identification:_identify(src/turtle_controller) by extension 'ros'
[0.520s] DEBUG:colcon.colcon_core.package_identification:Package 'src/turtle_controller' with type 'ros.ament_python' and name 'turtle_controller'
[0.520s] Level 1:colcon.colcon_core.package_identification:_identify(src/turtle_spawner) by extensions ['ignore', 'ignore_ament_install']
[0.520s] Level 1:colcon.colcon_core.package_identification:_identify(src/turtle_spawner) by extension 'ignore'
[0.520s] Level 1:colcon.colcon_core.package_identification:_identify(src/turtle_spawner) by extension 'ignore_ament_install'
[0.520s] Level 1:colcon.colcon_core.package_identification:_identify(src/turtle_spawner) by extensions ['colcon_pkg']
[0.520s] Level 1:colcon.colcon_core.package_identification:_identify(src/turtle_spawner) by extension 'colcon_pkg'
[0.520s] Level 1:colcon.colcon_core.package_identification:_identify(src/turtle_spawner) by extensions ['colcon_meta']
[0.520s] Level 1:colcon.colcon_core.package_identification:_identify(src/turtle_spawner) by extension 'colcon_meta'
[0.520s] Level 1:colcon.colcon_core.package_identification:_identify(src/turtle_spawner) by extensions ['ros']
[0.520s] Level 1:colcon.colcon_core.package_identification:_identify(src/turtle_spawner) by extension 'ros'
[0.521s] DEBUG:colcon.colcon_core.package_identification:Package 'src/turtle_spawner' with type 'ros.ament_python' and name 'turtle_spawner'
[0.521s] Level 1:colcon.colcon_core.package_identification:_identify(src/yolo_pkg) by extensions ['ignore', 'ignore_ament_install']
[0.521s] Level 1:colcon.colcon_core.package_identification:_identify(src/yolo_pkg) by extension 'ignore'
[0.521s] Level 1:colcon.colcon_core.package_identification:_identify(src/yolo_pkg) by extension 'ignore_ament_install'
[0.521s] Level 1:colcon.colcon_core.package_identification:_identify(src/yolo_pkg) by extensions ['colcon_pkg']
[0.521s] Level 1:colcon.colcon_core.package_identification:_identify(src/yolo_pkg) by extension 'colcon_pkg'
[0.521s] Level 1:colcon.colcon_core.package_identification:_identify(src/yolo_pkg) by extensions ['colcon_meta']
[0.521s] Level 1:colcon.colcon_core.package_identification:_identify(src/yolo_pkg) by extension 'colcon_meta'
[0.521s] Level 1:colcon.colcon_core.package_identification:_identify(src/yolo_pkg) by extensions ['ros']
[0.521s] Level 1:colcon.colcon_core.package_identification:_identify(src/yolo_pkg) by extension 'ros'
[0.522s] DEBUG:colcon.colcon_core.package_identification:Package 'src/yolo_pkg' with type 'ros.ament_python' and name 'yolo_pkg'
[0.522s] Level 1:colcon.colcon_core.package_discovery:discover_packages(recursive) using defaults
[0.522s] Level 1:colcon.colcon_core.package_discovery:discover_packages(ignore) discover
[0.522s] Level 1:colcon.colcon_core.package_discovery:discover_packages(ignore) using defaults
[0.522s] Level 1:colcon.colcon_core.package_discovery:discover_packages(path) discover
[0.522s] Level 1:colcon.colcon_core.package_discovery:discover_packages(path) using defaults
[0.551s] Level 1:colcon.colcon_core.package_discovery:discover_packages(prefix_path) check parameters
[0.551s] Level 1:colcon.colcon_core.package_discovery:discover_packages(prefix_path) discover
[0.559s] DEBUG:colcon.colcon_installed_package_information.package_discovery:Found 365 installed packages in /opt/ros/foxy
[0.562s] Level 1:colcon.colcon_core.package_discovery:discover_packages(prefix_path) using defaults
[0.626s] Level 5:colcon.colcon_core.verb:set package '250114' build argument 'cmake_args' from command line to 'None'
[0.626s] Level 5:colcon.colcon_core.verb:set package '250114' build argument 'cmake_target' from command line to 'None'
[0.626s] Level 5:colcon.colcon_core.verb:set package '250114' build argument 'cmake_target_skip_unavailable' from command line to 'False'
[0.626s] Level 5:colcon.colcon_core.verb:set package '250114' build argument 'cmake_clean_cache' from command line to 'False'
[0.626s] Level 5:colcon.colcon_core.verb:set package '250114' build argument 'cmake_clean_first' from command line to 'False'
[0.626s] Level 5:colcon.colcon_core.verb:set package '250114' build argument 'cmake_force_configure' from command line to 'False'
[0.626s] Level 5:colcon.colcon_core.verb:set package '250114' build argument 'ament_cmake_args' from command line to 'None'
[0.626s] Level 5:colcon.colcon_core.verb:set package '250114' build argument 'catkin_cmake_args' from command line to 'None'
[0.626s] Level 5:colcon.colcon_core.verb:set package '250114' build argument 'catkin_skip_building_tests' from command line to 'False'
[0.626s] DEBUG:colcon.colcon_core.verb:Building package '250114' with the following arguments: {'ament_cmake_args': None, 'build_base': '/home/shh/ssafy_ws/build/250114', 'catkin_cmake_args': None, 'catkin_skip_building_tests': False, 'cmake_args': None, 'cmake_clean_cache': False, 'cmake_clean_first': False, 'cmake_force_configure': False, 'cmake_target': None, 'cmake_target_skip_unavailable': False, 'install_base': '/home/shh/ssafy_ws/install/250114', 'merge_install': False, 'path': '/home/shh/ssafy_ws/src/250114', 'symlink_install': True, 'test_result_base': None}
[0.632s] Level 5:colcon.colcon_core.verb:set package 'my_python_pkg' build argument 'cmake_args' from command line to 'None'
[0.632s] Level 5:colcon.colcon_core.verb:set package 'my_python_pkg' build argument 'cmake_target' from command line to 'None'
[0.633s] Level 5:colcon.colcon_core.verb:set package 'my_python_pkg' build argument 'cmake_target_skip_unavailable' from command line to 'False'
[0.633s] Level 5:colcon.colcon_core.verb:set package 'my_python_pkg' build argument 'cmake_clean_cache' from command line to 'False'
[0.633s] Level 5:colcon.colcon_core.verb:set package 'my_python_pkg' build argument 'cmake_clean_first' from command line to 'False'
[0.633s] Level 5:colcon.colcon_core.verb:set package 'my_python_pkg' build argument 'cmake_force_configure' from command line to 'False'
[0.633s] Level 5:colcon.colcon_core.verb:set package 'my_python_pkg' build argument 'ament_cmake_args' from command line to 'None'
[0.633s] Level 5:colcon.colcon_core.verb:set package 'my_python_pkg' build argument 'catkin_cmake_args' from command line to 'None'
[0.633s] Level 5:colcon.colcon_core.verb:set package 'my_python_pkg' build argument 'catkin_skip_building_tests' from command line to 'False'
[0.633s] DEBUG:colcon.colcon_core.verb:Building package 'my_python_pkg' with the following arguments: {'ament_cmake_args': None, 'build_base': '/home/shh/ssafy_ws/build/my_python_pkg', 'catkin_cmake_args': None, 'catkin_skip_building_tests': False, 'cmake_args': None, 'cmake_clean_cache': False, 'cmake_clean_first': False, 'cmake_force_configure': False, 'cmake_target': None, 'cmake_target_skip_unavailable': False, 'install_base': '/home/shh/ssafy_ws/install/my_python_pkg', 'merge_install': False, 'path': '/home/shh/ssafy_ws/src/my_python_pkg', 'symlink_install': True, 'test_result_base': None}
[0.639s] Level 5:colcon.colcon_core.verb:set package 'simple_car_tf' build argument 'cmake_args' from command line to 'None'
[0.639s] Level 5:colcon.colcon_core.verb:set package 'simple_car_tf' build argument 'cmake_target' from command line to 'None'
[0.639s] Level 5:colcon.colcon_core.verb:set package 'simple_car_tf' build argument 'cmake_target_skip_unavailable' from command line to 'False'
[0.639s] Level 5:colcon.colcon_core.verb:set package 'simple_car_tf' build argument 'cmake_clean_cache' from command line to 'False'
[0.639s] Level 5:colcon.colcon_core.verb:set package 'simple_car_tf' build argument 'cmake_clean_first' from command line to 'False'
[0.639s] Level 5:colcon.colcon_core.verb:set package 'simple_car_tf' build argument 'cmake_force_configure' from command line to 'False'
[0.639s] Level 5:colcon.colcon_core.verb:set package 'simple_car_tf' build argument 'ament_cmake_args' from command line to 'None'
[0.639s] Level 5:colcon.colcon_core.verb:set package 'simple_car_tf' build argument 'catkin_cmake_args' from command line to 'None'
[0.639s] Level 5:colcon.colcon_core.verb:set package 'simple_car_tf' build argument 'catkin_skip_building_tests' from command line to 'False'
[0.639s] DEBUG:colcon.colcon_core.verb:Building package 'simple_car_tf' with the following arguments: {'ament_cmake_args': None, 'build_base': '/home/shh/ssafy_ws/build/simple_car_tf', 'catkin_cmake_args': None, 'catkin_skip_building_tests': False, 'cmake_args': None, 'cmake_clean_cache': False, 'cmake_clean_first': False, 'cmake_force_configure': False, 'cmake_target': None, 'cmake_target_skip_unavailable': False, 'install_base': '/home/shh/ssafy_ws/install/simple_car_tf', 'merge_install': False, 'path': '/home/shh/ssafy_ws/src/simple_car_tf', 'symlink_install': True, 'test_result_base': None}
[0.645s] Level 5:colcon.colcon_core.verb:set package 'simple_publisher' build argument 'cmake_args' from command line to 'None'
[0.645s] Level 5:colcon.colcon_core.verb:set package 'simple_publisher' build argument 'cmake_target' from command line to 'None'
[0.645s] Level 5:colcon.colcon_core.verb:set package 'simple_publisher' build argument 'cmake_target_skip_unavailable' from command line to 'False'
[0.645s] Level 5:colcon.colcon_core.verb:set package 'simple_publisher' build argument 'cmake_clean_cache' from command line to 'False'
[0.645s] Level 5:colcon.colcon_core.verb:set package 'simple_publisher' build argument 'cmake_clean_first' from command line to 'False'
[0.645s] Level 5:colcon.colcon_core.verb:set package 'simple_publisher' build argument 'cmake_force_configure' from command line to 'False'
[0.645s] Level 5:colcon.colcon_core.verb:set package 'simple_publisher' build argument 'ament_cmake_args' from command line to 'None'
[0.645s] Level 5:colcon.colcon_core.verb:set package 'simple_publisher' build argument 'catkin_cmake_args' from command line to 'None'
[0.645s] Level 5:colcon.colcon_core.verb:set package 'simple_publisher' build argument 'catkin_skip_building_tests' from command line to 'False'
[0.645s] DEBUG:colcon.colcon_core.verb:Building package 'simple_publisher' with the following arguments: {'ament_cmake_args': None, 'build_base': '/home/shh/ssafy_ws/build/simple_publisher', 'catkin_cmake_args': None, 'catkin_skip_building_tests': False, 'cmake_args': None, 'cmake_clean_cache': False, 'cmake_clean_first': False, 'cmake_force_configure': False, 'cmake_target': None, 'cmake_target_skip_unavailable': False, 'install_base': '/home/shh/ssafy_ws/install/simple_publisher', 'merge_install': False, 'path': '/home/shh/ssafy_ws/src/simple_publisher', 'symlink_install': True, 'test_result_base': None}
[0.651s] Level 5:colcon.colcon_core.verb:set package 'simple_subscriber' build argument 'cmake_args' from command line to 'None'
[0.651s] Level 5:colcon.colcon_core.verb:set package 'simple_subscriber' build argument 'cmake_target' from command line to 'None'
[0.651s] Level 5:colcon.colcon_core.verb:set package 'simple_subscriber' build argument 'cmake_target_skip_unavailable' from command line to 'False'
[0.651s] Level 5:colcon.colcon_core.verb:set package 'simple_subscriber' build argument 'cmake_clean_cache' from command line to 'False'
[0.651s] Level 5:colcon.colcon_core.verb:set package 'simple_subscriber' build argument 'cmake_clean_first' from command line to 'False'
[0.651s] Level 5:colcon.colcon_core.verb:set package 'simple_subscriber' build argument 'cmake_force_configure' from command line to 'False'
[0.651s] Level 5:colcon.colcon_core.verb:set package 'simple_subscriber' build argument 'ament_cmake_args' from command line to 'None'
[0.651s] Level 5:colcon.colcon_core.verb:set package 'simple_subscriber' build argument 'catkin_cmake_args' from command line to 'None'
[0.651s] Level 5:colcon.colcon_core.verb:set package 'simple_subscriber' build argument 'catkin_skip_building_tests' from command line to 'False'
[0.651s] DEBUG:colcon.colcon_core.verb:Building package 'simple_subscriber' with the following arguments: {'ament_cmake_args': None, 'build_base': '/home/shh/ssafy_ws/build/simple_subscriber', 'catkin_cmake_args': None, 'catkin_skip_building_tests': False, 'cmake_args': None, 'cmake_clean_cache': False, 'cmake_clean_first': False, 'cmake_force_configure': False, 'cmake_target': None, 'cmake_target_skip_unavailable': False, 'install_base': '/home/shh/ssafy_ws/install/simple_subscriber', 'merge_install': False, 'path': '/home/shh/ssafy_ws/src/simple_subscriber', 'symlink_install': True, 'test_result_base': None}
[0.657s] Level 5:colcon.colcon_core.verb:set package 'ssafy_publisher_subscriber' build argument 'cmake_args' from command line to 'None'
[0.657s] Level 5:colcon.colcon_core.verb:set package 'ssafy_publisher_subscriber' build argument 'cmake_target' from command line to 'None'
[0.657s] Level 5:colcon.colcon_core.verb:set package 'ssafy_publisher_subscriber' build argument 'cmake_target_skip_unavailable' from command line to 'False'
[0.657s] Level 5:colcon.colcon_core.verb:set package 'ssafy_publisher_subscriber' build argument 'cmake_clean_cache' from command line to 'False'
[0.657s] Level 5:colcon.colcon_core.verb:set package 'ssafy_publisher_subscriber' build argument 'cmake_clean_first' from command line to 'False'
[0.657s] Level 5:colcon.colcon_core.verb:set package 'ssafy_publisher_subscriber' build argument 'cmake_force_configure' from command line to 'False'
[0.657s] Level 5:colcon.colcon_core.verb:set package 'ssafy_publisher_subscriber' build argument 'ament_cmake_args' from command line to 'None'
[0.657s] Level 5:colcon.colcon_core.verb:set package 'ssafy_publisher_subscriber' build argument 'catkin_cmake_args' from command line to 'None'
[0.657s] Level 5:colcon.colcon_core.verb:set package 'ssafy_publisher_subscriber' build argument 'catkin_skip_building_tests' from command line to 'False'
[0.657s] DEBUG:colcon.colcon_core.verb:Building package 'ssafy_publisher_subscriber' with the following arguments: {'ament_cmake_args': None, 'build_base': '/home/shh/ssafy_ws/build/ssafy_publisher_subscriber', 'catkin_cmake_args': None, 'catkin_skip_building_tests': False, 'cmake_args': None, 'cmake_clean_cache': False, 'cmake_clean_first': False, 'cmake_force_configure': False, 'cmake_target': None, 'cmake_target_skip_unavailable': False, 'install_base': '/home/shh/ssafy_ws/install/ssafy_publisher_subscriber', 'merge_install': False, 'path': '/home/shh/ssafy_ws/src/ssafy_publisher_subscriber', 'symlink_install': True, 'test_result_base': None}
[0.663s] Level 5:colcon.colcon_core.verb:set package 'tf_broadcaster' build argument 'cmake_args' from command line to 'None'
[0.663s] Level 5:colcon.colcon_core.verb:set package 'tf_broadcaster' build argument 'cmake_target' from command line to 'None'
[0.663s] Level 5:colcon.colcon_core.verb:set package 'tf_broadcaster' build argument 'cmake_target_skip_unavailable' from command line to 'False'
[0.663s] Level 5:colcon.colcon_core.verb:set package 'tf_broadcaster' build argument 'cmake_clean_cache' from command line to 'False'
[0.663s] Level 5:colcon.colcon_core.verb:set package 'tf_broadcaster' build argument 'cmake_clean_first' from command line to 'False'
[0.663s] Level 5:colcon.colcon_core.verb:set package 'tf_broadcaster' build argument 'cmake_force_configure' from command line to 'False'
[0.663s] Level 5:colcon.colcon_core.verb:set package 'tf_broadcaster' build argument 'ament_cmake_args' from command line to 'None'
[0.663s] Level 5:colcon.colcon_core.verb:set package 'tf_broadcaster' build argument 'catkin_cmake_args' from command line to 'None'
[0.663s] Level 5:colcon.colcon_core.verb:set package 'tf_broadcaster' build argument 'catkin_skip_building_tests' from command line to 'False'
[0.663s] DEBUG:colcon.colcon_core.verb:Building package 'tf_broadcaster' with the following arguments: {'ament_cmake_args': None, 'build_base': '/home/shh/ssafy_ws/build/tf_broadcaster', 'catkin_cmake_args': None, 'catkin_skip_building_tests': False, 'cmake_args': None, 'cmake_clean_cache': False, 'cmake_clean_first': False, 'cmake_force_configure': False, 'cmake_target': None, 'cmake_target_skip_unavailable': False, 'install_base': '/home/shh/ssafy_ws/install/tf_broadcaster', 'merge_install': False, 'path': '/home/shh/ssafy_ws/src/tf_broadcaster', 'symlink_install': True, 'test_result_base': None}
[0.669s] Level 5:colcon.colcon_core.verb:set package 'turtle_controller' build argument 'cmake_args' from command line to 'None'
[0.669s] Level 5:colcon.colcon_core.verb:set package 'turtle_controller' build argument 'cmake_target' from command line to 'None'
[0.669s] Level 5:colcon.colcon_core.verb:set package 'turtle_controller' build argument 'cmake_target_skip_unavailable' from command line to 'False'
[0.669s] Level 5:colcon.colcon_core.verb:set package 'turtle_controller' build argument 'cmake_clean_cache' from command line to 'False'
[0.669s] Level 5:colcon.colcon_core.verb:set package 'turtle_controller' build argument 'cmake_clean_first' from command line to 'False'
[0.669s] Level 5:colcon.colcon_core.verb:set package 'turtle_controller' build argument 'cmake_force_configure' from command line to 'False'
[0.669s] Level 5:colcon.colcon_core.verb:set package 'turtle_controller' build argument 'ament_cmake_args' from command line to 'None'
[0.669s] Level 5:colcon.colcon_core.verb:set package 'turtle_controller' build argument 'catkin_cmake_args' from command line to 'None'
[0.669s] Level 5:colcon.colcon_core.verb:set package 'turtle_controller' build argument 'catkin_skip_building_tests' from command line to 'False'
[0.669s] DEBUG:colcon.colcon_core.verb:Building package 'turtle_controller' with the following arguments: {'ament_cmake_args': None, 'build_base': '/home/shh/ssafy_ws/build/turtle_controller', 'catkin_cmake_args': None, 'catkin_skip_building_tests': False, 'cmake_args': None, 'cmake_clean_cache': False, 'cmake_clean_first': False, 'cmake_force_configure': False, 'cmake_target': None, 'cmake_target_skip_unavailable': False, 'install_base': '/home/shh/ssafy_ws/install/turtle_controller', 'merge_install': False, 'path': '/home/shh/ssafy_ws/src/turtle_controller', 'symlink_install': True, 'test_result_base': None}
[0.675s] Level 5:colcon.colcon_core.verb:set package 'turtle_spawner' build argument 'cmake_args' from command line to 'None'
[0.675s] Level 5:colcon.colcon_core.verb:set package 'turtle_spawner' build argument 'cmake_target' from command line to 'None'
[0.675s] Level 5:colcon.colcon_core.verb:set package 'turtle_spawner' build argument 'cmake_target_skip_unavailable' from command line to 'False'
[0.675s] Level 5:colcon.colcon_core.verb:set package 'turtle_spawner' build argument 'cmake_clean_cache' from command line to 'False'
[0.675s] Level 5:colcon.colcon_core.verb:set package 'turtle_spawner' build argument 'cmake_clean_first' from command line to 'False'
[0.675s] Level 5:colcon.colcon_core.verb:set package 'turtle_spawner' build argument 'cmake_force_configure' from command line to 'False'
[0.675s] Level 5:colcon.colcon_core.verb:set package 'turtle_spawner' build argument 'ament_cmake_args' from command line to 'None'
[0.675s] Level 5:colcon.colcon_core.verb:set package 'turtle_spawner' build argument 'catkin_cmake_args' from command line to 'None'
[0.675s] Level 5:colcon.colcon_core.verb:set package 'turtle_spawner' build argument 'catkin_skip_building_tests' from command line to 'False'
[0.675s] DEBUG:colcon.colcon_core.verb:Building package 'turtle_spawner' with the following arguments: {'ament_cmake_args': None, 'build_base': '/home/shh/ssafy_ws/build/turtle_spawner', 'catkin_cmake_args': None, 'catkin_skip_building_tests': False, 'cmake_args': None, 'cmake_clean_cache': False, 'cmake_clean_first': False, 'cmake_force_configure': False, 'cmake_target': None, 'cmake_target_skip_unavailable': False, 'install_base': '/home/shh/ssafy_ws/install/turtle_spawner', 'merge_install': False, 'path': '/home/shh/ssafy_ws/src/turtle_spawner', 'symlink_install': True, 'test_result_base': None}
[0.681s] Level 5:colcon.colcon_core.verb:set package 'yolo_pkg' build argument 'cmake_args' from command line to 'None'
[0.681s] Level 5:colcon.colcon_core.verb:set package 'yolo_pkg' build argument 'cmake_target' from command line to 'None'
[0.681s] Level 5:colcon.colcon_core.verb:set package 'yolo_pkg' build argument 'cmake_target_skip_unavailable' from command line to 'False'
[0.681s] Level 5:colcon.colcon_core.verb:set package 'yolo_pkg' build argument 'cmake_clean_cache' from command line to 'False'
[0.681s] Level 5:colcon.colcon_core.verb:set package 'yolo_pkg' build argument 'cmake_clean_first' from command line to 'False'
[0.681s] Level 5:colcon.colcon_core.verb:set package 'yolo_pkg' build argument 'cmake_force_configure' from command line to 'False'
[0.681s] Level 5:colcon.colcon_core.verb:set package 'yolo_pkg' build argument 'ament_cmake_args' from command line to 'None'
[0.681s] Level 5:colcon.colcon_core.verb:set package 'yolo_pkg' build argument 'catkin_cmake_args' from command line to 'None'
[0.681s] Level 5:colcon.colcon_core.verb:set package 'yolo_pkg' build argument 'catkin_skip_building_tests' from command line to 'False'
[0.681s] DEBUG:colcon.colcon_core.verb:Building package 'yolo_pkg' with the following arguments: {'ament_cmake_args': None, 'build_base': '/home/shh/ssafy_ws/build/yolo_pkg', 'catkin_cmake_args': None, 'catkin_skip_building_tests': False, 'cmake_args': None, 'cmake_clean_cache': False, 'cmake_clean_first': False, 'cmake_force_configure': False, 'cmake_target': None, 'cmake_target_skip_unavailable': False, 'install_base': '/home/shh/ssafy_ws/install/yolo_pkg', 'merge_install': False, 'path': '/home/shh/ssafy_ws/src/yolo_pkg', 'symlink_install': True, 'test_result_base': None}
[0.683s] INFO:colcon.colcon_core.executor:Executing jobs using 'parallel' executor
[0.692s] DEBUG:colcon.colcon_parallel_executor.executor.parallel:run_until_complete
[0.692s] INFO:colcon.colcon_ros.task.ament_python.build:Building ROS package in '/home/shh/ssafy_ws/src/250114' with build type 'ament_python'
[0.693s] Level 1:colcon.colcon_core.shell:create_environment_hook('250114', 'ament_prefix_path')
[0.700s] INFO:colcon.colcon_core.plugin_system:Skipping extension 'colcon_core.shell.bat': Not used on non-Windows systems
[0.700s] INFO:colcon.colcon_core.shell:Creating environment hook '/home/shh/ssafy_ws/install/250114/share/250114/hook/ament_prefix_path.ps1'
[0.701s] INFO:colcon.colcon_core.shell:Creating environment descriptor '/home/shh/ssafy_ws/install/250114/share/250114/hook/ament_prefix_path.dsv'
[0.701s] INFO:colcon.colcon_core.shell:Creating environment hook '/home/shh/ssafy_ws/install/250114/share/250114/hook/ament_prefix_path.sh'
[0.705s] INFO:colcon.colcon_core.shell:Skip shell extension 'powershell' for command environment: Not usable outside of PowerShell
[0.705s] DEBUG:colcon.colcon_core.shell:Skip shell extension 'dsv' for command environment
[0.717s] INFO:colcon.colcon_ros.task.ament_python.build:Building ROS package in '/home/shh/ssafy_ws/src/my_python_pkg' with build type 'ament_python'
[0.718s] Level 1:colcon.colcon_core.shell:create_environment_hook('my_python_pkg', 'ament_prefix_path')
[0.723s] INFO:colcon.colcon_core.shell:Creating environment hook '/home/shh/ssafy_ws/install/my_python_pkg/share/my_python_pkg/hook/ament_prefix_path.ps1'
[0.730s] INFO:colcon.colcon_core.shell:Creating environment descriptor '/home/shh/ssafy_ws/install/my_python_pkg/share/my_python_pkg/hook/ament_prefix_path.dsv'
[0.731s] INFO:colcon.colcon_core.shell:Creating environment hook '/home/shh/ssafy_ws/install/my_python_pkg/share/my_python_pkg/hook/ament_prefix_path.sh'
[0.742s] INFO:colcon.colcon_core.shell:Skip shell extension 'powershell' for command environment: Not usable outside of PowerShell
[0.742s] DEBUG:colcon.colcon_core.shell:Skip shell extension 'dsv' for command environment
[0.754s] INFO:colcon.colcon_ros.task.ament_python.build:Building ROS package in '/home/shh/ssafy_ws/src/simple_car_tf' with build type 'ament_python'
[0.755s] Level 1:colcon.colcon_core.shell:create_environment_hook('simple_car_tf', 'ament_prefix_path')
[0.759s] INFO:colcon.colcon_core.shell:Creating environment hook '/home/shh/ssafy_ws/install/simple_car_tf/share/simple_car_tf/hook/ament_prefix_path.ps1'
[0.760s] INFO:colcon.colcon_core.shell:Creating environment descriptor '/home/shh/ssafy_ws/install/simple_car_tf/share/simple_car_tf/hook/ament_prefix_path.dsv'
[0.761s] INFO:colcon.colcon_core.shell:Creating environment hook '/home/shh/ssafy_ws/install/simple_car_tf/share/simple_car_tf/hook/ament_prefix_path.sh'
[0.765s] INFO:colcon.colcon_core.shell:Skip shell extension 'powershell' for command environment: Not usable outside of PowerShell
[0.765s] DEBUG:colcon.colcon_core.shell:Skip shell extension 'dsv' for command environment
[0.778s] INFO:colcon.colcon_ros.task.ament_python.build:Building ROS package in '/home/shh/ssafy_ws/src/simple_publisher' with build type 'ament_python'
[0.778s] Level 1:colcon.colcon_core.shell:create_environment_hook('simple_publisher', 'ament_prefix_path')
[0.783s] INFO:colcon.colcon_core.shell:Creating environment hook '/home/shh/ssafy_ws/install/simple_publisher/share/simple_publisher/hook/ament_prefix_path.ps1'
[0.784s] INFO:colcon.colcon_core.shell:Creating environment descriptor '/home/shh/ssafy_ws/install/simple_publisher/share/simple_publisher/hook/ament_prefix_path.dsv'
[0.785s] INFO:colcon.colcon_core.shell:Creating environment hook '/home/shh/ssafy_ws/install/simple_publisher/share/simple_publisher/hook/ament_prefix_path.sh'
[0.789s] INFO:colcon.colcon_core.shell:Skip shell extension 'powershell' for command environment: Not usable outside of PowerShell
[0.789s] DEBUG:colcon.colcon_core.shell:Skip shell extension 'dsv' for command environment
[0.802s] INFO:colcon.colcon_ros.task.ament_python.build:Building ROS package in '/home/shh/ssafy_ws/src/simple_subscriber' with build type 'ament_python'
[0.802s] Level 1:colcon.colcon_core.shell:create_environment_hook('simple_subscriber', 'ament_prefix_path')
[0.807s] INFO:colcon.colcon_core.shell:Creating environment hook '/home/shh/ssafy_ws/install/simple_subscriber/share/simple_subscriber/hook/ament_prefix_path.ps1'
[0.810s] INFO:colcon.colcon_core.shell:Creating environment descriptor '/home/shh/ssafy_ws/install/simple_subscriber/share/simple_subscriber/hook/ament_prefix_path.dsv'
[0.810s] INFO:colcon.colcon_core.shell:Creating environment hook '/home/shh/ssafy_ws/install/simple_subscriber/share/simple_subscriber/hook/ament_prefix_path.sh'
[0.814s] INFO:colcon.colcon_core.shell:Skip shell extension 'powershell' for command environment: Not usable outside of PowerShell
[0.814s] DEBUG:colcon.colcon_core.shell:Skip shell extension 'dsv' for command environment
[0.826s] INFO:colcon.colcon_ros.task.ament_cmake.build:Building ROS package in '/home/shh/ssafy_ws/src/ssafy_publisher_subscriber' with build type 'ament_cmake'
[0.826s] INFO:colcon.colcon_cmake.task.cmake.build:Building CMake package in '/home/shh/ssafy_ws/src/ssafy_publisher_subscriber'
[0.831s] INFO:colcon.colcon_core.shell:Skip shell extension 'powershell' for command environment: Not usable outside of PowerShell
[0.831s] DEBUG:colcon.colcon_core.shell:Skip shell extension 'dsv' for command environment
[0.844s] INFO:colcon.colcon_ros.task.ament_python.build:Building ROS package in '/home/shh/ssafy_ws/src/tf_broadcaster' with build type 'ament_python'
[0.845s] Level 1:colcon.colcon_core.shell:create_environment_hook('tf_broadcaster', 'ament_prefix_path')
[0.857s] INFO:colcon.colcon_core.shell:Creating environment hook '/home/shh/ssafy_ws/install/tf_broadcaster/share/tf_broadcaster/hook/ament_prefix_path.ps1'
[0.859s] INFO:colcon.colcon_core.shell:Creating environment descriptor '/home/shh/ssafy_ws/install/tf_broadcaster/share/tf_broadcaster/hook/ament_prefix_path.dsv'
[0.859s] INFO:colcon.colcon_core.shell:Creating environment hook '/home/shh/ssafy_ws/install/tf_broadcaster/share/tf_broadcaster/hook/ament_prefix_path.sh'
[0.863s] INFO:colcon.colcon_core.shell:Skip shell extension 'powershell' for command environment: Not usable outside of PowerShell
[0.863s] DEBUG:colcon.colcon_core.shell:Skip shell extension 'dsv' for command environment
[0.876s] INFO:colcon.colcon_ros.task.ament_python.build:Building ROS package in '/home/shh/ssafy_ws/src/turtle_controller' with build type 'ament_python'
[0.876s] Level 1:colcon.colcon_core.shell:create_environment_hook('turtle_controller', 'ament_prefix_path')
[0.880s] INFO:colcon.colcon_core.shell:Creating environment hook '/home/shh/ssafy_ws/install/turtle_controller/share/turtle_controller/hook/ament_prefix_path.ps1'
[0.882s] INFO:colcon.colcon_core.shell:Creating environment descriptor '/home/shh/ssafy_ws/install/turtle_controller/share/turtle_controller/hook/ament_prefix_path.dsv'
[0.882s] INFO:colcon.colcon_core.shell:Creating environment hook '/home/shh/ssafy_ws/install/turtle_controller/share/turtle_controller/hook/ament_prefix_path.sh'
[0.886s] INFO:colcon.colcon_core.shell:Skip shell extension 'powershell' for command environment: Not usable outside of PowerShell
[0.886s] DEBUG:colcon.colcon_core.shell:Skip shell extension 'dsv' for command environment
[0.900s] INFO:colcon.colcon_ros.task.ament_python.build:Building ROS package in '/home/shh/ssafy_ws/src/turtle_spawner' with build type 'ament_python'
[0.901s] Level 1:colcon.colcon_core.shell:create_environment_hook('turtle_spawner', 'ament_prefix_path')
[0.912s] INFO:colcon.colcon_core.shell:Creating environment hook '/home/shh/ssafy_ws/install/turtle_spawner/share/turtle_spawner/hook/ament_prefix_path.ps1'
[0.913s] INFO:colcon.colcon_core.shell:Creating environment descriptor '/home/shh/ssafy_ws/install/turtle_spawner/share/turtle_spawner/hook/ament_prefix_path.dsv'
[0.914s] INFO:colcon.colcon_core.shell:Creating environment hook '/home/shh/ssafy_ws/install/turtle_spawner/share/turtle_spawner/hook/ament_prefix_path.sh'
[0.918s] INFO:colcon.colcon_core.shell:Skip shell extension 'powershell' for command environment: Not usable outside of PowerShell
[0.918s] DEBUG:colcon.colcon_core.shell:Skip shell extension 'dsv' for command environment
[0.929s] INFO:colcon.colcon_ros.task.ament_python.build:Building ROS package in '/home/shh/ssafy_ws/src/yolo_pkg' with build type 'ament_python'
[0.930s] Level 1:colcon.colcon_core.shell:create_environment_hook('yolo_pkg', 'ament_prefix_path')
[0.935s] INFO:colcon.colcon_core.shell:Creating environment hook '/home/shh/ssafy_ws/install/yolo_pkg/share/yolo_pkg/hook/ament_prefix_path.ps1'
[0.936s] INFO:colcon.colcon_core.shell:Creating environment descriptor '/home/shh/ssafy_ws/install/yolo_pkg/share/yolo_pkg/hook/ament_prefix_path.dsv'
[0.936s] INFO:colcon.colcon_core.shell:Creating environment hook '/home/shh/ssafy_ws/install/yolo_pkg/share/yolo_pkg/hook/ament_prefix_path.sh'
[0.940s] INFO:colcon.colcon_core.shell:Skip shell extension 'powershell' for command environment: Not usable outside of PowerShell
[0.940s] DEBUG:colcon.colcon_core.shell:Skip shell extension 'dsv' for command environment
[1.186s] INFO:colcon.colcon_core.task.python.build:Building Python package in '/home/shh/ssafy_ws/src/250114'
[1.196s] INFO:colcon.colcon_core.shell:Skip shell extension 'powershell' for command environment: Not usable outside of PowerShell
[1.196s] DEBUG:colcon.colcon_core.shell:Skip shell extension 'dsv' for command environment
[1.442s] INFO:colcon.colcon_core.task.python.build:Building Python package in '/home/shh/ssafy_ws/src/my_python_pkg'
[1.453s] INFO:colcon.colcon_core.shell:Skip shell extension 'powershell' for command environment: Not usable outside of PowerShell
[1.453s] DEBUG:colcon.colcon_core.shell:Skip shell extension 'dsv' for command environment
[1.698s] INFO:colcon.colcon_core.task.python.build:Building Python package in '/home/shh/ssafy_ws/src/simple_car_tf'
[1.709s] INFO:colcon.colcon_core.shell:Skip shell extension 'powershell' for command environment: Not usable outside of PowerShell
[1.709s] DEBUG:colcon.colcon_core.shell:Skip shell extension 'dsv' for command environment
[1.966s] INFO:colcon.colcon_core.task.python.build:Building Python package in '/home/shh/ssafy_ws/src/simple_publisher'
[1.977s] INFO:colcon.colcon_core.shell:Skip shell extension 'powershell' for command environment: Not usable outside of PowerShell
[1.977s] DEBUG:colcon.colcon_core.shell:Skip shell extension 'dsv' for command environment
[2.228s] INFO:colcon.colcon_core.task.python.build:Building Python package in '/home/shh/ssafy_ws/src/simple_subscriber'
[2.237s] INFO:colcon.colcon_core.shell:Skip shell extension 'powershell' for command environment: Not usable outside of PowerShell
[2.237s] DEBUG:colcon.colcon_core.shell:Skip shell extension 'dsv' for command environment
[2.255s] DEBUG:colcon.colcon_core.event_handler.log_command:Invoking command in '/home/shh/ssafy_ws/build/ssafy_publisher_subscriber': CMAKE_PREFIX_PATH=/opt/ros/foxy /usr/bin/cmake /home/shh/ssafy_ws/src/ssafy_publisher_subscriber -DAMENT_CMAKE_SYMLINK_INSTALL=1 -DCMAKE_INSTALL_PREFIX=/home/shh/ssafy_ws/install/ssafy_publisher_subscriber
[2.497s] INFO:colcon.colcon_core.task.python.build:Building Python package in '/home/shh/ssafy_ws/src/tf_broadcaster'
[2.508s] INFO:colcon.colcon_core.shell:Skip shell extension 'powershell' for command environment: Not usable outside of PowerShell
[2.508s] DEBUG:colcon.colcon_core.shell:Skip shell extension 'dsv' for command environment
[2.753s] INFO:colcon.colcon_core.task.python.build:Building Python package in '/home/shh/ssafy_ws/src/turtle_controller'
[2.762s] INFO:colcon.colcon_core.shell:Skip shell extension 'powershell' for command environment: Not usable outside of PowerShell
[2.763s] DEBUG:colcon.colcon_core.shell:Skip shell extension 'dsv' for command environment
[3.001s] INFO:colcon.colcon_core.task.python.build:Building Python package in '/home/shh/ssafy_ws/src/turtle_spawner'
[3.013s] INFO:colcon.colcon_core.shell:Skip shell extension 'powershell' for command environment: Not usable outside of PowerShell
[3.013s] DEBUG:colcon.colcon_core.shell:Skip shell extension 'dsv' for command environment
[3.268s] INFO:colcon.colcon_core.task.python.build:Building Python package in '/home/shh/ssafy_ws/src/yolo_pkg'
[3.279s] INFO:colcon.colcon_core.shell:Skip shell extension 'powershell' for command environment: Not usable outside of PowerShell
[3.279s] DEBUG:colcon.colcon_core.shell:Skip shell extension 'dsv' for command environment
[3.305s] DEBUG:colcon.colcon_core.event_handler.log_command:Invoked command in '/home/shh/ssafy_ws/build/ssafy_publisher_subscriber' returned '0': CMAKE_PREFIX_PATH=/opt/ros/foxy /usr/bin/cmake /home/shh/ssafy_ws/src/ssafy_publisher_subscriber -DAMENT_CMAKE_SYMLINK_INSTALL=1 -DCMAKE_INSTALL_PREFIX=/home/shh/ssafy_ws/install/ssafy_publisher_subscriber
[3.306s] DEBUG:colcon.colcon_core.event_handler.log_command:Invoking command in '/home/shh/ssafy_ws/build/ssafy_publisher_subscriber': CMAKE_PREFIX_PATH=/opt/ros/foxy /usr/bin/cmake --build /home/shh/ssafy_ws/build/ssafy_publisher_subscriber -- -j16 -l16
[3.765s] DEBUG:colcon.colcon_core.event_handler.log_command:Invoked command in '/home/shh/ssafy_ws/build/ssafy_publisher_subscriber' returned '0': CMAKE_PREFIX_PATH=/opt/ros/foxy /usr/bin/cmake --build /home/shh/ssafy_ws/build/ssafy_publisher_subscriber -- -j16 -l16
[3.847s] DEBUG:colcon.colcon_core.event_handler.log_command:Invoking command in '/home/shh/ssafy_ws/build/ssafy_publisher_subscriber': CMAKE_PREFIX_PATH=/opt/ros/foxy /usr/bin/cmake --install /home/shh/ssafy_ws/build/ssafy_publisher_subscriber
[3.913s] DEBUG:colcon.colcon_core.task.python.build:While undoing a previous installation files outside the Python library path are being ignored: /home/shh/ssafy_ws/install/simple_subscriber/share/ament_index/resource_index/packages/simple_subscriber
[3.914s] DEBUG:colcon.colcon_core.task.python.build:While undoing a previous installation files outside the Python library path are being ignored: /home/shh/ssafy_ws/install/simple_subscriber/share/simple_subscriber/package.xml
[3.914s] DEBUG:colcon.colcon_core.task.python.build:While undoing a previous installation files outside the Python library path are being ignored: /home/shh/ssafy_ws/install/simple_subscriber/lib/simple_subscriber/simple_subscriber
[3.920s] DEBUG:colcon.colcon_core.event_handler.log_command:Invoking command in '/home/shh/ssafy_ws/build/simple_subscriber': PYTHONPATH=/home/shh/ssafy_ws/build/simple_subscriber/prefix_override:/home/shh/ssafy_ws/install/simple_subscriber/lib/python3.8/site-packages:${PYTHONPATH} /usr/bin/python3 setup.py develop --editable --build-directory /home/shh/ssafy_ws/build/simple_subscriber/build --no-deps install_data
[3.938s] DEBUG:colcon.colcon_core.event_handler.log_command:Invoking command in '/home/shh/ssafy_ws/build/250114': PYTHONPATH=/home/shh/ssafy_ws/build/250114/prefix_override:/home/shh/ssafy_ws/install/250114/lib/python3.8/site-packages:${PYTHONPATH} /usr/bin/python3 setup.py develop --editable --build-directory /home/shh/ssafy_ws/build/250114/build --no-deps install_data
[3.944s] DEBUG:colcon.colcon_core.task.python.build:While undoing a previous installation files outside the Python library path are being ignored: /home/shh/ssafy_ws/install/turtle_controller/share/ament_index/resource_index/packages/turtle_controller
[3.944s] DEBUG:colcon.colcon_core.task.python.build:While undoing a previous installation files outside the Python library path are being ignored: /home/shh/ssafy_ws/install/turtle_controller/share/turtle_controller/package.xml
[3.945s] DEBUG:colcon.colcon_core.task.python.build:While undoing a previous installation files outside the Python library path are being ignored: /home/shh/ssafy_ws/install/turtle_controller/lib/turtle_controller/turtle_controller
[3.952s] DEBUG:colcon.colcon_core.event_handler.log_command:Invoking command in '/home/shh/ssafy_ws/build/turtle_controller': PYTHONPATH=/home/shh/ssafy_ws/build/turtle_controller/prefix_override:/home/shh/ssafy_ws/install/turtle_controller/lib/python3.8/site-packages:${PYTHONPATH} /usr/bin/python3 setup.py develop --editable --build-directory /home/shh/ssafy_ws/build/turtle_controller/build --no-deps install_data
[3.959s] DEBUG:colcon.colcon_core.task.python.build:While undoing a previous installation files outside the Python library path are being ignored: /home/shh/ssafy_ws/install/simple_car_tf/share/ament_index/resource_index/packages/simple_car_tf
[3.960s] DEBUG:colcon.colcon_core.task.python.build:While undoing a previous installation files outside the Python library path are being ignored: /home/shh/ssafy_ws/install/simple_car_tf/share/simple_car_tf/package.xml
[3.960s] DEBUG:colcon.colcon_core.task.python.build:While undoing a previous installation files outside the Python library path are being ignored: /home/shh/ssafy_ws/install/simple_car_tf/lib/simple_car_tf/move_car
[3.966s] DEBUG:colcon.colcon_core.event_handler.log_command:Invoking command in '/home/shh/ssafy_ws/build/simple_car_tf': PYTHONPATH=/home/shh/ssafy_ws/build/simple_car_tf/prefix_override:/home/shh/ssafy_ws/install/simple_car_tf/lib/python3.8/site-packages:${PYTHONPATH} /usr/bin/python3 setup.py develop --editable --build-directory /home/shh/ssafy_ws/build/simple_car_tf/build --no-deps install_data
[4.002s] DEBUG:colcon.colcon_core.task.python.build:While undoing a previous installation files outside the Python library path are being ignored: /home/shh/ssafy_ws/install/turtle_spawner/share/ament_index/resource_index/packages/turtle_spawner
[4.002s] DEBUG:colcon.colcon_core.task.python.build:While undoing a previous installation files outside the Python library path are being ignored: /home/shh/ssafy_ws/install/turtle_spawner/share/turtle_spawner/package.xml
[4.003s] DEBUG:colcon.colcon_core.task.python.build:While undoing a previous installation files outside the Python library path are being ignored: /home/shh/ssafy_ws/install/turtle_spawner/lib/turtle_spawner/spawn_turtle
[4.008s] DEBUG:colcon.colcon_core.event_handler.log_command:Invoking command in '/home/shh/ssafy_ws/build/turtle_spawner': PYTHONPATH=/home/shh/ssafy_ws/build/turtle_spawner/prefix_override:/home/shh/ssafy_ws/install/turtle_spawner/lib/python3.8/site-packages:${PYTHONPATH} /usr/bin/python3 setup.py develop --editable --build-directory /home/shh/ssafy_ws/build/turtle_spawner/build --no-deps install_data
[4.014s] DEBUG:colcon.colcon_core.task.python.build:While undoing a previous installation files outside the Python library path are being ignored: /home/shh/ssafy_ws/install/tf_broadcaster/share/ament_index/resource_index/packages/tf_broadcaster
[4.014s] DEBUG:colcon.colcon_core.task.python.build:While undoing a previous installation files outside the Python library path are being ignored: /home/shh/ssafy_ws/install/tf_broadcaster/share/tf_broadcaster/package.xml
[4.014s] DEBUG:colcon.colcon_core.task.python.build:While undoing a previous installation files outside the Python library path are being ignored: /home/shh/ssafy_ws/install/tf_broadcaster/lib/tf_broadcaster/tf_broadcaster
[4.015s] DEBUG:colcon.colcon_core.task.python.build:While undoing a previous installation files outside the Python library path are being ignored: /home/shh/ssafy_ws/install/tf_broadcaster/lib/tf_broadcaster/turtle_obstacle_marker
[4.015s] DEBUG:colcon.colcon_core.task.python.build:While undoing a previous installation files outside the Python library path are being ignored: /home/shh/ssafy_ws/install/tf_broadcaster/lib/tf_broadcaster/turtlesim_avoid_obstacle
[4.021s] DEBUG:colcon.colcon_core.event_handler.log_command:Invoking command in '/home/shh/ssafy_ws/build/tf_broadcaster': PYTHONPATH=/home/shh/ssafy_ws/build/tf_broadcaster/prefix_override:/home/shh/ssafy_ws/install/tf_broadcaster/lib/python3.8/site-packages:${PYTHONPATH} /usr/bin/python3 setup.py develop --editable --build-directory /home/shh/ssafy_ws/build/tf_broadcaster/build --no-deps install_data
[4.032s] DEBUG:colcon.colcon_core.event_handler.log_command:Invoking command in '/home/shh/ssafy_ws/build/yolo_pkg': PYTHONPATH=/home/shh/ssafy_ws/build/yolo_pkg/prefix_override:/home/shh/ssafy_ws/install/yolo_pkg/lib/python3.8/site-packages:${PYTHONPATH} /usr/bin/python3 setup.py develop --editable --build-directory /home/shh/ssafy_ws/build/yolo_pkg/build --no-deps install_data
[4.052s] DEBUG:colcon.colcon_core.task.python.build:While undoing a previous installation files outside the Python library path are being ignored: /home/shh/ssafy_ws/install/my_python_pkg/share/ament_index/resource_index/packages/my_python_pkg
[4.053s] DEBUG:colcon.colcon_core.task.python.build:While undoing a previous installation files outside the Python library path are being ignored: /home/shh/ssafy_ws/install/my_python_pkg/share/my_python_pkg/package.xml
[4.053s] DEBUG:colcon.colcon_core.task.python.build:While undoing a previous installation files outside the Python library path are being ignored: /home/shh/ssafy_ws/install/my_python_pkg/lib/my_python_pkg/my_node
[4.059s] DEBUG:colcon.colcon_core.event_handler.log_command:Invoking command in '/home/shh/ssafy_ws/build/my_python_pkg': PYTHONPATH=/home/shh/ssafy_ws/build/my_python_pkg/prefix_override:/home/shh/ssafy_ws/install/my_python_pkg/lib/python3.8/site-packages:${PYTHONPATH} /usr/bin/python3 setup.py develop --editable --build-directory /home/shh/ssafy_ws/build/my_python_pkg/build --no-deps install_data
[4.073s] DEBUG:colcon.colcon_core.task.python.build:While undoing a previous installation files outside the Python library path are being ignored: /home/shh/ssafy_ws/install/simple_publisher/share/ament_index/resource_index/packages/simple_publisher
[4.073s] DEBUG:colcon.colcon_core.task.python.build:While undoing a previous installation files outside the Python library path are being ignored: /home/shh/ssafy_ws/install/simple_publisher/share/simple_publisher/package.xml
[4.073s] DEBUG:colcon.colcon_core.task.python.build:While undoing a previous installation files outside the Python library path are being ignored: /home/shh/ssafy_ws/install/simple_publisher/lib/simple_publisher/simple_publisher
[4.079s] DEBUG:colcon.colcon_core.event_handler.log_command:Invoking command in '/home/shh/ssafy_ws/build/simple_publisher': PYTHONPATH=/home/shh/ssafy_ws/build/simple_publisher/prefix_override:/home/shh/ssafy_ws/install/simple_publisher/lib/python3.8/site-packages:${PYTHONPATH} /usr/bin/python3 setup.py develop --editable --build-directory /home/shh/ssafy_ws/build/simple_publisher/build --no-deps install_data
[4.140s] Level 1:colcon.colcon_core.environment:create_environment_scripts_only(ssafy_publisher_subscriber)
[4.143s] DEBUG:colcon.colcon_core.event_handler.log_command:Invoked command in '/home/shh/ssafy_ws/build/ssafy_publisher_subscriber' returned '0': CMAKE_PREFIX_PATH=/opt/ros/foxy /usr/bin/cmake --install /home/shh/ssafy_ws/build/ssafy_publisher_subscriber
[4.154s] Level 1:colcon.colcon_core.environment:checking '/home/shh/ssafy_ws/install/ssafy_publisher_subscriber' for CMake module files
[4.155s] Level 1:colcon.colcon_core.environment:checking '/home/shh/ssafy_ws/install/ssafy_publisher_subscriber' for CMake config files
[4.156s] Level 1:colcon.colcon_core.shell:create_environment_hook('ssafy_publisher_subscriber', 'cmake_prefix_path')
[4.163s] INFO:colcon.colcon_core.shell:Creating environment hook '/home/shh/ssafy_ws/install/ssafy_publisher_subscriber/share/ssafy_publisher_subscriber/hook/cmake_prefix_path.ps1'
[4.165s] INFO:colcon.colcon_core.shell:Creating environment descriptor '/home/shh/ssafy_ws/install/ssafy_publisher_subscriber/share/ssafy_publisher_subscriber/hook/cmake_prefix_path.dsv'
[4.165s] INFO:colcon.colcon_core.shell:Creating environment hook '/home/shh/ssafy_ws/install/ssafy_publisher_subscriber/share/ssafy_publisher_subscriber/hook/cmake_prefix_path.sh'
[4.166s] Level 1:colcon.colcon_core.environment:checking '/home/shh/ssafy_ws/install/ssafy_publisher_subscriber/lib'
[4.167s] Level 1:colcon.colcon_core.environment:checking '/home/shh/ssafy_ws/install/ssafy_publisher_subscriber/bin'
[4.167s] Level 1:colcon.colcon_core.environment:checking '/home/shh/ssafy_ws/install/ssafy_publisher_subscriber/lib/pkgconfig/ssafy_publisher_subscriber.pc'
[4.167s] Level 1:colcon.colcon_core.environment:checking '/home/shh/ssafy_ws/install/ssafy_publisher_subscriber/lib/python3.8/site-packages'
[4.167s] Level 1:colcon.colcon_core.environment:checking '/home/shh/ssafy_ws/install/ssafy_publisher_subscriber/bin'
[4.174s] INFO:colcon.colcon_core.shell:Creating package script '/home/shh/ssafy_ws/install/ssafy_publisher_subscriber/share/ssafy_publisher_subscriber/package.ps1'
[4.176s] INFO:colcon.colcon_core.shell:Creating package descriptor '/home/shh/ssafy_ws/install/ssafy_publisher_subscriber/share/ssafy_publisher_subscriber/package.dsv'
[4.176s] INFO:colcon.colcon_core.shell:Creating package script '/home/shh/ssafy_ws/install/ssafy_publisher_subscriber/share/ssafy_publisher_subscriber/package.sh'
[4.177s] INFO:colcon.colcon_core.shell:Creating package script '/home/shh/ssafy_ws/install/ssafy_publisher_subscriber/share/ssafy_publisher_subscriber/package.bash'
[4.178s] INFO:colcon.colcon_core.shell:Creating package script '/home/shh/ssafy_ws/install/ssafy_publisher_subscriber/share/ssafy_publisher_subscriber/package.zsh'
[4.179s] Level 1:colcon.colcon_core.environment:create_file_with_runtime_dependencies(/home/shh/ssafy_ws/install/ssafy_publisher_subscriber/share/colcon-core/packages/ssafy_publisher_subscriber)
[4.233s] Level 1:colcon.colcon_core.environment:create_environment_scripts_only(ssafy_publisher_subscriber)
[4.239s] Level 1:colcon.colcon_core.environment:checking '/home/shh/ssafy_ws/install/ssafy_publisher_subscriber' for CMake module files
[4.240s] Level 1:colcon.colcon_core.environment:checking '/home/shh/ssafy_ws/install/ssafy_publisher_subscriber' for CMake config files
[4.241s] Level 1:colcon.colcon_core.shell:create_environment_hook('ssafy_publisher_subscriber', 'cmake_prefix_path')
[4.246s] INFO:colcon.colcon_core.shell:Creating environment hook '/home/shh/ssafy_ws/install/ssafy_publisher_subscriber/share/ssafy_publisher_subscriber/hook/cmake_prefix_path.ps1'
[4.246s] INFO:colcon.colcon_core.shell:Creating environment descriptor '/home/shh/ssafy_ws/install/ssafy_publisher_subscriber/share/ssafy_publisher_subscriber/hook/cmake_prefix_path.dsv'
[4.247s] INFO:colcon.colcon_core.shell:Creating environment hook '/home/shh/ssafy_ws/install/ssafy_publisher_subscriber/share/ssafy_publisher_subscriber/hook/cmake_prefix_path.sh'
[4.247s] Level 1:colcon.colcon_core.environment:checking '/home/shh/ssafy_ws/install/ssafy_publisher_subscriber/lib'
[4.247s] Level 1:colcon.colcon_core.environment:checking '/home/shh/ssafy_ws/install/ssafy_publisher_subscriber/bin'
[4.248s] Level 1:colcon.colcon_core.environment:checking '/home/shh/ssafy_ws/install/ssafy_publisher_subscriber/lib/pkgconfig/ssafy_publisher_subscriber.pc'
[4.248s] Level 1:colcon.colcon_core.environment:checking '/home/shh/ssafy_ws/install/ssafy_publisher_subscriber/lib/python3.8/site-packages'
[4.248s] Level 1:colcon.colcon_core.environment:checking '/home/shh/ssafy_ws/install/ssafy_publisher_subscriber/bin'
[4.253s] INFO:colcon.colcon_core.shell:Creating package script '/home/shh/ssafy_ws/install/ssafy_publisher_subscriber/share/ssafy_publisher_subscriber/package.ps1'
[4.254s] INFO:colcon.colcon_core.shell:Creating package descriptor '/home/shh/ssafy_ws/install/ssafy_publisher_subscriber/share/ssafy_publisher_subscriber/package.dsv'
[4.254s] INFO:colcon.colcon_core.shell:Creating package script '/home/shh/ssafy_ws/install/ssafy_publisher_subscriber/share/ssafy_publisher_subscriber/package.sh'
[4.255s] INFO:colcon.colcon_core.shell:Creating package script '/home/shh/ssafy_ws/install/ssafy_publisher_subscriber/share/ssafy_publisher_subscriber/package.bash'
[4.255s] INFO:colcon.colcon_core.shell:Creating package script '/home/shh/ssafy_ws/install/ssafy_publisher_subscriber/share/ssafy_publisher_subscriber/package.zsh'
[4.256s] Level 1:colcon.colcon_core.environment:create_file_with_runtime_dependencies(/home/shh/ssafy_ws/install/ssafy_publisher_subscriber/share/colcon-core/packages/ssafy_publisher_subscriber)
[4.526s] Level 1:colcon.colcon_core.shell:create_environment_hook('turtle_controller', 'pythonpath_develop')
[4.531s] INFO:colcon.colcon_core.shell:Creating environment hook '/home/shh/ssafy_ws/build/turtle_controller/share/turtle_controller/hook/pythonpath_develop.ps1'
[4.532s] DEBUG:colcon.colcon_core.event_handler.log_command:Invoked command in '/home/shh/ssafy_ws/build/turtle_controller' returned '0': PYTHONPATH=/home/shh/ssafy_ws/build/turtle_controller/prefix_override:/home/shh/ssafy_ws/install/turtle_controller/lib/python3.8/site-packages:${PYTHONPATH} /usr/bin/python3 setup.py develop --editable --build-directory /home/shh/ssafy_ws/build/turtle_controller/build --no-deps install_data
[4.533s] INFO:colcon.colcon_core.shell:Creating environment descriptor '/home/shh/ssafy_ws/build/turtle_controller/share/turtle_controller/hook/pythonpath_develop.dsv'
[4.534s] INFO:colcon.colcon_core.shell:Creating environment hook '/home/shh/ssafy_ws/build/turtle_controller/share/turtle_controller/hook/pythonpath_develop.sh'
[4.542s] Level 1:colcon.colcon_core.environment:checking '/home/shh/ssafy_ws/install/turtle_controller' for CMake module files
[4.544s] Level 1:colcon.colcon_core.environment:checking '/home/shh/ssafy_ws/install/turtle_controller' for CMake config files
[4.545s] Level 1:colcon.colcon_core.environment:checking '/home/shh/ssafy_ws/install/turtle_controller/lib'
[4.545s] Level 1:colcon.colcon_core.environment:checking '/home/shh/ssafy_ws/install/turtle_controller/bin'
[4.546s] Level 1:colcon.colcon_core.environment:checking '/home/shh/ssafy_ws/install/turtle_controller/lib/pkgconfig/turtle_controller.pc'
[4.546s] Level 1:colcon.colcon_core.environment:checking '/home/shh/ssafy_ws/install/turtle_controller/lib/python3.8/site-packages'
[4.546s] Level 1:colcon.colcon_core.shell:create_environment_hook('turtle_controller', 'pythonpath')
[4.551s] INFO:colcon.colcon_core.shell:Creating environment hook '/home/shh/ssafy_ws/install/turtle_controller/share/turtle_controller/hook/pythonpath.ps1'
[4.551s] INFO:colcon.colcon_core.shell:Creating environment descriptor '/home/shh/ssafy_ws/install/turtle_controller/share/turtle_controller/hook/pythonpath.dsv'
[4.552s] INFO:colcon.colcon_core.shell:Creating environment hook '/home/shh/ssafy_ws/install/turtle_controller/share/turtle_controller/hook/pythonpath.sh'
[4.553s] Level 1:colcon.colcon_core.environment:checking '/home/shh/ssafy_ws/install/turtle_controller/bin'
[4.553s] Level 1:colcon.colcon_core.environment:create_environment_scripts_only(turtle_controller)
[4.558s] INFO:colcon.colcon_core.shell:Creating package script '/home/shh/ssafy_ws/install/turtle_controller/share/turtle_controller/package.ps1'
[4.559s] INFO:colcon.colcon_core.shell:Creating package descriptor '/home/shh/ssafy_ws/install/turtle_controller/share/turtle_controller/package.dsv'
[4.560s] INFO:colcon.colcon_core.shell:Creating package script '/home/shh/ssafy_ws/install/turtle_controller/share/turtle_controller/package.sh'
[4.561s] INFO:colcon.colcon_core.shell:Creating package script '/home/shh/ssafy_ws/install/turtle_controller/share/turtle_controller/package.bash'
[4.562s] INFO:colcon.colcon_core.shell:Creating package script '/home/shh/ssafy_ws/install/turtle_controller/share/turtle_controller/package.zsh'
[4.562s] Level 1:colcon.colcon_core.environment:create_file_with_runtime_dependencies(/home/shh/ssafy_ws/install/turtle_controller/share/colcon-core/packages/turtle_controller)
[4.564s] Level 1:colcon.colcon_core.shell:create_environment_hook('simple_subscriber', 'pythonpath_develop')
[4.570s] INFO:colcon.colcon_core.shell:Creating environment hook '/home/shh/ssafy_ws/build/simple_subscriber/share/simple_subscriber/hook/pythonpath_develop.ps1'
[4.571s] DEBUG:colcon.colcon_core.event_handler.log_command:Invoked command in '/home/shh/ssafy_ws/build/simple_subscriber' returned '0': PYTHONPATH=/home/shh/ssafy_ws/build/simple_subscriber/prefix_override:/home/shh/ssafy_ws/install/simple_subscriber/lib/python3.8/site-packages:${PYTHONPATH} /usr/bin/python3 setup.py develop --editable --build-directory /home/shh/ssafy_ws/build/simple_subscriber/build --no-deps install_data
[4.572s] INFO:colcon.colcon_core.shell:Creating environment descriptor '/home/shh/ssafy_ws/build/simple_subscriber/share/simple_subscriber/hook/pythonpath_develop.dsv'
[4.573s] INFO:colcon.colcon_core.shell:Creating environment hook '/home/shh/ssafy_ws/build/simple_subscriber/share/simple_subscriber/hook/pythonpath_develop.sh'
[4.580s] Level 1:colcon.colcon_core.environment:checking '/home/shh/ssafy_ws/install/simple_subscriber' for CMake module files
[4.581s] Level 1:colcon.colcon_core.environment:checking '/home/shh/ssafy_ws/install/simple_subscriber' for CMake config files
[4.583s] Level 1:colcon.colcon_core.environment:checking '/home/shh/ssafy_ws/install/simple_subscriber/lib'
[4.583s] Level 1:colcon.colcon_core.environment:checking '/home/shh/ssafy_ws/install/simple_subscriber/bin'
[4.583s] Level 1:colcon.colcon_core.environment:checking '/home/shh/ssafy_ws/install/simple_subscriber/lib/pkgconfig/simple_subscriber.pc'
[4.583s] Level 1:colcon.colcon_core.environment:checking '/home/shh/ssafy_ws/install/simple_subscriber/lib/python3.8/site-packages'
[4.583s] Level 1:colcon.colcon_core.shell:create_environment_hook('simple_subscriber', 'pythonpath')
[4.587s] INFO:colcon.colcon_core.shell:Creating environment hook '/home/shh/ssafy_ws/install/simple_subscriber/share/simple_subscriber/hook/pythonpath.ps1'
[4.588s] INFO:colcon.colcon_core.shell:Creating environment descriptor '/home/shh/ssafy_ws/install/simple_subscriber/share/simple_subscriber/hook/pythonpath.dsv'
[4.588s] INFO:colcon.colcon_core.shell:Creating environment hook '/home/shh/ssafy_ws/install/simple_subscriber/share/simple_subscriber/hook/pythonpath.sh'
[4.589s] Level 1:colcon.colcon_core.environment:checking '/home/shh/ssafy_ws/install/simple_subscriber/bin'
[4.589s] Level 1:colcon.colcon_core.environment:create_environment_scripts_only(simple_subscriber)
[4.594s] INFO:colcon.colcon_core.shell:Creating package script '/home/shh/ssafy_ws/install/simple_subscriber/share/simple_subscriber/package.ps1'
[4.595s] INFO:colcon.colcon_core.shell:Creating package descriptor '/home/shh/ssafy_ws/install/simple_subscriber/share/simple_subscriber/package.dsv'
[4.595s] INFO:colcon.colcon_core.shell:Creating package script '/home/shh/ssafy_ws/install/simple_subscriber/share/simple_subscriber/package.sh'
[4.596s] INFO:colcon.colcon_core.shell:Creating package script '/home/shh/ssafy_ws/install/simple_subscriber/share/simple_subscriber/package.bash'
[4.597s] INFO:colcon.colcon_core.shell:Creating package script '/home/shh/ssafy_ws/install/simple_subscriber/share/simple_subscriber/package.zsh'
[4.598s] Level 1:colcon.colcon_core.environment:create_file_with_runtime_dependencies(/home/shh/ssafy_ws/install/simple_subscriber/share/colcon-core/packages/simple_subscriber)
[4.599s] Level 1:colcon.colcon_core.shell:create_environment_hook('250114', 'pythonpath_develop')
[4.604s] INFO:colcon.colcon_core.shell:Creating environment hook '/home/shh/ssafy_ws/build/250114/share/250114/hook/pythonpath_develop.ps1'
[4.606s] DEBUG:colcon.colcon_core.event_handler.log_command:Invoked command in '/home/shh/ssafy_ws/build/250114' returned '0': PYTHONPATH=/home/shh/ssafy_ws/build/250114/prefix_override:/home/shh/ssafy_ws/install/250114/lib/python3.8/site-packages:${PYTHONPATH} /usr/bin/python3 setup.py develop --editable --build-directory /home/shh/ssafy_ws/build/250114/build --no-deps install_data
[4.606s] INFO:colcon.colcon_core.shell:Creating environment descriptor '/home/shh/ssafy_ws/build/250114/share/250114/hook/pythonpath_develop.dsv'
[4.608s] INFO:colcon.colcon_core.shell:Creating environment hook '/home/shh/ssafy_ws/build/250114/share/250114/hook/pythonpath_develop.sh'
[4.616s] Level 1:colcon.colcon_core.environment:checking '/home/shh/ssafy_ws/install/250114' for CMake module files
[4.617s] Level 1:colcon.colcon_core.environment:checking '/home/shh/ssafy_ws/install/250114' for CMake config files
[4.617s] Level 1:colcon.colcon_core.environment:checking '/home/shh/ssafy_ws/install/250114/lib'
[4.617s] Level 1:colcon.colcon_core.environment:checking '/home/shh/ssafy_ws/install/250114/bin'
[4.617s] Level 1:colcon.colcon_core.environment:checking '/home/shh/ssafy_ws/install/250114/lib/pkgconfig/250114.pc'
[4.618s] Level 1:colcon.colcon_core.environment:checking '/home/shh/ssafy_ws/install/250114/lib/python3.8/site-packages'
[4.618s] Level 1:colcon.colcon_core.shell:create_environment_hook('250114', 'pythonpath')
[4.622s] INFO:colcon.colcon_core.shell:Creating environment hook '/home/shh/ssafy_ws/install/250114/share/250114/hook/pythonpath.ps1'
[4.623s] INFO:colcon.colcon_core.shell:Creating environment descriptor '/home/shh/ssafy_ws/install/250114/share/250114/hook/pythonpath.dsv'
[4.624s] INFO:colcon.colcon_core.shell:Creating environment hook '/home/shh/ssafy_ws/install/250114/share/250114/hook/pythonpath.sh'
[4.624s] Level 1:colcon.colcon_core.environment:checking '/home/shh/ssafy_ws/install/250114/bin'
[4.624s] Level 1:colcon.colcon_core.environment:create_environment_scripts_only(250114)
[4.629s] INFO:colcon.colcon_core.shell:Creating package script '/home/shh/ssafy_ws/install/250114/share/250114/package.ps1'
[4.629s] INFO:colcon.colcon_core.shell:Creating package descriptor '/home/shh/ssafy_ws/install/250114/share/250114/package.dsv'
[4.630s] INFO:colcon.colcon_core.shell:Creating package script '/home/shh/ssafy_ws/install/250114/share/250114/package.sh'
[4.630s] INFO:colcon.colcon_core.shell:Creating package script '/home/shh/ssafy_ws/install/250114/share/250114/package.bash'
[4.630s] INFO:colcon.colcon_core.shell:Creating package script '/home/shh/ssafy_ws/install/250114/share/250114/package.zsh'
[4.631s] Level 1:colcon.colcon_core.environment:create_file_with_runtime_dependencies(/home/shh/ssafy_ws/install/250114/share/colcon-core/packages/250114)
[4.632s] Level 1:colcon.colcon_core.shell:create_environment_hook('yolo_pkg', 'pythonpath_develop')
[4.636s] INFO:colcon.colcon_core.shell:Creating environment hook '/home/shh/ssafy_ws/build/yolo_pkg/share/yolo_pkg/hook/pythonpath_develop.ps1'
[4.638s] DEBUG:colcon.colcon_core.event_handler.log_command:Invoked command in '/home/shh/ssafy_ws/build/yolo_pkg' returned '0': PYTHONPATH=/home/shh/ssafy_ws/build/yolo_pkg/prefix_override:/home/shh/ssafy_ws/install/yolo_pkg/lib/python3.8/site-packages:${PYTHONPATH} /usr/bin/python3 setup.py develop --editable --build-directory /home/shh/ssafy_ws/build/yolo_pkg/build --no-deps install_data
[4.638s] INFO:colcon.colcon_core.shell:Creating environment descriptor '/home/shh/ssafy_ws/build/yolo_pkg/share/yolo_pkg/hook/pythonpath_develop.dsv'
[4.638s] INFO:colcon.colcon_core.shell:Creating environment hook '/home/shh/ssafy_ws/build/yolo_pkg/share/yolo_pkg/hook/pythonpath_develop.sh'
[4.644s] Level 1:colcon.colcon_core.environment:checking '/home/shh/ssafy_ws/install/yolo_pkg' for CMake module files
[4.645s] Level 1:colcon.colcon_core.environment:checking '/home/shh/ssafy_ws/install/yolo_pkg' for CMake config files
[4.645s] Level 1:colcon.colcon_core.environment:checking '/home/shh/ssafy_ws/install/yolo_pkg/lib'
[4.645s] Level 1:colcon.colcon_core.environment:checking '/home/shh/ssafy_ws/install/yolo_pkg/bin'
[4.645s] Level 1:colcon.colcon_core.environment:checking '/home/shh/ssafy_ws/install/yolo_pkg/lib/pkgconfig/yolo_pkg.pc'
[4.646s] Level 1:colcon.colcon_core.environment:checking '/home/shh/ssafy_ws/install/yolo_pkg/lib/python3.8/site-packages'
[4.646s] Level 1:colcon.colcon_core.shell:create_environment_hook('yolo_pkg', 'pythonpath')
[4.650s] INFO:colcon.colcon_core.shell:Creating environment hook '/home/shh/ssafy_ws/install/yolo_pkg/share/yolo_pkg/hook/pythonpath.ps1'
[4.651s] INFO:colcon.colcon_core.shell:Creating environment descriptor '/home/shh/ssafy_ws/install/yolo_pkg/share/yolo_pkg/hook/pythonpath.dsv'
[4.651s] INFO:colcon.colcon_core.shell:Creating environment hook '/home/shh/ssafy_ws/install/yolo_pkg/share/yolo_pkg/hook/pythonpath.sh'
[4.652s] Level 1:colcon.colcon_core.environment:checking '/home/shh/ssafy_ws/install/yolo_pkg/bin'
[4.652s] Level 1:colcon.colcon_core.environment:create_environment_scripts_only(yolo_pkg)
[4.656s] INFO:colcon.colcon_core.shell:Creating package script '/home/shh/ssafy_ws/install/yolo_pkg/share/yolo_pkg/package.ps1'
[4.657s] INFO:colcon.colcon_core.shell:Creating package descriptor '/home/shh/ssafy_ws/install/yolo_pkg/share/yolo_pkg/package.dsv'
[4.658s] INFO:colcon.colcon_core.shell:Creating package script '/home/shh/ssafy_ws/install/yolo_pkg/share/yolo_pkg/package.sh'
[4.658s] INFO:colcon.colcon_core.shell:Creating package script '/home/shh/ssafy_ws/install/yolo_pkg/share/yolo_pkg/package.bash'
[4.658s] INFO:colcon.colcon_core.shell:Creating package script '/home/shh/ssafy_ws/install/yolo_pkg/share/yolo_pkg/package.zsh'
[4.658s] Level 1:colcon.colcon_core.environment:create_file_with_runtime_dependencies(/home/shh/ssafy_ws/install/yolo_pkg/share/colcon-core/packages/yolo_pkg)
[4.659s] Level 1:colcon.colcon_core.shell:create_environment_hook('simple_car_tf', 'pythonpath_develop')
[4.664s] INFO:colcon.colcon_core.shell:Creating environment hook '/home/shh/ssafy_ws/build/simple_car_tf/share/simple_car_tf/hook/pythonpath_develop.ps1'
[4.665s] DEBUG:colcon.colcon_core.event_handler.log_command:Invoked command in '/home/shh/ssafy_ws/build/simple_car_tf' returned '0': PYTHONPATH=/home/shh/ssafy_ws/build/simple_car_tf/prefix_override:/home/shh/ssafy_ws/install/simple_car_tf/lib/python3.8/site-packages:${PYTHONPATH} /usr/bin/python3 setup.py develop --editable --build-directory /home/shh/ssafy_ws/build/simple_car_tf/build --no-deps install_data
[4.665s] INFO:colcon.colcon_core.shell:Creating environment descriptor '/home/shh/ssafy_ws/build/simple_car_tf/share/simple_car_tf/hook/pythonpath_develop.dsv'
[4.665s] INFO:colcon.colcon_core.shell:Creating environment hook '/home/shh/ssafy_ws/build/simple_car_tf/share/simple_car_tf/hook/pythonpath_develop.sh'
[4.671s] Level 1:colcon.colcon_core.environment:checking '/home/shh/ssafy_ws/install/simple_car_tf' for CMake module files
[4.671s] Level 1:colcon.colcon_core.environment:checking '/home/shh/ssafy_ws/install/simple_car_tf' for CMake config files
[4.672s] Level 1:colcon.colcon_core.environment:checking '/home/shh/ssafy_ws/install/simple_car_tf/lib'
[4.672s] Level 1:colcon.colcon_core.environment:checking '/home/shh/ssafy_ws/install/simple_car_tf/bin'
[4.672s] Level 1:colcon.colcon_core.environment:checking '/home/shh/ssafy_ws/install/simple_car_tf/lib/pkgconfig/simple_car_tf.pc'
[4.672s] Level 1:colcon.colcon_core.environment:checking '/home/shh/ssafy_ws/install/simple_car_tf/lib/python3.8/site-packages'
[4.672s] Level 1:colcon.colcon_core.shell:create_environment_hook('simple_car_tf', 'pythonpath')
[4.676s] INFO:colcon.colcon_core.shell:Creating environment hook '/home/shh/ssafy_ws/install/simple_car_tf/share/simple_car_tf/hook/pythonpath.ps1'
[4.677s] INFO:colcon.colcon_core.shell:Creating environment descriptor '/home/shh/ssafy_ws/install/simple_car_tf/share/simple_car_tf/hook/pythonpath.dsv'
[4.677s] INFO:colcon.colcon_core.shell:Creating environment hook '/home/shh/ssafy_ws/install/simple_car_tf/share/simple_car_tf/hook/pythonpath.sh'
[4.677s] Level 1:colcon.colcon_core.environment:checking '/home/shh/ssafy_ws/install/simple_car_tf/bin'
[4.678s] Level 1:colcon.colcon_core.environment:create_environment_scripts_only(simple_car_tf)
[4.682s] INFO:colcon.colcon_core.shell:Creating package script '/home/shh/ssafy_ws/install/simple_car_tf/share/simple_car_tf/package.ps1'
[4.683s] INFO:colcon.colcon_core.shell:Creating package descriptor '/home/shh/ssafy_ws/install/simple_car_tf/share/simple_car_tf/package.dsv'
[4.684s] INFO:colcon.colcon_core.shell:Creating package script '/home/shh/ssafy_ws/install/simple_car_tf/share/simple_car_tf/package.sh'
[4.684s] INFO:colcon.colcon_core.shell:Creating package script '/home/shh/ssafy_ws/install/simple_car_tf/share/simple_car_tf/package.bash'
[4.684s] INFO:colcon.colcon_core.shell:Creating package script '/home/shh/ssafy_ws/install/simple_car_tf/share/simple_car_tf/package.zsh'
[4.685s] Level 1:colcon.colcon_core.environment:create_file_with_runtime_dependencies(/home/shh/ssafy_ws/install/simple_car_tf/share/colcon-core/packages/simple_car_tf)
[4.685s] Level 1:colcon.colcon_core.shell:create_environment_hook('simple_publisher', 'pythonpath_develop')
[4.690s] INFO:colcon.colcon_core.shell:Creating environment hook '/home/shh/ssafy_ws/build/simple_publisher/share/simple_publisher/hook/pythonpath_develop.ps1'
[4.691s] DEBUG:colcon.colcon_core.event_handler.log_command:Invoked command in '/home/shh/ssafy_ws/build/simple_publisher' returned '0': PYTHONPATH=/home/shh/ssafy_ws/build/simple_publisher/prefix_override:/home/shh/ssafy_ws/install/simple_publisher/lib/python3.8/site-packages:${PYTHONPATH} /usr/bin/python3 setup.py develop --editable --build-directory /home/shh/ssafy_ws/build/simple_publisher/build --no-deps install_data
[4.692s] INFO:colcon.colcon_core.shell:Creating environment descriptor '/home/shh/ssafy_ws/build/simple_publisher/share/simple_publisher/hook/pythonpath_develop.dsv'
[4.692s] INFO:colcon.colcon_core.shell:Creating environment hook '/home/shh/ssafy_ws/build/simple_publisher/share/simple_publisher/hook/pythonpath_develop.sh'
[4.697s] Level 1:colcon.colcon_core.environment:checking '/home/shh/ssafy_ws/install/simple_publisher' for CMake module files
[4.698s] Level 1:colcon.colcon_core.environment:checking '/home/shh/ssafy_ws/install/simple_publisher' for CMake config files
[4.699s] Level 1:colcon.colcon_core.environment:checking '/home/shh/ssafy_ws/install/simple_publisher/lib'
[4.699s] Level 1:colcon.colcon_core.environment:checking '/home/shh/ssafy_ws/install/simple_publisher/bin'
[4.699s] Level 1:colcon.colcon_core.environment:checking '/home/shh/ssafy_ws/install/simple_publisher/lib/pkgconfig/simple_publisher.pc'
[4.699s] Level 1:colcon.colcon_core.environment:checking '/home/shh/ssafy_ws/install/simple_publisher/lib/python3.8/site-packages'
[4.699s] Level 1:colcon.colcon_core.shell:create_environment_hook('simple_publisher', 'pythonpath')
[4.704s] INFO:colcon.colcon_core.shell:Creating environment hook '/home/shh/ssafy_ws/install/simple_publisher/share/simple_publisher/hook/pythonpath.ps1'
[4.704s] INFO:colcon.colcon_core.shell:Creating environment descriptor '/home/shh/ssafy_ws/install/simple_publisher/share/simple_publisher/hook/pythonpath.dsv'
[4.704s] INFO:colcon.colcon_core.shell:Creating environment hook '/home/shh/ssafy_ws/install/simple_publisher/share/simple_publisher/hook/pythonpath.sh'
[4.705s] Level 1:colcon.colcon_core.environment:checking '/home/shh/ssafy_ws/install/simple_publisher/bin'
[4.705s] Level 1:colcon.colcon_core.environment:create_environment_scripts_only(simple_publisher)
[4.709s] INFO:colcon.colcon_core.shell:Creating package script '/home/shh/ssafy_ws/install/simple_publisher/share/simple_publisher/package.ps1'
[4.710s] INFO:colcon.colcon_core.shell:Creating package descriptor '/home/shh/ssafy_ws/install/simple_publisher/share/simple_publisher/package.dsv'
[4.710s] INFO:colcon.colcon_core.shell:Creating package script '/home/shh/ssafy_ws/install/simple_publisher/share/simple_publisher/package.sh'
[4.711s] INFO:colcon.colcon_core.shell:Creating package script '/home/shh/ssafy_ws/install/simple_publisher/share/simple_publisher/package.bash'
[4.711s] INFO:colcon.colcon_core.shell:Creating package script '/home/shh/ssafy_ws/install/simple_publisher/share/simple_publisher/package.zsh'
[4.712s] Level 1:colcon.colcon_core.environment:create_file_with_runtime_dependencies(/home/shh/ssafy_ws/install/simple_publisher/share/colcon-core/packages/simple_publisher)
[4.712s] Level 1:colcon.colcon_core.shell:create_environment_hook('tf_broadcaster', 'pythonpath_develop')
[4.716s] INFO:colcon.colcon_core.shell:Creating environment hook '/home/shh/ssafy_ws/build/tf_broadcaster/share/tf_broadcaster/hook/pythonpath_develop.ps1'
[4.717s] INFO:colcon.colcon_core.shell:Creating environment descriptor '/home/shh/ssafy_ws/build/tf_broadcaster/share/tf_broadcaster/hook/pythonpath_develop.dsv'
[4.718s] INFO:colcon.colcon_core.shell:Creating environment hook '/home/shh/ssafy_ws/build/tf_broadcaster/share/tf_broadcaster/hook/pythonpath_develop.sh'
[4.719s] DEBUG:colcon.colcon_core.event_handler.log_command:Invoked command in '/home/shh/ssafy_ws/build/tf_broadcaster' returned '0': PYTHONPATH=/home/shh/ssafy_ws/build/tf_broadcaster/prefix_override:/home/shh/ssafy_ws/install/tf_broadcaster/lib/python3.8/site-packages:${PYTHONPATH} /usr/bin/python3 setup.py develop --editable --build-directory /home/shh/ssafy_ws/build/tf_broadcaster/build --no-deps install_data
[4.724s] Level 1:colcon.colcon_core.environment:checking '/home/shh/ssafy_ws/install/tf_broadcaster' for CMake module files
[4.724s] Level 1:colcon.colcon_core.environment:checking '/home/shh/ssafy_ws/install/tf_broadcaster' for CMake config files
[4.725s] Level 1:colcon.colcon_core.environment:checking '/home/shh/ssafy_ws/install/tf_broadcaster/lib'
[4.725s] Level 1:colcon.colcon_core.environment:checking '/home/shh/ssafy_ws/install/tf_broadcaster/bin'
[4.725s] Level 1:colcon.colcon_core.environment:checking '/home/shh/ssafy_ws/install/tf_broadcaster/lib/pkgconfig/tf_broadcaster.pc'
[4.725s] Level 1:colcon.colcon_core.environment:checking '/home/shh/ssafy_ws/install/tf_broadcaster/lib/python3.8/site-packages'
[4.725s] Level 1:colcon.colcon_core.shell:create_environment_hook('tf_broadcaster', 'pythonpath')
[4.729s] INFO:colcon.colcon_core.shell:Creating environment hook '/home/shh/ssafy_ws/install/tf_broadcaster/share/tf_broadcaster/hook/pythonpath.ps1'
[4.730s] INFO:colcon.colcon_core.shell:Creating environment descriptor '/home/shh/ssafy_ws/install/tf_broadcaster/share/tf_broadcaster/hook/pythonpath.dsv'
[4.730s] INFO:colcon.colcon_core.shell:Creating environment hook '/home/shh/ssafy_ws/install/tf_broadcaster/share/tf_broadcaster/hook/pythonpath.sh'
[4.730s] Level 1:colcon.colcon_core.environment:checking '/home/shh/ssafy_ws/install/tf_broadcaster/bin'
[4.730s] Level 1:colcon.colcon_core.environment:create_environment_scripts_only(tf_broadcaster)
[4.734s] INFO:colcon.colcon_core.shell:Creating package script '/home/shh/ssafy_ws/install/tf_broadcaster/share/tf_broadcaster/package.ps1'
[4.735s] INFO:colcon.colcon_core.shell:Creating package descriptor '/home/shh/ssafy_ws/install/tf_broadcaster/share/tf_broadcaster/package.dsv'
[4.735s] INFO:colcon.colcon_core.shell:Creating package script '/home/shh/ssafy_ws/install/tf_broadcaster/share/tf_broadcaster/package.sh'
[4.736s] INFO:colcon.colcon_core.shell:Creating package script '/home/shh/ssafy_ws/install/tf_broadcaster/share/tf_broadcaster/package.bash'
[4.736s] INFO:colcon.colcon_core.shell:Creating package script '/home/shh/ssafy_ws/install/tf_broadcaster/share/tf_broadcaster/package.zsh'
[4.736s] Level 1:colcon.colcon_core.environment:create_file_with_runtime_dependencies(/home/shh/ssafy_ws/install/tf_broadcaster/share/colcon-core/packages/tf_broadcaster)
[4.737s] Level 1:colcon.colcon_core.shell:create_environment_hook('turtle_spawner', 'pythonpath_develop')
[4.741s] INFO:colcon.colcon_core.shell:Creating environment hook '/home/shh/ssafy_ws/build/turtle_spawner/share/turtle_spawner/hook/pythonpath_develop.ps1'
[4.742s] INFO:colcon.colcon_core.shell:Creating environment descriptor '/home/shh/ssafy_ws/build/turtle_spawner/share/turtle_spawner/hook/pythonpath_develop.dsv'
[4.743s] INFO:colcon.colcon_core.shell:Creating environment hook '/home/shh/ssafy_ws/build/turtle_spawner/share/turtle_spawner/hook/pythonpath_develop.sh'
[4.743s] DEBUG:colcon.colcon_core.event_handler.log_command:Invoked command in '/home/shh/ssafy_ws/build/turtle_spawner' returned '0': PYTHONPATH=/home/shh/ssafy_ws/build/turtle_spawner/prefix_override:/home/shh/ssafy_ws/install/turtle_spawner/lib/python3.8/site-packages:${PYTHONPATH} /usr/bin/python3 setup.py develop --editable --build-directory /home/shh/ssafy_ws/build/turtle_spawner/build --no-deps install_data
[4.748s] Level 1:colcon.colcon_core.environment:checking '/home/shh/ssafy_ws/install/turtle_spawner' for CMake module files
[4.749s] Level 1:colcon.colcon_core.environment:checking '/home/shh/ssafy_ws/install/turtle_spawner' for CMake config files
[4.749s] Level 1:colcon.colcon_core.environment:checking '/home/shh/ssafy_ws/install/turtle_spawner/lib'
[4.750s] Level 1:colcon.colcon_core.environment:checking '/home/shh/ssafy_ws/install/turtle_spawner/bin'
[4.750s] Level 1:colcon.colcon_core.environment:checking '/home/shh/ssafy_ws/install/turtle_spawner/lib/pkgconfig/turtle_spawner.pc'
[4.750s] Level 1:colcon.colcon_core.environment:checking '/home/shh/ssafy_ws/install/turtle_spawner/lib/python3.8/site-packages'
[4.750s] Level 1:colcon.colcon_core.shell:create_environment_hook('turtle_spawner', 'pythonpath')
[4.754s] INFO:colcon.colcon_core.shell:Creating environment hook '/home/shh/ssafy_ws/install/turtle_spawner/share/turtle_spawner/hook/pythonpath.ps1'
[4.754s] INFO:colcon.colcon_core.shell:Creating environment descriptor '/home/shh/ssafy_ws/install/turtle_spawner/share/turtle_spawner/hook/pythonpath.dsv'
[4.754s] INFO:colcon.colcon_core.shell:Creating environment hook '/home/shh/ssafy_ws/install/turtle_spawner/share/turtle_spawner/hook/pythonpath.sh'
[4.755s] Level 1:colcon.colcon_core.environment:checking '/home/shh/ssafy_ws/install/turtle_spawner/bin'
[4.755s] Level 1:colcon.colcon_core.environment:create_environment_scripts_only(turtle_spawner)
[4.759s] INFO:colcon.colcon_core.shell:Creating package script '/home/shh/ssafy_ws/install/turtle_spawner/share/turtle_spawner/package.ps1'
[4.760s] INFO:colcon.colcon_core.shell:Creating package descriptor '/home/shh/ssafy_ws/install/turtle_spawner/share/turtle_spawner/package.dsv'
[4.760s] INFO:colcon.colcon_core.shell:Creating package script '/home/shh/ssafy_ws/install/turtle_spawner/share/turtle_spawner/package.sh'
[4.760s] INFO:colcon.colcon_core.shell:Creating package script '/home/shh/ssafy_ws/install/turtle_spawner/share/turtle_spawner/package.bash'
[4.760s] INFO:colcon.colcon_core.shell:Creating package script '/home/shh/ssafy_ws/install/turtle_spawner/share/turtle_spawner/package.zsh'
[4.761s] Level 1:colcon.colcon_core.environment:create_file_with_runtime_dependencies(/home/shh/ssafy_ws/install/turtle_spawner/share/colcon-core/packages/turtle_spawner)
[4.761s] Level 1:colcon.colcon_core.shell:create_environment_hook('my_python_pkg', 'pythonpath_develop')
[4.765s] INFO:colcon.colcon_core.shell:Creating environment hook '/home/shh/ssafy_ws/build/my_python_pkg/share/my_python_pkg/hook/pythonpath_develop.ps1'
[4.766s] INFO:colcon.colcon_core.shell:Creating environment descriptor '/home/shh/ssafy_ws/build/my_python_pkg/share/my_python_pkg/hook/pythonpath_develop.dsv'
[4.766s] INFO:colcon.colcon_core.shell:Creating environment hook '/home/shh/ssafy_ws/build/my_python_pkg/share/my_python_pkg/hook/pythonpath_develop.sh'
[4.767s] DEBUG:colcon.colcon_core.event_handler.log_command:Invoked command in '/home/shh/ssafy_ws/build/my_python_pkg' returned '0': PYTHONPATH=/home/shh/ssafy_ws/build/my_python_pkg/prefix_override:/home/shh/ssafy_ws/install/my_python_pkg/lib/python3.8/site-packages:${PYTHONPATH} /usr/bin/python3 setup.py develop --editable --build-directory /home/shh/ssafy_ws/build/my_python_pkg/build --no-deps install_data
[4.772s] Level 1:colcon.colcon_core.environment:checking '/home/shh/ssafy_ws/install/my_python_pkg' for CMake module files
[4.772s] Level 1:colcon.colcon_core.environment:checking '/home/shh/ssafy_ws/install/my_python_pkg' for CMake config files
[4.773s] Level 1:colcon.colcon_core.environment:checking '/home/shh/ssafy_ws/install/my_python_pkg/lib'
[4.773s] Level 1:colcon.colcon_core.environment:checking '/home/shh/ssafy_ws/install/my_python_pkg/bin'
[4.773s] Level 1:colcon.colcon_core.environment:checking '/home/shh/ssafy_ws/install/my_python_pkg/lib/pkgconfig/my_python_pkg.pc'
[4.773s] Level 1:colcon.colcon_core.environment:checking '/home/shh/ssafy_ws/install/my_python_pkg/lib/python3.8/site-packages'
[4.773s] Level 1:colcon.colcon_core.shell:create_environment_hook('my_python_pkg', 'pythonpath')
[4.777s] INFO:colcon.colcon_core.shell:Creating environment hook '/home/shh/ssafy_ws/install/my_python_pkg/share/my_python_pkg/hook/pythonpath.ps1'
[4.778s] INFO:colcon.colcon_core.shell:Creating environment descriptor '/home/shh/ssafy_ws/install/my_python_pkg/share/my_python_pkg/hook/pythonpath.dsv'
[4.778s] INFO:colcon.colcon_core.shell:Creating environment hook '/home/shh/ssafy_ws/install/my_python_pkg/share/my_python_pkg/hook/pythonpath.sh'
[4.778s] Level 1:colcon.colcon_core.environment:checking '/home/shh/ssafy_ws/install/my_python_pkg/bin'
[4.778s] Level 1:colcon.colcon_core.environment:create_environment_scripts_only(my_python_pkg)
[4.783s] INFO:colcon.colcon_core.shell:Creating package script '/home/shh/ssafy_ws/install/my_python_pkg/share/my_python_pkg/package.ps1'
[4.783s] INFO:colcon.colcon_core.shell:Creating package descriptor '/home/shh/ssafy_ws/install/my_python_pkg/share/my_python_pkg/package.dsv'
[4.783s] INFO:colcon.colcon_core.shell:Creating package script '/home/shh/ssafy_ws/install/my_python_pkg/share/my_python_pkg/package.sh'
[4.784s] INFO:colcon.colcon_core.shell:Creating package script '/home/shh/ssafy_ws/install/my_python_pkg/share/my_python_pkg/package.bash'
[4.784s] INFO:colcon.colcon_core.shell:Creating package script '/home/shh/ssafy_ws/install/my_python_pkg/share/my_python_pkg/package.zsh'
[4.784s] Level 1:colcon.colcon_core.environment:create_file_with_runtime_dependencies(/home/shh/ssafy_ws/install/my_python_pkg/share/colcon-core/packages/my_python_pkg)
[4.784s] DEBUG:colcon.colcon_parallel_executor.executor.parallel:closing loop
[4.785s] DEBUG:colcon.colcon_parallel_executor.executor.parallel:loop closed
[4.785s] DEBUG:colcon.colcon_parallel_executor.executor.parallel:run_until_complete finished with '0'
[4.785s] DEBUG:colcon.colcon_core.event_reactor:joining thread
[4.800s] INFO:colcon.colcon_core.plugin_system:Skipping extension 'colcon_notification.desktop_notification.terminal_notifier': Not used on non-Darwin systems
[4.800s] INFO:colcon.colcon_core.plugin_system:Skipping extension 'colcon_notification.desktop_notification.win32': Not used on non-Windows systems
[4.800s] INFO:colcon.colcon_notification.desktop_notification:Sending desktop notification using 'notify2'
[4.824s] DEBUG:colcon.colcon_core.event_reactor:joined thread
[4.833s] INFO:colcon.colcon_core.shell:Creating prefix script '/home/shh/ssafy_ws/install/local_setup.ps1'
[4.834s] INFO:colcon.colcon_core.shell:Creating prefix util module '/home/shh/ssafy_ws/install/_local_setup_util_ps1.py'
[4.835s] INFO:colcon.colcon_core.shell:Creating prefix chain script '/home/shh/ssafy_ws/install/setup.ps1'
[4.839s] INFO:colcon.colcon_core.shell:Creating prefix script '/home/shh/ssafy_ws/install/local_setup.sh'
[4.839s] INFO:colcon.colcon_core.shell:Creating prefix util module '/home/shh/ssafy_ws/install/_local_setup_util_sh.py'
[4.840s] INFO:colcon.colcon_core.shell:Creating prefix chain script '/home/shh/ssafy_ws/install/setup.sh'
[4.843s] INFO:colcon.colcon_core.shell:Creating prefix script '/home/shh/ssafy_ws/install/local_setup.bash'
[4.844s] INFO:colcon.colcon_core.shell:Creating prefix chain script '/home/shh/ssafy_ws/install/setup.bash'
[4.847s] INFO:colcon.colcon_core.shell:Creating prefix script '/home/shh/ssafy_ws/install/local_setup.zsh'
[4.848s] INFO:colcon.colcon_core.shell:Creating prefix chain script '/home/shh/ssafy_ws/install/setup.zsh'
