running develop
running egg_info
creating tf_broadcaster.egg-info
writing tf_broadcaster.egg-info/PKG-INFO
writing dependency_links to tf_broadcaster.egg-info/dependency_links.txt
writing entry points to tf_broadcaster.egg-info/entry_points.txt
writing requirements to tf_broadcaster.egg-info/requires.txt
writing top-level names to tf_broadcaster.egg-info/top_level.txt
writing manifest file 'tf_broadcaster.egg-info/SOURCES.txt'
reading manifest file 'tf_broadcaster.egg-info/SOURCES.txt'
writing manifest file 'tf_broadcaster.egg-info/SOURCES.txt'
running build_ext
Creating /home/shh/ssafy_gazeboy/ssafy_ws/install/tf_broadcaster/lib/python3.8/site-packages/site.py
Creating /home/shh/ssafy_gazeboy/ssafy_ws/install/tf_broadcaster/lib/python3.8/site-packages/tf-broadcaster.egg-link (link to .)
Installing tf_broadcaster script to /home/shh/ssafy_gazeboy/ssafy_ws/install/tf_broadcaster/lib/tf_broadcaster
Installing turtle_obstacle_marker script to /home/shh/ssafy_gazeboy/ssafy_ws/install/tf_broadcaster/lib/tf_broadcaster
Installing turtlesim_avoid_obstacle script to /home/shh/ssafy_gazeboy/ssafy_ws/install/tf_broadcaster/lib/tf_broadcaster

Installed /home/shh/ssafy_gazeboy/ssafy_ws/build/tf_broadcaster
running install_data
creating /home/shh/ssafy_gazeboy/ssafy_ws/install/tf_broadcaster/share/ament_index
creating /home/shh/ssafy_gazeboy/ssafy_ws/install/tf_broadcaster/share/ament_index/resource_index
creating /home/shh/ssafy_gazeboy/ssafy_ws/install/tf_broadcaster/share/ament_index/resource_index/packages
copying resource/tf_broadcaster -> /home/shh/ssafy_gazeboy/ssafy_ws/install/tf_broadcaster/share/ament_index/resource_index/packages
copying package.xml -> /home/shh/ssafy_gazeboy/ssafy_ws/install/tf_broadcaster/share/tf_broadcaster
