[3.010s] Invoking command in '/home/shh/ssafy_gazeboy/ssafy_ws/build/tf_broadcaster': PYTHONPATH=/home/shh/ssafy_gazeboy/ssafy_ws/build/tf_broadcaster/prefix_override:/home/shh/ssafy_gazeboy/ssafy_ws/install/tf_broadcaster/lib/python3.8/site-packages:${PYTHONPATH} /usr/bin/python3 setup.py develop --editable --build-directory /home/shh/ssafy_gazeboy/ssafy_ws/build/tf_broadcaster/build --no-deps install_data
[3.269s] running develop
[3.437s] running egg_info
[3.437s] creating tf_broadcaster.egg-info
[3.437s] writing tf_broadcaster.egg-info/PKG-INFO
[3.437s] writing dependency_links to tf_broadcaster.egg-info/dependency_links.txt
[3.438s] writing entry points to tf_broadcaster.egg-info/entry_points.txt
[3.438s] writing requirements to tf_broadcaster.egg-info/requires.txt
[3.438s] writing top-level names to tf_broadcaster.egg-info/top_level.txt
[3.439s] writing manifest file 'tf_broadcaster.egg-info/SOURCES.txt'
[3.469s] reading manifest file 'tf_broadcaster.egg-info/SOURCES.txt'
[3.470s] writing manifest file 'tf_broadcaster.egg-info/SOURCES.txt'
[3.517s] running build_ext
[3.518s] Creating /home/shh/ssafy_gazeboy/ssafy_ws/install/tf_broadcaster/lib/python3.8/site-packages/site.py
[3.519s] Creating /home/shh/ssafy_gazeboy/ssafy_ws/install/tf_broadcaster/lib/python3.8/site-packages/tf-broadcaster.egg-link (link to .)
[3.519s] Installing tf_broadcaster script to /home/shh/ssafy_gazeboy/ssafy_ws/install/tf_broadcaster/lib/tf_broadcaster
[3.519s] Installing turtle_obstacle_marker script to /home/shh/ssafy_gazeboy/ssafy_ws/install/tf_broadcaster/lib/tf_broadcaster
[3.519s] Installing turtlesim_avoid_obstacle script to /home/shh/ssafy_gazeboy/ssafy_ws/install/tf_broadcaster/lib/tf_broadcaster
[3.519s] 
[3.519s] Installed /home/shh/ssafy_gazeboy/ssafy_ws/build/tf_broadcaster
[3.519s] running install_data
[3.520s] creating /home/shh/ssafy_gazeboy/ssafy_ws/install/tf_broadcaster/share/ament_index
[3.520s] creating /home/shh/ssafy_gazeboy/ssafy_ws/install/tf_broadcaster/share/ament_index/resource_index
[3.520s] creating /home/shh/ssafy_gazeboy/ssafy_ws/install/tf_broadcaster/share/ament_index/resource_index/packages
[3.520s] copying resource/tf_broadcaster -> /home/shh/ssafy_gazeboy/ssafy_ws/install/tf_broadcaster/share/ament_index/resource_index/packages
[3.520s] copying package.xml -> /home/shh/ssafy_gazeboy/ssafy_ws/install/tf_broadcaster/share/tf_broadcaster
[3.578s] Invoked command in '/home/shh/ssafy_gazeboy/ssafy_ws/build/tf_broadcaster' returned '0': PYTHONPATH=/home/shh/ssafy_gazeboy/ssafy_ws/build/tf_broadcaster/prefix_override:/home/shh/ssafy_gazeboy/ssafy_ws/install/tf_broadcaster/lib/python3.8/site-packages:${PYTHONPATH} /usr/bin/python3 setup.py develop --editable --build-directory /home/shh/ssafy_gazeboy/ssafy_ws/build/tf_broadcaster/build --no-deps install_data
