[0.067s] Invoking command in '/home/shh/ssafy_gazeboy/ssafy_ws/build/velodyne_simulator': CMAKE_PREFIX_PATH=/home/shh/ssafy_gazeboy/ssafy_ws/install/velodyne_gazebo_plugins:/home/shh/ssafy_gazeboy/ssafy_ws/install/velodyne_description:/home/shh/ssafy_gazeboy/ssafy_ws/install/velodyne_simulator:/home/shh/ssafy_gazeboy/ssafy_ws/install/turtlebot3_simulations:/home/shh/ssafy_gazeboy/ssafy_ws/install/turtlebot3_gazebo:/home/shh/ssafy_gazeboy/ssafy_ws/install/turtlebot3_description:/home/shh/ssafy_gazeboy/ssafy_ws/install/teleop_twist_keyboard:/opt/ros/foxy /usr/bin/cmake --build /home/shh/ssafy_gazeboy/ssafy_ws/build/velodyne_simulator -- -j16 -l16
[0.132s] Invoked command in '/home/shh/ssafy_gazeboy/ssafy_ws/build/velodyne_simulator' returned '0': CMAKE_PREFIX_PATH=/home/shh/ssafy_gazeboy/ssafy_ws/install/velodyne_gazebo_plugins:/home/shh/ssafy_gazeboy/ssafy_ws/install/velodyne_description:/home/shh/ssafy_gazeboy/ssafy_ws/install/velodyne_simulator:/home/shh/ssafy_gazeboy/ssafy_ws/install/turtlebot3_simulations:/home/shh/ssafy_gazeboy/ssafy_ws/install/turtlebot3_gazebo:/home/shh/ssafy_gazeboy/ssafy_ws/install/turtlebot3_description:/home/shh/ssafy_gazeboy/ssafy_ws/install/teleop_twist_keyboard:/opt/ros/foxy /usr/bin/cmake --build /home/shh/ssafy_gazeboy/ssafy_ws/build/velodyne_simulator -- -j16 -l16
[0.173s] Invoking command in '/home/shh/ssafy_gazeboy/ssafy_ws/build/velodyne_simulator': CMAKE_PREFIX_PATH=/home/shh/ssafy_gazeboy/ssafy_ws/install/velodyne_gazebo_plugins:/home/shh/ssafy_gazeboy/ssafy_ws/install/velodyne_description:/home/shh/ssafy_gazeboy/ssafy_ws/install/velodyne_simulator:/home/shh/ssafy_gazeboy/ssafy_ws/install/turtlebot3_simulations:/home/shh/ssafy_gazeboy/ssafy_ws/install/turtlebot3_gazebo:/home/shh/ssafy_gazeboy/ssafy_ws/install/turtlebot3_description:/home/shh/ssafy_gazeboy/ssafy_ws/install/teleop_twist_keyboard:/opt/ros/foxy /usr/bin/cmake --install /home/shh/ssafy_gazeboy/ssafy_ws/build/velodyne_simulator
[0.182s] -- Install configuration: ""
[0.182s] -- Execute custom install script
[0.182s] -- Up-to-date symlink: /home/shh/ssafy_gazeboy/ssafy_ws/install/velodyne_simulator/share/ament_index/resource_index/package_run_dependencies/velodyne_simulator
[0.182s] -- Up-to-date symlink: /home/shh/ssafy_gazeboy/ssafy_ws/install/velodyne_simulator/share/ament_index/resource_index/parent_prefix_path/velodyne_simulator
[0.183s] -- Up-to-date symlink: /home/shh/ssafy_gazeboy/ssafy_ws/install/velodyne_simulator/share/velodyne_simulator/environment/ament_prefix_path.sh
[0.183s] -- Up-to-date symlink: /home/shh/ssafy_gazeboy/ssafy_ws/install/velodyne_simulator/share/velodyne_simulator/environment/ament_prefix_path.dsv
[0.183s] -- Up-to-date symlink: /home/shh/ssafy_gazeboy/ssafy_ws/install/velodyne_simulator/share/velodyne_simulator/environment/path.sh
[0.183s] -- Up-to-date symlink: /home/shh/ssafy_gazeboy/ssafy_ws/install/velodyne_simulator/share/velodyne_simulator/environment/path.dsv
[0.183s] -- Up-to-date symlink: /home/shh/ssafy_gazeboy/ssafy_ws/install/velodyne_simulator/share/velodyne_simulator/local_setup.bash
[0.184s] -- Up-to-date symlink: /home/shh/ssafy_gazeboy/ssafy_ws/install/velodyne_simulator/share/velodyne_simulator/local_setup.sh
[0.184s] -- Up-to-date symlink: /home/shh/ssafy_gazeboy/ssafy_ws/install/velodyne_simulator/share/velodyne_simulator/local_setup.zsh
[0.184s] -- Up-to-date symlink: /home/shh/ssafy_gazeboy/ssafy_ws/install/velodyne_simulator/share/velodyne_simulator/local_setup.dsv
[0.184s] -- Symlinking: /home/shh/ssafy_gazeboy/ssafy_ws/install/velodyne_simulator/share/velodyne_simulator/package.dsv
[0.201s] -- Up-to-date symlink: /home/shh/ssafy_gazeboy/ssafy_ws/install/velodyne_simulator/share/ament_index/resource_index/packages/velodyne_simulator
[0.202s] -- Up-to-date symlink: /home/shh/ssafy_gazeboy/ssafy_ws/install/velodyne_simulator/share/velodyne_simulator/cmake/velodyne_simulatorConfig.cmake
[0.202s] -- Up-to-date symlink: /home/shh/ssafy_gazeboy/ssafy_ws/install/velodyne_simulator/share/velodyne_simulator/cmake/velodyne_simulatorConfig-version.cmake
[0.203s] -- Up-to-date symlink: /home/shh/ssafy_gazeboy/ssafy_ws/install/velodyne_simulator/share/velodyne_simulator/package.xml
[0.215s] Invoked command in '/home/shh/ssafy_gazeboy/ssafy_ws/build/velodyne_simulator' returned '0': CMAKE_PREFIX_PATH=/home/shh/ssafy_gazeboy/ssafy_ws/install/velodyne_gazebo_plugins:/home/shh/ssafy_gazeboy/ssafy_ws/install/velodyne_description:/home/shh/ssafy_gazeboy/ssafy_ws/install/velodyne_simulator:/home/shh/ssafy_gazeboy/ssafy_ws/install/turtlebot3_simulations:/home/shh/ssafy_gazeboy/ssafy_ws/install/turtlebot3_gazebo:/home/shh/ssafy_gazeboy/ssafy_ws/install/turtlebot3_description:/home/shh/ssafy_gazeboy/ssafy_ws/install/teleop_twist_keyboard:/opt/ros/foxy /usr/bin/cmake --install /home/shh/ssafy_gazeboy/ssafy_ws/build/velodyne_simulator
