[0.160s] Invoking command in '/home/shh/ssafy_gazeboy/ssafy_ws/build/turtlebot3_msgs': CMAKE_PREFIX_PATH=${CMAKE_PREFIX_PATH}:/home/shh/ssafy_gazeboy/ssafy_ws/install/turtlebot3_teleop:/home/shh/ssafy_gazeboy/ssafy_ws/install/turtlebot3_example:/home/shh/ssafy_gazeboy/ssafy_ws/install/250114:/opt/ros/foxy /usr/bin/cmake /home/shh/ssafy_gazeboy/ssafy_ws/src/turtlebot3_msgs -DAMENT_CMAKE_SYMLINK_INSTALL=1 -DCMAKE_INSTALL_PREFIX=/home/shh/ssafy_gazeboy/ssafy_ws/install/turtlebot3_msgs
[0.505s] -- The C compiler identification is GNU 9.4.0
[0.507s] -- The CXX compiler identification is GNU 9.4.0
[0.508s] -- Check for working C compiler: /usr/bin/cc
[0.508s] -- Check for working C compiler: /usr/bin/cc -- works
[0.508s] -- Detecting C compiler ABI info
[0.532s] -- Detecting C compiler ABI info - done
[0.542s] -- Detecting C compile features
[0.542s] -- Detecting C compile features - done
[0.544s] -- Check for working CXX compiler: /usr/bin/c++
[0.640s] -- Check for working CXX compiler: /usr/bin/c++ -- works
[0.640s] -- Detecting CXX compiler ABI info
[0.736s] -- Detecting CXX compiler ABI info - done
[0.745s] -- Detecting CXX compile features
[0.746s] -- Detecting CXX compile features - done
[0.748s] -- Found action_msgs: 1.0.0 (/opt/ros/foxy/share/action_msgs/cmake)
[0.790s] -- Found PythonInterp: /usr/bin/python3 (found suitable version "3.8.10", minimum required is "3") 
[0.790s] -- Using PYTHON_EXECUTABLE: /usr/bin/python3
[1.001s] -- Override CMake install command with custom implementation using symlinks instead of copying resources
[1.083s] -- Using all available rosidl_typesupport_c: rosidl_typesupport_fastrtps_c;rosidl_typesupport_introspection_c
[1.091s] -- Found rosidl_adapter: 1.3.1 (/opt/ros/foxy/share/rosidl_adapter/cmake)
[1.248s] -- Found OpenSSL: /usr/lib/x86_64-linux-gnu/libcrypto.so (found version "1.1.1f")  
[1.288s] -- Found FastRTPS: /opt/ros/foxy/include  
[1.385s] -- Using all available rosidl_typesupport_cpp: rosidl_typesupport_fastrtps_cpp;rosidl_typesupport_introspection_cpp
[1.451s] -- Found rosidl_default_generators: 1.0.1 (/opt/ros/foxy/share/rosidl_default_generators/cmake)
[1.464s] -- Found std_msgs: 2.0.5 (/opt/ros/foxy/share/std_msgs/cmake)
[1.526s] -- Found PythonInterp: /usr/bin/python3 (found version "3.8.10") 
[1.761s] -- Found ament_cmake_cppcheck: 0.9.8 (/opt/ros/foxy/share/ament_cmake_cppcheck/cmake)
[1.764s] -- Found ament_cmake_cpplint: 0.9.8 (/opt/ros/foxy/share/ament_cmake_cpplint/cmake)
[1.767s] -- Found ament_cmake_uncrustify: 0.9.8 (/opt/ros/foxy/share/ament_cmake_uncrustify/cmake)
[1.770s] -- Found ament_cmake_ros: 0.9.2 (/opt/ros/foxy/share/ament_cmake_ros/cmake)
[2.034s] -- Using all available rosidl_typesupport_c: rosidl_typesupport_fastrtps_c;rosidl_typesupport_introspection_c
[2.122s] -- Using all available rosidl_typesupport_cpp: rosidl_typesupport_fastrtps_cpp;rosidl_typesupport_introspection_cpp
[2.164s] -- Found PythonInterp: /usr/bin/python3 (found suitable version "3.8.10", minimum required is "3.5") 
[2.170s] -- Found python_cmake_module: 0.8.1 (/opt/ros/foxy/share/python_cmake_module/cmake)
[2.218s] -- Found PythonLibs: /usr/lib/x86_64-linux-gnu/libpython3.8.so (found suitable version "3.8.10", minimum required is "3.5") 
[2.218s] -- Using PYTHON_EXECUTABLE: /usr/bin/python3
[2.218s] -- Using PYTHON_INCLUDE_DIRS: /usr/include/python3.8
[2.218s] -- Using PYTHON_LIBRARIES: /usr/lib/x86_64-linux-gnu/libpython3.8.so
[2.260s] -- Found PythonExtra: .so  
[2.355s] -- Found ament_cmake_flake8: 0.9.8 (/opt/ros/foxy/share/ament_cmake_flake8/cmake)
[2.358s] -- Found ament_cmake_pep257: 0.9.8 (/opt/ros/foxy/share/ament_cmake_pep257/cmake)
[2.374s] -- Configuring done
[2.452s] -- Generating done
[2.455s] -- Build files have been written to: /home/shh/ssafy_gazeboy/ssafy_ws/build/turtlebot3_msgs
[2.466s] Invoked command in '/home/shh/ssafy_gazeboy/ssafy_ws/build/turtlebot3_msgs' returned '0': CMAKE_PREFIX_PATH=${CMAKE_PREFIX_PATH}:/home/shh/ssafy_gazeboy/ssafy_ws/install/turtlebot3_teleop:/home/shh/ssafy_gazeboy/ssafy_ws/install/turtlebot3_example:/home/shh/ssafy_gazeboy/ssafy_ws/install/250114:/opt/ros/foxy /usr/bin/cmake /home/shh/ssafy_gazeboy/ssafy_ws/src/turtlebot3_msgs -DAMENT_CMAKE_SYMLINK_INSTALL=1 -DCMAKE_INSTALL_PREFIX=/home/shh/ssafy_gazeboy/ssafy_ws/install/turtlebot3_msgs
[2.469s] Invoking command in '/home/shh/ssafy_gazeboy/ssafy_ws/build/turtlebot3_msgs': CMAKE_PREFIX_PATH=${CMAKE_PREFIX_PATH}:/home/shh/ssafy_gazeboy/ssafy_ws/install/turtlebot3_teleop:/home/shh/ssafy_gazeboy/ssafy_ws/install/turtlebot3_example:/home/shh/ssafy_gazeboy/ssafy_ws/install/250114:/opt/ros/foxy /usr/bin/cmake --build /home/shh/ssafy_gazeboy/ssafy_ws/build/turtlebot3_msgs -- -j16 -l16
[2.548s] [  1%] [34m[1mGenerating C code for ROS interfaces[0m
[2.549s] [35m[1mScanning dependencies of target turtlebot3_msgs__cpp[0m
[2.564s] [  2%] [34m[1mGenerating C++ code for ROS interfaces[0m
[3.292s] [  2%] Built target turtlebot3_msgs__cpp
[3.315s] [  4%] [34m[1mGenerating C++ type support dispatch for ROS interfaces[0m
[3.317s] [  5%] [34m[1mGenerating C++ type support for eProsima Fast-RTPS[0m
[3.319s] [  7%] [34m[1mGenerating C++ introspection for ROS interfaces[0m
[3.337s] [35m[1mScanning dependencies of target turtlebot3_msgs__rosidl_generator_c[0m
[3.358s] [  8%] [32mBuilding C object CMakeFiles/turtlebot3_msgs__rosidl_generator_c.dir/rosidl_generator_c/turtlebot3_msgs/srv/detail/sound__functions.c.o[0m
[3.358s] [ 11%] [32mBuilding C object CMakeFiles/turtlebot3_msgs__rosidl_generator_c.dir/rosidl_generator_c/turtlebot3_msgs/srv/detail/dqn__functions.c.o[0m
[3.358s] [ 11%] [32mBuilding C object CMakeFiles/turtlebot3_msgs__rosidl_generator_c.dir/rosidl_generator_c/turtlebot3_msgs/msg/detail/sensor_state__functions.c.o[0m
[3.360s] [ 12%] [32mBuilding C object CMakeFiles/turtlebot3_msgs__rosidl_generator_c.dir/rosidl_generator_c/turtlebot3_msgs/action/detail/patrol__functions.c.o[0m
[3.362s] [ 15%] [32mBuilding C object CMakeFiles/turtlebot3_msgs__rosidl_generator_c.dir/rosidl_generator_c/turtlebot3_msgs/msg/detail/sound__functions.c.o[0m
[3.362s] [ 15%] [32mBuilding C object CMakeFiles/turtlebot3_msgs__rosidl_generator_c.dir/rosidl_generator_c/turtlebot3_msgs/msg/detail/version_info__functions.c.o[0m
[3.508s] [ 16%] [32m[1mLinking C shared library libturtlebot3_msgs__rosidl_generator_c.so[0m
[3.570s] [ 16%] Built target turtlebot3_msgs__rosidl_generator_c
[3.582s] [ 18%] [34m[1mGenerating C introspection for ROS interfaces[0m
[3.590s] [ 19%] [34m[1mGenerating C type support dispatch for ROS interfaces[0m
[3.848s] [35m[1mScanning dependencies of target turtlebot3_msgs__rosidl_typesupport_cpp[0m
[3.867s] [ 21%] [32mBuilding CXX object CMakeFiles/turtlebot3_msgs__rosidl_typesupport_cpp.dir/rosidl_typesupport_cpp/turtlebot3_msgs/msg/sensor_state__type_support.cpp.o[0m
[3.869s] [ 26%] [32mBuilding CXX object CMakeFiles/turtlebot3_msgs__rosidl_typesupport_cpp.dir/rosidl_typesupport_cpp/turtlebot3_msgs/srv/dqn__type_support.cpp.o[0m
[3.869s] [ 26%] [32mBuilding CXX object CMakeFiles/turtlebot3_msgs__rosidl_typesupport_cpp.dir/rosidl_typesupport_cpp/turtlebot3_msgs/srv/sound__type_support.cpp.o[0m
[3.870s] [ 26%] [32mBuilding CXX object CMakeFiles/turtlebot3_msgs__rosidl_typesupport_cpp.dir/rosidl_typesupport_cpp/turtlebot3_msgs/msg/version_info__type_support.cpp.o[0m
[3.870s] [ 26%] [32mBuilding CXX object CMakeFiles/turtlebot3_msgs__rosidl_typesupport_cpp.dir/rosidl_typesupport_cpp/turtlebot3_msgs/msg/sound__type_support.cpp.o[0m
[3.870s] [ 28%] [32mBuilding CXX object CMakeFiles/turtlebot3_msgs__rosidl_typesupport_cpp.dir/rosidl_typesupport_cpp/turtlebot3_msgs/action/patrol__type_support.cpp.o[0m
[4.042s] [35m[1mScanning dependencies of target turtlebot3_msgs__rosidl_typesupport_fastrtps_cpp[0m
[4.074s] [35m[1mScanning dependencies of target turtlebot3_msgs__rosidl_typesupport_introspection_cpp[0m
[4.089s] [ 29%] [32mBuilding CXX object CMakeFiles/turtlebot3_msgs__rosidl_typesupport_fastrtps_cpp.dir/rosidl_typesupport_fastrtps_cpp/turtlebot3_msgs/msg/detail/dds_fastrtps/sensor_state__type_support.cpp.o[0m
[4.090s] [ 32%] [32mBuilding CXX object CMakeFiles/turtlebot3_msgs__rosidl_typesupport_fastrtps_cpp.dir/rosidl_typesupport_fastrtps_cpp/turtlebot3_msgs/srv/detail/dds_fastrtps/sound__type_support.cpp.o[0m
[4.090s] [ 32%] [32mBuilding CXX object CMakeFiles/turtlebot3_msgs__rosidl_typesupport_fastrtps_cpp.dir/rosidl_typesupport_fastrtps_cpp/turtlebot3_msgs/msg/detail/dds_fastrtps/sound__type_support.cpp.o[0m
[4.099s] [ 33%] [32mBuilding CXX object CMakeFiles/turtlebot3_msgs__rosidl_typesupport_fastrtps_cpp.dir/rosidl_typesupport_fastrtps_cpp/turtlebot3_msgs/msg/detail/dds_fastrtps/version_info__type_support.cpp.o[0m
[4.103s] [ 35%] [32mBuilding CXX object CMakeFiles/turtlebot3_msgs__rosidl_typesupport_fastrtps_cpp.dir/rosidl_typesupport_fastrtps_cpp/turtlebot3_msgs/srv/detail/dds_fastrtps/dqn__type_support.cpp.o[0m
[4.103s] [ 36%] [32mBuilding CXX object CMakeFiles/turtlebot3_msgs__rosidl_typesupport_fastrtps_cpp.dir/rosidl_typesupport_fastrtps_cpp/turtlebot3_msgs/action/detail/dds_fastrtps/patrol__type_support.cpp.o[0m
[4.105s] [ 38%] [32mBuilding CXX object CMakeFiles/turtlebot3_msgs__rosidl_typesupport_introspection_cpp.dir/rosidl_typesupport_introspection_cpp/turtlebot3_msgs/msg/detail/sensor_state__type_support.cpp.o[0m
[4.106s] [ 39%] [32mBuilding CXX object CMakeFiles/turtlebot3_msgs__rosidl_typesupport_introspection_cpp.dir/rosidl_typesupport_introspection_cpp/turtlebot3_msgs/msg/detail/sound__type_support.cpp.o[0m
[4.241s] [ 40%] [32mBuilding CXX object CMakeFiles/turtlebot3_msgs__rosidl_typesupport_introspection_cpp.dir/rosidl_typesupport_introspection_cpp/turtlebot3_msgs/srv/detail/sound__type_support.cpp.o[0m
[4.249s] [ 42%] [32mBuilding CXX object CMakeFiles/turtlebot3_msgs__rosidl_typesupport_introspection_cpp.dir/rosidl_typesupport_introspection_cpp/turtlebot3_msgs/msg/detail/version_info__type_support.cpp.o[0m
[4.258s] [ 43%] [32mBuilding CXX object CMakeFiles/turtlebot3_msgs__rosidl_typesupport_introspection_cpp.dir/rosidl_typesupport_introspection_cpp/turtlebot3_msgs/srv/detail/dqn__type_support.cpp.o[0m
[4.288s] [ 45%] [32mBuilding CXX object CMakeFiles/turtlebot3_msgs__rosidl_typesupport_introspection_cpp.dir/rosidl_typesupport_introspection_cpp/turtlebot3_msgs/action/detail/patrol__type_support.cpp.o[0m
[4.291s] [ 46%] [32m[1mLinking CXX shared library libturtlebot3_msgs__rosidl_typesupport_cpp.so[0m
[4.334s] [35m[1mScanning dependencies of target turtlebot3_msgs__rosidl_typesupport_c[0m
[4.363s] [ 49%] [32mBuilding CXX object CMakeFiles/turtlebot3_msgs__rosidl_typesupport_c.dir/rosidl_typesupport_c/turtlebot3_msgs/msg/sound__type_support.cpp.o[0m
[4.363s] [ 49%] [32mBuilding CXX object CMakeFiles/turtlebot3_msgs__rosidl_typesupport_c.dir/rosidl_typesupport_c/turtlebot3_msgs/msg/sensor_state__type_support.cpp.o[0m
[4.379s] [ 49%] Built target turtlebot3_msgs__rosidl_typesupport_cpp
[4.433s] [ 50%] [32mBuilding CXX object CMakeFiles/turtlebot3_msgs__rosidl_typesupport_c.dir/rosidl_typesupport_c/turtlebot3_msgs/srv/sound__type_support.cpp.o[0m
[4.439s] [ 52%] [32mBuilding CXX object CMakeFiles/turtlebot3_msgs__rosidl_typesupport_c.dir/rosidl_typesupport_c/turtlebot3_msgs/msg/version_info__type_support.cpp.o[0m
[4.453s] [ 53%] [32mBuilding CXX object CMakeFiles/turtlebot3_msgs__rosidl_typesupport_c.dir/rosidl_typesupport_c/turtlebot3_msgs/srv/dqn__type_support.cpp.o[0m
[4.509s] [ 54%] [32mBuilding CXX object CMakeFiles/turtlebot3_msgs__rosidl_typesupport_c.dir/rosidl_typesupport_c/turtlebot3_msgs/action/patrol__type_support.cpp.o[0m
[4.554s] [35m[1mScanning dependencies of target turtlebot3_msgs__rosidl_typesupport_introspection_c[0m
[4.588s] [ 56%] [32m[1mLinking CXX shared library libturtlebot3_msgs__rosidl_typesupport_c.so[0m
[4.591s] [ 57%] [32mBuilding C object CMakeFiles/turtlebot3_msgs__rosidl_typesupport_introspection_c.dir/rosidl_typesupport_introspection_c/turtlebot3_msgs/msg/detail/sensor_state__type_support.c.o[0m
[4.610s] [ 59%] [32mBuilding C object CMakeFiles/turtlebot3_msgs__rosidl_typesupport_introspection_c.dir/rosidl_typesupport_introspection_c/turtlebot3_msgs/msg/detail/sound__type_support.c.o[0m
[4.616s] [ 60%] [32mBuilding C object CMakeFiles/turtlebot3_msgs__rosidl_typesupport_introspection_c.dir/rosidl_typesupport_introspection_c/turtlebot3_msgs/msg/detail/version_info__type_support.c.o[0m
[4.622s] [ 61%] [32mBuilding C object CMakeFiles/turtlebot3_msgs__rosidl_typesupport_introspection_c.dir/rosidl_typesupport_introspection_c/turtlebot3_msgs/srv/detail/sound__type_support.c.o[0m
[4.638s] [ 63%] [32mBuilding C object CMakeFiles/turtlebot3_msgs__rosidl_typesupport_introspection_c.dir/rosidl_typesupport_introspection_c/turtlebot3_msgs/srv/detail/dqn__type_support.c.o[0m
[4.654s] [ 64%] [32mBuilding C object CMakeFiles/turtlebot3_msgs__rosidl_typesupport_introspection_c.dir/rosidl_typesupport_introspection_c/turtlebot3_msgs/action/detail/patrol__type_support.c.o[0m
[4.671s] [ 64%] Built target turtlebot3_msgs__rosidl_typesupport_c
[4.727s] [ 66%] [32m[1mLinking C shared library libturtlebot3_msgs__rosidl_typesupport_introspection_c.so[0m
[4.747s] [ 67%] [32m[1mLinking CXX shared library libturtlebot3_msgs__rosidl_typesupport_introspection_cpp.so[0m
[4.771s] [ 67%] Built target turtlebot3_msgs__rosidl_typesupport_introspection_c
[4.820s] [ 69%] [32m[1mLinking CXX shared library libturtlebot3_msgs__rosidl_typesupport_fastrtps_cpp.so[0m
[4.854s] [ 69%] Built target turtlebot3_msgs__rosidl_typesupport_introspection_cpp
[4.942s] [ 69%] Built target turtlebot3_msgs__rosidl_typesupport_fastrtps_cpp
[4.963s] [ 70%] [34m[1mGenerating C type support for eProsima Fast-RTPS[0m
[5.604s] [35m[1mScanning dependencies of target turtlebot3_msgs__rosidl_typesupport_fastrtps_c[0m
[5.641s] [ 71%] [32mBuilding CXX object CMakeFiles/turtlebot3_msgs__rosidl_typesupport_fastrtps_c.dir/rosidl_typesupport_fastrtps_c/turtlebot3_msgs/action/detail/patrol__type_support_c.cpp.o[0m
[5.642s] [ 73%] [32mBuilding CXX object CMakeFiles/turtlebot3_msgs__rosidl_typesupport_fastrtps_c.dir/rosidl_typesupport_fastrtps_c/turtlebot3_msgs/srv/detail/dqn__type_support_c.cpp.o[0m
[5.645s] [ 74%] [32mBuilding CXX object CMakeFiles/turtlebot3_msgs__rosidl_typesupport_fastrtps_c.dir/rosidl_typesupport_fastrtps_c/turtlebot3_msgs/msg/detail/sensor_state__type_support_c.cpp.o[0m
[5.646s] [ 76%] [32mBuilding CXX object CMakeFiles/turtlebot3_msgs__rosidl_typesupport_fastrtps_c.dir/rosidl_typesupport_fastrtps_c/turtlebot3_msgs/srv/detail/sound__type_support_c.cpp.o[0m
[5.647s] [ 78%] [32mBuilding CXX object CMakeFiles/turtlebot3_msgs__rosidl_typesupport_fastrtps_c.dir/rosidl_typesupport_fastrtps_c/turtlebot3_msgs/msg/detail/sound__type_support_c.cpp.o[0m
[5.647s] [ 78%] [32mBuilding CXX object CMakeFiles/turtlebot3_msgs__rosidl_typesupport_fastrtps_c.dir/rosidl_typesupport_fastrtps_c/turtlebot3_msgs/msg/detail/version_info__type_support_c.cpp.o[0m
[6.044s] [ 80%] [32m[1mLinking CXX shared library libturtlebot3_msgs__rosidl_typesupport_fastrtps_c.so[0m
[6.167s] [ 80%] Built target turtlebot3_msgs__rosidl_typesupport_fastrtps_c
[6.180s] [35m[1mScanning dependencies of target turtlebot3_msgs[0m
[6.198s] [ 80%] Built target turtlebot3_msgs
[6.220s] [35m[1mScanning dependencies of target turtlebot3_msgs__py[0m
[6.240s] [ 81%] [34m[1mGenerating Python code for ROS interfaces[0m
[7.730s] [ 81%] Built target turtlebot3_msgs__py
[7.747s] [35m[1mScanning dependencies of target turtlebot3_msgs__python[0m
[7.785s] [ 84%] [32mBuilding C object CMakeFiles/turtlebot3_msgs__python.dir/rosidl_generator_py/turtlebot3_msgs/msg/_version_info_s.c.o[0m
[7.785s] [ 84%] [32mBuilding C object CMakeFiles/turtlebot3_msgs__python.dir/rosidl_generator_py/turtlebot3_msgs/msg/_sound_s.c.o[0m
[7.785s] [ 85%] [32mBuilding C object CMakeFiles/turtlebot3_msgs__python.dir/rosidl_generator_py/turtlebot3_msgs/srv/_sound_s.c.o[0m
[7.786s] [ 88%] [32mBuilding C object CMakeFiles/turtlebot3_msgs__python.dir/rosidl_generator_py/turtlebot3_msgs/srv/_dqn_s.c.o[0m
[7.786s] [ 88%] [32mBuilding C object CMakeFiles/turtlebot3_msgs__python.dir/rosidl_generator_py/turtlebot3_msgs/action/_patrol_s.c.o[0m
[7.786s] [ 90%] [32mBuilding C object CMakeFiles/turtlebot3_msgs__python.dir/rosidl_generator_py/turtlebot3_msgs/msg/_sensor_state_s.c.o[0m
[7.953s] [ 91%] [32m[1mLinking C shared library rosidl_generator_py/turtlebot3_msgs/libturtlebot3_msgs__python.so[0m
[8.016s] [ 91%] Built target turtlebot3_msgs__python
[8.032s] [35m[1mScanning dependencies of target turtlebot3_msgs__rosidl_typesupport_c__pyext[0m
[8.033s] [35m[1mScanning dependencies of target turtlebot3_msgs__rosidl_typesupport_fastrtps_c__pyext[0m
[8.034s] [35m[1mScanning dependencies of target turtlebot3_msgs__rosidl_typesupport_introspection_c__pyext[0m
[8.056s] [ 92%] [32mBuilding C object CMakeFiles/turtlebot3_msgs__rosidl_typesupport_introspection_c__pyext.dir/rosidl_generator_py/turtlebot3_msgs/_turtlebot3_msgs_s.ep.rosidl_typesupport_introspection_c.c.o[0m
[8.060s] [ 94%] [32mBuilding C object CMakeFiles/turtlebot3_msgs__rosidl_typesupport_c__pyext.dir/rosidl_generator_py/turtlebot3_msgs/_turtlebot3_msgs_s.ep.rosidl_typesupport_c.c.o[0m
[8.062s] [ 95%] [32mBuilding C object CMakeFiles/turtlebot3_msgs__rosidl_typesupport_fastrtps_c__pyext.dir/rosidl_generator_py/turtlebot3_msgs/_turtlebot3_msgs_s.ep.rosidl_typesupport_fastrtps_c.c.o[0m
[8.188s] [ 97%] [32m[1mLinking C shared library rosidl_generator_py/turtlebot3_msgs/turtlebot3_msgs_s__rosidl_typesupport_introspection_c.cpython-38-x86_64-linux-gnu.so[0m
[8.209s] [ 98%] [32m[1mLinking CXX shared library rosidl_generator_py/turtlebot3_msgs/turtlebot3_msgs_s__rosidl_typesupport_fastrtps_c.cpython-38-x86_64-linux-gnu.so[0m
[8.227s] [100%] [32m[1mLinking C shared library rosidl_generator_py/turtlebot3_msgs/turtlebot3_msgs_s__rosidl_typesupport_c.cpython-38-x86_64-linux-gnu.so[0m
[8.233s] [100%] Built target turtlebot3_msgs__rosidl_typesupport_introspection_c__pyext
[8.289s] [100%] Built target turtlebot3_msgs__rosidl_typesupport_c__pyext
[8.292s] [100%] Built target turtlebot3_msgs__rosidl_typesupport_fastrtps_c__pyext
[8.312s] Invoked command in '/home/shh/ssafy_gazeboy/ssafy_ws/build/turtlebot3_msgs' returned '0': CMAKE_PREFIX_PATH=${CMAKE_PREFIX_PATH}:/home/shh/ssafy_gazeboy/ssafy_ws/install/turtlebot3_teleop:/home/shh/ssafy_gazeboy/ssafy_ws/install/turtlebot3_example:/home/shh/ssafy_gazeboy/ssafy_ws/install/250114:/opt/ros/foxy /usr/bin/cmake --build /home/shh/ssafy_gazeboy/ssafy_ws/build/turtlebot3_msgs -- -j16 -l16
[8.523s] Invoking command in '/home/shh/ssafy_gazeboy/ssafy_ws/build/turtlebot3_msgs': CMAKE_PREFIX_PATH=${CMAKE_PREFIX_PATH}:/home/shh/ssafy_gazeboy/ssafy_ws/install/turtlebot3_teleop:/home/shh/ssafy_gazeboy/ssafy_ws/install/turtlebot3_example:/home/shh/ssafy_gazeboy/ssafy_ws/install/250114:/opt/ros/foxy /usr/bin/cmake --install /home/shh/ssafy_gazeboy/ssafy_ws/build/turtlebot3_msgs
[8.535s] -- Install configuration: ""
[8.536s] -- Execute custom install script
[8.536s] -- Symlinking: /home/shh/ssafy_gazeboy/ssafy_ws/install/turtlebot3_msgs/share/ament_index/resource_index/rosidl_interfaces/turtlebot3_msgs
[8.553s] -- Symlinking: /home/shh/ssafy_gazeboy/ssafy_ws/install/turtlebot3_msgs/include/turtlebot3_msgs/action/detail/patrol__functions.h
[8.571s] -- Symlinking: /home/shh/ssafy_gazeboy/ssafy_ws/install/turtlebot3_msgs/include/turtlebot3_msgs/action/detail/patrol__struct.h
[8.581s] -- Symlinking: /home/shh/ssafy_gazeboy/ssafy_ws/install/turtlebot3_msgs/include/turtlebot3_msgs/action/detail/patrol__type_support.h
[8.592s] -- Symlinking: /home/shh/ssafy_gazeboy/ssafy_ws/install/turtlebot3_msgs/include/turtlebot3_msgs/action/patrol.h
[8.602s] -- Symlinking: /home/shh/ssafy_gazeboy/ssafy_ws/install/turtlebot3_msgs/include/turtlebot3_msgs/msg/detail/sensor_state__functions.h
[8.613s] -- Symlinking: /home/shh/ssafy_gazeboy/ssafy_ws/install/turtlebot3_msgs/include/turtlebot3_msgs/msg/detail/sensor_state__struct.h
[8.630s] -- Symlinking: /home/shh/ssafy_gazeboy/ssafy_ws/install/turtlebot3_msgs/include/turtlebot3_msgs/msg/detail/sensor_state__type_support.h
[8.640s] -- Symlinking: /home/shh/ssafy_gazeboy/ssafy_ws/install/turtlebot3_msgs/include/turtlebot3_msgs/msg/detail/sound__functions.h
[8.656s] -- Symlinking: /home/shh/ssafy_gazeboy/ssafy_ws/install/turtlebot3_msgs/include/turtlebot3_msgs/msg/detail/sound__struct.h
[8.675s] -- Symlinking: /home/shh/ssafy_gazeboy/ssafy_ws/install/turtlebot3_msgs/include/turtlebot3_msgs/msg/detail/sound__type_support.h
[8.692s] -- Symlinking: /home/shh/ssafy_gazeboy/ssafy_ws/install/turtlebot3_msgs/include/turtlebot3_msgs/msg/detail/version_info__functions.h
[8.702s] -- Symlinking: /home/shh/ssafy_gazeboy/ssafy_ws/install/turtlebot3_msgs/include/turtlebot3_msgs/msg/detail/version_info__struct.h
[8.715s] -- Symlinking: /home/shh/ssafy_gazeboy/ssafy_ws/install/turtlebot3_msgs/include/turtlebot3_msgs/msg/detail/version_info__type_support.h
[8.731s] -- Symlinking: /home/shh/ssafy_gazeboy/ssafy_ws/install/turtlebot3_msgs/include/turtlebot3_msgs/msg/rosidl_generator_c__visibility_control.h
[8.752s] -- Symlinking: /home/shh/ssafy_gazeboy/ssafy_ws/install/turtlebot3_msgs/include/turtlebot3_msgs/msg/sensor_state.h
[8.763s] -- Symlinking: /home/shh/ssafy_gazeboy/ssafy_ws/install/turtlebot3_msgs/include/turtlebot3_msgs/msg/sound.h
[8.773s] -- Symlinking: /home/shh/ssafy_gazeboy/ssafy_ws/install/turtlebot3_msgs/include/turtlebot3_msgs/msg/version_info.h
[8.783s] -- Symlinking: /home/shh/ssafy_gazeboy/ssafy_ws/install/turtlebot3_msgs/include/turtlebot3_msgs/srv/detail/dqn__functions.h
[8.793s] -- Symlinking: /home/shh/ssafy_gazeboy/ssafy_ws/install/turtlebot3_msgs/include/turtlebot3_msgs/srv/detail/dqn__struct.h
[8.803s] -- Symlinking: /home/shh/ssafy_gazeboy/ssafy_ws/install/turtlebot3_msgs/include/turtlebot3_msgs/srv/detail/dqn__type_support.h
[8.813s] -- Symlinking: /home/shh/ssafy_gazeboy/ssafy_ws/install/turtlebot3_msgs/include/turtlebot3_msgs/srv/detail/sound__functions.h
[8.822s] -- Symlinking: /home/shh/ssafy_gazeboy/ssafy_ws/install/turtlebot3_msgs/include/turtlebot3_msgs/srv/detail/sound__struct.h
[8.834s] -- Symlinking: /home/shh/ssafy_gazeboy/ssafy_ws/install/turtlebot3_msgs/include/turtlebot3_msgs/srv/detail/sound__type_support.h
[8.843s] -- Symlinking: /home/shh/ssafy_gazeboy/ssafy_ws/install/turtlebot3_msgs/include/turtlebot3_msgs/srv/dqn.h
[8.854s] -- Symlinking: /home/shh/ssafy_gazeboy/ssafy_ws/install/turtlebot3_msgs/include/turtlebot3_msgs/srv/sound.h
[8.868s] -- Symlinking: /home/shh/ssafy_gazeboy/ssafy_ws/install/turtlebot3_msgs/share/turtlebot3_msgs/environment/library_path.sh
[8.881s] -- Symlinking: /home/shh/ssafy_gazeboy/ssafy_ws/install/turtlebot3_msgs/share/turtlebot3_msgs/environment/library_path.dsv
[8.893s] -- Symlinking: /home/shh/ssafy_gazeboy/ssafy_ws/install/turtlebot3_msgs/include/turtlebot3_msgs/action/detail/patrol__rosidl_typesupport_fastrtps_c.h
[8.904s] -- Symlinking: /home/shh/ssafy_gazeboy/ssafy_ws/install/turtlebot3_msgs/include/turtlebot3_msgs/msg/detail/sensor_state__rosidl_typesupport_fastrtps_c.h
[8.913s] -- Symlinking: /home/shh/ssafy_gazeboy/ssafy_ws/install/turtlebot3_msgs/include/turtlebot3_msgs/msg/detail/sound__rosidl_typesupport_fastrtps_c.h
[8.928s] -- Symlinking: /home/shh/ssafy_gazeboy/ssafy_ws/install/turtlebot3_msgs/include/turtlebot3_msgs/msg/detail/version_info__rosidl_typesupport_fastrtps_c.h
[8.948s] -- Symlinking: /home/shh/ssafy_gazeboy/ssafy_ws/install/turtlebot3_msgs/include/turtlebot3_msgs/msg/rosidl_typesupport_fastrtps_c__visibility_control.h
[8.958s] -- Symlinking: /home/shh/ssafy_gazeboy/ssafy_ws/install/turtlebot3_msgs/include/turtlebot3_msgs/srv/detail/dqn__rosidl_typesupport_fastrtps_c.h
[8.972s] -- Symlinking: /home/shh/ssafy_gazeboy/ssafy_ws/install/turtlebot3_msgs/include/turtlebot3_msgs/srv/detail/sound__rosidl_typesupport_fastrtps_c.h
[8.992s] -- Symlinking: /home/shh/ssafy_gazeboy/ssafy_ws/install/turtlebot3_msgs/lib/libturtlebot3_msgs__rosidl_typesupport_fastrtps_c.so
[9.009s] -- Symlinking: /home/shh/ssafy_gazeboy/ssafy_ws/install/turtlebot3_msgs/include/turtlebot3_msgs/action/detail/patrol__rosidl_typesupport_fastrtps_cpp.hpp
[9.024s] -- Symlinking: /home/shh/ssafy_gazeboy/ssafy_ws/install/turtlebot3_msgs/include/turtlebot3_msgs/msg/detail/sensor_state__rosidl_typesupport_fastrtps_cpp.hpp
[9.041s] -- Symlinking: /home/shh/ssafy_gazeboy/ssafy_ws/install/turtlebot3_msgs/include/turtlebot3_msgs/msg/detail/sound__rosidl_typesupport_fastrtps_cpp.hpp
[9.055s] -- Symlinking: /home/shh/ssafy_gazeboy/ssafy_ws/install/turtlebot3_msgs/include/turtlebot3_msgs/msg/detail/version_info__rosidl_typesupport_fastrtps_cpp.hpp
[9.065s] -- Symlinking: /home/shh/ssafy_gazeboy/ssafy_ws/install/turtlebot3_msgs/include/turtlebot3_msgs/msg/rosidl_typesupport_fastrtps_cpp__visibility_control.h
[9.075s] -- Symlinking: /home/shh/ssafy_gazeboy/ssafy_ws/install/turtlebot3_msgs/include/turtlebot3_msgs/srv/detail/dqn__rosidl_typesupport_fastrtps_cpp.hpp
[9.085s] -- Symlinking: /home/shh/ssafy_gazeboy/ssafy_ws/install/turtlebot3_msgs/include/turtlebot3_msgs/srv/detail/sound__rosidl_typesupport_fastrtps_cpp.hpp
[9.100s] -- Symlinking: /home/shh/ssafy_gazeboy/ssafy_ws/install/turtlebot3_msgs/lib/libturtlebot3_msgs__rosidl_typesupport_fastrtps_cpp.so
[9.117s] -- Symlinking: /home/shh/ssafy_gazeboy/ssafy_ws/install/turtlebot3_msgs/include/turtlebot3_msgs/action/detail/patrol__rosidl_typesupport_introspection_c.h
[9.136s] -- Symlinking: /home/shh/ssafy_gazeboy/ssafy_ws/install/turtlebot3_msgs/include/turtlebot3_msgs/msg/detail/sensor_state__rosidl_typesupport_introspection_c.h
[9.147s] -- Symlinking: /home/shh/ssafy_gazeboy/ssafy_ws/install/turtlebot3_msgs/include/turtlebot3_msgs/msg/detail/sound__rosidl_typesupport_introspection_c.h
[9.163s] -- Symlinking: /home/shh/ssafy_gazeboy/ssafy_ws/install/turtlebot3_msgs/include/turtlebot3_msgs/msg/detail/version_info__rosidl_typesupport_introspection_c.h
[9.174s] -- Symlinking: /home/shh/ssafy_gazeboy/ssafy_ws/install/turtlebot3_msgs/include/turtlebot3_msgs/msg/rosidl_typesupport_introspection_c__visibility_control.h
[9.191s] -- Symlinking: /home/shh/ssafy_gazeboy/ssafy_ws/install/turtlebot3_msgs/include/turtlebot3_msgs/srv/detail/dqn__rosidl_typesupport_introspection_c.h
[9.207s] -- Symlinking: /home/shh/ssafy_gazeboy/ssafy_ws/install/turtlebot3_msgs/include/turtlebot3_msgs/srv/detail/sound__rosidl_typesupport_introspection_c.h
[9.225s] -- Symlinking: /home/shh/ssafy_gazeboy/ssafy_ws/install/turtlebot3_msgs/include/turtlebot3_msgs/action/detail/patrol__builder.hpp
[9.235s] -- Symlinking: /home/shh/ssafy_gazeboy/ssafy_ws/install/turtlebot3_msgs/include/turtlebot3_msgs/action/detail/patrol__struct.hpp
[9.246s] -- Symlinking: /home/shh/ssafy_gazeboy/ssafy_ws/install/turtlebot3_msgs/include/turtlebot3_msgs/action/detail/patrol__traits.hpp
[9.257s] -- Symlinking: /home/shh/ssafy_gazeboy/ssafy_ws/install/turtlebot3_msgs/include/turtlebot3_msgs/action/detail/patrol__type_support.hpp
[9.267s] -- Symlinking: /home/shh/ssafy_gazeboy/ssafy_ws/install/turtlebot3_msgs/include/turtlebot3_msgs/action/patrol.hpp
[9.285s] -- Symlinking: /home/shh/ssafy_gazeboy/ssafy_ws/install/turtlebot3_msgs/include/turtlebot3_msgs/msg/detail/sensor_state__builder.hpp
[9.296s] -- Symlinking: /home/shh/ssafy_gazeboy/ssafy_ws/install/turtlebot3_msgs/include/turtlebot3_msgs/msg/detail/sensor_state__struct.hpp
[9.312s] -- Symlinking: /home/shh/ssafy_gazeboy/ssafy_ws/install/turtlebot3_msgs/include/turtlebot3_msgs/msg/detail/sensor_state__traits.hpp
[9.327s] -- Symlinking: /home/shh/ssafy_gazeboy/ssafy_ws/install/turtlebot3_msgs/include/turtlebot3_msgs/msg/detail/sensor_state__type_support.hpp
[9.343s] -- Symlinking: /home/shh/ssafy_gazeboy/ssafy_ws/install/turtlebot3_msgs/include/turtlebot3_msgs/msg/detail/sound__builder.hpp
[9.359s] -- Symlinking: /home/shh/ssafy_gazeboy/ssafy_ws/install/turtlebot3_msgs/include/turtlebot3_msgs/msg/detail/sound__struct.hpp
[9.375s] -- Symlinking: /home/shh/ssafy_gazeboy/ssafy_ws/install/turtlebot3_msgs/include/turtlebot3_msgs/msg/detail/sound__traits.hpp
[9.391s] -- Symlinking: /home/shh/ssafy_gazeboy/ssafy_ws/install/turtlebot3_msgs/include/turtlebot3_msgs/msg/detail/sound__type_support.hpp
[9.407s] -- Symlinking: /home/shh/ssafy_gazeboy/ssafy_ws/install/turtlebot3_msgs/include/turtlebot3_msgs/msg/detail/version_info__builder.hpp
[9.418s] -- Symlinking: /home/shh/ssafy_gazeboy/ssafy_ws/install/turtlebot3_msgs/include/turtlebot3_msgs/msg/detail/version_info__struct.hpp
[9.429s] -- Symlinking: /home/shh/ssafy_gazeboy/ssafy_ws/install/turtlebot3_msgs/include/turtlebot3_msgs/msg/detail/version_info__traits.hpp
[9.439s] -- Symlinking: /home/shh/ssafy_gazeboy/ssafy_ws/install/turtlebot3_msgs/include/turtlebot3_msgs/msg/detail/version_info__type_support.hpp
[9.458s] -- Symlinking: /home/shh/ssafy_gazeboy/ssafy_ws/install/turtlebot3_msgs/include/turtlebot3_msgs/msg/rosidl_generator_cpp__visibility_control.hpp
[9.472s] -- Symlinking: /home/shh/ssafy_gazeboy/ssafy_ws/install/turtlebot3_msgs/include/turtlebot3_msgs/msg/sensor_state.hpp
[9.486s] -- Symlinking: /home/shh/ssafy_gazeboy/ssafy_ws/install/turtlebot3_msgs/include/turtlebot3_msgs/msg/sound.hpp
[9.507s] -- Symlinking: /home/shh/ssafy_gazeboy/ssafy_ws/install/turtlebot3_msgs/include/turtlebot3_msgs/msg/version_info.hpp
[9.523s] -- Symlinking: /home/shh/ssafy_gazeboy/ssafy_ws/install/turtlebot3_msgs/include/turtlebot3_msgs/srv/detail/dqn__builder.hpp
[9.537s] -- Symlinking: /home/shh/ssafy_gazeboy/ssafy_ws/install/turtlebot3_msgs/include/turtlebot3_msgs/srv/detail/dqn__struct.hpp
[9.553s] -- Symlinking: /home/shh/ssafy_gazeboy/ssafy_ws/install/turtlebot3_msgs/include/turtlebot3_msgs/srv/detail/dqn__traits.hpp
[9.570s] -- Symlinking: /home/shh/ssafy_gazeboy/ssafy_ws/install/turtlebot3_msgs/include/turtlebot3_msgs/srv/detail/dqn__type_support.hpp
[9.585s] -- Symlinking: /home/shh/ssafy_gazeboy/ssafy_ws/install/turtlebot3_msgs/include/turtlebot3_msgs/srv/detail/sound__builder.hpp
[9.599s] -- Symlinking: /home/shh/ssafy_gazeboy/ssafy_ws/install/turtlebot3_msgs/include/turtlebot3_msgs/srv/detail/sound__struct.hpp
[9.610s] -- Symlinking: /home/shh/ssafy_gazeboy/ssafy_ws/install/turtlebot3_msgs/include/turtlebot3_msgs/srv/detail/sound__traits.hpp
[9.621s] -- Symlinking: /home/shh/ssafy_gazeboy/ssafy_ws/install/turtlebot3_msgs/include/turtlebot3_msgs/srv/detail/sound__type_support.hpp
[9.631s] -- Symlinking: /home/shh/ssafy_gazeboy/ssafy_ws/install/turtlebot3_msgs/include/turtlebot3_msgs/srv/dqn.hpp
[9.647s] -- Symlinking: /home/shh/ssafy_gazeboy/ssafy_ws/install/turtlebot3_msgs/include/turtlebot3_msgs/srv/sound.hpp
[9.658s] -- Symlinking: /home/shh/ssafy_gazeboy/ssafy_ws/install/turtlebot3_msgs/include/turtlebot3_msgs/action/detail/patrol__rosidl_typesupport_introspection_cpp.hpp
[9.675s] -- Symlinking: /home/shh/ssafy_gazeboy/ssafy_ws/install/turtlebot3_msgs/include/turtlebot3_msgs/msg/detail/sensor_state__rosidl_typesupport_introspection_cpp.hpp
[9.685s] -- Symlinking: /home/shh/ssafy_gazeboy/ssafy_ws/install/turtlebot3_msgs/include/turtlebot3_msgs/msg/detail/sound__rosidl_typesupport_introspection_cpp.hpp
[9.700s] -- Symlinking: /home/shh/ssafy_gazeboy/ssafy_ws/install/turtlebot3_msgs/include/turtlebot3_msgs/msg/detail/version_info__rosidl_typesupport_introspection_cpp.hpp
[9.715s] -- Symlinking: /home/shh/ssafy_gazeboy/ssafy_ws/install/turtlebot3_msgs/include/turtlebot3_msgs/srv/detail/dqn__rosidl_typesupport_introspection_cpp.hpp
[9.731s] -- Symlinking: /home/shh/ssafy_gazeboy/ssafy_ws/install/turtlebot3_msgs/include/turtlebot3_msgs/srv/detail/sound__rosidl_typesupport_introspection_cpp.hpp
[9.750s] -- Symlinking: /home/shh/ssafy_gazeboy/ssafy_ws/install/turtlebot3_msgs/share/turtlebot3_msgs/environment/pythonpath.sh
[9.761s] -- Symlinking: /home/shh/ssafy_gazeboy/ssafy_ws/install/turtlebot3_msgs/share/turtlebot3_msgs/environment/pythonpath.dsv
[9.772s] -- Symlinking: /home/shh/ssafy_gazeboy/ssafy_ws/install/turtlebot3_msgs/lib/python3.8/site-packages/turtlebot3_msgs/__init__.py
[9.783s] -- Symlinking: /home/shh/ssafy_gazeboy/ssafy_ws/install/turtlebot3_msgs/lib/python3.8/site-packages/turtlebot3_msgs/msg/__init__.py
[9.794s] -- Symlinking: /home/shh/ssafy_gazeboy/ssafy_ws/install/turtlebot3_msgs/lib/python3.8/site-packages/turtlebot3_msgs/msg/_sensor_state.py
[9.804s] -- Symlinking: /home/shh/ssafy_gazeboy/ssafy_ws/install/turtlebot3_msgs/lib/python3.8/site-packages/turtlebot3_msgs/msg/_sound.py
[9.815s] -- Symlinking: /home/shh/ssafy_gazeboy/ssafy_ws/install/turtlebot3_msgs/lib/python3.8/site-packages/turtlebot3_msgs/msg/_version_info.py
[9.826s] -- Symlinking: /home/shh/ssafy_gazeboy/ssafy_ws/install/turtlebot3_msgs/lib/python3.8/site-packages/turtlebot3_msgs/srv/__init__.py
[9.836s] -- Symlinking: /home/shh/ssafy_gazeboy/ssafy_ws/install/turtlebot3_msgs/lib/python3.8/site-packages/turtlebot3_msgs/srv/_dqn.py
[9.847s] -- Symlinking: /home/shh/ssafy_gazeboy/ssafy_ws/install/turtlebot3_msgs/lib/python3.8/site-packages/turtlebot3_msgs/srv/_sound.py
[9.858s] -- Symlinking: /home/shh/ssafy_gazeboy/ssafy_ws/install/turtlebot3_msgs/lib/python3.8/site-packages/turtlebot3_msgs/action/__init__.py
[9.873s] -- Symlinking: /home/shh/ssafy_gazeboy/ssafy_ws/install/turtlebot3_msgs/lib/python3.8/site-packages/turtlebot3_msgs/action/_patrol.py
[9.884s] -- Symlinking: /home/shh/ssafy_gazeboy/ssafy_ws/install/turtlebot3_msgs/lib/python3.8/site-packages/turtlebot3_msgs/turtlebot3_msgs_s__rosidl_typesupport_fastrtps_c.cpython-38-x86_64-linux-gnu.so
[9.899s] -- Symlinking: /home/shh/ssafy_gazeboy/ssafy_ws/install/turtlebot3_msgs/lib/python3.8/site-packages/turtlebot3_msgs/turtlebot3_msgs_s__rosidl_typesupport_introspection_c.cpython-38-x86_64-linux-gnu.so
[9.915s] -- Symlinking: /home/shh/ssafy_gazeboy/ssafy_ws/install/turtlebot3_msgs/lib/python3.8/site-packages/turtlebot3_msgs/turtlebot3_msgs_s__rosidl_typesupport_c.cpython-38-x86_64-linux-gnu.so
[9.935s] -- Symlinking: /home/shh/ssafy_gazeboy/ssafy_ws/install/turtlebot3_msgs/lib/libturtlebot3_msgs__python.so
[9.945s] -- Symlinking: /home/shh/ssafy_gazeboy/ssafy_ws/install/turtlebot3_msgs/share/turtlebot3_msgs/msg/SensorState.idl
[9.960s] -- Symlinking: /home/shh/ssafy_gazeboy/ssafy_ws/install/turtlebot3_msgs/share/turtlebot3_msgs/msg/Sound.idl
[9.976s] -- Symlinking: /home/shh/ssafy_gazeboy/ssafy_ws/install/turtlebot3_msgs/share/turtlebot3_msgs/msg/VersionInfo.idl
[9.987s] -- Symlinking: /home/shh/ssafy_gazeboy/ssafy_ws/install/turtlebot3_msgs/share/turtlebot3_msgs/srv/Sound.idl
[9.997s] -- Symlinking: /home/shh/ssafy_gazeboy/ssafy_ws/install/turtlebot3_msgs/share/turtlebot3_msgs/srv/Dqn.idl
[10.008s] -- Symlinking: /home/shh/ssafy_gazeboy/ssafy_ws/install/turtlebot3_msgs/share/turtlebot3_msgs/action/Patrol.idl
[10.024s] -- Symlinking: /home/shh/ssafy_gazeboy/ssafy_ws/install/turtlebot3_msgs/share/turtlebot3_msgs/msg/SensorState.msg
[10.035s] -- Symlinking: /home/shh/ssafy_gazeboy/ssafy_ws/install/turtlebot3_msgs/share/turtlebot3_msgs/msg/Sound.msg
[10.054s] -- Symlinking: /home/shh/ssafy_gazeboy/ssafy_ws/install/turtlebot3_msgs/share/turtlebot3_msgs/msg/VersionInfo.msg
[10.064s] -- Symlinking: /home/shh/ssafy_gazeboy/ssafy_ws/install/turtlebot3_msgs/share/turtlebot3_msgs/srv/Sound.srv
[10.082s] -- Symlinking: /home/shh/ssafy_gazeboy/ssafy_ws/install/turtlebot3_msgs/share/turtlebot3_msgs/srv/Sound_Request.msg
[10.094s] -- Symlinking: /home/shh/ssafy_gazeboy/ssafy_ws/install/turtlebot3_msgs/share/turtlebot3_msgs/srv/Sound_Response.msg
[10.104s] -- Symlinking: /home/shh/ssafy_gazeboy/ssafy_ws/install/turtlebot3_msgs/share/turtlebot3_msgs/srv/Dqn.srv
[10.121s] -- Symlinking: /home/shh/ssafy_gazeboy/ssafy_ws/install/turtlebot3_msgs/share/turtlebot3_msgs/srv/Dqn_Request.msg
[10.136s] -- Symlinking: /home/shh/ssafy_gazeboy/ssafy_ws/install/turtlebot3_msgs/share/turtlebot3_msgs/srv/Dqn_Response.msg
[10.147s] -- Symlinking: /home/shh/ssafy_gazeboy/ssafy_ws/install/turtlebot3_msgs/share/turtlebot3_msgs/action/Patrol.action
[10.159s] -- Symlinking: /home/shh/ssafy_gazeboy/ssafy_ws/install/turtlebot3_msgs/share/ament_index/resource_index/package_run_dependencies/turtlebot3_msgs
[10.176s] -- Symlinking: /home/shh/ssafy_gazeboy/ssafy_ws/install/turtlebot3_msgs/share/ament_index/resource_index/parent_prefix_path/turtlebot3_msgs
[10.195s] -- Symlinking: /home/shh/ssafy_gazeboy/ssafy_ws/install/turtlebot3_msgs/share/turtlebot3_msgs/environment/ament_prefix_path.sh
[10.213s] -- Symlinking: /home/shh/ssafy_gazeboy/ssafy_ws/install/turtlebot3_msgs/share/turtlebot3_msgs/environment/ament_prefix_path.dsv
[10.229s] -- Symlinking: /home/shh/ssafy_gazeboy/ssafy_ws/install/turtlebot3_msgs/share/turtlebot3_msgs/environment/path.sh
[10.245s] -- Symlinking: /home/shh/ssafy_gazeboy/ssafy_ws/install/turtlebot3_msgs/share/turtlebot3_msgs/environment/path.dsv
[10.263s] -- Symlinking: /home/shh/ssafy_gazeboy/ssafy_ws/install/turtlebot3_msgs/share/turtlebot3_msgs/local_setup.bash
[10.282s] -- Symlinking: /home/shh/ssafy_gazeboy/ssafy_ws/install/turtlebot3_msgs/share/turtlebot3_msgs/local_setup.sh
[10.294s] -- Symlinking: /home/shh/ssafy_gazeboy/ssafy_ws/install/turtlebot3_msgs/share/turtlebot3_msgs/local_setup.zsh
[10.311s] -- Symlinking: /home/shh/ssafy_gazeboy/ssafy_ws/install/turtlebot3_msgs/share/turtlebot3_msgs/local_setup.dsv
[10.323s] -- Symlinking: /home/shh/ssafy_gazeboy/ssafy_ws/install/turtlebot3_msgs/share/turtlebot3_msgs/package.dsv
[10.334s] -- Symlinking: /home/shh/ssafy_gazeboy/ssafy_ws/install/turtlebot3_msgs/share/ament_index/resource_index/packages/turtlebot3_msgs
[10.345s] -- Symlinking: /home/shh/ssafy_gazeboy/ssafy_ws/install/turtlebot3_msgs/share/turtlebot3_msgs/cmake/rosidl_cmake-extras.cmake
[10.360s] -- Symlinking: /home/shh/ssafy_gazeboy/ssafy_ws/install/turtlebot3_msgs/share/turtlebot3_msgs/cmake/ament_cmake_export_dependencies-extras.cmake
[10.373s] -- Symlinking: /home/shh/ssafy_gazeboy/ssafy_ws/install/turtlebot3_msgs/share/turtlebot3_msgs/cmake/ament_cmake_export_libraries-extras.cmake
[10.393s] -- Symlinking: /home/shh/ssafy_gazeboy/ssafy_ws/install/turtlebot3_msgs/share/turtlebot3_msgs/cmake/ament_cmake_export_targets-extras.cmake
[10.410s] -- Symlinking: /home/shh/ssafy_gazeboy/ssafy_ws/install/turtlebot3_msgs/share/turtlebot3_msgs/cmake/ament_cmake_export_include_directories-extras.cmake
[10.427s] -- Symlinking: /home/shh/ssafy_gazeboy/ssafy_ws/install/turtlebot3_msgs/share/turtlebot3_msgs/cmake/rosidl_cmake_export_typesupport_libraries-extras.cmake
[10.440s] -- Symlinking: /home/shh/ssafy_gazeboy/ssafy_ws/install/turtlebot3_msgs/share/turtlebot3_msgs/cmake/rosidl_cmake_export_typesupport_targets-extras.cmake
[10.456s] -- Symlinking: /home/shh/ssafy_gazeboy/ssafy_ws/install/turtlebot3_msgs/share/turtlebot3_msgs/cmake/turtlebot3_msgsConfig.cmake
[10.470s] -- Symlinking: /home/shh/ssafy_gazeboy/ssafy_ws/install/turtlebot3_msgs/share/turtlebot3_msgs/cmake/turtlebot3_msgsConfig-version.cmake
[10.489s] -- Symlinking: /home/shh/ssafy_gazeboy/ssafy_ws/install/turtlebot3_msgs/share/turtlebot3_msgs/package.xml
[10.503s] -- Installing: /home/shh/ssafy_gazeboy/ssafy_ws/install/turtlebot3_msgs/lib/libturtlebot3_msgs__rosidl_generator_c.so
[10.505s] -- Set runtime path of "/home/shh/ssafy_gazeboy/ssafy_ws/install/turtlebot3_msgs/lib/libturtlebot3_msgs__rosidl_generator_c.so" to ""
[10.505s] -- Installing: /home/shh/ssafy_gazeboy/ssafy_ws/install/turtlebot3_msgs/lib/libturtlebot3_msgs__rosidl_typesupport_introspection_c.so
[10.506s] -- Set runtime path of "/home/shh/ssafy_gazeboy/ssafy_ws/install/turtlebot3_msgs/lib/libturtlebot3_msgs__rosidl_typesupport_introspection_c.so" to ""
[10.507s] -- Installing: /home/shh/ssafy_gazeboy/ssafy_ws/install/turtlebot3_msgs/lib/libturtlebot3_msgs__rosidl_typesupport_c.so
[10.508s] -- Set runtime path of "/home/shh/ssafy_gazeboy/ssafy_ws/install/turtlebot3_msgs/lib/libturtlebot3_msgs__rosidl_typesupport_c.so" to ""
[10.508s] -- Installing: /home/shh/ssafy_gazeboy/ssafy_ws/install/turtlebot3_msgs/lib/libturtlebot3_msgs__rosidl_typesupport_introspection_cpp.so
[10.510s] -- Set runtime path of "/home/shh/ssafy_gazeboy/ssafy_ws/install/turtlebot3_msgs/lib/libturtlebot3_msgs__rosidl_typesupport_introspection_cpp.so" to ""
[10.510s] -- Installing: /home/shh/ssafy_gazeboy/ssafy_ws/install/turtlebot3_msgs/lib/libturtlebot3_msgs__rosidl_typesupport_cpp.so
[10.511s] -- Set runtime path of "/home/shh/ssafy_gazeboy/ssafy_ws/install/turtlebot3_msgs/lib/libturtlebot3_msgs__rosidl_typesupport_cpp.so" to ""
[10.549s] Compiling '/home/shh/ssafy_gazeboy/ssafy_ws/install/turtlebot3_msgs/lib/python3.8/site-packages/turtlebot3_msgs/__init__.py'...
[10.554s] -- Installing: /home/shh/ssafy_gazeboy/ssafy_ws/install/turtlebot3_msgs/share/turtlebot3_msgs/cmake/turtlebot3_msgs__rosidl_generator_cExport.cmake
[10.555s] -- Installing: /home/shh/ssafy_gazeboy/ssafy_ws/install/turtlebot3_msgs/share/turtlebot3_msgs/cmake/turtlebot3_msgs__rosidl_generator_cExport-noconfig.cmake
[10.555s] -- Installing: /home/shh/ssafy_gazeboy/ssafy_ws/install/turtlebot3_msgs/share/turtlebot3_msgs/cmake/turtlebot3_msgs__rosidl_typesupport_introspection_cExport.cmake
[10.555s] -- Installing: /home/shh/ssafy_gazeboy/ssafy_ws/install/turtlebot3_msgs/share/turtlebot3_msgs/cmake/turtlebot3_msgs__rosidl_typesupport_introspection_cExport-noconfig.cmake
[10.555s] -- Installing: /home/shh/ssafy_gazeboy/ssafy_ws/install/turtlebot3_msgs/share/turtlebot3_msgs/cmake/turtlebot3_msgs__rosidl_typesupport_cExport.cmake
[10.555s] -- Installing: /home/shh/ssafy_gazeboy/ssafy_ws/install/turtlebot3_msgs/share/turtlebot3_msgs/cmake/turtlebot3_msgs__rosidl_typesupport_cExport-noconfig.cmake
[10.556s] -- Installing: /home/shh/ssafy_gazeboy/ssafy_ws/install/turtlebot3_msgs/share/turtlebot3_msgs/cmake/turtlebot3_msgs__rosidl_generator_cppExport.cmake
[10.556s] -- Installing: /home/shh/ssafy_gazeboy/ssafy_ws/install/turtlebot3_msgs/share/turtlebot3_msgs/cmake/turtlebot3_msgs__rosidl_typesupport_introspection_cppExport.cmake
[10.556s] -- Installing: /home/shh/ssafy_gazeboy/ssafy_ws/install/turtlebot3_msgs/share/turtlebot3_msgs/cmake/turtlebot3_msgs__rosidl_typesupport_introspection_cppExport-noconfig.cmake
[10.556s] -- Installing: /home/shh/ssafy_gazeboy/ssafy_ws/install/turtlebot3_msgs/share/turtlebot3_msgs/cmake/turtlebot3_msgs__rosidl_typesupport_cppExport.cmake
[10.557s] -- Installing: /home/shh/ssafy_gazeboy/ssafy_ws/install/turtlebot3_msgs/share/turtlebot3_msgs/cmake/turtlebot3_msgs__rosidl_typesupport_cppExport-noconfig.cmake
[10.571s] Invoked command in '/home/shh/ssafy_gazeboy/ssafy_ws/build/turtlebot3_msgs' returned '0': CMAKE_PREFIX_PATH=${CMAKE_PREFIX_PATH}:/home/shh/ssafy_gazeboy/ssafy_ws/install/turtlebot3_teleop:/home/shh/ssafy_gazeboy/ssafy_ws/install/turtlebot3_example:/home/shh/ssafy_gazeboy/ssafy_ws/install/250114:/opt/ros/foxy /usr/bin/cmake --install /home/shh/ssafy_gazeboy/ssafy_ws/build/turtlebot3_msgs
