[0.040s] Invoking command in '/home/shh/ssafy_gazeboy/ssafy_ws/build/turtlebot3_gazebo': CMAKE_PREFIX_PATH=/home/shh/ssafy_gazeboy/ssafy_ws/install/velodyne_description:/home/shh/ssafy_gazeboy/ssafy_ws/install/turtlebot3_description:/home/shh/ssafy_gazeboy/ssafy_ws/install/velodyne_simulator:/home/shh/ssafy_gazeboy/ssafy_ws/install/velodyne_gazebo_plugins:/home/shh/ssafy_gazeboy/ssafy_ws/install/turtlebot3_simulations:/home/shh/ssafy_gazeboy/ssafy_ws/install/turtlebot3_gazebo:/home/shh/ssafy_gazeboy/ssafy_ws/install/teleop_twist_keyboard:/opt/ros/foxy /usr/bin/cmake --build /home/shh/ssafy_gazeboy/ssafy_ws/build/turtlebot3_gazebo -- -j16 -l16
[0.119s] [ 25%] Built target obstacle1
[0.122s] [ 50%] Built target obstacles
[0.123s] [ 75%] Built target turtlebot3_drive
[0.124s] [100%] Built target obstacle2
[0.139s] Invoked command in '/home/shh/ssafy_gazeboy/ssafy_ws/build/turtlebot3_gazebo' returned '0': CMAKE_PREFIX_PATH=/home/shh/ssafy_gazeboy/ssafy_ws/install/velodyne_description:/home/shh/ssafy_gazeboy/ssafy_ws/install/turtlebot3_description:/home/shh/ssafy_gazeboy/ssafy_ws/install/velodyne_simulator:/home/shh/ssafy_gazeboy/ssafy_ws/install/velodyne_gazebo_plugins:/home/shh/ssafy_gazeboy/ssafy_ws/install/turtlebot3_simulations:/home/shh/ssafy_gazeboy/ssafy_ws/install/turtlebot3_gazebo:/home/shh/ssafy_gazeboy/ssafy_ws/install/teleop_twist_keyboard:/opt/ros/foxy /usr/bin/cmake --build /home/shh/ssafy_gazeboy/ssafy_ws/build/turtlebot3_gazebo -- -j16 -l16
[0.201s] Invoking command in '/home/shh/ssafy_gazeboy/ssafy_ws/build/turtlebot3_gazebo': CMAKE_PREFIX_PATH=/home/shh/ssafy_gazeboy/ssafy_ws/install/velodyne_description:/home/shh/ssafy_gazeboy/ssafy_ws/install/turtlebot3_description:/home/shh/ssafy_gazeboy/ssafy_ws/install/velodyne_simulator:/home/shh/ssafy_gazeboy/ssafy_ws/install/velodyne_gazebo_plugins:/home/shh/ssafy_gazeboy/ssafy_ws/install/turtlebot3_simulations:/home/shh/ssafy_gazeboy/ssafy_ws/install/turtlebot3_gazebo:/home/shh/ssafy_gazeboy/ssafy_ws/install/teleop_twist_keyboard:/opt/ros/foxy /usr/bin/cmake --install /home/shh/ssafy_gazeboy/ssafy_ws/build/turtlebot3_gazebo
[0.210s] -- Install configuration: ""
[0.211s] -- Execute custom install script
[0.211s] -- Up-to-date symlink: /home/shh/ssafy_gazeboy/ssafy_ws/install/turtlebot3_gazebo/lib/turtlebot3_gazebo/turtlebot3_drive
[0.211s] -- Up-to-date symlink: /home/shh/ssafy_gazeboy/ssafy_ws/install/turtlebot3_gazebo/share/turtlebot3_gazebo//launch/multi_turtlebot3_velodyne_world.launch.py
[0.212s] -- Up-to-date symlink: /home/shh/ssafy_gazeboy/ssafy_ws/install/turtlebot3_gazebo/share/turtlebot3_gazebo//launch/multi_turtlebot3_world.launch.py
[0.217s] -- Up-to-date symlink: /home/shh/ssafy_gazeboy/ssafy_ws/install/turtlebot3_gazebo/share/turtlebot3_gazebo//launch/robot_state_publisher.launch.py
[0.218s] -- Up-to-date symlink: /home/shh/ssafy_gazeboy/ssafy_ws/install/turtlebot3_gazebo/share/turtlebot3_gazebo//launch/turtlebot3_burger.launch.py
[0.218s] -- Up-to-date symlink: /home/shh/ssafy_gazeboy/ssafy_ws/install/turtlebot3_gazebo/share/turtlebot3_gazebo//launch/turtlebot3_velodyne_burger.launch.py
[0.219s] -- Up-to-date symlink: /home/shh/ssafy_gazeboy/ssafy_ws/install/turtlebot3_gazebo/share/turtlebot3_gazebo//models/turtlebot3_autorace/course/materials/scripts/course.material
[0.219s] -- Up-to-date symlink: /home/shh/ssafy_gazeboy/ssafy_ws/install/turtlebot3_gazebo/share/turtlebot3_gazebo//models/turtlebot3_autorace/course/materials/textures/course.png
[0.220s] -- Up-to-date symlink: /home/shh/ssafy_gazeboy/ssafy_ws/install/turtlebot3_gazebo/share/turtlebot3_gazebo//models/turtlebot3_autorace/course/model.config
[0.220s] -- Up-to-date symlink: /home/shh/ssafy_gazeboy/ssafy_ws/install/turtlebot3_gazebo/share/turtlebot3_gazebo//models/turtlebot3_autorace/course/model.sdf
[0.221s] -- Up-to-date symlink: /home/shh/ssafy_gazeboy/ssafy_ws/install/turtlebot3_gazebo/share/turtlebot3_gazebo//models/turtlebot3_autorace/ground/model.config
[0.223s] -- Up-to-date symlink: /home/shh/ssafy_gazeboy/ssafy_ws/install/turtlebot3_gazebo/share/turtlebot3_gazebo//models/turtlebot3_autorace/ground/model.sdf
[0.225s] -- Up-to-date symlink: /home/shh/ssafy_gazeboy/ssafy_ws/install/turtlebot3_gazebo/share/turtlebot3_gazebo//models/turtlebot3_autorace/lights/model.config
[0.225s] -- Up-to-date symlink: /home/shh/ssafy_gazeboy/ssafy_ws/install/turtlebot3_gazebo/share/turtlebot3_gazebo//models/turtlebot3_autorace/lights/model.sdf
[0.225s] -- Up-to-date symlink: /home/shh/ssafy_gazeboy/ssafy_ws/install/turtlebot3_gazebo/share/turtlebot3_gazebo//models/turtlebot3_autorace/model.config
[0.226s] -- Up-to-date symlink: /home/shh/ssafy_gazeboy/ssafy_ws/install/turtlebot3_gazebo/share/turtlebot3_gazebo//models/turtlebot3_autorace/traffic_bar_down/materials/scripts/traffic_bar.material
[0.226s] -- Up-to-date symlink: /home/shh/ssafy_gazeboy/ssafy_ws/install/turtlebot3_gazebo/share/turtlebot3_gazebo//models/turtlebot3_autorace/traffic_bar_down/materials/textures/traffic_bar.png
[0.226s] -- Up-to-date symlink: /home/shh/ssafy_gazeboy/ssafy_ws/install/turtlebot3_gazebo/share/turtlebot3_gazebo//models/turtlebot3_autorace/traffic_bar_down/model.config
[0.227s] -- Up-to-date symlink: /home/shh/ssafy_gazeboy/ssafy_ws/install/turtlebot3_gazebo/share/turtlebot3_gazebo//models/turtlebot3_autorace/traffic_bar_down/model.sdf
[0.227s] -- Up-to-date symlink: /home/shh/ssafy_gazeboy/ssafy_ws/install/turtlebot3_gazebo/share/turtlebot3_gazebo//models/turtlebot3_autorace/traffic_bar_up/materials/scripts/traffic_bar.material
[0.227s] -- Up-to-date symlink: /home/shh/ssafy_gazeboy/ssafy_ws/install/turtlebot3_gazebo/share/turtlebot3_gazebo//models/turtlebot3_autorace/traffic_bar_up/materials/textures/traffic_bar.png
[0.227s] -- Up-to-date symlink: /home/shh/ssafy_gazeboy/ssafy_ws/install/turtlebot3_gazebo/share/turtlebot3_gazebo//models/turtlebot3_autorace/traffic_bar_up/model.config
[0.227s] -- Up-to-date symlink: /home/shh/ssafy_gazeboy/ssafy_ws/install/turtlebot3_gazebo/share/turtlebot3_gazebo//models/turtlebot3_autorace/traffic_bar_up/model.sdf
[0.227s] -- Up-to-date symlink: /home/shh/ssafy_gazeboy/ssafy_ws/install/turtlebot3_gazebo/share/turtlebot3_gazebo//models/turtlebot3_autorace/traffic_light_green/model.config
[0.228s] -- Up-to-date symlink: /home/shh/ssafy_gazeboy/ssafy_ws/install/turtlebot3_gazebo/share/turtlebot3_gazebo//models/turtlebot3_autorace/traffic_light_green/model.sdf
[0.228s] -- Up-to-date symlink: /home/shh/ssafy_gazeboy/ssafy_ws/install/turtlebot3_gazebo/share/turtlebot3_gazebo//models/turtlebot3_autorace/traffic_light_red/model.config
[0.228s] -- Up-to-date symlink: /home/shh/ssafy_gazeboy/ssafy_ws/install/turtlebot3_gazebo/share/turtlebot3_gazebo//models/turtlebot3_autorace/traffic_light_red/model.sdf
[0.228s] -- Up-to-date symlink: /home/shh/ssafy_gazeboy/ssafy_ws/install/turtlebot3_gazebo/share/turtlebot3_gazebo//models/turtlebot3_autorace/traffic_light_yellow/model.config
[0.228s] -- Up-to-date symlink: /home/shh/ssafy_gazeboy/ssafy_ws/install/turtlebot3_gazebo/share/turtlebot3_gazebo//models/turtlebot3_autorace/traffic_light_yellow/model.sdf
[0.228s] -- Up-to-date symlink: /home/shh/ssafy_gazeboy/ssafy_ws/install/turtlebot3_gazebo/share/turtlebot3_gazebo//models/turtlebot3_autorace/traffic_parking/materials/scripts/traffic_parking.material
[0.229s] -- Up-to-date symlink: /home/shh/ssafy_gazeboy/ssafy_ws/install/turtlebot3_gazebo/share/turtlebot3_gazebo//models/turtlebot3_autorace/traffic_parking/materials/textures/traffic_parking.png
[0.229s] -- Up-to-date symlink: /home/shh/ssafy_gazeboy/ssafy_ws/install/turtlebot3_gazebo/share/turtlebot3_gazebo//models/turtlebot3_autorace/traffic_parking/model.config
[0.229s] -- Up-to-date symlink: /home/shh/ssafy_gazeboy/ssafy_ws/install/turtlebot3_gazebo/share/turtlebot3_gazebo//models/turtlebot3_autorace/traffic_parking/model.sdf
[0.229s] -- Up-to-date symlink: /home/shh/ssafy_gazeboy/ssafy_ws/install/turtlebot3_gazebo/share/turtlebot3_gazebo//models/turtlebot3_autorace/traffic_stop/materials/scripts/traffic_stop.material
[0.229s] -- Up-to-date symlink: /home/shh/ssafy_gazeboy/ssafy_ws/install/turtlebot3_gazebo/share/turtlebot3_gazebo//models/turtlebot3_autorace/traffic_stop/materials/textures/traffic_stop.png
[0.229s] -- Up-to-date symlink: /home/shh/ssafy_gazeboy/ssafy_ws/install/turtlebot3_gazebo/share/turtlebot3_gazebo//models/turtlebot3_autorace/traffic_stop/model.config
[0.229s] -- Up-to-date symlink: /home/shh/ssafy_gazeboy/ssafy_ws/install/turtlebot3_gazebo/share/turtlebot3_gazebo//models/turtlebot3_autorace/traffic_stop/model.sdf
[0.229s] -- Up-to-date symlink: /home/shh/ssafy_gazeboy/ssafy_ws/install/turtlebot3_gazebo/share/turtlebot3_gazebo//models/turtlebot3_autorace/traffic_tunnel/materials/scripts/tunnel.material
[0.229s] -- Up-to-date symlink: /home/shh/ssafy_gazeboy/ssafy_ws/install/turtlebot3_gazebo/share/turtlebot3_gazebo//models/turtlebot3_autorace/traffic_tunnel/materials/textures/tunnel.png
[0.229s] -- Up-to-date symlink: /home/shh/ssafy_gazeboy/ssafy_ws/install/turtlebot3_gazebo/share/turtlebot3_gazebo//models/turtlebot3_autorace/traffic_tunnel/model.config
[0.229s] -- Up-to-date symlink: /home/shh/ssafy_gazeboy/ssafy_ws/install/turtlebot3_gazebo/share/turtlebot3_gazebo//models/turtlebot3_autorace/traffic_tunnel/model.sdf
[0.229s] -- Up-to-date symlink: /home/shh/ssafy_gazeboy/ssafy_ws/install/turtlebot3_gazebo/share/turtlebot3_gazebo//models/turtlebot3_autorace/tunnel_obstacles/model.config
[0.230s] -- Up-to-date symlink: /home/shh/ssafy_gazeboy/ssafy_ws/install/turtlebot3_gazebo/share/turtlebot3_gazebo//models/turtlebot3_autorace/tunnel_obstacles/model.sdf
[0.230s] -- Up-to-date symlink: /home/shh/ssafy_gazeboy/ssafy_ws/install/turtlebot3_gazebo/share/turtlebot3_gazebo//models/turtlebot3_autorace/tunnel_wall/model.config
[0.230s] -- Up-to-date symlink: /home/shh/ssafy_gazeboy/ssafy_ws/install/turtlebot3_gazebo/share/turtlebot3_gazebo//models/turtlebot3_autorace/tunnel_wall/model.sdf
[0.230s] -- Up-to-date symlink: /home/shh/ssafy_gazeboy/ssafy_ws/install/turtlebot3_gazebo/share/turtlebot3_gazebo//models/turtlebot3_burger/meshes/burger_base.stl
[0.230s] -- Up-to-date symlink: /home/shh/ssafy_gazeboy/ssafy_ws/install/turtlebot3_gazebo/share/turtlebot3_gazebo//models/turtlebot3_burger/meshes/lds.stl
[0.230s] -- Up-to-date symlink: /home/shh/ssafy_gazeboy/ssafy_ws/install/turtlebot3_gazebo/share/turtlebot3_gazebo//models/turtlebot3_burger/meshes/left_tire.stl
[0.230s] -- Up-to-date symlink: /home/shh/ssafy_gazeboy/ssafy_ws/install/turtlebot3_gazebo/share/turtlebot3_gazebo//models/turtlebot3_burger/meshes/right_tire.stl
[0.230s] -- Up-to-date symlink: /home/shh/ssafy_gazeboy/ssafy_ws/install/turtlebot3_gazebo/share/turtlebot3_gazebo//models/turtlebot3_burger/meshes_dae/burger_base.dae
[0.230s] -- Up-to-date symlink: /home/shh/ssafy_gazeboy/ssafy_ws/install/turtlebot3_gazebo/share/turtlebot3_gazebo//models/turtlebot3_burger/meshes_dae/lds.dae
[0.230s] -- Up-to-date symlink: /home/shh/ssafy_gazeboy/ssafy_ws/install/turtlebot3_gazebo/share/turtlebot3_gazebo//models/turtlebot3_burger/meshes_dae/left_tire.dae
[0.230s] -- Up-to-date symlink: /home/shh/ssafy_gazeboy/ssafy_ws/install/turtlebot3_gazebo/share/turtlebot3_gazebo//models/turtlebot3_burger/meshes_dae/right_tire.dae
[0.230s] -- Up-to-date symlink: /home/shh/ssafy_gazeboy/ssafy_ws/install/turtlebot3_gazebo/share/turtlebot3_gazebo//models/turtlebot3_burger/model-1_4.sdf
[0.230s] -- Up-to-date symlink: /home/shh/ssafy_gazeboy/ssafy_ws/install/turtlebot3_gazebo/share/turtlebot3_gazebo//models/turtlebot3_burger/model.config
[0.231s] -- Up-to-date symlink: /home/shh/ssafy_gazeboy/ssafy_ws/install/turtlebot3_gazebo/share/turtlebot3_gazebo//models/turtlebot3_burger/model.sdf
[0.231s] -- Up-to-date symlink: /home/shh/ssafy_gazeboy/ssafy_ws/install/turtlebot3_gazebo/share/turtlebot3_gazebo//models/turtlebot3_burger_0/meshes/burger_base.stl
[0.231s] -- Up-to-date symlink: /home/shh/ssafy_gazeboy/ssafy_ws/install/turtlebot3_gazebo/share/turtlebot3_gazebo//models/turtlebot3_burger_0/meshes/lds.stl
[0.231s] -- Up-to-date symlink: /home/shh/ssafy_gazeboy/ssafy_ws/install/turtlebot3_gazebo/share/turtlebot3_gazebo//models/turtlebot3_burger_0/meshes/left_tire.stl
[0.231s] -- Up-to-date symlink: /home/shh/ssafy_gazeboy/ssafy_ws/install/turtlebot3_gazebo/share/turtlebot3_gazebo//models/turtlebot3_burger_0/meshes/right_tire.stl
[0.231s] -- Up-to-date symlink: /home/shh/ssafy_gazeboy/ssafy_ws/install/turtlebot3_gazebo/share/turtlebot3_gazebo//models/turtlebot3_burger_0/meshes_dae/burger_base.dae
[0.231s] -- Up-to-date symlink: /home/shh/ssafy_gazeboy/ssafy_ws/install/turtlebot3_gazebo/share/turtlebot3_gazebo//models/turtlebot3_burger_0/meshes_dae/lds.dae
[0.231s] -- Up-to-date symlink: /home/shh/ssafy_gazeboy/ssafy_ws/install/turtlebot3_gazebo/share/turtlebot3_gazebo//models/turtlebot3_burger_0/meshes_dae/left_tire.dae
[0.231s] -- Up-to-date symlink: /home/shh/ssafy_gazeboy/ssafy_ws/install/turtlebot3_gazebo/share/turtlebot3_gazebo//models/turtlebot3_burger_0/meshes_dae/right_tire.dae
[0.231s] -- Up-to-date symlink: /home/shh/ssafy_gazeboy/ssafy_ws/install/turtlebot3_gazebo/share/turtlebot3_gazebo//models/turtlebot3_burger_0/model-1_4.sdf
[0.231s] -- Up-to-date symlink: /home/shh/ssafy_gazeboy/ssafy_ws/install/turtlebot3_gazebo/share/turtlebot3_gazebo//models/turtlebot3_burger_0/model.config
[0.231s] -- Up-to-date symlink: /home/shh/ssafy_gazeboy/ssafy_ws/install/turtlebot3_gazebo/share/turtlebot3_gazebo//models/turtlebot3_burger_0/model.sdf
[0.232s] -- Up-to-date symlink: /home/shh/ssafy_gazeboy/ssafy_ws/install/turtlebot3_gazebo/share/turtlebot3_gazebo//models/turtlebot3_burger_1/meshes/burger_base.stl
[0.232s] -- Up-to-date symlink: /home/shh/ssafy_gazeboy/ssafy_ws/install/turtlebot3_gazebo/share/turtlebot3_gazebo//models/turtlebot3_burger_1/meshes/lds.stl
[0.232s] -- Up-to-date symlink: /home/shh/ssafy_gazeboy/ssafy_ws/install/turtlebot3_gazebo/share/turtlebot3_gazebo//models/turtlebot3_burger_1/meshes/left_tire.stl
[0.232s] -- Up-to-date symlink: /home/shh/ssafy_gazeboy/ssafy_ws/install/turtlebot3_gazebo/share/turtlebot3_gazebo//models/turtlebot3_burger_1/meshes/right_tire.stl
[0.232s] -- Up-to-date symlink: /home/shh/ssafy_gazeboy/ssafy_ws/install/turtlebot3_gazebo/share/turtlebot3_gazebo//models/turtlebot3_burger_1/meshes_dae/burger_base.dae
[0.232s] -- Up-to-date symlink: /home/shh/ssafy_gazeboy/ssafy_ws/install/turtlebot3_gazebo/share/turtlebot3_gazebo//models/turtlebot3_burger_1/meshes_dae/lds.dae
[0.232s] -- Up-to-date symlink: /home/shh/ssafy_gazeboy/ssafy_ws/install/turtlebot3_gazebo/share/turtlebot3_gazebo//models/turtlebot3_burger_1/meshes_dae/left_tire.dae
[0.232s] -- Up-to-date symlink: /home/shh/ssafy_gazeboy/ssafy_ws/install/turtlebot3_gazebo/share/turtlebot3_gazebo//models/turtlebot3_burger_1/meshes_dae/right_tire.dae
[0.232s] -- Up-to-date symlink: /home/shh/ssafy_gazeboy/ssafy_ws/install/turtlebot3_gazebo/share/turtlebot3_gazebo//models/turtlebot3_burger_1/model.config
[0.232s] -- Up-to-date symlink: /home/shh/ssafy_gazeboy/ssafy_ws/install/turtlebot3_gazebo/share/turtlebot3_gazebo//models/turtlebot3_burger_1/model.sdf
[0.233s] -- Up-to-date symlink: /home/shh/ssafy_gazeboy/ssafy_ws/install/turtlebot3_gazebo/share/turtlebot3_gazebo//models/turtlebot3_burger_velodyne/meshes/burger_base.stl
[0.233s] -- Up-to-date symlink: /home/shh/ssafy_gazeboy/ssafy_ws/install/turtlebot3_gazebo/share/turtlebot3_gazebo//models/turtlebot3_burger_velodyne/meshes/lds.stl
[0.233s] -- Up-to-date symlink: /home/shh/ssafy_gazeboy/ssafy_ws/install/turtlebot3_gazebo/share/turtlebot3_gazebo//models/turtlebot3_burger_velodyne/meshes/left_tire.stl
[0.233s] -- Up-to-date symlink: /home/shh/ssafy_gazeboy/ssafy_ws/install/turtlebot3_gazebo/share/turtlebot3_gazebo//models/turtlebot3_burger_velodyne/meshes/right_tire.stl
[0.233s] -- Up-to-date symlink: /home/shh/ssafy_gazeboy/ssafy_ws/install/turtlebot3_gazebo/share/turtlebot3_gazebo//models/turtlebot3_burger_velodyne/meshes_dae/burger_base.dae
[0.233s] -- Up-to-date symlink: /home/shh/ssafy_gazeboy/ssafy_ws/install/turtlebot3_gazebo/share/turtlebot3_gazebo//models/turtlebot3_burger_velodyne/meshes_dae/lds.dae
[0.233s] -- Up-to-date symlink: /home/shh/ssafy_gazeboy/ssafy_ws/install/turtlebot3_gazebo/share/turtlebot3_gazebo//models/turtlebot3_burger_velodyne/meshes_dae/left_tire.dae
[0.233s] -- Up-to-date symlink: /home/shh/ssafy_gazeboy/ssafy_ws/install/turtlebot3_gazebo/share/turtlebot3_gazebo//models/turtlebot3_burger_velodyne/meshes_dae/right_tire.dae
[0.233s] -- Up-to-date symlink: /home/shh/ssafy_gazeboy/ssafy_ws/install/turtlebot3_gazebo/share/turtlebot3_gazebo//models/turtlebot3_burger_velodyne/model.config
[0.233s] -- Up-to-date symlink: /home/shh/ssafy_gazeboy/ssafy_ws/install/turtlebot3_gazebo/share/turtlebot3_gazebo//models/turtlebot3_burger_velodyne/model.sdf
[0.233s] -- Up-to-date symlink: /home/shh/ssafy_gazeboy/ssafy_ws/install/turtlebot3_gazebo/share/turtlebot3_gazebo//models/turtlebot3_burger_velodyne_0/meshes/burger_base.stl
[0.233s] -- Up-to-date symlink: /home/shh/ssafy_gazeboy/ssafy_ws/install/turtlebot3_gazebo/share/turtlebot3_gazebo//models/turtlebot3_burger_velodyne_0/meshes/lds.stl
[0.233s] -- Up-to-date symlink: /home/shh/ssafy_gazeboy/ssafy_ws/install/turtlebot3_gazebo/share/turtlebot3_gazebo//models/turtlebot3_burger_velodyne_0/meshes/left_tire.stl
[0.233s] -- Up-to-date symlink: /home/shh/ssafy_gazeboy/ssafy_ws/install/turtlebot3_gazebo/share/turtlebot3_gazebo//models/turtlebot3_burger_velodyne_0/meshes/right_tire.stl
[0.233s] -- Up-to-date symlink: /home/shh/ssafy_gazeboy/ssafy_ws/install/turtlebot3_gazebo/share/turtlebot3_gazebo//models/turtlebot3_burger_velodyne_0/meshes_dae/burger_base.dae
[0.234s] -- Up-to-date symlink: /home/shh/ssafy_gazeboy/ssafy_ws/install/turtlebot3_gazebo/share/turtlebot3_gazebo//models/turtlebot3_burger_velodyne_0/meshes_dae/lds.dae
[0.234s] -- Up-to-date symlink: /home/shh/ssafy_gazeboy/ssafy_ws/install/turtlebot3_gazebo/share/turtlebot3_gazebo//models/turtlebot3_burger_velodyne_0/meshes_dae/left_tire.dae
[0.234s] -- Up-to-date symlink: /home/shh/ssafy_gazeboy/ssafy_ws/install/turtlebot3_gazebo/share/turtlebot3_gazebo//models/turtlebot3_burger_velodyne_0/meshes_dae/right_tire.dae
[0.234s] -- Up-to-date symlink: /home/shh/ssafy_gazeboy/ssafy_ws/install/turtlebot3_gazebo/share/turtlebot3_gazebo//models/turtlebot3_burger_velodyne_0/model.config
[0.234s] -- Up-to-date symlink: /home/shh/ssafy_gazeboy/ssafy_ws/install/turtlebot3_gazebo/share/turtlebot3_gazebo//models/turtlebot3_burger_velodyne_0/model.sdf
[0.234s] -- Up-to-date symlink: /home/shh/ssafy_gazeboy/ssafy_ws/install/turtlebot3_gazebo/share/turtlebot3_gazebo//models/turtlebot3_burger_velodyne_1/meshes/burger_base.stl
[0.234s] -- Up-to-date symlink: /home/shh/ssafy_gazeboy/ssafy_ws/install/turtlebot3_gazebo/share/turtlebot3_gazebo//models/turtlebot3_burger_velodyne_1/meshes/lds.stl
[0.234s] -- Up-to-date symlink: /home/shh/ssafy_gazeboy/ssafy_ws/install/turtlebot3_gazebo/share/turtlebot3_gazebo//models/turtlebot3_burger_velodyne_1/meshes/left_tire.stl
[0.234s] -- Up-to-date symlink: /home/shh/ssafy_gazeboy/ssafy_ws/install/turtlebot3_gazebo/share/turtlebot3_gazebo//models/turtlebot3_burger_velodyne_1/meshes/right_tire.stl
[0.234s] -- Up-to-date symlink: /home/shh/ssafy_gazeboy/ssafy_ws/install/turtlebot3_gazebo/share/turtlebot3_gazebo//models/turtlebot3_burger_velodyne_1/meshes_dae/burger_base.dae
[0.234s] -- Up-to-date symlink: /home/shh/ssafy_gazeboy/ssafy_ws/install/turtlebot3_gazebo/share/turtlebot3_gazebo//models/turtlebot3_burger_velodyne_1/meshes_dae/lds.dae
[0.234s] -- Up-to-date symlink: /home/shh/ssafy_gazeboy/ssafy_ws/install/turtlebot3_gazebo/share/turtlebot3_gazebo//models/turtlebot3_burger_velodyne_1/meshes_dae/left_tire.dae
[0.234s] -- Up-to-date symlink: /home/shh/ssafy_gazeboy/ssafy_ws/install/turtlebot3_gazebo/share/turtlebot3_gazebo//models/turtlebot3_burger_velodyne_1/meshes_dae/right_tire.dae
[0.234s] -- Up-to-date symlink: /home/shh/ssafy_gazeboy/ssafy_ws/install/turtlebot3_gazebo/share/turtlebot3_gazebo//models/turtlebot3_burger_velodyne_1/model.config
[0.235s] -- Up-to-date symlink: /home/shh/ssafy_gazeboy/ssafy_ws/install/turtlebot3_gazebo/share/turtlebot3_gazebo//models/turtlebot3_burger_velodyne_1/model.sdf
[0.235s] -- Up-to-date symlink: /home/shh/ssafy_gazeboy/ssafy_ws/install/turtlebot3_gazebo/share/turtlebot3_gazebo//models/turtlebot3_dqn_world/goal_box/model.config
[0.235s] -- Up-to-date symlink: /home/shh/ssafy_gazeboy/ssafy_ws/install/turtlebot3_gazebo/share/turtlebot3_gazebo//models/turtlebot3_dqn_world/goal_box/model.sdf
[0.235s] -- Up-to-date symlink: /home/shh/ssafy_gazeboy/ssafy_ws/install/turtlebot3_gazebo/share/turtlebot3_gazebo//models/turtlebot3_dqn_world/inner_walls/model.config
[0.235s] -- Up-to-date symlink: /home/shh/ssafy_gazeboy/ssafy_ws/install/turtlebot3_gazebo/share/turtlebot3_gazebo//models/turtlebot3_dqn_world/inner_walls/model.sdf
[0.235s] -- Up-to-date symlink: /home/shh/ssafy_gazeboy/ssafy_ws/install/turtlebot3_gazebo/share/turtlebot3_gazebo//models/turtlebot3_dqn_world/model.config
[0.235s] -- Up-to-date symlink: /home/shh/ssafy_gazeboy/ssafy_ws/install/turtlebot3_gazebo/share/turtlebot3_gazebo//models/turtlebot3_dqn_world/model.sdf
[0.235s] -- Up-to-date symlink: /home/shh/ssafy_gazeboy/ssafy_ws/install/turtlebot3_gazebo/share/turtlebot3_gazebo//models/turtlebot3_dqn_world/obstacle1/model.config
[0.235s] -- Up-to-date symlink: /home/shh/ssafy_gazeboy/ssafy_ws/install/turtlebot3_gazebo/share/turtlebot3_gazebo//models/turtlebot3_dqn_world/obstacle1/model.sdf
[0.235s] -- Up-to-date symlink: /home/shh/ssafy_gazeboy/ssafy_ws/install/turtlebot3_gazebo/share/turtlebot3_gazebo//models/turtlebot3_dqn_world/obstacle2/model.config
[0.235s] -- Up-to-date symlink: /home/shh/ssafy_gazeboy/ssafy_ws/install/turtlebot3_gazebo/share/turtlebot3_gazebo//models/turtlebot3_dqn_world/obstacle2/model.sdf
[0.235s] -- Up-to-date symlink: /home/shh/ssafy_gazeboy/ssafy_ws/install/turtlebot3_gazebo/share/turtlebot3_gazebo//models/turtlebot3_dqn_world/obstacle_plugin/CMakeLists.txt
[0.235s] -- Up-to-date symlink: /home/shh/ssafy_gazeboy/ssafy_ws/install/turtlebot3_gazebo/share/turtlebot3_gazebo//models/turtlebot3_dqn_world/obstacle_plugin/obstacle1.cc
[0.236s] -- Up-to-date symlink: /home/shh/ssafy_gazeboy/ssafy_ws/install/turtlebot3_gazebo/share/turtlebot3_gazebo//models/turtlebot3_dqn_world/obstacle_plugin/obstacle2.cc
[0.236s] -- Up-to-date symlink: /home/shh/ssafy_gazeboy/ssafy_ws/install/turtlebot3_gazebo/share/turtlebot3_gazebo//models/turtlebot3_dqn_world/obstacle_plugin/obstacles.cc
[0.236s] -- Up-to-date symlink: /home/shh/ssafy_gazeboy/ssafy_ws/install/turtlebot3_gazebo/share/turtlebot3_gazebo//models/turtlebot3_dqn_world/obstacles/model.config
[0.236s] -- Up-to-date symlink: /home/shh/ssafy_gazeboy/ssafy_ws/install/turtlebot3_gazebo/share/turtlebot3_gazebo//models/turtlebot3_dqn_world/obstacles/model.sdf
[0.236s] -- Up-to-date symlink: /home/shh/ssafy_gazeboy/ssafy_ws/install/turtlebot3_gazebo/share/turtlebot3_gazebo//models/turtlebot3_house/model.config
[0.236s] -- Up-to-date symlink: /home/shh/ssafy_gazeboy/ssafy_ws/install/turtlebot3_gazebo/share/turtlebot3_gazebo//models/turtlebot3_house/model.sdf
[0.236s] -- Up-to-date symlink: /home/shh/ssafy_gazeboy/ssafy_ws/install/turtlebot3_gazebo/share/turtlebot3_gazebo//models/turtlebot3_room/meshes/hexagon.dae
[0.236s] -- Up-to-date symlink: /home/shh/ssafy_gazeboy/ssafy_ws/install/turtlebot3_gazebo/share/turtlebot3_gazebo//models/turtlebot3_room/meshes/turtleroom.dae
[0.236s] -- Up-to-date symlink: /home/shh/ssafy_gazeboy/ssafy_ws/install/turtlebot3_gazebo/share/turtlebot3_gazebo//models/turtlebot3_room/meshes/wall.dae
[0.236s] -- Up-to-date symlink: /home/shh/ssafy_gazeboy/ssafy_ws/install/turtlebot3_gazebo/share/turtlebot3_gazebo//models/turtlebot3_room/model.config
[0.236s] -- Up-to-date symlink: /home/shh/ssafy_gazeboy/ssafy_ws/install/turtlebot3_gazebo/share/turtlebot3_gazebo//models/turtlebot3_room/model.sdf
[0.236s] -- Up-to-date symlink: /home/shh/ssafy_gazeboy/ssafy_ws/install/turtlebot3_gazebo/share/turtlebot3_gazebo//models/turtlebot3_room/troom.blend
[0.236s] -- Up-to-date symlink: /home/shh/ssafy_gazeboy/ssafy_ws/install/turtlebot3_gazebo/share/turtlebot3_gazebo//models/turtlebot3_room/troom.blend1
[0.236s] -- Up-to-date symlink: /home/shh/ssafy_gazeboy/ssafy_ws/install/turtlebot3_gazebo/share/turtlebot3_gazebo//models/turtlebot3_waffle/meshes/lds.dae
[0.237s] -- Up-to-date symlink: /home/shh/ssafy_gazeboy/ssafy_ws/install/turtlebot3_gazebo/share/turtlebot3_gazebo//models/turtlebot3_waffle/meshes/r200.dae
[0.237s] -- Up-to-date symlink: /home/shh/ssafy_gazeboy/ssafy_ws/install/turtlebot3_gazebo/share/turtlebot3_gazebo//models/turtlebot3_waffle/meshes/tire.dae
[0.237s] -- Up-to-date symlink: /home/shh/ssafy_gazeboy/ssafy_ws/install/turtlebot3_gazebo/share/turtlebot3_gazebo//models/turtlebot3_waffle/meshes/waffle_base.dae
[0.237s] -- Up-to-date symlink: /home/shh/ssafy_gazeboy/ssafy_ws/install/turtlebot3_gazebo/share/turtlebot3_gazebo//models/turtlebot3_waffle/model-1_4.sdf
[0.237s] -- Up-to-date symlink: /home/shh/ssafy_gazeboy/ssafy_ws/install/turtlebot3_gazebo/share/turtlebot3_gazebo//models/turtlebot3_waffle/model.config
[0.237s] -- Up-to-date symlink: /home/shh/ssafy_gazeboy/ssafy_ws/install/turtlebot3_gazebo/share/turtlebot3_gazebo//models/turtlebot3_waffle/model.sdf
[0.237s] -- Up-to-date symlink: /home/shh/ssafy_gazeboy/ssafy_ws/install/turtlebot3_gazebo/share/turtlebot3_gazebo//models/turtlebot3_waffle_pi/meshes/lds.dae
[0.237s] -- Up-to-date symlink: /home/shh/ssafy_gazeboy/ssafy_ws/install/turtlebot3_gazebo/share/turtlebot3_gazebo//models/turtlebot3_waffle_pi/meshes/tire.dae
[0.237s] -- Up-to-date symlink: /home/shh/ssafy_gazeboy/ssafy_ws/install/turtlebot3_gazebo/share/turtlebot3_gazebo//models/turtlebot3_waffle_pi/meshes/waffle_pi_base.dae
[0.237s] -- Up-to-date symlink: /home/shh/ssafy_gazeboy/ssafy_ws/install/turtlebot3_gazebo/share/turtlebot3_gazebo//models/turtlebot3_waffle_pi/model-1_4_.sdf
[0.237s] -- Up-to-date symlink: /home/shh/ssafy_gazeboy/ssafy_ws/install/turtlebot3_gazebo/share/turtlebot3_gazebo//models/turtlebot3_waffle_pi/model.config
[0.237s] -- Up-to-date symlink: /home/shh/ssafy_gazeboy/ssafy_ws/install/turtlebot3_gazebo/share/turtlebot3_gazebo//models/turtlebot3_waffle_pi/model.sdf
[0.237s] -- Up-to-date symlink: /home/shh/ssafy_gazeboy/ssafy_ws/install/turtlebot3_gazebo/share/turtlebot3_gazebo//models/turtlebot3_world/meshes/hexagon.dae
[0.238s] -- Up-to-date symlink: /home/shh/ssafy_gazeboy/ssafy_ws/install/turtlebot3_gazebo/share/turtlebot3_gazebo//models/turtlebot3_world/meshes/wall.dae
[0.238s] -- Up-to-date symlink: /home/shh/ssafy_gazeboy/ssafy_ws/install/turtlebot3_gazebo/share/turtlebot3_gazebo//models/turtlebot3_world/model-1_4.sdf
[0.238s] -- Up-to-date symlink: /home/shh/ssafy_gazeboy/ssafy_ws/install/turtlebot3_gazebo/share/turtlebot3_gazebo//models/turtlebot3_world/model.config
[0.238s] -- Up-to-date symlink: /home/shh/ssafy_gazeboy/ssafy_ws/install/turtlebot3_gazebo/share/turtlebot3_gazebo//models/turtlebot3_world/model.sdf
[0.238s] -- Up-to-date symlink: /home/shh/ssafy_gazeboy/ssafy_ws/install/turtlebot3_gazebo/share/turtlebot3_gazebo//models/velodyne_description/CHANGELOG.rst
[0.238s] -- Up-to-date symlink: /home/shh/ssafy_gazeboy/ssafy_ws/install/turtlebot3_gazebo/share/turtlebot3_gazebo//models/velodyne_description/CMakeLists.txt
[0.238s] -- Up-to-date symlink: /home/shh/ssafy_gazeboy/ssafy_ws/install/turtlebot3_gazebo/share/turtlebot3_gazebo//models/velodyne_description/env-hooks/velodyne_description.dsv.in
[0.238s] -- Up-to-date symlink: /home/shh/ssafy_gazeboy/ssafy_ws/install/turtlebot3_gazebo/share/turtlebot3_gazebo//models/velodyne_description/launch/example.launch.py
[0.238s] -- Up-to-date symlink: /home/shh/ssafy_gazeboy/ssafy_ws/install/turtlebot3_gazebo/share/turtlebot3_gazebo//models/velodyne_description/meshes/HDL32E_base.dae
[0.238s] -- Up-to-date symlink: /home/shh/ssafy_gazeboy/ssafy_ws/install/turtlebot3_gazebo/share/turtlebot3_gazebo//models/velodyne_description/meshes/HDL32E_base.stl
[0.238s] -- Up-to-date symlink: /home/shh/ssafy_gazeboy/ssafy_ws/install/turtlebot3_gazebo/share/turtlebot3_gazebo//models/velodyne_description/meshes/HDL32E_scan.dae
[0.238s] -- Up-to-date symlink: /home/shh/ssafy_gazeboy/ssafy_ws/install/turtlebot3_gazebo/share/turtlebot3_gazebo//models/velodyne_description/meshes/HDL32E_scan.stl
[0.239s] -- Up-to-date symlink: /home/shh/ssafy_gazeboy/ssafy_ws/install/turtlebot3_gazebo/share/turtlebot3_gazebo//models/velodyne_description/meshes/VLP16_base_1.dae
[0.239s] -- Up-to-date symlink: /home/shh/ssafy_gazeboy/ssafy_ws/install/turtlebot3_gazebo/share/turtlebot3_gazebo//models/velodyne_description/meshes/VLP16_base_1.stl
[0.239s] -- Up-to-date symlink: /home/shh/ssafy_gazeboy/ssafy_ws/install/turtlebot3_gazebo/share/turtlebot3_gazebo//models/velodyne_description/meshes/VLP16_base_2.dae
[0.239s] -- Up-to-date symlink: /home/shh/ssafy_gazeboy/ssafy_ws/install/turtlebot3_gazebo/share/turtlebot3_gazebo//models/velodyne_description/meshes/VLP16_base_2.stl
[0.239s] -- Up-to-date symlink: /home/shh/ssafy_gazeboy/ssafy_ws/install/turtlebot3_gazebo/share/turtlebot3_gazebo//models/velodyne_description/meshes/VLP16_scan.dae
[0.239s] -- Up-to-date symlink: /home/shh/ssafy_gazeboy/ssafy_ws/install/turtlebot3_gazebo/share/turtlebot3_gazebo//models/velodyne_description/meshes/VLP16_scan.stl
[0.240s] -- Up-to-date symlink: /home/shh/ssafy_gazeboy/ssafy_ws/install/turtlebot3_gazebo/share/turtlebot3_gazebo//models/velodyne_description/package.xml
[0.240s] -- Up-to-date symlink: /home/shh/ssafy_gazeboy/ssafy_ws/install/turtlebot3_gazebo/share/turtlebot3_gazebo//models/velodyne_description/rviz/example.rviz
[0.240s] -- Up-to-date symlink: /home/shh/ssafy_gazeboy/ssafy_ws/install/turtlebot3_gazebo/share/turtlebot3_gazebo//models/velodyne_description/urdf/HDL-32E.urdf.xacro
[0.240s] -- Up-to-date symlink: /home/shh/ssafy_gazeboy/ssafy_ws/install/turtlebot3_gazebo/share/turtlebot3_gazebo//models/velodyne_description/urdf/VLP-16.urdf.xacro
[0.240s] -- Up-to-date symlink: /home/shh/ssafy_gazeboy/ssafy_ws/install/turtlebot3_gazebo/share/turtlebot3_gazebo//models/velodyne_description/urdf/example.urdf.xacro
[0.240s] -- Up-to-date symlink: /home/shh/ssafy_gazeboy/ssafy_ws/install/turtlebot3_gazebo/share/turtlebot3_gazebo//models/velodyne_description/world/example.world
[0.241s] -- Up-to-date symlink: /home/shh/ssafy_gazeboy/ssafy_ws/install/turtlebot3_gazebo/share/turtlebot3_gazebo//rviz/tb3_gazebo.rviz
[0.241s] -- Up-to-date symlink: /home/shh/ssafy_gazeboy/ssafy_ws/install/turtlebot3_gazebo/share/turtlebot3_gazebo//worlds/empty_worlds/burger.model
[0.242s] -- Up-to-date symlink: /home/shh/ssafy_gazeboy/ssafy_ws/install/turtlebot3_gazebo/share/turtlebot3_gazebo//worlds/empty_worlds/waffle.model
[0.242s] -- Up-to-date symlink: /home/shh/ssafy_gazeboy/ssafy_ws/install/turtlebot3_gazebo/share/turtlebot3_gazebo//worlds/empty_worlds/waffle_pi.model
[0.242s] -- Up-to-date symlink: /home/shh/ssafy_gazeboy/ssafy_ws/install/turtlebot3_gazebo/share/turtlebot3_gazebo//worlds/example.world
[0.242s] -- Up-to-date symlink: /home/shh/ssafy_gazeboy/ssafy_ws/install/turtlebot3_gazebo/share/turtlebot3_gazebo//worlds/turtlebot3_autoraces/burger.model
[0.242s] -- Up-to-date symlink: /home/shh/ssafy_gazeboy/ssafy_ws/install/turtlebot3_gazebo/share/turtlebot3_gazebo//worlds/turtlebot3_autoraces/waffle.model
[0.242s] -- Up-to-date symlink: /home/shh/ssafy_gazeboy/ssafy_ws/install/turtlebot3_gazebo/share/turtlebot3_gazebo//worlds/turtlebot3_autoraces/waffle_pi.model
[0.242s] -- Up-to-date symlink: /home/shh/ssafy_gazeboy/ssafy_ws/install/turtlebot3_gazebo/share/turtlebot3_gazebo//worlds/turtlebot3_dqn_stage1/burger.model
[0.243s] -- Up-to-date symlink: /home/shh/ssafy_gazeboy/ssafy_ws/install/turtlebot3_gazebo/share/turtlebot3_gazebo//worlds/turtlebot3_dqn_stage1/waffle.model
[0.243s] -- Up-to-date symlink: /home/shh/ssafy_gazeboy/ssafy_ws/install/turtlebot3_gazebo/share/turtlebot3_gazebo//worlds/turtlebot3_dqn_stage1/waffle_pi.model
[0.243s] -- Up-to-date symlink: /home/shh/ssafy_gazeboy/ssafy_ws/install/turtlebot3_gazebo/share/turtlebot3_gazebo//worlds/turtlebot3_dqn_stage2/burger.model
[0.243s] -- Up-to-date symlink: /home/shh/ssafy_gazeboy/ssafy_ws/install/turtlebot3_gazebo/share/turtlebot3_gazebo//worlds/turtlebot3_dqn_stage2/waffle.model
[0.243s] -- Up-to-date symlink: /home/shh/ssafy_gazeboy/ssafy_ws/install/turtlebot3_gazebo/share/turtlebot3_gazebo//worlds/turtlebot3_dqn_stage2/waffle_pi.model
[0.243s] -- Up-to-date symlink: /home/shh/ssafy_gazeboy/ssafy_ws/install/turtlebot3_gazebo/share/turtlebot3_gazebo//worlds/turtlebot3_dqn_stage3/burger.model
[0.244s] -- Up-to-date symlink: /home/shh/ssafy_gazeboy/ssafy_ws/install/turtlebot3_gazebo/share/turtlebot3_gazebo//worlds/turtlebot3_dqn_stage3/waffle.model
[0.244s] -- Up-to-date symlink: /home/shh/ssafy_gazeboy/ssafy_ws/install/turtlebot3_gazebo/share/turtlebot3_gazebo//worlds/turtlebot3_dqn_stage3/waffle_pi.model
[0.244s] -- Up-to-date symlink: /home/shh/ssafy_gazeboy/ssafy_ws/install/turtlebot3_gazebo/share/turtlebot3_gazebo//worlds/turtlebot3_dqn_stage4/burger.model
[0.244s] -- Up-to-date symlink: /home/shh/ssafy_gazeboy/ssafy_ws/install/turtlebot3_gazebo/share/turtlebot3_gazebo//worlds/turtlebot3_dqn_stage4/waffle.model
[0.244s] -- Up-to-date symlink: /home/shh/ssafy_gazeboy/ssafy_ws/install/turtlebot3_gazebo/share/turtlebot3_gazebo//worlds/turtlebot3_dqn_stage4/waffle_pi.model
[0.244s] -- Up-to-date symlink: /home/shh/ssafy_gazeboy/ssafy_ws/install/turtlebot3_gazebo/share/turtlebot3_gazebo//worlds/turtlebot3_houses/burger.model
[0.245s] -- Up-to-date symlink: /home/shh/ssafy_gazeboy/ssafy_ws/install/turtlebot3_gazebo/share/turtlebot3_gazebo//worlds/turtlebot3_houses/waffle.model
[0.245s] -- Up-to-date symlink: /home/shh/ssafy_gazeboy/ssafy_ws/install/turtlebot3_gazebo/share/turtlebot3_gazebo//worlds/turtlebot3_houses/waffle_pi.model
[0.245s] -- Up-to-date symlink: /home/shh/ssafy_gazeboy/ssafy_ws/install/turtlebot3_gazebo/share/turtlebot3_gazebo//worlds/turtlebot3_tc_robots.world
[0.245s] -- Up-to-date symlink: /home/shh/ssafy_gazeboy/ssafy_ws/install/turtlebot3_gazebo/share/turtlebot3_gazebo//worlds/turtlebot3_tc_two_robots.world
[0.245s] -- Up-to-date symlink: /home/shh/ssafy_gazeboy/ssafy_ws/install/turtlebot3_gazebo/share/turtlebot3_gazebo//worlds/turtlebot3_tc_two_robots_velodyne.world
[0.245s] -- Up-to-date symlink: /home/shh/ssafy_gazeboy/ssafy_ws/install/turtlebot3_gazebo/share/turtlebot3_gazebo//worlds/turtlebot3_velodyne_robots.world
[0.245s] -- Up-to-date symlink: /home/shh/ssafy_gazeboy/ssafy_ws/install/turtlebot3_gazebo/share/turtlebot3_gazebo//worlds/turtlebot3_worlds/burger.model
[0.246s] -- Up-to-date symlink: /home/shh/ssafy_gazeboy/ssafy_ws/install/turtlebot3_gazebo/share/turtlebot3_gazebo//worlds/turtlebot3_worlds/waffle.model
[0.246s] -- Up-to-date symlink: /home/shh/ssafy_gazeboy/ssafy_ws/install/turtlebot3_gazebo/share/turtlebot3_gazebo//worlds/turtlebot3_worlds/waffle_pi.model
[0.246s] -- Up-to-date symlink: /home/shh/ssafy_gazeboy/ssafy_ws/install/turtlebot3_gazebo/share/turtlebot3_gazebo//urdf/turtlebot3_burger.urdf
[0.246s] -- Up-to-date symlink: /home/shh/ssafy_gazeboy/ssafy_ws/install/turtlebot3_gazebo/share/turtlebot3_gazebo//urdf/turtlebot3_velodyne_burger.urdf
[0.247s] -- Up-to-date symlink: /home/shh/ssafy_gazeboy/ssafy_ws/install/turtlebot3_gazebo/include//turtlebot3_gazebo/turtlebot3_drive.hpp
[0.247s] -- Up-to-date symlink: /home/shh/ssafy_gazeboy/ssafy_ws/install/turtlebot3_gazebo/share/ament_index/resource_index/package_run_dependencies/turtlebot3_gazebo
[0.247s] -- Up-to-date symlink: /home/shh/ssafy_gazeboy/ssafy_ws/install/turtlebot3_gazebo/share/ament_index/resource_index/parent_prefix_path/turtlebot3_gazebo
[0.247s] -- Up-to-date symlink: /home/shh/ssafy_gazeboy/ssafy_ws/install/turtlebot3_gazebo/share/turtlebot3_gazebo/environment/ament_prefix_path.sh
[0.248s] -- Up-to-date symlink: /home/shh/ssafy_gazeboy/ssafy_ws/install/turtlebot3_gazebo/share/turtlebot3_gazebo/environment/ament_prefix_path.dsv
[0.248s] -- Up-to-date symlink: /home/shh/ssafy_gazeboy/ssafy_ws/install/turtlebot3_gazebo/share/turtlebot3_gazebo/environment/path.sh
[0.248s] -- Up-to-date symlink: /home/shh/ssafy_gazeboy/ssafy_ws/install/turtlebot3_gazebo/share/turtlebot3_gazebo/environment/path.dsv
[0.248s] -- Up-to-date symlink: /home/shh/ssafy_gazeboy/ssafy_ws/install/turtlebot3_gazebo/share/turtlebot3_gazebo/local_setup.bash
[0.249s] -- Up-to-date symlink: /home/shh/ssafy_gazeboy/ssafy_ws/install/turtlebot3_gazebo/share/turtlebot3_gazebo/local_setup.sh
[0.249s] -- Up-to-date symlink: /home/shh/ssafy_gazeboy/ssafy_ws/install/turtlebot3_gazebo/share/turtlebot3_gazebo/local_setup.zsh
[0.249s] -- Up-to-date symlink: /home/shh/ssafy_gazeboy/ssafy_ws/install/turtlebot3_gazebo/share/turtlebot3_gazebo/local_setup.dsv
[0.249s] -- Symlinking: /home/shh/ssafy_gazeboy/ssafy_ws/install/turtlebot3_gazebo/share/turtlebot3_gazebo/package.dsv
[0.279s] -- Up-to-date symlink: /home/shh/ssafy_gazeboy/ssafy_ws/install/turtlebot3_gazebo/share/ament_index/resource_index/packages/turtlebot3_gazebo
[0.279s] -- Up-to-date symlink: /home/shh/ssafy_gazeboy/ssafy_ws/install/turtlebot3_gazebo/share/turtlebot3_gazebo/cmake/ament_cmake_export_include_directories-extras.cmake
[0.279s] -- Up-to-date symlink: /home/shh/ssafy_gazeboy/ssafy_ws/install/turtlebot3_gazebo/share/turtlebot3_gazebo/cmake/ament_cmake_export_dependencies-extras.cmake
[0.279s] -- Up-to-date symlink: /home/shh/ssafy_gazeboy/ssafy_ws/install/turtlebot3_gazebo/share/turtlebot3_gazebo/cmake/turtlebot3_gazeboConfig.cmake
[0.279s] -- Up-to-date symlink: /home/shh/ssafy_gazeboy/ssafy_ws/install/turtlebot3_gazebo/share/turtlebot3_gazebo/cmake/turtlebot3_gazeboConfig-version.cmake
[0.279s] -- Up-to-date symlink: /home/shh/ssafy_gazeboy/ssafy_ws/install/turtlebot3_gazebo/share/turtlebot3_gazebo/package.xml
[0.314s] Invoked command in '/home/shh/ssafy_gazeboy/ssafy_ws/build/turtlebot3_gazebo' returned '0': CMAKE_PREFIX_PATH=/home/shh/ssafy_gazeboy/ssafy_ws/install/velodyne_description:/home/shh/ssafy_gazeboy/ssafy_ws/install/turtlebot3_description:/home/shh/ssafy_gazeboy/ssafy_ws/install/velodyne_simulator:/home/shh/ssafy_gazeboy/ssafy_ws/install/velodyne_gazebo_plugins:/home/shh/ssafy_gazeboy/ssafy_ws/install/turtlebot3_simulations:/home/shh/ssafy_gazeboy/ssafy_ws/install/turtlebot3_gazebo:/home/shh/ssafy_gazeboy/ssafy_ws/install/teleop_twist_keyboard:/opt/ros/foxy /usr/bin/cmake --install /home/shh/ssafy_gazeboy/ssafy_ws/build/turtlebot3_gazebo
