[3.170s] Invoking command in '/home/shh/ssafy_ws/build/tf_broadcaster': PYTHONPATH=/home/shh/ssafy_ws/build/tf_broadcaster/prefix_override:/home/shh/ssafy_ws/install/tf_broadcaster/lib/python3.8/site-packages:${PYTHONPATH} /usr/bin/python3 setup.py develop --editable --build-directory /home/shh/ssafy_ws/build/tf_broadcaster/build --no-deps install_data
[3.502s] running develop
[3.683s] running egg_info
[3.684s] writing tf_broadcaster.egg-info/PKG-INFO
[3.692s] writing dependency_links to tf_broadcaster.egg-info/dependency_links.txt
[3.692s] writing entry points to tf_broadcaster.egg-info/entry_points.txt
[3.692s] writing requirements to tf_broadcaster.egg-info/requires.txt
[3.693s] writing top-level names to tf_broadcaster.egg-info/top_level.txt
[3.722s] reading manifest file 'tf_broadcaster.egg-info/SOURCES.txt'
[3.723s] writing manifest file 'tf_broadcaster.egg-info/SOURCES.txt'
[3.746s] running build_ext
[3.747s] Creating /home/shh/ssafy_ws/install/tf_broadcaster/lib/python3.8/site-packages/site.py
[3.755s] Creating /home/shh/ssafy_ws/install/tf_broadcaster/lib/python3.8/site-packages/tf-broadcaster.egg-link (link to .)
[3.756s] Installing tf_broadcaster script to /home/shh/ssafy_ws/install/tf_broadcaster/lib/tf_broadcaster
[3.756s] Installing turtle_obstacle_marker script to /home/shh/ssafy_ws/install/tf_broadcaster/lib/tf_broadcaster
[3.756s] Installing turtlesim_avoid_obstacle script to /home/shh/ssafy_ws/install/tf_broadcaster/lib/tf_broadcaster
[3.756s] 
[3.756s] Installed /home/shh/ssafy_ws/build/tf_broadcaster
[3.756s] running install_data
[3.868s] Invoked command in '/home/shh/ssafy_ws/build/tf_broadcaster' returned '0': PYTHONPATH=/home/shh/ssafy_ws/build/tf_broadcaster/prefix_override:/home/shh/ssafy_ws/install/tf_broadcaster/lib/python3.8/site-packages:${PYTHONPATH} /usr/bin/python3 setup.py develop --editable --build-directory /home/shh/ssafy_ws/build/tf_broadcaster/build --no-deps install_data
