[0.034s] Invoking command in '/home/shh/ssafy_gazeboy/ssafy_ws/build/turtlebot3_bringup': CMAKE_PREFIX_PATH=/home/shh/ssafy_gazeboy/ssafy_ws/install/turtlebot3_node:/home/shh/ssafy_gazeboy/ssafy_ws/install/turtlebot3_msgs:/home/shh/ssafy_gazeboy/ssafy_ws/install/turtlebot3_description:/home/shh/ssafy_gazeboy/ssafy_ws/install/turtlebot3:/home/shh/ssafy_gazeboy/ssafy_ws/install/turtlebot3_simulations:/home/shh/ssafy_gazeboy/ssafy_ws/install/turtlebot3_bringup:/home/shh/ssafy_gazeboy/ssafy_ws/install/turtlebot3_navigation2:/home/shh/ssafy_gazeboy/ssafy_ws/install/turtlebot3_fake_node:/home/shh/ssafy_gazeboy/ssafy_ws/install/turtlebot3_gazebo:/home/shh/ssafy_gazeboy/ssafy_ws/install/turtlebot3_cartographer:/home/shh/ssafy_gazeboy/ssafy_ws/install/turtlebot3_teleop:/home/shh/ssafy_gazeboy/ssafy_ws/install/turtlebot3_example:/home/shh/ssafy_gazeboy/ssafy_ws/install/250114:/opt/ros/foxy PYTHONPATH=/home/shh/ssafy_gazeboy/ssafy_ws/install/turtlebot3_msgs/lib/python3.8/site-packages:/home/shh/ssafy_gazeboy/ssafy_ws/build/turtlebot3_teleop:/home/shh/ssafy_gazeboy/ssafy_ws/install/turtlebot3_teleop/lib/python3.8/site-packages:/home/shh/ssafy_gazeboy/ssafy_ws/build/turtlebot3_example:/home/shh/ssafy_gazeboy/ssafy_ws/install/turtlebot3_example/lib/python3.8/site-packages:/home/shh/ssafy_gazeboy/ssafy_ws/build/250114:/home/shh/ssafy_gazeboy/ssafy_ws/install/250114/lib/python3.8/site-packages:/opt/ros/foxy/lib/python3.8/site-packages /usr/bin/cmake /home/shh/ssafy_gazeboy/ssafy_ws/src/turtlebot3/turtlebot3_bringup -DAMENT_CMAKE_SYMLINK_INSTALL=1 -DCMAKE_INSTALL_PREFIX=/home/shh/ssafy_gazeboy/ssafy_ws/install/turtlebot3_bringup
[0.120s] -- The C compiler identification is GNU 9.4.0
[0.192s] -- The CXX compiler identification is GNU 9.4.0
[0.199s] -- Check for working C compiler: /usr/bin/cc
[0.320s] -- Check for working C compiler: /usr/bin/cc -- works
[0.322s] -- Detecting C compiler ABI info
[0.440s] -- Detecting C compiler ABI info - done
[0.455s] -- Detecting C compile features
[0.456s] -- Detecting C compile features - done
[0.458s] -- Check for working CXX compiler: /usr/bin/c++
[0.555s] -- Check for working CXX compiler: /usr/bin/c++ -- works
[0.557s] -- Detecting CXX compiler ABI info
[0.673s] -- Detecting CXX compiler ABI info - done
[0.685s] -- Detecting CXX compile features
[0.686s] -- Detecting CXX compile features - done
[0.689s] -- Found ament_cmake: 0.9.12 (/opt/ros/foxy/share/ament_cmake/cmake)
[0.725s] -- Found PythonInterp: /usr/bin/python3 (found suitable version "3.8.10", minimum required is "3") 
[0.725s] -- Using PYTHON_EXECUTABLE: /usr/bin/python3
[0.906s] -- Override CMake install command with custom implementation using symlinks instead of copying resources
[1.021s] -- Configuring done
[1.023s] -- Generating done
[1.023s] -- Build files have been written to: /home/shh/ssafy_gazeboy/ssafy_ws/build/turtlebot3_bringup
[1.028s] Invoked command in '/home/shh/ssafy_gazeboy/ssafy_ws/build/turtlebot3_bringup' returned '0': CMAKE_PREFIX_PATH=/home/shh/ssafy_gazeboy/ssafy_ws/install/turtlebot3_node:/home/shh/ssafy_gazeboy/ssafy_ws/install/turtlebot3_msgs:/home/shh/ssafy_gazeboy/ssafy_ws/install/turtlebot3_description:/home/shh/ssafy_gazeboy/ssafy_ws/install/turtlebot3:/home/shh/ssafy_gazeboy/ssafy_ws/install/turtlebot3_simulations:/home/shh/ssafy_gazeboy/ssafy_ws/install/turtlebot3_bringup:/home/shh/ssafy_gazeboy/ssafy_ws/install/turtlebot3_navigation2:/home/shh/ssafy_gazeboy/ssafy_ws/install/turtlebot3_fake_node:/home/shh/ssafy_gazeboy/ssafy_ws/install/turtlebot3_gazebo:/home/shh/ssafy_gazeboy/ssafy_ws/install/turtlebot3_cartographer:/home/shh/ssafy_gazeboy/ssafy_ws/install/turtlebot3_teleop:/home/shh/ssafy_gazeboy/ssafy_ws/install/turtlebot3_example:/home/shh/ssafy_gazeboy/ssafy_ws/install/250114:/opt/ros/foxy PYTHONPATH=/home/shh/ssafy_gazeboy/ssafy_ws/install/turtlebot3_msgs/lib/python3.8/site-packages:/home/shh/ssafy_gazeboy/ssafy_ws/build/turtlebot3_teleop:/home/shh/ssafy_gazeboy/ssafy_ws/install/turtlebot3_teleop/lib/python3.8/site-packages:/home/shh/ssafy_gazeboy/ssafy_ws/build/turtlebot3_example:/home/shh/ssafy_gazeboy/ssafy_ws/install/turtlebot3_example/lib/python3.8/site-packages:/home/shh/ssafy_gazeboy/ssafy_ws/build/250114:/home/shh/ssafy_gazeboy/ssafy_ws/install/250114/lib/python3.8/site-packages:/opt/ros/foxy/lib/python3.8/site-packages /usr/bin/cmake /home/shh/ssafy_gazeboy/ssafy_ws/src/turtlebot3/turtlebot3_bringup -DAMENT_CMAKE_SYMLINK_INSTALL=1 -DCMAKE_INSTALL_PREFIX=/home/shh/ssafy_gazeboy/ssafy_ws/install/turtlebot3_bringup
[1.035s] Invoking command in '/home/shh/ssafy_gazeboy/ssafy_ws/build/turtlebot3_bringup': CMAKE_PREFIX_PATH=/home/shh/ssafy_gazeboy/ssafy_ws/install/turtlebot3_node:/home/shh/ssafy_gazeboy/ssafy_ws/install/turtlebot3_msgs:/home/shh/ssafy_gazeboy/ssafy_ws/install/turtlebot3_description:/home/shh/ssafy_gazeboy/ssafy_ws/install/turtlebot3:/home/shh/ssafy_gazeboy/ssafy_ws/install/turtlebot3_simulations:/home/shh/ssafy_gazeboy/ssafy_ws/install/turtlebot3_bringup:/home/shh/ssafy_gazeboy/ssafy_ws/install/turtlebot3_navigation2:/home/shh/ssafy_gazeboy/ssafy_ws/install/turtlebot3_fake_node:/home/shh/ssafy_gazeboy/ssafy_ws/install/turtlebot3_gazebo:/home/shh/ssafy_gazeboy/ssafy_ws/install/turtlebot3_cartographer:/home/shh/ssafy_gazeboy/ssafy_ws/install/turtlebot3_teleop:/home/shh/ssafy_gazeboy/ssafy_ws/install/turtlebot3_example:/home/shh/ssafy_gazeboy/ssafy_ws/install/250114:/opt/ros/foxy PYTHONPATH=/home/shh/ssafy_gazeboy/ssafy_ws/install/turtlebot3_msgs/lib/python3.8/site-packages:/home/shh/ssafy_gazeboy/ssafy_ws/build/turtlebot3_teleop:/home/shh/ssafy_gazeboy/ssafy_ws/install/turtlebot3_teleop/lib/python3.8/site-packages:/home/shh/ssafy_gazeboy/ssafy_ws/build/turtlebot3_example:/home/shh/ssafy_gazeboy/ssafy_ws/install/turtlebot3_example/lib/python3.8/site-packages:/home/shh/ssafy_gazeboy/ssafy_ws/build/250114:/home/shh/ssafy_gazeboy/ssafy_ws/install/250114/lib/python3.8/site-packages:/opt/ros/foxy/lib/python3.8/site-packages /usr/bin/cmake --build /home/shh/ssafy_gazeboy/ssafy_ws/build/turtlebot3_bringup -- -j16 -l16
[1.087s] Invoked command in '/home/shh/ssafy_gazeboy/ssafy_ws/build/turtlebot3_bringup' returned '0': CMAKE_PREFIX_PATH=/home/shh/ssafy_gazeboy/ssafy_ws/install/turtlebot3_node:/home/shh/ssafy_gazeboy/ssafy_ws/install/turtlebot3_msgs:/home/shh/ssafy_gazeboy/ssafy_ws/install/turtlebot3_description:/home/shh/ssafy_gazeboy/ssafy_ws/install/turtlebot3:/home/shh/ssafy_gazeboy/ssafy_ws/install/turtlebot3_simulations:/home/shh/ssafy_gazeboy/ssafy_ws/install/turtlebot3_bringup:/home/shh/ssafy_gazeboy/ssafy_ws/install/turtlebot3_navigation2:/home/shh/ssafy_gazeboy/ssafy_ws/install/turtlebot3_fake_node:/home/shh/ssafy_gazeboy/ssafy_ws/install/turtlebot3_gazebo:/home/shh/ssafy_gazeboy/ssafy_ws/install/turtlebot3_cartographer:/home/shh/ssafy_gazeboy/ssafy_ws/install/turtlebot3_teleop:/home/shh/ssafy_gazeboy/ssafy_ws/install/turtlebot3_example:/home/shh/ssafy_gazeboy/ssafy_ws/install/250114:/opt/ros/foxy PYTHONPATH=/home/shh/ssafy_gazeboy/ssafy_ws/install/turtlebot3_msgs/lib/python3.8/site-packages:/home/shh/ssafy_gazeboy/ssafy_ws/build/turtlebot3_teleop:/home/shh/ssafy_gazeboy/ssafy_ws/install/turtlebot3_teleop/lib/python3.8/site-packages:/home/shh/ssafy_gazeboy/ssafy_ws/build/turtlebot3_example:/home/shh/ssafy_gazeboy/ssafy_ws/install/turtlebot3_example/lib/python3.8/site-packages:/home/shh/ssafy_gazeboy/ssafy_ws/build/250114:/home/shh/ssafy_gazeboy/ssafy_ws/install/250114/lib/python3.8/site-packages:/opt/ros/foxy/lib/python3.8/site-packages /usr/bin/cmake --build /home/shh/ssafy_gazeboy/ssafy_ws/build/turtlebot3_bringup -- -j16 -l16
[1.138s] Invoking command in '/home/shh/ssafy_gazeboy/ssafy_ws/build/turtlebot3_bringup': CMAKE_PREFIX_PATH=/home/shh/ssafy_gazeboy/ssafy_ws/install/turtlebot3_node:/home/shh/ssafy_gazeboy/ssafy_ws/install/turtlebot3_msgs:/home/shh/ssafy_gazeboy/ssafy_ws/install/turtlebot3_description:/home/shh/ssafy_gazeboy/ssafy_ws/install/turtlebot3:/home/shh/ssafy_gazeboy/ssafy_ws/install/turtlebot3_simulations:/home/shh/ssafy_gazeboy/ssafy_ws/install/turtlebot3_bringup:/home/shh/ssafy_gazeboy/ssafy_ws/install/turtlebot3_navigation2:/home/shh/ssafy_gazeboy/ssafy_ws/install/turtlebot3_fake_node:/home/shh/ssafy_gazeboy/ssafy_ws/install/turtlebot3_gazebo:/home/shh/ssafy_gazeboy/ssafy_ws/install/turtlebot3_cartographer:/home/shh/ssafy_gazeboy/ssafy_ws/install/turtlebot3_teleop:/home/shh/ssafy_gazeboy/ssafy_ws/install/turtlebot3_example:/home/shh/ssafy_gazeboy/ssafy_ws/install/250114:/opt/ros/foxy PYTHONPATH=/home/shh/ssafy_gazeboy/ssafy_ws/install/turtlebot3_msgs/lib/python3.8/site-packages:/home/shh/ssafy_gazeboy/ssafy_ws/build/turtlebot3_teleop:/home/shh/ssafy_gazeboy/ssafy_ws/install/turtlebot3_teleop/lib/python3.8/site-packages:/home/shh/ssafy_gazeboy/ssafy_ws/build/turtlebot3_example:/home/shh/ssafy_gazeboy/ssafy_ws/install/turtlebot3_example/lib/python3.8/site-packages:/home/shh/ssafy_gazeboy/ssafy_ws/build/250114:/home/shh/ssafy_gazeboy/ssafy_ws/install/250114/lib/python3.8/site-packages:/opt/ros/foxy/lib/python3.8/site-packages /usr/bin/cmake --install /home/shh/ssafy_gazeboy/ssafy_ws/build/turtlebot3_bringup
[1.153s] -- Install configuration: ""
[1.153s] -- Execute custom install script
[1.153s] -- Symlinking: /home/shh/ssafy_gazeboy/ssafy_ws/install/turtlebot3_bringup/share/turtlebot3_bringup/launch/robot.launch.py
[1.171s] -- Symlinking: /home/shh/ssafy_gazeboy/ssafy_ws/install/turtlebot3_bringup/share/turtlebot3_bringup/launch/rviz2.launch.py
[1.181s] -- Symlinking: /home/shh/ssafy_gazeboy/ssafy_ws/install/turtlebot3_bringup/share/turtlebot3_bringup/launch/turtlebot3_state_publisher.launch.py
[1.200s] -- Symlinking: /home/shh/ssafy_gazeboy/ssafy_ws/install/turtlebot3_bringup/share/turtlebot3_bringup/param/burger.yaml
[1.215s] -- Symlinking: /home/shh/ssafy_gazeboy/ssafy_ws/install/turtlebot3_bringup/share/turtlebot3_bringup/param/waffle.yaml
[1.231s] -- Symlinking: /home/shh/ssafy_gazeboy/ssafy_ws/install/turtlebot3_bringup/share/turtlebot3_bringup/param/waffle_pi.yaml
[1.241s] -- Symlinking: /home/shh/ssafy_gazeboy/ssafy_ws/install/turtlebot3_bringup/share/turtlebot3_bringup/script/99-turtlebot3-cdc.rules
[1.261s] -- Symlinking: /home/shh/ssafy_gazeboy/ssafy_ws/install/turtlebot3_bringup/share/turtlebot3_bringup/script/create_udev_rules
[1.276s] -- Symlinking: /home/shh/ssafy_gazeboy/ssafy_ws/install/turtlebot3_bringup/share/ament_index/resource_index/package_run_dependencies/turtlebot3_bringup
[1.286s] -- Symlinking: /home/shh/ssafy_gazeboy/ssafy_ws/install/turtlebot3_bringup/share/ament_index/resource_index/parent_prefix_path/turtlebot3_bringup
[1.302s] -- Symlinking: /home/shh/ssafy_gazeboy/ssafy_ws/install/turtlebot3_bringup/share/turtlebot3_bringup/environment/ament_prefix_path.sh
[1.312s] -- Symlinking: /home/shh/ssafy_gazeboy/ssafy_ws/install/turtlebot3_bringup/share/turtlebot3_bringup/environment/ament_prefix_path.dsv
[1.322s] -- Symlinking: /home/shh/ssafy_gazeboy/ssafy_ws/install/turtlebot3_bringup/share/turtlebot3_bringup/environment/path.sh
[1.332s] -- Symlinking: /home/shh/ssafy_gazeboy/ssafy_ws/install/turtlebot3_bringup/share/turtlebot3_bringup/environment/path.dsv
[1.342s] -- Symlinking: /home/shh/ssafy_gazeboy/ssafy_ws/install/turtlebot3_bringup/share/turtlebot3_bringup/local_setup.bash
[1.359s] -- Symlinking: /home/shh/ssafy_gazeboy/ssafy_ws/install/turtlebot3_bringup/share/turtlebot3_bringup/local_setup.sh
[1.379s] -- Symlinking: /home/shh/ssafy_gazeboy/ssafy_ws/install/turtlebot3_bringup/share/turtlebot3_bringup/local_setup.zsh
[1.394s] -- Symlinking: /home/shh/ssafy_gazeboy/ssafy_ws/install/turtlebot3_bringup/share/turtlebot3_bringup/local_setup.dsv
[1.412s] -- Symlinking: /home/shh/ssafy_gazeboy/ssafy_ws/install/turtlebot3_bringup/share/turtlebot3_bringup/package.dsv
[1.431s] -- Symlinking: /home/shh/ssafy_gazeboy/ssafy_ws/install/turtlebot3_bringup/share/ament_index/resource_index/packages/turtlebot3_bringup
[1.444s] -- Symlinking: /home/shh/ssafy_gazeboy/ssafy_ws/install/turtlebot3_bringup/share/turtlebot3_bringup/cmake/turtlebot3_bringupConfig.cmake
[1.459s] -- Symlinking: /home/shh/ssafy_gazeboy/ssafy_ws/install/turtlebot3_bringup/share/turtlebot3_bringup/cmake/turtlebot3_bringupConfig-version.cmake
[1.469s] -- Symlinking: /home/shh/ssafy_gazeboy/ssafy_ws/install/turtlebot3_bringup/share/turtlebot3_bringup/package.xml
[1.488s] Invoked command in '/home/shh/ssafy_gazeboy/ssafy_ws/build/turtlebot3_bringup' returned '0': CMAKE_PREFIX_PATH=/home/shh/ssafy_gazeboy/ssafy_ws/install/turtlebot3_node:/home/shh/ssafy_gazeboy/ssafy_ws/install/turtlebot3_msgs:/home/shh/ssafy_gazeboy/ssafy_ws/install/turtlebot3_description:/home/shh/ssafy_gazeboy/ssafy_ws/install/turtlebot3:/home/shh/ssafy_gazeboy/ssafy_ws/install/turtlebot3_simulations:/home/shh/ssafy_gazeboy/ssafy_ws/install/turtlebot3_bringup:/home/shh/ssafy_gazeboy/ssafy_ws/install/turtlebot3_navigation2:/home/shh/ssafy_gazeboy/ssafy_ws/install/turtlebot3_fake_node:/home/shh/ssafy_gazeboy/ssafy_ws/install/turtlebot3_gazebo:/home/shh/ssafy_gazeboy/ssafy_ws/install/turtlebot3_cartographer:/home/shh/ssafy_gazeboy/ssafy_ws/install/turtlebot3_teleop:/home/shh/ssafy_gazeboy/ssafy_ws/install/turtlebot3_example:/home/shh/ssafy_gazeboy/ssafy_ws/install/250114:/opt/ros/foxy PYTHONPATH=/home/shh/ssafy_gazeboy/ssafy_ws/install/turtlebot3_msgs/lib/python3.8/site-packages:/home/shh/ssafy_gazeboy/ssafy_ws/build/turtlebot3_teleop:/home/shh/ssafy_gazeboy/ssafy_ws/install/turtlebot3_teleop/lib/python3.8/site-packages:/home/shh/ssafy_gazeboy/ssafy_ws/build/turtlebot3_example:/home/shh/ssafy_gazeboy/ssafy_ws/install/turtlebot3_example/lib/python3.8/site-packages:/home/shh/ssafy_gazeboy/ssafy_ws/build/250114:/home/shh/ssafy_gazeboy/ssafy_ws/install/250114/lib/python3.8/site-packages:/opt/ros/foxy/lib/python3.8/site-packages /usr/bin/cmake --install /home/shh/ssafy_gazeboy/ssafy_ws/build/turtlebot3_bringup
