[0.012s] Invoking command in '/home/ubuntu/GAZEBO_SIM/ssafy_ws/build/velodyne_description': CMAKE_PREFIX_PATH=/opt/ros/humble CONDA_PROMPT_MODIFIER=(isaaclab) /usr/bin/cmake /home/ubuntu/GAZEBO_SIM/ssafy_ws/src/velodyne_simulator/velodyne_description -DCMAKE_INSTALL_PREFIX=/home/ubuntu/GAZEBO_SIM/ssafy_ws/install/velodyne_description
[0.199s] -- The C compiler identification is GNU 11.4.0
[0.199s] -- The CXX compiler identification is GNU 11.4.0
[0.199s] -- Detecting C compiler ABI info
[0.199s] -- Detecting C compiler ABI info - done
[0.199s] -- Check for working C compiler: /usr/bin/cc - skipped
[0.199s] -- Detecting C compile features
[0.199s] -- Detecting C compile features - done
[0.199s] -- Detecting CXX compiler ABI info
[0.206s] -- Detecting CXX compiler ABI info - done
[0.215s] -- Check for working CXX compiler: /usr/bin/c++ - skipped
[0.215s] -- Detecting CXX compile features
[0.216s] -- Detecting CXX compile features - done
[0.217s] -- Found ament_cmake: 1.3.11 (/opt/ros/humble/share/ament_cmake/cmake)
[0.537s] -- Found Python3: /home/ubuntu/anaconda3/envs/isaaclab/bin/python3 (found version "3.10.16") found components: Interpreter 
[0.673s] -- Configuring done
[0.675s] -- Generating done
[0.676s] -- Build files have been written to: /home/ubuntu/GAZEBO_SIM/ssafy_ws/build/velodyne_description
[0.680s] Invoked command in '/home/ubuntu/GAZEBO_SIM/ssafy_ws/build/velodyne_description' returned '0': CMAKE_PREFIX_PATH=/opt/ros/humble CONDA_PROMPT_MODIFIER=(isaaclab) /usr/bin/cmake /home/ubuntu/GAZEBO_SIM/ssafy_ws/src/velodyne_simulator/velodyne_description -DCMAKE_INSTALL_PREFIX=/home/ubuntu/GAZEBO_SIM/ssafy_ws/install/velodyne_description
[0.682s] Invoking command in '/home/ubuntu/GAZEBO_SIM/ssafy_ws/build/velodyne_description': CMAKE_PREFIX_PATH=/opt/ros/humble CONDA_PROMPT_MODIFIER=(isaaclab) /usr/bin/cmake --build /home/ubuntu/GAZEBO_SIM/ssafy_ws/build/velodyne_description -- -j12 -l12
[0.710s] Invoked command in '/home/ubuntu/GAZEBO_SIM/ssafy_ws/build/velodyne_description' returned '0': CMAKE_PREFIX_PATH=/opt/ros/humble CONDA_PROMPT_MODIFIER=(isaaclab) /usr/bin/cmake --build /home/ubuntu/GAZEBO_SIM/ssafy_ws/build/velodyne_description -- -j12 -l12
[0.718s] Invoking command in '/home/ubuntu/GAZEBO_SIM/ssafy_ws/build/velodyne_description': CMAKE_PREFIX_PATH=/opt/ros/humble CONDA_PROMPT_MODIFIER=(isaaclab) /usr/bin/cmake --install /home/ubuntu/GAZEBO_SIM/ssafy_ws/build/velodyne_description
[0.723s] -- Install configuration: ""
[0.723s] -- Installing: /home/ubuntu/GAZEBO_SIM/ssafy_ws/install/velodyne_description/share/velodyne_description/launch
[0.723s] -- Installing: /home/ubuntu/GAZEBO_SIM/ssafy_ws/install/velodyne_description/share/velodyne_description/launch/example.launch.py
[0.724s] -- Installing: /home/ubuntu/GAZEBO_SIM/ssafy_ws/install/velodyne_description/share/velodyne_description/meshes
[0.724s] -- Installing: /home/ubuntu/GAZEBO_SIM/ssafy_ws/install/velodyne_description/share/velodyne_description/meshes/VLP16_base_2.stl
[0.724s] -- Installing: /home/ubuntu/GAZEBO_SIM/ssafy_ws/install/velodyne_description/share/velodyne_description/meshes/VLP16_base_1.dae
[0.724s] -- Installing: /home/ubuntu/GAZEBO_SIM/ssafy_ws/install/velodyne_description/share/velodyne_description/meshes/HDL32E_scan.dae
[0.724s] -- Installing: /home/ubuntu/GAZEBO_SIM/ssafy_ws/install/velodyne_description/share/velodyne_description/meshes/VLP16_scan.dae
[0.724s] -- Installing: /home/ubuntu/GAZEBO_SIM/ssafy_ws/install/velodyne_description/share/velodyne_description/meshes/HDL32E_base.stl
[0.725s] -- Installing: /home/ubuntu/GAZEBO_SIM/ssafy_ws/install/velodyne_description/share/velodyne_description/meshes/HDL32E_base.dae
[0.725s] -- Installing: /home/ubuntu/GAZEBO_SIM/ssafy_ws/install/velodyne_description/share/velodyne_description/meshes/HDL32E_scan.stl
[0.725s] -- Installing: /home/ubuntu/GAZEBO_SIM/ssafy_ws/install/velodyne_description/share/velodyne_description/meshes/VLP16_base_2.dae
[0.725s] -- Installing: /home/ubuntu/GAZEBO_SIM/ssafy_ws/install/velodyne_description/share/velodyne_description/meshes/VLP16_scan.stl
[0.725s] -- Installing: /home/ubuntu/GAZEBO_SIM/ssafy_ws/install/velodyne_description/share/velodyne_description/meshes/VLP16_base_1.stl
[0.725s] -- Installing: /home/ubuntu/GAZEBO_SIM/ssafy_ws/install/velodyne_description/share/velodyne_description/rviz
[0.725s] -- Installing: /home/ubuntu/GAZEBO_SIM/ssafy_ws/install/velodyne_description/share/velodyne_description/rviz/example.rviz
[0.725s] -- Installing: /home/ubuntu/GAZEBO_SIM/ssafy_ws/install/velodyne_description/share/velodyne_description/urdf
[0.725s] -- Installing: /home/ubuntu/GAZEBO_SIM/ssafy_ws/install/velodyne_description/share/velodyne_description/urdf/example.urdf.xacro
[0.725s] -- Installing: /home/ubuntu/GAZEBO_SIM/ssafy_ws/install/velodyne_description/share/velodyne_description/urdf/VLP-16.urdf.xacro
[0.725s] -- Installing: /home/ubuntu/GAZEBO_SIM/ssafy_ws/install/velodyne_description/share/velodyne_description/urdf/HDL-32E.urdf.xacro
[0.725s] -- Installing: /home/ubuntu/GAZEBO_SIM/ssafy_ws/install/velodyne_description/share/velodyne_description/world
[0.726s] -- Installing: /home/ubuntu/GAZEBO_SIM/ssafy_ws/install/velodyne_description/share/velodyne_description/world/example.world
[0.726s] -- Installing: /home/ubuntu/GAZEBO_SIM/ssafy_ws/install/velodyne_description/share/velodyne_description/environment/velodyne_description.dsv
[0.726s] -- Installing: /home/ubuntu/GAZEBO_SIM/ssafy_ws/install/velodyne_description/share/ament_index/resource_index/package_run_dependencies/velodyne_description
[0.726s] -- Installing: /home/ubuntu/GAZEBO_SIM/ssafy_ws/install/velodyne_description/share/ament_index/resource_index/parent_prefix_path/velodyne_description
[0.726s] -- Installing: /home/ubuntu/GAZEBO_SIM/ssafy_ws/install/velodyne_description/share/velodyne_description/environment/ament_prefix_path.sh
[0.726s] -- Installing: /home/ubuntu/GAZEBO_SIM/ssafy_ws/install/velodyne_description/share/velodyne_description/environment/ament_prefix_path.dsv
[0.726s] -- Installing: /home/ubuntu/GAZEBO_SIM/ssafy_ws/install/velodyne_description/share/velodyne_description/environment/path.sh
[0.726s] -- Installing: /home/ubuntu/GAZEBO_SIM/ssafy_ws/install/velodyne_description/share/velodyne_description/environment/path.dsv
[0.726s] -- Installing: /home/ubuntu/GAZEBO_SIM/ssafy_ws/install/velodyne_description/share/velodyne_description/local_setup.bash
[0.726s] -- Installing: /home/ubuntu/GAZEBO_SIM/ssafy_ws/install/velodyne_description/share/velodyne_description/local_setup.sh
[0.726s] -- Installing: /home/ubuntu/GAZEBO_SIM/ssafy_ws/install/velodyne_description/share/velodyne_description/local_setup.zsh
[0.726s] -- Installing: /home/ubuntu/GAZEBO_SIM/ssafy_ws/install/velodyne_description/share/velodyne_description/local_setup.dsv
[0.726s] -- Installing: /home/ubuntu/GAZEBO_SIM/ssafy_ws/install/velodyne_description/share/velodyne_description/package.dsv
[0.726s] -- Installing: /home/ubuntu/GAZEBO_SIM/ssafy_ws/install/velodyne_description/share/ament_index/resource_index/packages/velodyne_description
[0.726s] -- Installing: /home/ubuntu/GAZEBO_SIM/ssafy_ws/install/velodyne_description/share/velodyne_description/cmake/velodyne_descriptionConfig.cmake
[0.726s] -- Installing: /home/ubuntu/GAZEBO_SIM/ssafy_ws/install/velodyne_description/share/velodyne_description/cmake/velodyne_descriptionConfig-version.cmake
[0.727s] -- Installing: /home/ubuntu/GAZEBO_SIM/ssafy_ws/install/velodyne_description/share/velodyne_description/package.xml
[0.730s] Invoked command in '/home/ubuntu/GAZEBO_SIM/ssafy_ws/build/velodyne_description' returned '0': CMAKE_PREFIX_PATH=/opt/ros/humble CONDA_PROMPT_MODIFIER=(isaaclab) /usr/bin/cmake --install /home/ubuntu/GAZEBO_SIM/ssafy_ws/build/velodyne_description
