[0.144s] Invoking command in '/home/shh/ssafy_gazeboy/ssafy_ws/build/turtlebot3_description': CMAKE_PREFIX_PATH=${CMAKE_PREFIX_PATH}:/home/shh/ssafy_gazeboy/ssafy_ws/install/turtlebot3_teleop:/home/shh/ssafy_gazeboy/ssafy_ws/install/turtlebot3_example:/home/shh/ssafy_gazeboy/ssafy_ws/install/250114:/opt/ros/foxy /usr/bin/cmake /home/shh/ssafy_gazeboy/ssafy_ws/src/turtlebot3/turtlebot3_description -DAMENT_CMAKE_SYMLINK_INSTALL=1 -DCMAKE_INSTALL_PREFIX=/home/shh/ssafy_gazeboy/ssafy_ws/install/turtlebot3_description
[0.484s] -- The C compiler identification is GNU 9.4.0
[0.485s] -- The CXX compiler identification is GNU 9.4.0
[0.485s] -- Check for working C compiler: /usr/bin/cc
[0.485s] -- Check for working C compiler: /usr/bin/cc -- works
[0.487s] -- Detecting C compiler ABI info
[0.490s] -- Detecting C compiler ABI info - done
[0.507s] -- Detecting C compile features
[0.507s] -- Detecting C compile features - done
[0.510s] -- Check for working CXX compiler: /usr/bin/c++
[0.616s] -- Check for working CXX compiler: /usr/bin/c++ -- works
[0.617s] -- Detecting CXX compiler ABI info
[0.713s] -- Detecting CXX compiler ABI info - done
[0.723s] -- Detecting CXX compile features
[0.724s] -- Detecting CXX compile features - done
[0.727s] -- Found ament_cmake: 0.9.12 (/opt/ros/foxy/share/ament_cmake/cmake)
[0.756s] -- Found PythonInterp: /usr/bin/python3 (found suitable version "3.8.10", minimum required is "3") 
[0.756s] -- Using PYTHON_EXECUTABLE: /usr/bin/python3
[0.968s] -- Override CMake install command with custom implementation using symlinks instead of copying resources
[1.011s] -- Found urdf: 2.4.0 (/opt/ros/foxy/share/urdf/cmake)
[1.117s] -- Configuring done
[1.122s] -- Generating done
[1.123s] -- Build files have been written to: /home/shh/ssafy_gazeboy/ssafy_ws/build/turtlebot3_description
[1.129s] Invoked command in '/home/shh/ssafy_gazeboy/ssafy_ws/build/turtlebot3_description' returned '0': CMAKE_PREFIX_PATH=${CMAKE_PREFIX_PATH}:/home/shh/ssafy_gazeboy/ssafy_ws/install/turtlebot3_teleop:/home/shh/ssafy_gazeboy/ssafy_ws/install/turtlebot3_example:/home/shh/ssafy_gazeboy/ssafy_ws/install/250114:/opt/ros/foxy /usr/bin/cmake /home/shh/ssafy_gazeboy/ssafy_ws/src/turtlebot3/turtlebot3_description -DAMENT_CMAKE_SYMLINK_INSTALL=1 -DCMAKE_INSTALL_PREFIX=/home/shh/ssafy_gazeboy/ssafy_ws/install/turtlebot3_description
[1.130s] Invoking command in '/home/shh/ssafy_gazeboy/ssafy_ws/build/turtlebot3_description': CMAKE_PREFIX_PATH=${CMAKE_PREFIX_PATH}:/home/shh/ssafy_gazeboy/ssafy_ws/install/turtlebot3_teleop:/home/shh/ssafy_gazeboy/ssafy_ws/install/turtlebot3_example:/home/shh/ssafy_gazeboy/ssafy_ws/install/250114:/opt/ros/foxy /usr/bin/cmake --build /home/shh/ssafy_gazeboy/ssafy_ws/build/turtlebot3_description -- -j16 -l16
[1.208s] Invoked command in '/home/shh/ssafy_gazeboy/ssafy_ws/build/turtlebot3_description' returned '0': CMAKE_PREFIX_PATH=${CMAKE_PREFIX_PATH}:/home/shh/ssafy_gazeboy/ssafy_ws/install/turtlebot3_teleop:/home/shh/ssafy_gazeboy/ssafy_ws/install/turtlebot3_example:/home/shh/ssafy_gazeboy/ssafy_ws/install/250114:/opt/ros/foxy /usr/bin/cmake --build /home/shh/ssafy_gazeboy/ssafy_ws/build/turtlebot3_description -- -j16 -l16
[1.245s] Invoking command in '/home/shh/ssafy_gazeboy/ssafy_ws/build/turtlebot3_description': CMAKE_PREFIX_PATH=${CMAKE_PREFIX_PATH}:/home/shh/ssafy_gazeboy/ssafy_ws/install/turtlebot3_teleop:/home/shh/ssafy_gazeboy/ssafy_ws/install/turtlebot3_example:/home/shh/ssafy_gazeboy/ssafy_ws/install/250114:/opt/ros/foxy /usr/bin/cmake --install /home/shh/ssafy_gazeboy/ssafy_ws/build/turtlebot3_description
[1.258s] -- Install configuration: ""
[1.259s] -- Execute custom install script
[1.259s] -- Symlinking: /home/shh/ssafy_gazeboy/ssafy_ws/install/turtlebot3_description/share/turtlebot3_description/meshes/bases/burger_base.stl
[1.268s] -- Symlinking: /home/shh/ssafy_gazeboy/ssafy_ws/install/turtlebot3_description/share/turtlebot3_description/meshes/bases/waffle_base.stl
[1.277s] -- Symlinking: /home/shh/ssafy_gazeboy/ssafy_ws/install/turtlebot3_description/share/turtlebot3_description/meshes/bases/waffle_pi_base.stl
[1.287s] -- Symlinking: /home/shh/ssafy_gazeboy/ssafy_ws/install/turtlebot3_description/share/turtlebot3_description/meshes/sensors/astra.dae
[1.304s] -- Symlinking: /home/shh/ssafy_gazeboy/ssafy_ws/install/turtlebot3_description/share/turtlebot3_description/meshes/sensors/astra.jpg
[1.320s] -- Symlinking: /home/shh/ssafy_gazeboy/ssafy_ws/install/turtlebot3_description/share/turtlebot3_description/meshes/sensors/lds.stl
[1.332s] -- Symlinking: /home/shh/ssafy_gazeboy/ssafy_ws/install/turtlebot3_description/share/turtlebot3_description/meshes/sensors/r200.dae
[1.347s] -- Symlinking: /home/shh/ssafy_gazeboy/ssafy_ws/install/turtlebot3_description/share/turtlebot3_description/meshes/sensors/r200.jpg
[1.363s] -- Symlinking: /home/shh/ssafy_gazeboy/ssafy_ws/install/turtlebot3_description/share/turtlebot3_description/meshes/wheels/left_tire.stl
[1.375s] -- Symlinking: /home/shh/ssafy_gazeboy/ssafy_ws/install/turtlebot3_description/share/turtlebot3_description/meshes/wheels/right_tire.stl
[1.391s] -- Symlinking: /home/shh/ssafy_gazeboy/ssafy_ws/install/turtlebot3_description/share/turtlebot3_description/rviz/model.rviz
[1.403s] -- Symlinking: /home/shh/ssafy_gazeboy/ssafy_ws/install/turtlebot3_description/share/turtlebot3_description/urdf/VLP-16.urdf.xacro
[1.414s] -- Symlinking: /home/shh/ssafy_gazeboy/ssafy_ws/install/turtlebot3_description/share/turtlebot3_description/urdf/common_properties.urdf
[1.428s] -- Symlinking: /home/shh/ssafy_gazeboy/ssafy_ws/install/turtlebot3_description/share/turtlebot3_description/urdf/turtlebot3_burger.urdf
[1.440s] -- Symlinking: /home/shh/ssafy_gazeboy/ssafy_ws/install/turtlebot3_description/share/turtlebot3_description/urdf/turtlebot3_velodyne_burger.urdf
[1.450s] -- Symlinking: /home/shh/ssafy_gazeboy/ssafy_ws/install/turtlebot3_description/share/turtlebot3_description/urdf/turtlebot3_waffle.urdf
[1.460s] -- Symlinking: /home/shh/ssafy_gazeboy/ssafy_ws/install/turtlebot3_description/share/turtlebot3_description/urdf/turtlebot3_waffle_pi.urdf
[1.477s] -- Symlinking: /home/shh/ssafy_gazeboy/ssafy_ws/install/turtlebot3_description/share/ament_index/resource_index/package_run_dependencies/turtlebot3_description
[1.501s] -- Symlinking: /home/shh/ssafy_gazeboy/ssafy_ws/install/turtlebot3_description/share/ament_index/resource_index/parent_prefix_path/turtlebot3_description
[1.516s] -- Symlinking: /home/shh/ssafy_gazeboy/ssafy_ws/install/turtlebot3_description/share/turtlebot3_description/environment/ament_prefix_path.sh
[1.537s] -- Symlinking: /home/shh/ssafy_gazeboy/ssafy_ws/install/turtlebot3_description/share/turtlebot3_description/environment/ament_prefix_path.dsv
[1.549s] -- Symlinking: /home/shh/ssafy_gazeboy/ssafy_ws/install/turtlebot3_description/share/turtlebot3_description/environment/path.sh
[1.571s] -- Symlinking: /home/shh/ssafy_gazeboy/ssafy_ws/install/turtlebot3_description/share/turtlebot3_description/environment/path.dsv
[1.581s] -- Symlinking: /home/shh/ssafy_gazeboy/ssafy_ws/install/turtlebot3_description/share/turtlebot3_description/local_setup.bash
[1.593s] -- Symlinking: /home/shh/ssafy_gazeboy/ssafy_ws/install/turtlebot3_description/share/turtlebot3_description/local_setup.sh
[1.606s] -- Symlinking: /home/shh/ssafy_gazeboy/ssafy_ws/install/turtlebot3_description/share/turtlebot3_description/local_setup.zsh
[1.627s] -- Symlinking: /home/shh/ssafy_gazeboy/ssafy_ws/install/turtlebot3_description/share/turtlebot3_description/local_setup.dsv
[1.635s] -- Symlinking: /home/shh/ssafy_gazeboy/ssafy_ws/install/turtlebot3_description/share/turtlebot3_description/package.dsv
[1.645s] -- Symlinking: /home/shh/ssafy_gazeboy/ssafy_ws/install/turtlebot3_description/share/ament_index/resource_index/packages/turtlebot3_description
[1.656s] -- Symlinking: /home/shh/ssafy_gazeboy/ssafy_ws/install/turtlebot3_description/share/turtlebot3_description/cmake/turtlebot3_descriptionConfig.cmake
[1.666s] -- Symlinking: /home/shh/ssafy_gazeboy/ssafy_ws/install/turtlebot3_description/share/turtlebot3_description/cmake/turtlebot3_descriptionConfig-version.cmake
[1.686s] -- Symlinking: /home/shh/ssafy_gazeboy/ssafy_ws/install/turtlebot3_description/share/turtlebot3_description/package.xml
[1.708s] Invoked command in '/home/shh/ssafy_gazeboy/ssafy_ws/build/turtlebot3_description' returned '0': CMAKE_PREFIX_PATH=${CMAKE_PREFIX_PATH}:/home/shh/ssafy_gazeboy/ssafy_ws/install/turtlebot3_teleop:/home/shh/ssafy_gazeboy/ssafy_ws/install/turtlebot3_example:/home/shh/ssafy_gazeboy/ssafy_ws/install/250114:/opt/ros/foxy /usr/bin/cmake --install /home/shh/ssafy_gazeboy/ssafy_ws/build/turtlebot3_description
