[2.191s] Invoking command in '/home/shh/ssafy_ws/src/my_python_pkg': PYTHONPATH=/home/shh/ssafy_ws/build/my_python_pkg/prefix_override:/home/shh/ssafy_ws/install/my_python_pkg/lib/python3.8/site-packages:${PYTHONPATH} /usr/bin/python3 setup.py egg_info --egg-base ../../build/my_python_pkg build --build-base /home/shh/ssafy_ws/build/my_python_pkg/build install --record /home/shh/ssafy_ws/build/my_python_pkg/install.log --single-version-externally-managed
[2.397s] running egg_info
[2.397s] creating ../../build/my_python_pkg/my_python_pkg.egg-info
[2.398s] writing ../../build/my_python_pkg/my_python_pkg.egg-info/PKG-INFO
[2.398s] writing dependency_links to ../../build/my_python_pkg/my_python_pkg.egg-info/dependency_links.txt
[2.398s] writing entry points to ../../build/my_python_pkg/my_python_pkg.egg-info/entry_points.txt
[2.398s] writing requirements to ../../build/my_python_pkg/my_python_pkg.egg-info/requires.txt
[2.398s] writing top-level names to ../../build/my_python_pkg/my_python_pkg.egg-info/top_level.txt
[2.777s] writing manifest file '../../build/my_python_pkg/my_python_pkg.egg-info/SOURCES.txt'
[2.812s] reading manifest file '../../build/my_python_pkg/my_python_pkg.egg-info/SOURCES.txt'
[2.812s] writing manifest file '../../build/my_python_pkg/my_python_pkg.egg-info/SOURCES.txt'
[2.813s] running build
[2.813s] running build_py
[2.813s] creating /home/shh/ssafy_ws/build/my_python_pkg/build
[2.813s] creating /home/shh/ssafy_ws/build/my_python_pkg/build/lib
[2.813s] creating /home/shh/ssafy_ws/build/my_python_pkg/build/lib/my_python_pkg
[2.813s] copying my_python_pkg/my_node.py -> /home/shh/ssafy_ws/build/my_python_pkg/build/lib/my_python_pkg
[2.814s] copying my_python_pkg/__init__.py -> /home/shh/ssafy_ws/build/my_python_pkg/build/lib/my_python_pkg
[2.814s] running install
[2.814s] running install_lib
[2.817s] creating /home/shh/ssafy_ws/install/my_python_pkg/lib/python3.8/site-packages/my_python_pkg
[2.817s] copying /home/shh/ssafy_ws/build/my_python_pkg/build/lib/my_python_pkg/my_node.py -> /home/shh/ssafy_ws/install/my_python_pkg/lib/python3.8/site-packages/my_python_pkg
[2.817s] copying /home/shh/ssafy_ws/build/my_python_pkg/build/lib/my_python_pkg/__init__.py -> /home/shh/ssafy_ws/install/my_python_pkg/lib/python3.8/site-packages/my_python_pkg
[2.817s] byte-compiling /home/shh/ssafy_ws/install/my_python_pkg/lib/python3.8/site-packages/my_python_pkg/my_node.py to my_node.cpython-38.pyc
[2.817s] byte-compiling /home/shh/ssafy_ws/install/my_python_pkg/lib/python3.8/site-packages/my_python_pkg/__init__.py to __init__.cpython-38.pyc
[2.817s] running install_data
[2.819s] creating /home/shh/ssafy_ws/install/my_python_pkg/share/ament_index
[2.819s] creating /home/shh/ssafy_ws/install/my_python_pkg/share/ament_index/resource_index
[2.819s] creating /home/shh/ssafy_ws/install/my_python_pkg/share/ament_index/resource_index/packages
[2.819s] copying resource/my_python_pkg -> /home/shh/ssafy_ws/install/my_python_pkg/share/ament_index/resource_index/packages
[2.819s] copying package.xml -> /home/shh/ssafy_ws/install/my_python_pkg/share/my_python_pkg
[2.819s] running install_egg_info
[2.819s] Copying ../../build/my_python_pkg/my_python_pkg.egg-info to /home/shh/ssafy_ws/install/my_python_pkg/lib/python3.8/site-packages/my_python_pkg-0.0.0-py3.8.egg-info
[2.821s] running install_scripts
[2.832s] Installing my_node script to /home/shh/ssafy_ws/install/my_python_pkg/lib/my_python_pkg
[2.832s] writing list of installed files to '/home/shh/ssafy_ws/build/my_python_pkg/install.log'
[2.873s] Invoked command in '/home/shh/ssafy_ws/src/my_python_pkg' returned '0': PYTHONPATH=/home/shh/ssafy_ws/build/my_python_pkg/prefix_override:/home/shh/ssafy_ws/install/my_python_pkg/lib/python3.8/site-packages:${PYTHONPATH} /usr/bin/python3 setup.py egg_info --egg-base ../../build/my_python_pkg build --build-base /home/shh/ssafy_ws/build/my_python_pkg/build install --record /home/shh/ssafy_ws/build/my_python_pkg/install.log --single-version-externally-managed
