[0.441s] DEBUG:colcon:Command line arguments: ['/home/shh/.local/bin/colcon', 'build', '--symlink-install']
[0.441s] DEBUG:colcon:Parsed command line arguments: Namespace(allow_overriding=[], ament_cmake_args=None, base_paths=['.'], build_base='build', catkin_cmake_args=None, catkin_skip_building_tests=False, cmake_args=None, cmake_clean_cache=False, cmake_clean_first=False, cmake_force_configure=False, cmake_target=None, cmake_target_skip_unavailable=False, continue_on_error=False, event_handlers=None, executor='parallel', ignore_user_meta=False, install_base='install', log_base=None, log_level=None, main=<bound method BuildVerb.main of <colcon_core.verb.build.BuildVerb object at 0x7f15eaded580>>, merge_install=False, metas=['./colcon.meta'], packages_above=None, packages_above_and_dependencies=None, packages_above_depth=None, packages_end=None, packages_ignore=None, packages_ignore_regex=None, packages_select=None, packages_select_build_failed=False, packages_select_by_dep=None, packages_select_regex=None, packages_select_test_failures=False, packages_skip=None, packages_skip_build_finished=False, packages_skip_by_dep=None, packages_skip_regex=None, packages_skip_test_passed=False, packages_skip_up_to=None, packages_start=None, packages_up_to=None, packages_up_to_regex=None, parallel_workers=16, paths=None, symlink_install=True, test_result_base=None, verb_extension=<colcon_core.verb.build.BuildVerb object at 0x7f15eaded580>, verb_name='build', verb_parser=<colcon_defaults.argument_parser.defaults.DefaultArgumentsDecorator object at 0x7f15eadedac0>)
[0.466s] Level 1:colcon.colcon_core.package_discovery:discover_packages(colcon_meta) check parameters
[0.466s] Level 1:colcon.colcon_core.package_discovery:discover_packages(recursive) check parameters
[0.466s] Level 1:colcon.colcon_core.package_discovery:discover_packages(ignore) check parameters
[0.466s] Level 1:colcon.colcon_core.package_discovery:discover_packages(path) check parameters
[0.466s] Level 1:colcon.colcon_core.package_discovery:discover_packages(colcon_meta) discover
[0.466s] Level 1:colcon.colcon_core.package_discovery:discover_packages(recursive) discover
[0.466s] INFO:colcon.colcon_core.package_discovery:Crawling recursively for packages in '/home/shh/ssafy_gazeboy/ssafy_ws'
[0.466s] Level 1:colcon.colcon_core.package_identification:_identify(.) by extensions ['ignore', 'ignore_ament_install']
[0.466s] Level 1:colcon.colcon_core.package_identification:_identify(.) by extension 'ignore'
[0.466s] Level 1:colcon.colcon_core.package_identification:_identify(.) by extension 'ignore_ament_install'
[0.466s] Level 1:colcon.colcon_core.package_identification:_identify(.) by extensions ['colcon_pkg']
[0.467s] Level 1:colcon.colcon_core.package_identification:_identify(.) by extension 'colcon_pkg'
[0.467s] Level 1:colcon.colcon_core.package_identification:_identify(.) by extensions ['colcon_meta']
[0.467s] Level 1:colcon.colcon_core.package_identification:_identify(.) by extension 'colcon_meta'
[0.467s] Level 1:colcon.colcon_core.package_identification:_identify(.) by extensions ['ros']
[0.467s] Level 1:colcon.colcon_core.package_identification:_identify(.) by extension 'ros'
[0.475s] Level 1:colcon.colcon_core.package_identification:_identify(.) by extensions ['cmake', 'python']
[0.475s] Level 1:colcon.colcon_core.package_identification:_identify(.) by extension 'cmake'
[0.476s] Level 1:colcon.colcon_core.package_identification:_identify(.) by extension 'python'
[0.476s] Level 1:colcon.colcon_core.package_identification:_identify(.) by extensions ['python_setup_py']
[0.476s] Level 1:colcon.colcon_core.package_identification:_identify(.) by extension 'python_setup_py'
[0.476s] Level 1:colcon.colcon_core.package_identification:_identify(build) by extensions ['ignore', 'ignore_ament_install']
[0.476s] Level 1:colcon.colcon_core.package_identification:_identify(build) by extension 'ignore'
[0.476s] Level 1:colcon.colcon_core.package_identification:_identify(build) ignored
[0.476s] Level 1:colcon.colcon_core.package_identification:_identify(install) by extensions ['ignore', 'ignore_ament_install']
[0.476s] Level 1:colcon.colcon_core.package_identification:_identify(install) by extension 'ignore'
[0.476s] Level 1:colcon.colcon_core.package_identification:_identify(install) ignored
[0.476s] Level 1:colcon.colcon_core.package_identification:_identify(log) by extensions ['ignore', 'ignore_ament_install']
[0.476s] Level 1:colcon.colcon_core.package_identification:_identify(log) by extension 'ignore'
[0.476s] Level 1:colcon.colcon_core.package_identification:_identify(log) ignored
[0.476s] Level 1:colcon.colcon_core.package_identification:_identify(src) by extensions ['ignore', 'ignore_ament_install']
[0.476s] Level 1:colcon.colcon_core.package_identification:_identify(src) by extension 'ignore'
[0.476s] Level 1:colcon.colcon_core.package_identification:_identify(src) by extension 'ignore_ament_install'
[0.476s] Level 1:colcon.colcon_core.package_identification:_identify(src) by extensions ['colcon_pkg']
[0.476s] Level 1:colcon.colcon_core.package_identification:_identify(src) by extension 'colcon_pkg'
[0.476s] Level 1:colcon.colcon_core.package_identification:_identify(src) by extensions ['colcon_meta']
[0.476s] Level 1:colcon.colcon_core.package_identification:_identify(src) by extension 'colcon_meta'
[0.476s] Level 1:colcon.colcon_core.package_identification:_identify(src) by extensions ['ros']
[0.476s] Level 1:colcon.colcon_core.package_identification:_identify(src) by extension 'ros'
[0.477s] Level 1:colcon.colcon_core.package_identification:_identify(src) by extensions ['cmake', 'python']
[0.477s] Level 1:colcon.colcon_core.package_identification:_identify(src) by extension 'cmake'
[0.477s] Level 1:colcon.colcon_core.package_identification:_identify(src) by extension 'python'
[0.477s] Level 1:colcon.colcon_core.package_identification:_identify(src) by extensions ['python_setup_py']
[0.477s] Level 1:colcon.colcon_core.package_identification:_identify(src) by extension 'python_setup_py'
[0.477s] Level 1:colcon.colcon_core.package_identification:_identify(src/250114) by extensions ['ignore', 'ignore_ament_install']
[0.477s] Level 1:colcon.colcon_core.package_identification:_identify(src/250114) by extension 'ignore'
[0.477s] Level 1:colcon.colcon_core.package_identification:_identify(src/250114) by extension 'ignore_ament_install'
[0.477s] Level 1:colcon.colcon_core.package_identification:_identify(src/250114) by extensions ['colcon_pkg']
[0.477s] Level 1:colcon.colcon_core.package_identification:_identify(src/250114) by extension 'colcon_pkg'
[0.477s] Level 1:colcon.colcon_core.package_identification:_identify(src/250114) by extensions ['colcon_meta']
[0.477s] Level 1:colcon.colcon_core.package_identification:_identify(src/250114) by extension 'colcon_meta'
[0.477s] Level 1:colcon.colcon_core.package_identification:_identify(src/250114) by extensions ['ros']
[0.477s] Level 1:colcon.colcon_core.package_identification:_identify(src/250114) by extension 'ros'
[0.479s] DEBUG:colcon.colcon_core.package_identification:Package 'src/250114' with type 'ros.ament_python' and name '250114'
[0.479s] Level 1:colcon.colcon_core.package_discovery:discover_packages(recursive) using defaults
[0.479s] Level 1:colcon.colcon_core.package_discovery:discover_packages(ignore) discover
[0.479s] Level 1:colcon.colcon_core.package_discovery:discover_packages(ignore) using defaults
[0.479s] Level 1:colcon.colcon_core.package_discovery:discover_packages(path) discover
[0.479s] Level 1:colcon.colcon_core.package_discovery:discover_packages(path) using defaults
[0.507s] Level 1:colcon.colcon_core.package_discovery:discover_packages(prefix_path) check parameters
[0.507s] Level 1:colcon.colcon_core.package_discovery:discover_packages(prefix_path) discover
[0.511s] WARNING:colcon.colcon_ros.prefix_path.ament:The path '/home/shh/ssafy_gazeboy/ssafy_ws/install/yolo_pkg' in the environment variable AMENT_PREFIX_PATH doesn't exist
[0.511s] WARNING:colcon.colcon_ros.prefix_path.ament:The path '/home/shh/ssafy_gazeboy/ssafy_ws/install/turtle_spawner' in the environment variable AMENT_PREFIX_PATH doesn't exist
[0.511s] WARNING:colcon.colcon_ros.prefix_path.ament:The path '/home/shh/ssafy_gazeboy/ssafy_ws/install/turtle_controller' in the environment variable AMENT_PREFIX_PATH doesn't exist
[0.511s] WARNING:colcon.colcon_ros.prefix_path.ament:The path '/home/shh/ssafy_gazeboy/ssafy_ws/install/tf_broadcaster' in the environment variable AMENT_PREFIX_PATH doesn't exist
[0.511s] WARNING:colcon.colcon_ros.prefix_path.ament:The path '/home/shh/ssafy_gazeboy/ssafy_ws/install/ssafy_publisher_subscriber' in the environment variable AMENT_PREFIX_PATH doesn't exist
[0.511s] WARNING:colcon.colcon_ros.prefix_path.ament:The path '/home/shh/ssafy_gazeboy/ssafy_ws/install/simple_subscriber' in the environment variable AMENT_PREFIX_PATH doesn't exist
[0.511s] WARNING:colcon.colcon_ros.prefix_path.ament:The path '/home/shh/ssafy_gazeboy/ssafy_ws/install/simple_publisher' in the environment variable AMENT_PREFIX_PATH doesn't exist
[0.511s] WARNING:colcon.colcon_ros.prefix_path.ament:The path '/home/shh/ssafy_gazeboy/ssafy_ws/install/simple_car_tf' in the environment variable AMENT_PREFIX_PATH doesn't exist
[0.511s] WARNING:colcon.colcon_ros.prefix_path.ament:The path '/home/shh/ssafy_gazeboy/ssafy_ws/install/my_python_pkg' in the environment variable AMENT_PREFIX_PATH doesn't exist
[0.511s] WARNING:colcon.colcon_ros.prefix_path.ament:The path '/home/shh/ssafy_gazeboy/ssafy_ws/install/250114' in the environment variable AMENT_PREFIX_PATH doesn't exist
[0.511s] WARNING:colcon.colcon_ros.prefix_path.catkin:The path '/home/shh/ssafy_gazeboy/ssafy_ws/install/ssafy_publisher_subscriber' in the environment variable CMAKE_PREFIX_PATH doesn't exist
[0.515s] DEBUG:colcon.colcon_installed_package_information.package_discovery:Found 0 installed packages in /home/shh/ssafy_gazeboy/ssafy_ws/install
[0.519s] DEBUG:colcon.colcon_installed_package_information.package_discovery:Found 365 installed packages in /opt/ros/foxy
[0.521s] Level 1:colcon.colcon_core.package_discovery:discover_packages(prefix_path) using defaults
[0.581s] Level 5:colcon.colcon_core.verb:set package '250114' build argument 'cmake_args' from command line to 'None'
[0.581s] Level 5:colcon.colcon_core.verb:set package '250114' build argument 'cmake_target' from command line to 'None'
[0.581s] Level 5:colcon.colcon_core.verb:set package '250114' build argument 'cmake_target_skip_unavailable' from command line to 'False'
[0.581s] Level 5:colcon.colcon_core.verb:set package '250114' build argument 'cmake_clean_cache' from command line to 'False'
[0.581s] Level 5:colcon.colcon_core.verb:set package '250114' build argument 'cmake_clean_first' from command line to 'False'
[0.581s] Level 5:colcon.colcon_core.verb:set package '250114' build argument 'cmake_force_configure' from command line to 'False'
[0.581s] Level 5:colcon.colcon_core.verb:set package '250114' build argument 'ament_cmake_args' from command line to 'None'
[0.581s] Level 5:colcon.colcon_core.verb:set package '250114' build argument 'catkin_cmake_args' from command line to 'None'
[0.581s] Level 5:colcon.colcon_core.verb:set package '250114' build argument 'catkin_skip_building_tests' from command line to 'False'
[0.581s] DEBUG:colcon.colcon_core.verb:Building package '250114' with the following arguments: {'ament_cmake_args': None, 'build_base': '/home/shh/ssafy_gazeboy/ssafy_ws/build/250114', 'catkin_cmake_args': None, 'catkin_skip_building_tests': False, 'cmake_args': None, 'cmake_clean_cache': False, 'cmake_clean_first': False, 'cmake_force_configure': False, 'cmake_target': None, 'cmake_target_skip_unavailable': False, 'install_base': '/home/shh/ssafy_gazeboy/ssafy_ws/install/250114', 'merge_install': False, 'path': '/home/shh/ssafy_gazeboy/ssafy_ws/src/250114', 'symlink_install': True, 'test_result_base': None}
[0.582s] INFO:colcon.colcon_core.executor:Executing jobs using 'parallel' executor
[0.593s] DEBUG:colcon.colcon_parallel_executor.executor.parallel:run_until_complete
[0.593s] INFO:colcon.colcon_ros.task.ament_python.build:Building ROS package in '/home/shh/ssafy_gazeboy/ssafy_ws/src/250114' with build type 'ament_python'
[0.593s] Level 1:colcon.colcon_core.shell:create_environment_hook('250114', 'ament_prefix_path')
[0.600s] INFO:colcon.colcon_core.plugin_system:Skipping extension 'colcon_core.shell.bat': Not used on non-Windows systems
[0.600s] INFO:colcon.colcon_core.shell:Creating environment hook '/home/shh/ssafy_gazeboy/ssafy_ws/install/250114/share/250114/hook/ament_prefix_path.ps1'
[0.601s] INFO:colcon.colcon_core.shell:Creating environment descriptor '/home/shh/ssafy_gazeboy/ssafy_ws/install/250114/share/250114/hook/ament_prefix_path.dsv'
[0.601s] INFO:colcon.colcon_core.shell:Creating environment hook '/home/shh/ssafy_gazeboy/ssafy_ws/install/250114/share/250114/hook/ament_prefix_path.sh'
[0.606s] INFO:colcon.colcon_core.shell:Skip shell extension 'powershell' for command environment: Not usable outside of PowerShell
[0.606s] DEBUG:colcon.colcon_core.shell:Skip shell extension 'dsv' for command environment
[0.851s] INFO:colcon.colcon_core.task.python.build:Building Python package in '/home/shh/ssafy_gazeboy/ssafy_ws/src/250114'
[0.856s] INFO:colcon.colcon_core.shell:Skip shell extension 'powershell' for command environment: Not usable outside of PowerShell
[0.856s] DEBUG:colcon.colcon_core.shell:Skip shell extension 'dsv' for command environment
[1.295s] DEBUG:colcon.colcon_core.event_handler.log_command:Invoking command in '/home/shh/ssafy_gazeboy/ssafy_ws/build/250114': PYTHONPATH=/home/shh/ssafy_gazeboy/ssafy_ws/build/250114/prefix_override:/home/shh/ssafy_gazeboy/ssafy_ws/install/250114/lib/python3.8/site-packages:${PYTHONPATH} /usr/bin/python3 setup.py develop --editable --build-directory /home/shh/ssafy_gazeboy/ssafy_ws/build/250114/build --no-deps install_data
[1.741s] Level 1:colcon.colcon_core.shell:create_environment_hook('250114', 'pythonpath_develop')
[1.748s] INFO:colcon.colcon_core.shell:Creating environment hook '/home/shh/ssafy_gazeboy/ssafy_ws/build/250114/share/250114/hook/pythonpath_develop.ps1'
[1.748s] DEBUG:colcon.colcon_core.event_handler.log_command:Invoked command in '/home/shh/ssafy_gazeboy/ssafy_ws/build/250114' returned '0': PYTHONPATH=/home/shh/ssafy_gazeboy/ssafy_ws/build/250114/prefix_override:/home/shh/ssafy_gazeboy/ssafy_ws/install/250114/lib/python3.8/site-packages:${PYTHONPATH} /usr/bin/python3 setup.py develop --editable --build-directory /home/shh/ssafy_gazeboy/ssafy_ws/build/250114/build --no-deps install_data
[1.749s] INFO:colcon.colcon_core.shell:Creating environment descriptor '/home/shh/ssafy_gazeboy/ssafy_ws/build/250114/share/250114/hook/pythonpath_develop.dsv'
[1.749s] INFO:colcon.colcon_core.shell:Creating environment hook '/home/shh/ssafy_gazeboy/ssafy_ws/build/250114/share/250114/hook/pythonpath_develop.sh'
[1.761s] Level 1:colcon.colcon_core.environment:checking '/home/shh/ssafy_gazeboy/ssafy_ws/install/250114' for CMake module files
[1.761s] Level 1:colcon.colcon_core.environment:checking '/home/shh/ssafy_gazeboy/ssafy_ws/install/250114' for CMake config files
[1.762s] Level 1:colcon.colcon_core.environment:checking '/home/shh/ssafy_gazeboy/ssafy_ws/install/250114/lib'
[1.762s] Level 1:colcon.colcon_core.environment:checking '/home/shh/ssafy_gazeboy/ssafy_ws/install/250114/bin'
[1.762s] Level 1:colcon.colcon_core.environment:checking '/home/shh/ssafy_gazeboy/ssafy_ws/install/250114/lib/pkgconfig/250114.pc'
[1.762s] Level 1:colcon.colcon_core.environment:checking '/home/shh/ssafy_gazeboy/ssafy_ws/install/250114/lib/python3.8/site-packages'
[1.762s] Level 1:colcon.colcon_core.shell:create_environment_hook('250114', 'pythonpath')
[1.769s] INFO:colcon.colcon_core.shell:Creating environment hook '/home/shh/ssafy_gazeboy/ssafy_ws/install/250114/share/250114/hook/pythonpath.ps1'
[1.769s] INFO:colcon.colcon_core.shell:Creating environment descriptor '/home/shh/ssafy_gazeboy/ssafy_ws/install/250114/share/250114/hook/pythonpath.dsv'
[1.770s] INFO:colcon.colcon_core.shell:Creating environment hook '/home/shh/ssafy_gazeboy/ssafy_ws/install/250114/share/250114/hook/pythonpath.sh'
[1.770s] Level 1:colcon.colcon_core.environment:checking '/home/shh/ssafy_gazeboy/ssafy_ws/install/250114/bin'
[1.770s] Level 1:colcon.colcon_core.environment:create_environment_scripts_only(250114)
[1.777s] INFO:colcon.colcon_core.shell:Creating package script '/home/shh/ssafy_gazeboy/ssafy_ws/install/250114/share/250114/package.ps1'
[1.778s] INFO:colcon.colcon_core.shell:Creating package descriptor '/home/shh/ssafy_gazeboy/ssafy_ws/install/250114/share/250114/package.dsv'
[1.779s] INFO:colcon.colcon_core.shell:Creating package script '/home/shh/ssafy_gazeboy/ssafy_ws/install/250114/share/250114/package.sh'
[1.780s] INFO:colcon.colcon_core.shell:Creating package script '/home/shh/ssafy_gazeboy/ssafy_ws/install/250114/share/250114/package.bash'
[1.781s] INFO:colcon.colcon_core.shell:Creating package script '/home/shh/ssafy_gazeboy/ssafy_ws/install/250114/share/250114/package.zsh'
[1.781s] Level 1:colcon.colcon_core.environment:create_file_with_runtime_dependencies(/home/shh/ssafy_gazeboy/ssafy_ws/install/250114/share/colcon-core/packages/250114)
[1.782s] DEBUG:colcon.colcon_parallel_executor.executor.parallel:closing loop
[1.782s] DEBUG:colcon.colcon_parallel_executor.executor.parallel:loop closed
[1.782s] DEBUG:colcon.colcon_parallel_executor.executor.parallel:run_until_complete finished with '0'
[1.782s] DEBUG:colcon.colcon_core.event_reactor:joining thread
[1.794s] INFO:colcon.colcon_core.plugin_system:Skipping extension 'colcon_notification.desktop_notification.terminal_notifier': Not used on non-Darwin systems
[1.795s] INFO:colcon.colcon_core.plugin_system:Skipping extension 'colcon_notification.desktop_notification.win32': Not used on non-Windows systems
[1.795s] INFO:colcon.colcon_notification.desktop_notification:Sending desktop notification using 'notify2'
[1.818s] DEBUG:colcon.colcon_core.event_reactor:joined thread
[1.830s] INFO:colcon.colcon_core.shell:Creating prefix script '/home/shh/ssafy_gazeboy/ssafy_ws/install/local_setup.ps1'
[1.830s] INFO:colcon.colcon_core.shell:Creating prefix util module '/home/shh/ssafy_gazeboy/ssafy_ws/install/_local_setup_util_ps1.py'
[1.831s] INFO:colcon.colcon_core.shell:Creating prefix chain script '/home/shh/ssafy_gazeboy/ssafy_ws/install/setup.ps1'
[1.835s] INFO:colcon.colcon_core.shell:Creating prefix script '/home/shh/ssafy_gazeboy/ssafy_ws/install/local_setup.sh'
[1.836s] INFO:colcon.colcon_core.shell:Creating prefix util module '/home/shh/ssafy_gazeboy/ssafy_ws/install/_local_setup_util_sh.py'
[1.836s] INFO:colcon.colcon_core.shell:Creating prefix chain script '/home/shh/ssafy_gazeboy/ssafy_ws/install/setup.sh'
[1.840s] INFO:colcon.colcon_core.shell:Creating prefix script '/home/shh/ssafy_gazeboy/ssafy_ws/install/local_setup.bash'
[1.840s] INFO:colcon.colcon_core.shell:Creating prefix chain script '/home/shh/ssafy_gazeboy/ssafy_ws/install/setup.bash'
[1.844s] INFO:colcon.colcon_core.shell:Creating prefix script '/home/shh/ssafy_gazeboy/ssafy_ws/install/local_setup.zsh'
[1.845s] INFO:colcon.colcon_core.shell:Creating prefix chain script '/home/shh/ssafy_gazeboy/ssafy_ws/install/setup.zsh'
