[0.015s] Invoking command in '/home/ubuntu/GAZEBO_SIM/ssafy_ws/build/velodyne_description': CMAKE_PREFIX_PATH=/opt/ros/humble CONDA_PROMPT_MODIFIER=(isaaclab) /usr/bin/cmake /home/ubuntu/GAZEBO_SIM/ssafy_ws/src/velodyne_simulator/velodyne_description -DCMAKE_INSTALL_PREFIX=/home/ubuntu/GAZEBO_SIM/ssafy_ws/install/velodyne_description
[0.184s] -- The C compiler identification is GNU 11.4.0
[0.185s] -- The CXX compiler identification is GNU 11.4.0
[0.185s] -- Detecting C compiler ABI info
[0.220s] -- Detecting C compiler ABI info - done
[0.230s] -- Check for working C compiler: /usr/bin/cc - skipped
[0.231s] -- Detecting C compile features
[0.231s] -- Detecting C compile features - done
[0.235s] -- Detecting CXX compiler ABI info
[0.298s] -- Detecting CXX compiler ABI info - done
[0.305s] -- Check for working CXX compiler: /usr/bin/c++ - skipped
[0.305s] -- Detecting CXX compile features
[0.306s] -- Detecting CXX compile features - done
[0.310s] -- Found ament_cmake: 1.3.11 (/opt/ros/humble/share/ament_cmake/cmake)
[0.681s] -- Found Python3: /home/ubuntu/anaconda3/envs/isaaclab/bin/python3 (found version "3.10.16") found components: Interpreter 
[0.787s] Traceback (most recent call last):
[0.787s]   File "/opt/ros/humble/share/ament_cmake_core/cmake/core/package_xml_2_cmake.py", line 22, in <module>
[0.788s]     from catkin_pkg.package import parse_package_string
[0.788s] ModuleNotFoundError: No module named 'catkin_pkg'
[0.792s] [31mCMake Error at /opt/ros/humble/share/ament_cmake_core/cmake/core/ament_package_xml.cmake:95 (message):
[0.792s]   execute_process(/home/ubuntu/anaconda3/envs/isaaclab/bin/python3
[0.792s]   /opt/ros/humble/share/ament_cmake_core/cmake/core/package_xml_2_cmake.py
[0.792s]   /home/ubuntu/GAZEBO_SIM/ssafy_ws/src/velodyne_simulator/velodyne_description/package.xml
[0.792s]   /home/ubuntu/GAZEBO_SIM/ssafy_ws/build/velodyne_description/ament_cmake_core/package.cmake)
[0.792s]   returned error code 1
[0.792s] Call Stack (most recent call first):
[0.792s]   /opt/ros/humble/share/ament_cmake_core/cmake/core/ament_package_xml.cmake:49 (_ament_package_xml)
[0.792s]   /opt/ros/humble/share/ament_cmake_core/cmake/core/ament_package.cmake:63 (ament_package_xml)
[0.792s]   CMakeLists.txt:12 (ament_package)
[0.792s] 
[0.792s] [0m
[0.792s] -- Configuring incomplete, errors occurred!
[0.792s] See also "/home/ubuntu/GAZEBO_SIM/ssafy_ws/build/velodyne_description/CMakeFiles/CMakeOutput.log".
[0.796s] Invoked command in '/home/ubuntu/GAZEBO_SIM/ssafy_ws/build/velodyne_description' returned '1': CMAKE_PREFIX_PATH=/opt/ros/humble CONDA_PROMPT_MODIFIER=(isaaclab) /usr/bin/cmake /home/ubuntu/GAZEBO_SIM/ssafy_ws/src/velodyne_simulator/velodyne_description -DCMAKE_INSTALL_PREFIX=/home/ubuntu/GAZEBO_SIM/ssafy_ws/install/velodyne_description
