[1.175s] Invoking command in '/home/shh/ssafy_gazeboy/ssafy_ws/build/turtlebot3_teleop': PYTHONPATH=/home/shh/ssafy_gazeboy/ssafy_ws/build/turtlebot3_teleop/prefix_override:/home/shh/ssafy_gazeboy/ssafy_ws/install/turtlebot3_teleop/lib/python3.8/site-packages:${PYTHONPATH} /usr/bin/python3 setup.py develop --editable --build-directory /home/shh/ssafy_gazeboy/ssafy_ws/build/turtlebot3_teleop/build --no-deps install_data
[1.412s] running develop
[1.572s] running egg_info
[1.573s] creating turtlebot3_teleop.egg-info
[1.573s] writing turtlebot3_teleop.egg-info/PKG-INFO
[1.573s] writing dependency_links to turtlebot3_teleop.egg-info/dependency_links.txt
[1.573s] writing entry points to turtlebot3_teleop.egg-info/entry_points.txt
[1.574s] writing requirements to turtlebot3_teleop.egg-info/requires.txt
[1.574s] writing top-level names to turtlebot3_teleop.egg-info/top_level.txt
[1.574s] writing manifest file 'turtlebot3_teleop.egg-info/SOURCES.txt'
[1.616s] reading manifest file 'turtlebot3_teleop.egg-info/SOURCES.txt'
[1.616s] writing manifest file 'turtlebot3_teleop.egg-info/SOURCES.txt'
[1.650s] running build_ext
[1.651s] Creating /home/shh/ssafy_gazeboy/ssafy_ws/install/turtlebot3_teleop/lib/python3.8/site-packages/site.py
[1.651s] Creating /home/shh/ssafy_gazeboy/ssafy_ws/install/turtlebot3_teleop/lib/python3.8/site-packages/turtlebot3-teleop.egg-link (link to .)
[1.651s] Installing teleop_keyboard script to /home/shh/ssafy_gazeboy/ssafy_ws/install/turtlebot3_teleop/lib/turtlebot3_teleop
[1.651s] 
[1.651s] Installed /home/shh/ssafy_gazeboy/ssafy_ws/build/turtlebot3_teleop
[1.651s] running install_data
[1.651s] creating /home/shh/ssafy_gazeboy/ssafy_ws/install/turtlebot3_teleop/share/ament_index
[1.651s] creating /home/shh/ssafy_gazeboy/ssafy_ws/install/turtlebot3_teleop/share/ament_index/resource_index
[1.652s] creating /home/shh/ssafy_gazeboy/ssafy_ws/install/turtlebot3_teleop/share/ament_index/resource_index/packages
[1.652s] copying resource/turtlebot3_teleop -> /home/shh/ssafy_gazeboy/ssafy_ws/install/turtlebot3_teleop/share/ament_index/resource_index/packages
[1.652s] copying package.xml -> /home/shh/ssafy_gazeboy/ssafy_ws/install/turtlebot3_teleop/share/turtlebot3_teleop
[1.729s] Invoked command in '/home/shh/ssafy_gazeboy/ssafy_ws/build/turtlebot3_teleop' returned '0': PYTHONPATH=/home/shh/ssafy_gazeboy/ssafy_ws/build/turtlebot3_teleop/prefix_override:/home/shh/ssafy_gazeboy/ssafy_ws/install/turtlebot3_teleop/lib/python3.8/site-packages:${PYTHONPATH} /usr/bin/python3 setup.py develop --editable --build-directory /home/shh/ssafy_gazeboy/ssafy_ws/build/turtlebot3_teleop/build --no-deps install_data
