[0.011s] Invoking command in '/home/ubuntu/GAZEBO_SIM/ssafy_ws/build/velodyne_gazebo_plugins': CMAKE_PREFIX_PATH=/opt/ros/humble CONDA_PROMPT_MODIFIER=(isaaclab) /usr/bin/cmake /home/ubuntu/GAZEBO_SIM/ssafy_ws/src/velodyne_simulator/velodyne_gazebo_plugins -DCMAKE_INSTALL_PREFIX=/home/ubuntu/GAZEBO_SIM/ssafy_ws/install/velodyne_gazebo_plugins
[0.178s] -- The C compiler identification is GNU 11.4.0
[0.178s] -- The CXX compiler identification is GNU 11.4.0
[0.178s] -- Detecting C compiler ABI info
[0.213s] -- Detecting C compiler ABI info - done
[0.224s] -- Check for working C compiler: /usr/bin/cc - skipped
[0.224s] -- Detecting C compile features
[0.225s] -- Detecting C compile features - done
[0.229s] -- Detecting CXX compiler ABI info
[0.295s] -- Detecting CXX compiler ABI info - done
[0.301s] -- Check for working CXX compiler: /usr/bin/c++ - skipped
[0.302s] -- Detecting CXX compile features
[0.302s] -- Detecting CXX compile features - done
[0.304s] -- Found ament_cmake: 1.3.11 (/opt/ros/humble/share/ament_cmake/cmake)
[0.674s] -- Found Python3: /home/ubuntu/anaconda3/envs/isaaclab/bin/python3 (found version "3.10.16") found components: Interpreter 
[0.761s] -- Found gazebo_dev: 3.7.0 (/opt/ros/humble/share/gazebo_dev/cmake)
[0.770s] -- Found PkgConfig: /usr/bin/pkg-config (found version "0.29.2") 
[0.773s] -- Checking for module 'bullet>=2.82'
[0.782s] --   Found bullet, version 3.05
[0.852s] -- Found fcl: /usr/include (found suitable version "0.7.0", minimum required is "0.5.0") 
[0.879s] -- Found assimp: /usr/include (found version "5.2.0") 
[0.899s] -- Found DART: /usr/include (Required is at least version "6.6") found components: dart 
[1.015s] -- Found Boost: /home/ubuntu/anaconda3/lib/cmake/Boost-1.82.0/BoostConfig.cmake (found suitable version "1.82.0", minimum required is "1.40.0") found components: thread system filesystem program_options regex iostreams date_time 
[1.050s] [33mCMake Warning at /usr/share/cmake-3.22/Modules/FindProtobuf.cmake:524 (message):
[1.050s]   Protobuf compiler version 25.3 doesn't match library version 3.12.4
[1.050s] Call Stack (most recent call first):
[1.050s]   /usr/lib/x86_64-linux-gnu/cmake/gazebo/gazebo-config.cmake:203 (find_package)
[1.050s]   /opt/ros/humble/share/gazebo_dev/cmake/gazebo_dev-extras.cmake:3 (find_package)
[1.050s]   /opt/ros/humble/share/gazebo_dev/cmake/gazebo_devConfig.cmake:41 (include)
[1.050s]   CMakeLists.txt:13 (find_package)
[1.050s] 
[1.050s] [0m
[1.050s] -- Found Protobuf: /usr/lib/x86_64-linux-gnu/libprotobuf.so (found version "3.12.4") 
[1.056s] -- Looking for ignition-math6 -- found version 6.15.1
[1.064s] -- Searching for dependencies of ignition-math6
[1.065s] -- Looking for OGRE...
[1.065s] -- OGRE_PREFIX_WATCH changed.
[1.068s] -- Checking for module 'OGRE'
[1.075s] --   Found OGRE, version 1.9.0
[1.091s] -- Found Ogre Ghadamon (1.9.0)
[1.097s] -- Found OGRE: optimized;/usr/lib/x86_64-linux-gnu/libOgreMain.so;debug;/usr/lib/x86_64-linux-gnu/libOgreMain.so
[1.103s] -- Looking for OGRE_Paging...
[1.107s] -- Found OGRE_Paging: optimized;/usr/lib/x86_64-linux-gnu/libOgrePaging.so;debug;/usr/lib/x86_64-linux-gnu/libOgrePaging.so
[1.107s] -- Looking for OGRE_Terrain...
[1.109s] -- Found OGRE_Terrain: optimized;/usr/lib/x86_64-linux-gnu/libOgreTerrain.so;debug;/usr/lib/x86_64-linux-gnu/libOgreTerrain.so
[1.110s] -- Looking for OGRE_Property...
[1.112s] -- Found OGRE_Property: optimized;/usr/lib/x86_64-linux-gnu/libOgreProperty.so;debug;/usr/lib/x86_64-linux-gnu/libOgreProperty.so
[1.112s] -- Looking for OGRE_RTShaderSystem...
[1.115s] -- Found OGRE_RTShaderSystem: optimized;/usr/lib/x86_64-linux-gnu/libOgreRTShaderSystem.so;debug;/usr/lib/x86_64-linux-gnu/libOgreRTShaderSystem.so
[1.115s] -- Looking for OGRE_Volume...
[1.118s] -- Found OGRE_Volume: optimized;/usr/lib/x86_64-linux-gnu/libOgreVolume.so;debug;/usr/lib/x86_64-linux-gnu/libOgreVolume.so
[1.118s] -- Looking for OGRE_Overlay...
[1.121s] -- Found OGRE_Overlay: optimized;/usr/lib/x86_64-linux-gnu/libOgreOverlay.so;debug;/usr/lib/x86_64-linux-gnu/libOgreOverlay.so
[1.182s] -- Looking for ignition-math6 -- found version 6.15.1
[1.185s] -- Looking for ignition-transport8 -- found version 8.2.1
[1.185s] -- Searching for dependencies of ignition-transport8
[1.198s] [33mCMake Warning at /usr/share/cmake-3.22/Modules/FindProtobuf.cmake:524 (message):
[1.198s]   Protobuf compiler version 25.3 doesn't match library version 3.12.4
[1.198s] Call Stack (most recent call first):
[1.198s]   /usr/share/cmake/ignition-cmake2/cmake2/FindIgnProtobuf.cmake:34 (find_package)
[1.198s]   /usr/lib/x86_64-linux-gnu/cmake/ignition-transport8/ignition-transport8-config.cmake:92 (find_package)
[1.198s]   /usr/lib/x86_64-linux-gnu/cmake/gazebo/gazebo-config.cmake:235 (find_package)
[1.198s]   /opt/ros/humble/share/gazebo_dev/cmake/gazebo_dev-extras.cmake:3 (find_package)
[1.198s]   /opt/ros/humble/share/gazebo_dev/cmake/gazebo_devConfig.cmake:41 (include)
[1.199s]   CMakeLists.txt:13 (find_package)
[1.199s] 
[1.199s] [0m
[1.199s] -- Found Protobuf: /usr/lib/x86_64-linux-gnu/libprotobuf.so (found suitable version "3.12.4", minimum required is "3") 
[1.205s] -- Checking for module 'uuid'
[1.211s] --   Found uuid, version 2.37.2
[1.228s] -- Found UUID: TRUE  
[1.231s] -- Looking for ignition-msgs5 -- found version 5.8.1
[1.231s] -- Searching for dependencies of ignition-msgs5
[1.244s] [33mCMake Warning at /usr/share/cmake-3.22/Modules/FindProtobuf.cmake:524 (message):
[1.244s]   Protobuf compiler version 25.3 doesn't match library version 3.12.4
[1.244s] Call Stack (most recent call first):
[1.244s]   /usr/share/cmake/ignition-cmake2/cmake2/FindIgnProtobuf.cmake:34 (find_package)
[1.244s]   /usr/lib/x86_64-linux-gnu/cmake/ignition-msgs5/ignition-msgs5-config.cmake:92 (find_package)
[1.244s]   /usr/lib/x86_64-linux-gnu/cmake/ignition-transport8/ignition-transport8-config.cmake:96 (find_package)
[1.244s]   /usr/lib/x86_64-linux-gnu/cmake/gazebo/gazebo-config.cmake:235 (find_package)
[1.244s]   /opt/ros/humble/share/gazebo_dev/cmake/gazebo_dev-extras.cmake:3 (find_package)
[1.244s]   /opt/ros/humble/share/gazebo_dev/cmake/gazebo_devConfig.cmake:41 (include)
[1.244s]   CMakeLists.txt:13 (find_package)
[1.244s] 
[1.244s] [0m
[1.245s] -- Looking for ignition-math6 -- found version 6.15.1
[1.248s] -- Checking for module 'tinyxml2'
[1.255s] --   Found tinyxml2, version 9.0.0
[1.274s] -- Looking for ignition-msgs5 -- found version 5.8.1
[1.278s] -- Looking for ignition-common3 -- found version 3.14.0
[1.278s] -- Searching for dependencies of ignition-common3
[1.278s] -- Looking for dlfcn.h - found
[1.279s] -- Looking for libdl - found
[1.280s] -- Found DL: TRUE  
[1.288s] -- Found tinyobjloader: /usr/lib/x86_64-linux-gnu/cmake/tinyobjloader/tinyobjloader-config.cmake (found version "2.0.0") 
[1.288s] -- Searching for <ignition-common3> component [graphics]
[1.291s] -- Looking for ignition-common3-graphics -- found version 3.14.0
[1.291s] -- Searching for dependencies of ignition-common3-graphics
[1.291s] -- Looking for ignition-math6 -- found version 6.15.1
[1.294s] -- Looking for ignition-fuel_tools4 -- found version 4.4.0
[1.295s] -- Searching for dependencies of ignition-fuel_tools4
[1.336s] -- Found CURL: /usr/lib/x86_64-linux-gnu/libcurl.so (found version "7.81.0")  
[1.343s] -- Checking for module 'jsoncpp'
[1.349s] --   Found jsoncpp, version 1.9.5
[1.367s] -- Found JSONCPP: TRUE  
[1.371s] -- Checking for module 'libzip'
[1.378s] --   Found libzip, version 1.7.3
[1.394s] -- Found ZIP: TRUE  
[1.394s] -- Looking for ignition-common3 -- found version 3.14.0
[1.394s] -- Looking for ignition-math6 -- found version 6.15.1
[1.395s] -- Looking for ignition-msgs5 -- found version 5.8.1
[1.399s] -- Gazebo version: 11.10
[1.399s] -- Checking for module 'tbb'
[1.406s] --   Found tbb, version 2021.5.0
[1.425s] -- Found gazebo_ros: 3.7.0 (/opt/ros/humble/share/gazebo_ros/cmake)
[1.460s] -- Found rosidl_generator_c: 3.1.6 (/opt/ros/humble/share/rosidl_generator_c/cmake)
[1.464s] -- Found rosidl_adapter: 3.1.6 (/opt/ros/humble/share/rosidl_adapter/cmake)
[1.472s] -- Found rosidl_generator_cpp: 3.1.6 (/opt/ros/humble/share/rosidl_generator_cpp/cmake)
[1.484s] -- Using all available rosidl_typesupport_c: rosidl_typesupport_fastrtps_c;rosidl_typesupport_introspection_c
[1.497s] -- Using all available rosidl_typesupport_cpp: rosidl_typesupport_fastrtps_cpp;rosidl_typesupport_introspection_cpp
[1.534s] -- Found rmw_implementation_cmake: 6.1.2 (/opt/ros/humble/share/rmw_implementation_cmake/cmake)
[1.537s] -- Found rmw_cyclonedds_cpp: 1.3.4 (/opt/ros/humble/share/rmw_cyclonedds_cpp/cmake)
[1.557s] -- Using RMW implementation 'rmw_cyclonedds_cpp' as default
[1.565s] -- Found Threads: TRUE  
[1.607s] -- Found gazebo_msgs: 3.7.0 (/opt/ros/humble/share/gazebo_msgs/cmake)
[1.650s] -- Found sensor_msgs: 4.2.4 (/opt/ros/humble/share/sensor_msgs/cmake)
[1.684s] Traceback (most recent call last):
[1.684s]   File "/opt/ros/humble/share/ament_cmake_core/cmake/core/package_xml_2_cmake.py", line 22, in <module>
[1.684s]     from catkin_pkg.package import parse_package_string
[1.684s] ModuleNotFoundError: No module named 'catkin_pkg'
[1.686s] [31mCMake Error at /opt/ros/humble/share/ament_cmake_core/cmake/core/ament_package_xml.cmake:95 (message):
[1.686s]   execute_process(/home/ubuntu/anaconda3/envs/isaaclab/bin/python3
[1.686s]   /opt/ros/humble/share/ament_cmake_core/cmake/core/package_xml_2_cmake.py
[1.686s]   /home/ubuntu/GAZEBO_SIM/ssafy_ws/src/velodyne_simulator/velodyne_gazebo_plugins/package.xml
[1.686s]   /home/ubuntu/GAZEBO_SIM/ssafy_ws/build/velodyne_gazebo_plugins/ament_cmake_core/package.cmake)
[1.686s]   returned error code 1
[1.686s] Call Stack (most recent call first):
[1.686s]   /opt/ros/humble/share/ament_cmake_core/cmake/core/ament_package_xml.cmake:49 (_ament_package_xml)
[1.686s]   /opt/ros/humble/share/ament_cmake_core/cmake/core/ament_package.cmake:63 (ament_package_xml)
[1.686s]   CMakeLists.txt:51 (ament_package)
[1.686s] 
[1.687s] [0m
[1.687s] -- Configuring incomplete, errors occurred!
[1.687s] See also "/home/ubuntu/GAZEBO_SIM/ssafy_ws/build/velodyne_gazebo_plugins/CMakeFiles/CMakeOutput.log".
