[0.776s] Invoking command in '/home/shh/ssafy_gazeboy/ssafy_ws/build/teleop_twist_keyboard': PYTHONPATH=/home/shh/ssafy_gazeboy/ssafy_ws/build/teleop_twist_keyboard/prefix_override:/home/shh/ssafy_gazeboy/ssafy_ws/install/teleop_twist_keyboard/lib/python3.8/site-packages:${PYTHONPATH} /usr/bin/python3 setup.py develop --editable --build-directory /home/shh/ssafy_gazeboy/ssafy_ws/build/teleop_twist_keyboard/build --no-deps install_data
[1.003s] running develop
[1.164s] running egg_info
[1.164s] creating teleop_twist_keyboard.egg-info
[1.164s] writing teleop_twist_keyboard.egg-info/PKG-INFO
[1.165s] writing dependency_links to teleop_twist_keyboard.egg-info/dependency_links.txt
[1.165s] writing entry points to teleop_twist_keyboard.egg-info/entry_points.txt
[1.165s] writing requirements to teleop_twist_keyboard.egg-info/requires.txt
[1.165s] writing top-level names to teleop_twist_keyboard.egg-info/top_level.txt
[1.166s] writing manifest file 'teleop_twist_keyboard.egg-info/SOURCES.txt'
[1.192s] reading manifest file 'teleop_twist_keyboard.egg-info/SOURCES.txt'
[1.192s] writing manifest file 'teleop_twist_keyboard.egg-info/SOURCES.txt'
[1.221s] running build_ext
[1.222s] Creating /home/shh/ssafy_gazeboy/ssafy_ws/install/teleop_twist_keyboard/lib/python3.8/site-packages/site.py
[1.223s] Creating /home/shh/ssafy_gazeboy/ssafy_ws/install/teleop_twist_keyboard/lib/python3.8/site-packages/teleop-twist-keyboard.egg-link (link to .)
[1.224s] Installing teleop_twist_keyboard script to /home/shh/ssafy_gazeboy/ssafy_ws/install/teleop_twist_keyboard/lib/teleop_twist_keyboard
[1.224s] 
[1.224s] Installed /home/shh/ssafy_gazeboy/ssafy_ws/build/teleop_twist_keyboard
[1.225s] running install_data
[1.225s] creating /home/shh/ssafy_gazeboy/ssafy_ws/install/teleop_twist_keyboard/share/ament_index
[1.225s] creating /home/shh/ssafy_gazeboy/ssafy_ws/install/teleop_twist_keyboard/share/ament_index/resource_index
[1.225s] creating /home/shh/ssafy_gazeboy/ssafy_ws/install/teleop_twist_keyboard/share/ament_index/resource_index/packages
[1.225s] copying resource/teleop_twist_keyboard -> /home/shh/ssafy_gazeboy/ssafy_ws/install/teleop_twist_keyboard/share/ament_index/resource_index/packages
[1.225s] copying package.xml -> /home/shh/ssafy_gazeboy/ssafy_ws/install/teleop_twist_keyboard/share/teleop_twist_keyboard
[1.267s] Invoked command in '/home/shh/ssafy_gazeboy/ssafy_ws/build/teleop_twist_keyboard' returned '0': PYTHONPATH=/home/shh/ssafy_gazeboy/ssafy_ws/build/teleop_twist_keyboard/prefix_override:/home/shh/ssafy_gazeboy/ssafy_ws/install/teleop_twist_keyboard/lib/python3.8/site-packages:${PYTHONPATH} /usr/bin/python3 setup.py develop --editable --build-directory /home/shh/ssafy_gazeboy/ssafy_ws/build/teleop_twist_keyboard/build --no-deps install_data
