[0.101s] Invoking command in '/home/shh/ssafy_gazeboy/ssafy_ws/build/turtlebot3_cartographer': CMAKE_PREFIX_PATH=/opt/ros/foxy /usr/bin/cmake /home/shh/ssafy_gazeboy/ssafy_ws/src/turtlebot3/turtlebot3_cartographer -DAMENT_CMAKE_SYMLINK_INSTALL=1 -DCMAKE_INSTALL_PREFIX=/home/shh/ssafy_gazeboy/ssafy_ws/install/turtlebot3_cartographer
[0.417s] -- The C compiler identification is GNU 9.4.0
[0.431s] -- The CXX compiler identification is GNU 9.4.0
[0.438s] -- Check for working C compiler: /usr/bin/cc
[0.535s] -- Check for working C compiler: /usr/bin/cc -- works
[0.536s] -- Detecting C compiler ABI info
[0.621s] -- Detecting C compiler ABI info - done
[0.634s] -- Detecting C compile features
[0.635s] -- Detecting C compile features - done
[0.638s] -- Check for working CXX compiler: /usr/bin/c++
[0.753s] -- Check for working CXX compiler: /usr/bin/c++ -- works
[0.755s] -- Detecting CXX compiler ABI info
[0.855s] -- Detecting CXX compiler ABI info - done
[0.869s] -- Detecting CXX compile features
[0.870s] -- Detecting CXX compile features - done
[0.873s] -- Found ament_cmake: 0.9.12 (/opt/ros/foxy/share/ament_cmake/cmake)
[0.898s] -- Found PythonInterp: /usr/bin/python3 (found suitable version "3.8.10", minimum required is "3") 
[0.898s] -- Using PYTHON_EXECUTABLE: /usr/bin/python3
[1.098s] -- Override CMake install command with custom implementation using symlinks instead of copying resources
[1.202s] -- Configuring done
[1.209s] -- Generating done
[1.209s] -- Build files have been written to: /home/shh/ssafy_gazeboy/ssafy_ws/build/turtlebot3_cartographer
[1.218s] Invoked command in '/home/shh/ssafy_gazeboy/ssafy_ws/build/turtlebot3_cartographer' returned '0': CMAKE_PREFIX_PATH=/opt/ros/foxy /usr/bin/cmake /home/shh/ssafy_gazeboy/ssafy_ws/src/turtlebot3/turtlebot3_cartographer -DAMENT_CMAKE_SYMLINK_INSTALL=1 -DCMAKE_INSTALL_PREFIX=/home/shh/ssafy_gazeboy/ssafy_ws/install/turtlebot3_cartographer
[1.222s] Invoking command in '/home/shh/ssafy_gazeboy/ssafy_ws/build/turtlebot3_cartographer': CMAKE_PREFIX_PATH=/opt/ros/foxy /usr/bin/cmake --build /home/shh/ssafy_gazeboy/ssafy_ws/build/turtlebot3_cartographer -- -j16 -l16
[1.267s] Invoked command in '/home/shh/ssafy_gazeboy/ssafy_ws/build/turtlebot3_cartographer' returned '0': CMAKE_PREFIX_PATH=/opt/ros/foxy /usr/bin/cmake --build /home/shh/ssafy_gazeboy/ssafy_ws/build/turtlebot3_cartographer -- -j16 -l16
[1.318s] Invoking command in '/home/shh/ssafy_gazeboy/ssafy_ws/build/turtlebot3_cartographer': CMAKE_PREFIX_PATH=/opt/ros/foxy /usr/bin/cmake --install /home/shh/ssafy_gazeboy/ssafy_ws/build/turtlebot3_cartographer
[1.333s] -- Install configuration: ""
[1.334s] -- Execute custom install script
[1.334s] -- Symlinking: /home/shh/ssafy_gazeboy/ssafy_ws/install/turtlebot3_cartographer/share/turtlebot3_cartographer/config/turtlebot3_lds_2d.lua
[1.347s] -- Symlinking: /home/shh/ssafy_gazeboy/ssafy_ws/install/turtlebot3_cartographer/share/turtlebot3_cartographer/launch/cartographer.launch.py
[1.364s] -- Symlinking: /home/shh/ssafy_gazeboy/ssafy_ws/install/turtlebot3_cartographer/share/turtlebot3_cartographer/launch/occupancy_grid.launch.py
[1.381s] -- Symlinking: /home/shh/ssafy_gazeboy/ssafy_ws/install/turtlebot3_cartographer/share/turtlebot3_cartographer/rviz/tb3_cartographer.rviz
[1.391s] -- Symlinking: /home/shh/ssafy_gazeboy/ssafy_ws/install/turtlebot3_cartographer/share/ament_index/resource_index/package_run_dependencies/turtlebot3_cartographer
[1.402s] -- Symlinking: /home/shh/ssafy_gazeboy/ssafy_ws/install/turtlebot3_cartographer/share/ament_index/resource_index/parent_prefix_path/turtlebot3_cartographer
[1.415s] -- Symlinking: /home/shh/ssafy_gazeboy/ssafy_ws/install/turtlebot3_cartographer/share/turtlebot3_cartographer/environment/ament_prefix_path.sh
[1.426s] -- Symlinking: /home/shh/ssafy_gazeboy/ssafy_ws/install/turtlebot3_cartographer/share/turtlebot3_cartographer/environment/ament_prefix_path.dsv
[1.438s] -- Symlinking: /home/shh/ssafy_gazeboy/ssafy_ws/install/turtlebot3_cartographer/share/turtlebot3_cartographer/environment/path.sh
[1.454s] -- Symlinking: /home/shh/ssafy_gazeboy/ssafy_ws/install/turtlebot3_cartographer/share/turtlebot3_cartographer/environment/path.dsv
[1.464s] -- Symlinking: /home/shh/ssafy_gazeboy/ssafy_ws/install/turtlebot3_cartographer/share/turtlebot3_cartographer/local_setup.bash
[1.478s] -- Symlinking: /home/shh/ssafy_gazeboy/ssafy_ws/install/turtlebot3_cartographer/share/turtlebot3_cartographer/local_setup.sh
[1.488s] -- Symlinking: /home/shh/ssafy_gazeboy/ssafy_ws/install/turtlebot3_cartographer/share/turtlebot3_cartographer/local_setup.zsh
[1.497s] -- Symlinking: /home/shh/ssafy_gazeboy/ssafy_ws/install/turtlebot3_cartographer/share/turtlebot3_cartographer/local_setup.dsv
[1.511s] -- Symlinking: /home/shh/ssafy_gazeboy/ssafy_ws/install/turtlebot3_cartographer/share/turtlebot3_cartographer/package.dsv
[1.525s] -- Symlinking: /home/shh/ssafy_gazeboy/ssafy_ws/install/turtlebot3_cartographer/share/ament_index/resource_index/packages/turtlebot3_cartographer
[1.540s] -- Symlinking: /home/shh/ssafy_gazeboy/ssafy_ws/install/turtlebot3_cartographer/share/turtlebot3_cartographer/cmake/turtlebot3_cartographerConfig.cmake
[1.553s] -- Symlinking: /home/shh/ssafy_gazeboy/ssafy_ws/install/turtlebot3_cartographer/share/turtlebot3_cartographer/cmake/turtlebot3_cartographerConfig-version.cmake
[1.568s] -- Symlinking: /home/shh/ssafy_gazeboy/ssafy_ws/install/turtlebot3_cartographer/share/turtlebot3_cartographer/package.xml
[1.590s] Invoked command in '/home/shh/ssafy_gazeboy/ssafy_ws/build/turtlebot3_cartographer' returned '0': CMAKE_PREFIX_PATH=/opt/ros/foxy /usr/bin/cmake --install /home/shh/ssafy_gazeboy/ssafy_ws/build/turtlebot3_cartographer
