[1.187s] Invoking command in '/home/shh/ssafy_gazeboy/ssafy_ws/build/turtlebot3_teleop': PYTHONPATH=/home/shh/ssafy_gazeboy/ssafy_ws/build/turtlebot3_teleop/prefix_override:/home/shh/ssafy_gazeboy/ssafy_ws/install/turtlebot3_teleop/lib/python3.8/site-packages:${PYTHONPATH} /usr/bin/python3 setup.py develop --editable --build-directory /home/shh/ssafy_gazeboy/ssafy_ws/build/turtlebot3_teleop/build --no-deps install_data
[1.432s] running develop
[1.616s] running egg_info
[1.617s] creating turtlebot3_teleop.egg-info
[1.617s] writing turtlebot3_teleop.egg-info/PKG-INFO
[1.617s] writing dependency_links to turtlebot3_teleop.egg-info/dependency_links.txt
[1.617s] writing entry points to turtlebot3_teleop.egg-info/entry_points.txt
[1.617s] writing requirements to turtlebot3_teleop.egg-info/requires.txt
[1.618s] writing top-level names to turtlebot3_teleop.egg-info/top_level.txt
[1.618s] writing manifest file 'turtlebot3_teleop.egg-info/SOURCES.txt'
[1.639s] reading manifest file 'turtlebot3_teleop.egg-info/SOURCES.txt'
[1.640s] writing manifest file 'turtlebot3_teleop.egg-info/SOURCES.txt'
[1.665s] running build_ext
[1.665s] Creating /home/shh/ssafy_gazeboy/ssafy_ws/install/turtlebot3_teleop/lib/python3.8/site-packages/site.py
[1.666s] Creating /home/shh/ssafy_gazeboy/ssafy_ws/install/turtlebot3_teleop/lib/python3.8/site-packages/turtlebot3-teleop.egg-link (link to .)
[1.667s] Installing teleop_keyboard script to /home/shh/ssafy_gazeboy/ssafy_ws/install/turtlebot3_teleop/lib/turtlebot3_teleop
[1.667s] 
[1.667s] Installed /home/shh/ssafy_gazeboy/ssafy_ws/build/turtlebot3_teleop
[1.667s] running install_data
[1.667s] creating /home/shh/ssafy_gazeboy/ssafy_ws/install/turtlebot3_teleop/share/ament_index
[1.668s] creating /home/shh/ssafy_gazeboy/ssafy_ws/install/turtlebot3_teleop/share/ament_index/resource_index
[1.668s] creating /home/shh/ssafy_gazeboy/ssafy_ws/install/turtlebot3_teleop/share/ament_index/resource_index/packages
[1.668s] copying resource/turtlebot3_teleop -> /home/shh/ssafy_gazeboy/ssafy_ws/install/turtlebot3_teleop/share/ament_index/resource_index/packages
[1.668s] copying package.xml -> /home/shh/ssafy_gazeboy/ssafy_ws/install/turtlebot3_teleop/share/turtlebot3_teleop
[1.791s] Invoked command in '/home/shh/ssafy_gazeboy/ssafy_ws/build/turtlebot3_teleop' returned '0': PYTHONPATH=/home/shh/ssafy_gazeboy/ssafy_ws/build/turtlebot3_teleop/prefix_override:/home/shh/ssafy_gazeboy/ssafy_ws/install/turtlebot3_teleop/lib/python3.8/site-packages:${PYTHONPATH} /usr/bin/python3 setup.py develop --editable --build-directory /home/shh/ssafy_gazeboy/ssafy_ws/build/turtlebot3_teleop/build --no-deps install_data
