[0.118s] Invoking command in '/home/shh/ssafy_gazeboy/ssafy_ws/build/turtlebot3_description': CMAKE_PREFIX_PATH=${CMAKE_PREFIX_PATH}:/home/shh/ssafy_gazeboy/ssafy_ws/install/teleop_twist_keyboard:/home/shh/ssafy_gazeboy/ssafy_ws/install/turtlebot3_teleop:/home/shh/ssafy_gazeboy/ssafy_ws/install/turtlebot3_example:/home/shh/ssafy_gazeboy/ssafy_ws/install/250114:/opt/ros/foxy /usr/bin/cmake /home/shh/ssafy_gazeboy/ssafy_ws/src/turtlebot3_description -DAMENT_CMAKE_SYMLINK_INSTALL=1 -DCMAKE_INSTALL_PREFIX=/home/shh/ssafy_gazeboy/ssafy_ws/install/turtlebot3_description
[0.428s] -- The C compiler identification is GNU 9.4.0
[0.429s] -- The CXX compiler identification is GNU 9.4.0
[0.429s] -- Check for working C compiler: /usr/bin/cc
[0.429s] -- Check for working C compiler: /usr/bin/cc -- works
[0.429s] -- Detecting C compiler ABI info
[0.515s] -- Detecting C compiler ABI info - done
[0.530s] -- Detecting C compile features
[0.531s] -- Detecting C compile features - done
[0.533s] -- Check for working CXX compiler: /usr/bin/c++
[0.658s] -- Check for working CXX compiler: /usr/bin/c++ -- works
[0.660s] -- Detecting CXX compiler ABI info
[0.796s] -- Detecting CXX compiler ABI info - done
[0.816s] -- Detecting CXX compile features
[0.816s] -- Detecting CXX compile features - done
[0.820s] -- Found ament_cmake: 0.9.12 (/opt/ros/foxy/share/ament_cmake/cmake)
[0.851s] -- Found PythonInterp: /usr/bin/python3 (found suitable version "3.8.10", minimum required is "3") 
[0.852s] -- Using PYTHON_EXECUTABLE: /usr/bin/python3
[1.037s] -- Override CMake install command with custom implementation using symlinks instead of copying resources
[1.077s] -- Found urdf: 2.4.0 (/opt/ros/foxy/share/urdf/cmake)
[1.185s] -- Configuring done
[1.188s] -- Generating done
[1.189s] -- Build files have been written to: /home/shh/ssafy_gazeboy/ssafy_ws/build/turtlebot3_description
[1.196s] Invoked command in '/home/shh/ssafy_gazeboy/ssafy_ws/build/turtlebot3_description' returned '0': CMAKE_PREFIX_PATH=${CMAKE_PREFIX_PATH}:/home/shh/ssafy_gazeboy/ssafy_ws/install/teleop_twist_keyboard:/home/shh/ssafy_gazeboy/ssafy_ws/install/turtlebot3_teleop:/home/shh/ssafy_gazeboy/ssafy_ws/install/turtlebot3_example:/home/shh/ssafy_gazeboy/ssafy_ws/install/250114:/opt/ros/foxy /usr/bin/cmake /home/shh/ssafy_gazeboy/ssafy_ws/src/turtlebot3_description -DAMENT_CMAKE_SYMLINK_INSTALL=1 -DCMAKE_INSTALL_PREFIX=/home/shh/ssafy_gazeboy/ssafy_ws/install/turtlebot3_description
[1.198s] Invoking command in '/home/shh/ssafy_gazeboy/ssafy_ws/build/turtlebot3_description': CMAKE_PREFIX_PATH=${CMAKE_PREFIX_PATH}:/home/shh/ssafy_gazeboy/ssafy_ws/install/teleop_twist_keyboard:/home/shh/ssafy_gazeboy/ssafy_ws/install/turtlebot3_teleop:/home/shh/ssafy_gazeboy/ssafy_ws/install/turtlebot3_example:/home/shh/ssafy_gazeboy/ssafy_ws/install/250114:/opt/ros/foxy /usr/bin/cmake --build /home/shh/ssafy_gazeboy/ssafy_ws/build/turtlebot3_description -- -j16 -l16
[1.256s] Invoked command in '/home/shh/ssafy_gazeboy/ssafy_ws/build/turtlebot3_description' returned '0': CMAKE_PREFIX_PATH=${CMAKE_PREFIX_PATH}:/home/shh/ssafy_gazeboy/ssafy_ws/install/teleop_twist_keyboard:/home/shh/ssafy_gazeboy/ssafy_ws/install/turtlebot3_teleop:/home/shh/ssafy_gazeboy/ssafy_ws/install/turtlebot3_example:/home/shh/ssafy_gazeboy/ssafy_ws/install/250114:/opt/ros/foxy /usr/bin/cmake --build /home/shh/ssafy_gazeboy/ssafy_ws/build/turtlebot3_description -- -j16 -l16
[1.306s] Invoking command in '/home/shh/ssafy_gazeboy/ssafy_ws/build/turtlebot3_description': CMAKE_PREFIX_PATH=${CMAKE_PREFIX_PATH}:/home/shh/ssafy_gazeboy/ssafy_ws/install/teleop_twist_keyboard:/home/shh/ssafy_gazeboy/ssafy_ws/install/turtlebot3_teleop:/home/shh/ssafy_gazeboy/ssafy_ws/install/turtlebot3_example:/home/shh/ssafy_gazeboy/ssafy_ws/install/250114:/opt/ros/foxy /usr/bin/cmake --install /home/shh/ssafy_gazeboy/ssafy_ws/build/turtlebot3_description
[1.325s] -- Install configuration: ""
[1.325s] -- Execute custom install script
[1.326s] -- Symlinking: /home/shh/ssafy_gazeboy/ssafy_ws/install/turtlebot3_description/share/turtlebot3_description/meshes/HDL32E_base.dae
[1.339s] -- Symlinking: /home/shh/ssafy_gazeboy/ssafy_ws/install/turtlebot3_description/share/turtlebot3_description/meshes/HDL32E_base.stl
[1.358s] -- Symlinking: /home/shh/ssafy_gazeboy/ssafy_ws/install/turtlebot3_description/share/turtlebot3_description/meshes/HDL32E_scan.dae
[1.368s] -- Symlinking: /home/shh/ssafy_gazeboy/ssafy_ws/install/turtlebot3_description/share/turtlebot3_description/meshes/HDL32E_scan.stl
[1.383s] -- Symlinking: /home/shh/ssafy_gazeboy/ssafy_ws/install/turtlebot3_description/share/turtlebot3_description/meshes/VLP16_base_1.dae
[1.393s] -- Symlinking: /home/shh/ssafy_gazeboy/ssafy_ws/install/turtlebot3_description/share/turtlebot3_description/meshes/VLP16_base_1.stl
[1.403s] -- Symlinking: /home/shh/ssafy_gazeboy/ssafy_ws/install/turtlebot3_description/share/turtlebot3_description/meshes/VLP16_base_2.dae
[1.413s] -- Symlinking: /home/shh/ssafy_gazeboy/ssafy_ws/install/turtlebot3_description/share/turtlebot3_description/meshes/VLP16_base_2.stl
[1.423s] -- Symlinking: /home/shh/ssafy_gazeboy/ssafy_ws/install/turtlebot3_description/share/turtlebot3_description/meshes/VLP16_scan.dae
[1.435s] -- Symlinking: /home/shh/ssafy_gazeboy/ssafy_ws/install/turtlebot3_description/share/turtlebot3_description/meshes/VLP16_scan.stl
[1.445s] -- Symlinking: /home/shh/ssafy_gazeboy/ssafy_ws/install/turtlebot3_description/share/turtlebot3_description/meshes/bases/burger_base.stl
[1.463s] -- Symlinking: /home/shh/ssafy_gazeboy/ssafy_ws/install/turtlebot3_description/share/turtlebot3_description/meshes/bases/waffle_base.stl
[1.481s] -- Symlinking: /home/shh/ssafy_gazeboy/ssafy_ws/install/turtlebot3_description/share/turtlebot3_description/meshes/bases/waffle_pi_base.stl
[1.501s] -- Symlinking: /home/shh/ssafy_gazeboy/ssafy_ws/install/turtlebot3_description/share/turtlebot3_description/meshes/sensors/astra.dae
[1.512s] -- Symlinking: /home/shh/ssafy_gazeboy/ssafy_ws/install/turtlebot3_description/share/turtlebot3_description/meshes/sensors/astra.jpg
[1.522s] -- Symlinking: /home/shh/ssafy_gazeboy/ssafy_ws/install/turtlebot3_description/share/turtlebot3_description/meshes/sensors/lds.stl
[1.534s] -- Symlinking: /home/shh/ssafy_gazeboy/ssafy_ws/install/turtlebot3_description/share/turtlebot3_description/meshes/sensors/r200.dae
[1.548s] -- Symlinking: /home/shh/ssafy_gazeboy/ssafy_ws/install/turtlebot3_description/share/turtlebot3_description/meshes/sensors/r200.jpg
[1.566s] -- Symlinking: /home/shh/ssafy_gazeboy/ssafy_ws/install/turtlebot3_description/share/turtlebot3_description/meshes/wheels/left_tire.stl
[1.576s] -- Symlinking: /home/shh/ssafy_gazeboy/ssafy_ws/install/turtlebot3_description/share/turtlebot3_description/meshes/wheels/right_tire.stl
[1.591s] -- Symlinking: /home/shh/ssafy_gazeboy/ssafy_ws/install/turtlebot3_description/share/turtlebot3_description/rviz/example.rviz
[1.607s] -- Symlinking: /home/shh/ssafy_gazeboy/ssafy_ws/install/turtlebot3_description/share/turtlebot3_description/rviz/model.rviz
[1.623s] -- Symlinking: /home/shh/ssafy_gazeboy/ssafy_ws/install/turtlebot3_description/share/turtlebot3_description/urdf/HDL-32E.urdf.xacro
[1.635s] -- Symlinking: /home/shh/ssafy_gazeboy/ssafy_ws/install/turtlebot3_description/share/turtlebot3_description/urdf/VLP-16.urdf.xacro
[1.644s] -- Symlinking: /home/shh/ssafy_gazeboy/ssafy_ws/install/turtlebot3_description/share/turtlebot3_description/urdf/common_properties.urdf
[1.663s] -- Symlinking: /home/shh/ssafy_gazeboy/ssafy_ws/install/turtlebot3_description/share/turtlebot3_description/urdf/example.urdf.xacro
[1.677s] -- Symlinking: /home/shh/ssafy_gazeboy/ssafy_ws/install/turtlebot3_description/share/turtlebot3_description/urdf/turtlebot3_burger.urdf
[1.694s] -- Symlinking: /home/shh/ssafy_gazeboy/ssafy_ws/install/turtlebot3_description/share/turtlebot3_description/urdf/turtlebot3_velodyne_burger.urdf
[1.707s] -- Symlinking: /home/shh/ssafy_gazeboy/ssafy_ws/install/turtlebot3_description/share/turtlebot3_description/urdf/turtlebot3_waffle.urdf
[1.716s] -- Symlinking: /home/shh/ssafy_gazeboy/ssafy_ws/install/turtlebot3_description/share/turtlebot3_description/urdf/turtlebot3_waffle_pi.urdf
[1.731s] -- Symlinking: /home/shh/ssafy_gazeboy/ssafy_ws/install/turtlebot3_description/share/ament_index/resource_index/package_run_dependencies/turtlebot3_description
[1.741s] -- Symlinking: /home/shh/ssafy_gazeboy/ssafy_ws/install/turtlebot3_description/share/ament_index/resource_index/parent_prefix_path/turtlebot3_description
[1.758s] -- Symlinking: /home/shh/ssafy_gazeboy/ssafy_ws/install/turtlebot3_description/share/turtlebot3_description/environment/ament_prefix_path.sh
[1.774s] -- Symlinking: /home/shh/ssafy_gazeboy/ssafy_ws/install/turtlebot3_description/share/turtlebot3_description/environment/ament_prefix_path.dsv
[1.788s] -- Symlinking: /home/shh/ssafy_gazeboy/ssafy_ws/install/turtlebot3_description/share/turtlebot3_description/environment/path.sh
[1.806s] -- Symlinking: /home/shh/ssafy_gazeboy/ssafy_ws/install/turtlebot3_description/share/turtlebot3_description/environment/path.dsv
[1.818s] -- Symlinking: /home/shh/ssafy_gazeboy/ssafy_ws/install/turtlebot3_description/share/turtlebot3_description/local_setup.bash
[1.834s] -- Symlinking: /home/shh/ssafy_gazeboy/ssafy_ws/install/turtlebot3_description/share/turtlebot3_description/local_setup.sh
[1.853s] -- Symlinking: /home/shh/ssafy_gazeboy/ssafy_ws/install/turtlebot3_description/share/turtlebot3_description/local_setup.zsh
[1.869s] -- Symlinking: /home/shh/ssafy_gazeboy/ssafy_ws/install/turtlebot3_description/share/turtlebot3_description/local_setup.dsv
[1.880s] -- Symlinking: /home/shh/ssafy_gazeboy/ssafy_ws/install/turtlebot3_description/share/turtlebot3_description/package.dsv
[1.895s] -- Symlinking: /home/shh/ssafy_gazeboy/ssafy_ws/install/turtlebot3_description/share/ament_index/resource_index/packages/turtlebot3_description
[1.906s] -- Symlinking: /home/shh/ssafy_gazeboy/ssafy_ws/install/turtlebot3_description/share/turtlebot3_description/cmake/turtlebot3_descriptionConfig.cmake
[1.921s] -- Symlinking: /home/shh/ssafy_gazeboy/ssafy_ws/install/turtlebot3_description/share/turtlebot3_description/cmake/turtlebot3_descriptionConfig-version.cmake
[1.936s] -- Symlinking: /home/shh/ssafy_gazeboy/ssafy_ws/install/turtlebot3_description/share/turtlebot3_description/package.xml
[1.956s] Invoked command in '/home/shh/ssafy_gazeboy/ssafy_ws/build/turtlebot3_description' returned '0': CMAKE_PREFIX_PATH=${CMAKE_PREFIX_PATH}:/home/shh/ssafy_gazeboy/ssafy_ws/install/teleop_twist_keyboard:/home/shh/ssafy_gazeboy/ssafy_ws/install/turtlebot3_teleop:/home/shh/ssafy_gazeboy/ssafy_ws/install/turtlebot3_example:/home/shh/ssafy_gazeboy/ssafy_ws/install/250114:/opt/ros/foxy /usr/bin/cmake --install /home/shh/ssafy_gazeboy/ssafy_ws/build/turtlebot3_description
