[1.063s] Invoking command in '/home/shh/ssafy_gazeboy/ssafy_ws/build/turtlebot3_example': CMAKE_PREFIX_PATH=/home/shh/ssafy_gazeboy/ssafy_ws/install/turtlebot3_msgs:/home/shh/ssafy_gazeboy/ssafy_ws/install/turtlebot3:/home/shh/ssafy_gazeboy/ssafy_ws/install/turtlebot3_simulations:/home/shh/ssafy_gazeboy/ssafy_ws/install/turtlebot3_bringup:/home/shh/ssafy_gazeboy/ssafy_ws/install/turtlebot3_node:/home/shh/ssafy_gazeboy/ssafy_ws/install/turtlebot3_navigation2:/home/shh/ssafy_gazeboy/ssafy_ws/install/turtlebot3_fake_node:/home/shh/ssafy_gazeboy/ssafy_ws/install/turtlebot3_gazebo:/home/shh/ssafy_gazeboy/ssafy_ws/install/turtlebot3_description:/home/shh/ssafy_gazeboy/ssafy_ws/install/turtlebot3_cartographer PYTHONPATH=/home/shh/ssafy_gazeboy/ssafy_ws/build/turtlebot3_example/prefix_override:/home/shh/ssafy_gazeboy/ssafy_ws/install/turtlebot3_example/lib/python3.8/site-packages:/home/shh/ssafy_gazeboy/ssafy_ws/install/turtlebot3_msgs/lib/python3.8/site-packages:/home/shh/ssafy_gazeboy/ssafy_ws/build/turtlebot3_teleop:/home/shh/ssafy_gazeboy/ssafy_ws/install/turtlebot3_teleop/lib/python3.8/site-packages:/home/shh/ssafy_gazeboy/ssafy_ws/build/turtlebot3_example:/home/shh/ssafy_gazeboy/ssafy_ws/install/turtlebot3_example/lib/python3.8/site-packages:/home/shh/ssafy_gazeboy/ssafy_ws/build/250114:/home/shh/ssafy_gazeboy/ssafy_ws/install/250114/lib/python3.8/site-packages:/opt/ros/foxy/lib/python3.8/site-packages /usr/bin/python3 setup.py develop --editable --build-directory /home/shh/ssafy_gazeboy/ssafy_ws/build/turtlebot3_example/build --no-deps install_data
[1.342s] running develop
[1.521s] running egg_info
[1.522s] creating turtlebot3_example.egg-info
[1.522s] writing turtlebot3_example.egg-info/PKG-INFO
[1.522s] writing dependency_links to turtlebot3_example.egg-info/dependency_links.txt
[1.523s] writing entry points to turtlebot3_example.egg-info/entry_points.txt
[1.523s] writing requirements to turtlebot3_example.egg-info/requires.txt
[1.523s] writing top-level names to turtlebot3_example.egg-info/top_level.txt
[1.524s] writing manifest file 'turtlebot3_example.egg-info/SOURCES.txt'
[1.558s] reading manifest file 'turtlebot3_example.egg-info/SOURCES.txt'
[1.559s] writing manifest file 'turtlebot3_example.egg-info/SOURCES.txt'
[1.612s] running build_ext
[1.612s] Creating /home/shh/ssafy_gazeboy/ssafy_ws/install/turtlebot3_example/lib/python3.8/site-packages/site.py
[1.616s] Creating /home/shh/ssafy_gazeboy/ssafy_ws/install/turtlebot3_example/lib/python3.8/site-packages/turtlebot3-example.egg-link (link to .)
[1.617s] Installing turtlebot3_obstacle_detection script to /home/shh/ssafy_gazeboy/ssafy_ws/install/turtlebot3_example/lib/turtlebot3_example
[1.617s] Installing turtlebot3_patrol_client script to /home/shh/ssafy_gazeboy/ssafy_ws/install/turtlebot3_example/lib/turtlebot3_example
[1.618s] Installing turtlebot3_patrol_server script to /home/shh/ssafy_gazeboy/ssafy_ws/install/turtlebot3_example/lib/turtlebot3_example
[1.618s] Installing turtlebot3_position_control script to /home/shh/ssafy_gazeboy/ssafy_ws/install/turtlebot3_example/lib/turtlebot3_example
[1.618s] 
[1.618s] Installed /home/shh/ssafy_gazeboy/ssafy_ws/build/turtlebot3_example
[1.618s] running install_data
[1.618s] creating /home/shh/ssafy_gazeboy/ssafy_ws/install/turtlebot3_example/share/ament_index
[1.619s] creating /home/shh/ssafy_gazeboy/ssafy_ws/install/turtlebot3_example/share/ament_index/resource_index
[1.619s] creating /home/shh/ssafy_gazeboy/ssafy_ws/install/turtlebot3_example/share/ament_index/resource_index/packages
[1.619s] copying resource/turtlebot3_example -> /home/shh/ssafy_gazeboy/ssafy_ws/install/turtlebot3_example/share/ament_index/resource_index/packages
[1.619s] copying package.xml -> /home/shh/ssafy_gazeboy/ssafy_ws/install/turtlebot3_example/share/turtlebot3_example
[1.700s] Invoked command in '/home/shh/ssafy_gazeboy/ssafy_ws/build/turtlebot3_example' returned '0': CMAKE_PREFIX_PATH=/home/shh/ssafy_gazeboy/ssafy_ws/install/turtlebot3_msgs:/home/shh/ssafy_gazeboy/ssafy_ws/install/turtlebot3:/home/shh/ssafy_gazeboy/ssafy_ws/install/turtlebot3_simulations:/home/shh/ssafy_gazeboy/ssafy_ws/install/turtlebot3_bringup:/home/shh/ssafy_gazeboy/ssafy_ws/install/turtlebot3_node:/home/shh/ssafy_gazeboy/ssafy_ws/install/turtlebot3_navigation2:/home/shh/ssafy_gazeboy/ssafy_ws/install/turtlebot3_fake_node:/home/shh/ssafy_gazeboy/ssafy_ws/install/turtlebot3_gazebo:/home/shh/ssafy_gazeboy/ssafy_ws/install/turtlebot3_description:/home/shh/ssafy_gazeboy/ssafy_ws/install/turtlebot3_cartographer PYTHONPATH=/home/shh/ssafy_gazeboy/ssafy_ws/build/turtlebot3_example/prefix_override:/home/shh/ssafy_gazeboy/ssafy_ws/install/turtlebot3_example/lib/python3.8/site-packages:/home/shh/ssafy_gazeboy/ssafy_ws/install/turtlebot3_msgs/lib/python3.8/site-packages:/home/shh/ssafy_gazeboy/ssafy_ws/build/turtlebot3_teleop:/home/shh/ssafy_gazeboy/ssafy_ws/install/turtlebot3_teleop/lib/python3.8/site-packages:/home/shh/ssafy_gazeboy/ssafy_ws/build/turtlebot3_example:/home/shh/ssafy_gazeboy/ssafy_ws/install/turtlebot3_example/lib/python3.8/site-packages:/home/shh/ssafy_gazeboy/ssafy_ws/build/250114:/home/shh/ssafy_gazeboy/ssafy_ws/install/250114/lib/python3.8/site-packages:/opt/ros/foxy/lib/python3.8/site-packages /usr/bin/python3 setup.py develop --editable --build-directory /home/shh/ssafy_gazeboy/ssafy_ws/build/turtlebot3_example/build --no-deps install_data
