[0.090s] Invoking command in '/home/shh/ssafy_gazeboy/ssafy_ws/build/turtlebot3_navigation2': CMAKE_PREFIX_PATH=/opt/ros/foxy /usr/bin/cmake /home/shh/ssafy_gazeboy/ssafy_ws/src/turtlebot3/turtlebot3_navigation2 -DAMENT_CMAKE_SYMLINK_INSTALL=1 -DCMAKE_INSTALL_PREFIX=/home/shh/ssafy_gazeboy/ssafy_ws/install/turtlebot3_navigation2
[0.400s] -- The C compiler identification is GNU 9.4.0
[0.419s] -- The CXX compiler identification is GNU 9.4.0
[0.425s] -- Check for working C compiler: /usr/bin/cc
[0.502s] -- Check for working C compiler: /usr/bin/cc -- works
[0.504s] -- Detecting C compiler ABI info
[0.613s] -- Detecting C compiler ABI info - done
[0.622s] -- Detecting C compile features
[0.623s] -- Detecting C compile features - done
[0.625s] -- Check for working CXX compiler: /usr/bin/c++
[0.723s] -- Check for working CXX compiler: /usr/bin/c++ -- works
[0.726s] -- Detecting CXX compiler ABI info
[0.823s] -- Detecting CXX compiler ABI info - done
[0.835s] -- Detecting CXX compile features
[0.835s] -- Detecting CXX compile features - done
[0.847s] -- Found ament_cmake: 0.9.12 (/opt/ros/foxy/share/ament_cmake/cmake)
[0.878s] -- Found PythonInterp: /usr/bin/python3 (found suitable version "3.8.10", minimum required is "3") 
[0.878s] -- Using PYTHON_EXECUTABLE: /usr/bin/python3
[1.072s] -- Override CMake install command with custom implementation using symlinks instead of copying resources
[1.183s] -- Configuring done
[1.183s] -- Generating done
[1.184s] -- Build files have been written to: /home/shh/ssafy_gazeboy/ssafy_ws/build/turtlebot3_navigation2
[1.192s] Invoked command in '/home/shh/ssafy_gazeboy/ssafy_ws/build/turtlebot3_navigation2' returned '0': CMAKE_PREFIX_PATH=/opt/ros/foxy /usr/bin/cmake /home/shh/ssafy_gazeboy/ssafy_ws/src/turtlebot3/turtlebot3_navigation2 -DAMENT_CMAKE_SYMLINK_INSTALL=1 -DCMAKE_INSTALL_PREFIX=/home/shh/ssafy_gazeboy/ssafy_ws/install/turtlebot3_navigation2
[1.197s] Invoking command in '/home/shh/ssafy_gazeboy/ssafy_ws/build/turtlebot3_navigation2': CMAKE_PREFIX_PATH=/opt/ros/foxy /usr/bin/cmake --build /home/shh/ssafy_gazeboy/ssafy_ws/build/turtlebot3_navigation2 -- -j16 -l16
[1.240s] Invoked command in '/home/shh/ssafy_gazeboy/ssafy_ws/build/turtlebot3_navigation2' returned '0': CMAKE_PREFIX_PATH=/opt/ros/foxy /usr/bin/cmake --build /home/shh/ssafy_gazeboy/ssafy_ws/build/turtlebot3_navigation2 -- -j16 -l16
[1.292s] Invoking command in '/home/shh/ssafy_gazeboy/ssafy_ws/build/turtlebot3_navigation2': CMAKE_PREFIX_PATH=/opt/ros/foxy /usr/bin/cmake --install /home/shh/ssafy_gazeboy/ssafy_ws/build/turtlebot3_navigation2
[1.301s] -- Install configuration: ""
[1.302s] -- Execute custom install script
[1.302s] -- Symlinking: /home/shh/ssafy_gazeboy/ssafy_ws/install/turtlebot3_navigation2/share/turtlebot3_navigation2/launch/navigation2.launch.py
[1.311s] -- Symlinking: /home/shh/ssafy_gazeboy/ssafy_ws/install/turtlebot3_navigation2/share/turtlebot3_navigation2/map/turtlebot3_world.pgm
[1.324s] -- Symlinking: /home/shh/ssafy_gazeboy/ssafy_ws/install/turtlebot3_navigation2/share/turtlebot3_navigation2/map/turtlebot3_world.yaml
[1.341s] -- Symlinking: /home/shh/ssafy_gazeboy/ssafy_ws/install/turtlebot3_navigation2/share/turtlebot3_navigation2/param/burger.yaml
[1.353s] -- Symlinking: /home/shh/ssafy_gazeboy/ssafy_ws/install/turtlebot3_navigation2/share/turtlebot3_navigation2/param/waffle.yaml
[1.367s] -- Symlinking: /home/shh/ssafy_gazeboy/ssafy_ws/install/turtlebot3_navigation2/share/turtlebot3_navigation2/param/waffle_pi.yaml
[1.381s] -- Symlinking: /home/shh/ssafy_gazeboy/ssafy_ws/install/turtlebot3_navigation2/share/turtlebot3_navigation2/rviz/tb3_navigation2.rviz
[1.397s] -- Symlinking: /home/shh/ssafy_gazeboy/ssafy_ws/install/turtlebot3_navigation2/share/ament_index/resource_index/package_run_dependencies/turtlebot3_navigation2
[1.409s] -- Symlinking: /home/shh/ssafy_gazeboy/ssafy_ws/install/turtlebot3_navigation2/share/ament_index/resource_index/parent_prefix_path/turtlebot3_navigation2
[1.424s] -- Symlinking: /home/shh/ssafy_gazeboy/ssafy_ws/install/turtlebot3_navigation2/share/turtlebot3_navigation2/environment/ament_prefix_path.sh
[1.434s] -- Symlinking: /home/shh/ssafy_gazeboy/ssafy_ws/install/turtlebot3_navigation2/share/turtlebot3_navigation2/environment/ament_prefix_path.dsv
[1.448s] -- Symlinking: /home/shh/ssafy_gazeboy/ssafy_ws/install/turtlebot3_navigation2/share/turtlebot3_navigation2/environment/path.sh
[1.462s] -- Symlinking: /home/shh/ssafy_gazeboy/ssafy_ws/install/turtlebot3_navigation2/share/turtlebot3_navigation2/environment/path.dsv
[1.474s] -- Symlinking: /home/shh/ssafy_gazeboy/ssafy_ws/install/turtlebot3_navigation2/share/turtlebot3_navigation2/local_setup.bash
[1.491s] -- Symlinking: /home/shh/ssafy_gazeboy/ssafy_ws/install/turtlebot3_navigation2/share/turtlebot3_navigation2/local_setup.sh
[1.505s] -- Symlinking: /home/shh/ssafy_gazeboy/ssafy_ws/install/turtlebot3_navigation2/share/turtlebot3_navigation2/local_setup.zsh
[1.520s] -- Symlinking: /home/shh/ssafy_gazeboy/ssafy_ws/install/turtlebot3_navigation2/share/turtlebot3_navigation2/local_setup.dsv
[1.530s] -- Symlinking: /home/shh/ssafy_gazeboy/ssafy_ws/install/turtlebot3_navigation2/share/turtlebot3_navigation2/package.dsv
[1.545s] -- Symlinking: /home/shh/ssafy_gazeboy/ssafy_ws/install/turtlebot3_navigation2/share/ament_index/resource_index/packages/turtlebot3_navigation2
[1.556s] -- Symlinking: /home/shh/ssafy_gazeboy/ssafy_ws/install/turtlebot3_navigation2/share/turtlebot3_navigation2/cmake/turtlebot3_navigation2Config.cmake
[1.571s] -- Symlinking: /home/shh/ssafy_gazeboy/ssafy_ws/install/turtlebot3_navigation2/share/turtlebot3_navigation2/cmake/turtlebot3_navigation2Config-version.cmake
[1.586s] -- Symlinking: /home/shh/ssafy_gazeboy/ssafy_ws/install/turtlebot3_navigation2/share/turtlebot3_navigation2/package.xml
[1.628s] Invoked command in '/home/shh/ssafy_gazeboy/ssafy_ws/build/turtlebot3_navigation2' returned '0': CMAKE_PREFIX_PATH=/opt/ros/foxy /usr/bin/cmake --install /home/shh/ssafy_gazeboy/ssafy_ws/build/turtlebot3_navigation2
