[0.092s] Invoking command in '/home/shh/ssafy_gazeboy/ssafy_ws/build/velodyne_gazebo_plugins': CMAKE_PREFIX_PATH=${CMAKE_PREFIX_PATH}:/home/shh/ssafy_gazeboy/ssafy_ws/install/teleop_twist_keyboard:/home/shh/ssafy_gazeboy/ssafy_ws/install/turtlebot3_teleop:/home/shh/ssafy_gazeboy/ssafy_ws/install/turtlebot3_example:/home/shh/ssafy_gazeboy/ssafy_ws/install/250114:/opt/ros/foxy /usr/bin/cmake /home/shh/ssafy_gazeboy/ssafy_ws/src/velodyne_simulator/velodyne_gazebo_plugins -DAMENT_CMAKE_SYMLINK_INSTALL=1 -DCMAKE_INSTALL_PREFIX=/home/shh/ssafy_gazeboy/ssafy_ws/install/velodyne_gazebo_plugins
[0.396s] -- The C compiler identification is GNU 9.4.0
[0.397s] -- The CXX compiler identification is GNU 9.4.0
[0.397s] -- Check for working C compiler: /usr/bin/cc
[0.397s] -- Check for working C compiler: /usr/bin/cc -- works
[0.397s] -- Detecting C compiler ABI info
[0.496s] -- Detecting C compiler ABI info - done
[0.513s] -- Detecting C compile features
[0.513s] -- Detecting C compile features - done
[0.515s] -- Check for working CXX compiler: /usr/bin/c++
[0.622s] -- Check for working CXX compiler: /usr/bin/c++ -- works
[0.623s] -- Detecting CXX compiler ABI info
[0.747s] -- Detecting CXX compiler ABI info - done
[0.761s] -- Detecting CXX compile features
[0.761s] -- Detecting CXX compile features - done
[0.765s] -- Found ament_cmake: 0.9.12 (/opt/ros/foxy/share/ament_cmake/cmake)
[0.802s] -- Found PythonInterp: /usr/bin/python3 (found suitable version "3.8.10", minimum required is "3") 
[0.802s] -- Using PYTHON_EXECUTABLE: /usr/bin/python3
[0.984s] -- Override CMake install command with custom implementation using symlinks instead of copying resources
[1.018s] -- Found gazebo_dev: 3.5.3 (/opt/ros/foxy/share/gazebo_dev/cmake)
[1.026s] -- Found PkgConfig: /usr/bin/pkg-config (found version "0.29.1") 
[1.031s] -- Checking for module 'bullet>=2.82'
[1.066s] --   Found bullet, version 2.88
[1.340s] -- Found ccd: /usr/include (found suitable version "2.0", minimum required is "2.0") 
[1.477s] -- Found fcl: /usr/include (found suitable version "0.5.0", minimum required is "0.3.2") 
[1.611s] -- Found assimp: /usr/include (found version "5.0.0") 
[1.647s] -- Found DART: /usr/include (Required is at least version "6.6") found components: dart 
[2.142s] -- Found Boost: /usr/lib/x86_64-linux-gnu/cmake/Boost-1.71.0/BoostConfig.cmake (found suitable version "1.71.0", minimum required is "1.40.0") found components: thread system filesystem program_options regex iostreams date_time 
[2.168s] -- Found Protobuf: /usr/lib/x86_64-linux-gnu/libprotobuf.so;-lpthread (found version "3.6.1") 
[2.173s] -- Looking for ignition-math6 -- found version 6.15.1
[2.178s] -- Searching for dependencies of ignition-math6
[2.180s] -- Looking for OGRE...
[2.180s] -- OGRE_PREFIX_WATCH changed.
[2.187s] -- Checking for module 'OGRE'
[2.230s] --   Found OGRE, version 1.9.0
[2.343s] -- Found Ogre Ghadamon (1.9.0)
[2.357s] -- Found OGRE: optimized;/usr/lib/x86_64-linux-gnu/libOgreMain.so;debug;/usr/lib/x86_64-linux-gnu/libOgreMain.so
[2.365s] -- Looking for OGRE_Paging...
[2.373s] -- Found OGRE_Paging: optimized;/usr/lib/x86_64-linux-gnu/libOgrePaging.so;debug;/usr/lib/x86_64-linux-gnu/libOgrePaging.so
[2.373s] -- Looking for OGRE_Terrain...
[2.380s] -- Found OGRE_Terrain: optimized;/usr/lib/x86_64-linux-gnu/libOgreTerrain.so;debug;/usr/lib/x86_64-linux-gnu/libOgreTerrain.so
[2.380s] -- Looking for OGRE_Property...
[2.386s] -- Found OGRE_Property: optimized;/usr/lib/x86_64-linux-gnu/libOgreProperty.so;debug;/usr/lib/x86_64-linux-gnu/libOgreProperty.so
[2.387s] -- Looking for OGRE_RTShaderSystem...
[2.396s] -- Found OGRE_RTShaderSystem: optimized;/usr/lib/x86_64-linux-gnu/libOgreRTShaderSystem.so;debug;/usr/lib/x86_64-linux-gnu/libOgreRTShaderSystem.so
[2.396s] -- Looking for OGRE_Volume...
[2.403s] -- Found OGRE_Volume: optimized;/usr/lib/x86_64-linux-gnu/libOgreVolume.so;debug;/usr/lib/x86_64-linux-gnu/libOgreVolume.so
[2.403s] -- Looking for OGRE_Overlay...
[2.410s] -- Found OGRE_Overlay: optimized;/usr/lib/x86_64-linux-gnu/libOgreOverlay.so;debug;/usr/lib/x86_64-linux-gnu/libOgreOverlay.so
[2.583s] -- Looking for ignition-math6 -- found version 6.15.1
[2.584s] -- Looking for ignition-transport8 -- found version 8.3.0
[2.585s] -- Searching for dependencies of ignition-transport8
[2.610s] -- Found Protobuf: /usr/lib/x86_64-linux-gnu/libprotobuf.so;-lpthread (found suitable version "3.6.1", minimum required is "3") 
[2.632s] -- Config-file not installed for ZeroMQ -- checking for pkg-config
[2.641s] -- Checking for module 'libzmq >= 4'
[2.683s] --   Found libzmq , version 4.3.2
[2.798s] -- Found ZeroMQ: TRUE (Required is at least version "4") 
[2.807s] -- Checking for module 'uuid'
[2.853s] --   Found uuid, version 2.34.0
[2.965s] -- Found UUID: TRUE  
[2.968s] -- Looking for ignition-msgs5 -- found version 5.10.0
[2.968s] -- Searching for dependencies of ignition-msgs5
[2.994s] -- Looking for ignition-math6 -- found version 6.15.1
[3.002s] -- Checking for module 'tinyxml2'
[3.046s] --   Found tinyxml2, version 6.2.0
[3.154s] -- Looking for ignition-msgs5 -- found version 5.10.0
[3.160s] -- Looking for ignition-common3 -- found version 3.14.2
[3.160s] -- Searching for dependencies of ignition-common3
[3.161s] -- Looking for dlfcn.h - found
[3.163s] -- Looking for libdl - found
[3.164s] -- Found DL: TRUE  
[3.175s] -- Searching for <ignition-common3> component [graphics]
[3.177s] -- Looking for ignition-common3-graphics -- found version 3.14.2
[3.178s] -- Searching for dependencies of ignition-common3-graphics
[3.178s] -- Looking for ignition-math6 -- found version 6.15.1
[3.181s] -- Looking for ignition-fuel_tools4 -- found version 4.6.0
[3.181s] -- Searching for dependencies of ignition-fuel_tools4
[3.386s] -- Found CURL: /usr/lib/x86_64-linux-gnu/libcurl.so (found version "7.68.0")  
[3.397s] -- Checking for module 'jsoncpp'
[3.443s] --   Found jsoncpp, version 1.7.4
[3.551s] -- Found JSONCPP: TRUE  
[3.560s] -- Checking for module 'libzip'
[3.605s] --   Found libzip, version 1.5.1
[3.709s] -- Found ZIP: TRUE  
[3.710s] -- Looking for ignition-common3 -- found version 3.14.2
[3.710s] -- Looking for ignition-math6 -- found version 6.15.1
[3.711s] -- Looking for ignition-msgs5 -- found version 5.10.0
[3.712s] -- Gazebo version: 11.11
[3.714s] -- Found gazebo_ros: 3.5.3 (/opt/ros/foxy/share/gazebo_ros/cmake)
[3.759s] -- Using all available rosidl_typesupport_c: rosidl_typesupport_fastrtps_c;rosidl_typesupport_introspection_c
[3.767s] -- Found rosidl_adapter: 1.3.1 (/opt/ros/foxy/share/rosidl_adapter/cmake)
[3.951s] -- Found OpenSSL: /usr/lib/x86_64-linux-gnu/libcrypto.so (found version "1.1.1f")  
[3.981s] -- Found FastRTPS: /opt/ros/foxy/include  
[4.081s] -- Using all available rosidl_typesupport_cpp: rosidl_typesupport_fastrtps_cpp;rosidl_typesupport_introspection_cpp
[4.134s] -- Found rmw_implementation_cmake: 1.0.4 (/opt/ros/foxy/share/rmw_implementation_cmake/cmake)
[4.135s] -- Using RMW implementation 'rmw_fastrtps_cpp' as default
[4.137s] -- Found Threads: TRUE  
[4.289s] -- Found gazebo_msgs: 3.5.3 (/opt/ros/foxy/share/gazebo_msgs/cmake)
[4.498s] -- Found sensor_msgs: 2.0.5 (/opt/ros/foxy/share/sensor_msgs/cmake)
[4.652s] -- Configuring done
[4.679s] -- Generating done
[4.684s] -- Build files have been written to: /home/shh/ssafy_gazeboy/ssafy_ws/build/velodyne_gazebo_plugins
[4.697s] Invoked command in '/home/shh/ssafy_gazeboy/ssafy_ws/build/velodyne_gazebo_plugins' returned '0': CMAKE_PREFIX_PATH=${CMAKE_PREFIX_PATH}:/home/shh/ssafy_gazeboy/ssafy_ws/install/teleop_twist_keyboard:/home/shh/ssafy_gazeboy/ssafy_ws/install/turtlebot3_teleop:/home/shh/ssafy_gazeboy/ssafy_ws/install/turtlebot3_example:/home/shh/ssafy_gazeboy/ssafy_ws/install/250114:/opt/ros/foxy /usr/bin/cmake /home/shh/ssafy_gazeboy/ssafy_ws/src/velodyne_simulator/velodyne_gazebo_plugins -DAMENT_CMAKE_SYMLINK_INSTALL=1 -DCMAKE_INSTALL_PREFIX=/home/shh/ssafy_gazeboy/ssafy_ws/install/velodyne_gazebo_plugins
[4.704s] Invoking command in '/home/shh/ssafy_gazeboy/ssafy_ws/build/velodyne_gazebo_plugins': CMAKE_PREFIX_PATH=${CMAKE_PREFIX_PATH}:/home/shh/ssafy_gazeboy/ssafy_ws/install/teleop_twist_keyboard:/home/shh/ssafy_gazeboy/ssafy_ws/install/turtlebot3_teleop:/home/shh/ssafy_gazeboy/ssafy_ws/install/turtlebot3_example:/home/shh/ssafy_gazeboy/ssafy_ws/install/250114:/opt/ros/foxy /usr/bin/cmake --build /home/shh/ssafy_gazeboy/ssafy_ws/build/velodyne_gazebo_plugins -- -j16 -l16
[4.781s] [35m[1mScanning dependencies of target gazebo_ros_velodyne_laser[0m
[4.949s] [ 50%] [32mBuilding CXX object CMakeFiles/gazebo_ros_velodyne_laser.dir/src/GazeboRosVelodyneLaser.cpp.o[0m
[16.046s] [100%] [32m[1mLinking CXX shared library libgazebo_ros_velodyne_laser.so[0m
[16.767s] [100%] Built target gazebo_ros_velodyne_laser
[16.789s] Invoked command in '/home/shh/ssafy_gazeboy/ssafy_ws/build/velodyne_gazebo_plugins' returned '0': CMAKE_PREFIX_PATH=${CMAKE_PREFIX_PATH}:/home/shh/ssafy_gazeboy/ssafy_ws/install/teleop_twist_keyboard:/home/shh/ssafy_gazeboy/ssafy_ws/install/turtlebot3_teleop:/home/shh/ssafy_gazeboy/ssafy_ws/install/turtlebot3_example:/home/shh/ssafy_gazeboy/ssafy_ws/install/250114:/opt/ros/foxy /usr/bin/cmake --build /home/shh/ssafy_gazeboy/ssafy_ws/build/velodyne_gazebo_plugins -- -j16 -l16
[16.852s] Invoking command in '/home/shh/ssafy_gazeboy/ssafy_ws/build/velodyne_gazebo_plugins': CMAKE_PREFIX_PATH=${CMAKE_PREFIX_PATH}:/home/shh/ssafy_gazeboy/ssafy_ws/install/teleop_twist_keyboard:/home/shh/ssafy_gazeboy/ssafy_ws/install/turtlebot3_teleop:/home/shh/ssafy_gazeboy/ssafy_ws/install/turtlebot3_example:/home/shh/ssafy_gazeboy/ssafy_ws/install/250114:/opt/ros/foxy /usr/bin/cmake --install /home/shh/ssafy_gazeboy/ssafy_ws/build/velodyne_gazebo_plugins
[16.870s] -- Install configuration: ""
[16.870s] -- Execute custom install script
[16.870s] -- Symlinking: /home/shh/ssafy_gazeboy/ssafy_ws/install/velodyne_gazebo_plugins/lib/libgazebo_ros_velodyne_laser.so
[16.881s] -- Symlinking: /home/shh/ssafy_gazeboy/ssafy_ws/install/velodyne_gazebo_plugins/include/velodyne_gazebo_plugins/GazeboRosVelodyneLaser.hpp
[16.891s] -- Symlinking: /home/shh/ssafy_gazeboy/ssafy_ws/install/velodyne_gazebo_plugins/share/velodyne_gazebo_plugins/environment/library_path.sh
[16.908s] -- Symlinking: /home/shh/ssafy_gazeboy/ssafy_ws/install/velodyne_gazebo_plugins/share/velodyne_gazebo_plugins/environment/library_path.dsv
[16.924s] -- Symlinking: /home/shh/ssafy_gazeboy/ssafy_ws/install/velodyne_gazebo_plugins/share/ament_index/resource_index/package_run_dependencies/velodyne_gazebo_plugins
[16.940s] -- Symlinking: /home/shh/ssafy_gazeboy/ssafy_ws/install/velodyne_gazebo_plugins/share/ament_index/resource_index/parent_prefix_path/velodyne_gazebo_plugins
[16.960s] -- Symlinking: /home/shh/ssafy_gazeboy/ssafy_ws/install/velodyne_gazebo_plugins/share/velodyne_gazebo_plugins/environment/ament_prefix_path.sh
[16.970s] -- Symlinking: /home/shh/ssafy_gazeboy/ssafy_ws/install/velodyne_gazebo_plugins/share/velodyne_gazebo_plugins/environment/ament_prefix_path.dsv
[16.983s] -- Symlinking: /home/shh/ssafy_gazeboy/ssafy_ws/install/velodyne_gazebo_plugins/share/velodyne_gazebo_plugins/environment/path.sh
[17.003s] -- Symlinking: /home/shh/ssafy_gazeboy/ssafy_ws/install/velodyne_gazebo_plugins/share/velodyne_gazebo_plugins/environment/path.dsv
[17.023s] -- Symlinking: /home/shh/ssafy_gazeboy/ssafy_ws/install/velodyne_gazebo_plugins/share/velodyne_gazebo_plugins/local_setup.bash
[17.045s] -- Symlinking: /home/shh/ssafy_gazeboy/ssafy_ws/install/velodyne_gazebo_plugins/share/velodyne_gazebo_plugins/local_setup.sh
[17.055s] -- Symlinking: /home/shh/ssafy_gazeboy/ssafy_ws/install/velodyne_gazebo_plugins/share/velodyne_gazebo_plugins/local_setup.zsh
[17.071s] -- Symlinking: /home/shh/ssafy_gazeboy/ssafy_ws/install/velodyne_gazebo_plugins/share/velodyne_gazebo_plugins/local_setup.dsv
[17.094s] -- Symlinking: /home/shh/ssafy_gazeboy/ssafy_ws/install/velodyne_gazebo_plugins/share/velodyne_gazebo_plugins/package.dsv
[17.107s] -- Symlinking: /home/shh/ssafy_gazeboy/ssafy_ws/install/velodyne_gazebo_plugins/share/ament_index/resource_index/packages/velodyne_gazebo_plugins
[17.124s] -- Symlinking: /home/shh/ssafy_gazeboy/ssafy_ws/install/velodyne_gazebo_plugins/share/velodyne_gazebo_plugins/cmake/ament_cmake_export_include_directories-extras.cmake
[17.144s] -- Symlinking: /home/shh/ssafy_gazeboy/ssafy_ws/install/velodyne_gazebo_plugins/share/velodyne_gazebo_plugins/cmake/ament_cmake_export_libraries-extras.cmake
[17.160s] -- Symlinking: /home/shh/ssafy_gazeboy/ssafy_ws/install/velodyne_gazebo_plugins/share/velodyne_gazebo_plugins/cmake/ament_cmake_export_dependencies-extras.cmake
[17.176s] -- Symlinking: /home/shh/ssafy_gazeboy/ssafy_ws/install/velodyne_gazebo_plugins/share/velodyne_gazebo_plugins/cmake/velodyne_gazebo_pluginsConfig.cmake
[17.193s] -- Symlinking: /home/shh/ssafy_gazeboy/ssafy_ws/install/velodyne_gazebo_plugins/share/velodyne_gazebo_plugins/cmake/velodyne_gazebo_pluginsConfig-version.cmake
[17.211s] -- Symlinking: /home/shh/ssafy_gazeboy/ssafy_ws/install/velodyne_gazebo_plugins/share/velodyne_gazebo_plugins/package.xml
[17.242s] Invoked command in '/home/shh/ssafy_gazeboy/ssafy_ws/build/velodyne_gazebo_plugins' returned '0': CMAKE_PREFIX_PATH=${CMAKE_PREFIX_PATH}:/home/shh/ssafy_gazeboy/ssafy_ws/install/teleop_twist_keyboard:/home/shh/ssafy_gazeboy/ssafy_ws/install/turtlebot3_teleop:/home/shh/ssafy_gazeboy/ssafy_ws/install/turtlebot3_example:/home/shh/ssafy_gazeboy/ssafy_ws/install/250114:/opt/ros/foxy /usr/bin/cmake --install /home/shh/ssafy_gazeboy/ssafy_ws/build/velodyne_gazebo_plugins
