[0.849s] Invoking command in '/home/shh/ssafy_gazeboy/ssafy_ws/build/turtlebot3_example': AMENT_PREFIX_PATH=/home/shh/ssafy_gazeboy/ssafy_ws/install/turtlebot3_msgs:${AMENT_PREFIX_PATH} CMAKE_PREFIX_PATH=/home/shh/ssafy_gazeboy/ssafy_ws/install/turtlebot3_msgs LD_LIBRARY_PATH=/home/shh/ssafy_gazeboy/ssafy_ws/install/turtlebot3_msgs/lib:${LD_LIBRARY_PATH} PYTHONPATH=/home/shh/ssafy_gazeboy/ssafy_ws/build/turtlebot3_example/prefix_override:/home/shh/ssafy_gazeboy/ssafy_ws/install/turtlebot3_example/lib/python3.8/site-packages:/home/shh/ssafy_gazeboy/ssafy_ws/install/turtlebot3_msgs/lib/python3.8/site-packages:${PYTHONPATH} /usr/bin/python3 setup.py develop --editable --build-directory /home/shh/ssafy_gazeboy/ssafy_ws/build/turtlebot3_example/build --no-deps install_data
[1.085s] running develop
[1.275s] running egg_info
[1.276s] creating turtlebot3_example.egg-info
[1.276s] writing turtlebot3_example.egg-info/PKG-INFO
[1.276s] writing dependency_links to turtlebot3_example.egg-info/dependency_links.txt
[1.276s] writing entry points to turtlebot3_example.egg-info/entry_points.txt
[1.276s] writing requirements to turtlebot3_example.egg-info/requires.txt
[1.277s] writing top-level names to turtlebot3_example.egg-info/top_level.txt
[1.278s] writing manifest file 'turtlebot3_example.egg-info/SOURCES.txt'
[1.306s] reading manifest file 'turtlebot3_example.egg-info/SOURCES.txt'
[1.306s] writing manifest file 'turtlebot3_example.egg-info/SOURCES.txt'
[1.340s] running build_ext
[1.340s] Creating /home/shh/ssafy_gazeboy/ssafy_ws/install/turtlebot3_example/lib/python3.8/site-packages/site.py
[1.342s] Creating /home/shh/ssafy_gazeboy/ssafy_ws/install/turtlebot3_example/lib/python3.8/site-packages/turtlebot3-example.egg-link (link to .)
[1.342s] Installing turtlebot3_obstacle_detection script to /home/shh/ssafy_gazeboy/ssafy_ws/install/turtlebot3_example/lib/turtlebot3_example
[1.343s] Installing turtlebot3_patrol_client script to /home/shh/ssafy_gazeboy/ssafy_ws/install/turtlebot3_example/lib/turtlebot3_example
[1.343s] Installing turtlebot3_patrol_server script to /home/shh/ssafy_gazeboy/ssafy_ws/install/turtlebot3_example/lib/turtlebot3_example
[1.343s] Installing turtlebot3_position_control script to /home/shh/ssafy_gazeboy/ssafy_ws/install/turtlebot3_example/lib/turtlebot3_example
[1.343s] 
[1.343s] Installed /home/shh/ssafy_gazeboy/ssafy_ws/build/turtlebot3_example
[1.343s] running install_data
[1.344s] creating /home/shh/ssafy_gazeboy/ssafy_ws/install/turtlebot3_example/share/ament_index
[1.344s] creating /home/shh/ssafy_gazeboy/ssafy_ws/install/turtlebot3_example/share/ament_index/resource_index
[1.344s] creating /home/shh/ssafy_gazeboy/ssafy_ws/install/turtlebot3_example/share/ament_index/resource_index/packages
[1.344s] copying resource/turtlebot3_example -> /home/shh/ssafy_gazeboy/ssafy_ws/install/turtlebot3_example/share/ament_index/resource_index/packages
[1.344s] copying package.xml -> /home/shh/ssafy_gazeboy/ssafy_ws/install/turtlebot3_example/share/turtlebot3_example
[1.392s] Invoked command in '/home/shh/ssafy_gazeboy/ssafy_ws/build/turtlebot3_example' returned '0': AMENT_PREFIX_PATH=/home/shh/ssafy_gazeboy/ssafy_ws/install/turtlebot3_msgs:${AMENT_PREFIX_PATH} CMAKE_PREFIX_PATH=/home/shh/ssafy_gazeboy/ssafy_ws/install/turtlebot3_msgs LD_LIBRARY_PATH=/home/shh/ssafy_gazeboy/ssafy_ws/install/turtlebot3_msgs/lib:${LD_LIBRARY_PATH} PYTHONPATH=/home/shh/ssafy_gazeboy/ssafy_ws/build/turtlebot3_example/prefix_override:/home/shh/ssafy_gazeboy/ssafy_ws/install/turtlebot3_example/lib/python3.8/site-packages:/home/shh/ssafy_gazeboy/ssafy_ws/install/turtlebot3_msgs/lib/python3.8/site-packages:${PYTHONPATH} /usr/bin/python3 setup.py develop --editable --build-directory /home/shh/ssafy_gazeboy/ssafy_ws/build/turtlebot3_example/build --no-deps install_data
