[0.186s] Invoking command in '/home/ubuntu/GAZEBO_SIM/ssafy_ws/build/turtlebot3_description': CMAKE_PREFIX_PATH=/opt/ros/humble CONDA_PROMPT_MODIFIER=(isaaclab) /usr/bin/cmake /home/ubuntu/GAZEBO_SIM/ssafy_ws/src/turtlebot3_description -DCMAKE_INSTALL_PREFIX=/home/ubuntu/GAZEBO_SIM/ssafy_ws/install/turtlebot3_description
[0.194s] -- Found ament_cmake: 1.3.11 (/opt/ros/humble/share/ament_cmake/cmake)
[0.294s] -- Found urdf: 2.6.1 (/opt/ros/humble/share/urdf/cmake)
[0.339s] Traceback (most recent call last):
[0.340s]   File "/opt/ros/humble/share/ament_cmake_core/cmake/core/package_xml_2_cmake.py", line 22, in <module>
[0.340s]     from catkin_pkg.package import parse_package_string
[0.340s] ModuleNotFoundError: No module named 'catkin_pkg'
[0.343s] [31mCMake Error at /opt/ros/humble/share/ament_cmake_core/cmake/core/ament_package_xml.cmake:95 (message):
[0.343s]   execute_process(/home/ubuntu/anaconda3/envs/isaaclab/bin/python3
[0.343s]   /opt/ros/humble/share/ament_cmake_core/cmake/core/package_xml_2_cmake.py
[0.343s]   /home/ubuntu/GAZEBO_SIM/ssafy_ws/src/turtlebot3_description/package.xml
[0.343s]   /home/ubuntu/GAZEBO_SIM/ssafy_ws/build/turtlebot3_description/ament_cmake_core/package.cmake)
[0.343s]   returned error code 1
[0.343s] Call Stack (most recent call first):
[0.343s]   /opt/ros/humble/share/ament_cmake_core/cmake/core/ament_package_xml.cmake:49 (_ament_package_xml)
[0.344s]   /opt/ros/humble/share/ament_cmake_core/cmake/core/ament_package.cmake:63 (ament_package_xml)
[0.344s]   CMakeLists.txt:31 (ament_package)
[0.344s] 
[0.344s] [0m
[0.344s] -- Configuring incomplete, errors occurred!
[0.344s] See also "/home/ubuntu/GAZEBO_SIM/ssafy_ws/build/turtlebot3_description/CMakeFiles/CMakeOutput.log".
