[0.082s] Invoking command in '/home/shh/ssafy_gazeboy/ssafy_ws/build/turtlebot3_description': CMAKE_PREFIX_PATH=${CMAKE_PREFIX_PATH}:/home/shh/ssafy_gazeboy/ssafy_ws/install/teleop_twist_keyboard:/home/shh/ssafy_gazeboy/ssafy_ws/install/turtlebot3_teleop:/home/shh/ssafy_gazeboy/ssafy_ws/install/turtlebot3_example:/home/shh/ssafy_gazeboy/ssafy_ws/install/250114:/opt/ros/foxy /usr/bin/cmake /home/shh/ssafy_gazeboy/ssafy_ws/src/turtlebot3_description -DAMENT_CMAKE_SYMLINK_INSTALL=1 -DCMAKE_INSTALL_PREFIX=/home/shh/ssafy_gazeboy/ssafy_ws/install/turtlebot3_description
[0.178s] -- The C compiler identification is GNU 9.4.0
[0.253s] -- The CXX compiler identification is GNU 9.4.0
[0.258s] -- Check for working C compiler: /usr/bin/cc
[0.359s] -- Check for working C compiler: /usr/bin/cc -- works
[0.360s] -- Detecting C compiler ABI info
[0.452s] -- Detecting C compiler ABI info - done
[0.463s] -- Detecting C compile features
[0.463s] -- Detecting C compile features - done
[0.465s] -- Check for working CXX compiler: /usr/bin/c++
[0.557s] -- Check for working CXX compiler: /usr/bin/c++ -- works
[0.558s] -- Detecting CXX compiler ABI info
[0.668s] -- Detecting CXX compiler ABI info - done
[0.678s] -- Detecting CXX compile features
[0.678s] -- Detecting CXX compile features - done
[0.681s] -- Found ament_cmake: 0.9.12 (/opt/ros/foxy/share/ament_cmake/cmake)
[0.711s] -- Found PythonInterp: /usr/bin/python3 (found suitable version "3.8.10", minimum required is "3") 
[0.711s] -- Using PYTHON_EXECUTABLE: /usr/bin/python3
[0.899s] -- Override CMake install command with custom implementation using symlinks instead of copying resources
[0.929s] -- Found urdf: 2.4.0 (/opt/ros/foxy/share/urdf/cmake)
[1.036s] -- Configuring done
[1.039s] -- Generating done
[1.040s] -- Build files have been written to: /home/shh/ssafy_gazeboy/ssafy_ws/build/turtlebot3_description
[1.047s] Invoked command in '/home/shh/ssafy_gazeboy/ssafy_ws/build/turtlebot3_description' returned '0': CMAKE_PREFIX_PATH=${CMAKE_PREFIX_PATH}:/home/shh/ssafy_gazeboy/ssafy_ws/install/teleop_twist_keyboard:/home/shh/ssafy_gazeboy/ssafy_ws/install/turtlebot3_teleop:/home/shh/ssafy_gazeboy/ssafy_ws/install/turtlebot3_example:/home/shh/ssafy_gazeboy/ssafy_ws/install/250114:/opt/ros/foxy /usr/bin/cmake /home/shh/ssafy_gazeboy/ssafy_ws/src/turtlebot3_description -DAMENT_CMAKE_SYMLINK_INSTALL=1 -DCMAKE_INSTALL_PREFIX=/home/shh/ssafy_gazeboy/ssafy_ws/install/turtlebot3_description
[1.053s] Invoking command in '/home/shh/ssafy_gazeboy/ssafy_ws/build/turtlebot3_description': CMAKE_PREFIX_PATH=${CMAKE_PREFIX_PATH}:/home/shh/ssafy_gazeboy/ssafy_ws/install/teleop_twist_keyboard:/home/shh/ssafy_gazeboy/ssafy_ws/install/turtlebot3_teleop:/home/shh/ssafy_gazeboy/ssafy_ws/install/turtlebot3_example:/home/shh/ssafy_gazeboy/ssafy_ws/install/250114:/opt/ros/foxy /usr/bin/cmake --build /home/shh/ssafy_gazeboy/ssafy_ws/build/turtlebot3_description -- -j16 -l16
[1.132s] Invoked command in '/home/shh/ssafy_gazeboy/ssafy_ws/build/turtlebot3_description' returned '0': CMAKE_PREFIX_PATH=${CMAKE_PREFIX_PATH}:/home/shh/ssafy_gazeboy/ssafy_ws/install/teleop_twist_keyboard:/home/shh/ssafy_gazeboy/ssafy_ws/install/turtlebot3_teleop:/home/shh/ssafy_gazeboy/ssafy_ws/install/turtlebot3_example:/home/shh/ssafy_gazeboy/ssafy_ws/install/250114:/opt/ros/foxy /usr/bin/cmake --build /home/shh/ssafy_gazeboy/ssafy_ws/build/turtlebot3_description -- -j16 -l16
[1.179s] Invoking command in '/home/shh/ssafy_gazeboy/ssafy_ws/build/turtlebot3_description': CMAKE_PREFIX_PATH=${CMAKE_PREFIX_PATH}:/home/shh/ssafy_gazeboy/ssafy_ws/install/teleop_twist_keyboard:/home/shh/ssafy_gazeboy/ssafy_ws/install/turtlebot3_teleop:/home/shh/ssafy_gazeboy/ssafy_ws/install/turtlebot3_example:/home/shh/ssafy_gazeboy/ssafy_ws/install/250114:/opt/ros/foxy /usr/bin/cmake --install /home/shh/ssafy_gazeboy/ssafy_ws/build/turtlebot3_description
[1.196s] -- Install configuration: ""
[1.196s] -- Execute custom install script
[1.197s] -- Symlinking: /home/shh/ssafy_gazeboy/ssafy_ws/install/turtlebot3_description/share/turtlebot3_description/meshes/HDL32E_base.dae
[1.208s] -- Symlinking: /home/shh/ssafy_gazeboy/ssafy_ws/install/turtlebot3_description/share/turtlebot3_description/meshes/HDL32E_base.stl
[1.218s] -- Symlinking: /home/shh/ssafy_gazeboy/ssafy_ws/install/turtlebot3_description/share/turtlebot3_description/meshes/HDL32E_scan.dae
[1.237s] -- Symlinking: /home/shh/ssafy_gazeboy/ssafy_ws/install/turtlebot3_description/share/turtlebot3_description/meshes/HDL32E_scan.stl
[1.249s] -- Symlinking: /home/shh/ssafy_gazeboy/ssafy_ws/install/turtlebot3_description/share/turtlebot3_description/meshes/VLP16_base_1.dae
[1.259s] -- Symlinking: /home/shh/ssafy_gazeboy/ssafy_ws/install/turtlebot3_description/share/turtlebot3_description/meshes/VLP16_base_1.stl
[1.278s] -- Symlinking: /home/shh/ssafy_gazeboy/ssafy_ws/install/turtlebot3_description/share/turtlebot3_description/meshes/VLP16_base_2.dae
[1.291s] -- Symlinking: /home/shh/ssafy_gazeboy/ssafy_ws/install/turtlebot3_description/share/turtlebot3_description/meshes/VLP16_base_2.stl
[1.312s] -- Symlinking: /home/shh/ssafy_gazeboy/ssafy_ws/install/turtlebot3_description/share/turtlebot3_description/meshes/VLP16_scan.dae
[1.316s] -- Symlinking: /home/shh/ssafy_gazeboy/ssafy_ws/install/turtlebot3_description/share/turtlebot3_description/meshes/VLP16_scan.stl
[1.328s] -- Symlinking: /home/shh/ssafy_gazeboy/ssafy_ws/install/turtlebot3_description/share/turtlebot3_description/meshes/bases/burger_base.stl
[1.342s] -- Symlinking: /home/shh/ssafy_gazeboy/ssafy_ws/install/turtlebot3_description/share/turtlebot3_description/meshes/bases/waffle_base.stl
[1.352s] -- Symlinking: /home/shh/ssafy_gazeboy/ssafy_ws/install/turtlebot3_description/share/turtlebot3_description/meshes/bases/waffle_pi_base.stl
[1.364s] -- Symlinking: /home/shh/ssafy_gazeboy/ssafy_ws/install/turtlebot3_description/share/turtlebot3_description/meshes/sensors/astra.dae
[1.384s] -- Symlinking: /home/shh/ssafy_gazeboy/ssafy_ws/install/turtlebot3_description/share/turtlebot3_description/meshes/sensors/astra.jpg
[1.403s] -- Symlinking: /home/shh/ssafy_gazeboy/ssafy_ws/install/turtlebot3_description/share/turtlebot3_description/meshes/sensors/lds.stl
[1.412s] -- Symlinking: /home/shh/ssafy_gazeboy/ssafy_ws/install/turtlebot3_description/share/turtlebot3_description/meshes/sensors/r200.dae
[1.429s] -- Symlinking: /home/shh/ssafy_gazeboy/ssafy_ws/install/turtlebot3_description/share/turtlebot3_description/meshes/sensors/r200.jpg
[1.443s] -- Symlinking: /home/shh/ssafy_gazeboy/ssafy_ws/install/turtlebot3_description/share/turtlebot3_description/meshes/wheels/left_tire.stl
[1.458s] -- Symlinking: /home/shh/ssafy_gazeboy/ssafy_ws/install/turtlebot3_description/share/turtlebot3_description/meshes/wheels/right_tire.stl
[1.474s] -- Symlinking: /home/shh/ssafy_gazeboy/ssafy_ws/install/turtlebot3_description/share/turtlebot3_description/rviz/example.rviz
[1.494s] -- Symlinking: /home/shh/ssafy_gazeboy/ssafy_ws/install/turtlebot3_description/share/turtlebot3_description/rviz/model.rviz
[1.506s] -- Symlinking: /home/shh/ssafy_gazeboy/ssafy_ws/install/turtlebot3_description/share/turtlebot3_description/urdf/HDL-32E.urdf.xacro
[1.517s] -- Symlinking: /home/shh/ssafy_gazeboy/ssafy_ws/install/turtlebot3_description/share/turtlebot3_description/urdf/VLP-16.urdf.xacro
[1.528s] -- Symlinking: /home/shh/ssafy_gazeboy/ssafy_ws/install/turtlebot3_description/share/turtlebot3_description/urdf/common_properties.urdf
[1.541s] -- Symlinking: /home/shh/ssafy_gazeboy/ssafy_ws/install/turtlebot3_description/share/turtlebot3_description/urdf/example.urdf.xacro
[1.555s] -- Symlinking: /home/shh/ssafy_gazeboy/ssafy_ws/install/turtlebot3_description/share/turtlebot3_description/urdf/turtlebot3_burger.urdf
[1.578s] -- Symlinking: /home/shh/ssafy_gazeboy/ssafy_ws/install/turtlebot3_description/share/turtlebot3_description/urdf/turtlebot3_velodyne_burger.urdf
[1.586s] -- Symlinking: /home/shh/ssafy_gazeboy/ssafy_ws/install/turtlebot3_description/share/turtlebot3_description/urdf/turtlebot3_waffle.urdf
[1.596s] -- Symlinking: /home/shh/ssafy_gazeboy/ssafy_ws/install/turtlebot3_description/share/turtlebot3_description/urdf/turtlebot3_waffle_pi.urdf
[1.607s] -- Symlinking: /home/shh/ssafy_gazeboy/ssafy_ws/install/turtlebot3_description/share/ament_index/resource_index/package_run_dependencies/turtlebot3_description
[1.618s] -- Symlinking: /home/shh/ssafy_gazeboy/ssafy_ws/install/turtlebot3_description/share/ament_index/resource_index/parent_prefix_path/turtlebot3_description
[1.630s] -- Symlinking: /home/shh/ssafy_gazeboy/ssafy_ws/install/turtlebot3_description/share/turtlebot3_description/environment/ament_prefix_path.sh
[1.651s] -- Symlinking: /home/shh/ssafy_gazeboy/ssafy_ws/install/turtlebot3_description/share/turtlebot3_description/environment/ament_prefix_path.dsv
[1.663s] -- Symlinking: /home/shh/ssafy_gazeboy/ssafy_ws/install/turtlebot3_description/share/turtlebot3_description/environment/path.sh
[1.672s] -- Symlinking: /home/shh/ssafy_gazeboy/ssafy_ws/install/turtlebot3_description/share/turtlebot3_description/environment/path.dsv
[1.682s] -- Symlinking: /home/shh/ssafy_gazeboy/ssafy_ws/install/turtlebot3_description/share/turtlebot3_description/local_setup.bash
[1.698s] -- Symlinking: /home/shh/ssafy_gazeboy/ssafy_ws/install/turtlebot3_description/share/turtlebot3_description/local_setup.sh
[1.708s] -- Symlinking: /home/shh/ssafy_gazeboy/ssafy_ws/install/turtlebot3_description/share/turtlebot3_description/local_setup.zsh
[1.718s] -- Symlinking: /home/shh/ssafy_gazeboy/ssafy_ws/install/turtlebot3_description/share/turtlebot3_description/local_setup.dsv
[1.730s] -- Symlinking: /home/shh/ssafy_gazeboy/ssafy_ws/install/turtlebot3_description/share/turtlebot3_description/package.dsv
[1.749s] -- Symlinking: /home/shh/ssafy_gazeboy/ssafy_ws/install/turtlebot3_description/share/ament_index/resource_index/packages/turtlebot3_description
[1.764s] -- Symlinking: /home/shh/ssafy_gazeboy/ssafy_ws/install/turtlebot3_description/share/turtlebot3_description/cmake/turtlebot3_descriptionConfig.cmake
[1.777s] -- Symlinking: /home/shh/ssafy_gazeboy/ssafy_ws/install/turtlebot3_description/share/turtlebot3_description/cmake/turtlebot3_descriptionConfig-version.cmake
[1.796s] -- Symlinking: /home/shh/ssafy_gazeboy/ssafy_ws/install/turtlebot3_description/share/turtlebot3_description/package.xml
[1.821s] Invoked command in '/home/shh/ssafy_gazeboy/ssafy_ws/build/turtlebot3_description' returned '0': CMAKE_PREFIX_PATH=${CMAKE_PREFIX_PATH}:/home/shh/ssafy_gazeboy/ssafy_ws/install/teleop_twist_keyboard:/home/shh/ssafy_gazeboy/ssafy_ws/install/turtlebot3_teleop:/home/shh/ssafy_gazeboy/ssafy_ws/install/turtlebot3_example:/home/shh/ssafy_gazeboy/ssafy_ws/install/250114:/opt/ros/foxy /usr/bin/cmake --install /home/shh/ssafy_gazeboy/ssafy_ws/build/turtlebot3_description
