[0.062s] Invoking command in '/home/shh/ssafy_gazeboy/ssafy_ws/build/velodyne_gazebo_plugins': CMAKE_PREFIX_PATH=${CMAKE_PREFIX_PATH}:/home/shh/ssafy_gazeboy/ssafy_ws/install/teleop_twist_keyboard:/home/shh/ssafy_gazeboy/ssafy_ws/install/turtlebot3_teleop:/home/shh/ssafy_gazeboy/ssafy_ws/install/turtlebot3_example:/home/shh/ssafy_gazeboy/ssafy_ws/install/250114:/opt/ros/foxy /usr/bin/cmake /home/shh/ssafy_gazeboy/ssafy_ws/src/velodyne_simulator/velodyne_gazebo_plugins -DAMENT_CMAKE_SYMLINK_INSTALL=1 -DCMAKE_INSTALL_PREFIX=/home/shh/ssafy_gazeboy/ssafy_ws/install/velodyne_gazebo_plugins
[0.141s] -- The C compiler identification is GNU 9.4.0
[0.207s] -- The CXX compiler identification is GNU 9.4.0
[0.212s] -- Check for working C compiler: /usr/bin/cc
[0.299s] -- Check for working C compiler: /usr/bin/cc -- works
[0.301s] -- Detecting C compiler ABI info
[0.400s] -- Detecting C compiler ABI info - done
[0.415s] -- Detecting C compile features
[0.415s] -- Detecting C compile features - done
[0.417s] -- Check for working CXX compiler: /usr/bin/c++
[0.521s] -- Check for working CXX compiler: /usr/bin/c++ -- works
[0.522s] -- Detecting CXX compiler ABI info
[0.611s] -- Detecting CXX compiler ABI info - done
[0.624s] -- Detecting CXX compile features
[0.625s] -- Detecting CXX compile features - done
[0.628s] -- Found ament_cmake: 0.9.12 (/opt/ros/foxy/share/ament_cmake/cmake)
[0.652s] -- Found PythonInterp: /usr/bin/python3 (found suitable version "3.8.10", minimum required is "3") 
[0.652s] -- Using PYTHON_EXECUTABLE: /usr/bin/python3
[0.845s] -- Override CMake install command with custom implementation using symlinks instead of copying resources
[0.878s] -- Found gazebo_dev: 3.5.3 (/opt/ros/foxy/share/gazebo_dev/cmake)
[0.886s] -- Found PkgConfig: /usr/bin/pkg-config (found version "0.29.1") 
[0.897s] -- Checking for module 'bullet>=2.82'
[0.934s] --   Found bullet, version 2.88
[1.185s] -- Found ccd: /usr/include (found suitable version "2.0", minimum required is "2.0") 
[1.318s] -- Found fcl: /usr/include (found suitable version "0.5.0", minimum required is "0.3.2") 
[1.460s] -- Found assimp: /usr/include (found version "5.0.0") 
[1.489s] -- Found DART: /usr/include (Required is at least version "6.6") found components: dart 
[1.937s] -- Found Boost: /usr/lib/x86_64-linux-gnu/cmake/Boost-1.71.0/BoostConfig.cmake (found suitable version "1.71.0", minimum required is "1.40.0") found components: thread system filesystem program_options regex iostreams date_time 
[1.967s] -- Found Protobuf: /usr/lib/x86_64-linux-gnu/libprotobuf.so;-lpthread (found version "3.6.1") 
[1.977s] -- Looking for ignition-math6 -- found version 6.15.1
[1.983s] -- Searching for dependencies of ignition-math6
[1.985s] -- Looking for OGRE...
[1.985s] -- OGRE_PREFIX_WATCH changed.
[1.994s] -- Checking for module 'OGRE'
[2.038s] --   Found OGRE, version 1.9.0
[2.132s] -- Found Ogre Ghadamon (1.9.0)
[2.143s] -- Found OGRE: optimized;/usr/lib/x86_64-linux-gnu/libOgreMain.so;debug;/usr/lib/x86_64-linux-gnu/libOgreMain.so
[2.156s] -- Looking for OGRE_Paging...
[2.176s] -- Found OGRE_Paging: optimized;/usr/lib/x86_64-linux-gnu/libOgrePaging.so;debug;/usr/lib/x86_64-linux-gnu/libOgrePaging.so
[2.176s] -- Looking for OGRE_Terrain...
[2.191s] -- Found OGRE_Terrain: optimized;/usr/lib/x86_64-linux-gnu/libOgreTerrain.so;debug;/usr/lib/x86_64-linux-gnu/libOgreTerrain.so
[2.191s] -- Looking for OGRE_Property...
[2.203s] -- Found OGRE_Property: optimized;/usr/lib/x86_64-linux-gnu/libOgreProperty.so;debug;/usr/lib/x86_64-linux-gnu/libOgreProperty.so
[2.203s] -- Looking for OGRE_RTShaderSystem...
[2.212s] -- Found OGRE_RTShaderSystem: optimized;/usr/lib/x86_64-linux-gnu/libOgreRTShaderSystem.so;debug;/usr/lib/x86_64-linux-gnu/libOgreRTShaderSystem.so
[2.213s] -- Looking for OGRE_Volume...
[2.226s] -- Found OGRE_Volume: optimized;/usr/lib/x86_64-linux-gnu/libOgreVolume.so;debug;/usr/lib/x86_64-linux-gnu/libOgreVolume.so
[2.226s] -- Looking for OGRE_Overlay...
[2.234s] -- Found OGRE_Overlay: optimized;/usr/lib/x86_64-linux-gnu/libOgreOverlay.so;debug;/usr/lib/x86_64-linux-gnu/libOgreOverlay.so
[2.411s] -- Looking for ignition-math6 -- found version 6.15.1
[2.414s] -- Looking for ignition-transport8 -- found version 8.3.0
[2.414s] -- Searching for dependencies of ignition-transport8
[2.440s] -- Found Protobuf: /usr/lib/x86_64-linux-gnu/libprotobuf.so;-lpthread (found suitable version "3.6.1", minimum required is "3") 
[2.460s] -- Config-file not installed for ZeroMQ -- checking for pkg-config
[2.467s] -- Checking for module 'libzmq >= 4'
[2.511s] --   Found libzmq , version 4.3.2
[2.622s] -- Found ZeroMQ: TRUE (Required is at least version "4") 
[2.630s] -- Checking for module 'uuid'
[2.672s] --   Found uuid, version 2.34.0
[2.788s] -- Found UUID: TRUE  
[2.792s] -- Looking for ignition-msgs5 -- found version 5.10.0
[2.792s] -- Searching for dependencies of ignition-msgs5
[2.821s] -- Looking for ignition-math6 -- found version 6.15.1
[2.832s] -- Checking for module 'tinyxml2'
[2.876s] --   Found tinyxml2, version 6.2.0
[2.991s] -- Looking for ignition-msgs5 -- found version 5.10.0
[2.996s] -- Looking for ignition-common3 -- found version 3.14.2
[2.997s] -- Searching for dependencies of ignition-common3
[2.998s] -- Looking for dlfcn.h - found
[2.999s] -- Looking for libdl - found
[3.000s] -- Found DL: TRUE  
[3.018s] -- Searching for <ignition-common3> component [graphics]
[3.023s] -- Looking for ignition-common3-graphics -- found version 3.14.2
[3.023s] -- Searching for dependencies of ignition-common3-graphics
[3.023s] -- Looking for ignition-math6 -- found version 6.15.1
[3.026s] -- Looking for ignition-fuel_tools4 -- found version 4.6.0
[3.027s] -- Searching for dependencies of ignition-fuel_tools4
[3.226s] -- Found CURL: /usr/lib/x86_64-linux-gnu/libcurl.so (found version "7.68.0")  
[3.237s] -- Checking for module 'jsoncpp'
[3.287s] --   Found jsoncpp, version 1.7.4
[3.400s] -- Found JSONCPP: TRUE  
[3.407s] -- Checking for module 'libzip'
[3.456s] --   Found libzip, version 1.5.1
[3.564s] -- Found ZIP: TRUE  
[3.565s] -- Looking for ignition-common3 -- found version 3.14.2
[3.565s] -- Looking for ignition-math6 -- found version 6.15.1
[3.566s] -- Looking for ignition-msgs5 -- found version 5.10.0
[3.567s] -- Gazebo version: 11.11
[3.569s] -- Found gazebo_ros: 3.5.3 (/opt/ros/foxy/share/gazebo_ros/cmake)
[3.614s] -- Using all available rosidl_typesupport_c: rosidl_typesupport_fastrtps_c;rosidl_typesupport_introspection_c
[3.622s] -- Found rosidl_adapter: 1.3.1 (/opt/ros/foxy/share/rosidl_adapter/cmake)
[3.814s] -- Found OpenSSL: /usr/lib/x86_64-linux-gnu/libcrypto.so (found version "1.1.1f")  
[3.855s] -- Found FastRTPS: /opt/ros/foxy/include  
[3.960s] -- Using all available rosidl_typesupport_cpp: rosidl_typesupport_fastrtps_cpp;rosidl_typesupport_introspection_cpp
[4.016s] -- Found rmw_implementation_cmake: 1.0.4 (/opt/ros/foxy/share/rmw_implementation_cmake/cmake)
[4.018s] -- Using RMW implementation 'rmw_fastrtps_cpp' as default
[4.019s] -- Found Threads: TRUE  
[4.171s] -- Found gazebo_msgs: 3.5.3 (/opt/ros/foxy/share/gazebo_msgs/cmake)
[4.397s] -- Found sensor_msgs: 2.0.5 (/opt/ros/foxy/share/sensor_msgs/cmake)
[4.554s] -- Configuring done
[4.580s] -- Generating done
[4.582s] -- Build files have been written to: /home/shh/ssafy_gazeboy/ssafy_ws/build/velodyne_gazebo_plugins
[4.594s] Invoked command in '/home/shh/ssafy_gazeboy/ssafy_ws/build/velodyne_gazebo_plugins' returned '0': CMAKE_PREFIX_PATH=${CMAKE_PREFIX_PATH}:/home/shh/ssafy_gazeboy/ssafy_ws/install/teleop_twist_keyboard:/home/shh/ssafy_gazeboy/ssafy_ws/install/turtlebot3_teleop:/home/shh/ssafy_gazeboy/ssafy_ws/install/turtlebot3_example:/home/shh/ssafy_gazeboy/ssafy_ws/install/250114:/opt/ros/foxy /usr/bin/cmake /home/shh/ssafy_gazeboy/ssafy_ws/src/velodyne_simulator/velodyne_gazebo_plugins -DAMENT_CMAKE_SYMLINK_INSTALL=1 -DCMAKE_INSTALL_PREFIX=/home/shh/ssafy_gazeboy/ssafy_ws/install/velodyne_gazebo_plugins
[4.601s] Invoking command in '/home/shh/ssafy_gazeboy/ssafy_ws/build/velodyne_gazebo_plugins': CMAKE_PREFIX_PATH=${CMAKE_PREFIX_PATH}:/home/shh/ssafy_gazeboy/ssafy_ws/install/teleop_twist_keyboard:/home/shh/ssafy_gazeboy/ssafy_ws/install/turtlebot3_teleop:/home/shh/ssafy_gazeboy/ssafy_ws/install/turtlebot3_example:/home/shh/ssafy_gazeboy/ssafy_ws/install/250114:/opt/ros/foxy /usr/bin/cmake --build /home/shh/ssafy_gazeboy/ssafy_ws/build/velodyne_gazebo_plugins -- -j16 -l16
[4.665s] [35m[1mScanning dependencies of target gazebo_ros_velodyne_laser[0m
[4.830s] [ 50%] [32mBuilding CXX object CMakeFiles/gazebo_ros_velodyne_laser.dir/src/GazeboRosVelodyneLaser.cpp.o[0m
[15.959s] [100%] [32m[1mLinking CXX shared library libgazebo_ros_velodyne_laser.so[0m
[16.681s] [100%] Built target gazebo_ros_velodyne_laser
[16.700s] Invoked command in '/home/shh/ssafy_gazeboy/ssafy_ws/build/velodyne_gazebo_plugins' returned '0': CMAKE_PREFIX_PATH=${CMAKE_PREFIX_PATH}:/home/shh/ssafy_gazeboy/ssafy_ws/install/teleop_twist_keyboard:/home/shh/ssafy_gazeboy/ssafy_ws/install/turtlebot3_teleop:/home/shh/ssafy_gazeboy/ssafy_ws/install/turtlebot3_example:/home/shh/ssafy_gazeboy/ssafy_ws/install/250114:/opt/ros/foxy /usr/bin/cmake --build /home/shh/ssafy_gazeboy/ssafy_ws/build/velodyne_gazebo_plugins -- -j16 -l16
[16.748s] Invoking command in '/home/shh/ssafy_gazeboy/ssafy_ws/build/velodyne_gazebo_plugins': CMAKE_PREFIX_PATH=${CMAKE_PREFIX_PATH}:/home/shh/ssafy_gazeboy/ssafy_ws/install/teleop_twist_keyboard:/home/shh/ssafy_gazeboy/ssafy_ws/install/turtlebot3_teleop:/home/shh/ssafy_gazeboy/ssafy_ws/install/turtlebot3_example:/home/shh/ssafy_gazeboy/ssafy_ws/install/250114:/opt/ros/foxy /usr/bin/cmake --install /home/shh/ssafy_gazeboy/ssafy_ws/build/velodyne_gazebo_plugins
[16.763s] -- Install configuration: ""
[16.763s] -- Execute custom install script
[16.763s] -- Symlinking: /home/shh/ssafy_gazeboy/ssafy_ws/install/velodyne_gazebo_plugins/lib/libgazebo_ros_velodyne_laser.so
[16.780s] -- Symlinking: /home/shh/ssafy_gazeboy/ssafy_ws/install/velodyne_gazebo_plugins/include/velodyne_gazebo_plugins/GazeboRosVelodyneLaser.hpp
[16.791s] -- Symlinking: /home/shh/ssafy_gazeboy/ssafy_ws/install/velodyne_gazebo_plugins/share/velodyne_gazebo_plugins/environment/library_path.sh
[16.807s] -- Symlinking: /home/shh/ssafy_gazeboy/ssafy_ws/install/velodyne_gazebo_plugins/share/velodyne_gazebo_plugins/environment/library_path.dsv
[16.818s] -- Symlinking: /home/shh/ssafy_gazeboy/ssafy_ws/install/velodyne_gazebo_plugins/share/ament_index/resource_index/package_run_dependencies/velodyne_gazebo_plugins
[16.830s] -- Symlinking: /home/shh/ssafy_gazeboy/ssafy_ws/install/velodyne_gazebo_plugins/share/ament_index/resource_index/parent_prefix_path/velodyne_gazebo_plugins
[16.847s] -- Symlinking: /home/shh/ssafy_gazeboy/ssafy_ws/install/velodyne_gazebo_plugins/share/velodyne_gazebo_plugins/environment/ament_prefix_path.sh
[16.864s] -- Symlinking: /home/shh/ssafy_gazeboy/ssafy_ws/install/velodyne_gazebo_plugins/share/velodyne_gazebo_plugins/environment/ament_prefix_path.dsv
[16.882s] -- Symlinking: /home/shh/ssafy_gazeboy/ssafy_ws/install/velodyne_gazebo_plugins/share/velodyne_gazebo_plugins/environment/path.sh
[16.894s] -- Symlinking: /home/shh/ssafy_gazeboy/ssafy_ws/install/velodyne_gazebo_plugins/share/velodyne_gazebo_plugins/environment/path.dsv
[16.905s] -- Symlinking: /home/shh/ssafy_gazeboy/ssafy_ws/install/velodyne_gazebo_plugins/share/velodyne_gazebo_plugins/local_setup.bash
[16.922s] -- Symlinking: /home/shh/ssafy_gazeboy/ssafy_ws/install/velodyne_gazebo_plugins/share/velodyne_gazebo_plugins/local_setup.sh
[16.936s] -- Symlinking: /home/shh/ssafy_gazeboy/ssafy_ws/install/velodyne_gazebo_plugins/share/velodyne_gazebo_plugins/local_setup.zsh
[16.953s] -- Symlinking: /home/shh/ssafy_gazeboy/ssafy_ws/install/velodyne_gazebo_plugins/share/velodyne_gazebo_plugins/local_setup.dsv
[16.968s] -- Symlinking: /home/shh/ssafy_gazeboy/ssafy_ws/install/velodyne_gazebo_plugins/share/velodyne_gazebo_plugins/package.dsv
[16.979s] -- Symlinking: /home/shh/ssafy_gazeboy/ssafy_ws/install/velodyne_gazebo_plugins/share/ament_index/resource_index/packages/velodyne_gazebo_plugins
[16.990s] -- Symlinking: /home/shh/ssafy_gazeboy/ssafy_ws/install/velodyne_gazebo_plugins/share/velodyne_gazebo_plugins/cmake/ament_cmake_export_include_directories-extras.cmake
[17.005s] -- Symlinking: /home/shh/ssafy_gazeboy/ssafy_ws/install/velodyne_gazebo_plugins/share/velodyne_gazebo_plugins/cmake/ament_cmake_export_libraries-extras.cmake
[17.022s] -- Symlinking: /home/shh/ssafy_gazeboy/ssafy_ws/install/velodyne_gazebo_plugins/share/velodyne_gazebo_plugins/cmake/ament_cmake_export_dependencies-extras.cmake
[17.038s] -- Symlinking: /home/shh/ssafy_gazeboy/ssafy_ws/install/velodyne_gazebo_plugins/share/velodyne_gazebo_plugins/cmake/velodyne_gazebo_pluginsConfig.cmake
[17.048s] -- Symlinking: /home/shh/ssafy_gazeboy/ssafy_ws/install/velodyne_gazebo_plugins/share/velodyne_gazebo_plugins/cmake/velodyne_gazebo_pluginsConfig-version.cmake
[17.068s] -- Symlinking: /home/shh/ssafy_gazeboy/ssafy_ws/install/velodyne_gazebo_plugins/share/velodyne_gazebo_plugins/package.xml
[17.100s] Invoked command in '/home/shh/ssafy_gazeboy/ssafy_ws/build/velodyne_gazebo_plugins' returned '0': CMAKE_PREFIX_PATH=${CMAKE_PREFIX_PATH}:/home/shh/ssafy_gazeboy/ssafy_ws/install/teleop_twist_keyboard:/home/shh/ssafy_gazeboy/ssafy_ws/install/turtlebot3_teleop:/home/shh/ssafy_gazeboy/ssafy_ws/install/turtlebot3_example:/home/shh/ssafy_gazeboy/ssafy_ws/install/250114:/opt/ros/foxy /usr/bin/cmake --install /home/shh/ssafy_gazeboy/ssafy_ws/build/velodyne_gazebo_plugins
