running develop
running egg_info
creating yolo_pkg.egg-info
writing yolo_pkg.egg-info/PKG-INFO
writing dependency_links to yolo_pkg.egg-info/dependency_links.txt
writing entry points to yolo_pkg.egg-info/entry_points.txt
writing requirements to yolo_pkg.egg-info/requires.txt
writing top-level names to yolo_pkg.egg-info/top_level.txt
writing manifest file 'yolo_pkg.egg-info/SOURCES.txt'
reading manifest file 'yolo_pkg.egg-info/SOURCES.txt'
writing manifest file 'yolo_pkg.egg-info/SOURCES.txt'
running build_ext
Creating /home/shh/ssafy_gazeboy/ssafy_ws/install/yolo_pkg/lib/python3.8/site-packages/site.py
Creating /home/shh/ssafy_gazeboy/ssafy_ws/install/yolo_pkg/lib/python3.8/site-packages/yolo-pkg.egg-link (link to .)

Installed /home/shh/ssafy_gazeboy/ssafy_ws/build/yolo_pkg
running install_data
creating /home/shh/ssafy_gazeboy/ssafy_ws/install/yolo_pkg/share/ament_index
creating /home/shh/ssafy_gazeboy/ssafy_ws/install/yolo_pkg/share/ament_index/resource_index
creating /home/shh/ssafy_gazeboy/ssafy_ws/install/yolo_pkg/share/ament_index/resource_index/packages
copying resource/yolo_pkg -> /home/shh/ssafy_gazeboy/ssafy_ws/install/yolo_pkg/share/ament_index/resource_index/packages
copying package.xml -> /home/shh/ssafy_gazeboy/ssafy_ws/install/yolo_pkg/share/yolo_pkg
