[3.124s] Invoking command in '/home/shh/ssafy_gazeboy/ssafy_ws/build/yolo_pkg': PYTHONPATH=/home/shh/ssafy_gazeboy/ssafy_ws/build/yolo_pkg/prefix_override:/home/shh/ssafy_gazeboy/ssafy_ws/install/yolo_pkg/lib/python3.8/site-packages:${PYTHONPATH} /usr/bin/python3 setup.py develop --editable --build-directory /home/shh/ssafy_gazeboy/ssafy_ws/build/yolo_pkg/build --no-deps install_data
[3.499s] running develop
[3.686s] running egg_info
[3.686s] creating yolo_pkg.egg-info
[3.686s] writing yolo_pkg.egg-info/PKG-INFO
[3.687s] writing dependency_links to yolo_pkg.egg-info/dependency_links.txt
[3.687s] writing entry points to yolo_pkg.egg-info/entry_points.txt
[3.687s] writing requirements to yolo_pkg.egg-info/requires.txt
[3.687s] writing top-level names to yolo_pkg.egg-info/top_level.txt
[3.688s] writing manifest file 'yolo_pkg.egg-info/SOURCES.txt'
[3.724s] reading manifest file 'yolo_pkg.egg-info/SOURCES.txt'
[3.725s] writing manifest file 'yolo_pkg.egg-info/SOURCES.txt'
[3.754s] running build_ext
[3.754s] Creating /home/shh/ssafy_gazeboy/ssafy_ws/install/yolo_pkg/lib/python3.8/site-packages/site.py
[3.756s] Creating /home/shh/ssafy_gazeboy/ssafy_ws/install/yolo_pkg/lib/python3.8/site-packages/yolo-pkg.egg-link (link to .)
[3.756s] 
[3.757s] Installed /home/shh/ssafy_gazeboy/ssafy_ws/build/yolo_pkg
[3.757s] running install_data
[3.757s] creating /home/shh/ssafy_gazeboy/ssafy_ws/install/yolo_pkg/share/ament_index
[3.757s] creating /home/shh/ssafy_gazeboy/ssafy_ws/install/yolo_pkg/share/ament_index/resource_index
[3.757s] creating /home/shh/ssafy_gazeboy/ssafy_ws/install/yolo_pkg/share/ament_index/resource_index/packages
[3.757s] copying resource/yolo_pkg -> /home/shh/ssafy_gazeboy/ssafy_ws/install/yolo_pkg/share/ament_index/resource_index/packages
[3.757s] copying package.xml -> /home/shh/ssafy_gazeboy/ssafy_ws/install/yolo_pkg/share/yolo_pkg
[3.854s] Invoked command in '/home/shh/ssafy_gazeboy/ssafy_ws/build/yolo_pkg' returned '0': PYTHONPATH=/home/shh/ssafy_gazeboy/ssafy_ws/build/yolo_pkg/prefix_override:/home/shh/ssafy_gazeboy/ssafy_ws/install/yolo_pkg/lib/python3.8/site-packages:${PYTHONPATH} /usr/bin/python3 setup.py develop --editable --build-directory /home/shh/ssafy_gazeboy/ssafy_ws/build/yolo_pkg/build --no-deps install_data
