[2.088s] Invoking command in '/home/shh/ssafy_ws/src/turtle_controller': PYTHONPATH=/home/shh/ssafy_ws/build/turtle_controller/prefix_override:/home/shh/ssafy_ws/install/turtle_controller/lib/python3.8/site-packages:${PYTHONPATH} /usr/bin/python3 setup.py egg_info --egg-base ../../build/turtle_controller build --build-base /home/shh/ssafy_ws/build/turtle_controller/build install --record /home/shh/ssafy_ws/build/turtle_controller/install.log --single-version-externally-managed
[2.306s] running egg_info
[2.306s] creating ../../build/turtle_controller/turtle_controller.egg-info
[2.306s] writing ../../build/turtle_controller/turtle_controller.egg-info/PKG-INFO
[2.306s] writing dependency_links to ../../build/turtle_controller/turtle_controller.egg-info/dependency_links.txt
[2.307s] writing entry points to ../../build/turtle_controller/turtle_controller.egg-info/entry_points.txt
[2.307s] writing requirements to ../../build/turtle_controller/turtle_controller.egg-info/requires.txt
[2.307s] writing top-level names to ../../build/turtle_controller/turtle_controller.egg-info/top_level.txt
[2.651s] writing manifest file '../../build/turtle_controller/turtle_controller.egg-info/SOURCES.txt'
[2.688s] reading manifest file '../../build/turtle_controller/turtle_controller.egg-info/SOURCES.txt'
[2.690s] writing manifest file '../../build/turtle_controller/turtle_controller.egg-info/SOURCES.txt'
[2.690s] running build
[2.690s] running build_py
[2.690s] creating /home/shh/ssafy_ws/build/turtle_controller/build
[2.690s] creating /home/shh/ssafy_ws/build/turtle_controller/build/lib
[2.691s] creating /home/shh/ssafy_ws/build/turtle_controller/build/lib/turtle_controller
[2.691s] copying turtle_controller/turtle_controller.py -> /home/shh/ssafy_ws/build/turtle_controller/build/lib/turtle_controller
[2.693s] copying turtle_controller/__init__.py -> /home/shh/ssafy_ws/build/turtle_controller/build/lib/turtle_controller
[2.693s] running install
[2.693s] running install_lib
[2.693s] creating /home/shh/ssafy_ws/install/turtle_controller/lib/python3.8/site-packages/turtle_controller
[2.693s] copying /home/shh/ssafy_ws/build/turtle_controller/build/lib/turtle_controller/turtle_controller.py -> /home/shh/ssafy_ws/install/turtle_controller/lib/python3.8/site-packages/turtle_controller
[2.693s] copying /home/shh/ssafy_ws/build/turtle_controller/build/lib/turtle_controller/__init__.py -> /home/shh/ssafy_ws/install/turtle_controller/lib/python3.8/site-packages/turtle_controller
[2.694s] byte-compiling /home/shh/ssafy_ws/install/turtle_controller/lib/python3.8/site-packages/turtle_controller/turtle_controller.py to turtle_controller.cpython-38.pyc
[2.695s] byte-compiling /home/shh/ssafy_ws/install/turtle_controller/lib/python3.8/site-packages/turtle_controller/__init__.py to __init__.cpython-38.pyc
[2.695s] running install_data
[2.695s] creating /home/shh/ssafy_ws/install/turtle_controller/share/ament_index
[2.695s] creating /home/shh/ssafy_ws/install/turtle_controller/share/ament_index/resource_index
[2.695s] creating /home/shh/ssafy_ws/install/turtle_controller/share/ament_index/resource_index/packages
[2.695s] copying resource/turtle_controller -> /home/shh/ssafy_ws/install/turtle_controller/share/ament_index/resource_index/packages
[2.696s] copying package.xml -> /home/shh/ssafy_ws/install/turtle_controller/share/turtle_controller
[2.696s] running install_egg_info
[2.696s] Copying ../../build/turtle_controller/turtle_controller.egg-info to /home/shh/ssafy_ws/install/turtle_controller/lib/python3.8/site-packages/turtle_controller-0.0.0-py3.8.egg-info
[2.696s] running install_scripts
[2.710s] Installing turtle_controller script to /home/shh/ssafy_ws/install/turtle_controller/lib/turtle_controller
[2.710s] writing list of installed files to '/home/shh/ssafy_ws/build/turtle_controller/install.log'
[2.786s] Invoked command in '/home/shh/ssafy_ws/src/turtle_controller' returned '0': PYTHONPATH=/home/shh/ssafy_ws/build/turtle_controller/prefix_override:/home/shh/ssafy_ws/install/turtle_controller/lib/python3.8/site-packages:${PYTHONPATH} /usr/bin/python3 setup.py egg_info --egg-base ../../build/turtle_controller build --build-base /home/shh/ssafy_ws/build/turtle_controller/build install --record /home/shh/ssafy_ws/build/turtle_controller/install.log --single-version-externally-managed
