[0.029s] Invoking command in '/home/shh/ssafy_gazeboy/ssafy_ws/build/turtlebot3_simulations': CMAKE_PREFIX_PATH=/home/shh/ssafy_gazeboy/ssafy_ws/install/turtlebot3_gazebo:/home/shh/ssafy_gazeboy/ssafy_ws/install/velodyne_description:/home/shh/ssafy_gazeboy/ssafy_ws/install/turtlebot3_description:/home/shh/ssafy_gazeboy/ssafy_ws/install/velodyne_simulator:/home/shh/ssafy_gazeboy/ssafy_ws/install/velodyne_gazebo_plugins:/home/shh/ssafy_gazeboy/ssafy_ws/install/turtlebot3_simulations:/home/shh/ssafy_gazeboy/ssafy_ws/install/teleop_twist_keyboard:/opt/ros/foxy /usr/bin/cmake --build /home/shh/ssafy_gazeboy/ssafy_ws/build/turtlebot3_simulations -- -j16 -l16
[0.097s] Invoked command in '/home/shh/ssafy_gazeboy/ssafy_ws/build/turtlebot3_simulations' returned '0': CMAKE_PREFIX_PATH=/home/shh/ssafy_gazeboy/ssafy_ws/install/turtlebot3_gazebo:/home/shh/ssafy_gazeboy/ssafy_ws/install/velodyne_description:/home/shh/ssafy_gazeboy/ssafy_ws/install/turtlebot3_description:/home/shh/ssafy_gazeboy/ssafy_ws/install/velodyne_simulator:/home/shh/ssafy_gazeboy/ssafy_ws/install/velodyne_gazebo_plugins:/home/shh/ssafy_gazeboy/ssafy_ws/install/turtlebot3_simulations:/home/shh/ssafy_gazeboy/ssafy_ws/install/teleop_twist_keyboard:/opt/ros/foxy /usr/bin/cmake --build /home/shh/ssafy_gazeboy/ssafy_ws/build/turtlebot3_simulations -- -j16 -l16
[0.149s] Invoking command in '/home/shh/ssafy_gazeboy/ssafy_ws/build/turtlebot3_simulations': CMAKE_PREFIX_PATH=/home/shh/ssafy_gazeboy/ssafy_ws/install/turtlebot3_gazebo:/home/shh/ssafy_gazeboy/ssafy_ws/install/velodyne_description:/home/shh/ssafy_gazeboy/ssafy_ws/install/turtlebot3_description:/home/shh/ssafy_gazeboy/ssafy_ws/install/velodyne_simulator:/home/shh/ssafy_gazeboy/ssafy_ws/install/velodyne_gazebo_plugins:/home/shh/ssafy_gazeboy/ssafy_ws/install/turtlebot3_simulations:/home/shh/ssafy_gazeboy/ssafy_ws/install/teleop_twist_keyboard:/opt/ros/foxy /usr/bin/cmake --install /home/shh/ssafy_gazeboy/ssafy_ws/build/turtlebot3_simulations
[0.162s] -- Install configuration: ""
[0.163s] -- Execute custom install script
[0.163s] -- Up-to-date symlink: /home/shh/ssafy_gazeboy/ssafy_ws/install/turtlebot3_simulations/share/ament_index/resource_index/package_run_dependencies/turtlebot3_simulations
[0.164s] -- Up-to-date symlink: /home/shh/ssafy_gazeboy/ssafy_ws/install/turtlebot3_simulations/share/ament_index/resource_index/parent_prefix_path/turtlebot3_simulations
[0.164s] -- Up-to-date symlink: /home/shh/ssafy_gazeboy/ssafy_ws/install/turtlebot3_simulations/share/turtlebot3_simulations/environment/ament_prefix_path.sh
[0.164s] -- Up-to-date symlink: /home/shh/ssafy_gazeboy/ssafy_ws/install/turtlebot3_simulations/share/turtlebot3_simulations/environment/ament_prefix_path.dsv
[0.164s] -- Up-to-date symlink: /home/shh/ssafy_gazeboy/ssafy_ws/install/turtlebot3_simulations/share/turtlebot3_simulations/environment/path.sh
[0.165s] -- Up-to-date symlink: /home/shh/ssafy_gazeboy/ssafy_ws/install/turtlebot3_simulations/share/turtlebot3_simulations/environment/path.dsv
[0.165s] -- Up-to-date symlink: /home/shh/ssafy_gazeboy/ssafy_ws/install/turtlebot3_simulations/share/turtlebot3_simulations/local_setup.bash
[0.165s] -- Up-to-date symlink: /home/shh/ssafy_gazeboy/ssafy_ws/install/turtlebot3_simulations/share/turtlebot3_simulations/local_setup.sh
[0.165s] -- Up-to-date symlink: /home/shh/ssafy_gazeboy/ssafy_ws/install/turtlebot3_simulations/share/turtlebot3_simulations/local_setup.zsh
[0.165s] -- Up-to-date symlink: /home/shh/ssafy_gazeboy/ssafy_ws/install/turtlebot3_simulations/share/turtlebot3_simulations/local_setup.dsv
[0.165s] -- Symlinking: /home/shh/ssafy_gazeboy/ssafy_ws/install/turtlebot3_simulations/share/turtlebot3_simulations/package.dsv
[0.176s] -- Up-to-date symlink: /home/shh/ssafy_gazeboy/ssafy_ws/install/turtlebot3_simulations/share/ament_index/resource_index/packages/turtlebot3_simulations
[0.177s] -- Up-to-date symlink: /home/shh/ssafy_gazeboy/ssafy_ws/install/turtlebot3_simulations/share/turtlebot3_simulations/cmake/turtlebot3_simulationsConfig.cmake
[0.177s] -- Up-to-date symlink: /home/shh/ssafy_gazeboy/ssafy_ws/install/turtlebot3_simulations/share/turtlebot3_simulations/cmake/turtlebot3_simulationsConfig-version.cmake
[0.178s] -- Up-to-date symlink: /home/shh/ssafy_gazeboy/ssafy_ws/install/turtlebot3_simulations/share/turtlebot3_simulations/package.xml
[0.192s] Invoked command in '/home/shh/ssafy_gazeboy/ssafy_ws/build/turtlebot3_simulations' returned '0': CMAKE_PREFIX_PATH=/home/shh/ssafy_gazeboy/ssafy_ws/install/turtlebot3_gazebo:/home/shh/ssafy_gazeboy/ssafy_ws/install/velodyne_description:/home/shh/ssafy_gazeboy/ssafy_ws/install/turtlebot3_description:/home/shh/ssafy_gazeboy/ssafy_ws/install/velodyne_simulator:/home/shh/ssafy_gazeboy/ssafy_ws/install/velodyne_gazebo_plugins:/home/shh/ssafy_gazeboy/ssafy_ws/install/turtlebot3_simulations:/home/shh/ssafy_gazeboy/ssafy_ws/install/teleop_twist_keyboard:/opt/ros/foxy /usr/bin/cmake --install /home/shh/ssafy_gazeboy/ssafy_ws/build/turtlebot3_simulations
