[0.099s] Invoking command in '/home/shh/ssafy_gazeboy/ssafy_ws/build/velodyne_description': CMAKE_PREFIX_PATH=${CMAKE_PREFIX_PATH}:/home/shh/ssafy_gazeboy/ssafy_ws/install/teleop_twist_keyboard:/home/shh/ssafy_gazeboy/ssafy_ws/install/turtlebot3_teleop:/home/shh/ssafy_gazeboy/ssafy_ws/install/turtlebot3_example:/home/shh/ssafy_gazeboy/ssafy_ws/install/250114:/opt/ros/foxy /usr/bin/cmake /home/shh/ssafy_gazeboy/ssafy_ws/src/velodyne_simulator/velodyne_description -DAMENT_CMAKE_SYMLINK_INSTALL=1 -DCMAKE_INSTALL_PREFIX=/home/shh/ssafy_gazeboy/ssafy_ws/install/velodyne_description
[0.178s] -- The C compiler identification is GNU 9.4.0
[0.258s] -- The CXX compiler identification is GNU 9.4.0
[0.263s] -- Check for working C compiler: /usr/bin/cc
[0.355s] -- Check for working C compiler: /usr/bin/cc -- works
[0.356s] -- Detecting C compiler ABI info
[0.458s] -- Detecting C compiler ABI info - done
[0.472s] -- Detecting C compile features
[0.473s] -- Detecting C compile features - done
[0.475s] -- Check for working CXX compiler: /usr/bin/c++
[0.587s] -- Check for working CXX compiler: /usr/bin/c++ -- works
[0.588s] -- Detecting CXX compiler ABI info
[0.701s] -- Detecting CXX compiler ABI info - done
[0.718s] -- Detecting CXX compile features
[0.719s] -- Detecting CXX compile features - done
[0.722s] -- Found ament_cmake: 0.9.12 (/opt/ros/foxy/share/ament_cmake/cmake)
[0.750s] -- Found PythonInterp: /usr/bin/python3 (found suitable version "3.8.10", minimum required is "3") 
[0.750s] -- Using PYTHON_EXECUTABLE: /usr/bin/python3
[0.936s] -- Override CMake install command with custom implementation using symlinks instead of copying resources
[1.034s] -- Configuring done
[1.036s] -- Generating done
[1.037s] -- Build files have been written to: /home/shh/ssafy_gazeboy/ssafy_ws/build/velodyne_description
[1.041s] Invoked command in '/home/shh/ssafy_gazeboy/ssafy_ws/build/velodyne_description' returned '0': CMAKE_PREFIX_PATH=${CMAKE_PREFIX_PATH}:/home/shh/ssafy_gazeboy/ssafy_ws/install/teleop_twist_keyboard:/home/shh/ssafy_gazeboy/ssafy_ws/install/turtlebot3_teleop:/home/shh/ssafy_gazeboy/ssafy_ws/install/turtlebot3_example:/home/shh/ssafy_gazeboy/ssafy_ws/install/250114:/opt/ros/foxy /usr/bin/cmake /home/shh/ssafy_gazeboy/ssafy_ws/src/velodyne_simulator/velodyne_description -DAMENT_CMAKE_SYMLINK_INSTALL=1 -DCMAKE_INSTALL_PREFIX=/home/shh/ssafy_gazeboy/ssafy_ws/install/velodyne_description
[1.046s] Invoking command in '/home/shh/ssafy_gazeboy/ssafy_ws/build/velodyne_description': CMAKE_PREFIX_PATH=${CMAKE_PREFIX_PATH}:/home/shh/ssafy_gazeboy/ssafy_ws/install/teleop_twist_keyboard:/home/shh/ssafy_gazeboy/ssafy_ws/install/turtlebot3_teleop:/home/shh/ssafy_gazeboy/ssafy_ws/install/turtlebot3_example:/home/shh/ssafy_gazeboy/ssafy_ws/install/250114:/opt/ros/foxy /usr/bin/cmake --build /home/shh/ssafy_gazeboy/ssafy_ws/build/velodyne_description -- -j16 -l16
[1.093s] Invoked command in '/home/shh/ssafy_gazeboy/ssafy_ws/build/velodyne_description' returned '0': CMAKE_PREFIX_PATH=${CMAKE_PREFIX_PATH}:/home/shh/ssafy_gazeboy/ssafy_ws/install/teleop_twist_keyboard:/home/shh/ssafy_gazeboy/ssafy_ws/install/turtlebot3_teleop:/home/shh/ssafy_gazeboy/ssafy_ws/install/turtlebot3_example:/home/shh/ssafy_gazeboy/ssafy_ws/install/250114:/opt/ros/foxy /usr/bin/cmake --build /home/shh/ssafy_gazeboy/ssafy_ws/build/velodyne_description -- -j16 -l16
[1.153s] Invoking command in '/home/shh/ssafy_gazeboy/ssafy_ws/build/velodyne_description': CMAKE_PREFIX_PATH=${CMAKE_PREFIX_PATH}:/home/shh/ssafy_gazeboy/ssafy_ws/install/teleop_twist_keyboard:/home/shh/ssafy_gazeboy/ssafy_ws/install/turtlebot3_teleop:/home/shh/ssafy_gazeboy/ssafy_ws/install/turtlebot3_example:/home/shh/ssafy_gazeboy/ssafy_ws/install/250114:/opt/ros/foxy /usr/bin/cmake --install /home/shh/ssafy_gazeboy/ssafy_ws/build/velodyne_description
[1.167s] -- Install configuration: ""
[1.167s] -- Execute custom install script
[1.167s] -- Symlinking: /home/shh/ssafy_gazeboy/ssafy_ws/install/velodyne_description/share/velodyne_description/launch/example.launch.py
[1.179s] -- Symlinking: /home/shh/ssafy_gazeboy/ssafy_ws/install/velodyne_description/share/velodyne_description/meshes/HDL32E_base.dae
[1.189s] -- Symlinking: /home/shh/ssafy_gazeboy/ssafy_ws/install/velodyne_description/share/velodyne_description/meshes/HDL32E_base.stl
[1.206s] -- Symlinking: /home/shh/ssafy_gazeboy/ssafy_ws/install/velodyne_description/share/velodyne_description/meshes/HDL32E_scan.dae
[1.217s] -- Symlinking: /home/shh/ssafy_gazeboy/ssafy_ws/install/velodyne_description/share/velodyne_description/meshes/HDL32E_scan.stl
[1.229s] -- Symlinking: /home/shh/ssafy_gazeboy/ssafy_ws/install/velodyne_description/share/velodyne_description/meshes/VLP16_base_1.dae
[1.241s] -- Symlinking: /home/shh/ssafy_gazeboy/ssafy_ws/install/velodyne_description/share/velodyne_description/meshes/VLP16_base_1.stl
[1.251s] -- Symlinking: /home/shh/ssafy_gazeboy/ssafy_ws/install/velodyne_description/share/velodyne_description/meshes/VLP16_base_2.dae
[1.262s] -- Symlinking: /home/shh/ssafy_gazeboy/ssafy_ws/install/velodyne_description/share/velodyne_description/meshes/VLP16_base_2.stl
[1.278s] -- Symlinking: /home/shh/ssafy_gazeboy/ssafy_ws/install/velodyne_description/share/velodyne_description/meshes/VLP16_scan.dae
[1.292s] -- Symlinking: /home/shh/ssafy_gazeboy/ssafy_ws/install/velodyne_description/share/velodyne_description/meshes/VLP16_scan.stl
[1.308s] -- Symlinking: /home/shh/ssafy_gazeboy/ssafy_ws/install/velodyne_description/share/velodyne_description/rviz/example.rviz
[1.322s] -- Symlinking: /home/shh/ssafy_gazeboy/ssafy_ws/install/velodyne_description/share/velodyne_description/urdf/HDL-32E.urdf.xacro
[1.338s] -- Symlinking: /home/shh/ssafy_gazeboy/ssafy_ws/install/velodyne_description/share/velodyne_description/urdf/VLP-16.urdf.xacro
[1.343s] -- Symlinking: /home/shh/ssafy_gazeboy/ssafy_ws/install/velodyne_description/share/velodyne_description/urdf/example.urdf.xacro
[1.353s] -- Symlinking: /home/shh/ssafy_gazeboy/ssafy_ws/install/velodyne_description/share/velodyne_description/world/example.world
[1.368s] -- Symlinking: /home/shh/ssafy_gazeboy/ssafy_ws/install/velodyne_description/share/velodyne_description/environment/velodyne_description.dsv
[1.378s] -- Symlinking: /home/shh/ssafy_gazeboy/ssafy_ws/install/velodyne_description/share/ament_index/resource_index/package_run_dependencies/velodyne_description
[1.393s] -- Symlinking: /home/shh/ssafy_gazeboy/ssafy_ws/install/velodyne_description/share/ament_index/resource_index/parent_prefix_path/velodyne_description
[1.408s] -- Symlinking: /home/shh/ssafy_gazeboy/ssafy_ws/install/velodyne_description/share/velodyne_description/environment/ament_prefix_path.sh
[1.425s] -- Symlinking: /home/shh/ssafy_gazeboy/ssafy_ws/install/velodyne_description/share/velodyne_description/environment/ament_prefix_path.dsv
[1.436s] -- Symlinking: /home/shh/ssafy_gazeboy/ssafy_ws/install/velodyne_description/share/velodyne_description/environment/path.sh
[1.458s] -- Symlinking: /home/shh/ssafy_gazeboy/ssafy_ws/install/velodyne_description/share/velodyne_description/environment/path.dsv
[1.473s] -- Symlinking: /home/shh/ssafy_gazeboy/ssafy_ws/install/velodyne_description/share/velodyne_description/local_setup.bash
[1.489s] -- Symlinking: /home/shh/ssafy_gazeboy/ssafy_ws/install/velodyne_description/share/velodyne_description/local_setup.sh
[1.504s] -- Symlinking: /home/shh/ssafy_gazeboy/ssafy_ws/install/velodyne_description/share/velodyne_description/local_setup.zsh
[1.519s] -- Symlinking: /home/shh/ssafy_gazeboy/ssafy_ws/install/velodyne_description/share/velodyne_description/local_setup.dsv
[1.529s] -- Symlinking: /home/shh/ssafy_gazeboy/ssafy_ws/install/velodyne_description/share/velodyne_description/package.dsv
[1.542s] -- Symlinking: /home/shh/ssafy_gazeboy/ssafy_ws/install/velodyne_description/share/ament_index/resource_index/packages/velodyne_description
[1.555s] -- Symlinking: /home/shh/ssafy_gazeboy/ssafy_ws/install/velodyne_description/share/velodyne_description/cmake/velodyne_descriptionConfig.cmake
[1.568s] -- Symlinking: /home/shh/ssafy_gazeboy/ssafy_ws/install/velodyne_description/share/velodyne_description/cmake/velodyne_descriptionConfig-version.cmake
[1.578s] -- Symlinking: /home/shh/ssafy_gazeboy/ssafy_ws/install/velodyne_description/share/velodyne_description/package.xml
[1.603s] Invoked command in '/home/shh/ssafy_gazeboy/ssafy_ws/build/velodyne_description' returned '0': CMAKE_PREFIX_PATH=${CMAKE_PREFIX_PATH}:/home/shh/ssafy_gazeboy/ssafy_ws/install/teleop_twist_keyboard:/home/shh/ssafy_gazeboy/ssafy_ws/install/turtlebot3_teleop:/home/shh/ssafy_gazeboy/ssafy_ws/install/turtlebot3_example:/home/shh/ssafy_gazeboy/ssafy_ws/install/250114:/opt/ros/foxy /usr/bin/cmake --install /home/shh/ssafy_gazeboy/ssafy_ws/build/velodyne_description
