running egg_info
creating ../../build/simple_car_tf/simple_car_tf.egg-info
writing ../../build/simple_car_tf/simple_car_tf.egg-info/PKG-INFO
writing dependency_links to ../../build/simple_car_tf/simple_car_tf.egg-info/dependency_links.txt
writing entry points to ../../build/simple_car_tf/simple_car_tf.egg-info/entry_points.txt
writing requirements to ../../build/simple_car_tf/simple_car_tf.egg-info/requires.txt
writing top-level names to ../../build/simple_car_tf/simple_car_tf.egg-info/top_level.txt
writing manifest file '../../build/simple_car_tf/simple_car_tf.egg-info/SOURCES.txt'
reading manifest file '../../build/simple_car_tf/simple_car_tf.egg-info/SOURCES.txt'
writing manifest file '../../build/simple_car_tf/simple_car_tf.egg-info/SOURCES.txt'
running build
running build_py
creating /home/shh/ssafy_ws/build/simple_car_tf/build
creating /home/shh/ssafy_ws/build/simple_car_tf/build/lib
creating /home/shh/ssafy_ws/build/simple_car_tf/build/lib/simple_car_tf
copying simple_car_tf/move_car.py -> /home/shh/ssafy_ws/build/simple_car_tf/build/lib/simple_car_tf
copying simple_car_tf/__init__.py -> /home/shh/ssafy_ws/build/simple_car_tf/build/lib/simple_car_tf
running install
running install_lib
creating /home/shh/ssafy_ws/install/simple_car_tf/lib/python3.8/site-packages/simple_car_tf
copying /home/shh/ssafy_ws/build/simple_car_tf/build/lib/simple_car_tf/move_car.py -> /home/shh/ssafy_ws/install/simple_car_tf/lib/python3.8/site-packages/simple_car_tf
copying /home/shh/ssafy_ws/build/simple_car_tf/build/lib/simple_car_tf/__init__.py -> /home/shh/ssafy_ws/install/simple_car_tf/lib/python3.8/site-packages/simple_car_tf
byte-compiling /home/shh/ssafy_ws/install/simple_car_tf/lib/python3.8/site-packages/simple_car_tf/move_car.py to move_car.cpython-38.pyc
byte-compiling /home/shh/ssafy_ws/install/simple_car_tf/lib/python3.8/site-packages/simple_car_tf/__init__.py to __init__.cpython-38.pyc
running install_data
creating /home/shh/ssafy_ws/install/simple_car_tf/share/ament_index
creating /home/shh/ssafy_ws/install/simple_car_tf/share/ament_index/resource_index
creating /home/shh/ssafy_ws/install/simple_car_tf/share/ament_index/resource_index/packages
copying resource/simple_car_tf -> /home/shh/ssafy_ws/install/simple_car_tf/share/ament_index/resource_index/packages
copying package.xml -> /home/shh/ssafy_ws/install/simple_car_tf/share/simple_car_tf
running install_egg_info
Copying ../../build/simple_car_tf/simple_car_tf.egg-info to /home/shh/ssafy_ws/install/simple_car_tf/lib/python3.8/site-packages/simple_car_tf-0.0.0-py3.8.egg-info
running install_scripts
Installing move_car script to /home/shh/ssafy_ws/install/simple_car_tf/lib/simple_car_tf
writing list of installed files to '/home/shh/ssafy_ws/build/simple_car_tf/install.log'
