[2.166s] Invoking command in '/home/shh/ssafy_ws/src/simple_car_tf': PYTHONPATH=/home/shh/ssafy_ws/build/simple_car_tf/prefix_override:/home/shh/ssafy_ws/install/simple_car_tf/lib/python3.8/site-packages:${PYTHONPATH} /usr/bin/python3 setup.py egg_info --egg-base ../../build/simple_car_tf build --build-base /home/shh/ssafy_ws/build/simple_car_tf/build install --record /home/shh/ssafy_ws/build/simple_car_tf/install.log --single-version-externally-managed
[2.377s] running egg_info
[2.378s] creating ../../build/simple_car_tf/simple_car_tf.egg-info
[2.378s] writing ../../build/simple_car_tf/simple_car_tf.egg-info/PKG-INFO
[2.378s] writing dependency_links to ../../build/simple_car_tf/simple_car_tf.egg-info/dependency_links.txt
[2.379s] writing entry points to ../../build/simple_car_tf/simple_car_tf.egg-info/entry_points.txt
[2.379s] writing requirements to ../../build/simple_car_tf/simple_car_tf.egg-info/requires.txt
[2.379s] writing top-level names to ../../build/simple_car_tf/simple_car_tf.egg-info/top_level.txt
[2.757s] writing manifest file '../../build/simple_car_tf/simple_car_tf.egg-info/SOURCES.txt'
[2.806s] reading manifest file '../../build/simple_car_tf/simple_car_tf.egg-info/SOURCES.txt'
[2.807s] writing manifest file '../../build/simple_car_tf/simple_car_tf.egg-info/SOURCES.txt'
[2.808s] running build
[2.808s] running build_py
[2.808s] creating /home/shh/ssafy_ws/build/simple_car_tf/build
[2.808s] creating /home/shh/ssafy_ws/build/simple_car_tf/build/lib
[2.808s] creating /home/shh/ssafy_ws/build/simple_car_tf/build/lib/simple_car_tf
[2.809s] copying simple_car_tf/move_car.py -> /home/shh/ssafy_ws/build/simple_car_tf/build/lib/simple_car_tf
[2.809s] copying simple_car_tf/__init__.py -> /home/shh/ssafy_ws/build/simple_car_tf/build/lib/simple_car_tf
[2.809s] running install
[2.810s] running install_lib
[2.810s] creating /home/shh/ssafy_ws/install/simple_car_tf/lib/python3.8/site-packages/simple_car_tf
[2.811s] copying /home/shh/ssafy_ws/build/simple_car_tf/build/lib/simple_car_tf/move_car.py -> /home/shh/ssafy_ws/install/simple_car_tf/lib/python3.8/site-packages/simple_car_tf
[2.811s] copying /home/shh/ssafy_ws/build/simple_car_tf/build/lib/simple_car_tf/__init__.py -> /home/shh/ssafy_ws/install/simple_car_tf/lib/python3.8/site-packages/simple_car_tf
[2.812s] byte-compiling /home/shh/ssafy_ws/install/simple_car_tf/lib/python3.8/site-packages/simple_car_tf/move_car.py to move_car.cpython-38.pyc
[2.814s] byte-compiling /home/shh/ssafy_ws/install/simple_car_tf/lib/python3.8/site-packages/simple_car_tf/__init__.py to __init__.cpython-38.pyc
[2.814s] running install_data
[2.814s] creating /home/shh/ssafy_ws/install/simple_car_tf/share/ament_index
[2.815s] creating /home/shh/ssafy_ws/install/simple_car_tf/share/ament_index/resource_index
[2.815s] creating /home/shh/ssafy_ws/install/simple_car_tf/share/ament_index/resource_index/packages
[2.815s] copying resource/simple_car_tf -> /home/shh/ssafy_ws/install/simple_car_tf/share/ament_index/resource_index/packages
[2.815s] copying package.xml -> /home/shh/ssafy_ws/install/simple_car_tf/share/simple_car_tf
[2.815s] running install_egg_info
[2.817s] Copying ../../build/simple_car_tf/simple_car_tf.egg-info to /home/shh/ssafy_ws/install/simple_car_tf/lib/python3.8/site-packages/simple_car_tf-0.0.0-py3.8.egg-info
[2.818s] running install_scripts
[2.842s] Installing move_car script to /home/shh/ssafy_ws/install/simple_car_tf/lib/simple_car_tf
[2.843s] writing list of installed files to '/home/shh/ssafy_ws/build/simple_car_tf/install.log'
[2.986s] Invoked command in '/home/shh/ssafy_ws/src/simple_car_tf' returned '0': PYTHONPATH=/home/shh/ssafy_ws/build/simple_car_tf/prefix_override:/home/shh/ssafy_ws/install/simple_car_tf/lib/python3.8/site-packages:${PYTHONPATH} /usr/bin/python3 setup.py egg_info --egg-base ../../build/simple_car_tf build --build-base /home/shh/ssafy_ws/build/simple_car_tf/build install --record /home/shh/ssafy_ws/build/simple_car_tf/install.log --single-version-externally-managed
