[0.176s] Invoking command in '/home/ubuntu/GAZEBO_SIM/ssafy_ws/build/turtlebot3_description': CMAKE_PREFIX_PATH=/opt/ros/humble CONDA_PROMPT_MODIFIER=(isaaclab) /usr/bin/cmake /home/ubuntu/GAZEBO_SIM/ssafy_ws/src/turtlebot3_description -DCMAKE_INSTALL_PREFIX=/home/ubuntu/GAZEBO_SIM/ssafy_ws/install/turtlebot3_description
[0.218s] -- The C compiler identification is GNU 11.4.0
[0.263s] -- The CXX compiler identification is GNU 11.4.0
[0.269s] -- Detecting C compiler ABI info
[0.319s] -- Detecting C compiler ABI info - done
[0.325s] -- Check for working C compiler: /usr/bin/cc - skipped
[0.325s] -- Detecting C compile features
[0.326s] -- Detecting C compile features - done
[0.328s] -- Detecting CXX compiler ABI info
[0.390s] -- Detecting CXX compiler ABI info - done
[0.397s] -- Check for working CXX compiler: /usr/bin/c++ - skipped
[0.397s] -- Detecting CXX compile features
[0.397s] -- Detecting CXX compile features - done
[0.399s] -- Found ament_cmake: 1.3.11 (/opt/ros/humble/share/ament_cmake/cmake)
[0.711s] -- Found Python3: /home/ubuntu/anaconda3/envs/isaaclab/bin/python3 (found version "3.10.16") found components: Interpreter 
[0.781s] -- Found urdf: 2.6.1 (/opt/ros/humble/share/urdf/cmake)
[0.841s] Traceback (most recent call last):
[0.842s]   File "/opt/ros/humble/share/ament_cmake_core/cmake/core/package_xml_2_cmake.py", line 22, in <module>
[0.842s]     from catkin_pkg.package import parse_package_string
[0.842s] ModuleNotFoundError: No module named 'catkin_pkg'
[0.844s] [31mCMake Error at /opt/ros/humble/share/ament_cmake_core/cmake/core/ament_package_xml.cmake:95 (message):
[0.844s]   execute_process(/home/ubuntu/anaconda3/envs/isaaclab/bin/python3
[0.844s]   /opt/ros/humble/share/ament_cmake_core/cmake/core/package_xml_2_cmake.py
[0.844s]   /home/ubuntu/GAZEBO_SIM/ssafy_ws/src/turtlebot3_description/package.xml
[0.844s]   /home/ubuntu/GAZEBO_SIM/ssafy_ws/build/turtlebot3_description/ament_cmake_core/package.cmake)
[0.844s]   returned error code 1
[0.844s] Call Stack (most recent call first):
[0.844s]   /opt/ros/humble/share/ament_cmake_core/cmake/core/ament_package_xml.cmake:49 (_ament_package_xml)
[0.844s]   /opt/ros/humble/share/ament_cmake_core/cmake/core/ament_package.cmake:63 (ament_package_xml)
[0.845s]   CMakeLists.txt:31 (ament_package)
[0.845s] 
[0.845s] [0m
[0.845s] -- Configuring incomplete, errors occurred!
[0.845s] See also "/home/ubuntu/GAZEBO_SIM/ssafy_ws/build/turtlebot3_description/CMakeFiles/CMakeOutput.log".
