[2.128s] Invoking command in '/home/shh/ssafy_ws/src/tf_broadcaster': PYTHONPATH=/home/shh/ssafy_ws/build/tf_broadcaster/prefix_override:/home/shh/ssafy_ws/install/tf_broadcaster/lib/python3.8/site-packages:${PYTHONPATH} /usr/bin/python3 setup.py egg_info --egg-base ../../build/tf_broadcaster build --build-base /home/shh/ssafy_ws/build/tf_broadcaster/build install --record /home/shh/ssafy_ws/build/tf_broadcaster/install.log --single-version-externally-managed
[2.330s] running egg_info
[2.330s] creating ../../build/tf_broadcaster/tf_broadcaster.egg-info
[2.331s] writing ../../build/tf_broadcaster/tf_broadcaster.egg-info/PKG-INFO
[2.331s] writing dependency_links to ../../build/tf_broadcaster/tf_broadcaster.egg-info/dependency_links.txt
[2.331s] writing entry points to ../../build/tf_broadcaster/tf_broadcaster.egg-info/entry_points.txt
[2.331s] writing requirements to ../../build/tf_broadcaster/tf_broadcaster.egg-info/requires.txt
[2.331s] writing top-level names to ../../build/tf_broadcaster/tf_broadcaster.egg-info/top_level.txt
[2.678s] writing manifest file '../../build/tf_broadcaster/tf_broadcaster.egg-info/SOURCES.txt'
[2.726s] reading manifest file '../../build/tf_broadcaster/tf_broadcaster.egg-info/SOURCES.txt'
[2.727s] writing manifest file '../../build/tf_broadcaster/tf_broadcaster.egg-info/SOURCES.txt'
[2.727s] running build
[2.727s] running build_py
[2.728s] creating /home/shh/ssafy_ws/build/tf_broadcaster/build
[2.728s] creating /home/shh/ssafy_ws/build/tf_broadcaster/build/lib
[2.728s] creating /home/shh/ssafy_ws/build/tf_broadcaster/build/lib/tf_broadcaster
[2.728s] copying tf_broadcaster/turtle_obstacle_marker.py -> /home/shh/ssafy_ws/build/tf_broadcaster/build/lib/tf_broadcaster
[2.728s] copying tf_broadcaster/tf_broadcaster.py -> /home/shh/ssafy_ws/build/tf_broadcaster/build/lib/tf_broadcaster
[2.729s] copying tf_broadcaster/turtlesim_avoid_obstacle.py -> /home/shh/ssafy_ws/build/tf_broadcaster/build/lib/tf_broadcaster
[2.729s] copying tf_broadcaster/__init__.py -> /home/shh/ssafy_ws/build/tf_broadcaster/build/lib/tf_broadcaster
[2.729s] running install
[2.729s] running install_lib
[2.730s] creating /home/shh/ssafy_ws/install/tf_broadcaster/lib/python3.8/site-packages/tf_broadcaster
[2.730s] copying /home/shh/ssafy_ws/build/tf_broadcaster/build/lib/tf_broadcaster/turtle_obstacle_marker.py -> /home/shh/ssafy_ws/install/tf_broadcaster/lib/python3.8/site-packages/tf_broadcaster
[2.731s] copying /home/shh/ssafy_ws/build/tf_broadcaster/build/lib/tf_broadcaster/tf_broadcaster.py -> /home/shh/ssafy_ws/install/tf_broadcaster/lib/python3.8/site-packages/tf_broadcaster
[2.731s] copying /home/shh/ssafy_ws/build/tf_broadcaster/build/lib/tf_broadcaster/turtlesim_avoid_obstacle.py -> /home/shh/ssafy_ws/install/tf_broadcaster/lib/python3.8/site-packages/tf_broadcaster
[2.731s] copying /home/shh/ssafy_ws/build/tf_broadcaster/build/lib/tf_broadcaster/__init__.py -> /home/shh/ssafy_ws/install/tf_broadcaster/lib/python3.8/site-packages/tf_broadcaster
[2.731s] byte-compiling /home/shh/ssafy_ws/install/tf_broadcaster/lib/python3.8/site-packages/tf_broadcaster/turtle_obstacle_marker.py to turtle_obstacle_marker.cpython-38.pyc
[2.733s] byte-compiling /home/shh/ssafy_ws/install/tf_broadcaster/lib/python3.8/site-packages/tf_broadcaster/tf_broadcaster.py to tf_broadcaster.cpython-38.pyc
[2.733s] byte-compiling /home/shh/ssafy_ws/install/tf_broadcaster/lib/python3.8/site-packages/tf_broadcaster/turtlesim_avoid_obstacle.py to turtlesim_avoid_obstacle.cpython-38.pyc
[2.734s] byte-compiling /home/shh/ssafy_ws/install/tf_broadcaster/lib/python3.8/site-packages/tf_broadcaster/__init__.py to __init__.cpython-38.pyc
[2.735s] running install_data
[2.735s] creating /home/shh/ssafy_ws/install/tf_broadcaster/share/ament_index
[2.735s] creating /home/shh/ssafy_ws/install/tf_broadcaster/share/ament_index/resource_index
[2.736s] creating /home/shh/ssafy_ws/install/tf_broadcaster/share/ament_index/resource_index/packages
[2.736s] copying resource/tf_broadcaster -> /home/shh/ssafy_ws/install/tf_broadcaster/share/ament_index/resource_index/packages
[2.736s] copying package.xml -> /home/shh/ssafy_ws/install/tf_broadcaster/share/tf_broadcaster
[2.736s] running install_egg_info
[2.738s] Copying ../../build/tf_broadcaster/tf_broadcaster.egg-info to /home/shh/ssafy_ws/install/tf_broadcaster/lib/python3.8/site-packages/tf_broadcaster-0.0.0-py3.8.egg-info
[2.739s] running install_scripts
[2.763s] Installing tf_broadcaster script to /home/shh/ssafy_ws/install/tf_broadcaster/lib/tf_broadcaster
[2.763s] Installing turtle_obstacle_marker script to /home/shh/ssafy_ws/install/tf_broadcaster/lib/tf_broadcaster
[2.764s] Installing turtlesim_avoid_obstacle script to /home/shh/ssafy_ws/install/tf_broadcaster/lib/tf_broadcaster
[2.764s] writing list of installed files to '/home/shh/ssafy_ws/build/tf_broadcaster/install.log'
[2.888s] Invoked command in '/home/shh/ssafy_ws/src/tf_broadcaster' returned '0': PYTHONPATH=/home/shh/ssafy_ws/build/tf_broadcaster/prefix_override:/home/shh/ssafy_ws/install/tf_broadcaster/lib/python3.8/site-packages:${PYTHONPATH} /usr/bin/python3 setup.py egg_info --egg-base ../../build/tf_broadcaster build --build-base /home/shh/ssafy_ws/build/tf_broadcaster/build install --record /home/shh/ssafy_ws/build/tf_broadcaster/install.log --single-version-externally-managed
