[2.154s] Invoking command in '/home/shh/ssafy_ws/src/turtle_spawner': PYTHONPATH=/home/shh/ssafy_ws/build/turtle_spawner/prefix_override:/home/shh/ssafy_ws/install/turtle_spawner/lib/python3.8/site-packages:${PYTHONPATH} /usr/bin/python3 setup.py egg_info --egg-base ../../build/turtle_spawner build --build-base /home/shh/ssafy_ws/build/turtle_spawner/build install --record /home/shh/ssafy_ws/build/turtle_spawner/install.log --single-version-externally-managed
[2.352s] running egg_info
[2.352s] creating ../../build/turtle_spawner/turtle_spawner.egg-info
[2.352s] writing ../../build/turtle_spawner/turtle_spawner.egg-info/PKG-INFO
[2.353s] writing dependency_links to ../../build/turtle_spawner/turtle_spawner.egg-info/dependency_links.txt
[2.353s] writing entry points to ../../build/turtle_spawner/turtle_spawner.egg-info/entry_points.txt
[2.353s] writing requirements to ../../build/turtle_spawner/turtle_spawner.egg-info/requires.txt
[2.353s] writing top-level names to ../../build/turtle_spawner/turtle_spawner.egg-info/top_level.txt
[2.631s] writing manifest file '../../build/turtle_spawner/turtle_spawner.egg-info/SOURCES.txt'
[2.665s] reading manifest file '../../build/turtle_spawner/turtle_spawner.egg-info/SOURCES.txt'
[2.666s] writing manifest file '../../build/turtle_spawner/turtle_spawner.egg-info/SOURCES.txt'
[2.666s] running build
[2.666s] running build_py
[2.667s] creating /home/shh/ssafy_ws/build/turtle_spawner/build
[2.667s] creating /home/shh/ssafy_ws/build/turtle_spawner/build/lib
[2.667s] creating /home/shh/ssafy_ws/build/turtle_spawner/build/lib/turtle_spawner
[2.667s] copying turtle_spawner/spawn_turtle.py -> /home/shh/ssafy_ws/build/turtle_spawner/build/lib/turtle_spawner
[2.667s] copying turtle_spawner/__init__.py -> /home/shh/ssafy_ws/build/turtle_spawner/build/lib/turtle_spawner
[2.667s] running install
[2.668s] running install_lib
[2.670s] creating /home/shh/ssafy_ws/install/turtle_spawner/lib/python3.8/site-packages/turtle_spawner
[2.670s] copying /home/shh/ssafy_ws/build/turtle_spawner/build/lib/turtle_spawner/spawn_turtle.py -> /home/shh/ssafy_ws/install/turtle_spawner/lib/python3.8/site-packages/turtle_spawner
[2.670s] copying /home/shh/ssafy_ws/build/turtle_spawner/build/lib/turtle_spawner/__init__.py -> /home/shh/ssafy_ws/install/turtle_spawner/lib/python3.8/site-packages/turtle_spawner
[2.672s] byte-compiling /home/shh/ssafy_ws/install/turtle_spawner/lib/python3.8/site-packages/turtle_spawner/spawn_turtle.py to spawn_turtle.cpython-38.pyc
[2.672s] byte-compiling /home/shh/ssafy_ws/install/turtle_spawner/lib/python3.8/site-packages/turtle_spawner/__init__.py to __init__.cpython-38.pyc
[2.672s] running install_data
[2.673s] creating /home/shh/ssafy_ws/install/turtle_spawner/share/ament_index
[2.673s] creating /home/shh/ssafy_ws/install/turtle_spawner/share/ament_index/resource_index
[2.673s] creating /home/shh/ssafy_ws/install/turtle_spawner/share/ament_index/resource_index/packages
[2.673s] copying resource/turtle_spawner -> /home/shh/ssafy_ws/install/turtle_spawner/share/ament_index/resource_index/packages
[2.673s] copying package.xml -> /home/shh/ssafy_ws/install/turtle_spawner/share/turtle_spawner
[2.673s] running install_egg_info
[2.676s] Copying ../../build/turtle_spawner/turtle_spawner.egg-info to /home/shh/ssafy_ws/install/turtle_spawner/lib/python3.8/site-packages/turtle_spawner-0.0.0-py3.8.egg-info
[2.677s] running install_scripts
[2.692s] Installing spawn_turtle script to /home/shh/ssafy_ws/install/turtle_spawner/lib/turtle_spawner
[2.692s] writing list of installed files to '/home/shh/ssafy_ws/build/turtle_spawner/install.log'
[2.824s] Invoked command in '/home/shh/ssafy_ws/src/turtle_spawner' returned '0': PYTHONPATH=/home/shh/ssafy_ws/build/turtle_spawner/prefix_override:/home/shh/ssafy_ws/install/turtle_spawner/lib/python3.8/site-packages:${PYTHONPATH} /usr/bin/python3 setup.py egg_info --egg-base ../../build/turtle_spawner build --build-base /home/shh/ssafy_ws/build/turtle_spawner/build install --record /home/shh/ssafy_ws/build/turtle_spawner/install.log --single-version-externally-managed
