[0.412s] DEBUG:colcon:Command line arguments: ['/home/shh/.local/bin/colcon', 'build']
[0.412s] DEBUG:colcon:Parsed command line arguments: Namespace(allow_overriding=[], ament_cmake_args=None, base_paths=['.'], build_base='build', catkin_cmake_args=None, catkin_skip_building_tests=False, cmake_args=None, cmake_clean_cache=False, cmake_clean_first=False, cmake_force_configure=False, cmake_target=None, cmake_target_skip_unavailable=False, continue_on_error=False, event_handlers=None, executor='parallel', ignore_user_meta=False, install_base='install', log_base=None, log_level=None, main=<bound method BuildVerb.main of <colcon_core.verb.build.BuildVerb object at 0x7fa2998ddd60>>, merge_install=False, metas=['./colcon.meta'], packages_above=None, packages_above_and_dependencies=None, packages_above_depth=None, packages_end=None, packages_ignore=None, packages_ignore_regex=None, packages_select=None, packages_select_build_failed=False, packages_select_by_dep=None, packages_select_regex=None, packages_select_test_failures=False, packages_skip=None, packages_skip_build_finished=False, packages_skip_by_dep=None, packages_skip_regex=None, packages_skip_test_passed=False, packages_skip_up_to=None, packages_start=None, packages_up_to=None, packages_up_to_regex=None, parallel_workers=16, paths=None, symlink_install=False, test_result_base=None, verb_extension=<colcon_core.verb.build.BuildVerb object at 0x7fa2998ddd60>, verb_name='build', verb_parser=<colcon_defaults.argument_parser.defaults.DefaultArgumentsDecorator object at 0x7fa2998ea310>)
[0.436s] Level 1:colcon.colcon_core.package_discovery:discover_packages(colcon_meta) check parameters
[0.436s] Level 1:colcon.colcon_core.package_discovery:discover_packages(recursive) check parameters
[0.436s] Level 1:colcon.colcon_core.package_discovery:discover_packages(ignore) check parameters
[0.436s] Level 1:colcon.colcon_core.package_discovery:discover_packages(path) check parameters
[0.436s] Level 1:colcon.colcon_core.package_discovery:discover_packages(colcon_meta) discover
[0.436s] Level 1:colcon.colcon_core.package_discovery:discover_packages(recursive) discover
[0.436s] INFO:colcon.colcon_core.package_discovery:Crawling recursively for packages in '/home/shh/ssafy_ws'
[0.437s] Level 1:colcon.colcon_core.package_identification:_identify(.) by extensions ['ignore', 'ignore_ament_install']
[0.437s] Level 1:colcon.colcon_core.package_identification:_identify(.) by extension 'ignore'
[0.437s] Level 1:colcon.colcon_core.package_identification:_identify(.) by extension 'ignore_ament_install'
[0.437s] Level 1:colcon.colcon_core.package_identification:_identify(.) by extensions ['colcon_pkg']
[0.437s] Level 1:colcon.colcon_core.package_identification:_identify(.) by extension 'colcon_pkg'
[0.437s] Level 1:colcon.colcon_core.package_identification:_identify(.) by extensions ['colcon_meta']
[0.437s] Level 1:colcon.colcon_core.package_identification:_identify(.) by extension 'colcon_meta'
[0.437s] Level 1:colcon.colcon_core.package_identification:_identify(.) by extensions ['ros']
[0.437s] Level 1:colcon.colcon_core.package_identification:_identify(.) by extension 'ros'
[0.445s] Level 1:colcon.colcon_core.package_identification:_identify(.) by extensions ['cmake', 'python']
[0.446s] Level 1:colcon.colcon_core.package_identification:_identify(.) by extension 'cmake'
[0.446s] Level 1:colcon.colcon_core.package_identification:_identify(.) by extension 'python'
[0.446s] Level 1:colcon.colcon_core.package_identification:_identify(.) by extensions ['python_setup_py']
[0.446s] Level 1:colcon.colcon_core.package_identification:_identify(.) by extension 'python_setup_py'
[0.446s] Level 1:colcon.colcon_core.package_identification:_identify(build) by extensions ['ignore', 'ignore_ament_install']
[0.446s] Level 1:colcon.colcon_core.package_identification:_identify(build) by extension 'ignore'
[0.446s] Level 1:colcon.colcon_core.package_identification:_identify(build) ignored
[0.446s] Level 1:colcon.colcon_core.package_identification:_identify(install) by extensions ['ignore', 'ignore_ament_install']
[0.446s] Level 1:colcon.colcon_core.package_identification:_identify(install) by extension 'ignore'
[0.446s] Level 1:colcon.colcon_core.package_identification:_identify(install) ignored
[0.446s] Level 1:colcon.colcon_core.package_identification:_identify(log) by extensions ['ignore', 'ignore_ament_install']
[0.446s] Level 1:colcon.colcon_core.package_identification:_identify(log) by extension 'ignore'
[0.446s] Level 1:colcon.colcon_core.package_identification:_identify(log) ignored
[0.446s] Level 1:colcon.colcon_core.package_identification:_identify(src) by extensions ['ignore', 'ignore_ament_install']
[0.446s] Level 1:colcon.colcon_core.package_identification:_identify(src) by extension 'ignore'
[0.446s] Level 1:colcon.colcon_core.package_identification:_identify(src) by extension 'ignore_ament_install'
[0.446s] Level 1:colcon.colcon_core.package_identification:_identify(src) by extensions ['colcon_pkg']
[0.446s] Level 1:colcon.colcon_core.package_identification:_identify(src) by extension 'colcon_pkg'
[0.446s] Level 1:colcon.colcon_core.package_identification:_identify(src) by extensions ['colcon_meta']
[0.447s] Level 1:colcon.colcon_core.package_identification:_identify(src) by extension 'colcon_meta'
[0.447s] Level 1:colcon.colcon_core.package_identification:_identify(src) by extensions ['ros']
[0.447s] Level 1:colcon.colcon_core.package_identification:_identify(src) by extension 'ros'
[0.447s] Level 1:colcon.colcon_core.package_identification:_identify(src) by extensions ['cmake', 'python']
[0.447s] Level 1:colcon.colcon_core.package_identification:_identify(src) by extension 'cmake'
[0.447s] Level 1:colcon.colcon_core.package_identification:_identify(src) by extension 'python'
[0.447s] Level 1:colcon.colcon_core.package_identification:_identify(src) by extensions ['python_setup_py']
[0.447s] Level 1:colcon.colcon_core.package_identification:_identify(src) by extension 'python_setup_py'
[0.447s] Level 1:colcon.colcon_core.package_identification:_identify(src/my_python_pkg) by extensions ['ignore', 'ignore_ament_install']
[0.447s] Level 1:colcon.colcon_core.package_identification:_identify(src/my_python_pkg) by extension 'ignore'
[0.447s] Level 1:colcon.colcon_core.package_identification:_identify(src/my_python_pkg) by extension 'ignore_ament_install'
[0.447s] Level 1:colcon.colcon_core.package_identification:_identify(src/my_python_pkg) by extensions ['colcon_pkg']
[0.447s] Level 1:colcon.colcon_core.package_identification:_identify(src/my_python_pkg) by extension 'colcon_pkg'
[0.447s] Level 1:colcon.colcon_core.package_identification:_identify(src/my_python_pkg) by extensions ['colcon_meta']
[0.447s] Level 1:colcon.colcon_core.package_identification:_identify(src/my_python_pkg) by extension 'colcon_meta'
[0.447s] Level 1:colcon.colcon_core.package_identification:_identify(src/my_python_pkg) by extensions ['ros']
[0.447s] Level 1:colcon.colcon_core.package_identification:_identify(src/my_python_pkg) by extension 'ros'
[0.449s] DEBUG:colcon.colcon_core.package_identification:Package 'src/my_python_pkg' with type 'ros.ament_python' and name 'my_python_pkg'
[0.449s] Level 1:colcon.colcon_core.package_identification:_identify(src/simple_car_tf) by extensions ['ignore', 'ignore_ament_install']
[0.449s] Level 1:colcon.colcon_core.package_identification:_identify(src/simple_car_tf) by extension 'ignore'
[0.449s] Level 1:colcon.colcon_core.package_identification:_identify(src/simple_car_tf) by extension 'ignore_ament_install'
[0.449s] Level 1:colcon.colcon_core.package_identification:_identify(src/simple_car_tf) by extensions ['colcon_pkg']
[0.449s] Level 1:colcon.colcon_core.package_identification:_identify(src/simple_car_tf) by extension 'colcon_pkg'
[0.449s] Level 1:colcon.colcon_core.package_identification:_identify(src/simple_car_tf) by extensions ['colcon_meta']
[0.449s] Level 1:colcon.colcon_core.package_identification:_identify(src/simple_car_tf) by extension 'colcon_meta'
[0.449s] Level 1:colcon.colcon_core.package_identification:_identify(src/simple_car_tf) by extensions ['ros']
[0.449s] Level 1:colcon.colcon_core.package_identification:_identify(src/simple_car_tf) by extension 'ros'
[0.450s] DEBUG:colcon.colcon_core.package_identification:Package 'src/simple_car_tf' with type 'ros.ament_python' and name 'simple_car_tf'
[0.450s] Level 1:colcon.colcon_core.package_identification:_identify(src/simple_publisher) by extensions ['ignore', 'ignore_ament_install']
[0.450s] Level 1:colcon.colcon_core.package_identification:_identify(src/simple_publisher) by extension 'ignore'
[0.450s] Level 1:colcon.colcon_core.package_identification:_identify(src/simple_publisher) by extension 'ignore_ament_install'
[0.450s] Level 1:colcon.colcon_core.package_identification:_identify(src/simple_publisher) by extensions ['colcon_pkg']
[0.450s] Level 1:colcon.colcon_core.package_identification:_identify(src/simple_publisher) by extension 'colcon_pkg'
[0.450s] Level 1:colcon.colcon_core.package_identification:_identify(src/simple_publisher) by extensions ['colcon_meta']
[0.450s] Level 1:colcon.colcon_core.package_identification:_identify(src/simple_publisher) by extension 'colcon_meta'
[0.450s] Level 1:colcon.colcon_core.package_identification:_identify(src/simple_publisher) by extensions ['ros']
[0.450s] Level 1:colcon.colcon_core.package_identification:_identify(src/simple_publisher) by extension 'ros'
[0.451s] DEBUG:colcon.colcon_core.package_identification:Package 'src/simple_publisher' with type 'ros.ament_python' and name 'simple_publisher'
[0.451s] Level 1:colcon.colcon_core.package_identification:_identify(src/simple_subscriber) by extensions ['ignore', 'ignore_ament_install']
[0.451s] Level 1:colcon.colcon_core.package_identification:_identify(src/simple_subscriber) by extension 'ignore'
[0.451s] Level 1:colcon.colcon_core.package_identification:_identify(src/simple_subscriber) by extension 'ignore_ament_install'
[0.451s] Level 1:colcon.colcon_core.package_identification:_identify(src/simple_subscriber) by extensions ['colcon_pkg']
[0.451s] Level 1:colcon.colcon_core.package_identification:_identify(src/simple_subscriber) by extension 'colcon_pkg'
[0.451s] Level 1:colcon.colcon_core.package_identification:_identify(src/simple_subscriber) by extensions ['colcon_meta']
[0.451s] Level 1:colcon.colcon_core.package_identification:_identify(src/simple_subscriber) by extension 'colcon_meta'
[0.451s] Level 1:colcon.colcon_core.package_identification:_identify(src/simple_subscriber) by extensions ['ros']
[0.451s] Level 1:colcon.colcon_core.package_identification:_identify(src/simple_subscriber) by extension 'ros'
[0.451s] DEBUG:colcon.colcon_core.package_identification:Package 'src/simple_subscriber' with type 'ros.ament_python' and name 'simple_subscriber'
[0.451s] Level 1:colcon.colcon_core.package_identification:_identify(src/ssafy_publisher_subscriber) by extensions ['ignore', 'ignore_ament_install']
[0.451s] Level 1:colcon.colcon_core.package_identification:_identify(src/ssafy_publisher_subscriber) by extension 'ignore'
[0.451s] Level 1:colcon.colcon_core.package_identification:_identify(src/ssafy_publisher_subscriber) by extension 'ignore_ament_install'
[0.451s] Level 1:colcon.colcon_core.package_identification:_identify(src/ssafy_publisher_subscriber) by extensions ['colcon_pkg']
[0.451s] Level 1:colcon.colcon_core.package_identification:_identify(src/ssafy_publisher_subscriber) by extension 'colcon_pkg'
[0.451s] Level 1:colcon.colcon_core.package_identification:_identify(src/ssafy_publisher_subscriber) by extensions ['colcon_meta']
[0.452s] Level 1:colcon.colcon_core.package_identification:_identify(src/ssafy_publisher_subscriber) by extension 'colcon_meta'
[0.452s] Level 1:colcon.colcon_core.package_identification:_identify(src/ssafy_publisher_subscriber) by extensions ['ros']
[0.452s] Level 1:colcon.colcon_core.package_identification:_identify(src/ssafy_publisher_subscriber) by extension 'ros'
[0.452s] DEBUG:colcon.colcon_core.package_identification:Package 'src/ssafy_publisher_subscriber' with type 'ros.ament_cmake' and name 'ssafy_publisher_subscriber'
[0.452s] Level 1:colcon.colcon_core.package_identification:_identify(src/tf_broadcaster) by extensions ['ignore', 'ignore_ament_install']
[0.452s] Level 1:colcon.colcon_core.package_identification:_identify(src/tf_broadcaster) by extension 'ignore'
[0.452s] Level 1:colcon.colcon_core.package_identification:_identify(src/tf_broadcaster) by extension 'ignore_ament_install'
[0.452s] Level 1:colcon.colcon_core.package_identification:_identify(src/tf_broadcaster) by extensions ['colcon_pkg']
[0.452s] Level 1:colcon.colcon_core.package_identification:_identify(src/tf_broadcaster) by extension 'colcon_pkg'
[0.452s] Level 1:colcon.colcon_core.package_identification:_identify(src/tf_broadcaster) by extensions ['colcon_meta']
[0.452s] Level 1:colcon.colcon_core.package_identification:_identify(src/tf_broadcaster) by extension 'colcon_meta'
[0.452s] Level 1:colcon.colcon_core.package_identification:_identify(src/tf_broadcaster) by extensions ['ros']
[0.452s] Level 1:colcon.colcon_core.package_identification:_identify(src/tf_broadcaster) by extension 'ros'
[0.453s] DEBUG:colcon.colcon_core.package_identification:Package 'src/tf_broadcaster' with type 'ros.ament_python' and name 'tf_broadcaster'
[0.453s] Level 1:colcon.colcon_core.package_identification:_identify(src/turtle_controller) by extensions ['ignore', 'ignore_ament_install']
[0.453s] Level 1:colcon.colcon_core.package_identification:_identify(src/turtle_controller) by extension 'ignore'
[0.453s] Level 1:colcon.colcon_core.package_identification:_identify(src/turtle_controller) by extension 'ignore_ament_install'
[0.453s] Level 1:colcon.colcon_core.package_identification:_identify(src/turtle_controller) by extensions ['colcon_pkg']
[0.453s] Level 1:colcon.colcon_core.package_identification:_identify(src/turtle_controller) by extension 'colcon_pkg'
[0.453s] Level 1:colcon.colcon_core.package_identification:_identify(src/turtle_controller) by extensions ['colcon_meta']
[0.453s] Level 1:colcon.colcon_core.package_identification:_identify(src/turtle_controller) by extension 'colcon_meta'
[0.453s] Level 1:colcon.colcon_core.package_identification:_identify(src/turtle_controller) by extensions ['ros']
[0.453s] Level 1:colcon.colcon_core.package_identification:_identify(src/turtle_controller) by extension 'ros'
[0.453s] DEBUG:colcon.colcon_core.package_identification:Package 'src/turtle_controller' with type 'ros.ament_python' and name 'turtle_controller'
[0.453s] Level 1:colcon.colcon_core.package_identification:_identify(src/turtle_spawner) by extensions ['ignore', 'ignore_ament_install']
[0.453s] Level 1:colcon.colcon_core.package_identification:_identify(src/turtle_spawner) by extension 'ignore'
[0.454s] Level 1:colcon.colcon_core.package_identification:_identify(src/turtle_spawner) by extension 'ignore_ament_install'
[0.454s] Level 1:colcon.colcon_core.package_identification:_identify(src/turtle_spawner) by extensions ['colcon_pkg']
[0.454s] Level 1:colcon.colcon_core.package_identification:_identify(src/turtle_spawner) by extension 'colcon_pkg'
[0.454s] Level 1:colcon.colcon_core.package_identification:_identify(src/turtle_spawner) by extensions ['colcon_meta']
[0.454s] Level 1:colcon.colcon_core.package_identification:_identify(src/turtle_spawner) by extension 'colcon_meta'
[0.454s] Level 1:colcon.colcon_core.package_identification:_identify(src/turtle_spawner) by extensions ['ros']
[0.454s] Level 1:colcon.colcon_core.package_identification:_identify(src/turtle_spawner) by extension 'ros'
[0.454s] DEBUG:colcon.colcon_core.package_identification:Package 'src/turtle_spawner' with type 'ros.ament_python' and name 'turtle_spawner'
[0.454s] Level 1:colcon.colcon_core.package_discovery:discover_packages(recursive) using defaults
[0.454s] Level 1:colcon.colcon_core.package_discovery:discover_packages(ignore) discover
[0.454s] Level 1:colcon.colcon_core.package_discovery:discover_packages(ignore) using defaults
[0.454s] Level 1:colcon.colcon_core.package_discovery:discover_packages(path) discover
[0.454s] Level 1:colcon.colcon_core.package_discovery:discover_packages(path) using defaults
[0.480s] Level 1:colcon.colcon_core.package_discovery:discover_packages(prefix_path) check parameters
[0.480s] Level 1:colcon.colcon_core.package_discovery:discover_packages(prefix_path) discover
[0.487s] DEBUG:colcon.colcon_installed_package_information.package_discovery:Found 283 installed packages in /opt/ros/foxy
[0.489s] Level 1:colcon.colcon_core.package_discovery:discover_packages(prefix_path) using defaults
[0.537s] Level 5:colcon.colcon_core.verb:set package 'my_python_pkg' build argument 'cmake_args' from command line to 'None'
[0.537s] Level 5:colcon.colcon_core.verb:set package 'my_python_pkg' build argument 'cmake_target' from command line to 'None'
[0.537s] Level 5:colcon.colcon_core.verb:set package 'my_python_pkg' build argument 'cmake_target_skip_unavailable' from command line to 'False'
[0.537s] Level 5:colcon.colcon_core.verb:set package 'my_python_pkg' build argument 'cmake_clean_cache' from command line to 'False'
[0.537s] Level 5:colcon.colcon_core.verb:set package 'my_python_pkg' build argument 'cmake_clean_first' from command line to 'False'
[0.537s] Level 5:colcon.colcon_core.verb:set package 'my_python_pkg' build argument 'cmake_force_configure' from command line to 'False'
[0.537s] Level 5:colcon.colcon_core.verb:set package 'my_python_pkg' build argument 'ament_cmake_args' from command line to 'None'
[0.537s] Level 5:colcon.colcon_core.verb:set package 'my_python_pkg' build argument 'catkin_cmake_args' from command line to 'None'
[0.538s] Level 5:colcon.colcon_core.verb:set package 'my_python_pkg' build argument 'catkin_skip_building_tests' from command line to 'False'
[0.538s] DEBUG:colcon.colcon_core.verb:Building package 'my_python_pkg' with the following arguments: {'ament_cmake_args': None, 'build_base': '/home/shh/ssafy_ws/build/my_python_pkg', 'catkin_cmake_args': None, 'catkin_skip_building_tests': False, 'cmake_args': None, 'cmake_clean_cache': False, 'cmake_clean_first': False, 'cmake_force_configure': False, 'cmake_target': None, 'cmake_target_skip_unavailable': False, 'install_base': '/home/shh/ssafy_ws/install/my_python_pkg', 'merge_install': False, 'path': '/home/shh/ssafy_ws/src/my_python_pkg', 'symlink_install': False, 'test_result_base': None}
[0.543s] Level 5:colcon.colcon_core.verb:set package 'simple_car_tf' build argument 'cmake_args' from command line to 'None'
[0.543s] Level 5:colcon.colcon_core.verb:set package 'simple_car_tf' build argument 'cmake_target' from command line to 'None'
[0.543s] Level 5:colcon.colcon_core.verb:set package 'simple_car_tf' build argument 'cmake_target_skip_unavailable' from command line to 'False'
[0.543s] Level 5:colcon.colcon_core.verb:set package 'simple_car_tf' build argument 'cmake_clean_cache' from command line to 'False'
[0.543s] Level 5:colcon.colcon_core.verb:set package 'simple_car_tf' build argument 'cmake_clean_first' from command line to 'False'
[0.543s] Level 5:colcon.colcon_core.verb:set package 'simple_car_tf' build argument 'cmake_force_configure' from command line to 'False'
[0.543s] Level 5:colcon.colcon_core.verb:set package 'simple_car_tf' build argument 'ament_cmake_args' from command line to 'None'
[0.543s] Level 5:colcon.colcon_core.verb:set package 'simple_car_tf' build argument 'catkin_cmake_args' from command line to 'None'
[0.543s] Level 5:colcon.colcon_core.verb:set package 'simple_car_tf' build argument 'catkin_skip_building_tests' from command line to 'False'
[0.543s] DEBUG:colcon.colcon_core.verb:Building package 'simple_car_tf' with the following arguments: {'ament_cmake_args': None, 'build_base': '/home/shh/ssafy_ws/build/simple_car_tf', 'catkin_cmake_args': None, 'catkin_skip_building_tests': False, 'cmake_args': None, 'cmake_clean_cache': False, 'cmake_clean_first': False, 'cmake_force_configure': False, 'cmake_target': None, 'cmake_target_skip_unavailable': False, 'install_base': '/home/shh/ssafy_ws/install/simple_car_tf', 'merge_install': False, 'path': '/home/shh/ssafy_ws/src/simple_car_tf', 'symlink_install': False, 'test_result_base': None}
[0.549s] Level 5:colcon.colcon_core.verb:set package 'simple_publisher' build argument 'cmake_args' from command line to 'None'
[0.549s] Level 5:colcon.colcon_core.verb:set package 'simple_publisher' build argument 'cmake_target' from command line to 'None'
[0.549s] Level 5:colcon.colcon_core.verb:set package 'simple_publisher' build argument 'cmake_target_skip_unavailable' from command line to 'False'
[0.549s] Level 5:colcon.colcon_core.verb:set package 'simple_publisher' build argument 'cmake_clean_cache' from command line to 'False'
[0.549s] Level 5:colcon.colcon_core.verb:set package 'simple_publisher' build argument 'cmake_clean_first' from command line to 'False'
[0.549s] Level 5:colcon.colcon_core.verb:set package 'simple_publisher' build argument 'cmake_force_configure' from command line to 'False'
[0.549s] Level 5:colcon.colcon_core.verb:set package 'simple_publisher' build argument 'ament_cmake_args' from command line to 'None'
[0.549s] Level 5:colcon.colcon_core.verb:set package 'simple_publisher' build argument 'catkin_cmake_args' from command line to 'None'
[0.549s] Level 5:colcon.colcon_core.verb:set package 'simple_publisher' build argument 'catkin_skip_building_tests' from command line to 'False'
[0.549s] DEBUG:colcon.colcon_core.verb:Building package 'simple_publisher' with the following arguments: {'ament_cmake_args': None, 'build_base': '/home/shh/ssafy_ws/build/simple_publisher', 'catkin_cmake_args': None, 'catkin_skip_building_tests': False, 'cmake_args': None, 'cmake_clean_cache': False, 'cmake_clean_first': False, 'cmake_force_configure': False, 'cmake_target': None, 'cmake_target_skip_unavailable': False, 'install_base': '/home/shh/ssafy_ws/install/simple_publisher', 'merge_install': False, 'path': '/home/shh/ssafy_ws/src/simple_publisher', 'symlink_install': False, 'test_result_base': None}
[0.555s] Level 5:colcon.colcon_core.verb:set package 'simple_subscriber' build argument 'cmake_args' from command line to 'None'
[0.555s] Level 5:colcon.colcon_core.verb:set package 'simple_subscriber' build argument 'cmake_target' from command line to 'None'
[0.555s] Level 5:colcon.colcon_core.verb:set package 'simple_subscriber' build argument 'cmake_target_skip_unavailable' from command line to 'False'
[0.555s] Level 5:colcon.colcon_core.verb:set package 'simple_subscriber' build argument 'cmake_clean_cache' from command line to 'False'
[0.555s] Level 5:colcon.colcon_core.verb:set package 'simple_subscriber' build argument 'cmake_clean_first' from command line to 'False'
[0.555s] Level 5:colcon.colcon_core.verb:set package 'simple_subscriber' build argument 'cmake_force_configure' from command line to 'False'
[0.555s] Level 5:colcon.colcon_core.verb:set package 'simple_subscriber' build argument 'ament_cmake_args' from command line to 'None'
[0.555s] Level 5:colcon.colcon_core.verb:set package 'simple_subscriber' build argument 'catkin_cmake_args' from command line to 'None'
[0.555s] Level 5:colcon.colcon_core.verb:set package 'simple_subscriber' build argument 'catkin_skip_building_tests' from command line to 'False'
[0.555s] DEBUG:colcon.colcon_core.verb:Building package 'simple_subscriber' with the following arguments: {'ament_cmake_args': None, 'build_base': '/home/shh/ssafy_ws/build/simple_subscriber', 'catkin_cmake_args': None, 'catkin_skip_building_tests': False, 'cmake_args': None, 'cmake_clean_cache': False, 'cmake_clean_first': False, 'cmake_force_configure': False, 'cmake_target': None, 'cmake_target_skip_unavailable': False, 'install_base': '/home/shh/ssafy_ws/install/simple_subscriber', 'merge_install': False, 'path': '/home/shh/ssafy_ws/src/simple_subscriber', 'symlink_install': False, 'test_result_base': None}
[0.561s] Level 5:colcon.colcon_core.verb:set package 'ssafy_publisher_subscriber' build argument 'cmake_args' from command line to 'None'
[0.561s] Level 5:colcon.colcon_core.verb:set package 'ssafy_publisher_subscriber' build argument 'cmake_target' from command line to 'None'
[0.561s] Level 5:colcon.colcon_core.verb:set package 'ssafy_publisher_subscriber' build argument 'cmake_target_skip_unavailable' from command line to 'False'
[0.561s] Level 5:colcon.colcon_core.verb:set package 'ssafy_publisher_subscriber' build argument 'cmake_clean_cache' from command line to 'False'
[0.561s] Level 5:colcon.colcon_core.verb:set package 'ssafy_publisher_subscriber' build argument 'cmake_clean_first' from command line to 'False'
[0.561s] Level 5:colcon.colcon_core.verb:set package 'ssafy_publisher_subscriber' build argument 'cmake_force_configure' from command line to 'False'
[0.561s] Level 5:colcon.colcon_core.verb:set package 'ssafy_publisher_subscriber' build argument 'ament_cmake_args' from command line to 'None'
[0.561s] Level 5:colcon.colcon_core.verb:set package 'ssafy_publisher_subscriber' build argument 'catkin_cmake_args' from command line to 'None'
[0.561s] Level 5:colcon.colcon_core.verb:set package 'ssafy_publisher_subscriber' build argument 'catkin_skip_building_tests' from command line to 'False'
[0.561s] DEBUG:colcon.colcon_core.verb:Building package 'ssafy_publisher_subscriber' with the following arguments: {'ament_cmake_args': None, 'build_base': '/home/shh/ssafy_ws/build/ssafy_publisher_subscriber', 'catkin_cmake_args': None, 'catkin_skip_building_tests': False, 'cmake_args': None, 'cmake_clean_cache': False, 'cmake_clean_first': False, 'cmake_force_configure': False, 'cmake_target': None, 'cmake_target_skip_unavailable': False, 'install_base': '/home/shh/ssafy_ws/install/ssafy_publisher_subscriber', 'merge_install': False, 'path': '/home/shh/ssafy_ws/src/ssafy_publisher_subscriber', 'symlink_install': False, 'test_result_base': None}
[0.566s] Level 5:colcon.colcon_core.verb:set package 'tf_broadcaster' build argument 'cmake_args' from command line to 'None'
[0.566s] Level 5:colcon.colcon_core.verb:set package 'tf_broadcaster' build argument 'cmake_target' from command line to 'None'
[0.566s] Level 5:colcon.colcon_core.verb:set package 'tf_broadcaster' build argument 'cmake_target_skip_unavailable' from command line to 'False'
[0.566s] Level 5:colcon.colcon_core.verb:set package 'tf_broadcaster' build argument 'cmake_clean_cache' from command line to 'False'
[0.566s] Level 5:colcon.colcon_core.verb:set package 'tf_broadcaster' build argument 'cmake_clean_first' from command line to 'False'
[0.566s] Level 5:colcon.colcon_core.verb:set package 'tf_broadcaster' build argument 'cmake_force_configure' from command line to 'False'
[0.566s] Level 5:colcon.colcon_core.verb:set package 'tf_broadcaster' build argument 'ament_cmake_args' from command line to 'None'
[0.566s] Level 5:colcon.colcon_core.verb:set package 'tf_broadcaster' build argument 'catkin_cmake_args' from command line to 'None'
[0.566s] Level 5:colcon.colcon_core.verb:set package 'tf_broadcaster' build argument 'catkin_skip_building_tests' from command line to 'False'
[0.566s] DEBUG:colcon.colcon_core.verb:Building package 'tf_broadcaster' with the following arguments: {'ament_cmake_args': None, 'build_base': '/home/shh/ssafy_ws/build/tf_broadcaster', 'catkin_cmake_args': None, 'catkin_skip_building_tests': False, 'cmake_args': None, 'cmake_clean_cache': False, 'cmake_clean_first': False, 'cmake_force_configure': False, 'cmake_target': None, 'cmake_target_skip_unavailable': False, 'install_base': '/home/shh/ssafy_ws/install/tf_broadcaster', 'merge_install': False, 'path': '/home/shh/ssafy_ws/src/tf_broadcaster', 'symlink_install': False, 'test_result_base': None}
[0.572s] Level 5:colcon.colcon_core.verb:set package 'turtle_controller' build argument 'cmake_args' from command line to 'None'
[0.572s] Level 5:colcon.colcon_core.verb:set package 'turtle_controller' build argument 'cmake_target' from command line to 'None'
[0.572s] Level 5:colcon.colcon_core.verb:set package 'turtle_controller' build argument 'cmake_target_skip_unavailable' from command line to 'False'
[0.572s] Level 5:colcon.colcon_core.verb:set package 'turtle_controller' build argument 'cmake_clean_cache' from command line to 'False'
[0.572s] Level 5:colcon.colcon_core.verb:set package 'turtle_controller' build argument 'cmake_clean_first' from command line to 'False'
[0.572s] Level 5:colcon.colcon_core.verb:set package 'turtle_controller' build argument 'cmake_force_configure' from command line to 'False'
[0.572s] Level 5:colcon.colcon_core.verb:set package 'turtle_controller' build argument 'ament_cmake_args' from command line to 'None'
[0.572s] Level 5:colcon.colcon_core.verb:set package 'turtle_controller' build argument 'catkin_cmake_args' from command line to 'None'
[0.572s] Level 5:colcon.colcon_core.verb:set package 'turtle_controller' build argument 'catkin_skip_building_tests' from command line to 'False'
[0.572s] DEBUG:colcon.colcon_core.verb:Building package 'turtle_controller' with the following arguments: {'ament_cmake_args': None, 'build_base': '/home/shh/ssafy_ws/build/turtle_controller', 'catkin_cmake_args': None, 'catkin_skip_building_tests': False, 'cmake_args': None, 'cmake_clean_cache': False, 'cmake_clean_first': False, 'cmake_force_configure': False, 'cmake_target': None, 'cmake_target_skip_unavailable': False, 'install_base': '/home/shh/ssafy_ws/install/turtle_controller', 'merge_install': False, 'path': '/home/shh/ssafy_ws/src/turtle_controller', 'symlink_install': False, 'test_result_base': None}
[0.578s] Level 5:colcon.colcon_core.verb:set package 'turtle_spawner' build argument 'cmake_args' from command line to 'None'
[0.578s] Level 5:colcon.colcon_core.verb:set package 'turtle_spawner' build argument 'cmake_target' from command line to 'None'
[0.578s] Level 5:colcon.colcon_core.verb:set package 'turtle_spawner' build argument 'cmake_target_skip_unavailable' from command line to 'False'
[0.578s] Level 5:colcon.colcon_core.verb:set package 'turtle_spawner' build argument 'cmake_clean_cache' from command line to 'False'
[0.578s] Level 5:colcon.colcon_core.verb:set package 'turtle_spawner' build argument 'cmake_clean_first' from command line to 'False'
[0.578s] Level 5:colcon.colcon_core.verb:set package 'turtle_spawner' build argument 'cmake_force_configure' from command line to 'False'
[0.578s] Level 5:colcon.colcon_core.verb:set package 'turtle_spawner' build argument 'ament_cmake_args' from command line to 'None'
[0.578s] Level 5:colcon.colcon_core.verb:set package 'turtle_spawner' build argument 'catkin_cmake_args' from command line to 'None'
[0.578s] Level 5:colcon.colcon_core.verb:set package 'turtle_spawner' build argument 'catkin_skip_building_tests' from command line to 'False'
[0.578s] DEBUG:colcon.colcon_core.verb:Building package 'turtle_spawner' with the following arguments: {'ament_cmake_args': None, 'build_base': '/home/shh/ssafy_ws/build/turtle_spawner', 'catkin_cmake_args': None, 'catkin_skip_building_tests': False, 'cmake_args': None, 'cmake_clean_cache': False, 'cmake_clean_first': False, 'cmake_force_configure': False, 'cmake_target': None, 'cmake_target_skip_unavailable': False, 'install_base': '/home/shh/ssafy_ws/install/turtle_spawner', 'merge_install': False, 'path': '/home/shh/ssafy_ws/src/turtle_spawner', 'symlink_install': False, 'test_result_base': None}
[0.580s] INFO:colcon.colcon_core.executor:Executing jobs using 'parallel' executor
[0.589s] DEBUG:colcon.colcon_parallel_executor.executor.parallel:run_until_complete
[0.589s] INFO:colcon.colcon_ros.task.ament_python.build:Building ROS package in '/home/shh/ssafy_ws/src/my_python_pkg' with build type 'ament_python'
[0.589s] Level 1:colcon.colcon_core.shell:create_environment_hook('my_python_pkg', 'ament_prefix_path')
[0.596s] INFO:colcon.colcon_core.plugin_system:Skipping extension 'colcon_core.shell.bat': Not used on non-Windows systems
[0.596s] INFO:colcon.colcon_core.shell:Creating environment hook '/home/shh/ssafy_ws/install/my_python_pkg/share/my_python_pkg/hook/ament_prefix_path.ps1'
[0.597s] INFO:colcon.colcon_core.shell:Creating environment descriptor '/home/shh/ssafy_ws/install/my_python_pkg/share/my_python_pkg/hook/ament_prefix_path.dsv'
[0.597s] INFO:colcon.colcon_core.shell:Creating environment hook '/home/shh/ssafy_ws/install/my_python_pkg/share/my_python_pkg/hook/ament_prefix_path.sh'
[0.601s] INFO:colcon.colcon_core.shell:Skip shell extension 'powershell' for command environment: Not usable outside of PowerShell
[0.601s] DEBUG:colcon.colcon_core.shell:Skip shell extension 'dsv' for command environment
[0.610s] INFO:colcon.colcon_ros.task.ament_python.build:Building ROS package in '/home/shh/ssafy_ws/src/simple_car_tf' with build type 'ament_python'
[0.611s] Level 1:colcon.colcon_core.shell:create_environment_hook('simple_car_tf', 'ament_prefix_path')
[0.620s] INFO:colcon.colcon_core.shell:Creating environment hook '/home/shh/ssafy_ws/install/simple_car_tf/share/simple_car_tf/hook/ament_prefix_path.ps1'
[0.621s] INFO:colcon.colcon_core.shell:Creating environment descriptor '/home/shh/ssafy_ws/install/simple_car_tf/share/simple_car_tf/hook/ament_prefix_path.dsv'
[0.621s] INFO:colcon.colcon_core.shell:Creating environment hook '/home/shh/ssafy_ws/install/simple_car_tf/share/simple_car_tf/hook/ament_prefix_path.sh'
[0.625s] INFO:colcon.colcon_core.shell:Skip shell extension 'powershell' for command environment: Not usable outside of PowerShell
[0.625s] DEBUG:colcon.colcon_core.shell:Skip shell extension 'dsv' for command environment
[0.634s] INFO:colcon.colcon_ros.task.ament_python.build:Building ROS package in '/home/shh/ssafy_ws/src/simple_publisher' with build type 'ament_python'
[0.635s] Level 1:colcon.colcon_core.shell:create_environment_hook('simple_publisher', 'ament_prefix_path')
[0.639s] INFO:colcon.colcon_core.shell:Creating environment hook '/home/shh/ssafy_ws/install/simple_publisher/share/simple_publisher/hook/ament_prefix_path.ps1'
[0.640s] INFO:colcon.colcon_core.shell:Creating environment descriptor '/home/shh/ssafy_ws/install/simple_publisher/share/simple_publisher/hook/ament_prefix_path.dsv'
[0.640s] INFO:colcon.colcon_core.shell:Creating environment hook '/home/shh/ssafy_ws/install/simple_publisher/share/simple_publisher/hook/ament_prefix_path.sh'
[0.644s] INFO:colcon.colcon_core.shell:Skip shell extension 'powershell' for command environment: Not usable outside of PowerShell
[0.644s] DEBUG:colcon.colcon_core.shell:Skip shell extension 'dsv' for command environment
[0.653s] INFO:colcon.colcon_ros.task.ament_python.build:Building ROS package in '/home/shh/ssafy_ws/src/simple_subscriber' with build type 'ament_python'
[0.653s] Level 1:colcon.colcon_core.shell:create_environment_hook('simple_subscriber', 'ament_prefix_path')
[0.657s] INFO:colcon.colcon_core.shell:Creating environment hook '/home/shh/ssafy_ws/install/simple_subscriber/share/simple_subscriber/hook/ament_prefix_path.ps1'
[0.658s] INFO:colcon.colcon_core.shell:Creating environment descriptor '/home/shh/ssafy_ws/install/simple_subscriber/share/simple_subscriber/hook/ament_prefix_path.dsv'
[0.658s] INFO:colcon.colcon_core.shell:Creating environment hook '/home/shh/ssafy_ws/install/simple_subscriber/share/simple_subscriber/hook/ament_prefix_path.sh'
[0.662s] INFO:colcon.colcon_core.shell:Skip shell extension 'powershell' for command environment: Not usable outside of PowerShell
[0.662s] DEBUG:colcon.colcon_core.shell:Skip shell extension 'dsv' for command environment
[0.671s] INFO:colcon.colcon_ros.task.ament_cmake.build:Building ROS package in '/home/shh/ssafy_ws/src/ssafy_publisher_subscriber' with build type 'ament_cmake'
[0.672s] INFO:colcon.colcon_cmake.task.cmake.build:Building CMake package in '/home/shh/ssafy_ws/src/ssafy_publisher_subscriber'
[0.676s] INFO:colcon.colcon_core.shell:Skip shell extension 'powershell' for command environment: Not usable outside of PowerShell
[0.676s] DEBUG:colcon.colcon_core.shell:Skip shell extension 'dsv' for command environment
[0.686s] INFO:colcon.colcon_ros.task.ament_python.build:Building ROS package in '/home/shh/ssafy_ws/src/tf_broadcaster' with build type 'ament_python'
[0.686s] Level 1:colcon.colcon_core.shell:create_environment_hook('tf_broadcaster', 'ament_prefix_path')
[0.690s] INFO:colcon.colcon_core.shell:Creating environment hook '/home/shh/ssafy_ws/install/tf_broadcaster/share/tf_broadcaster/hook/ament_prefix_path.ps1'
[0.692s] INFO:colcon.colcon_core.shell:Creating environment descriptor '/home/shh/ssafy_ws/install/tf_broadcaster/share/tf_broadcaster/hook/ament_prefix_path.dsv'
[0.692s] INFO:colcon.colcon_core.shell:Creating environment hook '/home/shh/ssafy_ws/install/tf_broadcaster/share/tf_broadcaster/hook/ament_prefix_path.sh'
[0.702s] INFO:colcon.colcon_core.shell:Skip shell extension 'powershell' for command environment: Not usable outside of PowerShell
[0.702s] DEBUG:colcon.colcon_core.shell:Skip shell extension 'dsv' for command environment
[0.713s] INFO:colcon.colcon_ros.task.ament_python.build:Building ROS package in '/home/shh/ssafy_ws/src/turtle_controller' with build type 'ament_python'
[0.713s] Level 1:colcon.colcon_core.shell:create_environment_hook('turtle_controller', 'ament_prefix_path')
[0.717s] INFO:colcon.colcon_core.shell:Creating environment hook '/home/shh/ssafy_ws/install/turtle_controller/share/turtle_controller/hook/ament_prefix_path.ps1'
[0.718s] INFO:colcon.colcon_core.shell:Creating environment descriptor '/home/shh/ssafy_ws/install/turtle_controller/share/turtle_controller/hook/ament_prefix_path.dsv'
[0.719s] INFO:colcon.colcon_core.shell:Creating environment hook '/home/shh/ssafy_ws/install/turtle_controller/share/turtle_controller/hook/ament_prefix_path.sh'
[0.723s] INFO:colcon.colcon_core.shell:Skip shell extension 'powershell' for command environment: Not usable outside of PowerShell
[0.723s] DEBUG:colcon.colcon_core.shell:Skip shell extension 'dsv' for command environment
[0.731s] INFO:colcon.colcon_ros.task.ament_python.build:Building ROS package in '/home/shh/ssafy_ws/src/turtle_spawner' with build type 'ament_python'
[0.732s] Level 1:colcon.colcon_core.shell:create_environment_hook('turtle_spawner', 'ament_prefix_path')
[0.737s] INFO:colcon.colcon_core.shell:Creating environment hook '/home/shh/ssafy_ws/install/turtle_spawner/share/turtle_spawner/hook/ament_prefix_path.ps1'
[0.738s] INFO:colcon.colcon_core.shell:Creating environment descriptor '/home/shh/ssafy_ws/install/turtle_spawner/share/turtle_spawner/hook/ament_prefix_path.dsv'
[0.738s] INFO:colcon.colcon_core.shell:Creating environment hook '/home/shh/ssafy_ws/install/turtle_spawner/share/turtle_spawner/hook/ament_prefix_path.sh'
[0.742s] INFO:colcon.colcon_core.shell:Skip shell extension 'powershell' for command environment: Not usable outside of PowerShell
[0.742s] DEBUG:colcon.colcon_core.shell:Skip shell extension 'dsv' for command environment
[0.956s] INFO:colcon.colcon_core.task.python.build:Building Python package in '/home/shh/ssafy_ws/src/my_python_pkg'
[0.965s] INFO:colcon.colcon_core.shell:Skip shell extension 'powershell' for command environment: Not usable outside of PowerShell
[0.965s] DEBUG:colcon.colcon_core.shell:Skip shell extension 'dsv' for command environment
[1.186s] INFO:colcon.colcon_core.task.python.build:Building Python package in '/home/shh/ssafy_ws/src/simple_car_tf'
[1.197s] INFO:colcon.colcon_core.shell:Skip shell extension 'powershell' for command environment: Not usable outside of PowerShell
[1.197s] DEBUG:colcon.colcon_core.shell:Skip shell extension 'dsv' for command environment
[1.399s] INFO:colcon.colcon_core.task.python.build:Building Python package in '/home/shh/ssafy_ws/src/simple_publisher'
[1.403s] INFO:colcon.colcon_core.shell:Skip shell extension 'powershell' for command environment: Not usable outside of PowerShell
[1.403s] DEBUG:colcon.colcon_core.shell:Skip shell extension 'dsv' for command environment
[1.611s] INFO:colcon.colcon_core.task.python.build:Building Python package in '/home/shh/ssafy_ws/src/simple_subscriber'
[1.621s] INFO:colcon.colcon_core.shell:Skip shell extension 'powershell' for command environment: Not usable outside of PowerShell
[1.621s] DEBUG:colcon.colcon_core.shell:Skip shell extension 'dsv' for command environment
[1.634s] DEBUG:colcon.colcon_core.event_handler.log_command:Invoking command in '/home/shh/ssafy_ws/build/ssafy_publisher_subscriber': CMAKE_PREFIX_PATH=/opt/ros/foxy /usr/bin/cmake /home/shh/ssafy_ws/src/ssafy_publisher_subscriber -DCMAKE_INSTALL_PREFIX=/home/shh/ssafy_ws/install/ssafy_publisher_subscriber
[1.837s] INFO:colcon.colcon_core.task.python.build:Building Python package in '/home/shh/ssafy_ws/src/tf_broadcaster'
[1.848s] INFO:colcon.colcon_core.shell:Skip shell extension 'powershell' for command environment: Not usable outside of PowerShell
[1.848s] DEBUG:colcon.colcon_core.shell:Skip shell extension 'dsv' for command environment
[2.057s] INFO:colcon.colcon_core.task.python.build:Building Python package in '/home/shh/ssafy_ws/src/turtle_controller'
[2.065s] INFO:colcon.colcon_core.shell:Skip shell extension 'powershell' for command environment: Not usable outside of PowerShell
[2.065s] DEBUG:colcon.colcon_core.shell:Skip shell extension 'dsv' for command environment
[2.275s] INFO:colcon.colcon_core.task.python.build:Building Python package in '/home/shh/ssafy_ws/src/turtle_spawner'
[2.286s] INFO:colcon.colcon_core.shell:Skip shell extension 'powershell' for command environment: Not usable outside of PowerShell
[2.286s] DEBUG:colcon.colcon_core.shell:Skip shell extension 'dsv' for command environment
[2.762s] DEBUG:colcon.colcon_core.event_handler.log_command:Invoking command in '/home/shh/ssafy_ws/src/simple_publisher': PYTHONPATH=/home/shh/ssafy_ws/build/simple_publisher/prefix_override:/home/shh/ssafy_ws/install/simple_publisher/lib/python3.8/site-packages:${PYTHONPATH} /usr/bin/python3 setup.py egg_info --egg-base ../../build/simple_publisher build --build-base /home/shh/ssafy_ws/build/simple_publisher/build install --record /home/shh/ssafy_ws/build/simple_publisher/install.log --single-version-externally-managed
[2.777s] DEBUG:colcon.colcon_core.event_handler.log_command:Invoking command in '/home/shh/ssafy_ws/src/simple_car_tf': PYTHONPATH=/home/shh/ssafy_ws/build/simple_car_tf/prefix_override:/home/shh/ssafy_ws/install/simple_car_tf/lib/python3.8/site-packages:${PYTHONPATH} /usr/bin/python3 setup.py egg_info --egg-base ../../build/simple_car_tf build --build-base /home/shh/ssafy_ws/build/simple_car_tf/build install --record /home/shh/ssafy_ws/build/simple_car_tf/install.log --single-version-externally-managed
[2.783s] DEBUG:colcon.colcon_core.event_handler.log_command:Invoking command in '/home/shh/ssafy_ws/src/my_python_pkg': PYTHONPATH=/home/shh/ssafy_ws/build/my_python_pkg/prefix_override:/home/shh/ssafy_ws/install/my_python_pkg/lib/python3.8/site-packages:${PYTHONPATH} /usr/bin/python3 setup.py egg_info --egg-base ../../build/my_python_pkg build --build-base /home/shh/ssafy_ws/build/my_python_pkg/build install --record /home/shh/ssafy_ws/build/my_python_pkg/install.log --single-version-externally-managed
[2.806s] DEBUG:colcon.colcon_core.event_handler.log_command:Invoking command in '/home/shh/ssafy_ws/src/turtle_controller': PYTHONPATH=/home/shh/ssafy_ws/build/turtle_controller/prefix_override:/home/shh/ssafy_ws/install/turtle_controller/lib/python3.8/site-packages:${PYTHONPATH} /usr/bin/python3 setup.py egg_info --egg-base ../../build/turtle_controller build --build-base /home/shh/ssafy_ws/build/turtle_controller/build install --record /home/shh/ssafy_ws/build/turtle_controller/install.log --single-version-externally-managed
[2.819s] DEBUG:colcon.colcon_core.event_handler.log_command:Invoking command in '/home/shh/ssafy_ws/src/tf_broadcaster': PYTHONPATH=/home/shh/ssafy_ws/build/tf_broadcaster/prefix_override:/home/shh/ssafy_ws/install/tf_broadcaster/lib/python3.8/site-packages:${PYTHONPATH} /usr/bin/python3 setup.py egg_info --egg-base ../../build/tf_broadcaster build --build-base /home/shh/ssafy_ws/build/tf_broadcaster/build install --record /home/shh/ssafy_ws/build/tf_broadcaster/install.log --single-version-externally-managed
[2.887s] DEBUG:colcon.colcon_core.event_handler.log_command:Invoking command in '/home/shh/ssafy_ws/src/simple_subscriber': PYTHONPATH=/home/shh/ssafy_ws/build/simple_subscriber/prefix_override:/home/shh/ssafy_ws/install/simple_subscriber/lib/python3.8/site-packages:${PYTHONPATH} /usr/bin/python3 setup.py egg_info --egg-base ../../build/simple_subscriber build --build-base /home/shh/ssafy_ws/build/simple_subscriber/build install --record /home/shh/ssafy_ws/build/simple_subscriber/install.log --single-version-externally-managed
[2.891s] DEBUG:colcon.colcon_core.event_handler.log_command:Invoking command in '/home/shh/ssafy_ws/src/turtle_spawner': PYTHONPATH=/home/shh/ssafy_ws/build/turtle_spawner/prefix_override:/home/shh/ssafy_ws/install/turtle_spawner/lib/python3.8/site-packages:${PYTHONPATH} /usr/bin/python3 setup.py egg_info --egg-base ../../build/turtle_spawner build --build-base /home/shh/ssafy_ws/build/turtle_spawner/build install --record /home/shh/ssafy_ws/build/turtle_spawner/install.log --single-version-externally-managed
[3.465s] DEBUG:colcon.colcon_core.event_handler.log_command:Invoked command in '/home/shh/ssafy_ws/src/my_python_pkg' returned '0': PYTHONPATH=/home/shh/ssafy_ws/build/my_python_pkg/prefix_override:/home/shh/ssafy_ws/install/my_python_pkg/lib/python3.8/site-packages:${PYTHONPATH} /usr/bin/python3 setup.py egg_info --egg-base ../../build/my_python_pkg build --build-base /home/shh/ssafy_ws/build/my_python_pkg/build install --record /home/shh/ssafy_ws/build/my_python_pkg/install.log --single-version-externally-managed
[3.473s] Level 1:colcon.colcon_core.environment:checking '/home/shh/ssafy_ws/install/my_python_pkg' for CMake module files
[3.474s] Level 1:colcon.colcon_core.environment:checking '/home/shh/ssafy_ws/install/my_python_pkg' for CMake config files
[3.474s] Level 1:colcon.colcon_core.environment:checking '/home/shh/ssafy_ws/install/my_python_pkg/lib'
[3.475s] Level 1:colcon.colcon_core.environment:checking '/home/shh/ssafy_ws/install/my_python_pkg/bin'
[3.475s] Level 1:colcon.colcon_core.environment:checking '/home/shh/ssafy_ws/install/my_python_pkg/lib/pkgconfig/my_python_pkg.pc'
[3.475s] Level 1:colcon.colcon_core.environment:checking '/home/shh/ssafy_ws/install/my_python_pkg/lib/python3.8/site-packages'
[3.475s] Level 1:colcon.colcon_core.shell:create_environment_hook('my_python_pkg', 'pythonpath')
[3.479s] INFO:colcon.colcon_core.shell:Creating environment hook '/home/shh/ssafy_ws/install/my_python_pkg/share/my_python_pkg/hook/pythonpath.ps1'
[3.480s] INFO:colcon.colcon_core.shell:Creating environment descriptor '/home/shh/ssafy_ws/install/my_python_pkg/share/my_python_pkg/hook/pythonpath.dsv'
[3.480s] INFO:colcon.colcon_core.shell:Creating environment hook '/home/shh/ssafy_ws/install/my_python_pkg/share/my_python_pkg/hook/pythonpath.sh'
[3.481s] Level 1:colcon.colcon_core.environment:checking '/home/shh/ssafy_ws/install/my_python_pkg/bin'
[3.481s] Level 1:colcon.colcon_core.environment:create_environment_scripts_only(my_python_pkg)
[3.485s] INFO:colcon.colcon_core.shell:Creating package script '/home/shh/ssafy_ws/install/my_python_pkg/share/my_python_pkg/package.ps1'
[3.486s] INFO:colcon.colcon_core.shell:Creating package descriptor '/home/shh/ssafy_ws/install/my_python_pkg/share/my_python_pkg/package.dsv'
[3.487s] INFO:colcon.colcon_core.shell:Creating package script '/home/shh/ssafy_ws/install/my_python_pkg/share/my_python_pkg/package.sh'
[3.488s] INFO:colcon.colcon_core.shell:Creating package script '/home/shh/ssafy_ws/install/my_python_pkg/share/my_python_pkg/package.bash'
[3.488s] INFO:colcon.colcon_core.shell:Creating package script '/home/shh/ssafy_ws/install/my_python_pkg/share/my_python_pkg/package.zsh'
[3.489s] Level 1:colcon.colcon_core.environment:create_file_with_runtime_dependencies(/home/shh/ssafy_ws/install/my_python_pkg/share/colcon-core/packages/my_python_pkg)
[3.503s] Level 1:colcon.colcon_core.environment:checking '/home/shh/ssafy_ws/install/turtle_controller' for CMake module files
[3.504s] DEBUG:colcon.colcon_core.event_handler.log_command:Invoked command in '/home/shh/ssafy_ws/src/turtle_controller' returned '0': PYTHONPATH=/home/shh/ssafy_ws/build/turtle_controller/prefix_override:/home/shh/ssafy_ws/install/turtle_controller/lib/python3.8/site-packages:${PYTHONPATH} /usr/bin/python3 setup.py egg_info --egg-base ../../build/turtle_controller build --build-base /home/shh/ssafy_ws/build/turtle_controller/build install --record /home/shh/ssafy_ws/build/turtle_controller/install.log --single-version-externally-managed
[3.504s] Level 1:colcon.colcon_core.environment:checking '/home/shh/ssafy_ws/install/turtle_controller' for CMake config files
[3.505s] Level 1:colcon.colcon_core.environment:checking '/home/shh/ssafy_ws/install/turtle_controller/lib'
[3.505s] Level 1:colcon.colcon_core.environment:checking '/home/shh/ssafy_ws/install/turtle_controller/bin'
[3.505s] Level 1:colcon.colcon_core.environment:checking '/home/shh/ssafy_ws/install/turtle_controller/lib/pkgconfig/turtle_controller.pc'
[3.505s] Level 1:colcon.colcon_core.environment:checking '/home/shh/ssafy_ws/install/turtle_controller/lib/python3.8/site-packages'
[3.505s] Level 1:colcon.colcon_core.shell:create_environment_hook('turtle_controller', 'pythonpath')
[3.509s] INFO:colcon.colcon_core.shell:Creating environment hook '/home/shh/ssafy_ws/install/turtle_controller/share/turtle_controller/hook/pythonpath.ps1'
[3.510s] INFO:colcon.colcon_core.shell:Creating environment descriptor '/home/shh/ssafy_ws/install/turtle_controller/share/turtle_controller/hook/pythonpath.dsv'
[3.510s] INFO:colcon.colcon_core.shell:Creating environment hook '/home/shh/ssafy_ws/install/turtle_controller/share/turtle_controller/hook/pythonpath.sh'
[3.510s] Level 1:colcon.colcon_core.environment:checking '/home/shh/ssafy_ws/install/turtle_controller/bin'
[3.510s] Level 1:colcon.colcon_core.environment:create_environment_scripts_only(turtle_controller)
[3.515s] INFO:colcon.colcon_core.shell:Creating package script '/home/shh/ssafy_ws/install/turtle_controller/share/turtle_controller/package.ps1'
[3.515s] INFO:colcon.colcon_core.shell:Creating package descriptor '/home/shh/ssafy_ws/install/turtle_controller/share/turtle_controller/package.dsv'
[3.515s] INFO:colcon.colcon_core.shell:Creating package script '/home/shh/ssafy_ws/install/turtle_controller/share/turtle_controller/package.sh'
[3.516s] INFO:colcon.colcon_core.shell:Creating package script '/home/shh/ssafy_ws/install/turtle_controller/share/turtle_controller/package.bash'
[3.516s] INFO:colcon.colcon_core.shell:Creating package script '/home/shh/ssafy_ws/install/turtle_controller/share/turtle_controller/package.zsh'
[3.516s] Level 1:colcon.colcon_core.environment:create_file_with_runtime_dependencies(/home/shh/ssafy_ws/install/turtle_controller/share/colcon-core/packages/turtle_controller)
[3.522s] Level 1:colcon.colcon_core.environment:checking '/home/shh/ssafy_ws/install/simple_publisher' for CMake module files
[3.523s] Level 1:colcon.colcon_core.environment:checking '/home/shh/ssafy_ws/install/simple_publisher' for CMake config files
[3.523s] DEBUG:colcon.colcon_core.event_handler.log_command:Invoked command in '/home/shh/ssafy_ws/src/simple_publisher' returned '0': PYTHONPATH=/home/shh/ssafy_ws/build/simple_publisher/prefix_override:/home/shh/ssafy_ws/install/simple_publisher/lib/python3.8/site-packages:${PYTHONPATH} /usr/bin/python3 setup.py egg_info --egg-base ../../build/simple_publisher build --build-base /home/shh/ssafy_ws/build/simple_publisher/build install --record /home/shh/ssafy_ws/build/simple_publisher/install.log --single-version-externally-managed
[3.524s] Level 1:colcon.colcon_core.environment:checking '/home/shh/ssafy_ws/install/simple_publisher/lib'
[3.524s] Level 1:colcon.colcon_core.environment:checking '/home/shh/ssafy_ws/install/simple_publisher/bin'
[3.524s] Level 1:colcon.colcon_core.environment:checking '/home/shh/ssafy_ws/install/simple_publisher/lib/pkgconfig/simple_publisher.pc'
[3.524s] Level 1:colcon.colcon_core.environment:checking '/home/shh/ssafy_ws/install/simple_publisher/lib/python3.8/site-packages'
[3.524s] Level 1:colcon.colcon_core.shell:create_environment_hook('simple_publisher', 'pythonpath')
[3.528s] INFO:colcon.colcon_core.shell:Creating environment hook '/home/shh/ssafy_ws/install/simple_publisher/share/simple_publisher/hook/pythonpath.ps1'
[3.529s] INFO:colcon.colcon_core.shell:Creating environment descriptor '/home/shh/ssafy_ws/install/simple_publisher/share/simple_publisher/hook/pythonpath.dsv'
[3.529s] INFO:colcon.colcon_core.shell:Creating environment hook '/home/shh/ssafy_ws/install/simple_publisher/share/simple_publisher/hook/pythonpath.sh'
[3.529s] Level 1:colcon.colcon_core.environment:checking '/home/shh/ssafy_ws/install/simple_publisher/bin'
[3.529s] Level 1:colcon.colcon_core.environment:create_environment_scripts_only(simple_publisher)
[3.534s] INFO:colcon.colcon_core.shell:Creating package script '/home/shh/ssafy_ws/install/simple_publisher/share/simple_publisher/package.ps1'
[3.534s] INFO:colcon.colcon_core.shell:Creating package descriptor '/home/shh/ssafy_ws/install/simple_publisher/share/simple_publisher/package.dsv'
[3.534s] INFO:colcon.colcon_core.shell:Creating package script '/home/shh/ssafy_ws/install/simple_publisher/share/simple_publisher/package.sh'
[3.534s] INFO:colcon.colcon_core.shell:Creating package script '/home/shh/ssafy_ws/install/simple_publisher/share/simple_publisher/package.bash'
[3.535s] INFO:colcon.colcon_core.shell:Creating package script '/home/shh/ssafy_ws/install/simple_publisher/share/simple_publisher/package.zsh'
[3.535s] Level 1:colcon.colcon_core.environment:create_file_with_runtime_dependencies(/home/shh/ssafy_ws/install/simple_publisher/share/colcon-core/packages/simple_publisher)
[3.540s] Level 1:colcon.colcon_core.environment:checking '/home/shh/ssafy_ws/install/simple_subscriber' for CMake module files
[3.541s] Level 1:colcon.colcon_core.environment:checking '/home/shh/ssafy_ws/install/simple_subscriber' for CMake config files
[3.542s] DEBUG:colcon.colcon_core.event_handler.log_command:Invoked command in '/home/shh/ssafy_ws/src/simple_subscriber' returned '0': PYTHONPATH=/home/shh/ssafy_ws/build/simple_subscriber/prefix_override:/home/shh/ssafy_ws/install/simple_subscriber/lib/python3.8/site-packages:${PYTHONPATH} /usr/bin/python3 setup.py egg_info --egg-base ../../build/simple_subscriber build --build-base /home/shh/ssafy_ws/build/simple_subscriber/build install --record /home/shh/ssafy_ws/build/simple_subscriber/install.log --single-version-externally-managed
[3.542s] Level 1:colcon.colcon_core.environment:checking '/home/shh/ssafy_ws/install/simple_subscriber/lib'
[3.543s] Level 1:colcon.colcon_core.environment:checking '/home/shh/ssafy_ws/install/simple_subscriber/bin'
[3.543s] Level 1:colcon.colcon_core.environment:checking '/home/shh/ssafy_ws/install/simple_subscriber/lib/pkgconfig/simple_subscriber.pc'
[3.543s] Level 1:colcon.colcon_core.environment:checking '/home/shh/ssafy_ws/install/simple_subscriber/lib/python3.8/site-packages'
[3.543s] Level 1:colcon.colcon_core.shell:create_environment_hook('simple_subscriber', 'pythonpath')
[3.547s] INFO:colcon.colcon_core.shell:Creating environment hook '/home/shh/ssafy_ws/install/simple_subscriber/share/simple_subscriber/hook/pythonpath.ps1'
[3.548s] INFO:colcon.colcon_core.shell:Creating environment descriptor '/home/shh/ssafy_ws/install/simple_subscriber/share/simple_subscriber/hook/pythonpath.dsv'
[3.548s] INFO:colcon.colcon_core.shell:Creating environment hook '/home/shh/ssafy_ws/install/simple_subscriber/share/simple_subscriber/hook/pythonpath.sh'
[3.548s] Level 1:colcon.colcon_core.environment:checking '/home/shh/ssafy_ws/install/simple_subscriber/bin'
[3.548s] Level 1:colcon.colcon_core.environment:create_environment_scripts_only(simple_subscriber)
[3.553s] INFO:colcon.colcon_core.shell:Creating package script '/home/shh/ssafy_ws/install/simple_subscriber/share/simple_subscriber/package.ps1'
[3.553s] INFO:colcon.colcon_core.shell:Creating package descriptor '/home/shh/ssafy_ws/install/simple_subscriber/share/simple_subscriber/package.dsv'
[3.554s] INFO:colcon.colcon_core.shell:Creating package script '/home/shh/ssafy_ws/install/simple_subscriber/share/simple_subscriber/package.sh'
[3.554s] INFO:colcon.colcon_core.shell:Creating package script '/home/shh/ssafy_ws/install/simple_subscriber/share/simple_subscriber/package.bash'
[3.554s] INFO:colcon.colcon_core.shell:Creating package script '/home/shh/ssafy_ws/install/simple_subscriber/share/simple_subscriber/package.zsh'
[3.554s] Level 1:colcon.colcon_core.environment:create_file_with_runtime_dependencies(/home/shh/ssafy_ws/install/simple_subscriber/share/colcon-core/packages/simple_subscriber)
[3.560s] Level 1:colcon.colcon_core.environment:checking '/home/shh/ssafy_ws/install/turtle_spawner' for CMake module files
[3.561s] DEBUG:colcon.colcon_core.event_handler.log_command:Invoked command in '/home/shh/ssafy_ws/src/turtle_spawner' returned '0': PYTHONPATH=/home/shh/ssafy_ws/build/turtle_spawner/prefix_override:/home/shh/ssafy_ws/install/turtle_spawner/lib/python3.8/site-packages:${PYTHONPATH} /usr/bin/python3 setup.py egg_info --egg-base ../../build/turtle_spawner build --build-base /home/shh/ssafy_ws/build/turtle_spawner/build install --record /home/shh/ssafy_ws/build/turtle_spawner/install.log --single-version-externally-managed
[3.561s] Level 1:colcon.colcon_core.environment:checking '/home/shh/ssafy_ws/install/turtle_spawner' for CMake config files
[3.561s] Level 1:colcon.colcon_core.environment:checking '/home/shh/ssafy_ws/install/turtle_spawner/lib'
[3.562s] Level 1:colcon.colcon_core.environment:checking '/home/shh/ssafy_ws/install/turtle_spawner/bin'
[3.562s] Level 1:colcon.colcon_core.environment:checking '/home/shh/ssafy_ws/install/turtle_spawner/lib/pkgconfig/turtle_spawner.pc'
[3.562s] Level 1:colcon.colcon_core.environment:checking '/home/shh/ssafy_ws/install/turtle_spawner/lib/python3.8/site-packages'
[3.562s] Level 1:colcon.colcon_core.shell:create_environment_hook('turtle_spawner', 'pythonpath')
[3.566s] INFO:colcon.colcon_core.shell:Creating environment hook '/home/shh/ssafy_ws/install/turtle_spawner/share/turtle_spawner/hook/pythonpath.ps1'
[3.566s] INFO:colcon.colcon_core.shell:Creating environment descriptor '/home/shh/ssafy_ws/install/turtle_spawner/share/turtle_spawner/hook/pythonpath.dsv'
[3.566s] INFO:colcon.colcon_core.shell:Creating environment hook '/home/shh/ssafy_ws/install/turtle_spawner/share/turtle_spawner/hook/pythonpath.sh'
[3.566s] Level 1:colcon.colcon_core.environment:checking '/home/shh/ssafy_ws/install/turtle_spawner/bin'
[3.566s] Level 1:colcon.colcon_core.environment:create_environment_scripts_only(turtle_spawner)
[3.570s] INFO:colcon.colcon_core.shell:Creating package script '/home/shh/ssafy_ws/install/turtle_spawner/share/turtle_spawner/package.ps1'
[3.571s] INFO:colcon.colcon_core.shell:Creating package descriptor '/home/shh/ssafy_ws/install/turtle_spawner/share/turtle_spawner/package.dsv'
[3.571s] INFO:colcon.colcon_core.shell:Creating package script '/home/shh/ssafy_ws/install/turtle_spawner/share/turtle_spawner/package.sh'
[3.571s] INFO:colcon.colcon_core.shell:Creating package script '/home/shh/ssafy_ws/install/turtle_spawner/share/turtle_spawner/package.bash'
[3.571s] INFO:colcon.colcon_core.shell:Creating package script '/home/shh/ssafy_ws/install/turtle_spawner/share/turtle_spawner/package.zsh'
[3.571s] Level 1:colcon.colcon_core.environment:create_file_with_runtime_dependencies(/home/shh/ssafy_ws/install/turtle_spawner/share/colcon-core/packages/turtle_spawner)
[3.578s] Level 1:colcon.colcon_core.environment:checking '/home/shh/ssafy_ws/install/tf_broadcaster' for CMake module files
[3.579s] DEBUG:colcon.colcon_core.event_handler.log_command:Invoked command in '/home/shh/ssafy_ws/src/tf_broadcaster' returned '0': PYTHONPATH=/home/shh/ssafy_ws/build/tf_broadcaster/prefix_override:/home/shh/ssafy_ws/install/tf_broadcaster/lib/python3.8/site-packages:${PYTHONPATH} /usr/bin/python3 setup.py egg_info --egg-base ../../build/tf_broadcaster build --build-base /home/shh/ssafy_ws/build/tf_broadcaster/build install --record /home/shh/ssafy_ws/build/tf_broadcaster/install.log --single-version-externally-managed
[3.579s] Level 1:colcon.colcon_core.environment:checking '/home/shh/ssafy_ws/install/tf_broadcaster' for CMake config files
[3.579s] Level 1:colcon.colcon_core.environment:checking '/home/shh/ssafy_ws/install/tf_broadcaster/lib'
[3.579s] Level 1:colcon.colcon_core.environment:checking '/home/shh/ssafy_ws/install/tf_broadcaster/bin'
[3.580s] Level 1:colcon.colcon_core.environment:checking '/home/shh/ssafy_ws/install/tf_broadcaster/lib/pkgconfig/tf_broadcaster.pc'
[3.580s] Level 1:colcon.colcon_core.environment:checking '/home/shh/ssafy_ws/install/tf_broadcaster/lib/python3.8/site-packages'
[3.580s] Level 1:colcon.colcon_core.shell:create_environment_hook('tf_broadcaster', 'pythonpath')
[3.584s] INFO:colcon.colcon_core.shell:Creating environment hook '/home/shh/ssafy_ws/install/tf_broadcaster/share/tf_broadcaster/hook/pythonpath.ps1'
[3.585s] INFO:colcon.colcon_core.shell:Creating environment descriptor '/home/shh/ssafy_ws/install/tf_broadcaster/share/tf_broadcaster/hook/pythonpath.dsv'
[3.585s] INFO:colcon.colcon_core.shell:Creating environment hook '/home/shh/ssafy_ws/install/tf_broadcaster/share/tf_broadcaster/hook/pythonpath.sh'
[3.585s] Level 1:colcon.colcon_core.environment:checking '/home/shh/ssafy_ws/install/tf_broadcaster/bin'
[3.585s] Level 1:colcon.colcon_core.environment:create_environment_scripts_only(tf_broadcaster)
[3.590s] INFO:colcon.colcon_core.shell:Creating package script '/home/shh/ssafy_ws/install/tf_broadcaster/share/tf_broadcaster/package.ps1'
[3.590s] INFO:colcon.colcon_core.shell:Creating package descriptor '/home/shh/ssafy_ws/install/tf_broadcaster/share/tf_broadcaster/package.dsv'
[3.591s] INFO:colcon.colcon_core.shell:Creating package script '/home/shh/ssafy_ws/install/tf_broadcaster/share/tf_broadcaster/package.sh'
[3.591s] INFO:colcon.colcon_core.shell:Creating package script '/home/shh/ssafy_ws/install/tf_broadcaster/share/tf_broadcaster/package.bash'
[3.591s] INFO:colcon.colcon_core.shell:Creating package script '/home/shh/ssafy_ws/install/tf_broadcaster/share/tf_broadcaster/package.zsh'
[3.591s] Level 1:colcon.colcon_core.environment:create_file_with_runtime_dependencies(/home/shh/ssafy_ws/install/tf_broadcaster/share/colcon-core/packages/tf_broadcaster)
[3.596s] Level 1:colcon.colcon_core.environment:checking '/home/shh/ssafy_ws/install/simple_car_tf' for CMake module files
[3.597s] Level 1:colcon.colcon_core.environment:checking '/home/shh/ssafy_ws/install/simple_car_tf' for CMake config files
[3.597s] DEBUG:colcon.colcon_core.event_handler.log_command:Invoked command in '/home/shh/ssafy_ws/src/simple_car_tf' returned '0': PYTHONPATH=/home/shh/ssafy_ws/build/simple_car_tf/prefix_override:/home/shh/ssafy_ws/install/simple_car_tf/lib/python3.8/site-packages:${PYTHONPATH} /usr/bin/python3 setup.py egg_info --egg-base ../../build/simple_car_tf build --build-base /home/shh/ssafy_ws/build/simple_car_tf/build install --record /home/shh/ssafy_ws/build/simple_car_tf/install.log --single-version-externally-managed
[3.598s] Level 1:colcon.colcon_core.environment:checking '/home/shh/ssafy_ws/install/simple_car_tf/lib'
[3.598s] Level 1:colcon.colcon_core.environment:checking '/home/shh/ssafy_ws/install/simple_car_tf/bin'
[3.598s] Level 1:colcon.colcon_core.environment:checking '/home/shh/ssafy_ws/install/simple_car_tf/lib/pkgconfig/simple_car_tf.pc'
[3.598s] Level 1:colcon.colcon_core.environment:checking '/home/shh/ssafy_ws/install/simple_car_tf/lib/python3.8/site-packages'
[3.598s] Level 1:colcon.colcon_core.shell:create_environment_hook('simple_car_tf', 'pythonpath')
[3.602s] INFO:colcon.colcon_core.shell:Creating environment hook '/home/shh/ssafy_ws/install/simple_car_tf/share/simple_car_tf/hook/pythonpath.ps1'
[3.602s] INFO:colcon.colcon_core.shell:Creating environment descriptor '/home/shh/ssafy_ws/install/simple_car_tf/share/simple_car_tf/hook/pythonpath.dsv'
[3.602s] INFO:colcon.colcon_core.shell:Creating environment hook '/home/shh/ssafy_ws/install/simple_car_tf/share/simple_car_tf/hook/pythonpath.sh'
[3.603s] Level 1:colcon.colcon_core.environment:checking '/home/shh/ssafy_ws/install/simple_car_tf/bin'
[3.603s] Level 1:colcon.colcon_core.environment:create_environment_scripts_only(simple_car_tf)
[3.607s] INFO:colcon.colcon_core.shell:Creating package script '/home/shh/ssafy_ws/install/simple_car_tf/share/simple_car_tf/package.ps1'
[3.607s] INFO:colcon.colcon_core.shell:Creating package descriptor '/home/shh/ssafy_ws/install/simple_car_tf/share/simple_car_tf/package.dsv'
[3.607s] INFO:colcon.colcon_core.shell:Creating package script '/home/shh/ssafy_ws/install/simple_car_tf/share/simple_car_tf/package.sh'
[3.607s] INFO:colcon.colcon_core.shell:Creating package script '/home/shh/ssafy_ws/install/simple_car_tf/share/simple_car_tf/package.bash'
[3.608s] INFO:colcon.colcon_core.shell:Creating package script '/home/shh/ssafy_ws/install/simple_car_tf/share/simple_car_tf/package.zsh'
[3.608s] Level 1:colcon.colcon_core.environment:create_file_with_runtime_dependencies(/home/shh/ssafy_ws/install/simple_car_tf/share/colcon-core/packages/simple_car_tf)
[4.432s] DEBUG:colcon.colcon_core.event_handler.log_command:Invoked command in '/home/shh/ssafy_ws/build/ssafy_publisher_subscriber' returned '0': CMAKE_PREFIX_PATH=/opt/ros/foxy /usr/bin/cmake /home/shh/ssafy_ws/src/ssafy_publisher_subscriber -DCMAKE_INSTALL_PREFIX=/home/shh/ssafy_ws/install/ssafy_publisher_subscriber
[4.433s] DEBUG:colcon.colcon_core.event_handler.log_command:Invoking command in '/home/shh/ssafy_ws/build/ssafy_publisher_subscriber': CMAKE_PREFIX_PATH=/opt/ros/foxy /usr/bin/cmake --build /home/shh/ssafy_ws/build/ssafy_publisher_subscriber -- -j16 -l16
[8.963s] DEBUG:colcon.colcon_core.event_handler.log_command:Invoked command in '/home/shh/ssafy_ws/build/ssafy_publisher_subscriber' returned '0': CMAKE_PREFIX_PATH=/opt/ros/foxy /usr/bin/cmake --build /home/shh/ssafy_ws/build/ssafy_publisher_subscriber -- -j16 -l16
[9.016s] DEBUG:colcon.colcon_core.event_handler.log_command:Invoking command in '/home/shh/ssafy_ws/build/ssafy_publisher_subscriber': CMAKE_PREFIX_PATH=/opt/ros/foxy /usr/bin/cmake --install /home/shh/ssafy_ws/build/ssafy_publisher_subscriber
[9.037s] Level 1:colcon.colcon_core.environment:create_environment_scripts_only(ssafy_publisher_subscriber)
[9.037s] DEBUG:colcon.colcon_core.event_handler.log_command:Invoked command in '/home/shh/ssafy_ws/build/ssafy_publisher_subscriber' returned '0': CMAKE_PREFIX_PATH=/opt/ros/foxy /usr/bin/cmake --install /home/shh/ssafy_ws/build/ssafy_publisher_subscriber
[9.051s] Level 1:colcon.colcon_core.environment:checking '/home/shh/ssafy_ws/install/ssafy_publisher_subscriber' for CMake module files
[9.051s] Level 1:colcon.colcon_core.environment:checking '/home/shh/ssafy_ws/install/ssafy_publisher_subscriber' for CMake config files
[9.052s] Level 1:colcon.colcon_core.shell:create_environment_hook('ssafy_publisher_subscriber', 'cmake_prefix_path')
[9.056s] INFO:colcon.colcon_core.shell:Creating environment hook '/home/shh/ssafy_ws/install/ssafy_publisher_subscriber/share/ssafy_publisher_subscriber/hook/cmake_prefix_path.ps1'
[9.056s] INFO:colcon.colcon_core.shell:Creating environment descriptor '/home/shh/ssafy_ws/install/ssafy_publisher_subscriber/share/ssafy_publisher_subscriber/hook/cmake_prefix_path.dsv'
[9.056s] INFO:colcon.colcon_core.shell:Creating environment hook '/home/shh/ssafy_ws/install/ssafy_publisher_subscriber/share/ssafy_publisher_subscriber/hook/cmake_prefix_path.sh'
[9.057s] Level 1:colcon.colcon_core.environment:checking '/home/shh/ssafy_ws/install/ssafy_publisher_subscriber/lib'
[9.057s] Level 1:colcon.colcon_core.environment:checking '/home/shh/ssafy_ws/install/ssafy_publisher_subscriber/bin'
[9.057s] Level 1:colcon.colcon_core.environment:checking '/home/shh/ssafy_ws/install/ssafy_publisher_subscriber/lib/pkgconfig/ssafy_publisher_subscriber.pc'
[9.057s] Level 1:colcon.colcon_core.environment:checking '/home/shh/ssafy_ws/install/ssafy_publisher_subscriber/lib/python3.8/site-packages'
[9.057s] Level 1:colcon.colcon_core.environment:checking '/home/shh/ssafy_ws/install/ssafy_publisher_subscriber/bin'
[9.061s] INFO:colcon.colcon_core.shell:Creating package script '/home/shh/ssafy_ws/install/ssafy_publisher_subscriber/share/ssafy_publisher_subscriber/package.ps1'
[9.061s] INFO:colcon.colcon_core.shell:Creating package descriptor '/home/shh/ssafy_ws/install/ssafy_publisher_subscriber/share/ssafy_publisher_subscriber/package.dsv'
[9.062s] INFO:colcon.colcon_core.shell:Creating package script '/home/shh/ssafy_ws/install/ssafy_publisher_subscriber/share/ssafy_publisher_subscriber/package.sh'
[9.062s] INFO:colcon.colcon_core.shell:Creating package script '/home/shh/ssafy_ws/install/ssafy_publisher_subscriber/share/ssafy_publisher_subscriber/package.bash'
[9.063s] INFO:colcon.colcon_core.shell:Creating package script '/home/shh/ssafy_ws/install/ssafy_publisher_subscriber/share/ssafy_publisher_subscriber/package.zsh'
[9.063s] Level 1:colcon.colcon_core.environment:create_file_with_runtime_dependencies(/home/shh/ssafy_ws/install/ssafy_publisher_subscriber/share/colcon-core/packages/ssafy_publisher_subscriber)
[9.112s] Level 1:colcon.colcon_core.environment:create_environment_scripts_only(ssafy_publisher_subscriber)
[9.117s] Level 1:colcon.colcon_core.environment:checking '/home/shh/ssafy_ws/install/ssafy_publisher_subscriber' for CMake module files
[9.118s] Level 1:colcon.colcon_core.environment:checking '/home/shh/ssafy_ws/install/ssafy_publisher_subscriber' for CMake config files
[9.118s] Level 1:colcon.colcon_core.shell:create_environment_hook('ssafy_publisher_subscriber', 'cmake_prefix_path')
[9.122s] INFO:colcon.colcon_core.shell:Creating environment hook '/home/shh/ssafy_ws/install/ssafy_publisher_subscriber/share/ssafy_publisher_subscriber/hook/cmake_prefix_path.ps1'
[9.122s] INFO:colcon.colcon_core.shell:Creating environment descriptor '/home/shh/ssafy_ws/install/ssafy_publisher_subscriber/share/ssafy_publisher_subscriber/hook/cmake_prefix_path.dsv'
[9.123s] INFO:colcon.colcon_core.shell:Creating environment hook '/home/shh/ssafy_ws/install/ssafy_publisher_subscriber/share/ssafy_publisher_subscriber/hook/cmake_prefix_path.sh'
[9.123s] Level 1:colcon.colcon_core.environment:checking '/home/shh/ssafy_ws/install/ssafy_publisher_subscriber/lib'
[9.123s] Level 1:colcon.colcon_core.environment:checking '/home/shh/ssafy_ws/install/ssafy_publisher_subscriber/bin'
[9.123s] Level 1:colcon.colcon_core.environment:checking '/home/shh/ssafy_ws/install/ssafy_publisher_subscriber/lib/pkgconfig/ssafy_publisher_subscriber.pc'
[9.123s] Level 1:colcon.colcon_core.environment:checking '/home/shh/ssafy_ws/install/ssafy_publisher_subscriber/lib/python3.8/site-packages'
[9.124s] Level 1:colcon.colcon_core.environment:checking '/home/shh/ssafy_ws/install/ssafy_publisher_subscriber/bin'
[9.128s] INFO:colcon.colcon_core.shell:Creating package script '/home/shh/ssafy_ws/install/ssafy_publisher_subscriber/share/ssafy_publisher_subscriber/package.ps1'
[9.128s] INFO:colcon.colcon_core.shell:Creating package descriptor '/home/shh/ssafy_ws/install/ssafy_publisher_subscriber/share/ssafy_publisher_subscriber/package.dsv'
[9.129s] INFO:colcon.colcon_core.shell:Creating package script '/home/shh/ssafy_ws/install/ssafy_publisher_subscriber/share/ssafy_publisher_subscriber/package.sh'
[9.129s] INFO:colcon.colcon_core.shell:Creating package script '/home/shh/ssafy_ws/install/ssafy_publisher_subscriber/share/ssafy_publisher_subscriber/package.bash'
[9.129s] INFO:colcon.colcon_core.shell:Creating package script '/home/shh/ssafy_ws/install/ssafy_publisher_subscriber/share/ssafy_publisher_subscriber/package.zsh'
[9.130s] Level 1:colcon.colcon_core.environment:create_file_with_runtime_dependencies(/home/shh/ssafy_ws/install/ssafy_publisher_subscriber/share/colcon-core/packages/ssafy_publisher_subscriber)
[9.130s] DEBUG:colcon.colcon_parallel_executor.executor.parallel:closing loop
[9.130s] DEBUG:colcon.colcon_parallel_executor.executor.parallel:loop closed
[9.130s] DEBUG:colcon.colcon_parallel_executor.executor.parallel:run_until_complete finished with '0'
[9.130s] DEBUG:colcon.colcon_core.event_reactor:joining thread
[9.139s] INFO:colcon.colcon_core.plugin_system:Skipping extension 'colcon_notification.desktop_notification.terminal_notifier': Not used on non-Darwin systems
[9.139s] INFO:colcon.colcon_core.plugin_system:Skipping extension 'colcon_notification.desktop_notification.win32': Not used on non-Windows systems
[9.139s] INFO:colcon.colcon_notification.desktop_notification:Sending desktop notification using 'notify2'
[9.159s] DEBUG:colcon.colcon_core.event_reactor:joined thread
[9.170s] INFO:colcon.colcon_core.shell:Creating prefix script '/home/shh/ssafy_ws/install/local_setup.ps1'
[9.172s] INFO:colcon.colcon_core.shell:Creating prefix util module '/home/shh/ssafy_ws/install/_local_setup_util_ps1.py'
[9.173s] INFO:colcon.colcon_core.shell:Creating prefix chain script '/home/shh/ssafy_ws/install/setup.ps1'
[9.176s] INFO:colcon.colcon_core.shell:Creating prefix script '/home/shh/ssafy_ws/install/local_setup.sh'
[9.177s] INFO:colcon.colcon_core.shell:Creating prefix util module '/home/shh/ssafy_ws/install/_local_setup_util_sh.py'
[9.177s] INFO:colcon.colcon_core.shell:Creating prefix chain script '/home/shh/ssafy_ws/install/setup.sh'
[9.181s] INFO:colcon.colcon_core.shell:Creating prefix script '/home/shh/ssafy_ws/install/local_setup.bash'
[9.181s] INFO:colcon.colcon_core.shell:Creating prefix chain script '/home/shh/ssafy_ws/install/setup.bash'
[9.185s] INFO:colcon.colcon_core.shell:Creating prefix script '/home/shh/ssafy_ws/install/local_setup.zsh'
[9.185s] INFO:colcon.colcon_core.shell:Creating prefix chain script '/home/shh/ssafy_ws/install/setup.zsh'
