[3.097s] Invoking command in '/home/shh/ssafy_ws/build/yolo_pkg': PYTHONPATH=/home/shh/ssafy_ws/build/yolo_pkg/prefix_override:/home/shh/ssafy_ws/install/yolo_pkg/lib/python3.8/site-packages:${PYTHONPATH} /usr/bin/python3 setup.py develop --editable --build-directory /home/shh/ssafy_ws/build/yolo_pkg/build --no-deps install_data
[3.352s] running develop
[3.516s] running egg_info
[3.516s] creating yolo_pkg.egg-info
[3.517s] writing yolo_pkg.egg-info/PKG-INFO
[3.517s] writing dependency_links to yolo_pkg.egg-info/dependency_links.txt
[3.517s] writing entry points to yolo_pkg.egg-info/entry_points.txt
[3.518s] writing requirements to yolo_pkg.egg-info/requires.txt
[3.518s] writing top-level names to yolo_pkg.egg-info/top_level.txt
[3.519s] writing manifest file 'yolo_pkg.egg-info/SOURCES.txt'
[3.558s] reading manifest file 'yolo_pkg.egg-info/SOURCES.txt'
[3.559s] writing manifest file 'yolo_pkg.egg-info/SOURCES.txt'
[3.608s] running build_ext
[3.608s] Creating /home/shh/ssafy_ws/install/yolo_pkg/lib/python3.8/site-packages/site.py
[3.609s] Creating /home/shh/ssafy_ws/install/yolo_pkg/lib/python3.8/site-packages/yolo-pkg.egg-link (link to .)
[3.609s] 
[3.609s] Installed /home/shh/ssafy_ws/build/yolo_pkg
[3.609s] running install_data
[3.609s] creating /home/shh/ssafy_ws/install/yolo_pkg/share/ament_index
[3.609s] creating /home/shh/ssafy_ws/install/yolo_pkg/share/ament_index/resource_index
[3.609s] creating /home/shh/ssafy_ws/install/yolo_pkg/share/ament_index/resource_index/packages
[3.609s] copying resource/yolo_pkg -> /home/shh/ssafy_ws/install/yolo_pkg/share/ament_index/resource_index/packages
[3.610s] copying package.xml -> /home/shh/ssafy_ws/install/yolo_pkg/share/yolo_pkg
[3.702s] Invoked command in '/home/shh/ssafy_ws/build/yolo_pkg' returned '0': PYTHONPATH=/home/shh/ssafy_ws/build/yolo_pkg/prefix_override:/home/shh/ssafy_ws/install/yolo_pkg/lib/python3.8/site-packages:${PYTHONPATH} /usr/bin/python3 setup.py develop --editable --build-directory /home/shh/ssafy_ws/build/yolo_pkg/build --no-deps install_data
