[0.317s] Invoking command in '/home/shh/ssafy_gazeboy/ssafy_ws/build/turtlebot3_fake_node': AMENT_PREFIX_PATH=/home/shh/ssafy_gazeboy/ssafy_ws/install/turtlebot3_msgs:${AMENT_PREFIX_PATH} CMAKE_PREFIX_PATH=/home/shh/ssafy_gazeboy/ssafy_ws/install/turtlebot3_msgs:/opt/ros/foxy LD_LIBRARY_PATH=/home/shh/ssafy_gazeboy/ssafy_ws/install/turtlebot3_msgs/lib:${LD_LIBRARY_PATH} PYTHONPATH=/home/shh/ssafy_gazeboy/ssafy_ws/install/turtlebot3_msgs/lib/python3.8/site-packages:${PYTHONPATH} /usr/bin/cmake /home/shh/ssafy_gazeboy/ssafy_ws/src/turtlebot3_simulations/turtlebot3_fake_node -DAMENT_CMAKE_SYMLINK_INSTALL=1 -DCMAKE_INSTALL_PREFIX=/home/shh/ssafy_gazeboy/ssafy_ws/install/turtlebot3_fake_node
[0.399s] -- The C compiler identification is GNU 9.4.0
[0.469s] -- The CXX compiler identification is GNU 9.4.0
[0.473s] -- Check for working C compiler: /usr/bin/cc
[0.571s] -- Check for working C compiler: /usr/bin/cc -- works
[0.572s] -- Detecting C compiler ABI info
[0.665s] -- Detecting C compiler ABI info - done
[0.674s] -- Detecting C compile features
[0.675s] -- Detecting C compile features - done
[0.677s] -- Check for working CXX compiler: /usr/bin/c++
[0.788s] -- Check for working CXX compiler: /usr/bin/c++ -- works
[0.789s] -- Detecting CXX compiler ABI info
[0.904s] -- Detecting CXX compiler ABI info - done
[0.921s] -- Detecting CXX compile features
[0.921s] -- Detecting CXX compile features - done
[0.926s] -- Found ament_cmake: 0.9.12 (/opt/ros/foxy/share/ament_cmake/cmake)
[0.955s] -- Found PythonInterp: /usr/bin/python3 (found suitable version "3.8.10", minimum required is "3") 
[0.955s] -- Using PYTHON_EXECUTABLE: /usr/bin/python3
[1.146s] -- Override CMake install command with custom implementation using symlinks instead of copying resources
[1.189s] -- Found geometry_msgs: 2.0.5 (/opt/ros/foxy/share/geometry_msgs/cmake)
[1.223s] -- Using all available rosidl_typesupport_c: rosidl_typesupport_fastrtps_c;rosidl_typesupport_introspection_c
[1.231s] -- Found rosidl_adapter: 1.3.1 (/opt/ros/foxy/share/rosidl_adapter/cmake)
[1.374s] -- Found OpenSSL: /usr/lib/x86_64-linux-gnu/libcrypto.so (found version "1.1.1f")  
[1.415s] -- Found FastRTPS: /opt/ros/foxy/include  
[1.506s] -- Using all available rosidl_typesupport_cpp: rosidl_typesupport_fastrtps_cpp;rosidl_typesupport_introspection_cpp
[1.589s] -- Found nav_msgs: 2.0.5 (/opt/ros/foxy/share/nav_msgs/cmake)
[1.664s] -- Found rclcpp: 2.4.3 (/opt/ros/foxy/share/rclcpp/cmake)
[1.725s] -- Found rmw_implementation_cmake: 1.0.4 (/opt/ros/foxy/share/rmw_implementation_cmake/cmake)
[1.727s] -- Using RMW implementation 'rmw_fastrtps_cpp' as default
[1.728s] -- Looking for pthread.h
[1.840s] -- Looking for pthread.h - found
[1.840s] -- Performing Test CMAKE_HAVE_LIBC_PTHREAD
[1.968s] -- Performing Test CMAKE_HAVE_LIBC_PTHREAD - Failed
[1.968s] -- Looking for pthread_create in pthreads
[2.067s] -- Looking for pthread_create in pthreads - not found
[2.068s] -- Looking for pthread_create in pthread
[2.195s] -- Looking for pthread_create in pthread - found
[2.197s] -- Found Threads: TRUE  
[2.324s] -- Found sensor_msgs: 2.0.5 (/opt/ros/foxy/share/sensor_msgs/cmake)
[2.390s] -- Found tf2: 0.13.14 (/opt/ros/foxy/share/tf2/cmake)
[2.401s] -- Found tf2_msgs: 0.13.14 (/opt/ros/foxy/share/tf2_msgs/cmake)
[2.575s] -- Found turtlebot3_msgs: 2.2.1 (/home/shh/ssafy_gazeboy/ssafy_ws/install/turtlebot3_msgs/share/turtlebot3_msgs/cmake)
[2.735s] -- Configuring done
[2.748s] -- Generating done
[2.750s] -- Build files have been written to: /home/shh/ssafy_gazeboy/ssafy_ws/build/turtlebot3_fake_node
[2.759s] Invoked command in '/home/shh/ssafy_gazeboy/ssafy_ws/build/turtlebot3_fake_node' returned '0': AMENT_PREFIX_PATH=/home/shh/ssafy_gazeboy/ssafy_ws/install/turtlebot3_msgs:${AMENT_PREFIX_PATH} CMAKE_PREFIX_PATH=/home/shh/ssafy_gazeboy/ssafy_ws/install/turtlebot3_msgs:/opt/ros/foxy LD_LIBRARY_PATH=/home/shh/ssafy_gazeboy/ssafy_ws/install/turtlebot3_msgs/lib:${LD_LIBRARY_PATH} PYTHONPATH=/home/shh/ssafy_gazeboy/ssafy_ws/install/turtlebot3_msgs/lib/python3.8/site-packages:${PYTHONPATH} /usr/bin/cmake /home/shh/ssafy_gazeboy/ssafy_ws/src/turtlebot3_simulations/turtlebot3_fake_node -DAMENT_CMAKE_SYMLINK_INSTALL=1 -DCMAKE_INSTALL_PREFIX=/home/shh/ssafy_gazeboy/ssafy_ws/install/turtlebot3_fake_node
[2.764s] Invoking command in '/home/shh/ssafy_gazeboy/ssafy_ws/build/turtlebot3_fake_node': AMENT_PREFIX_PATH=/home/shh/ssafy_gazeboy/ssafy_ws/install/turtlebot3_msgs:${AMENT_PREFIX_PATH} CMAKE_PREFIX_PATH=/home/shh/ssafy_gazeboy/ssafy_ws/install/turtlebot3_msgs:/opt/ros/foxy LD_LIBRARY_PATH=/home/shh/ssafy_gazeboy/ssafy_ws/install/turtlebot3_msgs/lib:${LD_LIBRARY_PATH} PYTHONPATH=/home/shh/ssafy_gazeboy/ssafy_ws/install/turtlebot3_msgs/lib/python3.8/site-packages:${PYTHONPATH} /usr/bin/cmake --build /home/shh/ssafy_gazeboy/ssafy_ws/build/turtlebot3_fake_node -- -j16 -l16
[2.818s] [35m[1mScanning dependencies of target turtlebot3_fake_node[0m
[2.874s] [ 50%] [32mBuilding CXX object CMakeFiles/turtlebot3_fake_node.dir/src/turtlebot3_fake_node.cpp.o[0m
[10.342s] [100%] [32m[1mLinking CXX executable turtlebot3_fake_node[0m
[10.708s] [100%] Built target turtlebot3_fake_node
[10.729s] Invoked command in '/home/shh/ssafy_gazeboy/ssafy_ws/build/turtlebot3_fake_node' returned '0': AMENT_PREFIX_PATH=/home/shh/ssafy_gazeboy/ssafy_ws/install/turtlebot3_msgs:${AMENT_PREFIX_PATH} CMAKE_PREFIX_PATH=/home/shh/ssafy_gazeboy/ssafy_ws/install/turtlebot3_msgs:/opt/ros/foxy LD_LIBRARY_PATH=/home/shh/ssafy_gazeboy/ssafy_ws/install/turtlebot3_msgs/lib:${LD_LIBRARY_PATH} PYTHONPATH=/home/shh/ssafy_gazeboy/ssafy_ws/install/turtlebot3_msgs/lib/python3.8/site-packages:${PYTHONPATH} /usr/bin/cmake --build /home/shh/ssafy_gazeboy/ssafy_ws/build/turtlebot3_fake_node -- -j16 -l16
[10.791s] Invoking command in '/home/shh/ssafy_gazeboy/ssafy_ws/build/turtlebot3_fake_node': AMENT_PREFIX_PATH=/home/shh/ssafy_gazeboy/ssafy_ws/install/turtlebot3_msgs:${AMENT_PREFIX_PATH} CMAKE_PREFIX_PATH=/home/shh/ssafy_gazeboy/ssafy_ws/install/turtlebot3_msgs:/opt/ros/foxy LD_LIBRARY_PATH=/home/shh/ssafy_gazeboy/ssafy_ws/install/turtlebot3_msgs/lib:${LD_LIBRARY_PATH} PYTHONPATH=/home/shh/ssafy_gazeboy/ssafy_ws/install/turtlebot3_msgs/lib/python3.8/site-packages:${PYTHONPATH} /usr/bin/cmake --install /home/shh/ssafy_gazeboy/ssafy_ws/build/turtlebot3_fake_node
[10.807s] -- Install configuration: ""
[10.807s] -- Execute custom install script
[10.807s] -- Symlinking: /home/shh/ssafy_gazeboy/ssafy_ws/install/turtlebot3_fake_node/lib/turtlebot3_fake_node/turtlebot3_fake_node
[10.827s] -- Symlinking: /home/shh/ssafy_gazeboy/ssafy_ws/install/turtlebot3_fake_node/share/turtlebot3_fake_node/launch/rviz2.launch.py
[10.838s] -- Symlinking: /home/shh/ssafy_gazeboy/ssafy_ws/install/turtlebot3_fake_node/share/turtlebot3_fake_node/launch/turtlebot3_fake_node.launch.py
[10.854s] -- Symlinking: /home/shh/ssafy_gazeboy/ssafy_ws/install/turtlebot3_fake_node/share/turtlebot3_fake_node/param/burger.yaml
[10.868s] -- Symlinking: /home/shh/ssafy_gazeboy/ssafy_ws/install/turtlebot3_fake_node/share/turtlebot3_fake_node/param/waffle.yaml
[10.878s] -- Symlinking: /home/shh/ssafy_gazeboy/ssafy_ws/install/turtlebot3_fake_node/share/turtlebot3_fake_node/param/waffle_pi.yaml
[10.895s] -- Symlinking: /home/shh/ssafy_gazeboy/ssafy_ws/install/turtlebot3_fake_node/share/turtlebot3_fake_node/rviz/model.rviz
[10.913s] -- Symlinking: /home/shh/ssafy_gazeboy/ssafy_ws/install/turtlebot3_fake_node/include//turtlebot3_fake_node/turtlebot3_fake_node.hpp
[10.925s] -- Symlinking: /home/shh/ssafy_gazeboy/ssafy_ws/install/turtlebot3_fake_node/share/ament_index/resource_index/package_run_dependencies/turtlebot3_fake_node
[10.934s] -- Symlinking: /home/shh/ssafy_gazeboy/ssafy_ws/install/turtlebot3_fake_node/share/ament_index/resource_index/parent_prefix_path/turtlebot3_fake_node
[10.951s] -- Symlinking: /home/shh/ssafy_gazeboy/ssafy_ws/install/turtlebot3_fake_node/share/turtlebot3_fake_node/environment/ament_prefix_path.sh
[10.971s] -- Symlinking: /home/shh/ssafy_gazeboy/ssafy_ws/install/turtlebot3_fake_node/share/turtlebot3_fake_node/environment/ament_prefix_path.dsv
[10.987s] -- Symlinking: /home/shh/ssafy_gazeboy/ssafy_ws/install/turtlebot3_fake_node/share/turtlebot3_fake_node/environment/path.sh
[11.003s] -- Symlinking: /home/shh/ssafy_gazeboy/ssafy_ws/install/turtlebot3_fake_node/share/turtlebot3_fake_node/environment/path.dsv
[11.014s] -- Symlinking: /home/shh/ssafy_gazeboy/ssafy_ws/install/turtlebot3_fake_node/share/turtlebot3_fake_node/local_setup.bash
[11.024s] -- Symlinking: /home/shh/ssafy_gazeboy/ssafy_ws/install/turtlebot3_fake_node/share/turtlebot3_fake_node/local_setup.sh
[11.033s] -- Symlinking: /home/shh/ssafy_gazeboy/ssafy_ws/install/turtlebot3_fake_node/share/turtlebot3_fake_node/local_setup.zsh
[11.043s] -- Symlinking: /home/shh/ssafy_gazeboy/ssafy_ws/install/turtlebot3_fake_node/share/turtlebot3_fake_node/local_setup.dsv
[11.053s] -- Symlinking: /home/shh/ssafy_gazeboy/ssafy_ws/install/turtlebot3_fake_node/share/turtlebot3_fake_node/package.dsv
[11.070s] -- Symlinking: /home/shh/ssafy_gazeboy/ssafy_ws/install/turtlebot3_fake_node/share/ament_index/resource_index/packages/turtlebot3_fake_node
[11.086s] -- Symlinking: /home/shh/ssafy_gazeboy/ssafy_ws/install/turtlebot3_fake_node/share/turtlebot3_fake_node/cmake/ament_cmake_export_include_directories-extras.cmake
[11.097s] -- Symlinking: /home/shh/ssafy_gazeboy/ssafy_ws/install/turtlebot3_fake_node/share/turtlebot3_fake_node/cmake/ament_cmake_export_dependencies-extras.cmake
[11.117s] -- Symlinking: /home/shh/ssafy_gazeboy/ssafy_ws/install/turtlebot3_fake_node/share/turtlebot3_fake_node/cmake/turtlebot3_fake_nodeConfig.cmake
[11.128s] -- Symlinking: /home/shh/ssafy_gazeboy/ssafy_ws/install/turtlebot3_fake_node/share/turtlebot3_fake_node/cmake/turtlebot3_fake_nodeConfig-version.cmake
[11.138s] -- Symlinking: /home/shh/ssafy_gazeboy/ssafy_ws/install/turtlebot3_fake_node/share/turtlebot3_fake_node/package.xml
[11.170s] Invoked command in '/home/shh/ssafy_gazeboy/ssafy_ws/build/turtlebot3_fake_node' returned '0': AMENT_PREFIX_PATH=/home/shh/ssafy_gazeboy/ssafy_ws/install/turtlebot3_msgs:${AMENT_PREFIX_PATH} CMAKE_PREFIX_PATH=/home/shh/ssafy_gazeboy/ssafy_ws/install/turtlebot3_msgs:/opt/ros/foxy LD_LIBRARY_PATH=/home/shh/ssafy_gazeboy/ssafy_ws/install/turtlebot3_msgs/lib:${LD_LIBRARY_PATH} PYTHONPATH=/home/shh/ssafy_gazeboy/ssafy_ws/install/turtlebot3_msgs/lib/python3.8/site-packages:${PYTHONPATH} /usr/bin/cmake --install /home/shh/ssafy_gazeboy/ssafy_ws/build/turtlebot3_fake_node
