[0.435s] DEBUG:colcon:Command line arguments: ['/home/shh/.local/bin/colcon', 'build', '--symlink-install']
[0.435s] DEBUG:colcon:Parsed command line arguments: Namespace(allow_overriding=[], ament_cmake_args=None, base_paths=['.'], build_base='build', catkin_cmake_args=None, catkin_skip_building_tests=False, cmake_args=None, cmake_clean_cache=False, cmake_clean_first=False, cmake_force_configure=False, cmake_target=None, cmake_target_skip_unavailable=False, continue_on_error=False, event_handlers=None, executor='parallel', ignore_user_meta=False, install_base='install', log_base=None, log_level=None, main=<bound method BuildVerb.main of <colcon_core.verb.build.BuildVerb object at 0x7f481b798310>>, merge_install=False, metas=['./colcon.meta'], packages_above=None, packages_above_and_dependencies=None, packages_above_depth=None, packages_end=None, packages_ignore=None, packages_ignore_regex=None, packages_select=None, packages_select_build_failed=False, packages_select_by_dep=None, packages_select_regex=None, packages_select_test_failures=False, packages_skip=None, packages_skip_build_finished=False, packages_skip_by_dep=None, packages_skip_regex=None, packages_skip_test_passed=False, packages_skip_up_to=None, packages_start=None, packages_up_to=None, packages_up_to_regex=None, parallel_workers=16, paths=None, symlink_install=True, test_result_base=None, verb_extension=<colcon_core.verb.build.BuildVerb object at 0x7f481b798310>, verb_name='build', verb_parser=<colcon_defaults.argument_parser.defaults.DefaultArgumentsDecorator object at 0x7f481b798850>)
[0.460s] Level 1:colcon.colcon_core.package_discovery:discover_packages(colcon_meta) check parameters
[0.460s] Level 1:colcon.colcon_core.package_discovery:discover_packages(recursive) check parameters
[0.460s] Level 1:colcon.colcon_core.package_discovery:discover_packages(ignore) check parameters
[0.460s] Level 1:colcon.colcon_core.package_discovery:discover_packages(path) check parameters
[0.460s] Level 1:colcon.colcon_core.package_discovery:discover_packages(colcon_meta) discover
[0.460s] Level 1:colcon.colcon_core.package_discovery:discover_packages(recursive) discover
[0.460s] INFO:colcon.colcon_core.package_discovery:Crawling recursively for packages in '/home/shh/ssafy_ws'
[0.460s] Level 1:colcon.colcon_core.package_identification:_identify(.) by extensions ['ignore', 'ignore_ament_install']
[0.460s] Level 1:colcon.colcon_core.package_identification:_identify(.) by extension 'ignore'
[0.460s] Level 1:colcon.colcon_core.package_identification:_identify(.) by extension 'ignore_ament_install'
[0.460s] Level 1:colcon.colcon_core.package_identification:_identify(.) by extensions ['colcon_pkg']
[0.460s] Level 1:colcon.colcon_core.package_identification:_identify(.) by extension 'colcon_pkg'
[0.460s] Level 1:colcon.colcon_core.package_identification:_identify(.) by extensions ['colcon_meta']
[0.460s] Level 1:colcon.colcon_core.package_identification:_identify(.) by extension 'colcon_meta'
[0.460s] Level 1:colcon.colcon_core.package_identification:_identify(.) by extensions ['ros']
[0.460s] Level 1:colcon.colcon_core.package_identification:_identify(.) by extension 'ros'
[0.469s] Level 1:colcon.colcon_core.package_identification:_identify(.) by extensions ['cmake', 'python']
[0.469s] Level 1:colcon.colcon_core.package_identification:_identify(.) by extension 'cmake'
[0.469s] Level 1:colcon.colcon_core.package_identification:_identify(.) by extension 'python'
[0.469s] Level 1:colcon.colcon_core.package_identification:_identify(.) by extensions ['python_setup_py']
[0.469s] Level 1:colcon.colcon_core.package_identification:_identify(.) by extension 'python_setup_py'
[0.469s] Level 1:colcon.colcon_core.package_identification:_identify(build) by extensions ['ignore', 'ignore_ament_install']
[0.470s] Level 1:colcon.colcon_core.package_identification:_identify(build) by extension 'ignore'
[0.470s] Level 1:colcon.colcon_core.package_identification:_identify(build) ignored
[0.470s] Level 1:colcon.colcon_core.package_identification:_identify(install) by extensions ['ignore', 'ignore_ament_install']
[0.470s] Level 1:colcon.colcon_core.package_identification:_identify(install) by extension 'ignore'
[0.470s] Level 1:colcon.colcon_core.package_identification:_identify(install) ignored
[0.470s] Level 1:colcon.colcon_core.package_identification:_identify(log) by extensions ['ignore', 'ignore_ament_install']
[0.470s] Level 1:colcon.colcon_core.package_identification:_identify(log) by extension 'ignore'
[0.470s] Level 1:colcon.colcon_core.package_identification:_identify(log) ignored
[0.470s] Level 1:colcon.colcon_core.package_identification:_identify(src) by extensions ['ignore', 'ignore_ament_install']
[0.470s] Level 1:colcon.colcon_core.package_identification:_identify(src) by extension 'ignore'
[0.470s] Level 1:colcon.colcon_core.package_identification:_identify(src) by extension 'ignore_ament_install'
[0.470s] Level 1:colcon.colcon_core.package_identification:_identify(src) by extensions ['colcon_pkg']
[0.470s] Level 1:colcon.colcon_core.package_identification:_identify(src) by extension 'colcon_pkg'
[0.470s] Level 1:colcon.colcon_core.package_identification:_identify(src) by extensions ['colcon_meta']
[0.470s] Level 1:colcon.colcon_core.package_identification:_identify(src) by extension 'colcon_meta'
[0.470s] Level 1:colcon.colcon_core.package_identification:_identify(src) by extensions ['ros']
[0.470s] Level 1:colcon.colcon_core.package_identification:_identify(src) by extension 'ros'
[0.470s] Level 1:colcon.colcon_core.package_identification:_identify(src) by extensions ['cmake', 'python']
[0.470s] Level 1:colcon.colcon_core.package_identification:_identify(src) by extension 'cmake'
[0.470s] Level 1:colcon.colcon_core.package_identification:_identify(src) by extension 'python'
[0.470s] Level 1:colcon.colcon_core.package_identification:_identify(src) by extensions ['python_setup_py']
[0.470s] Level 1:colcon.colcon_core.package_identification:_identify(src) by extension 'python_setup_py'
[0.471s] Level 1:colcon.colcon_core.package_identification:_identify(src/250114) by extensions ['ignore', 'ignore_ament_install']
[0.471s] Level 1:colcon.colcon_core.package_identification:_identify(src/250114) by extension 'ignore'
[0.471s] Level 1:colcon.colcon_core.package_identification:_identify(src/250114) by extension 'ignore_ament_install'
[0.471s] Level 1:colcon.colcon_core.package_identification:_identify(src/250114) by extensions ['colcon_pkg']
[0.471s] Level 1:colcon.colcon_core.package_identification:_identify(src/250114) by extension 'colcon_pkg'
[0.471s] Level 1:colcon.colcon_core.package_identification:_identify(src/250114) by extensions ['colcon_meta']
[0.471s] Level 1:colcon.colcon_core.package_identification:_identify(src/250114) by extension 'colcon_meta'
[0.471s] Level 1:colcon.colcon_core.package_identification:_identify(src/250114) by extensions ['ros']
[0.471s] Level 1:colcon.colcon_core.package_identification:_identify(src/250114) by extension 'ros'
[0.473s] DEBUG:colcon.colcon_core.package_identification:Package 'src/250114' with type 'ros.ament_python' and name '250114'
[0.473s] Level 1:colcon.colcon_core.package_identification:_identify(src/my_python_pkg) by extensions ['ignore', 'ignore_ament_install']
[0.473s] Level 1:colcon.colcon_core.package_identification:_identify(src/my_python_pkg) by extension 'ignore'
[0.473s] Level 1:colcon.colcon_core.package_identification:_identify(src/my_python_pkg) by extension 'ignore_ament_install'
[0.473s] Level 1:colcon.colcon_core.package_identification:_identify(src/my_python_pkg) by extensions ['colcon_pkg']
[0.473s] Level 1:colcon.colcon_core.package_identification:_identify(src/my_python_pkg) by extension 'colcon_pkg'
[0.473s] Level 1:colcon.colcon_core.package_identification:_identify(src/my_python_pkg) by extensions ['colcon_meta']
[0.473s] Level 1:colcon.colcon_core.package_identification:_identify(src/my_python_pkg) by extension 'colcon_meta'
[0.473s] Level 1:colcon.colcon_core.package_identification:_identify(src/my_python_pkg) by extensions ['ros']
[0.473s] Level 1:colcon.colcon_core.package_identification:_identify(src/my_python_pkg) by extension 'ros'
[0.474s] DEBUG:colcon.colcon_core.package_identification:Package 'src/my_python_pkg' with type 'ros.ament_python' and name 'my_python_pkg'
[0.474s] Level 1:colcon.colcon_core.package_identification:_identify(src/simple_car_tf) by extensions ['ignore', 'ignore_ament_install']
[0.474s] Level 1:colcon.colcon_core.package_identification:_identify(src/simple_car_tf) by extension 'ignore'
[0.474s] Level 1:colcon.colcon_core.package_identification:_identify(src/simple_car_tf) by extension 'ignore_ament_install'
[0.474s] Level 1:colcon.colcon_core.package_identification:_identify(src/simple_car_tf) by extensions ['colcon_pkg']
[0.474s] Level 1:colcon.colcon_core.package_identification:_identify(src/simple_car_tf) by extension 'colcon_pkg'
[0.474s] Level 1:colcon.colcon_core.package_identification:_identify(src/simple_car_tf) by extensions ['colcon_meta']
[0.474s] Level 1:colcon.colcon_core.package_identification:_identify(src/simple_car_tf) by extension 'colcon_meta'
[0.474s] Level 1:colcon.colcon_core.package_identification:_identify(src/simple_car_tf) by extensions ['ros']
[0.474s] Level 1:colcon.colcon_core.package_identification:_identify(src/simple_car_tf) by extension 'ros'
[0.474s] DEBUG:colcon.colcon_core.package_identification:Package 'src/simple_car_tf' with type 'ros.ament_python' and name 'simple_car_tf'
[0.474s] Level 1:colcon.colcon_core.package_identification:_identify(src/simple_publisher) by extensions ['ignore', 'ignore_ament_install']
[0.475s] Level 1:colcon.colcon_core.package_identification:_identify(src/simple_publisher) by extension 'ignore'
[0.475s] Level 1:colcon.colcon_core.package_identification:_identify(src/simple_publisher) by extension 'ignore_ament_install'
[0.475s] Level 1:colcon.colcon_core.package_identification:_identify(src/simple_publisher) by extensions ['colcon_pkg']
[0.475s] Level 1:colcon.colcon_core.package_identification:_identify(src/simple_publisher) by extension 'colcon_pkg'
[0.475s] Level 1:colcon.colcon_core.package_identification:_identify(src/simple_publisher) by extensions ['colcon_meta']
[0.475s] Level 1:colcon.colcon_core.package_identification:_identify(src/simple_publisher) by extension 'colcon_meta'
[0.475s] Level 1:colcon.colcon_core.package_identification:_identify(src/simple_publisher) by extensions ['ros']
[0.475s] Level 1:colcon.colcon_core.package_identification:_identify(src/simple_publisher) by extension 'ros'
[0.475s] DEBUG:colcon.colcon_core.package_identification:Package 'src/simple_publisher' with type 'ros.ament_python' and name 'simple_publisher'
[0.475s] Level 1:colcon.colcon_core.package_identification:_identify(src/simple_subscriber) by extensions ['ignore', 'ignore_ament_install']
[0.475s] Level 1:colcon.colcon_core.package_identification:_identify(src/simple_subscriber) by extension 'ignore'
[0.475s] Level 1:colcon.colcon_core.package_identification:_identify(src/simple_subscriber) by extension 'ignore_ament_install'
[0.475s] Level 1:colcon.colcon_core.package_identification:_identify(src/simple_subscriber) by extensions ['colcon_pkg']
[0.475s] Level 1:colcon.colcon_core.package_identification:_identify(src/simple_subscriber) by extension 'colcon_pkg'
[0.475s] Level 1:colcon.colcon_core.package_identification:_identify(src/simple_subscriber) by extensions ['colcon_meta']
[0.475s] Level 1:colcon.colcon_core.package_identification:_identify(src/simple_subscriber) by extension 'colcon_meta'
[0.476s] Level 1:colcon.colcon_core.package_identification:_identify(src/simple_subscriber) by extensions ['ros']
[0.476s] Level 1:colcon.colcon_core.package_identification:_identify(src/simple_subscriber) by extension 'ros'
[0.476s] DEBUG:colcon.colcon_core.package_identification:Package 'src/simple_subscriber' with type 'ros.ament_python' and name 'simple_subscriber'
[0.476s] Level 1:colcon.colcon_core.package_identification:_identify(src/ssafy_publisher_subscriber) by extensions ['ignore', 'ignore_ament_install']
[0.476s] Level 1:colcon.colcon_core.package_identification:_identify(src/ssafy_publisher_subscriber) by extension 'ignore'
[0.476s] Level 1:colcon.colcon_core.package_identification:_identify(src/ssafy_publisher_subscriber) by extension 'ignore_ament_install'
[0.476s] Level 1:colcon.colcon_core.package_identification:_identify(src/ssafy_publisher_subscriber) by extensions ['colcon_pkg']
[0.476s] Level 1:colcon.colcon_core.package_identification:_identify(src/ssafy_publisher_subscriber) by extension 'colcon_pkg'
[0.476s] Level 1:colcon.colcon_core.package_identification:_identify(src/ssafy_publisher_subscriber) by extensions ['colcon_meta']
[0.476s] Level 1:colcon.colcon_core.package_identification:_identify(src/ssafy_publisher_subscriber) by extension 'colcon_meta'
[0.476s] Level 1:colcon.colcon_core.package_identification:_identify(src/ssafy_publisher_subscriber) by extensions ['ros']
[0.476s] Level 1:colcon.colcon_core.package_identification:_identify(src/ssafy_publisher_subscriber) by extension 'ros'
[0.477s] DEBUG:colcon.colcon_core.package_identification:Package 'src/ssafy_publisher_subscriber' with type 'ros.ament_cmake' and name 'ssafy_publisher_subscriber'
[0.477s] Level 1:colcon.colcon_core.package_identification:_identify(src/tf_broadcaster) by extensions ['ignore', 'ignore_ament_install']
[0.477s] Level 1:colcon.colcon_core.package_identification:_identify(src/tf_broadcaster) by extension 'ignore'
[0.477s] Level 1:colcon.colcon_core.package_identification:_identify(src/tf_broadcaster) by extension 'ignore_ament_install'
[0.477s] Level 1:colcon.colcon_core.package_identification:_identify(src/tf_broadcaster) by extensions ['colcon_pkg']
[0.477s] Level 1:colcon.colcon_core.package_identification:_identify(src/tf_broadcaster) by extension 'colcon_pkg'
[0.477s] Level 1:colcon.colcon_core.package_identification:_identify(src/tf_broadcaster) by extensions ['colcon_meta']
[0.477s] Level 1:colcon.colcon_core.package_identification:_identify(src/tf_broadcaster) by extension 'colcon_meta'
[0.477s] Level 1:colcon.colcon_core.package_identification:_identify(src/tf_broadcaster) by extensions ['ros']
[0.477s] Level 1:colcon.colcon_core.package_identification:_identify(src/tf_broadcaster) by extension 'ros'
[0.477s] DEBUG:colcon.colcon_core.package_identification:Package 'src/tf_broadcaster' with type 'ros.ament_python' and name 'tf_broadcaster'
[0.477s] Level 1:colcon.colcon_core.package_identification:_identify(src/turtle_controller) by extensions ['ignore', 'ignore_ament_install']
[0.478s] Level 1:colcon.colcon_core.package_identification:_identify(src/turtle_controller) by extension 'ignore'
[0.478s] Level 1:colcon.colcon_core.package_identification:_identify(src/turtle_controller) by extension 'ignore_ament_install'
[0.478s] Level 1:colcon.colcon_core.package_identification:_identify(src/turtle_controller) by extensions ['colcon_pkg']
[0.478s] Level 1:colcon.colcon_core.package_identification:_identify(src/turtle_controller) by extension 'colcon_pkg'
[0.478s] Level 1:colcon.colcon_core.package_identification:_identify(src/turtle_controller) by extensions ['colcon_meta']
[0.478s] Level 1:colcon.colcon_core.package_identification:_identify(src/turtle_controller) by extension 'colcon_meta'
[0.478s] Level 1:colcon.colcon_core.package_identification:_identify(src/turtle_controller) by extensions ['ros']
[0.478s] Level 1:colcon.colcon_core.package_identification:_identify(src/turtle_controller) by extension 'ros'
[0.478s] DEBUG:colcon.colcon_core.package_identification:Package 'src/turtle_controller' with type 'ros.ament_python' and name 'turtle_controller'
[0.478s] Level 1:colcon.colcon_core.package_identification:_identify(src/turtle_spawner) by extensions ['ignore', 'ignore_ament_install']
[0.478s] Level 1:colcon.colcon_core.package_identification:_identify(src/turtle_spawner) by extension 'ignore'
[0.478s] Level 1:colcon.colcon_core.package_identification:_identify(src/turtle_spawner) by extension 'ignore_ament_install'
[0.478s] Level 1:colcon.colcon_core.package_identification:_identify(src/turtle_spawner) by extensions ['colcon_pkg']
[0.478s] Level 1:colcon.colcon_core.package_identification:_identify(src/turtle_spawner) by extension 'colcon_pkg'
[0.478s] Level 1:colcon.colcon_core.package_identification:_identify(src/turtle_spawner) by extensions ['colcon_meta']
[0.478s] Level 1:colcon.colcon_core.package_identification:_identify(src/turtle_spawner) by extension 'colcon_meta'
[0.478s] Level 1:colcon.colcon_core.package_identification:_identify(src/turtle_spawner) by extensions ['ros']
[0.478s] Level 1:colcon.colcon_core.package_identification:_identify(src/turtle_spawner) by extension 'ros'
[0.479s] DEBUG:colcon.colcon_core.package_identification:Package 'src/turtle_spawner' with type 'ros.ament_python' and name 'turtle_spawner'
[0.479s] Level 1:colcon.colcon_core.package_identification:_identify(src/yolo_pkg) by extensions ['ignore', 'ignore_ament_install']
[0.479s] Level 1:colcon.colcon_core.package_identification:_identify(src/yolo_pkg) by extension 'ignore'
[0.479s] Level 1:colcon.colcon_core.package_identification:_identify(src/yolo_pkg) by extension 'ignore_ament_install'
[0.479s] Level 1:colcon.colcon_core.package_identification:_identify(src/yolo_pkg) by extensions ['colcon_pkg']
[0.479s] Level 1:colcon.colcon_core.package_identification:_identify(src/yolo_pkg) by extension 'colcon_pkg'
[0.479s] Level 1:colcon.colcon_core.package_identification:_identify(src/yolo_pkg) by extensions ['colcon_meta']
[0.479s] Level 1:colcon.colcon_core.package_identification:_identify(src/yolo_pkg) by extension 'colcon_meta'
[0.479s] Level 1:colcon.colcon_core.package_identification:_identify(src/yolo_pkg) by extensions ['ros']
[0.479s] Level 1:colcon.colcon_core.package_identification:_identify(src/yolo_pkg) by extension 'ros'
[0.480s] DEBUG:colcon.colcon_core.package_identification:Package 'src/yolo_pkg' with type 'ros.ament_python' and name 'yolo_pkg'
[0.480s] Level 1:colcon.colcon_core.package_discovery:discover_packages(recursive) using defaults
[0.480s] Level 1:colcon.colcon_core.package_discovery:discover_packages(ignore) discover
[0.480s] Level 1:colcon.colcon_core.package_discovery:discover_packages(ignore) using defaults
[0.480s] Level 1:colcon.colcon_core.package_discovery:discover_packages(path) discover
[0.480s] Level 1:colcon.colcon_core.package_discovery:discover_packages(path) using defaults
[0.507s] Level 1:colcon.colcon_core.package_discovery:discover_packages(prefix_path) check parameters
[0.507s] Level 1:colcon.colcon_core.package_discovery:discover_packages(prefix_path) discover
[0.515s] DEBUG:colcon.colcon_installed_package_information.package_discovery:Found 365 installed packages in /opt/ros/foxy
[0.518s] Level 1:colcon.colcon_core.package_discovery:discover_packages(prefix_path) using defaults
[0.579s] Level 5:colcon.colcon_core.verb:set package '250114' build argument 'cmake_args' from command line to 'None'
[0.579s] Level 5:colcon.colcon_core.verb:set package '250114' build argument 'cmake_target' from command line to 'None'
[0.579s] Level 5:colcon.colcon_core.verb:set package '250114' build argument 'cmake_target_skip_unavailable' from command line to 'False'
[0.579s] Level 5:colcon.colcon_core.verb:set package '250114' build argument 'cmake_clean_cache' from command line to 'False'
[0.579s] Level 5:colcon.colcon_core.verb:set package '250114' build argument 'cmake_clean_first' from command line to 'False'
[0.579s] Level 5:colcon.colcon_core.verb:set package '250114' build argument 'cmake_force_configure' from command line to 'False'
[0.579s] Level 5:colcon.colcon_core.verb:set package '250114' build argument 'ament_cmake_args' from command line to 'None'
[0.579s] Level 5:colcon.colcon_core.verb:set package '250114' build argument 'catkin_cmake_args' from command line to 'None'
[0.579s] Level 5:colcon.colcon_core.verb:set package '250114' build argument 'catkin_skip_building_tests' from command line to 'False'
[0.579s] DEBUG:colcon.colcon_core.verb:Building package '250114' with the following arguments: {'ament_cmake_args': None, 'build_base': '/home/shh/ssafy_ws/build/250114', 'catkin_cmake_args': None, 'catkin_skip_building_tests': False, 'cmake_args': None, 'cmake_clean_cache': False, 'cmake_clean_first': False, 'cmake_force_configure': False, 'cmake_target': None, 'cmake_target_skip_unavailable': False, 'install_base': '/home/shh/ssafy_ws/install/250114', 'merge_install': False, 'path': '/home/shh/ssafy_ws/src/250114', 'symlink_install': True, 'test_result_base': None}
[0.585s] Level 5:colcon.colcon_core.verb:set package 'my_python_pkg' build argument 'cmake_args' from command line to 'None'
[0.585s] Level 5:colcon.colcon_core.verb:set package 'my_python_pkg' build argument 'cmake_target' from command line to 'None'
[0.585s] Level 5:colcon.colcon_core.verb:set package 'my_python_pkg' build argument 'cmake_target_skip_unavailable' from command line to 'False'
[0.585s] Level 5:colcon.colcon_core.verb:set package 'my_python_pkg' build argument 'cmake_clean_cache' from command line to 'False'
[0.585s] Level 5:colcon.colcon_core.verb:set package 'my_python_pkg' build argument 'cmake_clean_first' from command line to 'False'
[0.585s] Level 5:colcon.colcon_core.verb:set package 'my_python_pkg' build argument 'cmake_force_configure' from command line to 'False'
[0.585s] Level 5:colcon.colcon_core.verb:set package 'my_python_pkg' build argument 'ament_cmake_args' from command line to 'None'
[0.585s] Level 5:colcon.colcon_core.verb:set package 'my_python_pkg' build argument 'catkin_cmake_args' from command line to 'None'
[0.585s] Level 5:colcon.colcon_core.verb:set package 'my_python_pkg' build argument 'catkin_skip_building_tests' from command line to 'False'
[0.585s] DEBUG:colcon.colcon_core.verb:Building package 'my_python_pkg' with the following arguments: {'ament_cmake_args': None, 'build_base': '/home/shh/ssafy_ws/build/my_python_pkg', 'catkin_cmake_args': None, 'catkin_skip_building_tests': False, 'cmake_args': None, 'cmake_clean_cache': False, 'cmake_clean_first': False, 'cmake_force_configure': False, 'cmake_target': None, 'cmake_target_skip_unavailable': False, 'install_base': '/home/shh/ssafy_ws/install/my_python_pkg', 'merge_install': False, 'path': '/home/shh/ssafy_ws/src/my_python_pkg', 'symlink_install': True, 'test_result_base': None}
[0.591s] Level 5:colcon.colcon_core.verb:set package 'simple_car_tf' build argument 'cmake_args' from command line to 'None'
[0.591s] Level 5:colcon.colcon_core.verb:set package 'simple_car_tf' build argument 'cmake_target' from command line to 'None'
[0.591s] Level 5:colcon.colcon_core.verb:set package 'simple_car_tf' build argument 'cmake_target_skip_unavailable' from command line to 'False'
[0.591s] Level 5:colcon.colcon_core.verb:set package 'simple_car_tf' build argument 'cmake_clean_cache' from command line to 'False'
[0.591s] Level 5:colcon.colcon_core.verb:set package 'simple_car_tf' build argument 'cmake_clean_first' from command line to 'False'
[0.591s] Level 5:colcon.colcon_core.verb:set package 'simple_car_tf' build argument 'cmake_force_configure' from command line to 'False'
[0.591s] Level 5:colcon.colcon_core.verb:set package 'simple_car_tf' build argument 'ament_cmake_args' from command line to 'None'
[0.591s] Level 5:colcon.colcon_core.verb:set package 'simple_car_tf' build argument 'catkin_cmake_args' from command line to 'None'
[0.591s] Level 5:colcon.colcon_core.verb:set package 'simple_car_tf' build argument 'catkin_skip_building_tests' from command line to 'False'
[0.591s] DEBUG:colcon.colcon_core.verb:Building package 'simple_car_tf' with the following arguments: {'ament_cmake_args': None, 'build_base': '/home/shh/ssafy_ws/build/simple_car_tf', 'catkin_cmake_args': None, 'catkin_skip_building_tests': False, 'cmake_args': None, 'cmake_clean_cache': False, 'cmake_clean_first': False, 'cmake_force_configure': False, 'cmake_target': None, 'cmake_target_skip_unavailable': False, 'install_base': '/home/shh/ssafy_ws/install/simple_car_tf', 'merge_install': False, 'path': '/home/shh/ssafy_ws/src/simple_car_tf', 'symlink_install': True, 'test_result_base': None}
[0.597s] Level 5:colcon.colcon_core.verb:set package 'simple_publisher' build argument 'cmake_args' from command line to 'None'
[0.597s] Level 5:colcon.colcon_core.verb:set package 'simple_publisher' build argument 'cmake_target' from command line to 'None'
[0.597s] Level 5:colcon.colcon_core.verb:set package 'simple_publisher' build argument 'cmake_target_skip_unavailable' from command line to 'False'
[0.597s] Level 5:colcon.colcon_core.verb:set package 'simple_publisher' build argument 'cmake_clean_cache' from command line to 'False'
[0.597s] Level 5:colcon.colcon_core.verb:set package 'simple_publisher' build argument 'cmake_clean_first' from command line to 'False'
[0.597s] Level 5:colcon.colcon_core.verb:set package 'simple_publisher' build argument 'cmake_force_configure' from command line to 'False'
[0.597s] Level 5:colcon.colcon_core.verb:set package 'simple_publisher' build argument 'ament_cmake_args' from command line to 'None'
[0.597s] Level 5:colcon.colcon_core.verb:set package 'simple_publisher' build argument 'catkin_cmake_args' from command line to 'None'
[0.597s] Level 5:colcon.colcon_core.verb:set package 'simple_publisher' build argument 'catkin_skip_building_tests' from command line to 'False'
[0.597s] DEBUG:colcon.colcon_core.verb:Building package 'simple_publisher' with the following arguments: {'ament_cmake_args': None, 'build_base': '/home/shh/ssafy_ws/build/simple_publisher', 'catkin_cmake_args': None, 'catkin_skip_building_tests': False, 'cmake_args': None, 'cmake_clean_cache': False, 'cmake_clean_first': False, 'cmake_force_configure': False, 'cmake_target': None, 'cmake_target_skip_unavailable': False, 'install_base': '/home/shh/ssafy_ws/install/simple_publisher', 'merge_install': False, 'path': '/home/shh/ssafy_ws/src/simple_publisher', 'symlink_install': True, 'test_result_base': None}
[0.603s] Level 5:colcon.colcon_core.verb:set package 'simple_subscriber' build argument 'cmake_args' from command line to 'None'
[0.603s] Level 5:colcon.colcon_core.verb:set package 'simple_subscriber' build argument 'cmake_target' from command line to 'None'
[0.603s] Level 5:colcon.colcon_core.verb:set package 'simple_subscriber' build argument 'cmake_target_skip_unavailable' from command line to 'False'
[0.603s] Level 5:colcon.colcon_core.verb:set package 'simple_subscriber' build argument 'cmake_clean_cache' from command line to 'False'
[0.603s] Level 5:colcon.colcon_core.verb:set package 'simple_subscriber' build argument 'cmake_clean_first' from command line to 'False'
[0.603s] Level 5:colcon.colcon_core.verb:set package 'simple_subscriber' build argument 'cmake_force_configure' from command line to 'False'
[0.603s] Level 5:colcon.colcon_core.verb:set package 'simple_subscriber' build argument 'ament_cmake_args' from command line to 'None'
[0.603s] Level 5:colcon.colcon_core.verb:set package 'simple_subscriber' build argument 'catkin_cmake_args' from command line to 'None'
[0.603s] Level 5:colcon.colcon_core.verb:set package 'simple_subscriber' build argument 'catkin_skip_building_tests' from command line to 'False'
[0.603s] DEBUG:colcon.colcon_core.verb:Building package 'simple_subscriber' with the following arguments: {'ament_cmake_args': None, 'build_base': '/home/shh/ssafy_ws/build/simple_subscriber', 'catkin_cmake_args': None, 'catkin_skip_building_tests': False, 'cmake_args': None, 'cmake_clean_cache': False, 'cmake_clean_first': False, 'cmake_force_configure': False, 'cmake_target': None, 'cmake_target_skip_unavailable': False, 'install_base': '/home/shh/ssafy_ws/install/simple_subscriber', 'merge_install': False, 'path': '/home/shh/ssafy_ws/src/simple_subscriber', 'symlink_install': True, 'test_result_base': None}
[0.609s] Level 5:colcon.colcon_core.verb:set package 'ssafy_publisher_subscriber' build argument 'cmake_args' from command line to 'None'
[0.609s] Level 5:colcon.colcon_core.verb:set package 'ssafy_publisher_subscriber' build argument 'cmake_target' from command line to 'None'
[0.609s] Level 5:colcon.colcon_core.verb:set package 'ssafy_publisher_subscriber' build argument 'cmake_target_skip_unavailable' from command line to 'False'
[0.609s] Level 5:colcon.colcon_core.verb:set package 'ssafy_publisher_subscriber' build argument 'cmake_clean_cache' from command line to 'False'
[0.609s] Level 5:colcon.colcon_core.verb:set package 'ssafy_publisher_subscriber' build argument 'cmake_clean_first' from command line to 'False'
[0.609s] Level 5:colcon.colcon_core.verb:set package 'ssafy_publisher_subscriber' build argument 'cmake_force_configure' from command line to 'False'
[0.609s] Level 5:colcon.colcon_core.verb:set package 'ssafy_publisher_subscriber' build argument 'ament_cmake_args' from command line to 'None'
[0.609s] Level 5:colcon.colcon_core.verb:set package 'ssafy_publisher_subscriber' build argument 'catkin_cmake_args' from command line to 'None'
[0.609s] Level 5:colcon.colcon_core.verb:set package 'ssafy_publisher_subscriber' build argument 'catkin_skip_building_tests' from command line to 'False'
[0.609s] DEBUG:colcon.colcon_core.verb:Building package 'ssafy_publisher_subscriber' with the following arguments: {'ament_cmake_args': None, 'build_base': '/home/shh/ssafy_ws/build/ssafy_publisher_subscriber', 'catkin_cmake_args': None, 'catkin_skip_building_tests': False, 'cmake_args': None, 'cmake_clean_cache': False, 'cmake_clean_first': False, 'cmake_force_configure': False, 'cmake_target': None, 'cmake_target_skip_unavailable': False, 'install_base': '/home/shh/ssafy_ws/install/ssafy_publisher_subscriber', 'merge_install': False, 'path': '/home/shh/ssafy_ws/src/ssafy_publisher_subscriber', 'symlink_install': True, 'test_result_base': None}
[0.615s] Level 5:colcon.colcon_core.verb:set package 'tf_broadcaster' build argument 'cmake_args' from command line to 'None'
[0.615s] Level 5:colcon.colcon_core.verb:set package 'tf_broadcaster' build argument 'cmake_target' from command line to 'None'
[0.615s] Level 5:colcon.colcon_core.verb:set package 'tf_broadcaster' build argument 'cmake_target_skip_unavailable' from command line to 'False'
[0.615s] Level 5:colcon.colcon_core.verb:set package 'tf_broadcaster' build argument 'cmake_clean_cache' from command line to 'False'
[0.615s] Level 5:colcon.colcon_core.verb:set package 'tf_broadcaster' build argument 'cmake_clean_first' from command line to 'False'
[0.615s] Level 5:colcon.colcon_core.verb:set package 'tf_broadcaster' build argument 'cmake_force_configure' from command line to 'False'
[0.615s] Level 5:colcon.colcon_core.verb:set package 'tf_broadcaster' build argument 'ament_cmake_args' from command line to 'None'
[0.615s] Level 5:colcon.colcon_core.verb:set package 'tf_broadcaster' build argument 'catkin_cmake_args' from command line to 'None'
[0.615s] Level 5:colcon.colcon_core.verb:set package 'tf_broadcaster' build argument 'catkin_skip_building_tests' from command line to 'False'
[0.615s] DEBUG:colcon.colcon_core.verb:Building package 'tf_broadcaster' with the following arguments: {'ament_cmake_args': None, 'build_base': '/home/shh/ssafy_ws/build/tf_broadcaster', 'catkin_cmake_args': None, 'catkin_skip_building_tests': False, 'cmake_args': None, 'cmake_clean_cache': False, 'cmake_clean_first': False, 'cmake_force_configure': False, 'cmake_target': None, 'cmake_target_skip_unavailable': False, 'install_base': '/home/shh/ssafy_ws/install/tf_broadcaster', 'merge_install': False, 'path': '/home/shh/ssafy_ws/src/tf_broadcaster', 'symlink_install': True, 'test_result_base': None}
[0.621s] Level 5:colcon.colcon_core.verb:set package 'turtle_controller' build argument 'cmake_args' from command line to 'None'
[0.621s] Level 5:colcon.colcon_core.verb:set package 'turtle_controller' build argument 'cmake_target' from command line to 'None'
[0.621s] Level 5:colcon.colcon_core.verb:set package 'turtle_controller' build argument 'cmake_target_skip_unavailable' from command line to 'False'
[0.621s] Level 5:colcon.colcon_core.verb:set package 'turtle_controller' build argument 'cmake_clean_cache' from command line to 'False'
[0.621s] Level 5:colcon.colcon_core.verb:set package 'turtle_controller' build argument 'cmake_clean_first' from command line to 'False'
[0.621s] Level 5:colcon.colcon_core.verb:set package 'turtle_controller' build argument 'cmake_force_configure' from command line to 'False'
[0.621s] Level 5:colcon.colcon_core.verb:set package 'turtle_controller' build argument 'ament_cmake_args' from command line to 'None'
[0.621s] Level 5:colcon.colcon_core.verb:set package 'turtle_controller' build argument 'catkin_cmake_args' from command line to 'None'
[0.621s] Level 5:colcon.colcon_core.verb:set package 'turtle_controller' build argument 'catkin_skip_building_tests' from command line to 'False'
[0.621s] DEBUG:colcon.colcon_core.verb:Building package 'turtle_controller' with the following arguments: {'ament_cmake_args': None, 'build_base': '/home/shh/ssafy_ws/build/turtle_controller', 'catkin_cmake_args': None, 'catkin_skip_building_tests': False, 'cmake_args': None, 'cmake_clean_cache': False, 'cmake_clean_first': False, 'cmake_force_configure': False, 'cmake_target': None, 'cmake_target_skip_unavailable': False, 'install_base': '/home/shh/ssafy_ws/install/turtle_controller', 'merge_install': False, 'path': '/home/shh/ssafy_ws/src/turtle_controller', 'symlink_install': True, 'test_result_base': None}
[0.627s] Level 5:colcon.colcon_core.verb:set package 'turtle_spawner' build argument 'cmake_args' from command line to 'None'
[0.627s] Level 5:colcon.colcon_core.verb:set package 'turtle_spawner' build argument 'cmake_target' from command line to 'None'
[0.627s] Level 5:colcon.colcon_core.verb:set package 'turtle_spawner' build argument 'cmake_target_skip_unavailable' from command line to 'False'
[0.627s] Level 5:colcon.colcon_core.verb:set package 'turtle_spawner' build argument 'cmake_clean_cache' from command line to 'False'
[0.627s] Level 5:colcon.colcon_core.verb:set package 'turtle_spawner' build argument 'cmake_clean_first' from command line to 'False'
[0.627s] Level 5:colcon.colcon_core.verb:set package 'turtle_spawner' build argument 'cmake_force_configure' from command line to 'False'
[0.627s] Level 5:colcon.colcon_core.verb:set package 'turtle_spawner' build argument 'ament_cmake_args' from command line to 'None'
[0.627s] Level 5:colcon.colcon_core.verb:set package 'turtle_spawner' build argument 'catkin_cmake_args' from command line to 'None'
[0.627s] Level 5:colcon.colcon_core.verb:set package 'turtle_spawner' build argument 'catkin_skip_building_tests' from command line to 'False'
[0.627s] DEBUG:colcon.colcon_core.verb:Building package 'turtle_spawner' with the following arguments: {'ament_cmake_args': None, 'build_base': '/home/shh/ssafy_ws/build/turtle_spawner', 'catkin_cmake_args': None, 'catkin_skip_building_tests': False, 'cmake_args': None, 'cmake_clean_cache': False, 'cmake_clean_first': False, 'cmake_force_configure': False, 'cmake_target': None, 'cmake_target_skip_unavailable': False, 'install_base': '/home/shh/ssafy_ws/install/turtle_spawner', 'merge_install': False, 'path': '/home/shh/ssafy_ws/src/turtle_spawner', 'symlink_install': True, 'test_result_base': None}
[0.633s] Level 5:colcon.colcon_core.verb:set package 'yolo_pkg' build argument 'cmake_args' from command line to 'None'
[0.633s] Level 5:colcon.colcon_core.verb:set package 'yolo_pkg' build argument 'cmake_target' from command line to 'None'
[0.633s] Level 5:colcon.colcon_core.verb:set package 'yolo_pkg' build argument 'cmake_target_skip_unavailable' from command line to 'False'
[0.633s] Level 5:colcon.colcon_core.verb:set package 'yolo_pkg' build argument 'cmake_clean_cache' from command line to 'False'
[0.633s] Level 5:colcon.colcon_core.verb:set package 'yolo_pkg' build argument 'cmake_clean_first' from command line to 'False'
[0.633s] Level 5:colcon.colcon_core.verb:set package 'yolo_pkg' build argument 'cmake_force_configure' from command line to 'False'
[0.633s] Level 5:colcon.colcon_core.verb:set package 'yolo_pkg' build argument 'ament_cmake_args' from command line to 'None'
[0.633s] Level 5:colcon.colcon_core.verb:set package 'yolo_pkg' build argument 'catkin_cmake_args' from command line to 'None'
[0.633s] Level 5:colcon.colcon_core.verb:set package 'yolo_pkg' build argument 'catkin_skip_building_tests' from command line to 'False'
[0.633s] DEBUG:colcon.colcon_core.verb:Building package 'yolo_pkg' with the following arguments: {'ament_cmake_args': None, 'build_base': '/home/shh/ssafy_ws/build/yolo_pkg', 'catkin_cmake_args': None, 'catkin_skip_building_tests': False, 'cmake_args': None, 'cmake_clean_cache': False, 'cmake_clean_first': False, 'cmake_force_configure': False, 'cmake_target': None, 'cmake_target_skip_unavailable': False, 'install_base': '/home/shh/ssafy_ws/install/yolo_pkg', 'merge_install': False, 'path': '/home/shh/ssafy_ws/src/yolo_pkg', 'symlink_install': True, 'test_result_base': None}
[0.635s] INFO:colcon.colcon_core.executor:Executing jobs using 'parallel' executor
[0.644s] DEBUG:colcon.colcon_parallel_executor.executor.parallel:run_until_complete
[0.645s] INFO:colcon.colcon_ros.task.ament_python.build:Building ROS package in '/home/shh/ssafy_ws/src/250114' with build type 'ament_python'
[0.645s] Level 1:colcon.colcon_core.shell:create_environment_hook('250114', 'ament_prefix_path')
[0.652s] INFO:colcon.colcon_core.plugin_system:Skipping extension 'colcon_core.shell.bat': Not used on non-Windows systems
[0.652s] INFO:colcon.colcon_core.shell:Creating environment hook '/home/shh/ssafy_ws/install/250114/share/250114/hook/ament_prefix_path.ps1'
[0.653s] INFO:colcon.colcon_core.shell:Creating environment descriptor '/home/shh/ssafy_ws/install/250114/share/250114/hook/ament_prefix_path.dsv'
[0.653s] INFO:colcon.colcon_core.shell:Creating environment hook '/home/shh/ssafy_ws/install/250114/share/250114/hook/ament_prefix_path.sh'
[0.657s] INFO:colcon.colcon_core.shell:Skip shell extension 'powershell' for command environment: Not usable outside of PowerShell
[0.657s] DEBUG:colcon.colcon_core.shell:Skip shell extension 'dsv' for command environment
[0.669s] INFO:colcon.colcon_ros.task.ament_python.build:Building ROS package in '/home/shh/ssafy_ws/src/my_python_pkg' with build type 'ament_python'
[0.670s] Level 1:colcon.colcon_core.shell:create_environment_hook('my_python_pkg', 'ament_prefix_path')
[0.674s] INFO:colcon.colcon_core.shell:Creating environment hook '/home/shh/ssafy_ws/install/my_python_pkg/share/my_python_pkg/hook/ament_prefix_path.ps1'
[0.676s] INFO:colcon.colcon_core.shell:Creating environment descriptor '/home/shh/ssafy_ws/install/my_python_pkg/share/my_python_pkg/hook/ament_prefix_path.dsv'
[0.676s] INFO:colcon.colcon_core.shell:Creating environment hook '/home/shh/ssafy_ws/install/my_python_pkg/share/my_python_pkg/hook/ament_prefix_path.sh'
[0.680s] INFO:colcon.colcon_core.shell:Skip shell extension 'powershell' for command environment: Not usable outside of PowerShell
[0.680s] DEBUG:colcon.colcon_core.shell:Skip shell extension 'dsv' for command environment
[0.692s] INFO:colcon.colcon_ros.task.ament_python.build:Building ROS package in '/home/shh/ssafy_ws/src/simple_car_tf' with build type 'ament_python'
[0.692s] Level 1:colcon.colcon_core.shell:create_environment_hook('simple_car_tf', 'ament_prefix_path')
[0.697s] INFO:colcon.colcon_core.shell:Creating environment hook '/home/shh/ssafy_ws/install/simple_car_tf/share/simple_car_tf/hook/ament_prefix_path.ps1'
[0.698s] INFO:colcon.colcon_core.shell:Creating environment descriptor '/home/shh/ssafy_ws/install/simple_car_tf/share/simple_car_tf/hook/ament_prefix_path.dsv'
[0.698s] INFO:colcon.colcon_core.shell:Creating environment hook '/home/shh/ssafy_ws/install/simple_car_tf/share/simple_car_tf/hook/ament_prefix_path.sh'
[0.702s] INFO:colcon.colcon_core.shell:Skip shell extension 'powershell' for command environment: Not usable outside of PowerShell
[0.702s] DEBUG:colcon.colcon_core.shell:Skip shell extension 'dsv' for command environment
[0.714s] INFO:colcon.colcon_ros.task.ament_python.build:Building ROS package in '/home/shh/ssafy_ws/src/simple_publisher' with build type 'ament_python'
[0.715s] Level 1:colcon.colcon_core.shell:create_environment_hook('simple_publisher', 'ament_prefix_path')
[0.724s] INFO:colcon.colcon_core.shell:Creating environment hook '/home/shh/ssafy_ws/install/simple_publisher/share/simple_publisher/hook/ament_prefix_path.ps1'
[0.724s] INFO:colcon.colcon_core.shell:Creating environment descriptor '/home/shh/ssafy_ws/install/simple_publisher/share/simple_publisher/hook/ament_prefix_path.dsv'
[0.725s] INFO:colcon.colcon_core.shell:Creating environment hook '/home/shh/ssafy_ws/install/simple_publisher/share/simple_publisher/hook/ament_prefix_path.sh'
[0.729s] INFO:colcon.colcon_core.shell:Skip shell extension 'powershell' for command environment: Not usable outside of PowerShell
[0.729s] DEBUG:colcon.colcon_core.shell:Skip shell extension 'dsv' for command environment
[0.740s] INFO:colcon.colcon_ros.task.ament_python.build:Building ROS package in '/home/shh/ssafy_ws/src/simple_subscriber' with build type 'ament_python'
[0.740s] Level 1:colcon.colcon_core.shell:create_environment_hook('simple_subscriber', 'ament_prefix_path')
[0.745s] INFO:colcon.colcon_core.shell:Creating environment hook '/home/shh/ssafy_ws/install/simple_subscriber/share/simple_subscriber/hook/ament_prefix_path.ps1'
[0.746s] INFO:colcon.colcon_core.shell:Creating environment descriptor '/home/shh/ssafy_ws/install/simple_subscriber/share/simple_subscriber/hook/ament_prefix_path.dsv'
[0.747s] INFO:colcon.colcon_core.shell:Creating environment hook '/home/shh/ssafy_ws/install/simple_subscriber/share/simple_subscriber/hook/ament_prefix_path.sh'
[0.751s] INFO:colcon.colcon_core.shell:Skip shell extension 'powershell' for command environment: Not usable outside of PowerShell
[0.751s] DEBUG:colcon.colcon_core.shell:Skip shell extension 'dsv' for command environment
[0.763s] INFO:colcon.colcon_ros.task.ament_cmake.build:Building ROS package in '/home/shh/ssafy_ws/src/ssafy_publisher_subscriber' with build type 'ament_cmake'
[0.764s] INFO:colcon.colcon_cmake.task.cmake.build:Building CMake package in '/home/shh/ssafy_ws/src/ssafy_publisher_subscriber'
[0.768s] INFO:colcon.colcon_core.shell:Skip shell extension 'powershell' for command environment: Not usable outside of PowerShell
[0.768s] DEBUG:colcon.colcon_core.shell:Skip shell extension 'dsv' for command environment
[0.780s] INFO:colcon.colcon_ros.task.ament_python.build:Building ROS package in '/home/shh/ssafy_ws/src/tf_broadcaster' with build type 'ament_python'
[0.781s] Level 1:colcon.colcon_core.shell:create_environment_hook('tf_broadcaster', 'ament_prefix_path')
[0.786s] INFO:colcon.colcon_core.shell:Creating environment hook '/home/shh/ssafy_ws/install/tf_broadcaster/share/tf_broadcaster/hook/ament_prefix_path.ps1'
[0.787s] INFO:colcon.colcon_core.shell:Creating environment descriptor '/home/shh/ssafy_ws/install/tf_broadcaster/share/tf_broadcaster/hook/ament_prefix_path.dsv'
[0.787s] INFO:colcon.colcon_core.shell:Creating environment hook '/home/shh/ssafy_ws/install/tf_broadcaster/share/tf_broadcaster/hook/ament_prefix_path.sh'
[0.791s] INFO:colcon.colcon_core.shell:Skip shell extension 'powershell' for command environment: Not usable outside of PowerShell
[0.791s] DEBUG:colcon.colcon_core.shell:Skip shell extension 'dsv' for command environment
[0.803s] INFO:colcon.colcon_ros.task.ament_python.build:Building ROS package in '/home/shh/ssafy_ws/src/turtle_controller' with build type 'ament_python'
[0.803s] Level 1:colcon.colcon_core.shell:create_environment_hook('turtle_controller', 'ament_prefix_path')
[0.808s] INFO:colcon.colcon_core.shell:Creating environment hook '/home/shh/ssafy_ws/install/turtle_controller/share/turtle_controller/hook/ament_prefix_path.ps1'
[0.809s] INFO:colcon.colcon_core.shell:Creating environment descriptor '/home/shh/ssafy_ws/install/turtle_controller/share/turtle_controller/hook/ament_prefix_path.dsv'
[0.809s] INFO:colcon.colcon_core.shell:Creating environment hook '/home/shh/ssafy_ws/install/turtle_controller/share/turtle_controller/hook/ament_prefix_path.sh'
[0.813s] INFO:colcon.colcon_core.shell:Skip shell extension 'powershell' for command environment: Not usable outside of PowerShell
[0.813s] DEBUG:colcon.colcon_core.shell:Skip shell extension 'dsv' for command environment
[0.826s] INFO:colcon.colcon_ros.task.ament_python.build:Building ROS package in '/home/shh/ssafy_ws/src/turtle_spawner' with build type 'ament_python'
[0.826s] Level 1:colcon.colcon_core.shell:create_environment_hook('turtle_spawner', 'ament_prefix_path')
[0.831s] INFO:colcon.colcon_core.shell:Creating environment hook '/home/shh/ssafy_ws/install/turtle_spawner/share/turtle_spawner/hook/ament_prefix_path.ps1'
[0.832s] INFO:colcon.colcon_core.shell:Creating environment descriptor '/home/shh/ssafy_ws/install/turtle_spawner/share/turtle_spawner/hook/ament_prefix_path.dsv'
[0.832s] INFO:colcon.colcon_core.shell:Creating environment hook '/home/shh/ssafy_ws/install/turtle_spawner/share/turtle_spawner/hook/ament_prefix_path.sh'
[0.836s] INFO:colcon.colcon_core.shell:Skip shell extension 'powershell' for command environment: Not usable outside of PowerShell
[0.836s] DEBUG:colcon.colcon_core.shell:Skip shell extension 'dsv' for command environment
[0.848s] INFO:colcon.colcon_ros.task.ament_python.build:Building ROS package in '/home/shh/ssafy_ws/src/yolo_pkg' with build type 'ament_python'
[0.849s] Level 1:colcon.colcon_core.shell:create_environment_hook('yolo_pkg', 'ament_prefix_path')
[0.854s] INFO:colcon.colcon_core.shell:Creating environment hook '/home/shh/ssafy_ws/install/yolo_pkg/share/yolo_pkg/hook/ament_prefix_path.ps1'
[0.854s] INFO:colcon.colcon_core.shell:Creating environment descriptor '/home/shh/ssafy_ws/install/yolo_pkg/share/yolo_pkg/hook/ament_prefix_path.dsv'
[0.855s] INFO:colcon.colcon_core.shell:Creating environment hook '/home/shh/ssafy_ws/install/yolo_pkg/share/yolo_pkg/hook/ament_prefix_path.sh'
[0.859s] INFO:colcon.colcon_core.shell:Skip shell extension 'powershell' for command environment: Not usable outside of PowerShell
[0.859s] DEBUG:colcon.colcon_core.shell:Skip shell extension 'dsv' for command environment
[1.121s] INFO:colcon.colcon_core.task.python.build:Building Python package in '/home/shh/ssafy_ws/src/250114'
[1.125s] INFO:colcon.colcon_core.shell:Skip shell extension 'powershell' for command environment: Not usable outside of PowerShell
[1.125s] DEBUG:colcon.colcon_core.shell:Skip shell extension 'dsv' for command environment
[1.368s] INFO:colcon.colcon_core.task.python.build:Building Python package in '/home/shh/ssafy_ws/src/my_python_pkg'
[1.380s] INFO:colcon.colcon_core.shell:Skip shell extension 'powershell' for command environment: Not usable outside of PowerShell
[1.380s] DEBUG:colcon.colcon_core.shell:Skip shell extension 'dsv' for command environment
[1.618s] INFO:colcon.colcon_core.task.python.build:Building Python package in '/home/shh/ssafy_ws/src/simple_car_tf'
[1.628s] INFO:colcon.colcon_core.shell:Skip shell extension 'powershell' for command environment: Not usable outside of PowerShell
[1.628s] DEBUG:colcon.colcon_core.shell:Skip shell extension 'dsv' for command environment
[1.874s] INFO:colcon.colcon_core.task.python.build:Building Python package in '/home/shh/ssafy_ws/src/simple_publisher'
[1.884s] INFO:colcon.colcon_core.shell:Skip shell extension 'powershell' for command environment: Not usable outside of PowerShell
[1.884s] DEBUG:colcon.colcon_core.shell:Skip shell extension 'dsv' for command environment
[2.129s] INFO:colcon.colcon_core.task.python.build:Building Python package in '/home/shh/ssafy_ws/src/simple_subscriber'
[2.134s] INFO:colcon.colcon_core.shell:Skip shell extension 'powershell' for command environment: Not usable outside of PowerShell
[2.134s] DEBUG:colcon.colcon_core.shell:Skip shell extension 'dsv' for command environment
[2.155s] DEBUG:colcon.colcon_core.event_handler.log_command:Invoking command in '/home/shh/ssafy_ws/build/ssafy_publisher_subscriber': CMAKE_PREFIX_PATH=/opt/ros/foxy /usr/bin/cmake --build /home/shh/ssafy_ws/build/ssafy_publisher_subscriber -- -j16 -l16
[2.382s] INFO:colcon.colcon_core.task.python.build:Building Python package in '/home/shh/ssafy_ws/src/tf_broadcaster'
[2.392s] INFO:colcon.colcon_core.shell:Skip shell extension 'powershell' for command environment: Not usable outside of PowerShell
[2.392s] DEBUG:colcon.colcon_core.shell:Skip shell extension 'dsv' for command environment
[2.634s] INFO:colcon.colcon_core.task.python.build:Building Python package in '/home/shh/ssafy_ws/src/turtle_controller'
[2.644s] INFO:colcon.colcon_core.shell:Skip shell extension 'powershell' for command environment: Not usable outside of PowerShell
[2.644s] DEBUG:colcon.colcon_core.shell:Skip shell extension 'dsv' for command environment
[2.888s] INFO:colcon.colcon_core.task.python.build:Building Python package in '/home/shh/ssafy_ws/src/turtle_spawner'
[2.896s] INFO:colcon.colcon_core.shell:Skip shell extension 'powershell' for command environment: Not usable outside of PowerShell
[2.896s] DEBUG:colcon.colcon_core.shell:Skip shell extension 'dsv' for command environment
[3.143s] INFO:colcon.colcon_core.task.python.build:Building Python package in '/home/shh/ssafy_ws/src/yolo_pkg'
[3.153s] INFO:colcon.colcon_core.shell:Skip shell extension 'powershell' for command environment: Not usable outside of PowerShell
[3.153s] DEBUG:colcon.colcon_core.shell:Skip shell extension 'dsv' for command environment
[3.167s] DEBUG:colcon.colcon_core.event_handler.log_command:Invoked command in '/home/shh/ssafy_ws/build/ssafy_publisher_subscriber' returned '0': CMAKE_PREFIX_PATH=/opt/ros/foxy /usr/bin/cmake --build /home/shh/ssafy_ws/build/ssafy_publisher_subscriber -- -j16 -l16
[3.259s] DEBUG:colcon.colcon_core.event_handler.log_command:Invoking command in '/home/shh/ssafy_ws/build/ssafy_publisher_subscriber': CMAKE_PREFIX_PATH=/opt/ros/foxy /usr/bin/cmake --install /home/shh/ssafy_ws/build/ssafy_publisher_subscriber
[3.289s] Level 1:colcon.colcon_core.environment:create_environment_scripts_only(ssafy_publisher_subscriber)
[3.292s] DEBUG:colcon.colcon_core.event_handler.log_command:Invoked command in '/home/shh/ssafy_ws/build/ssafy_publisher_subscriber' returned '0': CMAKE_PREFIX_PATH=/opt/ros/foxy /usr/bin/cmake --install /home/shh/ssafy_ws/build/ssafy_publisher_subscriber
[3.303s] Level 1:colcon.colcon_core.environment:checking '/home/shh/ssafy_ws/install/ssafy_publisher_subscriber' for CMake module files
[3.304s] Level 1:colcon.colcon_core.environment:checking '/home/shh/ssafy_ws/install/ssafy_publisher_subscriber' for CMake config files
[3.304s] Level 1:colcon.colcon_core.shell:create_environment_hook('ssafy_publisher_subscriber', 'cmake_prefix_path')
[3.312s] INFO:colcon.colcon_core.shell:Creating environment hook '/home/shh/ssafy_ws/install/ssafy_publisher_subscriber/share/ssafy_publisher_subscriber/hook/cmake_prefix_path.ps1'
[3.313s] INFO:colcon.colcon_core.shell:Creating environment descriptor '/home/shh/ssafy_ws/install/ssafy_publisher_subscriber/share/ssafy_publisher_subscriber/hook/cmake_prefix_path.dsv'
[3.313s] INFO:colcon.colcon_core.shell:Creating environment hook '/home/shh/ssafy_ws/install/ssafy_publisher_subscriber/share/ssafy_publisher_subscriber/hook/cmake_prefix_path.sh'
[3.314s] Level 1:colcon.colcon_core.environment:checking '/home/shh/ssafy_ws/install/ssafy_publisher_subscriber/lib'
[3.315s] Level 1:colcon.colcon_core.environment:checking '/home/shh/ssafy_ws/install/ssafy_publisher_subscriber/bin'
[3.315s] Level 1:colcon.colcon_core.environment:checking '/home/shh/ssafy_ws/install/ssafy_publisher_subscriber/lib/pkgconfig/ssafy_publisher_subscriber.pc'
[3.315s] Level 1:colcon.colcon_core.environment:checking '/home/shh/ssafy_ws/install/ssafy_publisher_subscriber/lib/python3.8/site-packages'
[3.315s] Level 1:colcon.colcon_core.environment:checking '/home/shh/ssafy_ws/install/ssafy_publisher_subscriber/bin'
[3.323s] INFO:colcon.colcon_core.shell:Creating package script '/home/shh/ssafy_ws/install/ssafy_publisher_subscriber/share/ssafy_publisher_subscriber/package.ps1'
[3.324s] INFO:colcon.colcon_core.shell:Creating package descriptor '/home/shh/ssafy_ws/install/ssafy_publisher_subscriber/share/ssafy_publisher_subscriber/package.dsv'
[3.325s] INFO:colcon.colcon_core.shell:Creating package script '/home/shh/ssafy_ws/install/ssafy_publisher_subscriber/share/ssafy_publisher_subscriber/package.sh'
[3.326s] INFO:colcon.colcon_core.shell:Creating package script '/home/shh/ssafy_ws/install/ssafy_publisher_subscriber/share/ssafy_publisher_subscriber/package.bash'
[3.327s] INFO:colcon.colcon_core.shell:Creating package script '/home/shh/ssafy_ws/install/ssafy_publisher_subscriber/share/ssafy_publisher_subscriber/package.zsh'
[3.328s] Level 1:colcon.colcon_core.environment:create_file_with_runtime_dependencies(/home/shh/ssafy_ws/install/ssafy_publisher_subscriber/share/colcon-core/packages/ssafy_publisher_subscriber)
[3.373s] Level 1:colcon.colcon_core.environment:create_environment_scripts_only(ssafy_publisher_subscriber)
[3.382s] Level 1:colcon.colcon_core.environment:checking '/home/shh/ssafy_ws/install/ssafy_publisher_subscriber' for CMake module files
[3.383s] Level 1:colcon.colcon_core.environment:checking '/home/shh/ssafy_ws/install/ssafy_publisher_subscriber' for CMake config files
[3.383s] Level 1:colcon.colcon_core.shell:create_environment_hook('ssafy_publisher_subscriber', 'cmake_prefix_path')
[3.391s] INFO:colcon.colcon_core.shell:Creating environment hook '/home/shh/ssafy_ws/install/ssafy_publisher_subscriber/share/ssafy_publisher_subscriber/hook/cmake_prefix_path.ps1'
[3.392s] INFO:colcon.colcon_core.shell:Creating environment descriptor '/home/shh/ssafy_ws/install/ssafy_publisher_subscriber/share/ssafy_publisher_subscriber/hook/cmake_prefix_path.dsv'
[3.393s] INFO:colcon.colcon_core.shell:Creating environment hook '/home/shh/ssafy_ws/install/ssafy_publisher_subscriber/share/ssafy_publisher_subscriber/hook/cmake_prefix_path.sh'
[3.394s] Level 1:colcon.colcon_core.environment:checking '/home/shh/ssafy_ws/install/ssafy_publisher_subscriber/lib'
[3.394s] Level 1:colcon.colcon_core.environment:checking '/home/shh/ssafy_ws/install/ssafy_publisher_subscriber/bin'
[3.394s] Level 1:colcon.colcon_core.environment:checking '/home/shh/ssafy_ws/install/ssafy_publisher_subscriber/lib/pkgconfig/ssafy_publisher_subscriber.pc'
[3.394s] Level 1:colcon.colcon_core.environment:checking '/home/shh/ssafy_ws/install/ssafy_publisher_subscriber/lib/python3.8/site-packages'
[3.394s] Level 1:colcon.colcon_core.environment:checking '/home/shh/ssafy_ws/install/ssafy_publisher_subscriber/bin'
[3.402s] INFO:colcon.colcon_core.shell:Creating package script '/home/shh/ssafy_ws/install/ssafy_publisher_subscriber/share/ssafy_publisher_subscriber/package.ps1'
[3.403s] INFO:colcon.colcon_core.shell:Creating package descriptor '/home/shh/ssafy_ws/install/ssafy_publisher_subscriber/share/ssafy_publisher_subscriber/package.dsv'
[3.404s] INFO:colcon.colcon_core.shell:Creating package script '/home/shh/ssafy_ws/install/ssafy_publisher_subscriber/share/ssafy_publisher_subscriber/package.sh'
[3.405s] INFO:colcon.colcon_core.shell:Creating package script '/home/shh/ssafy_ws/install/ssafy_publisher_subscriber/share/ssafy_publisher_subscriber/package.bash'
[3.405s] INFO:colcon.colcon_core.shell:Creating package script '/home/shh/ssafy_ws/install/ssafy_publisher_subscriber/share/ssafy_publisher_subscriber/package.zsh'
[3.406s] Level 1:colcon.colcon_core.environment:create_file_with_runtime_dependencies(/home/shh/ssafy_ws/install/ssafy_publisher_subscriber/share/colcon-core/packages/ssafy_publisher_subscriber)
[3.728s] DEBUG:colcon.colcon_core.event_handler.log_command:Invoking command in '/home/shh/ssafy_ws/build/my_python_pkg': PYTHONPATH=/home/shh/ssafy_ws/build/my_python_pkg/prefix_override:/home/shh/ssafy_ws/install/my_python_pkg/lib/python3.8/site-packages:${PYTHONPATH} /usr/bin/python3 setup.py develop --editable --build-directory /home/shh/ssafy_ws/build/my_python_pkg/build --no-deps install_data
[3.752s] DEBUG:colcon.colcon_core.event_handler.log_command:Invoking command in '/home/shh/ssafy_ws/build/turtle_spawner': PYTHONPATH=/home/shh/ssafy_ws/build/turtle_spawner/prefix_override:/home/shh/ssafy_ws/install/turtle_spawner/lib/python3.8/site-packages:${PYTHONPATH} /usr/bin/python3 setup.py develop --editable --build-directory /home/shh/ssafy_ws/build/turtle_spawner/build --no-deps install_data
[3.760s] DEBUG:colcon.colcon_core.event_handler.log_command:Invoking command in '/home/shh/ssafy_ws/build/simple_subscriber': PYTHONPATH=/home/shh/ssafy_ws/build/simple_subscriber/prefix_override:/home/shh/ssafy_ws/install/simple_subscriber/lib/python3.8/site-packages:${PYTHONPATH} /usr/bin/python3 setup.py develop --editable --build-directory /home/shh/ssafy_ws/build/simple_subscriber/build --no-deps install_data
[3.785s] DEBUG:colcon.colcon_core.event_handler.log_command:Invoking command in '/home/shh/ssafy_ws/build/simple_publisher': PYTHONPATH=/home/shh/ssafy_ws/build/simple_publisher/prefix_override:/home/shh/ssafy_ws/install/simple_publisher/lib/python3.8/site-packages:${PYTHONPATH} /usr/bin/python3 setup.py develop --editable --build-directory /home/shh/ssafy_ws/build/simple_publisher/build --no-deps install_data
[3.800s] DEBUG:colcon.colcon_core.event_handler.log_command:Invoking command in '/home/shh/ssafy_ws/build/turtle_controller': PYTHONPATH=/home/shh/ssafy_ws/build/turtle_controller/prefix_override:/home/shh/ssafy_ws/install/turtle_controller/lib/python3.8/site-packages:${PYTHONPATH} /usr/bin/python3 setup.py develop --editable --build-directory /home/shh/ssafy_ws/build/turtle_controller/build --no-deps install_data
[3.819s] DEBUG:colcon.colcon_core.event_handler.log_command:Invoking command in '/home/shh/ssafy_ws/build/tf_broadcaster': PYTHONPATH=/home/shh/ssafy_ws/build/tf_broadcaster/prefix_override:/home/shh/ssafy_ws/install/tf_broadcaster/lib/python3.8/site-packages:${PYTHONPATH} /usr/bin/python3 setup.py develop --editable --build-directory /home/shh/ssafy_ws/build/tf_broadcaster/build --no-deps install_data
[3.826s] DEBUG:colcon.colcon_core.event_handler.log_command:Invoking command in '/home/shh/ssafy_ws/build/simple_car_tf': PYTHONPATH=/home/shh/ssafy_ws/build/simple_car_tf/prefix_override:/home/shh/ssafy_ws/install/simple_car_tf/lib/python3.8/site-packages:${PYTHONPATH} /usr/bin/python3 setup.py develop --editable --build-directory /home/shh/ssafy_ws/build/simple_car_tf/build --no-deps install_data
[3.832s] DEBUG:colcon.colcon_core.event_handler.log_command:Invoking command in '/home/shh/ssafy_ws/build/250114': PYTHONPATH=/home/shh/ssafy_ws/build/250114/prefix_override:/home/shh/ssafy_ws/install/250114/lib/python3.8/site-packages:${PYTHONPATH} /usr/bin/python3 setup.py develop --editable --build-directory /home/shh/ssafy_ws/build/250114/build --no-deps install_data
[3.879s] DEBUG:colcon.colcon_core.event_handler.log_command:Invoking command in '/home/shh/ssafy_ws/build/yolo_pkg': PYTHONPATH=/home/shh/ssafy_ws/build/yolo_pkg/prefix_override:/home/shh/ssafy_ws/install/yolo_pkg/lib/python3.8/site-packages:${PYTHONPATH} /usr/bin/python3 setup.py develop --editable --build-directory /home/shh/ssafy_ws/build/yolo_pkg/build --no-deps install_data
[4.306s] Level 1:colcon.colcon_core.shell:create_environment_hook('simple_subscriber', 'pythonpath_develop')
[4.312s] INFO:colcon.colcon_core.shell:Creating environment hook '/home/shh/ssafy_ws/build/simple_subscriber/share/simple_subscriber/hook/pythonpath_develop.ps1'
[4.312s] DEBUG:colcon.colcon_core.event_handler.log_command:Invoked command in '/home/shh/ssafy_ws/build/simple_subscriber' returned '0': PYTHONPATH=/home/shh/ssafy_ws/build/simple_subscriber/prefix_override:/home/shh/ssafy_ws/install/simple_subscriber/lib/python3.8/site-packages:${PYTHONPATH} /usr/bin/python3 setup.py develop --editable --build-directory /home/shh/ssafy_ws/build/simple_subscriber/build --no-deps install_data
[4.313s] INFO:colcon.colcon_core.shell:Creating environment descriptor '/home/shh/ssafy_ws/build/simple_subscriber/share/simple_subscriber/hook/pythonpath_develop.dsv'
[4.314s] INFO:colcon.colcon_core.shell:Creating environment hook '/home/shh/ssafy_ws/build/simple_subscriber/share/simple_subscriber/hook/pythonpath_develop.sh'
[4.321s] Level 1:colcon.colcon_core.environment:checking '/home/shh/ssafy_ws/install/simple_subscriber' for CMake module files
[4.322s] Level 1:colcon.colcon_core.environment:checking '/home/shh/ssafy_ws/install/simple_subscriber' for CMake config files
[4.323s] Level 1:colcon.colcon_core.environment:checking '/home/shh/ssafy_ws/install/simple_subscriber/lib'
[4.323s] Level 1:colcon.colcon_core.environment:checking '/home/shh/ssafy_ws/install/simple_subscriber/bin'
[4.323s] Level 1:colcon.colcon_core.environment:checking '/home/shh/ssafy_ws/install/simple_subscriber/lib/pkgconfig/simple_subscriber.pc'
[4.324s] Level 1:colcon.colcon_core.environment:checking '/home/shh/ssafy_ws/install/simple_subscriber/lib/python3.8/site-packages'
[4.324s] Level 1:colcon.colcon_core.shell:create_environment_hook('simple_subscriber', 'pythonpath')
[4.328s] INFO:colcon.colcon_core.shell:Creating environment hook '/home/shh/ssafy_ws/install/simple_subscriber/share/simple_subscriber/hook/pythonpath.ps1'
[4.329s] INFO:colcon.colcon_core.shell:Creating environment descriptor '/home/shh/ssafy_ws/install/simple_subscriber/share/simple_subscriber/hook/pythonpath.dsv'
[4.330s] INFO:colcon.colcon_core.shell:Creating environment hook '/home/shh/ssafy_ws/install/simple_subscriber/share/simple_subscriber/hook/pythonpath.sh'
[4.330s] Level 1:colcon.colcon_core.environment:checking '/home/shh/ssafy_ws/install/simple_subscriber/bin'
[4.331s] Level 1:colcon.colcon_core.environment:create_environment_scripts_only(simple_subscriber)
[4.335s] INFO:colcon.colcon_core.shell:Creating package script '/home/shh/ssafy_ws/install/simple_subscriber/share/simple_subscriber/package.ps1'
[4.336s] INFO:colcon.colcon_core.shell:Creating package descriptor '/home/shh/ssafy_ws/install/simple_subscriber/share/simple_subscriber/package.dsv'
[4.336s] INFO:colcon.colcon_core.shell:Creating package script '/home/shh/ssafy_ws/install/simple_subscriber/share/simple_subscriber/package.sh'
[4.337s] INFO:colcon.colcon_core.shell:Creating package script '/home/shh/ssafy_ws/install/simple_subscriber/share/simple_subscriber/package.bash'
[4.337s] INFO:colcon.colcon_core.shell:Creating package script '/home/shh/ssafy_ws/install/simple_subscriber/share/simple_subscriber/package.zsh'
[4.338s] Level 1:colcon.colcon_core.environment:create_file_with_runtime_dependencies(/home/shh/ssafy_ws/install/simple_subscriber/share/colcon-core/packages/simple_subscriber)
[4.340s] Level 1:colcon.colcon_core.shell:create_environment_hook('turtle_spawner', 'pythonpath_develop')
[4.345s] INFO:colcon.colcon_core.shell:Creating environment hook '/home/shh/ssafy_ws/build/turtle_spawner/share/turtle_spawner/hook/pythonpath_develop.ps1'
[4.346s] DEBUG:colcon.colcon_core.event_handler.log_command:Invoked command in '/home/shh/ssafy_ws/build/turtle_spawner' returned '0': PYTHONPATH=/home/shh/ssafy_ws/build/turtle_spawner/prefix_override:/home/shh/ssafy_ws/install/turtle_spawner/lib/python3.8/site-packages:${PYTHONPATH} /usr/bin/python3 setup.py develop --editable --build-directory /home/shh/ssafy_ws/build/turtle_spawner/build --no-deps install_data
[4.347s] INFO:colcon.colcon_core.shell:Creating environment descriptor '/home/shh/ssafy_ws/build/turtle_spawner/share/turtle_spawner/hook/pythonpath_develop.dsv'
[4.347s] INFO:colcon.colcon_core.shell:Creating environment hook '/home/shh/ssafy_ws/build/turtle_spawner/share/turtle_spawner/hook/pythonpath_develop.sh'
[4.353s] Level 1:colcon.colcon_core.environment:checking '/home/shh/ssafy_ws/install/turtle_spawner' for CMake module files
[4.355s] Level 1:colcon.colcon_core.environment:checking '/home/shh/ssafy_ws/install/turtle_spawner' for CMake config files
[4.357s] Level 1:colcon.colcon_core.environment:checking '/home/shh/ssafy_ws/install/turtle_spawner/lib'
[4.357s] Level 1:colcon.colcon_core.environment:checking '/home/shh/ssafy_ws/install/turtle_spawner/bin'
[4.357s] Level 1:colcon.colcon_core.environment:checking '/home/shh/ssafy_ws/install/turtle_spawner/lib/pkgconfig/turtle_spawner.pc'
[4.358s] Level 1:colcon.colcon_core.environment:checking '/home/shh/ssafy_ws/install/turtle_spawner/lib/python3.8/site-packages'
[4.358s] Level 1:colcon.colcon_core.shell:create_environment_hook('turtle_spawner', 'pythonpath')
[4.363s] INFO:colcon.colcon_core.shell:Creating environment hook '/home/shh/ssafy_ws/install/turtle_spawner/share/turtle_spawner/hook/pythonpath.ps1'
[4.363s] INFO:colcon.colcon_core.shell:Creating environment descriptor '/home/shh/ssafy_ws/install/turtle_spawner/share/turtle_spawner/hook/pythonpath.dsv'
[4.364s] INFO:colcon.colcon_core.shell:Creating environment hook '/home/shh/ssafy_ws/install/turtle_spawner/share/turtle_spawner/hook/pythonpath.sh'
[4.365s] Level 1:colcon.colcon_core.environment:checking '/home/shh/ssafy_ws/install/turtle_spawner/bin'
[4.365s] Level 1:colcon.colcon_core.environment:create_environment_scripts_only(turtle_spawner)
[4.370s] INFO:colcon.colcon_core.shell:Creating package script '/home/shh/ssafy_ws/install/turtle_spawner/share/turtle_spawner/package.ps1'
[4.371s] INFO:colcon.colcon_core.shell:Creating package descriptor '/home/shh/ssafy_ws/install/turtle_spawner/share/turtle_spawner/package.dsv'
[4.372s] INFO:colcon.colcon_core.shell:Creating package script '/home/shh/ssafy_ws/install/turtle_spawner/share/turtle_spawner/package.sh'
[4.373s] INFO:colcon.colcon_core.shell:Creating package script '/home/shh/ssafy_ws/install/turtle_spawner/share/turtle_spawner/package.bash'
[4.373s] INFO:colcon.colcon_core.shell:Creating package script '/home/shh/ssafy_ws/install/turtle_spawner/share/turtle_spawner/package.zsh'
[4.374s] Level 1:colcon.colcon_core.environment:create_file_with_runtime_dependencies(/home/shh/ssafy_ws/install/turtle_spawner/share/colcon-core/packages/turtle_spawner)
[4.375s] Level 1:colcon.colcon_core.shell:create_environment_hook('my_python_pkg', 'pythonpath_develop')
[4.380s] INFO:colcon.colcon_core.shell:Creating environment hook '/home/shh/ssafy_ws/build/my_python_pkg/share/my_python_pkg/hook/pythonpath_develop.ps1'
[4.381s] DEBUG:colcon.colcon_core.event_handler.log_command:Invoked command in '/home/shh/ssafy_ws/build/my_python_pkg' returned '0': PYTHONPATH=/home/shh/ssafy_ws/build/my_python_pkg/prefix_override:/home/shh/ssafy_ws/install/my_python_pkg/lib/python3.8/site-packages:${PYTHONPATH} /usr/bin/python3 setup.py develop --editable --build-directory /home/shh/ssafy_ws/build/my_python_pkg/build --no-deps install_data
[4.381s] INFO:colcon.colcon_core.shell:Creating environment descriptor '/home/shh/ssafy_ws/build/my_python_pkg/share/my_python_pkg/hook/pythonpath_develop.dsv'
[4.382s] INFO:colcon.colcon_core.shell:Creating environment hook '/home/shh/ssafy_ws/build/my_python_pkg/share/my_python_pkg/hook/pythonpath_develop.sh'
[4.388s] Level 1:colcon.colcon_core.environment:checking '/home/shh/ssafy_ws/install/my_python_pkg' for CMake module files
[4.390s] Level 1:colcon.colcon_core.environment:checking '/home/shh/ssafy_ws/install/my_python_pkg' for CMake config files
[4.391s] Level 1:colcon.colcon_core.environment:checking '/home/shh/ssafy_ws/install/my_python_pkg/lib'
[4.391s] Level 1:colcon.colcon_core.environment:checking '/home/shh/ssafy_ws/install/my_python_pkg/bin'
[4.391s] Level 1:colcon.colcon_core.environment:checking '/home/shh/ssafy_ws/install/my_python_pkg/lib/pkgconfig/my_python_pkg.pc'
[4.391s] Level 1:colcon.colcon_core.environment:checking '/home/shh/ssafy_ws/install/my_python_pkg/lib/python3.8/site-packages'
[4.391s] Level 1:colcon.colcon_core.shell:create_environment_hook('my_python_pkg', 'pythonpath')
[4.396s] INFO:colcon.colcon_core.shell:Creating environment hook '/home/shh/ssafy_ws/install/my_python_pkg/share/my_python_pkg/hook/pythonpath.ps1'
[4.398s] INFO:colcon.colcon_core.shell:Creating environment descriptor '/home/shh/ssafy_ws/install/my_python_pkg/share/my_python_pkg/hook/pythonpath.dsv'
[4.398s] INFO:colcon.colcon_core.shell:Creating environment hook '/home/shh/ssafy_ws/install/my_python_pkg/share/my_python_pkg/hook/pythonpath.sh'
[4.399s] Level 1:colcon.colcon_core.environment:checking '/home/shh/ssafy_ws/install/my_python_pkg/bin'
[4.399s] Level 1:colcon.colcon_core.environment:create_environment_scripts_only(my_python_pkg)
[4.408s] INFO:colcon.colcon_core.shell:Creating package script '/home/shh/ssafy_ws/install/my_python_pkg/share/my_python_pkg/package.ps1'
[4.409s] INFO:colcon.colcon_core.shell:Creating package descriptor '/home/shh/ssafy_ws/install/my_python_pkg/share/my_python_pkg/package.dsv'
[4.409s] INFO:colcon.colcon_core.shell:Creating package script '/home/shh/ssafy_ws/install/my_python_pkg/share/my_python_pkg/package.sh'
[4.410s] INFO:colcon.colcon_core.shell:Creating package script '/home/shh/ssafy_ws/install/my_python_pkg/share/my_python_pkg/package.bash'
[4.410s] INFO:colcon.colcon_core.shell:Creating package script '/home/shh/ssafy_ws/install/my_python_pkg/share/my_python_pkg/package.zsh'
[4.410s] Level 1:colcon.colcon_core.environment:create_file_with_runtime_dependencies(/home/shh/ssafy_ws/install/my_python_pkg/share/colcon-core/packages/my_python_pkg)
[4.411s] Level 1:colcon.colcon_core.shell:create_environment_hook('turtle_controller', 'pythonpath_develop')
[4.415s] INFO:colcon.colcon_core.shell:Creating environment hook '/home/shh/ssafy_ws/build/turtle_controller/share/turtle_controller/hook/pythonpath_develop.ps1'
[4.417s] DEBUG:colcon.colcon_core.event_handler.log_command:Invoked command in '/home/shh/ssafy_ws/build/turtle_controller' returned '0': PYTHONPATH=/home/shh/ssafy_ws/build/turtle_controller/prefix_override:/home/shh/ssafy_ws/install/turtle_controller/lib/python3.8/site-packages:${PYTHONPATH} /usr/bin/python3 setup.py develop --editable --build-directory /home/shh/ssafy_ws/build/turtle_controller/build --no-deps install_data
[4.417s] INFO:colcon.colcon_core.shell:Creating environment descriptor '/home/shh/ssafy_ws/build/turtle_controller/share/turtle_controller/hook/pythonpath_develop.dsv'
[4.418s] INFO:colcon.colcon_core.shell:Creating environment hook '/home/shh/ssafy_ws/build/turtle_controller/share/turtle_controller/hook/pythonpath_develop.sh'
[4.428s] Level 1:colcon.colcon_core.environment:checking '/home/shh/ssafy_ws/install/turtle_controller' for CMake module files
[4.430s] Level 1:colcon.colcon_core.environment:checking '/home/shh/ssafy_ws/install/turtle_controller' for CMake config files
[4.431s] Level 1:colcon.colcon_core.environment:checking '/home/shh/ssafy_ws/install/turtle_controller/lib'
[4.431s] Level 1:colcon.colcon_core.environment:checking '/home/shh/ssafy_ws/install/turtle_controller/bin'
[4.431s] Level 1:colcon.colcon_core.environment:checking '/home/shh/ssafy_ws/install/turtle_controller/lib/pkgconfig/turtle_controller.pc'
[4.431s] Level 1:colcon.colcon_core.environment:checking '/home/shh/ssafy_ws/install/turtle_controller/lib/python3.8/site-packages'
[4.432s] Level 1:colcon.colcon_core.shell:create_environment_hook('turtle_controller', 'pythonpath')
[4.440s] INFO:colcon.colcon_core.shell:Creating environment hook '/home/shh/ssafy_ws/install/turtle_controller/share/turtle_controller/hook/pythonpath.ps1'
[4.441s] INFO:colcon.colcon_core.shell:Creating environment descriptor '/home/shh/ssafy_ws/install/turtle_controller/share/turtle_controller/hook/pythonpath.dsv'
[4.441s] INFO:colcon.colcon_core.shell:Creating environment hook '/home/shh/ssafy_ws/install/turtle_controller/share/turtle_controller/hook/pythonpath.sh'
[4.441s] Level 1:colcon.colcon_core.environment:checking '/home/shh/ssafy_ws/install/turtle_controller/bin'
[4.441s] Level 1:colcon.colcon_core.environment:create_environment_scripts_only(turtle_controller)
[4.445s] INFO:colcon.colcon_core.shell:Creating package script '/home/shh/ssafy_ws/install/turtle_controller/share/turtle_controller/package.ps1'
[4.446s] INFO:colcon.colcon_core.shell:Creating package descriptor '/home/shh/ssafy_ws/install/turtle_controller/share/turtle_controller/package.dsv'
[4.446s] INFO:colcon.colcon_core.shell:Creating package script '/home/shh/ssafy_ws/install/turtle_controller/share/turtle_controller/package.sh'
[4.447s] INFO:colcon.colcon_core.shell:Creating package script '/home/shh/ssafy_ws/install/turtle_controller/share/turtle_controller/package.bash'
[4.447s] INFO:colcon.colcon_core.shell:Creating package script '/home/shh/ssafy_ws/install/turtle_controller/share/turtle_controller/package.zsh'
[4.447s] Level 1:colcon.colcon_core.environment:create_file_with_runtime_dependencies(/home/shh/ssafy_ws/install/turtle_controller/share/colcon-core/packages/turtle_controller)
[4.448s] Level 1:colcon.colcon_core.shell:create_environment_hook('yolo_pkg', 'pythonpath_develop')
[4.452s] INFO:colcon.colcon_core.shell:Creating environment hook '/home/shh/ssafy_ws/build/yolo_pkg/share/yolo_pkg/hook/pythonpath_develop.ps1'
[4.453s] INFO:colcon.colcon_core.shell:Creating environment descriptor '/home/shh/ssafy_ws/build/yolo_pkg/share/yolo_pkg/hook/pythonpath_develop.dsv'
[4.454s] INFO:colcon.colcon_core.shell:Creating environment hook '/home/shh/ssafy_ws/build/yolo_pkg/share/yolo_pkg/hook/pythonpath_develop.sh'
[4.454s] DEBUG:colcon.colcon_core.event_handler.log_command:Invoked command in '/home/shh/ssafy_ws/build/yolo_pkg' returned '0': PYTHONPATH=/home/shh/ssafy_ws/build/yolo_pkg/prefix_override:/home/shh/ssafy_ws/install/yolo_pkg/lib/python3.8/site-packages:${PYTHONPATH} /usr/bin/python3 setup.py develop --editable --build-directory /home/shh/ssafy_ws/build/yolo_pkg/build --no-deps install_data
[4.459s] Level 1:colcon.colcon_core.environment:checking '/home/shh/ssafy_ws/install/yolo_pkg' for CMake module files
[4.460s] Level 1:colcon.colcon_core.environment:checking '/home/shh/ssafy_ws/install/yolo_pkg' for CMake config files
[4.460s] Level 1:colcon.colcon_core.environment:checking '/home/shh/ssafy_ws/install/yolo_pkg/lib'
[4.460s] Level 1:colcon.colcon_core.environment:checking '/home/shh/ssafy_ws/install/yolo_pkg/bin'
[4.460s] Level 1:colcon.colcon_core.environment:checking '/home/shh/ssafy_ws/install/yolo_pkg/lib/pkgconfig/yolo_pkg.pc'
[4.460s] Level 1:colcon.colcon_core.environment:checking '/home/shh/ssafy_ws/install/yolo_pkg/lib/python3.8/site-packages'
[4.460s] Level 1:colcon.colcon_core.shell:create_environment_hook('yolo_pkg', 'pythonpath')
[4.464s] INFO:colcon.colcon_core.shell:Creating environment hook '/home/shh/ssafy_ws/install/yolo_pkg/share/yolo_pkg/hook/pythonpath.ps1'
[4.465s] INFO:colcon.colcon_core.shell:Creating environment descriptor '/home/shh/ssafy_ws/install/yolo_pkg/share/yolo_pkg/hook/pythonpath.dsv'
[4.465s] INFO:colcon.colcon_core.shell:Creating environment hook '/home/shh/ssafy_ws/install/yolo_pkg/share/yolo_pkg/hook/pythonpath.sh'
[4.466s] Level 1:colcon.colcon_core.environment:checking '/home/shh/ssafy_ws/install/yolo_pkg/bin'
[4.466s] Level 1:colcon.colcon_core.environment:create_environment_scripts_only(yolo_pkg)
[4.470s] INFO:colcon.colcon_core.shell:Creating package script '/home/shh/ssafy_ws/install/yolo_pkg/share/yolo_pkg/package.ps1'
[4.470s] INFO:colcon.colcon_core.shell:Creating package descriptor '/home/shh/ssafy_ws/install/yolo_pkg/share/yolo_pkg/package.dsv'
[4.470s] INFO:colcon.colcon_core.shell:Creating package script '/home/shh/ssafy_ws/install/yolo_pkg/share/yolo_pkg/package.sh'
[4.471s] INFO:colcon.colcon_core.shell:Creating package script '/home/shh/ssafy_ws/install/yolo_pkg/share/yolo_pkg/package.bash'
[4.471s] INFO:colcon.colcon_core.shell:Creating package script '/home/shh/ssafy_ws/install/yolo_pkg/share/yolo_pkg/package.zsh'
[4.471s] Level 1:colcon.colcon_core.environment:create_file_with_runtime_dependencies(/home/shh/ssafy_ws/install/yolo_pkg/share/colcon-core/packages/yolo_pkg)
[4.472s] Level 1:colcon.colcon_core.shell:create_environment_hook('tf_broadcaster', 'pythonpath_develop')
[4.476s] INFO:colcon.colcon_core.shell:Creating environment hook '/home/shh/ssafy_ws/build/tf_broadcaster/share/tf_broadcaster/hook/pythonpath_develop.ps1'
[4.477s] INFO:colcon.colcon_core.shell:Creating environment descriptor '/home/shh/ssafy_ws/build/tf_broadcaster/share/tf_broadcaster/hook/pythonpath_develop.dsv'
[4.478s] DEBUG:colcon.colcon_core.event_handler.log_command:Invoked command in '/home/shh/ssafy_ws/build/tf_broadcaster' returned '0': PYTHONPATH=/home/shh/ssafy_ws/build/tf_broadcaster/prefix_override:/home/shh/ssafy_ws/install/tf_broadcaster/lib/python3.8/site-packages:${PYTHONPATH} /usr/bin/python3 setup.py develop --editable --build-directory /home/shh/ssafy_ws/build/tf_broadcaster/build --no-deps install_data
[4.478s] INFO:colcon.colcon_core.shell:Creating environment hook '/home/shh/ssafy_ws/build/tf_broadcaster/share/tf_broadcaster/hook/pythonpath_develop.sh'
[4.483s] Level 1:colcon.colcon_core.environment:checking '/home/shh/ssafy_ws/install/tf_broadcaster' for CMake module files
[4.483s] Level 1:colcon.colcon_core.environment:checking '/home/shh/ssafy_ws/install/tf_broadcaster' for CMake config files
[4.484s] Level 1:colcon.colcon_core.environment:checking '/home/shh/ssafy_ws/install/tf_broadcaster/lib'
[4.484s] Level 1:colcon.colcon_core.environment:checking '/home/shh/ssafy_ws/install/tf_broadcaster/bin'
[4.484s] Level 1:colcon.colcon_core.environment:checking '/home/shh/ssafy_ws/install/tf_broadcaster/lib/pkgconfig/tf_broadcaster.pc'
[4.484s] Level 1:colcon.colcon_core.environment:checking '/home/shh/ssafy_ws/install/tf_broadcaster/lib/python3.8/site-packages'
[4.484s] Level 1:colcon.colcon_core.shell:create_environment_hook('tf_broadcaster', 'pythonpath')
[4.490s] INFO:colcon.colcon_core.shell:Creating environment hook '/home/shh/ssafy_ws/install/tf_broadcaster/share/tf_broadcaster/hook/pythonpath.ps1'
[4.491s] INFO:colcon.colcon_core.shell:Creating environment descriptor '/home/shh/ssafy_ws/install/tf_broadcaster/share/tf_broadcaster/hook/pythonpath.dsv'
[4.491s] INFO:colcon.colcon_core.shell:Creating environment hook '/home/shh/ssafy_ws/install/tf_broadcaster/share/tf_broadcaster/hook/pythonpath.sh'
[4.491s] Level 1:colcon.colcon_core.environment:checking '/home/shh/ssafy_ws/install/tf_broadcaster/bin'
[4.491s] Level 1:colcon.colcon_core.environment:create_environment_scripts_only(tf_broadcaster)
[4.496s] INFO:colcon.colcon_core.shell:Creating package script '/home/shh/ssafy_ws/install/tf_broadcaster/share/tf_broadcaster/package.ps1'
[4.497s] INFO:colcon.colcon_core.shell:Creating package descriptor '/home/shh/ssafy_ws/install/tf_broadcaster/share/tf_broadcaster/package.dsv'
[4.498s] INFO:colcon.colcon_core.shell:Creating package script '/home/shh/ssafy_ws/install/tf_broadcaster/share/tf_broadcaster/package.sh'
[4.498s] INFO:colcon.colcon_core.shell:Creating package script '/home/shh/ssafy_ws/install/tf_broadcaster/share/tf_broadcaster/package.bash'
[4.499s] INFO:colcon.colcon_core.shell:Creating package script '/home/shh/ssafy_ws/install/tf_broadcaster/share/tf_broadcaster/package.zsh'
[4.500s] Level 1:colcon.colcon_core.environment:create_file_with_runtime_dependencies(/home/shh/ssafy_ws/install/tf_broadcaster/share/colcon-core/packages/tf_broadcaster)
[4.500s] Level 1:colcon.colcon_core.shell:create_environment_hook('simple_publisher', 'pythonpath_develop')
[4.506s] INFO:colcon.colcon_core.shell:Creating environment hook '/home/shh/ssafy_ws/build/simple_publisher/share/simple_publisher/hook/pythonpath_develop.ps1'
[4.506s] INFO:colcon.colcon_core.shell:Creating environment descriptor '/home/shh/ssafy_ws/build/simple_publisher/share/simple_publisher/hook/pythonpath_develop.dsv'
[4.507s] DEBUG:colcon.colcon_core.event_handler.log_command:Invoked command in '/home/shh/ssafy_ws/build/simple_publisher' returned '0': PYTHONPATH=/home/shh/ssafy_ws/build/simple_publisher/prefix_override:/home/shh/ssafy_ws/install/simple_publisher/lib/python3.8/site-packages:${PYTHONPATH} /usr/bin/python3 setup.py develop --editable --build-directory /home/shh/ssafy_ws/build/simple_publisher/build --no-deps install_data
[4.507s] INFO:colcon.colcon_core.shell:Creating environment hook '/home/shh/ssafy_ws/build/simple_publisher/share/simple_publisher/hook/pythonpath_develop.sh'
[4.512s] Level 1:colcon.colcon_core.environment:checking '/home/shh/ssafy_ws/install/simple_publisher' for CMake module files
[4.512s] Level 1:colcon.colcon_core.environment:checking '/home/shh/ssafy_ws/install/simple_publisher' for CMake config files
[4.513s] Level 1:colcon.colcon_core.environment:checking '/home/shh/ssafy_ws/install/simple_publisher/lib'
[4.513s] Level 1:colcon.colcon_core.environment:checking '/home/shh/ssafy_ws/install/simple_publisher/bin'
[4.513s] Level 1:colcon.colcon_core.environment:checking '/home/shh/ssafy_ws/install/simple_publisher/lib/pkgconfig/simple_publisher.pc'
[4.513s] Level 1:colcon.colcon_core.environment:checking '/home/shh/ssafy_ws/install/simple_publisher/lib/python3.8/site-packages'
[4.513s] Level 1:colcon.colcon_core.shell:create_environment_hook('simple_publisher', 'pythonpath')
[4.517s] INFO:colcon.colcon_core.shell:Creating environment hook '/home/shh/ssafy_ws/install/simple_publisher/share/simple_publisher/hook/pythonpath.ps1'
[4.517s] INFO:colcon.colcon_core.shell:Creating environment descriptor '/home/shh/ssafy_ws/install/simple_publisher/share/simple_publisher/hook/pythonpath.dsv'
[4.518s] INFO:colcon.colcon_core.shell:Creating environment hook '/home/shh/ssafy_ws/install/simple_publisher/share/simple_publisher/hook/pythonpath.sh'
[4.518s] Level 1:colcon.colcon_core.environment:checking '/home/shh/ssafy_ws/install/simple_publisher/bin'
[4.518s] Level 1:colcon.colcon_core.environment:create_environment_scripts_only(simple_publisher)
[4.522s] INFO:colcon.colcon_core.shell:Creating package script '/home/shh/ssafy_ws/install/simple_publisher/share/simple_publisher/package.ps1'
[4.523s] INFO:colcon.colcon_core.shell:Creating package descriptor '/home/shh/ssafy_ws/install/simple_publisher/share/simple_publisher/package.dsv'
[4.524s] INFO:colcon.colcon_core.shell:Creating package script '/home/shh/ssafy_ws/install/simple_publisher/share/simple_publisher/package.sh'
[4.524s] INFO:colcon.colcon_core.shell:Creating package script '/home/shh/ssafy_ws/install/simple_publisher/share/simple_publisher/package.bash'
[4.525s] INFO:colcon.colcon_core.shell:Creating package script '/home/shh/ssafy_ws/install/simple_publisher/share/simple_publisher/package.zsh'
[4.525s] Level 1:colcon.colcon_core.environment:create_file_with_runtime_dependencies(/home/shh/ssafy_ws/install/simple_publisher/share/colcon-core/packages/simple_publisher)
[4.526s] Level 1:colcon.colcon_core.shell:create_environment_hook('250114', 'pythonpath_develop')
[4.531s] INFO:colcon.colcon_core.shell:Creating environment hook '/home/shh/ssafy_ws/build/250114/share/250114/hook/pythonpath_develop.ps1'
[4.533s] INFO:colcon.colcon_core.shell:Creating environment descriptor '/home/shh/ssafy_ws/build/250114/share/250114/hook/pythonpath_develop.dsv'
[4.533s] DEBUG:colcon.colcon_core.event_handler.log_command:Invoked command in '/home/shh/ssafy_ws/build/250114' returned '0': PYTHONPATH=/home/shh/ssafy_ws/build/250114/prefix_override:/home/shh/ssafy_ws/install/250114/lib/python3.8/site-packages:${PYTHONPATH} /usr/bin/python3 setup.py develop --editable --build-directory /home/shh/ssafy_ws/build/250114/build --no-deps install_data
[4.534s] INFO:colcon.colcon_core.shell:Creating environment hook '/home/shh/ssafy_ws/build/250114/share/250114/hook/pythonpath_develop.sh'
[4.544s] Level 1:colcon.colcon_core.environment:checking '/home/shh/ssafy_ws/install/250114' for CMake module files
[4.545s] Level 1:colcon.colcon_core.environment:checking '/home/shh/ssafy_ws/install/250114' for CMake config files
[4.546s] Level 1:colcon.colcon_core.environment:checking '/home/shh/ssafy_ws/install/250114/lib'
[4.546s] Level 1:colcon.colcon_core.environment:checking '/home/shh/ssafy_ws/install/250114/bin'
[4.546s] Level 1:colcon.colcon_core.environment:checking '/home/shh/ssafy_ws/install/250114/lib/pkgconfig/250114.pc'
[4.546s] Level 1:colcon.colcon_core.environment:checking '/home/shh/ssafy_ws/install/250114/lib/python3.8/site-packages'
[4.546s] Level 1:colcon.colcon_core.shell:create_environment_hook('250114', 'pythonpath')
[4.552s] INFO:colcon.colcon_core.shell:Creating environment hook '/home/shh/ssafy_ws/install/250114/share/250114/hook/pythonpath.ps1'
[4.553s] INFO:colcon.colcon_core.shell:Creating environment descriptor '/home/shh/ssafy_ws/install/250114/share/250114/hook/pythonpath.dsv'
[4.553s] INFO:colcon.colcon_core.shell:Creating environment hook '/home/shh/ssafy_ws/install/250114/share/250114/hook/pythonpath.sh'
[4.553s] Level 1:colcon.colcon_core.environment:checking '/home/shh/ssafy_ws/install/250114/bin'
[4.554s] Level 1:colcon.colcon_core.environment:create_environment_scripts_only(250114)
[4.559s] INFO:colcon.colcon_core.shell:Creating package script '/home/shh/ssafy_ws/install/250114/share/250114/package.ps1'
[4.560s] INFO:colcon.colcon_core.shell:Creating package descriptor '/home/shh/ssafy_ws/install/250114/share/250114/package.dsv'
[4.560s] INFO:colcon.colcon_core.shell:Creating package script '/home/shh/ssafy_ws/install/250114/share/250114/package.sh'
[4.561s] INFO:colcon.colcon_core.shell:Creating package script '/home/shh/ssafy_ws/install/250114/share/250114/package.bash'
[4.562s] INFO:colcon.colcon_core.shell:Creating package script '/home/shh/ssafy_ws/install/250114/share/250114/package.zsh'
[4.562s] Level 1:colcon.colcon_core.environment:create_file_with_runtime_dependencies(/home/shh/ssafy_ws/install/250114/share/colcon-core/packages/250114)
[4.562s] Level 1:colcon.colcon_core.shell:create_environment_hook('simple_car_tf', 'pythonpath_develop')
[4.566s] INFO:colcon.colcon_core.shell:Creating environment hook '/home/shh/ssafy_ws/build/simple_car_tf/share/simple_car_tf/hook/pythonpath_develop.ps1'
[4.567s] INFO:colcon.colcon_core.shell:Creating environment descriptor '/home/shh/ssafy_ws/build/simple_car_tf/share/simple_car_tf/hook/pythonpath_develop.dsv'
[4.568s] DEBUG:colcon.colcon_core.event_handler.log_command:Invoked command in '/home/shh/ssafy_ws/build/simple_car_tf' returned '0': PYTHONPATH=/home/shh/ssafy_ws/build/simple_car_tf/prefix_override:/home/shh/ssafy_ws/install/simple_car_tf/lib/python3.8/site-packages:${PYTHONPATH} /usr/bin/python3 setup.py develop --editable --build-directory /home/shh/ssafy_ws/build/simple_car_tf/build --no-deps install_data
[4.569s] INFO:colcon.colcon_core.shell:Creating environment hook '/home/shh/ssafy_ws/build/simple_car_tf/share/simple_car_tf/hook/pythonpath_develop.sh'
[4.577s] Level 1:colcon.colcon_core.environment:checking '/home/shh/ssafy_ws/install/simple_car_tf' for CMake module files
[4.578s] Level 1:colcon.colcon_core.environment:checking '/home/shh/ssafy_ws/install/simple_car_tf' for CMake config files
[4.578s] Level 1:colcon.colcon_core.environment:checking '/home/shh/ssafy_ws/install/simple_car_tf/lib'
[4.578s] Level 1:colcon.colcon_core.environment:checking '/home/shh/ssafy_ws/install/simple_car_tf/bin'
[4.578s] Level 1:colcon.colcon_core.environment:checking '/home/shh/ssafy_ws/install/simple_car_tf/lib/pkgconfig/simple_car_tf.pc'
[4.579s] Level 1:colcon.colcon_core.environment:checking '/home/shh/ssafy_ws/install/simple_car_tf/lib/python3.8/site-packages'
[4.579s] Level 1:colcon.colcon_core.shell:create_environment_hook('simple_car_tf', 'pythonpath')
[4.583s] INFO:colcon.colcon_core.shell:Creating environment hook '/home/shh/ssafy_ws/install/simple_car_tf/share/simple_car_tf/hook/pythonpath.ps1'
[4.583s] INFO:colcon.colcon_core.shell:Creating environment descriptor '/home/shh/ssafy_ws/install/simple_car_tf/share/simple_car_tf/hook/pythonpath.dsv'
[4.583s] INFO:colcon.colcon_core.shell:Creating environment hook '/home/shh/ssafy_ws/install/simple_car_tf/share/simple_car_tf/hook/pythonpath.sh'
[4.584s] Level 1:colcon.colcon_core.environment:checking '/home/shh/ssafy_ws/install/simple_car_tf/bin'
[4.584s] Level 1:colcon.colcon_core.environment:create_environment_scripts_only(simple_car_tf)
[4.588s] INFO:colcon.colcon_core.shell:Creating package script '/home/shh/ssafy_ws/install/simple_car_tf/share/simple_car_tf/package.ps1'
[4.589s] INFO:colcon.colcon_core.shell:Creating package descriptor '/home/shh/ssafy_ws/install/simple_car_tf/share/simple_car_tf/package.dsv'
[4.589s] INFO:colcon.colcon_core.shell:Creating package script '/home/shh/ssafy_ws/install/simple_car_tf/share/simple_car_tf/package.sh'
[4.589s] INFO:colcon.colcon_core.shell:Creating package script '/home/shh/ssafy_ws/install/simple_car_tf/share/simple_car_tf/package.bash'
[4.590s] INFO:colcon.colcon_core.shell:Creating package script '/home/shh/ssafy_ws/install/simple_car_tf/share/simple_car_tf/package.zsh'
[4.590s] Level 1:colcon.colcon_core.environment:create_file_with_runtime_dependencies(/home/shh/ssafy_ws/install/simple_car_tf/share/colcon-core/packages/simple_car_tf)
[4.590s] DEBUG:colcon.colcon_parallel_executor.executor.parallel:closing loop
[4.591s] DEBUG:colcon.colcon_parallel_executor.executor.parallel:loop closed
[4.591s] DEBUG:colcon.colcon_parallel_executor.executor.parallel:run_until_complete finished with '0'
[4.591s] DEBUG:colcon.colcon_core.event_reactor:joining thread
[4.605s] INFO:colcon.colcon_core.plugin_system:Skipping extension 'colcon_notification.desktop_notification.terminal_notifier': Not used on non-Darwin systems
[4.605s] INFO:colcon.colcon_core.plugin_system:Skipping extension 'colcon_notification.desktop_notification.win32': Not used on non-Windows systems
[4.605s] INFO:colcon.colcon_notification.desktop_notification:Sending desktop notification using 'notify2'
[4.626s] DEBUG:colcon.colcon_core.event_reactor:joined thread
[4.632s] INFO:colcon.colcon_core.shell:Creating prefix script '/home/shh/ssafy_ws/install/local_setup.ps1'
[4.632s] INFO:colcon.colcon_core.shell:Creating prefix util module '/home/shh/ssafy_ws/install/_local_setup_util_ps1.py'
[4.633s] INFO:colcon.colcon_core.shell:Creating prefix chain script '/home/shh/ssafy_ws/install/setup.ps1'
[4.637s] INFO:colcon.colcon_core.shell:Creating prefix script '/home/shh/ssafy_ws/install/local_setup.sh'
[4.638s] INFO:colcon.colcon_core.shell:Creating prefix util module '/home/shh/ssafy_ws/install/_local_setup_util_sh.py'
[4.638s] INFO:colcon.colcon_core.shell:Creating prefix chain script '/home/shh/ssafy_ws/install/setup.sh'
[4.643s] INFO:colcon.colcon_core.shell:Creating prefix script '/home/shh/ssafy_ws/install/local_setup.bash'
[4.643s] INFO:colcon.colcon_core.shell:Creating prefix chain script '/home/shh/ssafy_ws/install/setup.bash'
[4.648s] INFO:colcon.colcon_core.shell:Creating prefix script '/home/shh/ssafy_ws/install/local_setup.zsh'
[4.648s] INFO:colcon.colcon_core.shell:Creating prefix chain script '/home/shh/ssafy_ws/install/setup.zsh'
