[0.128s] Invoking command in '/home/shh/ssafy_gazeboy/ssafy_ws/build/turtlebot3_cartographer': CMAKE_PREFIX_PATH=${CMAKE_PREFIX_PATH}:/home/shh/ssafy_gazeboy/ssafy_ws/install/turtlebot3_teleop:/home/shh/ssafy_gazeboy/ssafy_ws/install/turtlebot3_example:/home/shh/ssafy_gazeboy/ssafy_ws/install/250114:/opt/ros/foxy /usr/bin/cmake /home/shh/ssafy_gazeboy/ssafy_ws/src/turtlebot3/turtlebot3_cartographer -DAMENT_CMAKE_SYMLINK_INSTALL=1 -DCMAKE_INSTALL_PREFIX=/home/shh/ssafy_gazeboy/ssafy_ws/install/turtlebot3_cartographer
[0.464s] -- The C compiler identification is GNU 9.4.0
[0.464s] -- The CXX compiler identification is GNU 9.4.0
[0.464s] -- Check for working C compiler: /usr/bin/cc
[0.464s] -- Check for working C compiler: /usr/bin/cc -- works
[0.464s] -- Detecting C compiler ABI info
[0.476s] -- Detecting C compiler ABI info - done
[0.491s] -- Detecting C compile features
[0.491s] -- Detecting C compile features - done
[0.494s] -- Check for working CXX compiler: /usr/bin/c++
[0.591s] -- Check for working CXX compiler: /usr/bin/c++ -- works
[0.593s] -- Detecting CXX compiler ABI info
[0.679s] -- Detecting CXX compiler ABI info - done
[0.695s] -- Detecting CXX compile features
[0.695s] -- Detecting CXX compile features - done
[0.698s] -- Found ament_cmake: 0.9.12 (/opt/ros/foxy/share/ament_cmake/cmake)
[0.731s] -- Found PythonInterp: /usr/bin/python3 (found suitable version "3.8.10", minimum required is "3") 
[0.731s] -- Using PYTHON_EXECUTABLE: /usr/bin/python3
[0.944s] -- Override CMake install command with custom implementation using symlinks instead of copying resources
[1.054s] -- Configuring done
[1.056s] -- Generating done
[1.057s] -- Build files have been written to: /home/shh/ssafy_gazeboy/ssafy_ws/build/turtlebot3_cartographer
[1.061s] Invoked command in '/home/shh/ssafy_gazeboy/ssafy_ws/build/turtlebot3_cartographer' returned '0': CMAKE_PREFIX_PATH=${CMAKE_PREFIX_PATH}:/home/shh/ssafy_gazeboy/ssafy_ws/install/turtlebot3_teleop:/home/shh/ssafy_gazeboy/ssafy_ws/install/turtlebot3_example:/home/shh/ssafy_gazeboy/ssafy_ws/install/250114:/opt/ros/foxy /usr/bin/cmake /home/shh/ssafy_gazeboy/ssafy_ws/src/turtlebot3/turtlebot3_cartographer -DAMENT_CMAKE_SYMLINK_INSTALL=1 -DCMAKE_INSTALL_PREFIX=/home/shh/ssafy_gazeboy/ssafy_ws/install/turtlebot3_cartographer
[1.066s] Invoking command in '/home/shh/ssafy_gazeboy/ssafy_ws/build/turtlebot3_cartographer': CMAKE_PREFIX_PATH=${CMAKE_PREFIX_PATH}:/home/shh/ssafy_gazeboy/ssafy_ws/install/turtlebot3_teleop:/home/shh/ssafy_gazeboy/ssafy_ws/install/turtlebot3_example:/home/shh/ssafy_gazeboy/ssafy_ws/install/250114:/opt/ros/foxy /usr/bin/cmake --build /home/shh/ssafy_gazeboy/ssafy_ws/build/turtlebot3_cartographer -- -j16 -l16
[1.121s] Invoked command in '/home/shh/ssafy_gazeboy/ssafy_ws/build/turtlebot3_cartographer' returned '0': CMAKE_PREFIX_PATH=${CMAKE_PREFIX_PATH}:/home/shh/ssafy_gazeboy/ssafy_ws/install/turtlebot3_teleop:/home/shh/ssafy_gazeboy/ssafy_ws/install/turtlebot3_example:/home/shh/ssafy_gazeboy/ssafy_ws/install/250114:/opt/ros/foxy /usr/bin/cmake --build /home/shh/ssafy_gazeboy/ssafy_ws/build/turtlebot3_cartographer -- -j16 -l16
[1.176s] Invoking command in '/home/shh/ssafy_gazeboy/ssafy_ws/build/turtlebot3_cartographer': CMAKE_PREFIX_PATH=${CMAKE_PREFIX_PATH}:/home/shh/ssafy_gazeboy/ssafy_ws/install/turtlebot3_teleop:/home/shh/ssafy_gazeboy/ssafy_ws/install/turtlebot3_example:/home/shh/ssafy_gazeboy/ssafy_ws/install/250114:/opt/ros/foxy /usr/bin/cmake --install /home/shh/ssafy_gazeboy/ssafy_ws/build/turtlebot3_cartographer
[1.196s] -- Install configuration: ""
[1.197s] -- Execute custom install script
[1.197s] -- Symlinking: /home/shh/ssafy_gazeboy/ssafy_ws/install/turtlebot3_cartographer/share/turtlebot3_cartographer/config/turtlebot3_lds_2d.lua
[1.204s] -- Symlinking: /home/shh/ssafy_gazeboy/ssafy_ws/install/turtlebot3_cartographer/share/turtlebot3_cartographer/launch/cartographer.launch.py
[1.217s] -- Symlinking: /home/shh/ssafy_gazeboy/ssafy_ws/install/turtlebot3_cartographer/share/turtlebot3_cartographer/launch/occupancy_grid.launch.py
[1.234s] -- Symlinking: /home/shh/ssafy_gazeboy/ssafy_ws/install/turtlebot3_cartographer/share/turtlebot3_cartographer/rviz/tb3_cartographer.rviz
[1.243s] -- Symlinking: /home/shh/ssafy_gazeboy/ssafy_ws/install/turtlebot3_cartographer/share/ament_index/resource_index/package_run_dependencies/turtlebot3_cartographer
[1.261s] -- Symlinking: /home/shh/ssafy_gazeboy/ssafy_ws/install/turtlebot3_cartographer/share/ament_index/resource_index/parent_prefix_path/turtlebot3_cartographer
[1.278s] -- Symlinking: /home/shh/ssafy_gazeboy/ssafy_ws/install/turtlebot3_cartographer/share/turtlebot3_cartographer/environment/ament_prefix_path.sh
[1.290s] -- Symlinking: /home/shh/ssafy_gazeboy/ssafy_ws/install/turtlebot3_cartographer/share/turtlebot3_cartographer/environment/ament_prefix_path.dsv
[1.301s] -- Symlinking: /home/shh/ssafy_gazeboy/ssafy_ws/install/turtlebot3_cartographer/share/turtlebot3_cartographer/environment/path.sh
[1.316s] -- Symlinking: /home/shh/ssafy_gazeboy/ssafy_ws/install/turtlebot3_cartographer/share/turtlebot3_cartographer/environment/path.dsv
[1.332s] -- Symlinking: /home/shh/ssafy_gazeboy/ssafy_ws/install/turtlebot3_cartographer/share/turtlebot3_cartographer/local_setup.bash
[1.347s] -- Symlinking: /home/shh/ssafy_gazeboy/ssafy_ws/install/turtlebot3_cartographer/share/turtlebot3_cartographer/local_setup.sh
[1.358s] -- Symlinking: /home/shh/ssafy_gazeboy/ssafy_ws/install/turtlebot3_cartographer/share/turtlebot3_cartographer/local_setup.zsh
[1.372s] -- Symlinking: /home/shh/ssafy_gazeboy/ssafy_ws/install/turtlebot3_cartographer/share/turtlebot3_cartographer/local_setup.dsv
[1.384s] -- Symlinking: /home/shh/ssafy_gazeboy/ssafy_ws/install/turtlebot3_cartographer/share/turtlebot3_cartographer/package.dsv
[1.395s] -- Symlinking: /home/shh/ssafy_gazeboy/ssafy_ws/install/turtlebot3_cartographer/share/ament_index/resource_index/packages/turtlebot3_cartographer
[1.408s] -- Symlinking: /home/shh/ssafy_gazeboy/ssafy_ws/install/turtlebot3_cartographer/share/turtlebot3_cartographer/cmake/turtlebot3_cartographerConfig.cmake
[1.421s] -- Symlinking: /home/shh/ssafy_gazeboy/ssafy_ws/install/turtlebot3_cartographer/share/turtlebot3_cartographer/cmake/turtlebot3_cartographerConfig-version.cmake
[1.433s] -- Symlinking: /home/shh/ssafy_gazeboy/ssafy_ws/install/turtlebot3_cartographer/share/turtlebot3_cartographer/package.xml
[1.451s] Invoked command in '/home/shh/ssafy_gazeboy/ssafy_ws/build/turtlebot3_cartographer' returned '0': CMAKE_PREFIX_PATH=${CMAKE_PREFIX_PATH}:/home/shh/ssafy_gazeboy/ssafy_ws/install/turtlebot3_teleop:/home/shh/ssafy_gazeboy/ssafy_ws/install/turtlebot3_example:/home/shh/ssafy_gazeboy/ssafy_ws/install/250114:/opt/ros/foxy /usr/bin/cmake --install /home/shh/ssafy_gazeboy/ssafy_ws/build/turtlebot3_cartographer
