[0.146s] Invoking command in '/home/shh/ssafy_gazeboy/ssafy_ws/build/turtlebot3_msgs': CMAKE_PREFIX_PATH=/opt/ros/foxy /usr/bin/cmake /home/shh/ssafy_gazeboy/ssafy_ws/src/turtlebot3_msgs -DAMENT_CMAKE_SYMLINK_INSTALL=1 -DCMAKE_INSTALL_PREFIX=/home/shh/ssafy_gazeboy/ssafy_ws/install/turtlebot3_msgs
[0.475s] -- The C compiler identification is GNU 9.4.0
[0.490s] -- The CXX compiler identification is GNU 9.4.0
[0.498s] -- Check for working C compiler: /usr/bin/cc
[0.599s] -- Check for working C compiler: /usr/bin/cc -- works
[0.601s] -- Detecting C compiler ABI info
[0.690s] -- Detecting C compiler ABI info - done
[0.702s] -- Detecting C compile features
[0.702s] -- Detecting C compile features - done
[0.704s] -- Check for working CXX compiler: /usr/bin/c++
[0.797s] -- Check for working CXX compiler: /usr/bin/c++ -- works
[0.798s] -- Detecting CXX compiler ABI info
[0.907s] -- Detecting CXX compiler ABI info - done
[0.921s] -- Detecting CXX compile features
[0.922s] -- Detecting CXX compile features - done
[0.925s] -- Found action_msgs: 1.0.0 (/opt/ros/foxy/share/action_msgs/cmake)
[0.958s] -- Found PythonInterp: /usr/bin/python3 (found suitable version "3.8.10", minimum required is "3") 
[0.958s] -- Using PYTHON_EXECUTABLE: /usr/bin/python3
[1.146s] -- Override CMake install command with custom implementation using symlinks instead of copying resources
[1.227s] -- Using all available rosidl_typesupport_c: rosidl_typesupport_fastrtps_c;rosidl_typesupport_introspection_c
[1.238s] -- Found rosidl_adapter: 1.3.1 (/opt/ros/foxy/share/rosidl_adapter/cmake)
[1.408s] -- Found OpenSSL: /usr/lib/x86_64-linux-gnu/libcrypto.so (found version "1.1.1f")  
[1.450s] -- Found FastRTPS: /opt/ros/foxy/include  
[1.550s] -- Using all available rosidl_typesupport_cpp: rosidl_typesupport_fastrtps_cpp;rosidl_typesupport_introspection_cpp
[1.628s] -- Found rosidl_default_generators: 1.0.1 (/opt/ros/foxy/share/rosidl_default_generators/cmake)
[1.643s] -- Found std_msgs: 2.0.5 (/opt/ros/foxy/share/std_msgs/cmake)
[1.694s] -- Found PythonInterp: /usr/bin/python3 (found version "3.8.10") 
[1.915s] -- Found ament_cmake_cppcheck: 0.9.8 (/opt/ros/foxy/share/ament_cmake_cppcheck/cmake)
[1.915s] -- Found ament_cmake_cpplint: 0.9.8 (/opt/ros/foxy/share/ament_cmake_cpplint/cmake)
[1.921s] -- Found ament_cmake_uncrustify: 0.9.8 (/opt/ros/foxy/share/ament_cmake_uncrustify/cmake)
[1.923s] -- Found ament_cmake_ros: 0.9.2 (/opt/ros/foxy/share/ament_cmake_ros/cmake)
[2.146s] -- Using all available rosidl_typesupport_c: rosidl_typesupport_fastrtps_c;rosidl_typesupport_introspection_c
[2.217s] -- Using all available rosidl_typesupport_cpp: rosidl_typesupport_fastrtps_cpp;rosidl_typesupport_introspection_cpp
[2.246s] -- Found PythonInterp: /usr/bin/python3 (found suitable version "3.8.10", minimum required is "3.5") 
[2.249s] -- Found python_cmake_module: 0.8.1 (/opt/ros/foxy/share/python_cmake_module/cmake)
[2.284s] -- Found PythonLibs: /usr/lib/x86_64-linux-gnu/libpython3.8.so (found suitable version "3.8.10", minimum required is "3.5") 
[2.285s] -- Using PYTHON_EXECUTABLE: /usr/bin/python3
[2.285s] -- Using PYTHON_INCLUDE_DIRS: /usr/include/python3.8
[2.285s] -- Using PYTHON_LIBRARIES: /usr/lib/x86_64-linux-gnu/libpython3.8.so
[2.307s] -- Found PythonExtra: .so  
[2.395s] -- Found ament_cmake_flake8: 0.9.8 (/opt/ros/foxy/share/ament_cmake_flake8/cmake)
[2.398s] -- Found ament_cmake_pep257: 0.9.8 (/opt/ros/foxy/share/ament_cmake_pep257/cmake)
[2.423s] -- Configuring done
[2.497s] -- Generating done
[2.500s] -- Build files have been written to: /home/shh/ssafy_gazeboy/ssafy_ws/build/turtlebot3_msgs
[2.509s] Invoked command in '/home/shh/ssafy_gazeboy/ssafy_ws/build/turtlebot3_msgs' returned '0': CMAKE_PREFIX_PATH=/opt/ros/foxy /usr/bin/cmake /home/shh/ssafy_gazeboy/ssafy_ws/src/turtlebot3_msgs -DAMENT_CMAKE_SYMLINK_INSTALL=1 -DCMAKE_INSTALL_PREFIX=/home/shh/ssafy_gazeboy/ssafy_ws/install/turtlebot3_msgs
[2.514s] Invoking command in '/home/shh/ssafy_gazeboy/ssafy_ws/build/turtlebot3_msgs': CMAKE_PREFIX_PATH=/opt/ros/foxy /usr/bin/cmake --build /home/shh/ssafy_gazeboy/ssafy_ws/build/turtlebot3_msgs -- -j16 -l16
[2.575s] [35m[1mScanning dependencies of target turtlebot3_msgs__cpp[0m
[2.579s] [  1%] [34m[1mGenerating C code for ROS interfaces[0m
[2.588s] [  2%] [34m[1mGenerating C++ code for ROS interfaces[0m
[3.334s] [  2%] Built target turtlebot3_msgs__cpp
[3.347s] [  4%] [34m[1mGenerating C++ type support dispatch for ROS interfaces[0m
[3.347s] [  5%] [34m[1mGenerating C++ type support for eProsima Fast-RTPS[0m
[3.348s] [  7%] [34m[1mGenerating C++ introspection for ROS interfaces[0m
[3.353s] [35m[1mScanning dependencies of target turtlebot3_msgs__rosidl_generator_c[0m
[3.383s] [  8%] [32mBuilding C object CMakeFiles/turtlebot3_msgs__rosidl_generator_c.dir/rosidl_generator_c/turtlebot3_msgs/msg/detail/version_info__functions.c.o[0m
[3.384s] [ 11%] [32mBuilding C object CMakeFiles/turtlebot3_msgs__rosidl_generator_c.dir/rosidl_generator_c/turtlebot3_msgs/srv/detail/sound__functions.c.o[0m
[3.384s] [ 11%] [32mBuilding C object CMakeFiles/turtlebot3_msgs__rosidl_generator_c.dir/rosidl_generator_c/turtlebot3_msgs/msg/detail/sound__functions.c.o[0m
[3.387s] [ 12%] [32mBuilding C object CMakeFiles/turtlebot3_msgs__rosidl_generator_c.dir/rosidl_generator_c/turtlebot3_msgs/msg/detail/sensor_state__functions.c.o[0m
[3.388s] [ 15%] [32mBuilding C object CMakeFiles/turtlebot3_msgs__rosidl_generator_c.dir/rosidl_generator_c/turtlebot3_msgs/srv/detail/dqn__functions.c.o[0m
[3.388s] [ 15%] [32mBuilding C object CMakeFiles/turtlebot3_msgs__rosidl_generator_c.dir/rosidl_generator_c/turtlebot3_msgs/action/detail/patrol__functions.c.o[0m
[3.545s] [ 16%] [32m[1mLinking C shared library libturtlebot3_msgs__rosidl_generator_c.so[0m
[3.605s] [ 16%] Built target turtlebot3_msgs__rosidl_generator_c
[3.622s] [ 18%] [34m[1mGenerating C introspection for ROS interfaces[0m
[3.624s] [ 19%] [34m[1mGenerating C type support dispatch for ROS interfaces[0m
[3.865s] [35m[1mScanning dependencies of target turtlebot3_msgs__rosidl_typesupport_cpp[0m
[3.894s] [ 21%] [32mBuilding CXX object CMakeFiles/turtlebot3_msgs__rosidl_typesupport_cpp.dir/rosidl_typesupport_cpp/turtlebot3_msgs/msg/sound__type_support.cpp.o[0m
[3.894s] [ 22%] [32mBuilding CXX object CMakeFiles/turtlebot3_msgs__rosidl_typesupport_cpp.dir/rosidl_typesupport_cpp/turtlebot3_msgs/srv/sound__type_support.cpp.o[0m
[3.895s] [ 23%] [32mBuilding CXX object CMakeFiles/turtlebot3_msgs__rosidl_typesupport_cpp.dir/rosidl_typesupport_cpp/turtlebot3_msgs/msg/sensor_state__type_support.cpp.o[0m
[3.896s] [ 25%] [32mBuilding CXX object CMakeFiles/turtlebot3_msgs__rosidl_typesupport_cpp.dir/rosidl_typesupport_cpp/turtlebot3_msgs/srv/dqn__type_support.cpp.o[0m
[3.897s] [ 26%] [32mBuilding CXX object CMakeFiles/turtlebot3_msgs__rosidl_typesupport_cpp.dir/rosidl_typesupport_cpp/turtlebot3_msgs/action/patrol__type_support.cpp.o[0m
[3.899s] [ 28%] [32mBuilding CXX object CMakeFiles/turtlebot3_msgs__rosidl_typesupport_cpp.dir/rosidl_typesupport_cpp/turtlebot3_msgs/msg/version_info__type_support.cpp.o[0m
[3.991s] [35m[1mScanning dependencies of target turtlebot3_msgs__rosidl_typesupport_introspection_cpp[0m
[4.025s] [ 29%] [32mBuilding CXX object CMakeFiles/turtlebot3_msgs__rosidl_typesupport_introspection_cpp.dir/rosidl_typesupport_introspection_cpp/turtlebot3_msgs/msg/detail/sensor_state__type_support.cpp.o[0m
[4.026s] [ 30%] [32mBuilding CXX object CMakeFiles/turtlebot3_msgs__rosidl_typesupport_introspection_cpp.dir/rosidl_typesupport_introspection_cpp/turtlebot3_msgs/msg/detail/version_info__type_support.cpp.o[0m
[4.027s] [ 32%] [32mBuilding CXX object CMakeFiles/turtlebot3_msgs__rosidl_typesupport_introspection_cpp.dir/rosidl_typesupport_introspection_cpp/turtlebot3_msgs/msg/detail/sound__type_support.cpp.o[0m
[4.037s] [ 35%] [32mBuilding CXX object CMakeFiles/turtlebot3_msgs__rosidl_typesupport_introspection_cpp.dir/rosidl_typesupport_introspection_cpp/turtlebot3_msgs/srv/detail/sound__type_support.cpp.o[0m
[4.037s] [ 35%] [32mBuilding CXX object CMakeFiles/turtlebot3_msgs__rosidl_typesupport_introspection_cpp.dir/rosidl_typesupport_introspection_cpp/turtlebot3_msgs/srv/detail/dqn__type_support.cpp.o[0m
[4.042s] [ 36%] [32mBuilding CXX object CMakeFiles/turtlebot3_msgs__rosidl_typesupport_introspection_cpp.dir/rosidl_typesupport_introspection_cpp/turtlebot3_msgs/action/detail/patrol__type_support.cpp.o[0m
[4.314s] [35m[1mScanning dependencies of target turtlebot3_msgs__rosidl_typesupport_c[0m
[4.334s] [35m[1mScanning dependencies of target turtlebot3_msgs__rosidl_typesupport_fastrtps_cpp[0m
[4.351s] [ 38%] [32mBuilding CXX object CMakeFiles/turtlebot3_msgs__rosidl_typesupport_c.dir/rosidl_typesupport_c/turtlebot3_msgs/srv/sound__type_support.cpp.o[0m
[4.352s] [ 39%] [32mBuilding CXX object CMakeFiles/turtlebot3_msgs__rosidl_typesupport_c.dir/rosidl_typesupport_c/turtlebot3_msgs/msg/version_info__type_support.cpp.o[0m
[4.356s] [ 40%] [32mBuilding CXX object CMakeFiles/turtlebot3_msgs__rosidl_typesupport_c.dir/rosidl_typesupport_c/turtlebot3_msgs/msg/sensor_state__type_support.cpp.o[0m
[4.361s] [ 42%] [32mBuilding CXX object CMakeFiles/turtlebot3_msgs__rosidl_typesupport_c.dir/rosidl_typesupport_c/turtlebot3_msgs/msg/sound__type_support.cpp.o[0m
[4.365s] [ 43%] [32mBuilding CXX object CMakeFiles/turtlebot3_msgs__rosidl_typesupport_c.dir/rosidl_typesupport_c/turtlebot3_msgs/srv/dqn__type_support.cpp.o[0m
[4.377s] [ 45%] [32mBuilding CXX object CMakeFiles/turtlebot3_msgs__rosidl_typesupport_c.dir/rosidl_typesupport_c/turtlebot3_msgs/action/patrol__type_support.cpp.o[0m
[4.436s] [ 46%] [32m[1mLinking CXX shared library libturtlebot3_msgs__rosidl_typesupport_cpp.so[0m
[4.444s] [ 47%] [32mBuilding CXX object CMakeFiles/turtlebot3_msgs__rosidl_typesupport_fastrtps_cpp.dir/rosidl_typesupport_fastrtps_cpp/turtlebot3_msgs/msg/detail/dds_fastrtps/sensor_state__type_support.cpp.o[0m
[4.446s] [ 49%] [32mBuilding CXX object CMakeFiles/turtlebot3_msgs__rosidl_typesupport_fastrtps_cpp.dir/rosidl_typesupport_fastrtps_cpp/turtlebot3_msgs/msg/detail/dds_fastrtps/version_info__type_support.cpp.o[0m
[4.448s] [ 50%] [32mBuilding CXX object CMakeFiles/turtlebot3_msgs__rosidl_typesupport_fastrtps_cpp.dir/rosidl_typesupport_fastrtps_cpp/turtlebot3_msgs/srv/detail/dds_fastrtps/sound__type_support.cpp.o[0m
[4.453s] [ 52%] [32mBuilding CXX object CMakeFiles/turtlebot3_msgs__rosidl_typesupport_fastrtps_cpp.dir/rosidl_typesupport_fastrtps_cpp/turtlebot3_msgs/srv/detail/dds_fastrtps/dqn__type_support.cpp.o[0m
[4.456s] [ 53%] [32mBuilding CXX object CMakeFiles/turtlebot3_msgs__rosidl_typesupport_fastrtps_cpp.dir/rosidl_typesupport_fastrtps_cpp/turtlebot3_msgs/msg/detail/dds_fastrtps/sound__type_support.cpp.o[0m
[4.469s] [ 54%] [32mBuilding CXX object CMakeFiles/turtlebot3_msgs__rosidl_typesupport_fastrtps_cpp.dir/rosidl_typesupport_fastrtps_cpp/turtlebot3_msgs/action/detail/dds_fastrtps/patrol__type_support.cpp.o[0m
[4.475s] [ 56%] [32m[1mLinking CXX shared library libturtlebot3_msgs__rosidl_typesupport_c.so[0m
[4.512s] [ 56%] Built target turtlebot3_msgs__rosidl_typesupport_cpp
[4.561s] [35m[1mScanning dependencies of target turtlebot3_msgs__rosidl_typesupport_introspection_c[0m
[4.566s] [ 56%] Built target turtlebot3_msgs__rosidl_typesupport_c
[4.592s] [ 57%] [32m[1mLinking CXX shared library libturtlebot3_msgs__rosidl_typesupport_introspection_cpp.so[0m
[4.594s] [ 59%] [32mBuilding C object CMakeFiles/turtlebot3_msgs__rosidl_typesupport_introspection_c.dir/rosidl_typesupport_introspection_c/turtlebot3_msgs/msg/detail/sensor_state__type_support.c.o[0m
[4.596s] [ 60%] [32mBuilding C object CMakeFiles/turtlebot3_msgs__rosidl_typesupport_introspection_c.dir/rosidl_typesupport_introspection_c/turtlebot3_msgs/msg/detail/version_info__type_support.c.o[0m
[4.596s] [ 61%] [32mBuilding C object CMakeFiles/turtlebot3_msgs__rosidl_typesupport_introspection_c.dir/rosidl_typesupport_introspection_c/turtlebot3_msgs/msg/detail/sound__type_support.c.o[0m
[4.596s] [ 63%] [32mBuilding C object CMakeFiles/turtlebot3_msgs__rosidl_typesupport_introspection_c.dir/rosidl_typesupport_introspection_c/turtlebot3_msgs/srv/detail/sound__type_support.c.o[0m
[4.598s] [ 64%] [32mBuilding C object CMakeFiles/turtlebot3_msgs__rosidl_typesupport_introspection_c.dir/rosidl_typesupport_introspection_c/turtlebot3_msgs/srv/detail/dqn__type_support.c.o[0m
[4.612s] [ 66%] [32mBuilding C object CMakeFiles/turtlebot3_msgs__rosidl_typesupport_introspection_c.dir/rosidl_typesupport_introspection_c/turtlebot3_msgs/action/detail/patrol__type_support.c.o[0m
[4.683s] [ 67%] [32m[1mLinking C shared library libturtlebot3_msgs__rosidl_typesupport_introspection_c.so[0m
[4.740s] [ 67%] Built target turtlebot3_msgs__rosidl_typesupport_introspection_c
[4.748s] [ 67%] Built target turtlebot3_msgs__rosidl_typesupport_introspection_cpp
[5.160s] [ 69%] [32m[1mLinking CXX shared library libturtlebot3_msgs__rosidl_typesupport_fastrtps_cpp.so[0m
[5.282s] [ 69%] Built target turtlebot3_msgs__rosidl_typesupport_fastrtps_cpp
[5.298s] [ 70%] [34m[1mGenerating C type support for eProsima Fast-RTPS[0m
[5.930s] [35m[1mScanning dependencies of target turtlebot3_msgs__rosidl_typesupport_fastrtps_c[0m
[5.966s] [ 73%] [32mBuilding CXX object CMakeFiles/turtlebot3_msgs__rosidl_typesupport_fastrtps_c.dir/rosidl_typesupport_fastrtps_c/turtlebot3_msgs/msg/detail/sound__type_support_c.cpp.o[0m
[5.966s] [ 73%] [32mBuilding CXX object CMakeFiles/turtlebot3_msgs__rosidl_typesupport_fastrtps_c.dir/rosidl_typesupport_fastrtps_c/turtlebot3_msgs/msg/detail/sensor_state__type_support_c.cpp.o[0m
[5.967s] [ 76%] [32mBuilding CXX object CMakeFiles/turtlebot3_msgs__rosidl_typesupport_fastrtps_c.dir/rosidl_typesupport_fastrtps_c/turtlebot3_msgs/msg/detail/version_info__type_support_c.cpp.o[0m
[5.968s] [ 76%] [32mBuilding CXX object CMakeFiles/turtlebot3_msgs__rosidl_typesupport_fastrtps_c.dir/rosidl_typesupport_fastrtps_c/turtlebot3_msgs/srv/detail/sound__type_support_c.cpp.o[0m
[5.968s] [ 77%] [32mBuilding CXX object CMakeFiles/turtlebot3_msgs__rosidl_typesupport_fastrtps_c.dir/rosidl_typesupport_fastrtps_c/turtlebot3_msgs/action/detail/patrol__type_support_c.cpp.o[0m
[5.970s] [ 78%] [32mBuilding CXX object CMakeFiles/turtlebot3_msgs__rosidl_typesupport_fastrtps_c.dir/rosidl_typesupport_fastrtps_c/turtlebot3_msgs/srv/detail/dqn__type_support_c.cpp.o[0m
[6.416s] [ 80%] [32m[1mLinking CXX shared library libturtlebot3_msgs__rosidl_typesupport_fastrtps_c.so[0m
[6.535s] [ 80%] Built target turtlebot3_msgs__rosidl_typesupport_fastrtps_c
[6.552s] [35m[1mScanning dependencies of target turtlebot3_msgs[0m
[6.573s] [ 80%] Built target turtlebot3_msgs
[6.593s] [35m[1mScanning dependencies of target turtlebot3_msgs__py[0m
[6.614s] [ 81%] [34m[1mGenerating Python code for ROS interfaces[0m
[8.082s] [ 81%] Built target turtlebot3_msgs__py
[8.099s] [35m[1mScanning dependencies of target turtlebot3_msgs__python[0m
[8.156s] [ 87%] [32mBuilding C object CMakeFiles/turtlebot3_msgs__python.dir/rosidl_generator_py/turtlebot3_msgs/msg/_sensor_state_s.c.o[0m
[8.156s] [ 87%] [32mBuilding C object CMakeFiles/turtlebot3_msgs__python.dir/rosidl_generator_py/turtlebot3_msgs/srv/_sound_s.c.o[0m
[8.156s] [ 87%] [32mBuilding C object CMakeFiles/turtlebot3_msgs__python.dir/rosidl_generator_py/turtlebot3_msgs/msg/_version_info_s.c.o[0m
[8.156s] [ 87%] [32mBuilding C object CMakeFiles/turtlebot3_msgs__python.dir/rosidl_generator_py/turtlebot3_msgs/msg/_sound_s.c.o[0m
[8.156s] [ 88%] [32mBuilding C object CMakeFiles/turtlebot3_msgs__python.dir/rosidl_generator_py/turtlebot3_msgs/srv/_dqn_s.c.o[0m
[8.162s] [ 90%] [32mBuilding C object CMakeFiles/turtlebot3_msgs__python.dir/rosidl_generator_py/turtlebot3_msgs/action/_patrol_s.c.o[0m
[8.330s] [ 91%] [32m[1mLinking C shared library rosidl_generator_py/turtlebot3_msgs/libturtlebot3_msgs__python.so[0m
[8.394s] [ 91%] Built target turtlebot3_msgs__python
[8.408s] [35m[1mScanning dependencies of target turtlebot3_msgs__rosidl_typesupport_introspection_c__pyext[0m
[8.408s] [35m[1mScanning dependencies of target turtlebot3_msgs__rosidl_typesupport_fastrtps_c__pyext[0m
[8.415s] [35m[1mScanning dependencies of target turtlebot3_msgs__rosidl_typesupport_c__pyext[0m
[8.437s] [ 92%] [32mBuilding C object CMakeFiles/turtlebot3_msgs__rosidl_typesupport_introspection_c__pyext.dir/rosidl_generator_py/turtlebot3_msgs/_turtlebot3_msgs_s.ep.rosidl_typesupport_introspection_c.c.o[0m
[8.440s] [ 94%] [32mBuilding C object CMakeFiles/turtlebot3_msgs__rosidl_typesupport_fastrtps_c__pyext.dir/rosidl_generator_py/turtlebot3_msgs/_turtlebot3_msgs_s.ep.rosidl_typesupport_fastrtps_c.c.o[0m
[8.440s] [ 95%] [32mBuilding C object CMakeFiles/turtlebot3_msgs__rosidl_typesupport_c__pyext.dir/rosidl_generator_py/turtlebot3_msgs/_turtlebot3_msgs_s.ep.rosidl_typesupport_c.c.o[0m
[8.562s] [ 97%] [32m[1mLinking C shared library rosidl_generator_py/turtlebot3_msgs/turtlebot3_msgs_s__rosidl_typesupport_c.cpython-38-x86_64-linux-gnu.so[0m
[8.565s] [ 98%] [32m[1mLinking CXX shared library rosidl_generator_py/turtlebot3_msgs/turtlebot3_msgs_s__rosidl_typesupport_fastrtps_c.cpython-38-x86_64-linux-gnu.so[0m
[8.603s] [100%] [32m[1mLinking C shared library rosidl_generator_py/turtlebot3_msgs/turtlebot3_msgs_s__rosidl_typesupport_introspection_c.cpython-38-x86_64-linux-gnu.so[0m
[8.613s] [100%] Built target turtlebot3_msgs__rosidl_typesupport_c__pyext
[8.642s] [100%] Built target turtlebot3_msgs__rosidl_typesupport_fastrtps_c__pyext
[8.659s] [100%] Built target turtlebot3_msgs__rosidl_typesupport_introspection_c__pyext
[8.684s] Invoked command in '/home/shh/ssafy_gazeboy/ssafy_ws/build/turtlebot3_msgs' returned '0': CMAKE_PREFIX_PATH=/opt/ros/foxy /usr/bin/cmake --build /home/shh/ssafy_gazeboy/ssafy_ws/build/turtlebot3_msgs -- -j16 -l16
[8.948s] Invoking command in '/home/shh/ssafy_gazeboy/ssafy_ws/build/turtlebot3_msgs': CMAKE_PREFIX_PATH=/opt/ros/foxy /usr/bin/cmake --install /home/shh/ssafy_gazeboy/ssafy_ws/build/turtlebot3_msgs
[8.963s] -- Install configuration: ""
[8.964s] -- Execute custom install script
[8.964s] -- Symlinking: /home/shh/ssafy_gazeboy/ssafy_ws/install/turtlebot3_msgs/share/ament_index/resource_index/rosidl_interfaces/turtlebot3_msgs
[8.983s] -- Symlinking: /home/shh/ssafy_gazeboy/ssafy_ws/install/turtlebot3_msgs/include/turtlebot3_msgs/action/detail/patrol__functions.h
[8.998s] -- Symlinking: /home/shh/ssafy_gazeboy/ssafy_ws/install/turtlebot3_msgs/include/turtlebot3_msgs/action/detail/patrol__struct.h
[9.012s] -- Symlinking: /home/shh/ssafy_gazeboy/ssafy_ws/install/turtlebot3_msgs/include/turtlebot3_msgs/action/detail/patrol__type_support.h
[9.029s] -- Symlinking: /home/shh/ssafy_gazeboy/ssafy_ws/install/turtlebot3_msgs/include/turtlebot3_msgs/action/patrol.h
[9.044s] -- Symlinking: /home/shh/ssafy_gazeboy/ssafy_ws/install/turtlebot3_msgs/include/turtlebot3_msgs/msg/detail/sensor_state__functions.h
[9.060s] -- Symlinking: /home/shh/ssafy_gazeboy/ssafy_ws/install/turtlebot3_msgs/include/turtlebot3_msgs/msg/detail/sensor_state__struct.h
[9.078s] -- Symlinking: /home/shh/ssafy_gazeboy/ssafy_ws/install/turtlebot3_msgs/include/turtlebot3_msgs/msg/detail/sensor_state__type_support.h
[9.088s] -- Symlinking: /home/shh/ssafy_gazeboy/ssafy_ws/install/turtlebot3_msgs/include/turtlebot3_msgs/msg/detail/sound__functions.h
[9.103s] -- Symlinking: /home/shh/ssafy_gazeboy/ssafy_ws/install/turtlebot3_msgs/include/turtlebot3_msgs/msg/detail/sound__struct.h
[9.119s] -- Symlinking: /home/shh/ssafy_gazeboy/ssafy_ws/install/turtlebot3_msgs/include/turtlebot3_msgs/msg/detail/sound__type_support.h
[9.134s] -- Symlinking: /home/shh/ssafy_gazeboy/ssafy_ws/install/turtlebot3_msgs/include/turtlebot3_msgs/msg/detail/version_info__functions.h
[9.144s] -- Symlinking: /home/shh/ssafy_gazeboy/ssafy_ws/install/turtlebot3_msgs/include/turtlebot3_msgs/msg/detail/version_info__struct.h
[9.159s] -- Symlinking: /home/shh/ssafy_gazeboy/ssafy_ws/install/turtlebot3_msgs/include/turtlebot3_msgs/msg/detail/version_info__type_support.h
[9.175s] -- Symlinking: /home/shh/ssafy_gazeboy/ssafy_ws/install/turtlebot3_msgs/include/turtlebot3_msgs/msg/rosidl_generator_c__visibility_control.h
[9.193s] -- Symlinking: /home/shh/ssafy_gazeboy/ssafy_ws/install/turtlebot3_msgs/include/turtlebot3_msgs/msg/sensor_state.h
[9.207s] -- Symlinking: /home/shh/ssafy_gazeboy/ssafy_ws/install/turtlebot3_msgs/include/turtlebot3_msgs/msg/sound.h
[9.223s] -- Symlinking: /home/shh/ssafy_gazeboy/ssafy_ws/install/turtlebot3_msgs/include/turtlebot3_msgs/msg/version_info.h
[9.233s] -- Symlinking: /home/shh/ssafy_gazeboy/ssafy_ws/install/turtlebot3_msgs/include/turtlebot3_msgs/srv/detail/dqn__functions.h
[9.248s] -- Symlinking: /home/shh/ssafy_gazeboy/ssafy_ws/install/turtlebot3_msgs/include/turtlebot3_msgs/srv/detail/dqn__struct.h
[9.265s] -- Symlinking: /home/shh/ssafy_gazeboy/ssafy_ws/install/turtlebot3_msgs/include/turtlebot3_msgs/srv/detail/dqn__type_support.h
[9.281s] -- Symlinking: /home/shh/ssafy_gazeboy/ssafy_ws/install/turtlebot3_msgs/include/turtlebot3_msgs/srv/detail/sound__functions.h
[9.298s] -- Symlinking: /home/shh/ssafy_gazeboy/ssafy_ws/install/turtlebot3_msgs/include/turtlebot3_msgs/srv/detail/sound__struct.h
[9.310s] -- Symlinking: /home/shh/ssafy_gazeboy/ssafy_ws/install/turtlebot3_msgs/include/turtlebot3_msgs/srv/detail/sound__type_support.h
[9.321s] -- Symlinking: /home/shh/ssafy_gazeboy/ssafy_ws/install/turtlebot3_msgs/include/turtlebot3_msgs/srv/dqn.h
[9.338s] -- Symlinking: /home/shh/ssafy_gazeboy/ssafy_ws/install/turtlebot3_msgs/include/turtlebot3_msgs/srv/sound.h
[9.355s] -- Symlinking: /home/shh/ssafy_gazeboy/ssafy_ws/install/turtlebot3_msgs/share/turtlebot3_msgs/environment/library_path.sh
[9.368s] -- Symlinking: /home/shh/ssafy_gazeboy/ssafy_ws/install/turtlebot3_msgs/share/turtlebot3_msgs/environment/library_path.dsv
[9.387s] -- Symlinking: /home/shh/ssafy_gazeboy/ssafy_ws/install/turtlebot3_msgs/include/turtlebot3_msgs/action/detail/patrol__rosidl_typesupport_fastrtps_c.h
[9.398s] -- Symlinking: /home/shh/ssafy_gazeboy/ssafy_ws/install/turtlebot3_msgs/include/turtlebot3_msgs/msg/detail/sensor_state__rosidl_typesupport_fastrtps_c.h
[9.410s] -- Symlinking: /home/shh/ssafy_gazeboy/ssafy_ws/install/turtlebot3_msgs/include/turtlebot3_msgs/msg/detail/sound__rosidl_typesupport_fastrtps_c.h
[9.420s] -- Symlinking: /home/shh/ssafy_gazeboy/ssafy_ws/install/turtlebot3_msgs/include/turtlebot3_msgs/msg/detail/version_info__rosidl_typesupport_fastrtps_c.h
[9.435s] -- Symlinking: /home/shh/ssafy_gazeboy/ssafy_ws/install/turtlebot3_msgs/include/turtlebot3_msgs/msg/rosidl_typesupport_fastrtps_c__visibility_control.h
[9.448s] -- Symlinking: /home/shh/ssafy_gazeboy/ssafy_ws/install/turtlebot3_msgs/include/turtlebot3_msgs/srv/detail/dqn__rosidl_typesupport_fastrtps_c.h
[9.463s] -- Symlinking: /home/shh/ssafy_gazeboy/ssafy_ws/install/turtlebot3_msgs/include/turtlebot3_msgs/srv/detail/sound__rosidl_typesupport_fastrtps_c.h
[9.477s] -- Symlinking: /home/shh/ssafy_gazeboy/ssafy_ws/install/turtlebot3_msgs/lib/libturtlebot3_msgs__rosidl_typesupport_fastrtps_c.so
[9.493s] -- Symlinking: /home/shh/ssafy_gazeboy/ssafy_ws/install/turtlebot3_msgs/include/turtlebot3_msgs/action/detail/patrol__rosidl_typesupport_fastrtps_cpp.hpp
[9.511s] -- Symlinking: /home/shh/ssafy_gazeboy/ssafy_ws/install/turtlebot3_msgs/include/turtlebot3_msgs/msg/detail/sensor_state__rosidl_typesupport_fastrtps_cpp.hpp
[9.528s] -- Symlinking: /home/shh/ssafy_gazeboy/ssafy_ws/install/turtlebot3_msgs/include/turtlebot3_msgs/msg/detail/sound__rosidl_typesupport_fastrtps_cpp.hpp
[9.543s] -- Symlinking: /home/shh/ssafy_gazeboy/ssafy_ws/install/turtlebot3_msgs/include/turtlebot3_msgs/msg/detail/version_info__rosidl_typesupport_fastrtps_cpp.hpp
[9.553s] -- Symlinking: /home/shh/ssafy_gazeboy/ssafy_ws/install/turtlebot3_msgs/include/turtlebot3_msgs/msg/rosidl_typesupport_fastrtps_cpp__visibility_control.h
[9.563s] -- Symlinking: /home/shh/ssafy_gazeboy/ssafy_ws/install/turtlebot3_msgs/include/turtlebot3_msgs/srv/detail/dqn__rosidl_typesupport_fastrtps_cpp.hpp
[9.578s] -- Symlinking: /home/shh/ssafy_gazeboy/ssafy_ws/install/turtlebot3_msgs/include/turtlebot3_msgs/srv/detail/sound__rosidl_typesupport_fastrtps_cpp.hpp
[9.595s] -- Symlinking: /home/shh/ssafy_gazeboy/ssafy_ws/install/turtlebot3_msgs/lib/libturtlebot3_msgs__rosidl_typesupport_fastrtps_cpp.so
[9.608s] -- Symlinking: /home/shh/ssafy_gazeboy/ssafy_ws/install/turtlebot3_msgs/include/turtlebot3_msgs/action/detail/patrol__rosidl_typesupport_introspection_c.h
[9.625s] -- Symlinking: /home/shh/ssafy_gazeboy/ssafy_ws/install/turtlebot3_msgs/include/turtlebot3_msgs/msg/detail/sensor_state__rosidl_typesupport_introspection_c.h
[9.635s] -- Symlinking: /home/shh/ssafy_gazeboy/ssafy_ws/install/turtlebot3_msgs/include/turtlebot3_msgs/msg/detail/sound__rosidl_typesupport_introspection_c.h
[9.651s] -- Symlinking: /home/shh/ssafy_gazeboy/ssafy_ws/install/turtlebot3_msgs/include/turtlebot3_msgs/msg/detail/version_info__rosidl_typesupport_introspection_c.h
[9.668s] -- Symlinking: /home/shh/ssafy_gazeboy/ssafy_ws/install/turtlebot3_msgs/include/turtlebot3_msgs/msg/rosidl_typesupport_introspection_c__visibility_control.h
[9.678s] -- Symlinking: /home/shh/ssafy_gazeboy/ssafy_ws/install/turtlebot3_msgs/include/turtlebot3_msgs/srv/detail/dqn__rosidl_typesupport_introspection_c.h
[9.692s] -- Symlinking: /home/shh/ssafy_gazeboy/ssafy_ws/install/turtlebot3_msgs/include/turtlebot3_msgs/srv/detail/sound__rosidl_typesupport_introspection_c.h
[9.708s] -- Symlinking: /home/shh/ssafy_gazeboy/ssafy_ws/install/turtlebot3_msgs/include/turtlebot3_msgs/action/detail/patrol__builder.hpp
[9.723s] -- Symlinking: /home/shh/ssafy_gazeboy/ssafy_ws/install/turtlebot3_msgs/include/turtlebot3_msgs/action/detail/patrol__struct.hpp
[9.735s] -- Symlinking: /home/shh/ssafy_gazeboy/ssafy_ws/install/turtlebot3_msgs/include/turtlebot3_msgs/action/detail/patrol__traits.hpp
[9.744s] -- Symlinking: /home/shh/ssafy_gazeboy/ssafy_ws/install/turtlebot3_msgs/include/turtlebot3_msgs/action/detail/patrol__type_support.hpp
[9.760s] -- Symlinking: /home/shh/ssafy_gazeboy/ssafy_ws/install/turtlebot3_msgs/include/turtlebot3_msgs/action/patrol.hpp
[9.775s] -- Symlinking: /home/shh/ssafy_gazeboy/ssafy_ws/install/turtlebot3_msgs/include/turtlebot3_msgs/msg/detail/sensor_state__builder.hpp
[9.791s] -- Symlinking: /home/shh/ssafy_gazeboy/ssafy_ws/install/turtlebot3_msgs/include/turtlebot3_msgs/msg/detail/sensor_state__struct.hpp
[9.801s] -- Symlinking: /home/shh/ssafy_gazeboy/ssafy_ws/install/turtlebot3_msgs/include/turtlebot3_msgs/msg/detail/sensor_state__traits.hpp
[9.816s] -- Symlinking: /home/shh/ssafy_gazeboy/ssafy_ws/install/turtlebot3_msgs/include/turtlebot3_msgs/msg/detail/sensor_state__type_support.hpp
[9.829s] -- Symlinking: /home/shh/ssafy_gazeboy/ssafy_ws/install/turtlebot3_msgs/include/turtlebot3_msgs/msg/detail/sound__builder.hpp
[9.839s] -- Symlinking: /home/shh/ssafy_gazeboy/ssafy_ws/install/turtlebot3_msgs/include/turtlebot3_msgs/msg/detail/sound__struct.hpp
[9.851s] -- Symlinking: /home/shh/ssafy_gazeboy/ssafy_ws/install/turtlebot3_msgs/include/turtlebot3_msgs/msg/detail/sound__traits.hpp
[9.860s] -- Symlinking: /home/shh/ssafy_gazeboy/ssafy_ws/install/turtlebot3_msgs/include/turtlebot3_msgs/msg/detail/sound__type_support.hpp
[9.870s] -- Symlinking: /home/shh/ssafy_gazeboy/ssafy_ws/install/turtlebot3_msgs/include/turtlebot3_msgs/msg/detail/version_info__builder.hpp
[9.880s] -- Symlinking: /home/shh/ssafy_gazeboy/ssafy_ws/install/turtlebot3_msgs/include/turtlebot3_msgs/msg/detail/version_info__struct.hpp
[9.889s] -- Symlinking: /home/shh/ssafy_gazeboy/ssafy_ws/install/turtlebot3_msgs/include/turtlebot3_msgs/msg/detail/version_info__traits.hpp
[9.899s] -- Symlinking: /home/shh/ssafy_gazeboy/ssafy_ws/install/turtlebot3_msgs/include/turtlebot3_msgs/msg/detail/version_info__type_support.hpp
[9.908s] -- Symlinking: /home/shh/ssafy_gazeboy/ssafy_ws/install/turtlebot3_msgs/include/turtlebot3_msgs/msg/rosidl_generator_cpp__visibility_control.hpp
[9.918s] -- Symlinking: /home/shh/ssafy_gazeboy/ssafy_ws/install/turtlebot3_msgs/include/turtlebot3_msgs/msg/sensor_state.hpp
[9.927s] -- Symlinking: /home/shh/ssafy_gazeboy/ssafy_ws/install/turtlebot3_msgs/include/turtlebot3_msgs/msg/sound.hpp
[9.941s] -- Symlinking: /home/shh/ssafy_gazeboy/ssafy_ws/install/turtlebot3_msgs/include/turtlebot3_msgs/msg/version_info.hpp
[9.951s] -- Symlinking: /home/shh/ssafy_gazeboy/ssafy_ws/install/turtlebot3_msgs/include/turtlebot3_msgs/srv/detail/dqn__builder.hpp
[9.960s] -- Symlinking: /home/shh/ssafy_gazeboy/ssafy_ws/install/turtlebot3_msgs/include/turtlebot3_msgs/srv/detail/dqn__struct.hpp
[9.976s] -- Symlinking: /home/shh/ssafy_gazeboy/ssafy_ws/install/turtlebot3_msgs/include/turtlebot3_msgs/srv/detail/dqn__traits.hpp
[9.991s] -- Symlinking: /home/shh/ssafy_gazeboy/ssafy_ws/install/turtlebot3_msgs/include/turtlebot3_msgs/srv/detail/dqn__type_support.hpp
[10.001s] -- Symlinking: /home/shh/ssafy_gazeboy/ssafy_ws/install/turtlebot3_msgs/include/turtlebot3_msgs/srv/detail/sound__builder.hpp
[10.019s] -- Symlinking: /home/shh/ssafy_gazeboy/ssafy_ws/install/turtlebot3_msgs/include/turtlebot3_msgs/srv/detail/sound__struct.hpp
[10.035s] -- Symlinking: /home/shh/ssafy_gazeboy/ssafy_ws/install/turtlebot3_msgs/include/turtlebot3_msgs/srv/detail/sound__traits.hpp
[10.045s] -- Symlinking: /home/shh/ssafy_gazeboy/ssafy_ws/install/turtlebot3_msgs/include/turtlebot3_msgs/srv/detail/sound__type_support.hpp
[10.060s] -- Symlinking: /home/shh/ssafy_gazeboy/ssafy_ws/install/turtlebot3_msgs/include/turtlebot3_msgs/srv/dqn.hpp
[10.075s] -- Symlinking: /home/shh/ssafy_gazeboy/ssafy_ws/install/turtlebot3_msgs/include/turtlebot3_msgs/srv/sound.hpp
[10.085s] -- Symlinking: /home/shh/ssafy_gazeboy/ssafy_ws/install/turtlebot3_msgs/include/turtlebot3_msgs/action/detail/patrol__rosidl_typesupport_introspection_cpp.hpp
[10.096s] -- Symlinking: /home/shh/ssafy_gazeboy/ssafy_ws/install/turtlebot3_msgs/include/turtlebot3_msgs/msg/detail/sensor_state__rosidl_typesupport_introspection_cpp.hpp
[10.106s] -- Symlinking: /home/shh/ssafy_gazeboy/ssafy_ws/install/turtlebot3_msgs/include/turtlebot3_msgs/msg/detail/sound__rosidl_typesupport_introspection_cpp.hpp
[10.122s] -- Symlinking: /home/shh/ssafy_gazeboy/ssafy_ws/install/turtlebot3_msgs/include/turtlebot3_msgs/msg/detail/version_info__rosidl_typesupport_introspection_cpp.hpp
[10.136s] -- Symlinking: /home/shh/ssafy_gazeboy/ssafy_ws/install/turtlebot3_msgs/include/turtlebot3_msgs/srv/detail/dqn__rosidl_typesupport_introspection_cpp.hpp
[10.151s] -- Symlinking: /home/shh/ssafy_gazeboy/ssafy_ws/install/turtlebot3_msgs/include/turtlebot3_msgs/srv/detail/sound__rosidl_typesupport_introspection_cpp.hpp
[10.167s] -- Symlinking: /home/shh/ssafy_gazeboy/ssafy_ws/install/turtlebot3_msgs/share/turtlebot3_msgs/environment/pythonpath.sh
[10.178s] -- Symlinking: /home/shh/ssafy_gazeboy/ssafy_ws/install/turtlebot3_msgs/share/turtlebot3_msgs/environment/pythonpath.dsv
[10.188s] -- Symlinking: /home/shh/ssafy_gazeboy/ssafy_ws/install/turtlebot3_msgs/lib/python3.8/site-packages/turtlebot3_msgs/__init__.py
[10.200s] -- Symlinking: /home/shh/ssafy_gazeboy/ssafy_ws/install/turtlebot3_msgs/lib/python3.8/site-packages/turtlebot3_msgs/msg/__init__.py
[10.210s] -- Symlinking: /home/shh/ssafy_gazeboy/ssafy_ws/install/turtlebot3_msgs/lib/python3.8/site-packages/turtlebot3_msgs/msg/_sensor_state.py
[10.220s] -- Symlinking: /home/shh/ssafy_gazeboy/ssafy_ws/install/turtlebot3_msgs/lib/python3.8/site-packages/turtlebot3_msgs/msg/_sound.py
[10.237s] -- Symlinking: /home/shh/ssafy_gazeboy/ssafy_ws/install/turtlebot3_msgs/lib/python3.8/site-packages/turtlebot3_msgs/msg/_version_info.py
[10.253s] -- Symlinking: /home/shh/ssafy_gazeboy/ssafy_ws/install/turtlebot3_msgs/lib/python3.8/site-packages/turtlebot3_msgs/srv/__init__.py
[10.268s] -- Symlinking: /home/shh/ssafy_gazeboy/ssafy_ws/install/turtlebot3_msgs/lib/python3.8/site-packages/turtlebot3_msgs/srv/_dqn.py
[10.286s] -- Symlinking: /home/shh/ssafy_gazeboy/ssafy_ws/install/turtlebot3_msgs/lib/python3.8/site-packages/turtlebot3_msgs/srv/_sound.py
[10.303s] -- Symlinking: /home/shh/ssafy_gazeboy/ssafy_ws/install/turtlebot3_msgs/lib/python3.8/site-packages/turtlebot3_msgs/action/__init__.py
[10.313s] -- Symlinking: /home/shh/ssafy_gazeboy/ssafy_ws/install/turtlebot3_msgs/lib/python3.8/site-packages/turtlebot3_msgs/action/_patrol.py
[10.328s] -- Symlinking: /home/shh/ssafy_gazeboy/ssafy_ws/install/turtlebot3_msgs/lib/python3.8/site-packages/turtlebot3_msgs/turtlebot3_msgs_s__rosidl_typesupport_fastrtps_c.cpython-38-x86_64-linux-gnu.so
[10.347s] -- Symlinking: /home/shh/ssafy_gazeboy/ssafy_ws/install/turtlebot3_msgs/lib/python3.8/site-packages/turtlebot3_msgs/turtlebot3_msgs_s__rosidl_typesupport_introspection_c.cpython-38-x86_64-linux-gnu.so
[10.358s] -- Symlinking: /home/shh/ssafy_gazeboy/ssafy_ws/install/turtlebot3_msgs/lib/python3.8/site-packages/turtlebot3_msgs/turtlebot3_msgs_s__rosidl_typesupport_c.cpython-38-x86_64-linux-gnu.so
[10.372s] -- Symlinking: /home/shh/ssafy_gazeboy/ssafy_ws/install/turtlebot3_msgs/lib/libturtlebot3_msgs__python.so
[10.387s] -- Symlinking: /home/shh/ssafy_gazeboy/ssafy_ws/install/turtlebot3_msgs/share/turtlebot3_msgs/msg/SensorState.idl
[10.405s] -- Symlinking: /home/shh/ssafy_gazeboy/ssafy_ws/install/turtlebot3_msgs/share/turtlebot3_msgs/msg/Sound.idl
[10.419s] -- Symlinking: /home/shh/ssafy_gazeboy/ssafy_ws/install/turtlebot3_msgs/share/turtlebot3_msgs/msg/VersionInfo.idl
[10.435s] -- Symlinking: /home/shh/ssafy_gazeboy/ssafy_ws/install/turtlebot3_msgs/share/turtlebot3_msgs/srv/Sound.idl
[10.449s] -- Symlinking: /home/shh/ssafy_gazeboy/ssafy_ws/install/turtlebot3_msgs/share/turtlebot3_msgs/srv/Dqn.idl
[10.464s] -- Symlinking: /home/shh/ssafy_gazeboy/ssafy_ws/install/turtlebot3_msgs/share/turtlebot3_msgs/action/Patrol.idl
[10.482s] -- Symlinking: /home/shh/ssafy_gazeboy/ssafy_ws/install/turtlebot3_msgs/share/turtlebot3_msgs/msg/SensorState.msg
[10.493s] -- Symlinking: /home/shh/ssafy_gazeboy/ssafy_ws/install/turtlebot3_msgs/share/turtlebot3_msgs/msg/Sound.msg
[10.506s] -- Symlinking: /home/shh/ssafy_gazeboy/ssafy_ws/install/turtlebot3_msgs/share/turtlebot3_msgs/msg/VersionInfo.msg
[10.524s] -- Symlinking: /home/shh/ssafy_gazeboy/ssafy_ws/install/turtlebot3_msgs/share/turtlebot3_msgs/srv/Sound.srv
[10.534s] -- Symlinking: /home/shh/ssafy_gazeboy/ssafy_ws/install/turtlebot3_msgs/share/turtlebot3_msgs/srv/Sound_Request.msg
[10.545s] -- Symlinking: /home/shh/ssafy_gazeboy/ssafy_ws/install/turtlebot3_msgs/share/turtlebot3_msgs/srv/Sound_Response.msg
[10.555s] -- Symlinking: /home/shh/ssafy_gazeboy/ssafy_ws/install/turtlebot3_msgs/share/turtlebot3_msgs/srv/Dqn.srv
[10.570s] -- Symlinking: /home/shh/ssafy_gazeboy/ssafy_ws/install/turtlebot3_msgs/share/turtlebot3_msgs/srv/Dqn_Request.msg
[10.580s] -- Symlinking: /home/shh/ssafy_gazeboy/ssafy_ws/install/turtlebot3_msgs/share/turtlebot3_msgs/srv/Dqn_Response.msg
[10.591s] -- Symlinking: /home/shh/ssafy_gazeboy/ssafy_ws/install/turtlebot3_msgs/share/turtlebot3_msgs/action/Patrol.action
[10.601s] -- Symlinking: /home/shh/ssafy_gazeboy/ssafy_ws/install/turtlebot3_msgs/share/ament_index/resource_index/package_run_dependencies/turtlebot3_msgs
[10.612s] -- Symlinking: /home/shh/ssafy_gazeboy/ssafy_ws/install/turtlebot3_msgs/share/ament_index/resource_index/parent_prefix_path/turtlebot3_msgs
[10.622s] -- Symlinking: /home/shh/ssafy_gazeboy/ssafy_ws/install/turtlebot3_msgs/share/turtlebot3_msgs/environment/ament_prefix_path.sh
[10.633s] -- Symlinking: /home/shh/ssafy_gazeboy/ssafy_ws/install/turtlebot3_msgs/share/turtlebot3_msgs/environment/ament_prefix_path.dsv
[10.643s] -- Symlinking: /home/shh/ssafy_gazeboy/ssafy_ws/install/turtlebot3_msgs/share/turtlebot3_msgs/environment/path.sh
[10.654s] -- Symlinking: /home/shh/ssafy_gazeboy/ssafy_ws/install/turtlebot3_msgs/share/turtlebot3_msgs/environment/path.dsv
[10.665s] -- Symlinking: /home/shh/ssafy_gazeboy/ssafy_ws/install/turtlebot3_msgs/share/turtlebot3_msgs/local_setup.bash
[10.679s] -- Symlinking: /home/shh/ssafy_gazeboy/ssafy_ws/install/turtlebot3_msgs/share/turtlebot3_msgs/local_setup.sh
[10.690s] -- Symlinking: /home/shh/ssafy_gazeboy/ssafy_ws/install/turtlebot3_msgs/share/turtlebot3_msgs/local_setup.zsh
[10.701s] -- Symlinking: /home/shh/ssafy_gazeboy/ssafy_ws/install/turtlebot3_msgs/share/turtlebot3_msgs/local_setup.dsv
[10.712s] -- Symlinking: /home/shh/ssafy_gazeboy/ssafy_ws/install/turtlebot3_msgs/share/turtlebot3_msgs/package.dsv
[10.723s] -- Symlinking: /home/shh/ssafy_gazeboy/ssafy_ws/install/turtlebot3_msgs/share/ament_index/resource_index/packages/turtlebot3_msgs
[10.734s] -- Symlinking: /home/shh/ssafy_gazeboy/ssafy_ws/install/turtlebot3_msgs/share/turtlebot3_msgs/cmake/rosidl_cmake-extras.cmake
[10.746s] -- Symlinking: /home/shh/ssafy_gazeboy/ssafy_ws/install/turtlebot3_msgs/share/turtlebot3_msgs/cmake/ament_cmake_export_dependencies-extras.cmake
[10.760s] -- Symlinking: /home/shh/ssafy_gazeboy/ssafy_ws/install/turtlebot3_msgs/share/turtlebot3_msgs/cmake/ament_cmake_export_libraries-extras.cmake
[10.776s] -- Symlinking: /home/shh/ssafy_gazeboy/ssafy_ws/install/turtlebot3_msgs/share/turtlebot3_msgs/cmake/ament_cmake_export_targets-extras.cmake
[10.793s] -- Symlinking: /home/shh/ssafy_gazeboy/ssafy_ws/install/turtlebot3_msgs/share/turtlebot3_msgs/cmake/ament_cmake_export_include_directories-extras.cmake
[10.810s] -- Symlinking: /home/shh/ssafy_gazeboy/ssafy_ws/install/turtlebot3_msgs/share/turtlebot3_msgs/cmake/rosidl_cmake_export_typesupport_libraries-extras.cmake
[10.820s] -- Symlinking: /home/shh/ssafy_gazeboy/ssafy_ws/install/turtlebot3_msgs/share/turtlebot3_msgs/cmake/rosidl_cmake_export_typesupport_targets-extras.cmake
[10.836s] -- Symlinking: /home/shh/ssafy_gazeboy/ssafy_ws/install/turtlebot3_msgs/share/turtlebot3_msgs/cmake/turtlebot3_msgsConfig.cmake
[10.854s] -- Symlinking: /home/shh/ssafy_gazeboy/ssafy_ws/install/turtlebot3_msgs/share/turtlebot3_msgs/cmake/turtlebot3_msgsConfig-version.cmake
[10.872s] -- Symlinking: /home/shh/ssafy_gazeboy/ssafy_ws/install/turtlebot3_msgs/share/turtlebot3_msgs/package.xml
[10.887s] -- Installing: /home/shh/ssafy_gazeboy/ssafy_ws/install/turtlebot3_msgs/lib/libturtlebot3_msgs__rosidl_generator_c.so
[10.888s] -- Set runtime path of "/home/shh/ssafy_gazeboy/ssafy_ws/install/turtlebot3_msgs/lib/libturtlebot3_msgs__rosidl_generator_c.so" to ""
[10.889s] -- Installing: /home/shh/ssafy_gazeboy/ssafy_ws/install/turtlebot3_msgs/lib/libturtlebot3_msgs__rosidl_typesupport_introspection_c.so
[10.890s] -- Set runtime path of "/home/shh/ssafy_gazeboy/ssafy_ws/install/turtlebot3_msgs/lib/libturtlebot3_msgs__rosidl_typesupport_introspection_c.so" to ""
[10.890s] -- Installing: /home/shh/ssafy_gazeboy/ssafy_ws/install/turtlebot3_msgs/lib/libturtlebot3_msgs__rosidl_typesupport_c.so
[10.891s] -- Set runtime path of "/home/shh/ssafy_gazeboy/ssafy_ws/install/turtlebot3_msgs/lib/libturtlebot3_msgs__rosidl_typesupport_c.so" to ""
[10.891s] -- Installing: /home/shh/ssafy_gazeboy/ssafy_ws/install/turtlebot3_msgs/lib/libturtlebot3_msgs__rosidl_typesupport_introspection_cpp.so
[10.892s] -- Set runtime path of "/home/shh/ssafy_gazeboy/ssafy_ws/install/turtlebot3_msgs/lib/libturtlebot3_msgs__rosidl_typesupport_introspection_cpp.so" to ""
[10.892s] -- Installing: /home/shh/ssafy_gazeboy/ssafy_ws/install/turtlebot3_msgs/lib/libturtlebot3_msgs__rosidl_typesupport_cpp.so
[10.893s] -- Set runtime path of "/home/shh/ssafy_gazeboy/ssafy_ws/install/turtlebot3_msgs/lib/libturtlebot3_msgs__rosidl_typesupport_cpp.so" to ""
[10.932s] Compiling '/home/shh/ssafy_gazeboy/ssafy_ws/install/turtlebot3_msgs/lib/python3.8/site-packages/turtlebot3_msgs/__init__.py'...
[10.937s] -- Installing: /home/shh/ssafy_gazeboy/ssafy_ws/install/turtlebot3_msgs/share/turtlebot3_msgs/cmake/turtlebot3_msgs__rosidl_generator_cExport.cmake
[10.937s] -- Installing: /home/shh/ssafy_gazeboy/ssafy_ws/install/turtlebot3_msgs/share/turtlebot3_msgs/cmake/turtlebot3_msgs__rosidl_generator_cExport-noconfig.cmake
[10.938s] -- Installing: /home/shh/ssafy_gazeboy/ssafy_ws/install/turtlebot3_msgs/share/turtlebot3_msgs/cmake/turtlebot3_msgs__rosidl_typesupport_introspection_cExport.cmake
[10.938s] -- Installing: /home/shh/ssafy_gazeboy/ssafy_ws/install/turtlebot3_msgs/share/turtlebot3_msgs/cmake/turtlebot3_msgs__rosidl_typesupport_introspection_cExport-noconfig.cmake
[10.938s] -- Installing: /home/shh/ssafy_gazeboy/ssafy_ws/install/turtlebot3_msgs/share/turtlebot3_msgs/cmake/turtlebot3_msgs__rosidl_typesupport_cExport.cmake
[10.938s] -- Installing: /home/shh/ssafy_gazeboy/ssafy_ws/install/turtlebot3_msgs/share/turtlebot3_msgs/cmake/turtlebot3_msgs__rosidl_typesupport_cExport-noconfig.cmake
[10.939s] -- Installing: /home/shh/ssafy_gazeboy/ssafy_ws/install/turtlebot3_msgs/share/turtlebot3_msgs/cmake/turtlebot3_msgs__rosidl_generator_cppExport.cmake
[10.939s] -- Installing: /home/shh/ssafy_gazeboy/ssafy_ws/install/turtlebot3_msgs/share/turtlebot3_msgs/cmake/turtlebot3_msgs__rosidl_typesupport_introspection_cppExport.cmake
[10.939s] -- Installing: /home/shh/ssafy_gazeboy/ssafy_ws/install/turtlebot3_msgs/share/turtlebot3_msgs/cmake/turtlebot3_msgs__rosidl_typesupport_introspection_cppExport-noconfig.cmake
[10.939s] -- Installing: /home/shh/ssafy_gazeboy/ssafy_ws/install/turtlebot3_msgs/share/turtlebot3_msgs/cmake/turtlebot3_msgs__rosidl_typesupport_cppExport.cmake
[10.939s] -- Installing: /home/shh/ssafy_gazeboy/ssafy_ws/install/turtlebot3_msgs/share/turtlebot3_msgs/cmake/turtlebot3_msgs__rosidl_typesupport_cppExport-noconfig.cmake
[10.952s] Invoked command in '/home/shh/ssafy_gazeboy/ssafy_ws/build/turtlebot3_msgs' returned '0': CMAKE_PREFIX_PATH=/opt/ros/foxy /usr/bin/cmake --install /home/shh/ssafy_gazeboy/ssafy_ws/build/turtlebot3_msgs
