[2.989s] Invoking command in '/home/shh/ssafy_gazeboy/ssafy_ws/build/turtle_controller': PYTHONPATH=/home/shh/ssafy_gazeboy/ssafy_ws/build/turtle_controller/prefix_override:/home/shh/ssafy_gazeboy/ssafy_ws/install/turtle_controller/lib/python3.8/site-packages:${PYTHONPATH} /usr/bin/python3 setup.py develop --editable --build-directory /home/shh/ssafy_gazeboy/ssafy_ws/build/turtle_controller/build --no-deps install_data
[3.250s] running develop
[3.418s] running egg_info
[3.418s] creating turtle_controller.egg-info
[3.419s] writing turtle_controller.egg-info/PKG-INFO
[3.419s] writing dependency_links to turtle_controller.egg-info/dependency_links.txt
[3.419s] writing entry points to turtle_controller.egg-info/entry_points.txt
[3.419s] writing requirements to turtle_controller.egg-info/requires.txt
[3.419s] writing top-level names to turtle_controller.egg-info/top_level.txt
[3.420s] writing manifest file 'turtle_controller.egg-info/SOURCES.txt'
[3.450s] reading manifest file 'turtle_controller.egg-info/SOURCES.txt'
[3.451s] writing manifest file 'turtle_controller.egg-info/SOURCES.txt'
[3.491s] running build_ext
[3.491s] Creating /home/shh/ssafy_gazeboy/ssafy_ws/install/turtle_controller/lib/python3.8/site-packages/site.py
[3.493s] Creating /home/shh/ssafy_gazeboy/ssafy_ws/install/turtle_controller/lib/python3.8/site-packages/turtle-controller.egg-link (link to .)
[3.493s] Installing turtle_controller script to /home/shh/ssafy_gazeboy/ssafy_ws/install/turtle_controller/lib/turtle_controller
[3.493s] 
[3.493s] Installed /home/shh/ssafy_gazeboy/ssafy_ws/build/turtle_controller
[3.494s] running install_data
[3.494s] creating /home/shh/ssafy_gazeboy/ssafy_ws/install/turtle_controller/share/ament_index
[3.494s] creating /home/shh/ssafy_gazeboy/ssafy_ws/install/turtle_controller/share/ament_index/resource_index
[3.494s] creating /home/shh/ssafy_gazeboy/ssafy_ws/install/turtle_controller/share/ament_index/resource_index/packages
[3.494s] copying resource/turtle_controller -> /home/shh/ssafy_gazeboy/ssafy_ws/install/turtle_controller/share/ament_index/resource_index/packages
[3.494s] copying package.xml -> /home/shh/ssafy_gazeboy/ssafy_ws/install/turtle_controller/share/turtle_controller
[3.595s] Invoked command in '/home/shh/ssafy_gazeboy/ssafy_ws/build/turtle_controller' returned '0': PYTHONPATH=/home/shh/ssafy_gazeboy/ssafy_ws/build/turtle_controller/prefix_override:/home/shh/ssafy_gazeboy/ssafy_ws/install/turtle_controller/lib/python3.8/site-packages:${PYTHONPATH} /usr/bin/python3 setup.py develop --editable --build-directory /home/shh/ssafy_gazeboy/ssafy_ws/build/turtle_controller/build --no-deps install_data
