[0.195s] Invoking command in '/home/ubuntu/GAZEBO_SIM/ssafy_ws/build/turtlebot3_description': CMAKE_PREFIX_PATH=/opt/ros/humble CONDA_PROMPT_MODIFIER=(isaaclab) /usr/bin/cmake /home/ubuntu/GAZEBO_SIM/ssafy_ws/src/turtlebot3_description -DCMAKE_INSTALL_PREFIX=/home/ubuntu/GAZEBO_SIM/ssafy_ws/install/turtlebot3_description
[0.236s] -- The C compiler identification is GNU 11.4.0
[0.279s] -- The CXX compiler identification is GNU 11.4.0
[0.285s] -- Detecting C compiler ABI info
[0.337s] -- Detecting C compiler ABI info - done
[0.343s] -- Check for working C compiler: /usr/bin/cc - skipped
[0.343s] -- Detecting C compile features
[0.344s] -- Detecting C compile features - done
[0.346s] -- Detecting CXX compiler ABI info
[0.407s] -- Detecting CXX compiler ABI info - done
[0.414s] -- Check for working CXX compiler: /usr/bin/c++ - skipped
[0.414s] -- Detecting CXX compile features
[0.414s] -- Detecting CXX compile features - done
[0.416s] -- Found ament_cmake: 1.3.11 (/opt/ros/humble/share/ament_cmake/cmake)
[0.729s] -- Found Python3: /home/ubuntu/anaconda3/envs/isaaclab/bin/python3 (found version "3.10.16") found components: Interpreter 
[0.786s] -- Found urdf: 2.6.1 (/opt/ros/humble/share/urdf/cmake)
[0.873s] -- Configuring done
[0.875s] -- Generating done
[0.876s] -- Build files have been written to: /home/ubuntu/GAZEBO_SIM/ssafy_ws/build/turtlebot3_description
[0.881s] Invoked command in '/home/ubuntu/GAZEBO_SIM/ssafy_ws/build/turtlebot3_description' returned '0': CMAKE_PREFIX_PATH=/opt/ros/humble CONDA_PROMPT_MODIFIER=(isaaclab) /usr/bin/cmake /home/ubuntu/GAZEBO_SIM/ssafy_ws/src/turtlebot3_description -DCMAKE_INSTALL_PREFIX=/home/ubuntu/GAZEBO_SIM/ssafy_ws/install/turtlebot3_description
[0.882s] Invoking command in '/home/ubuntu/GAZEBO_SIM/ssafy_ws/build/turtlebot3_description': CMAKE_PREFIX_PATH=/opt/ros/humble CONDA_PROMPT_MODIFIER=(isaaclab) /usr/bin/cmake --build /home/ubuntu/GAZEBO_SIM/ssafy_ws/build/turtlebot3_description -- -j12 -l12
[0.904s] Invoked command in '/home/ubuntu/GAZEBO_SIM/ssafy_ws/build/turtlebot3_description' returned '0': CMAKE_PREFIX_PATH=/opt/ros/humble CONDA_PROMPT_MODIFIER=(isaaclab) /usr/bin/cmake --build /home/ubuntu/GAZEBO_SIM/ssafy_ws/build/turtlebot3_description -- -j12 -l12
[0.905s] Invoking command in '/home/ubuntu/GAZEBO_SIM/ssafy_ws/build/turtlebot3_description': CMAKE_PREFIX_PATH=/opt/ros/humble CONDA_PROMPT_MODIFIER=(isaaclab) /usr/bin/cmake --install /home/ubuntu/GAZEBO_SIM/ssafy_ws/build/turtlebot3_description
[0.908s] -- Install configuration: ""
[0.908s] -- Installing: /home/ubuntu/GAZEBO_SIM/ssafy_ws/install/turtlebot3_description/share/turtlebot3_description/meshes
[0.909s] -- Installing: /home/ubuntu/GAZEBO_SIM/ssafy_ws/install/turtlebot3_description/share/turtlebot3_description/meshes/VLP16_base_2.stl
[0.909s] -- Installing: /home/ubuntu/GAZEBO_SIM/ssafy_ws/install/turtlebot3_description/share/turtlebot3_description/meshes/bases
[0.909s] -- Installing: /home/ubuntu/GAZEBO_SIM/ssafy_ws/install/turtlebot3_description/share/turtlebot3_description/meshes/bases/waffle_base.stl
[0.917s] -- Installing: /home/ubuntu/GAZEBO_SIM/ssafy_ws/install/turtlebot3_description/share/turtlebot3_description/meshes/bases/burger_base.stl
[0.919s] -- Installing: /home/ubuntu/GAZEBO_SIM/ssafy_ws/install/turtlebot3_description/share/turtlebot3_description/meshes/bases/waffle_pi_base.stl
[0.924s] -- Installing: /home/ubuntu/GAZEBO_SIM/ssafy_ws/install/turtlebot3_description/share/turtlebot3_description/meshes/VLP16_base_1.dae
[0.924s] -- Installing: /home/ubuntu/GAZEBO_SIM/ssafy_ws/install/turtlebot3_description/share/turtlebot3_description/meshes/HDL32E_scan.dae
[0.924s] -- Installing: /home/ubuntu/GAZEBO_SIM/ssafy_ws/install/turtlebot3_description/share/turtlebot3_description/meshes/VLP16_scan.dae
[0.924s] -- Installing: /home/ubuntu/GAZEBO_SIM/ssafy_ws/install/turtlebot3_description/share/turtlebot3_description/meshes/HDL32E_base.stl
[0.924s] -- Installing: /home/ubuntu/GAZEBO_SIM/ssafy_ws/install/turtlebot3_description/share/turtlebot3_description/meshes/HDL32E_base.dae
[0.924s] -- Installing: /home/ubuntu/GAZEBO_SIM/ssafy_ws/install/turtlebot3_description/share/turtlebot3_description/meshes/HDL32E_scan.stl
[0.924s] -- Installing: /home/ubuntu/GAZEBO_SIM/ssafy_ws/install/turtlebot3_description/share/turtlebot3_description/meshes/wheels
[0.924s] -- Installing: /home/ubuntu/GAZEBO_SIM/ssafy_ws/install/turtlebot3_description/share/turtlebot3_description/meshes/wheels/left_tire.stl
[0.925s] -- Installing: /home/ubuntu/GAZEBO_SIM/ssafy_ws/install/turtlebot3_description/share/turtlebot3_description/meshes/wheels/right_tire.stl
[0.925s] -- Installing: /home/ubuntu/GAZEBO_SIM/ssafy_ws/install/turtlebot3_description/share/turtlebot3_description/meshes/VLP16_base_2.dae
[0.925s] -- Installing: /home/ubuntu/GAZEBO_SIM/ssafy_ws/install/turtlebot3_description/share/turtlebot3_description/meshes/sensors
[0.925s] -- Installing: /home/ubuntu/GAZEBO_SIM/ssafy_ws/install/turtlebot3_description/share/turtlebot3_description/meshes/sensors/astra.jpg
[0.926s] -- Installing: /home/ubuntu/GAZEBO_SIM/ssafy_ws/install/turtlebot3_description/share/turtlebot3_description/meshes/sensors/lds.stl
[0.926s] -- Installing: /home/ubuntu/GAZEBO_SIM/ssafy_ws/install/turtlebot3_description/share/turtlebot3_description/meshes/sensors/r200.dae
[0.926s] -- Installing: /home/ubuntu/GAZEBO_SIM/ssafy_ws/install/turtlebot3_description/share/turtlebot3_description/meshes/sensors/r200.jpg
[0.926s] -- Installing: /home/ubuntu/GAZEBO_SIM/ssafy_ws/install/turtlebot3_description/share/turtlebot3_description/meshes/sensors/astra.dae
[0.930s] -- Installing: /home/ubuntu/GAZEBO_SIM/ssafy_ws/install/turtlebot3_description/share/turtlebot3_description/meshes/VLP16_scan.stl
[0.930s] -- Installing: /home/ubuntu/GAZEBO_SIM/ssafy_ws/install/turtlebot3_description/share/turtlebot3_description/meshes/VLP16_base_1.stl
[0.931s] -- Installing: /home/ubuntu/GAZEBO_SIM/ssafy_ws/install/turtlebot3_description/share/turtlebot3_description/rviz
[0.931s] -- Installing: /home/ubuntu/GAZEBO_SIM/ssafy_ws/install/turtlebot3_description/share/turtlebot3_description/rviz/model.rviz
[0.931s] -- Installing: /home/ubuntu/GAZEBO_SIM/ssafy_ws/install/turtlebot3_description/share/turtlebot3_description/rviz/example.rviz
[0.931s] -- Installing: /home/ubuntu/GAZEBO_SIM/ssafy_ws/install/turtlebot3_description/share/turtlebot3_description/urdf
[0.931s] -- Installing: /home/ubuntu/GAZEBO_SIM/ssafy_ws/install/turtlebot3_description/share/turtlebot3_description/urdf/turtlebot3_burger.urdf
[0.931s] -- Installing: /home/ubuntu/GAZEBO_SIM/ssafy_ws/install/turtlebot3_description/share/turtlebot3_description/urdf/turtlebot3_velodyne_burger.urdf
[0.931s] -- Installing: /home/ubuntu/GAZEBO_SIM/ssafy_ws/install/turtlebot3_description/share/turtlebot3_description/urdf/turtlebot3_waffle.urdf
[0.931s] -- Installing: /home/ubuntu/GAZEBO_SIM/ssafy_ws/install/turtlebot3_description/share/turtlebot3_description/urdf/common_properties.urdf
[0.931s] -- Installing: /home/ubuntu/GAZEBO_SIM/ssafy_ws/install/turtlebot3_description/share/turtlebot3_description/urdf/turtlebot3_waffle_pi.urdf
[0.932s] -- Installing: /home/ubuntu/GAZEBO_SIM/ssafy_ws/install/turtlebot3_description/share/turtlebot3_description/urdf/example.urdf.xacro
[0.932s] -- Installing: /home/ubuntu/GAZEBO_SIM/ssafy_ws/install/turtlebot3_description/share/turtlebot3_description/urdf/VLP-16.urdf.xacro
[0.932s] -- Installing: /home/ubuntu/GAZEBO_SIM/ssafy_ws/install/turtlebot3_description/share/turtlebot3_description/urdf/HDL-32E.urdf.xacro
[0.932s] -- Installing: /home/ubuntu/GAZEBO_SIM/ssafy_ws/install/turtlebot3_description/share/ament_index/resource_index/package_run_dependencies/turtlebot3_description
[0.932s] -- Installing: /home/ubuntu/GAZEBO_SIM/ssafy_ws/install/turtlebot3_description/share/ament_index/resource_index/parent_prefix_path/turtlebot3_description
[0.932s] -- Installing: /home/ubuntu/GAZEBO_SIM/ssafy_ws/install/turtlebot3_description/share/turtlebot3_description/environment/ament_prefix_path.sh
[0.932s] -- Installing: /home/ubuntu/GAZEBO_SIM/ssafy_ws/install/turtlebot3_description/share/turtlebot3_description/environment/ament_prefix_path.dsv
[0.932s] -- Installing: /home/ubuntu/GAZEBO_SIM/ssafy_ws/install/turtlebot3_description/share/turtlebot3_description/environment/path.sh
[0.932s] -- Installing: /home/ubuntu/GAZEBO_SIM/ssafy_ws/install/turtlebot3_description/share/turtlebot3_description/environment/path.dsv
[0.932s] -- Installing: /home/ubuntu/GAZEBO_SIM/ssafy_ws/install/turtlebot3_description/share/turtlebot3_description/local_setup.bash
[0.932s] -- Installing: /home/ubuntu/GAZEBO_SIM/ssafy_ws/install/turtlebot3_description/share/turtlebot3_description/local_setup.sh
[0.932s] -- Installing: /home/ubuntu/GAZEBO_SIM/ssafy_ws/install/turtlebot3_description/share/turtlebot3_description/local_setup.zsh
[0.932s] -- Installing: /home/ubuntu/GAZEBO_SIM/ssafy_ws/install/turtlebot3_description/share/turtlebot3_description/local_setup.dsv
[0.932s] -- Installing: /home/ubuntu/GAZEBO_SIM/ssafy_ws/install/turtlebot3_description/share/turtlebot3_description/package.dsv
[0.932s] -- Installing: /home/ubuntu/GAZEBO_SIM/ssafy_ws/install/turtlebot3_description/share/ament_index/resource_index/packages/turtlebot3_description
[0.932s] -- Installing: /home/ubuntu/GAZEBO_SIM/ssafy_ws/install/turtlebot3_description/share/turtlebot3_description/cmake/turtlebot3_descriptionConfig.cmake
[0.932s] -- Installing: /home/ubuntu/GAZEBO_SIM/ssafy_ws/install/turtlebot3_description/share/turtlebot3_description/cmake/turtlebot3_descriptionConfig-version.cmake
[0.933s] -- Installing: /home/ubuntu/GAZEBO_SIM/ssafy_ws/install/turtlebot3_description/share/turtlebot3_description/package.xml
[0.934s] Invoked command in '/home/ubuntu/GAZEBO_SIM/ssafy_ws/build/turtlebot3_description' returned '0': CMAKE_PREFIX_PATH=/opt/ros/humble CONDA_PROMPT_MODIFIER=(isaaclab) /usr/bin/cmake --install /home/ubuntu/GAZEBO_SIM/ssafy_ws/build/turtlebot3_description
