[0.011s] Invoking command in '/home/ubuntu/GAZEBO_SIM/ssafy_ws/build/velodyne_gazebo_plugins': CMAKE_PREFIX_PATH=/opt/ros/humble CONDA_PROMPT_MODIFIER=(isaaclab) /usr/bin/cmake /home/ubuntu/GAZEBO_SIM/ssafy_ws/src/velodyne_simulator/velodyne_gazebo_plugins -DCMAKE_INSTALL_PREFIX=/home/ubuntu/GAZEBO_SIM/ssafy_ws/install/velodyne_gazebo_plugins
[0.186s] -- Found ament_cmake: 1.3.11 (/opt/ros/humble/share/ament_cmake/cmake)
[0.186s] -- Found gazebo_dev: 3.7.0 (/opt/ros/humble/share/gazebo_dev/cmake)
[0.186s] -- Found DART: /usr/include (Required is at least version "6.6") found components: dart 
[0.186s] -- Found Protobuf: /usr/lib/x86_64-linux-gnu/libprotobuf.so (found version "3.12.4") 
[0.186s] -- Looking for ignition-math6 -- found version 6.15.1
[0.186s] -- Searching for dependencies of ignition-math6
[0.186s] -- Looking for OGRE...
[0.186s] -- Found Ogre Ghadamon (1.9.0)
[0.186s] -- Found OGRE: optimized;/usr/lib/x86_64-linux-gnu/libOgreMain.so;debug;/usr/lib/x86_64-linux-gnu/libOgreMain.so
[0.187s] -- Looking for OGRE_Paging...
[0.187s] -- Found OGRE_Paging: optimized;/usr/lib/x86_64-linux-gnu/libOgrePaging.so;debug;/usr/lib/x86_64-linux-gnu/libOgrePaging.so
[0.187s] -- Looking for OGRE_Terrain...
[0.187s] -- Found OGRE_Terrain: optimized;/usr/lib/x86_64-linux-gnu/libOgreTerrain.so;debug;/usr/lib/x86_64-linux-gnu/libOgreTerrain.so
[0.187s] -- Looking for OGRE_Property...
[0.187s] -- Found OGRE_Property: optimized;/usr/lib/x86_64-linux-gnu/libOgreProperty.so;debug;/usr/lib/x86_64-linux-gnu/libOgreProperty.so
[0.187s] -- Looking for OGRE_RTShaderSystem...
[0.187s] -- Found OGRE_RTShaderSystem: optimized;/usr/lib/x86_64-linux-gnu/libOgreRTShaderSystem.so;debug;/usr/lib/x86_64-linux-gnu/libOgreRTShaderSystem.so
[0.187s] -- Looking for OGRE_Volume...
[0.187s] -- Found OGRE_Volume: optimized;/usr/lib/x86_64-linux-gnu/libOgreVolume.so;debug;/usr/lib/x86_64-linux-gnu/libOgreVolume.so
[0.187s] -- Looking for OGRE_Overlay...
[0.187s] -- Found OGRE_Overlay: optimized;/usr/lib/x86_64-linux-gnu/libOgreOverlay.so;debug;/usr/lib/x86_64-linux-gnu/libOgreOverlay.so
[0.187s] [33mCMake Warning at /usr/share/cmake-3.22/Modules/FindProtobuf.cmake:524 (message):
[0.187s]   Protobuf compiler version 25.3 doesn't match library version 3.12.4
[0.187s] Call Stack (most recent call first):
[0.188s]   /usr/lib/x86_64-linux-gnu/cmake/gazebo/gazebo-config.cmake:203 (find_package)
[0.188s]   /opt/ros/humble/share/gazebo_dev/cmake/gazebo_dev-extras.cmake:3 (find_package)
[0.188s]   /opt/ros/humble/share/gazebo_dev/cmake/gazebo_devConfig.cmake:41 (include)
[0.188s]   CMakeLists.txt:13 (find_package)
[0.188s] 
[0.188s] [0m
[0.247s] -- Looking for ignition-math6 -- found version 6.15.1
[0.248s] -- Looking for ignition-transport8 -- found version 8.2.1
[0.248s] -- Searching for dependencies of ignition-transport8
[0.263s] [33mCMake Warning at /usr/share/cmake-3.22/Modules/FindProtobuf.cmake:524 (message):
[0.263s]   Protobuf compiler version 25.3 doesn't match library version 3.12.4
[0.263s] Call Stack (most recent call first):
[0.263s]   /usr/share/cmake/ignition-cmake2/cmake2/FindIgnProtobuf.cmake:34 (find_package)
[0.263s]   /usr/lib/x86_64-linux-gnu/cmake/ignition-transport8/ignition-transport8-config.cmake:92 (find_package)
[0.263s]   /usr/lib/x86_64-linux-gnu/cmake/gazebo/gazebo-config.cmake:235 (find_package)
[0.263s]   /opt/ros/humble/share/gazebo_dev/cmake/gazebo_dev-extras.cmake:3 (find_package)
[0.263s]   /opt/ros/humble/share/gazebo_dev/cmake/gazebo_devConfig.cmake:41 (include)
[0.263s]   CMakeLists.txt:13 (find_package)
[0.263s] 
[0.263s] [0m
[0.264s] -- Found Protobuf: /usr/lib/x86_64-linux-gnu/libprotobuf.so (found suitable version "3.12.4", minimum required is "3") 
[0.269s] -- Checking for module 'uuid'
[0.276s] --   Found uuid, version 2.37.2
[0.296s] -- Looking for ignition-msgs5 -- found version 5.8.1
[0.296s] -- Searching for dependencies of ignition-msgs5
[0.312s] [33mCMake Warning at /usr/share/cmake-3.22/Modules/FindProtobuf.cmake:524 (message):
[0.313s]   Protobuf compiler version 25.3 doesn't match library version 3.12.4
[0.313s] Call Stack (most recent call first):
[0.313s]   /usr/share/cmake/ignition-cmake2/cmake2/FindIgnProtobuf.cmake:34 (find_package)
[0.313s]   /usr/lib/x86_64-linux-gnu/cmake/ignition-msgs5/ignition-msgs5-config.cmake:92 (find_package)
[0.313s]   /usr/lib/x86_64-linux-gnu/cmake/ignition-transport8/ignition-transport8-config.cmake:96 (find_package)
[0.313s]   /usr/lib/x86_64-linux-gnu/cmake/gazebo/gazebo-config.cmake:235 (find_package)
[0.313s]   /opt/ros/humble/share/gazebo_dev/cmake/gazebo_dev-extras.cmake:3 (find_package)
[0.313s]   /opt/ros/humble/share/gazebo_dev/cmake/gazebo_devConfig.cmake:41 (include)
[0.313s]   CMakeLists.txt:13 (find_package)
[0.313s] 
[0.313s] [0m
[0.314s] -- Looking for ignition-math6 -- found version 6.15.1
[0.318s] -- Checking for module 'tinyxml2'
[0.326s] --   Found tinyxml2, version 9.0.0
[0.345s] -- Looking for ignition-msgs5 -- found version 5.8.1
[0.345s] -- Looking for ignition-common3 -- found version 3.14.0
[0.346s] -- Searching for dependencies of ignition-common3
[0.346s] -- Looking for dlfcn.h - found
[0.346s] -- Looking for libdl - found
[0.355s] -- Searching for <ignition-common3> component [graphics]
[0.355s] -- Looking for ignition-common3-graphics -- found version 3.14.0
[0.355s] -- Searching for dependencies of ignition-common3-graphics
[0.355s] -- Looking for ignition-math6 -- found version 6.15.1
[0.356s] -- Looking for ignition-fuel_tools4 -- found version 4.4.0
[0.357s] -- Searching for dependencies of ignition-fuel_tools4
[0.380s] -- Checking for module 'jsoncpp'
[0.386s] --   Found jsoncpp, version 1.9.5
[0.406s] -- Checking for module 'libzip'
[0.413s] --   Found libzip, version 1.7.3
[0.432s] -- Looking for ignition-common3 -- found version 3.14.0
[0.432s] -- Looking for ignition-math6 -- found version 6.15.1
[0.432s] -- Looking for ignition-msgs5 -- found version 5.8.1
[0.433s] -- Gazebo version: 11.10
[0.433s] -- Found gazebo_ros: 3.7.0 (/opt/ros/humble/share/gazebo_ros/cmake)
[0.448s] -- Found rosidl_generator_c: 3.1.6 (/opt/ros/humble/share/rosidl_generator_c/cmake)
[0.450s] -- Found rosidl_adapter: 3.1.6 (/opt/ros/humble/share/rosidl_adapter/cmake)
[0.453s] -- Found rosidl_generator_cpp: 3.1.6 (/opt/ros/humble/share/rosidl_generator_cpp/cmake)
[0.459s] -- Using all available rosidl_typesupport_c: rosidl_typesupport_fastrtps_c;rosidl_typesupport_introspection_c
[0.466s] -- Using all available rosidl_typesupport_cpp: rosidl_typesupport_fastrtps_cpp;rosidl_typesupport_introspection_cpp
[0.485s] -- Found rmw_implementation_cmake: 6.1.2 (/opt/ros/humble/share/rmw_implementation_cmake/cmake)
[0.485s] -- Found rmw_cyclonedds_cpp: 1.3.4 (/opt/ros/humble/share/rmw_cyclonedds_cpp/cmake)
[0.496s] -- Using RMW implementation 'rmw_cyclonedds_cpp' as default
[0.525s] -- Found gazebo_msgs: 3.7.0 (/opt/ros/humble/share/gazebo_msgs/cmake)
[0.554s] -- Found sensor_msgs: 4.2.4 (/opt/ros/humble/share/sensor_msgs/cmake)
[0.583s] Traceback (most recent call last):
[0.583s]   File "/opt/ros/humble/share/ament_cmake_core/cmake/core/package_xml_2_cmake.py", line 22, in <module>
[0.583s]     from catkin_pkg.package import parse_package_string
[0.583s] ModuleNotFoundError: No module named 'catkin_pkg'
[0.585s] [31mCMake Error at /opt/ros/humble/share/ament_cmake_core/cmake/core/ament_package_xml.cmake:95 (message):
[0.585s]   execute_process(/home/ubuntu/anaconda3/envs/isaaclab/bin/python3
[0.585s]   /opt/ros/humble/share/ament_cmake_core/cmake/core/package_xml_2_cmake.py
[0.585s]   /home/ubuntu/GAZEBO_SIM/ssafy_ws/src/velodyne_simulator/velodyne_gazebo_plugins/package.xml
[0.585s]   /home/ubuntu/GAZEBO_SIM/ssafy_ws/build/velodyne_gazebo_plugins/ament_cmake_core/package.cmake)
[0.585s]   returned error code 1
[0.585s] Call Stack (most recent call first):
[0.585s]   /opt/ros/humble/share/ament_cmake_core/cmake/core/ament_package_xml.cmake:49 (_ament_package_xml)
[0.585s]   /opt/ros/humble/share/ament_cmake_core/cmake/core/ament_package.cmake:63 (ament_package_xml)
[0.585s]   CMakeLists.txt:51 (ament_package)
[0.585s] 
[0.585s] [0m
[0.585s] -- Configuring incomplete, errors occurred!
[0.585s] See also "/home/ubuntu/GAZEBO_SIM/ssafy_ws/build/velodyne_gazebo_plugins/CMakeFiles/CMakeOutput.log".
