running egg_info
creating ../../build/simple_publisher/simple_publisher.egg-info
writing ../../build/simple_publisher/simple_publisher.egg-info/PKG-INFO
writing dependency_links to ../../build/simple_publisher/simple_publisher.egg-info/dependency_links.txt
writing entry points to ../../build/simple_publisher/simple_publisher.egg-info/entry_points.txt
writing requirements to ../../build/simple_publisher/simple_publisher.egg-info/requires.txt
writing top-level names to ../../build/simple_publisher/simple_publisher.egg-info/top_level.txt
writing manifest file '../../build/simple_publisher/simple_publisher.egg-info/SOURCES.txt'
reading manifest file '../../build/simple_publisher/simple_publisher.egg-info/SOURCES.txt'
writing manifest file '../../build/simple_publisher/simple_publisher.egg-info/SOURCES.txt'
running build
running build_py
creating /home/shh/ssafy_ws/build/simple_publisher/build
creating /home/shh/ssafy_ws/build/simple_publisher/build/lib
creating /home/shh/ssafy_ws/build/simple_publisher/build/lib/simple_publisher
copying simple_publisher/simple_publisher.py -> /home/shh/ssafy_ws/build/simple_publisher/build/lib/simple_publisher
copying simple_publisher/__init__.py -> /home/shh/ssafy_ws/build/simple_publisher/build/lib/simple_publisher
running install
running install_lib
creating /home/shh/ssafy_ws/install/simple_publisher/lib/python3.8/site-packages/simple_publisher
copying /home/shh/ssafy_ws/build/simple_publisher/build/lib/simple_publisher/simple_publisher.py -> /home/shh/ssafy_ws/install/simple_publisher/lib/python3.8/site-packages/simple_publisher
copying /home/shh/ssafy_ws/build/simple_publisher/build/lib/simple_publisher/__init__.py -> /home/shh/ssafy_ws/install/simple_publisher/lib/python3.8/site-packages/simple_publisher
byte-compiling /home/shh/ssafy_ws/install/simple_publisher/lib/python3.8/site-packages/simple_publisher/simple_publisher.py to simple_publisher.cpython-38.pyc
byte-compiling /home/shh/ssafy_ws/install/simple_publisher/lib/python3.8/site-packages/simple_publisher/__init__.py to __init__.cpython-38.pyc
running install_data
creating /home/shh/ssafy_ws/install/simple_publisher/share/ament_index
creating /home/shh/ssafy_ws/install/simple_publisher/share/ament_index/resource_index
creating /home/shh/ssafy_ws/install/simple_publisher/share/ament_index/resource_index/packages
copying resource/simple_publisher -> /home/shh/ssafy_ws/install/simple_publisher/share/ament_index/resource_index/packages
copying package.xml -> /home/shh/ssafy_ws/install/simple_publisher/share/simple_publisher
running install_egg_info
Copying ../../build/simple_publisher/simple_publisher.egg-info to /home/shh/ssafy_ws/install/simple_publisher/lib/python3.8/site-packages/simple_publisher-0.0.0-py3.8.egg-info
running install_scripts
Installing simple_publisher script to /home/shh/ssafy_ws/install/simple_publisher/lib/simple_publisher
writing list of installed files to '/home/shh/ssafy_ws/build/simple_publisher/install.log'
