[2.122s] Invoking command in '/home/shh/ssafy_ws/src/simple_publisher': PYTHONPATH=/home/shh/ssafy_ws/build/simple_publisher/prefix_override:/home/shh/ssafy_ws/install/simple_publisher/lib/python3.8/site-packages:${PYTHONPATH} /usr/bin/python3 setup.py egg_info --egg-base ../../build/simple_publisher build --build-base /home/shh/ssafy_ws/build/simple_publisher/build install --record /home/shh/ssafy_ws/build/simple_publisher/install.log --single-version-externally-managed
[2.321s] running egg_info
[2.322s] creating ../../build/simple_publisher/simple_publisher.egg-info
[2.322s] writing ../../build/simple_publisher/simple_publisher.egg-info/PKG-INFO
[2.322s] writing dependency_links to ../../build/simple_publisher/simple_publisher.egg-info/dependency_links.txt
[2.322s] writing entry points to ../../build/simple_publisher/simple_publisher.egg-info/entry_points.txt
[2.322s] writing requirements to ../../build/simple_publisher/simple_publisher.egg-info/requires.txt
[2.322s] writing top-level names to ../../build/simple_publisher/simple_publisher.egg-info/top_level.txt
[2.729s] writing manifest file '../../build/simple_publisher/simple_publisher.egg-info/SOURCES.txt'
[2.760s] reading manifest file '../../build/simple_publisher/simple_publisher.egg-info/SOURCES.txt'
[2.760s] writing manifest file '../../build/simple_publisher/simple_publisher.egg-info/SOURCES.txt'
[2.761s] running build
[2.761s] running build_py
[2.761s] creating /home/shh/ssafy_ws/build/simple_publisher/build
[2.761s] creating /home/shh/ssafy_ws/build/simple_publisher/build/lib
[2.761s] creating /home/shh/ssafy_ws/build/simple_publisher/build/lib/simple_publisher
[2.761s] copying simple_publisher/simple_publisher.py -> /home/shh/ssafy_ws/build/simple_publisher/build/lib/simple_publisher
[2.761s] copying simple_publisher/__init__.py -> /home/shh/ssafy_ws/build/simple_publisher/build/lib/simple_publisher
[2.761s] running install
[2.762s] running install_lib
[2.763s] creating /home/shh/ssafy_ws/install/simple_publisher/lib/python3.8/site-packages/simple_publisher
[2.763s] copying /home/shh/ssafy_ws/build/simple_publisher/build/lib/simple_publisher/simple_publisher.py -> /home/shh/ssafy_ws/install/simple_publisher/lib/python3.8/site-packages/simple_publisher
[2.763s] copying /home/shh/ssafy_ws/build/simple_publisher/build/lib/simple_publisher/__init__.py -> /home/shh/ssafy_ws/install/simple_publisher/lib/python3.8/site-packages/simple_publisher
[2.764s] byte-compiling /home/shh/ssafy_ws/install/simple_publisher/lib/python3.8/site-packages/simple_publisher/simple_publisher.py to simple_publisher.cpython-38.pyc
[2.766s] byte-compiling /home/shh/ssafy_ws/install/simple_publisher/lib/python3.8/site-packages/simple_publisher/__init__.py to __init__.cpython-38.pyc
[2.766s] running install_data
[2.767s] creating /home/shh/ssafy_ws/install/simple_publisher/share/ament_index
[2.767s] creating /home/shh/ssafy_ws/install/simple_publisher/share/ament_index/resource_index
[2.767s] creating /home/shh/ssafy_ws/install/simple_publisher/share/ament_index/resource_index/packages
[2.767s] copying resource/simple_publisher -> /home/shh/ssafy_ws/install/simple_publisher/share/ament_index/resource_index/packages
[2.767s] copying package.xml -> /home/shh/ssafy_ws/install/simple_publisher/share/simple_publisher
[2.767s] running install_egg_info
[2.772s] Copying ../../build/simple_publisher/simple_publisher.egg-info to /home/shh/ssafy_ws/install/simple_publisher/lib/python3.8/site-packages/simple_publisher-0.0.0-py3.8.egg-info
[2.772s] running install_scripts
[2.786s] Installing simple_publisher script to /home/shh/ssafy_ws/install/simple_publisher/lib/simple_publisher
[2.787s] writing list of installed files to '/home/shh/ssafy_ws/build/simple_publisher/install.log'
[2.883s] Invoked command in '/home/shh/ssafy_ws/src/simple_publisher' returned '0': PYTHONPATH=/home/shh/ssafy_ws/build/simple_publisher/prefix_override:/home/shh/ssafy_ws/install/simple_publisher/lib/python3.8/site-packages:${PYTHONPATH} /usr/bin/python3 setup.py egg_info --egg-base ../../build/simple_publisher build --build-base /home/shh/ssafy_ws/build/simple_publisher/build install --record /home/shh/ssafy_ws/build/simple_publisher/install.log --single-version-externally-managed
